#   14/05/25  18:57:04 - Reading memory list file design/synth_Default_RTL_Group/zmem/Memory_alb_mss_fpga_sram_0000_zMem/zMem.lst
#   14/05/25  18:57:04 -     found: 'alb_mss_fpga_sram_0000_ZMEM_mem_r'
#   14/05/25  18:57:04 - Reading memory list file design/synth_Default_RTL_Group/zmem/Memory_alb_mss_mem_lat_0000_zMem/zMem.lst
#   14/05/25  18:57:04 -     found: 'alb_mss_mem_lat_0000_ZMEM_i_bdel_mem'
#   14/05/25  18:57:04 -     found: 'alb_mss_mem_lat_0000_ZMEM_i_rdel_mem'
#   14/05/25  18:57:04 - Reading memory list file design/synth_Default_RTL_Group/zmem/Memory_fpga_sram_0000_zMem/zMem.lst
#   14/05/25  18:57:04 -     found: 'fpga_sram_0000_ZMEM_mem_r'
#   14/05/25  18:57:04 - Reading memory list file design/synth_Default_RTL_Group/zmem/Memory_fpga_sram_0001_zMem/zMem.lst
#   14/05/25  18:57:04 -     found: 'fpga_sram_0001_ZMEM_mem_r'
#   14/05/25  18:57:04 - Reading memory list file design/synth_Default_RTL_Group/zmem/Memory_fpga_sram_0002_0000_zMem/zMem.lst
#   14/05/25  18:57:04 -     found: 'fpga_sram_0002_0000_ZMEM_mem_r'
#   14/05/25  18:57:04 - Reading memory list file design/synth_Default_RTL_Group/zmem/Memory_fpga_sram_0002_zMem/zMem.lst
#   14/05/25  18:57:04 -     found: 'fpga_sram_0002_ZMEM_mem_r'
#   14/05/25  18:57:04 - Reading memory list file design/synth_Default_RTL_Group/zmem/Memory_zz_Encrypt_2_zMem/zMem.lst
#   14/05/25  18:57:04 -     found: 'zz_Encrypt_2_ZMEM_0'
#   14/05/25  18:57:04 - Reading memory list file design/synth_Default_RTL_Group/zmem/Memory_zz_Encrypt_5_zMem/zMem.lst
#   14/05/25  18:57:04 -     found: 'zz_Encrypt_5_ZMEM_0'
#   14/05/25  18:57:04 - Reading memory list file design/synth_Default_RTL_Group/zmem/Memory_zz_Encrypt_6_zMem/zMem.lst
#   14/05/25  18:57:04 -     found: 'zz_Encrypt_6_ZMEM_0'
#   14/05/25  18:57:04 - Reading memory list file design/synth_Default_RTL_Group/zmem/Memory_zz_Encrypt_7_zMem/zMem.lst
#   14/05/25  18:57:04 -     found: 'zz_Encrypt_7_ZMEM_0'
#   14/05/25  18:57:04 - Reading memory list file design/synth_Default_RTL_Group/zmem/Memory_zz_Encrypt_8_zMem/zMem.lst
#   14/05/25  18:57:04 -     found: 'zz_Encrypt_8_ZMEM_0'
#   14/05/25  18:57:04 - Reading memory list file design/synth_Default_RTL_Group/zmem/Memory_zz_Encrypt_9_zMem/zMem.lst
#   14/05/25  18:57:04 -     found: 'zz_Encrypt_9_ZMEM_0'
#   14/05/25  18:57:04 - Computing EDIF dependencies
#   14/05/25  18:57:04 -     Relative directory backend_default
#   14/05/25  18:57:04 -     Edif-file list file open
#   14/05/25  18:57:04 -     No context file found
#   14/05/25  18:57:04 -     Number of edif files removed since the last compilation: 0
#   14/05/25  18:57:04 -     Number of missing edif files: 0
#   14/05/25  18:57:04 -     Number of changed edif files: 487
#   14/05/25  18:57:04 -     Number of unchanged edif files: 0
#   14/05/25  18:57:04 - Creating archive directories
#   14/05/25  18:57:04 -     Directory tools created
#   14/05/25  18:57:04 -     Directory zCui created
#   14/05/25  18:57:04 - Task added: Prepare frontend global log (backend_default_PrepareFrontendGLog)
#   14/05/25  18:57:04 - Clustering mode: FullAuto
#   14/05/25  18:57:04 - No clustering mapping file
#   14/05/25  18:57:04 - Creating script for zTopBuild
#   14/05/25  18:57:04 -     zTopBuild script written
#   14/05/25  18:57:04 - Update properties in design
#   14/05/25  18:57:04 -     Version file written.
#   14/05/25  18:57:04 -     Update flow info in db
#   14/05/25  18:57:04 - Update properties in backend_default
#   14/05/25  18:57:04 -     Version file written.
#   14/05/25  18:57:04 -     Update flow info in db
#   14/05/25  18:57:04 - Version Archive File Written
#   14/05/25  18:57:04 - Linking ZEMI3 Transactors
#   14/05/25  18:57:04 -     Creating archive directories
#   14/05/25  18:57:04 -         Directory tools created
#   14/05/25  18:57:04 -         Directory zCui created
#   14/05/25  18:57:04 -     ZEMI3 Transactor Archive File Written
#   14/05/25  18:57:04 -     No DPI transactors found
#   14/05/25  18:57:04 - Creating VCS link flow
#   14/05/25  18:57:04 -     Task added: Make VCS file links (backend_default_Vcs_Link)
#   14/05/25  18:57:04 -     Creating script for VCS Link
#   14/05/25  18:57:04 -         zRTLDB script written
#   14/05/25  18:57:04 - Creating optionsdb flow
#   14/05/25  18:57:04 -     Task added: Make optionsdb dump (backend_default_OptionsDbProc)
#   14/05/25  18:57:04 -     Creating script for options db
#   14/05/25  18:57:05 -         zRTLDB script written
#   14/05/25  18:57:05 - Creating zRTLDB flow
#   14/05/25  18:57:05 -     Creating script for zRTLDB Indexer
#   14/05/25  18:57:05 -         zRTLDB script written
#   14/05/25  18:57:05 -     Task added: Make RTL DB indexes (backend_default_RTL_DB_Indexer)
#   14/05/25  18:57:05 -     Creating script for zRTLDB Link
#   14/05/25  18:57:05 -         zRTLDB script written
#   14/05/25  18:57:05 -     Creating script for zRTLDB RunTime
#   14/05/25  18:57:05 -         zRTLDB script written
#   14/05/25  18:57:05 -     Task added: Make RTL DB link (backend_default_RTL_DB_Link)
#   14/05/25  18:57:05 -     Task added: Make RTL DB for Run Time (backend_default_RTL_DB_RunTime)
#   14/05/25  18:57:05 - Backend Entry completed
