#   14/05/25  19:02:40 - Cleaning all previous PaRs
#   14/05/25  19:02:40 - Clean task not needed
#   14/05/25  19:02:40 - F00.Original added
#   14/05/25  19:02:41 - Process running PaR jobs
#   14/05/25  19:04:12 - F00.Original xstep message received: '1747238601 pid 909233'
#   14/05/25  19:12:43 - F00.Original xstep message received: '1747239162 running VIVADO_NETLIST_ANALYSIS_PREPROCESSING'
#   14/05/25  19:12:43 - F00.Original xstep message received: '1747239162 running VIVADO_READ_CONSTRAINTS'
#   14/05/25  19:14:47 - F00.Original xstep message received: '1747239286 running VIVADO_OPT_DESIGN'
#   14/05/25  19:17:53 - F00.Original xstep message received: '1747239473 running VIVADO_POST_OPT_NETLIST_ANALYS_PROCESSING'
#   14/05/25  19:17:53 - F00.Original xstep message received: '1747239473 running VIVADO_PLACE_DESIGN'
#   14/05/25  19:29:17 - F00.Original xstep message received: '1747240157 running VIVADO_POST_PLACE_PHYS_OPT_DESIGN'
#   14/05/25  19:29:17 - F00.Original xstep message received: '1747240157 running VIVADO_ROUTE_DESIGN'
#   14/05/25  19:37:37 - F00.Original xstep message received: '1747240657 running VIVADO_POST_ROUTE_PHYS_OPT_DESIGN'
#   14/05/25  19:38:40 - F00.Original xstep message received: '1747240720 running VIVADO_TIMING'
#   14/05/25  19:38:40 - F00.Original xstep message received: '1747240720 running VIVADO_DRC_BITSTREAM_CHECK'
#   14/05/25  19:39:43 - F00.Original xstep message received: '1747240782 running WRITE_BITSTREAM'
#   14/05/25  19:42:49 - F00.Original xstep message received: '1747240969 running VIVADO_ZTIME_ANALYSE_ROUTE'
#   14/05/25  19:43:52 - F00.Original xstep message received: '1747241031 running VIVADO_LOCATION_BUILDING'
#   14/05/25  19:43:52 - F00.Original xstep message received: '1747241031 running VIVADO_WRITE'
#   14/05/25  19:46:31 - F00.Original xstep message received: '1747241191 finished OK'
#   14/05/25  19:46:52 - F00.Original terminated: OK
#   14/05/25  19:46:52 - Wait for discarded running PaR jobs
#   14/05/25  19:46:52 - Linking winner PaR
#   14/05/25  19:47:25 - Finished
