#   14/05/25  19:02:41 - zDB_Global will be launched
#   14/05/25  19:47:25 - Fpga backend_default_U0_M0_F00_PaR_Controller is passed
#   14/05/25  21:25:13 - Fpga backend_default_U0_M0_F01_PaR_Controller is passed
#   14/05/25  21:25:13 - zDBGlobal Script Written
#   14/05/25  21:25:13 - Task added: Create Global DB (backend_default_zDB_Global)
#   14/05/25  21:25:13 - backend_default_zDB_Global Spawned
#   14/05/25  21:26:03 - ZRDB merge breakdown:
#   14/05/25  21:26:03 -     - Initial_load : 1s
#   14/05/25  21:26:03 -     - ImportConstants : 0s
#   14/05/25  21:26:03 -     - EquiConsolidation : 0s
#   14/05/25  21:26:03 -     - Import_FPGA_U0/M0/F00 : 1s (offset: 4s)
#   14/05/25  21:26:03 -     - Import_FPGA_U0/M0/F01 : 8s (offset: 5s)
#   14/05/25  21:26:03 -     - MergeZebuDb : 0s
#   14/05/25  21:26:03 -     - ImportProperties : 0s
#   14/05/25  21:26:03 -     - ZebuPowerOnReplication : 0s
#   14/05/25  21:26:03 -     - CoordConsolidation : 0s
#   14/05/25  21:26:03 -     - FlagSignalsAndVectors : 0s
#   14/05/25  21:26:03 -     - FlagNodes : 1s
#   14/05/25  21:26:03 -     - BackslashMemDb : 0s
#   14/05/25  21:26:03 -     - ComputeAndSaveCRC : 0s
#   14/05/25  21:26:03 -     - CopyPowerDomainStatusCoordinates : 0s
#   14/05/25  21:26:03 -     - SaveMemories : 0s
#   14/05/25  21:26:03 -     - IndexNames : 1s
#   14/05/25  21:26:03 -     - ExportToMuDb : 2s
#   14/05/25  21:26:03 -     - BuildExtendedPowerDomainDB : 0s
#   14/05/25  21:26:03 -     - SaveNames : 2s
#   14/05/25  21:26:03 -     - SaveXCui : 0s
#   14/05/25  21:26:03 -     - SaveCoords : 0s
#   14/05/25  21:26:03 -     - SetSaveTreeParameters : 0s
#   14/05/25  21:26:03 -     - SaveTreeLight : 3s
#   14/05/25  21:26:03 -     - CleanZebuDb : 0s
#   14/05/25  21:26:03 -     - SaveZebuDb : 0s
#   14/05/25  21:26:03 -     Best completed FPGA ratio (compilation from scratch) is : 50%
#   14/05/25  21:26:03 - Total computation : 19s
#   14/05/25  21:26:03 - zDBGlobal is passed
