***********************************************************************************************************************
* Please switch to new profiler report in compilationReport.txt that provides more details to review your compilation *
***********************************************************************************************************************

.. Command: /slowfs/us01dwslow023/fpga/lianghao/zebu_install/ZEBU/VCS2021.09.2.ZEBU.B4/07052024/INSTALL/ZEBU/zebu/S-2021.09-2-TZ-20240507_Full64/bin/tracean3.py --top-delay=5 --syn-details=5 --pr-summary-by-time=5 --hhmm --local-time=detect --show-memory --fix-graph --cpu-time /remote/sdgedt/tools/reem/ZebuS5_newslave/zebu_ifx_mini_rattle_6649a592_20250509/build/zcui.work
.. Reading /remote/sdgedt/tools/reem/ZebuS5_newslave/zebu_ifx_mini_rattle_6649a592_20250509/build/zcui.work/zCui/backup/multibackend_25_5_14_18_51_33/prof/tracerun.cui ...
.. Detected --work=/remote/sdgedt/tools/reem/ZebuS5_newslave/zebu_ifx_mini_rattle_6649a592_20250509/build/zcui.work/.
.. Detected --submit-host=us01odcvde23280
.. Detected --submit-command=bsub
.. Detected local time offset of 3.0 hours
.. The first task started at Wed, 14 May 2025 15:51:35 UTC
.. No timing info for backend_default_Intermediate_Profiling_Results_Analyzer_ZParAnalyzer (execution)

*** Incremental = No ***

Grade  Bogomips  Cache   Count  CPU model (sample machine)
-----  --------  ------  -----  --------------------------
 1.00      4499     512      3  AMD EPYC 9754 128-Core Processor (zebutrain-4762-001)
 1.07      4799     512      2  AMD EPYC 9654P 96-Core Processor (odcbench-00003-0035)
 1.24      5599     512      2  AMD EPYC 7543 32-Core Processor (odcgen-zebu-16cx240g-2615-013)
 2.00      4500    1024      1  AMD EPYC 9754 128-Core Processor (us01odcvde23280)
33.74      4600   16896      1  Intel(R) Xeon(R) Gold 5118 CPU @ 2.30GHz (odcphy-vg-1134)
35.56      5000   16384      2  INTEL(R) XEON(R) GOLD 6548Y+ (us01zebu-4587-002)
53.34      4799   25600      2  Intel(R) Xeon(R) CPU E5-2640 v4 @ 2.40GHz (vgzeburtdc264)
61.12      5000   28160      2  Intel(R) Xeon(R) Gold 6248 CPU @ 2.50GHz (odcphy-vg-1115)

** UNKNOWN COMMAND: Bundle_for_queue_ZebuIse_00001 (duration: 52, grid delay: 18)
** UNKNOWN COMMAND: Bundle_for_queue_ZebuIse_00002 (duration: 34, grid delay: 18)
** UNKNOWN COMMAND: backend_default_Intermediate_Profiling_Results_Analyzer_ZParAnalyzer (duration: 0)

======================================================================
*** Back-end name: default backend ***

Critical path, based on actual execution timing
===============================================

Elapsed  %total   SElapsed   SE/E  CPUtime  Stage
-------  ------  ----------------  -------  -----
   0:00   8.66%       0:01    1.1    0:00  Checks + config
   0:01   9.11%                    (unexplained delay)
   0:00   4.49%       0:00    1.0    0:00  Build Fs Macro Library
   0:01   9.41%       0:01    1.0    0:00  Launch VCS
   0:01  11.27%       0:28   23.1    0:03  FE + synthesis
   0:00   6.28%       0:00    1.0    0:00  RTL DB index + link
   0:00   7.55%       0:00    1.0    0:01  Build System
   0:02  19.71%       0:02    1.0    0:04  Build zCore
   0:01   9.22%       0:01    1.0    0:00  Place and Route System
   0:00   0.77%       0:00    1.0    0:00  FPGA Multi Bin Predictor
-------  ------  ----------------  -------  -----
   0:09  86.46%       0:36    3.8  * Total *

Columns:
- Elapsed: the difference between Finish and Submit times [hh:mm].
- %total: the percentage of Elapsed time in overall compilation. Note that
  it may add up to less than 100% if there were any gaps between Finish and
  Submit times of successive stages.
- SElapsed: sum of Elapsed times for all tasks constituting the stage. It
  may be greater than Elapsed if some or all of these tasks were executed
  in parallel [hh:mm].
- SE/E: equal to SElapsed/Elapsed. A value greater than 1.0 indicates that
  tasks were executed in parallel.
- CPUtime: the CPUtime of each task in the stage
Critical path, assuming timing without scheduling or grid delays
================================================================

Note: this section lists the same stages as the previous one.

Elapsed  %total   SElapsed   SE/E  CPUtime  Stage
-------  ------  ----------------  -------  -----
   0:00   4.12%       0:00    1.8    0:00  Checks + config
   0:00   0.77%       0:00    1.0    0:00  Build Fs Macro Library
   0:00  17.56%       0:00    1.0    0:00  Launch VCS
   0:00  10.96%       0:04    9.7    0:03  FE + synthesis
   0:00   2.52%       0:00    1.0    0:00  RTL DB index + link
   0:00  10.63%       0:00    1.0    0:01  Build System
   0:01  45.26%       0:01    1.0    0:04  Build zCore
   0:00   6.04%       0:00    1.0    0:00  Place and Route System
   0:00   2.16%       0:00    1.0    0:00  FPGA Multi Bin Predictor
-------  ------  ----------------  -------  -----
   0:03 100.00%       0:07    2.0  * Total *


Critical path, assuming timing without delays, no PARFF and >= 100% CPU usage
=============================================================================

Note: this section lists the same stages as the previous one.

Elapsed  %total   SElapsed   SE/E  CPUtime  Stage
-------  ------  ----------------  -------  -----
   0:00   0.86%       0:00    2.1    0:00  Checks + config
   0:00   0.38%       0:00    1.0    0:00  Build Fs Macro Library
   0:00  19.05%       0:00    1.0    0:00  Launch VCS
   0:00  11.50%       0:03    7.7    0:03  FE + synthesis
   0:00   0.68%       0:00    1.0    0:00  RTL DB index + link
   0:00  11.53%       0:00    1.0    0:01  Build System
   0:01  49.09%       0:01    1.0    0:04  Build zCore
   0:00   5.54%       0:00    1.0    0:00  Place and Route System
   0:00   1.37%       0:00    1.0    0:00  FPGA Multi Bin Predictor
-------  ------  ----------------  -------  -----
   0:03 100.00%       0:06    1.8  * Total *


Major compilation stages, ordered by submit time
================================================

Submit Elapsd %total   SExec  SE/E Tasks    %CPU Grade  Stage
------ ------------- ------------- -------------------  -----
 18:51   0:00   8.66    0:00   0.3     5   21.96  5.21  Checks + config
 18:53   0:00   4.49    0:00   0.1     1   45.86 33.74  Build Fs Macro Library
 18:54   0:01   9.41    0:00   0.7     1  125.33  1.24  Launch VCS
 18:55   0:00   6.57    0:00   0.0     1   27.50  1.07  Launch Verdi
 18:55   0:01  11.27    0:04   3.4    33   76.14 38.81  FE + synthesis
 18:55   0:00   0.65    0:00   1.0     1    4.43  2.00  Compilation Profiler (after VCSAnalyzer)
 18:55   0:00   6.36    0:00   0.0     1   34.43  1.07  Build Rhino Fsdb
 18:57   0:00   0.14    0:00   1.0     1   24.47  2.00  Compilation Profiler (after BackendEntry)
 18:57   0:00   0.18    0:00   1.0     1   25.42  2.00  Make optionsdb dump
 18:57   0:00   2.52    0:00   0.0     1   15.07 35.56  Make VCS file links
 18:57   0:00   6.28    0:00   0.1     2   24.71  3.88  RTL DB index + link
 18:57   0:00   4.19    0:00   0.2     1    9.17 35.56  Make RTL DB for Run Time
 18:57   0:00   7.55    0:00   0.5     1  351.57 53.34  Build System
 18:58   0:00   0.21    0:00   1.0     1   16.67  2.00  Compilation Profiler (after ZTopBuildAnalyzer)
 18:58   0:00   4.28    0:00   0.2     1  615.68 35.56  Build Equipotentials
 18:58   0:00   4.48    0:00   0.2     1  105.20 35.56  Convert Netlist
 18:58   0:02  19.71    0:01   0.8     1  235.36 35.56  Build zCore
 18:59   0:00   4.26    0:00   0.4     1  179.32 53.34  Simulate Graphs
 19:01   0:01   9.22    0:00   0.2     1   84.57 53.34  Place and Route System
 19:02   0:00   0.77    0:00   1.0     1   58.74  2.00  FPGA Multi Bin Predictor

Columns:
- Submit: the submit time of the first task in the stage [hh:mm].
- Elapsd: the duration of the stage, based on actual timing [hh:mm].
- %total: the percentage of Elapsd time in overall compilation.
- SExec: sum of execution times (excluding scheduling and grid delays) for
  all tasks constituting the stage. It may be greater than Elapsd if some
  or all of these tasks were executed in parallel [hh:mm].
- SE/E: equal to SExec/Elapsd. A value greater than 1.0 indicates that
  tasks were executed in parallel.
- %CPU: average CPU utilization: total CPU time divided by SExec.
- Grade: average host grade.


Memory usage:  Max Resident Set Size [MB]
Known Unknown  Min      Avg      Max      Stage
----- -------  -------- -------- -------- -----
    5       0      17.2    134.8    264.0 Checks + config
    1       0      82.8     82.8     82.8 Build Fs Macro Library
    1       0     748.1    748.1    748.1 Launch VCS
    1       0     124.0    124.0    124.0 Launch Verdi
   33       0      95.9    137.5    386.8 FE + synthesis
    1       0      20.1     20.1     20.1 Compilation Profiler (after VCSAnalyzer)
    1       0     103.5    103.5    103.5 Build Rhino Fsdb
    1       0      20.1     20.1     20.1 Compilation Profiler (after BackendEntry)
    1       0      51.9     51.9     51.9 Make optionsdb dump
    1       0      51.6     51.6     51.6 Make VCS file links
    2       0      51.7    101.8    151.9 RTL DB index + link
    1       0      51.7     51.7     51.7 Make RTL DB for Run Time
    1       0    3900.7   3900.7   3900.7 Build System
    1       0      20.1     20.1     20.1 Compilation Profiler (after ZTopBuildAnalyzer)
    1       0     587.0    587.0    587.0 Build Equipotentials
    1       0     600.2    600.2    600.2 Convert Netlist
    1       0   15629.5  15629.5  15629.5 Build zCore
    1       0    1230.4   1230.4   1230.4 Simulate Graphs
    1       0    2629.9   2629.9   2629.9 Place and Route System
    1       0     142.3    142.3    142.3 FPGA Multi Bin Predictor


=== Top 5 tasks with longest grid delays

Sched. Startd Ended   S.dlay Duratn %CPU   Grade RSS [MB]  Task
------ ------ ------  ------ ------ ------ ----- --------  ----
 18:55  18:56  18:56    0:00   0:00  94.20 53.34    189.2  design_Default_RTL_GroupBundle_30_Synthesis
 18:55  18:56  18:56    0:00   0:00  95.63 53.34    199.9  design_Default_RTL_GroupBundle_0_Synthesis
 18:55  18:56  18:56    0:00   0:00  70.08 53.34    118.1  design_Default_RTL_GroupBundle_10_Synthesis
 18:55  18:56  18:56    0:00   0:00  57.24 53.34    138.6  design_Default_RTL_GroupBundle_13_Synthesis
 18:55  18:56  18:56    0:00   0:00  53.20 53.34     96.5  design_Default_RTL_GroupBundle_16_Synthesis


=== Details on task group 'Synthesis' (5 longest tasks out of 33)

Sched. Startd Ended   S.dlay Duratn %CPU   Grade RSS [MB]  Task
------ ------ ------  ------ ------ ------ ----- --------  ----
 18:55  18:56  18:57    0:00   0:00  96.75 53.34    227.8  design_Default_RTL_GroupBundle_23_Synthesis
 18:55  18:56  18:56    0:00   0:00  94.20 53.34    189.2  design_Default_RTL_GroupBundle_30_Synthesis
 18:55  18:56  18:56    0:00   0:00  95.63 53.34    199.9  design_Default_RTL_GroupBundle_0_Synthesis
 18:55  18:56  18:56    0:00   0:00  92.86 53.34    151.8  design_Default_RTL_GroupBundle_31_Synthesis
 18:55  18:56  18:56    0:00   0:00  83.76 53.34    137.7  design_Default_RTL_GroupBundle_26_Synthesis

command exit code is '0'
