zFAST results analysis:
Update context
Source unit: Design
RTL group: Default_RTL_Group
Module: ZebuClockDetectFront_13
    Checksum value c80cacce65446281e6ee9a71a30e1d397187bf306543f90a4d3d17f43bf43fb731c75616d526813e2a7416ff87e87d333156102494fbebb2e2201fb08cb5d941
Module: ZebuClockDetectFront_66
    Checksum value b3346276e4621304c6b83aad3f943c7513021f60fab7a912d4c8cb8dfe019d9d74edd71bc47db8bb945004dc34eaad9474cb8890008c81784066383302349022
Module: ZebuClockDetectFront_68
    Checksum value 4263b9183ee8683d502dc18189b17a23fe9f1a012f2258f7ed1a6ef0b7d2864e979db394189ccc6a22298d77b463898b4a3655291b8ba82f418f18523c63966c
Module: ZebuClockDetectFront_69
    Checksum value 74732b78a91cc33724fbe236effd31e4b6b2bacd40eae4eed64a5eada89ba71ef12712b18a86ede21b5e3e2d52f2b0fd2cf67e42cc4e0cc571e484d775392b31
Module: ZebuClockDetectFront_70
    Checksum value 44a5b86ff1a2c7200f610f841b4d9df32add1e763a6445373e261ab04e1660f42e08d1a8532afc74c5224be0b91ed59ffa4b4852f80b2d72aa432b0290ed7fb5
Module: ZebuClockDetectFront_71
    Checksum value b7b904fc3fa53a2359a9d08042306569012735a8561a6195df2fa503bb17527fa1f6844b7a93225b964165f7d88f48d6d011b329c0d9821844680dcbeab131a5
Module: ZebuClockDetectFront_72
    Checksum value 2481a786d7f886e7fdc5d660ebe73d3cd66c1355f5f400b874c8b24d0b6ab9bc65f2e71baabd8709de1090de703ac42e85c194b53376f45a6657da3b4b2190d5
Module: ZebuClockDetectFront_73
    Checksum value 74c5bc41a3fef217fa962781ff60a69aa61563efc92d925d84123edead945b10f6f51c6616714ec37428273bc9ea6331cee2fdfe42b4f8eb8d87a457e858ae64
Module: ZebuClockDetectFront_74
    Checksum value a04835228608ce7d4c3a6db131486ae1375f4c5fd544f5736b2bd9517c4262c95e474fde3f52652f63964677ed00b2d50b8d97b5002c49c7c1c0e63cc83b6e57
Module: ZebuClockDetectFront_75
    Checksum value 50d0cf10824b5f5b5b81a11a48cf95285094d863ccd430cb778723d7cdc8b79769cf895042e6cb03ef8e10cc7e89f076ff1c1895c18f72053e3b3297e5fe361d
Module: ZebuClockDetectFront_76
    Checksum value f71a5d30da3a5716263f5ad07e6d462a297ce3421d3e4c451362ff2b636398abf3b7f304c91409f1302f2abe6a7d46b43930f57340a68e92663f12d95e2e42e9
Module: ZebuClockDetectFront_77
    Checksum value c702a5bc1cbcf5439f16577b62426d9d0d0c3a7b00e389a96d8cdd309d15efce43a5af793404b14adba81087dfef79eaf89d2166fe735c8dd2ff9edfc711d73d
Module: ZebuClockDetectFront_78
    Checksum value 737f025a932d3bdfdab7bc3ca4b9c6b599d8df6ca87a435322a0948af9db036a86778717e83d4026b66aacf8e278425463641a2fee2820769c15a98a519db719
Module: ZebuClockDetectFront_80
    Checksum value 27e0611d216c0550051357e62f7e0e2821406af4fab700fad7c50d12ef64c3480e4bc40296411138d758a74a2818cf183ea035f370bbee10edb5ebcccd68aae4
Module: ZebuClockDetectFront_81
    Checksum value 60e3fc3ac75f7dabf298b1651faf3089301c2717097fbb94a58607f0a9b636f3282905cfe06179f8931ef57f38a5ca8d0706ea73066c00da511f72ff64a5c053
Module: ZebuClockDetectFront_82
    Checksum value 1cee755471a874ebed75e33c3d6738fdc9032d2327f1ed3b46825856a3b814b5e49b8d4556c9b7e0a40a3f8a776ce7c2d779f8c27bebe1fd8d2998d84be13ae7
Module: ZebuClockDetectFront_83
    Checksum value 1f0b6eb183b173a83c557ff50392f1d3857f8afb9787b89b18c76166c1d8ecf925601a7fa64f900581f7b29bb96c226d0ba8a9f2b21a28ba49ca8bde01c06e5b
Module: ZebuClockDetectFront_84
    Checksum value f62ca7768a3671bef7b83e7d134b2ecb55787cf22d80169923bdc3eba41cd624cdea021d97bc2bce8a7f80fc5eb167a9fc59952be052561698d5c793d057bc84
Module: ZebuClockDetectFront_85
    Checksum value 8c2a6c9683903697a19ad4c219ba35505988bcade35f43957cc2507ff5c02e235d9dad6f454b403b221d4d706d8210ce6a36b32bd4c1c77b1708a2ed81b4862b
Module: ZebuClockDetectFront_86
    Checksum value 7f9a335b15708b0046690312bd5c8c2e8eb406bd0b2aa9350e6023517b51da21de36cba5f1148ee40ebca63da28d6434b2a18f9d3d1161766f3303986affed74
Module: ZebuClockDetectFront_87
    Checksum value 2fae2c0e01b83be4dcaa278472c435f597b78b5ce0cd176824c6cb4e46cfcb166301544383e03e43d8cd44753a3f822a7ddff90b6317a5a8c006b626540278a6
Module: ZebuClockDetectFront_88
    Checksum value 45f37031b17dcec9663304cb2e4bf8ec6f5084a2e4edbda708d35e68ef95f6851d4fba4e8a82fd9993fe6bb14c19909944665a5c69234bd3425c9763729229f2
Module: rl_cpu_synch_wrap
    Checksum value 350368e546d38255633e723a22864ea31b54eb585100fe6a40bf640860be510f44d3544aaf811eaa36c49de4e884b23604c0163f23ad7b71f1b7cccde806bcbb
zFAST output analyzed
