zFAST results analysis:
Update context
Source unit: Design
RTL group: Default_RTL_Group
Module: alb_mss_fab
    Checksum value 31c37e98480804b843d7b0b9f328f006f348f0298686e1c0defbf244c65cae3b8fb4d15d863b6564b1a0451126c18643ffea8e7f8ef7bd8baa9578a426fb52f4
Module: alb_mss_fab_fifo_0000
    Checksum value b11a8d2e67e84f1453c1b891cf00836f365db430281d0f698273ba95220141f420d33661a9a43803ddc653cd4cc5234c270c3fe620306ac944bd024d6934d0d8
Module: alb_mss_fab_fifo_0000_0002
    Checksum value 85bce030a03c1d18e87bd2e94e9b61d70d0e618d6e747a215047afc635e596f1703e5198b42b6f610cd2684dccf6d9e7d061eca4d45a96b01b2cda903d0f4a9e
Module: alb_mss_fab_fifo_0000_0006
    Checksum value 9ed96f2fb9b545538f8cf0edb489eb94083c4e01287c5a8710c4b24f4ce550c6deba7f447411c7e088d126d37f6e0e3a21fd9825b1639bf58e575433b3d9f7c8
Module: alb_mss_fab_fifo_0000_000C
    Checksum value 4219537509216c3333d9a0f14ac9e2cd17962822a57b3827ead099df5c518290fb0418775e2003fd303156abbc29c6c4fef8c0de993af98cab9a3390428b53fc
Module: alb_mss_fab_fifo_0000_000D
    Checksum value 844fbbe87b32999a95baf7ff72fbfed14280cd1142e603d287253497bde2d01b0ba729a574d0ddc7c137c6b5b35b882527d32638493f40361407a8b21f9224e7
Module: alb_mss_fab_fifo_0000_000E
    Checksum value 01c4b63abc98b724ccef27dd724255ab9e479efd27340b1c0be150403adc93c7c1b3a02adc0bbc334e970ecfeb01f94022bcdfc7e514f452a80fa369bf6edc07
Module: alb_mss_fab_fifo_0000_0011
    Checksum value 1c869cd1e88bb1d142b6c7d87d9ccc84560e7d6ef17f3b80f6736c0609182e57061a03f3e99da242bb21befdcf66e242b13ec61b63bfbdbb3e88999fe7bad3fd
Module: alb_mss_fab_fifo_0006_0001
    Checksum value 3b4c4baeae6f792a140b504f886bb4cd12848c72348114022b5184de7d5a75c9f6079f72ff41d78958fa850bb8c809253d9abf0498a1fd7bd4bd5bc36037fd8e
Module: alb_mss_fab_fifo_000A
    Checksum value 492f91760e5345cf6e268f86b14d709256c7b2c09fa2abe0fb124284f9a0892b209def789001feeb86d6978a3c1e0bd80b4b0e50bdaa9f8d2c537ba7b9bc8576
Module: alb_mss_fab_ibp2single_0000_0000
    Checksum value 13618df21d6759952f0c03af29750a88f2ee0344ebe6793b94ec9ea3bcd55daef4828446afb689fd9103be02c74439e129e34b33905f7180c717d82a3f0da33a
Module: alb_mss_mem_fifo_0000_0000
    Checksum value aea58439d9cfc00e3ed8a8ea9cf24285f5bb983b979b1a7a1ce80c08963ef965603cfff814342e55109d50dc897178f93c61540b75f9e56fc009a1fadd7ef5d8
Module: clockDelayPort_0000
    Checksum value 4dfd3eedba79daa853badf9b54d211be54ee2a088a1d841455f19924ac4745870649d076f1f78c6a3bd47aaa16f25291427644502260c6ff6240419b72cc63d6
Module: cpu_top_safety_controller
    Checksum value 899b55c3cbb6b6d7b3f2028b8824808bcb73bec211b531a8e61f6902e9e0c5be1bd3e6cbbd427967a09883dcfb6232b51a7766050b6f7a2ba8995f3c01755e07
Module: ls_multi_bit_comparator_0005
    Checksum value 9754c74de26d3ec679a92004b6ee44087a91f21b56e26d929be971870bf5bbf6eaa869adf23d0b467951c1cd4db409dfd3de88a3a39943137b54a4af0aa8c58d
Module: ls_sfty_mnt_diag_ctrl_0000
    Checksum value ddefdea0891a9a8bef18a9a3618d772d35a5d570a0f7f3e4005679abdc4a5f5936d08ce65a72fa1c148737e1932a1e0829f52a7777aa8273f6031abe726f5d08
Module: rl_ahb2ibp_0000
    Checksum value ae512d01aff3c3fd6976b503b70b47e8928124c0de191e5fabbc595767700fbeecd70750a56ea9f4721180ce81477263ffcc5d38e35fdec20983a8df360df632
Module: rl_ahb2ibp_0001
    Checksum value c49fdc049f2586d848d08c54f04c274cbe3156f319df185ffb4fc74c0e527c426d9b0116c00f4f4eb9f10cd7d3a37c7129e5c3a3982cae9a94a27bca64f546bb
Module: rl_alu_data_path
    Checksum value d41521f3a7a8f6514b235d6785a2fa4875131969156c583ec86113f7f28b4e8d1b11604536c0e05aa062a3ad6c9f20652354d93fae015f71759d18574ff94099
Module: rl_dispatch
    Checksum value a1998f0b98517b6836305e5e8b9008d41ca86f12ea73b296957ddf4f6f1991d7658055077d5ac4502a5eded9e658d3e4e1e64d554acd9fce08c2397ecacd45d2
Module: rl_dmp_ecc_store_aligner
    Checksum value f958778dea1a7e6fa8ce2270568008dc201227c425650166f6077079d55d27186373f0948293c40f0126a7d9464390a086cbf7b24522bebf9a442329f2d981d6
Module: rl_dmp_store_aligner
    Checksum value 97b4b68f40c05ea0cec243735b0d348c6f7469df74ed993af94a20ec74ad5260984a663d80644d5ae4be3c4b65e3d6926263126cfcd23114c8b8b9893c18f60a
Module: rl_mmio_ahb2ibp
    Checksum value bc4bc44dbdccbde4cd240fc1c7393cdc1c411a211c8db05f945f9acacd8b618db25eb291f7e14a28b7153b7f40aebb0694bb8f007e845daebf6227bf9b3d1d84
zFAST output analyzed
