zFAST results analysis:
Update context
Source unit: Design
RTL group: Default_RTL_Group
Module: ZebuClockDetectFront_15
    Checksum value 7cffbaa8266920cc38fde0ca1f6e5351dcbacd409a0bfdf898da930a07ed3267ad9606d9a29487879255c22516f9f73d61d781292f3e676e70215ea785568799
Module: ZebuClockDetectFront_16
    Checksum value 1be37ff6dcfdc76222ce8b96d43cd3e883999233e16476e47920c6ffa00981e818d5767f5105b4d9b066b98f73ec3837151624c96c7a8c987a4125e21874e6ba
Module: ZebuClockDetectFront_17
    Checksum value 69886df773c15555f570b038442c889268245dd44852a6d5adeb2b7ab2ceb37b7c4fb83acb633a830d274068a1ded9329c94f3c806eea929a724cc2e66bb295c
Module: ZebuClockDetectFront_18
    Checksum value 6c27f462bc17918376a63b61320276b2b84082e3bedf104e9e1aad6191b3197a24a31f542ba1e8bb566ef9329dad5878644ab2f646d1161f97bc8999fd66eea6
Module: ZebuClockDetectFront_19
    Checksum value 51a1e7e99f435700d9c51e6739d099882405a04b119ee8ed632cb0b6705588acb1b8d86327319daa5a6edd30d0be11e31de7fee6f8aa695204f95738080e35d7
Module: ZebuClockDetectFront_2
    Checksum value 22379b7b496fa8039e11946a0b453dca81be9984dce13d11ded7ef656568b693e6d8da9dba9a53e27338bb96d526c421d07a406e8460a04d78802d5e95098b6f
Module: ZebuClockDetectFront_20
    Checksum value 6d814966a8c49f691a5a225ee98ad84989bf61cdfe73997878858c95c1f21771cce0c24234c6b26822eac7130dfeb18def3ce0b2156b95f616accbf319990250
Module: ZebuClockDetectFront_21
    Checksum value 9bdf9e8d3d150e99cdc8c700a77452c8e1dbc41adc2d2c48effdea640bcb89006948c811d300a76cb2797e6196b59a7afaec5d362edd7fcdd0aa83fe780cb837
Module: ZebuClockDetectFront_22
    Checksum value 2e05e8cc34373571b0dc49efe5df080095f396d79c04abbcd8e95e161d747c412b5f83df2d0bb4c261d02acf38e49528cef0aff558168d03e3361c47eebeede3
Module: ZebuClockDetectFront_23
    Checksum value 39af25ff2464f294cba1ae4bcd18ed7a4902ebec54f5f90d4be803a8575bea3132af46e7b405ab0872fbf513b75a6f5c755df622affd667450457a611009c6c8
Module: ZebuClockDetectFront_24
    Checksum value a411a0cc3e3e19e535bd754f46bdc5916e745db9c3f8f4d51a15fa3f205ee746e2c6b951cf8c3b0d4f57795bfdb4e2be4e41dae81148d50110e66a69435930a0
Module: ZebuClockDetectFront_25
    Checksum value 014641f733a94b53a70a2bfe0157e9f1a34d47aed1bc41449f4d4b3dac07ccf994a458e0103121da7717243479bd8537d1afa5d9cd33f2f4620ee7fb7d277ab1
Module: ZebuClockDetectFront_26
    Checksum value 27a394c847fa7242ce5c5235def46e648cd3319f8d11a76da5067870779242747ed14565d1d5792c7811e70fdb4e7789a8836e54d46bb630c2428e7f210d8883
Module: ZebuClockDetectFront_28
    Checksum value 99ae9eb5f9fdb918f7d5927f70b96885f6c0b3b28aa8847c44f70686241f7109bf71b411a88433d9e5ac2812fe829e72195a303d5df28bac9773a88a3a4c6471
Module: ZebuClockDetectFront_35
    Checksum value 9aecf74fb9e0dc4c7d05f3d4534030938a9d5a09554c67e825ee9f45a9d62511ad012cf1d93c707cb238e09513a76cefdb7396c007bdb225059d68cb4a8d94dd
Module: ZebuClockDetectFront_5
    Checksum value 3e619841586510ca4e087d74816fa4e7060b941426a0f6252556c8c435d1166c39b7072d6a51d045200e118e9e9e4fb7e01fc232974c4024862c7db208f5321b
Module: ZebuClockDetectFront_50
    Checksum value 0a2f8ef8d072f19772cb630f6960592ee6e6f963ca303f07ef52fd40b18f80c5ad66ab771a72258f4240a40adb4ae31217f3c4637c1e15fee1fc60baf26c3cb5
Module: ZebuClockDetectFront_51
    Checksum value 9056d20bf39c4c91d9c6e05ffa82e97a2db8202213f3a607d0b1afd638518d4967d36a998cb8c18c1e7a3a66d5af26c3e3f34e7306e0912a44a78ca7f640136d
Module: ZebuClockDetectFront_52
    Checksum value 59c280ffebe790863ecd418c16b46b22031b6bce11d5905f87e7812a28350287e5dff62cd53e19a07bbf34773f13e3ecbe27c8a9b8ca0ae80ba40eb9579aca4d
Module: ZebuClockDetectFront_54
    Checksum value 1959fbb7e4f5dfd9d715f88dae810881a5ff2c7f7355fc3673c04df836b12062478a61d5a1b41e5de37da2ae4f9b79d78ba71c5e59b4a189de21f563d0ddc21b
Module: ZebuClockDetectFront_55
    Checksum value 6040b7e354c17ea38e876802c98939445f7c9f337764a7eb5fbdbbe52db34d8f2cdee32ffedc24f98eac9cc6ae4a846b27d776945ec7e462899c949cdc004e20
Module: ZebuClockDetectFront_56
    Checksum value 00b69eb1da96a1a2709913ca3270e2c1ec2866b61681e68cf22f1f945f6b2ce48316fa00676706bc2b3115eacd293b1b59074b22597b8564619774390914e3ac
Module: ZebuClockDetectFront_57
    Checksum value 37bc0ec067a0a0a7c78fa5608b55fea3d8df5a4469d59f2b96f397edad2517fdc6c399dc354c91e1defc77ec1445507eb6e1339f60ae7691216ee56e2808501c
zFAST output analyzed
