zFAST results analysis:
Update context
Source unit: Design
RTL group: Default_RTL_Group
Module: alb_mss_clkctrl_clken_gen
    Checksum value e00713a87e3d7e71c9ce86aa41a8e7c234b73229d7c26239ae43329f4e0cf27663590af73bcd4a6c8d79080297f371e9e1a0bb376eaa763c4a80daf9f68dd808
Module: alb_mss_fab_bus_lat_0000
    Checksum value 8cf212b3c3324179c0f581942cf1f6d46ef874b139302e12e7c4c26a263d6c8a9a3d7184c14b06861fa451b31c5b49c1f85ed6ee3ab2181fe687fe8202ff3f9c
Module: alb_mss_fab_bypbuf_0000
    Checksum value 5baf6951b902b2393c704e43d68465bb9c10eaa26784cc87db2fd9427f79144fa44b8e75b164f9499c2b6e848bed0e18cbfd27f02eb6bbb71575cb1bfcf58000
Module: alb_mss_fab_bypbuf_0000_0002
    Checksum value 84ad603e5d891dbe3ab0db0f0f67786f7df991c57a2a0e0f4d57ff9741137055fe2aa2f6575b23cab7da2d09a4b33a43c784650393b7b3ef5334a79b4c499db3
Module: alb_mss_fab_fifo_0003_0000
    Checksum value b7f1eb1f811da28f0cf19b9924cb933b9f647d74608f52b735aefb7e74d43d6046e123679d2ea248cad106fa38dc8a0fb7415a34da25d5f632a99e2e8d8960e9
Module: alb_mss_fab_fifo_0004
    Checksum value 4133b3c6f294d2752902f55d88ad66cbece68a217bfd30a0b6d2814e80cf6a347e1564a743c955f24293c5510829a4ce1134d596998b747dd7bd0ed2dd322ba9
Module: alb_mss_fab_fifo_0004_0000
    Checksum value f62b38513aeb30bcd2d9db9c2d0342f2e07400b9befae700762588ec030d76c83d021a0191925278676e06e7eaf6c30cf5b56358c883252ee6e0a95443bed44a
Module: alb_mss_fab_fifo_0005_0000
    Checksum value 1151cf5bf6fc63027d9bb4174aebce32245b71292876528bd9e5ab10d5a8b44c8d2ab16a474a704230f161264c7f96cd9108632799eb6a99f7fb1849b0ca0f0e
Module: alb_mss_mem
    Checksum value 78b2051a0dcbf7b14a38ca21d59894ab89efcf3c8c4100fb233ee6f53828f047362200a769a5e6bdc97f783f45930dbfb6f1229686aa6cd9d4b2f5a067233e7d
Module: alb_mss_mem_bypbuf_0000
    Checksum value f9fba8c9409f9538fcf0ccf68090a3d1c043cdb483fb50288a82ca739a6e10f2ddf415a5c1b26b1fc75f538e58ba16bc932488858f705ae42bb286369e583127
Module: alb_mss_mem_ibp_bypbuf_0000
    Checksum value 7b53d0951dbf8b4e8f9235dcf408515a5ed73111c41fea5e1e3bec8b4df2adc3f8655d7bfe4faf1c0846a65388920031cf1071f4b7b61277c4558ed719140e8c
Module: arcv_watchdog_csr
    Checksum value 3a22a894974acd0516e9d200a95e847e2216b94cd6cf26a6ce22ba8c6df2f489eed59a639ef963ef00859d6ec858bf0949eb268c1b0e8a3c4aefd3563d21f3c6
Module: ls_multi_bit_comparator_0000
    Checksum value d73a0c8742df2bed9985a40b173b93737c9c060a9be9e38ef0b51f696f6881fe8796455761e5f0ee9caf028bea9c942b500f85290423496cbae34f3101e8e598
Module: mss_bus_switch_default_slv_0000
    Checksum value dcb80efb198bb6fef2e810b18b49e0dcba783d38856a6c890769fd98e64366fc6816c211698f52af5d7dea2d49c9927b02b1b0a630274723d7c1eef99b395d0d
Module: rl_adder_0000
    Checksum value 223f8d1a89d005ab585fd4bbfe6fc8d439818268bd99bd6e0268b7857e7e9a52e1f59ace0f77b4e478eb6e757da557efd114209121eeca60244b71f51e24dc02
Module: rl_alu
    Checksum value ee98956de07911100dcfda932c9bd4ecf0383853d37ae6af97e5b2a0bab61193f69b704301764c1ad16f0959d0768f1edc4f58eeb38a9b77d1143a31ed663a18
Module: rl_dmp_csr
    Checksum value 34098397e1b805c603774288f96773b81dc73fa71e85344ee596176fbebc231c3fe1a168a3a97fc3285802cf04a42c72f549a69bafc287a3253a44a94705db77
Module: rl_dmp_lsq_cmd_port
    Checksum value 9d820bf8ea8128cbd5280368f6a464d0e02e24aae20bcb7e45d3742d2586bf411fecebc33feacdb99f7015afc5ccc13274f520f38dd4e6ffe694f81d8bcd5184
Module: rl_epmp
    Checksum value cc5d5734b84d1ddfc0b2bf668b28c67a134c228069ef8346ddf83da769bf231b4f984ed1273fdb69c6a1598a40a75883ce717ffe9d41584c3e10ec53972c09c1
Module: rl_ibp_target_wrapper
    Checksum value c6d1516ba30ae09bc7a9b4d0fd1fcca0ce25fe4bc9e940a75c5718b1820c1a1a1fd80213809fafca8706976b00e67a21cbe6e8f5307dc3f68078bef933773e60
Module: rl_sfty_csr
    Checksum value 21c86e7231f9482182567ce1f625d96e91ff20776050743959e6ee74f6df931bf0080134c701d26c9e83780d84f0408601950b3ec69422aaf03e565c27427036
Module: rl_sfty_ibp_tgt_e2e_wrap_0000
    Checksum value fc33ec2f3a16a5114dd7c86540a03a8e6c4cb92064f3acd62f25c602a3e49f59351b52d85fe8d360b96cf9da8aecf0ac5fda0b225d2eef7deb4395af8a949321
Module: zebu_top
    Checksum value 51b2428ca4869ba5fd0947a7a76b905b1ae938a2360285ec074098ad978456075a26e807c50ba6c9abee7f143779fe37af03b5358b1d60453e584a5a68473c79
zFAST output analyzed
