zFAST results analysis:
Update context
Source unit: Design
RTL group: Default_RTL_Group
Module: ZebuClockDetectFront_40
    Checksum value 84330c71b8d46e9f092b29a80b2fd7a5f445b53410288997646897f101eed07ecbdd9bc6398f1d18c4e61ce6bc42cb826a811222c93853b9b682ab2b86d37041
Module: ZebuClockDetectFront_41
    Checksum value 847dcfc11ce2c2196b36349868e5cf756b3421ad30f55df1973907fcdaf49df0f972385117294da85c369860f0d107953ccfd5179db059c4bcca1191fc750e64
Module: ZebuClockDetectFront_42
    Checksum value 2e1fda021c6ce914da5b7fb82d92084f3d1c4f3312a02b09f45b53d4cf6be46bc9e0370649a271f24a62649be8d6888e369c1d0e6dc609e875080dae209e7ae4
Module: ZebuClockDetectFront_43
    Checksum value a5e401710be280921209b39d1fcef0117c66082b326e242be570f06a7870606fcfa279bf5d234cac399751c2f8d8524ad1b36011979af47fa5dfe8f8f426755f
Module: ZebuClockDetectFront_44
    Checksum value 696254af7bc89312712dafb832c06ae3074d65fcf186b9a35b7bcaeeef4fd876eccd1e85364509535d681399f63e50f8047d68425c4b3899e86f79bd13a981c2
Module: ZebuClockDetectFront_45
    Checksum value 448437b309b37f88e723c4f019a0640d5e7793c7c8e17e02537f3da1f99b77148f05399d98039e4f0b04039363228da779b5549f90f6c5a09abdc8e7ce6d8bd1
Module: ZebuClockDetectFront_47
    Checksum value b98f24f1e5290675350a0d05d5963cb302ed17e526a7f5c20fac060e97881464befe35d2f642ee7542c933eacc2054538ea50e14eed30d17619d38454ca364c3
Module: ZebuClockDetectFront_48
    Checksum value c8a6727146f22d9894fb3a464872afcae10b31351da740cccebc7674ae02045cf017172c3fedef0f8ba6d048ecad1314aadce0d3c75d606ac18ac923ea3b8f2d
Module: ZebuClockDetectFront_49
    Checksum value 2b4bec12711522cf876ff3e272adc426c53017e3302b72a42c6b879f578af87a120aea598a45fc1c542a202008db630f6491be5250df020704cbf2fd90e7a2b2
Module: ZebuClockDetectFront_53
    Checksum value 5c79065b52878c0a0ca135ca111d913f43e9426696de2ab0e2d8856a2d3fede1a320982527a3eb0f2c582edb6863b96cca2228df6979dbb55543f4089cc2e89b
Module: ZebuClockDetectFront_58
    Checksum value 1fa577d8859b8546df22be72c83d231f480e67c6191c6c6ef2d79c325b790848e01a2074f535d6dc797eb49ddc759eabc41dab7a6dfced89680421c417059720
Module: ZebuClockDetectFront_59
    Checksum value 7836caff9b4a6d340199a997f86da01fe576c840427b383ddb7f2043ceb79611d92e4401d8245b59024924d16a0b01cc353a31b064b72a22d52ca977cf8a107a
Module: ZebuClockDetectFront_6
    Checksum value 53c16216a9b281c88b0ebfb56f9e85b8c72eee8e03099a8a2e355c5d48085cca0be090baa361f177b259cf859622289609dcead0a8ca44095e7401887af1624d
Module: ZebuClockDetectFront_60
    Checksum value c1c33efadf6895955f9321914b1ce8eb53ceae1fb32ef236807b63bfffaa0fab9dcfb024bd2da675e4820d3658eb2ccbdf2c129bd6fdaf2d479cfdab9586bf16
Module: ZebuClockDetectFront_61
    Checksum value f2ff3544711a0180dec2d8a9046d74df3ce9dc515a8480719474df6f6289743c843557a9a2af971504629708a17d7dbd929a5a5ea3ae373a9c1e208cd0bfaddc
Module: ZebuClockDetectFront_62
    Checksum value 7153068c021146975e1626fb975b3c53ccde91e2cd8b8f6b17345f68a30bc1eeb5bb15c162eba653dcf11788068d0153ca7a6a5c964221830cf6c11343e512ff
Module: ZebuClockDetectFront_63
    Checksum value 6681687487441d789fccaaa787f7470aa1aeb1923d6cf971767a6e32987b4b3fc06088e0155401806d49ba4d8d31f608d3bff254de33d41265d26e963d5c1ec8
Module: ZebuClockDetectFront_64
    Checksum value 5a0e1d2aa6a2bfbc40fb5893e8588240fe8624678eb532ec408550955121eae0801bde6aa6e08c753c12ac7bf9a18dacf31a2504dd045c14ad06d33d7da54b5f
Module: ZebuClockDetectFront_65
    Checksum value 0cabfbc5cbb578e066cfafe36eb0acea967cd46b470e4b60210bf18e6340cdd96f1791937ac073831ee22cb6b6cecf006269ef86cf7704559130207d2b477a78
Module: rl_cpu_top
    Checksum value 85ab5e3aaae8e3847cdcd6c3ae7b2d98c159ebc1bae18ac99c090b07a080dd0ca02466c038f127b0f75d50d7df84d4b0dfdc925e792a0f2803539ebf33b7720b
Module: rl_parity_gen_0000
    Checksum value a0312bd2423a8c1d73e33982a44f72e8529dd6eaf0a890c80b605f9af8b22ceaf78afba1e7d0d5baa6a4610c647a7d2224c2f4f8cc411a5f57de8adbb5e1a9db
Module: rl_parity_gen_0000_0000
    Checksum value bd2a88419c162e96aac8619f8d47779ddb93cfa4e20e8f1c056ac2bae19e9bcdc9d8c79f2d247016e4d4d75632cee9f72d5e2d59a4a4a905e1f481dedd8435dd
Module: rl_reset_ctrl_wrap
    Checksum value 3be54c2bbea1f02daf5628739f92cd76ebe5dee7633ecd6bcac6bf305e1250f4b3bc2ea73ed089d984ea767cedc3cb8b11d4dca758870216f2f2b96936f5205f
zFAST output analyzed
