zFAST results analysis:
Update context
Source unit: Design
RTL group: Default_RTL_Group
Module: DWbb_bcm99
    Checksum value f9d97d9d56479d16f873edc5df519058a2387a836c2426e14efba626b89cf555e5b09e5cb555bb783ea857c94cf6ec52a9cfa5f73420191dc045a3a93bac66b8
Module: ZebuClockDetectFront_0
    Checksum value e8758d1c2e57b945f607cb89993c218a07df3ace06b25a667858b1073a73c7c3e427405061f9514c5236ba376f5fdf2cda33b6e4bdde831ca78da88b5b86b49a
Module: ZebuClockDetectFront_1
    Checksum value a7f53eb3dd5ed95d5674a7fe57d3309089a1d45723d0c421b5efc81228211b7c7ce020e92550353c9395eeb900f4df5f3934a4613d2c164c11e1ac3dfa52d13a
Module: ZebuClockDetectFront_10
    Checksum value abc825cae838d589d9591ecbeaf7aeebe76245761ffc81ec169dcd91c8568d3c715af2307d358dff20e93b8c624094de4da0d52d7713af268ce148a051fdc3b9
Module: ZebuClockDetectFront_100
    Checksum value 1d82056ef84fbcba2f31d63faf1c13c636b698c63a52acfe5cf23715dd714201fcaba092c3d3be0472a7a1aa401824e61fabd466daf22526e37482d0486b90b8
Module: ZebuClockDetectFront_101
    Checksum value 27cd1edcd15711f25682e25f2fa6b1f1f99749a271afd92fea969489e0c4d099268f246da2afd357f32ea01ef3232a1697c7a266ddb14c521ff1cd056b1f9ff7
Module: ZebuClockDetectFront_102
    Checksum value 19da55f7b0088dcfd498fcf72f10b181af4bd195dfab6c7f882831c8188552ab54a824c1d40052fe424138991ed5d07021767ca811fa9de75b82cf8c82c9c2cb
Module: ZebuClockDetectFront_103
    Checksum value 164e34f9114a5672435ce96728af1d25792560d1b89999d77821843b6db7b340222774fe92b517666a96a2bbb6745680009a14fbee91597e64e1c9d4eced9465
Module: ZebuClockDetectFront_104
    Checksum value 2fd88c5f8448dfe1f20b5e690885c195753511d0ea909d13f3ee072109c8bb1c3665957c019eefa5e2e611254ba076b08cb72387c7786a6d66ecfd6cd26f89a6
Module: ZebuClockDetectFront_105
    Checksum value fc4bb69b0c29a81e3302275e379308de22699662ac541bee15ba0b240608c66dd2cba63015a58ba4d7b92559be20b22ef284ded0a00f015d154cb10ad7d93aca
Module: ZebuClockDetectFront_107
    Checksum value 0be1a6dc8fb76e11d0e39f75409b924b2ba67ab2ea3d8f7460bc7b7b80b79803e81e54ff7e6885fce44bcd7c490dfa21fcbdf5673582350aedcd285edfe22566
Module: ZebuClockDetectFront_11
    Checksum value 8382ff4d2f06cfdbe7534e134da10bc30905fd67aac0a55ef943cbe645b57a0dd97d418e544459992afc402ac612920936e1d6f559a3bbfecd2789dbecb8ca53
Module: ZebuClockDetectFront_12
    Checksum value ce5e6e5f9f9ddf140793511eaee83ae349ac385cbe65fbb2322e842b643c51c6030e6d317119acabee339696382f9d6a99c1deb16fa1e2fd3dd0b063b75036c7
Module: ZebuClockDetectFront_67
    Checksum value e7d5555af10735c37137e792469cc23ca8d69690ffa40b376ceb35ec80d8f7dddee7451b5217402825af23668b8deb7d7f1cdbab1d1e657a75d9883eaf6ac52c
Module: ZebuClockDetectFront_89
    Checksum value 1fa95ecded5b3a47ae54e60abfde9bfe4ad32cacda0d9aabef8511c75921add61168b8ec106c30bed7f01d06e24683b398c371a27388434424712125be9f9316
Module: ZebuClockDetectFront_96
    Checksum value 975d5f98a708cc2303056c6a85a59c2c0ead3f14712c0998243a83d385c5482c020c9b4c7ee2f811ea9b88866fc6cb61f9ceedea93974a0009b21febee4b45df
Module: ZebuClockDetectFront_97
    Checksum value 2f173439c9654e98ff825e1bee2b97336f101b59749c926d9cffdb54582b5f11b7525d79ff91bbb65fa2eff3c114089e3b5f8f4ea11a6a487b325b80a327e248
Module: ZebuClockDetectFront_98
    Checksum value 9cdcb24c087ec2f40c1c831de05fe01b25d1c92e078d03a75cf071b137ddf2cc356b9ede7f2ec410f4e5df27b3ca96e8931993d0cdbed68364a2c1da091b5a55
Module: ZebuClockDetectFront_99
    Checksum value a14f65513d122ed33f5f708675ce7154cbc5b35fe21c6b13f81b882f7ffc5ba9a83c3d351a19902cda28d3335239298000ebe3c745c740908b961ecadd176b8d
Module: alb_mss_clkctrl_clkgate
    Checksum value 6b17fe8b875768d3fdfba85a2d0ea9407f57479b8ff7dc9f4158aa505f7475c729928ffc670e843c8007346b6338dccd0f81bd080f3c32e05671b9051474555d
Module: alb_mss_mem_clkgate
    Checksum value 8389c20965f5a72a3693db7ac3f7f59b9a52ded1c373bc0c6483be2d0b40f6cba7041db719fd833f18d456855392c5f30cabe879788d855b808796b2326bb34c
Module: clkgate
    Checksum value b4232996150eb048b8330927d4bda399a4423d48e47708e28bbdd1e7273a12eb746fccf3bd9b8abb434650249bf32a94c0dc0a6d225154ff6865891e9e00af3e
Module: dm_clock_gate
    Checksum value ef6fb735a7a7083e8757ca8c3e77a056653fa0924190652a14cc7db73605ac353e151f880e04c36201a51edada3976de1636b38f3c5919267c81b7d62dd6f07f
zFAST output analyzed
