zFAST results analysis:
Update context
Source unit: Design
RTL group: Default_RTL_Group
Module: alb_mss_bus_switch
    Checksum value 2e6f09f4ac4476fccad85fd4b5ca090be2c8a1710f01e72b468bd479d4bc1891a24a90317dabe74f758689ab70b759d119fbc6379402d0ff56b67adc359c7408
Module: alb_mss_fab_fifo_0000_0000
    Checksum value ae3543765cd4ac8f96d0d85432859fa817665ae49eab7422246a13f3b2e146fa0a38f6119f12468aff537d1851df3fafcade1289e3faadd4bf20f2cadb9a5cd2
Module: alb_mss_fab_fifo_0000_0001
    Checksum value 4bc429f73942102967a0739fd0c0c87e5d55e406e965855a83087000ffbafafb7d6de39f489dfb733d043d962d54823c808ddd252a5e58c40592687edd528975
Module: alb_mss_fab_fifo_0000_0003
    Checksum value b31e69ee222097dd6674e53aab80b932f3456aa800ebd6d07fca08175d118c58e9ec1e40e68cd2de09110525a08504a97e4406e04ba8f96bbf1b37f313c2b174
Module: alb_mss_fab_fifo_0000_0007
    Checksum value e48f2bc63d294f7541ecf41c0367ae33b0b9e9f08eeeccd182d9c4b0efe53d78bb2832191d5f3cfbedf8f2d4ceb3fe49a88d640192abd99550013b9c674a2e97
Module: alb_mss_fab_fifo_0000_000A
    Checksum value 9e62966160aabb400bf25ce8008462365a9c14c5e670473516a9e317bea46eac06a95f07ceed4c133258f2214dc9131e306572f73916e89d0f693533aca8ac7e
Module: alb_mss_fab_fifo_0000_000B
    Checksum value f6cf315761f24f9176923b8b6a739029510839e602a4ab3a3f14e88eb01eb5684428e4e5533f00ea237039c37a6307e85ddfdb71708a20f0009afa7916690813
Module: alb_mss_fab_fifo_0000_000F
    Checksum value 11abc202ebbfc0ab273f99a78600ffedfeb6058b923a9e4580de76cde7af41326cd447d4670aec93853101009f205c7e34e8f21db34083091f8720b9f9f6e4c4
Module: alb_mss_fab_fifo_0000_0012
    Checksum value e204e151d52f8d40a792fc1a6b760bab98482db2af7c96c7d11db79f30d323476678dd32622bf1f9ac2a3447a5e48129a48e4cb7e5bec98b2193beaafc7c96b2
Module: alb_mss_fab_fifo_0000_0013
    Checksum value aae37d9ab08281d0f501abd1fb4556ba7b7c2565e535d16f37ba11690313abd3c0703b5f48dd7587ffcf87bf50f7f6a730d7c524b7c8084feca3ad21bec8a418
Module: alb_mss_fab_fifo_0002_0001
    Checksum value 2169cda498a83d5d9e73399b94a93eefe059a8cae55473d22e1144d4b8755abcfa80a406606996a0369b41bb0d34e593af9b847762ddea0a8735a6b14e373cc2
Module: alb_mss_fab_fifo_0006
    Checksum value c241e01469d0638e2d72153b015040a9cb701739f69fc8ada7f2466b56a9c4e5e72d77938ec87f91b4eee66fac0f493d68ef9af94a2703c899e84f3446e48ddc
Module: alb_mss_fab_fifo_0006_0000
    Checksum value 2893bd788a5bc6b49eb68bd980757c6fd202cbe61da10bfc2254ac327ea63350e5446c9a38f2442efcd1da70755020db15e2373c625f4d57882d232b42a6f73d
Module: alb_mss_fab_fifo_0007
    Checksum value a1710f729458bc02b8c902d4e0ea1a03be4711e1315b9943d112ff1e4bf4cdbd181d007d8decd6704c2207b5fe18028175dd61820ca4d28f9c0c3afe4f4aa528
Module: alb_mss_fab_fifo_0008
    Checksum value dccb7bf7acf4daae3ba5e4249a66c9e04f62c686b96c0b532b22d6edc9326b17d4618ec2dc44762a9f0395b3462e42d745602d6b558ecb1f4ca1c520d5f7a7b4
Module: alb_mss_fab_ibp2apb
    Checksum value 88c593e5fc968e300f644b3e5a2a5b685c4fcdf01426c145793b8a6a09189e9193d007b9a86d9231a7cbcbfab8d83ea7fcde46f418f6317a9e308f589f5916e3
Module: alb_mss_fab_ibp2apb_0000
    Checksum value b17fe6bb6cbb7b2ca1ed93a15b096a757fee77895c5dadfa13a0a5832ec4d781ed002c4d068155e43a6801aea969ad10e3a56eb17acf5b03b94d0cf2032c5c7c
Module: alb_mss_fab_single2ahbl
    Checksum value 1591054a21602e571027e989480c3b4b5235e4458ca056add876de840d6007559e205cca9d5658a5f6aeb947d3fd98d58b442d8e633fa1950c42779e559f8684
Module: alb_mss_fpga_sram_0000
    Memory alb_mss_fpga_sram_0000_zMem zmem alb_mss_fpga_sram_0000.zmem
    Task added: Memory alb_mss_fpga_sram_0000_zMem (design_Default_RTL_Group_Memory_alb_mss_fpga_sram_0000_zMem)
    Checksum value f3347922bc96ff140ac447d9d81e4597d5d8f96d5e7aea43282aa58c32e237e10a3b65937af9692f82432b1ce7f6039fc98600b98deaa95175a89925547cd8d8
Module: alb_mss_mem_fifo_0000_0002
    Checksum value 2ff22f7bc651b89021a343cdef5dbc1ccdc3585dc4d2b71d2ab226caacdfd99638a5d1ac7b7d8b5a6e0e353fa2a17741ca1234692a39e9f6e1fdfc4129e0606d
Module: dm_hmst
    Checksum value 1b3cfb00b54bcc3577fef6ce280a587ab57fbb801a8d91fb300e76ef0673e41ce1b9bc552b3876dbbcd9955a0e7f47e5f5ce1d6da6a19b36ea082e714ca1b65b
Module: mss_bus_switch_ibpn2ibpw_0000
    Checksum value de94189eaebe9fc9aaf0491433c5abb94444f7e92fafc3be228560fe72225657c8fe6964197306f754a696e96aa9e934e23256637432a7e8d1dc720cf3d97bd7
Module: rl_branch
    Checksum value 2de0fe2d9434fca43a11e480456aa70bce63c5eb29b2c8597d605a6eefb5ddebbd27af794cc43876f70628ccc311a8b992a96925a814445c9b705237175decf1
zFAST output analyzed
