zFAST results analysis:
Update context
Source unit: Design
RTL group: Default_RTL_Group
Module: alb_mss_fab_ibp_lat
    Checksum value 161da971ed8dac625cfb0c25097fc1421d9472a49307375a1f092e683d6d0ec9b6b76fe28a80d6fc0f85d13b9368fde466eaf9e2f688dc48939507f03bcaa3ae
Module: alb_mss_fab_ibp_lat_0000
    Checksum value 933e3674ee17e0258f90a5f71146530238658245e08b2fd6c0bcddb21098b4df4b8de9c2952bb34e38d027bcc72f7478fc554ae8123a1108eea23b82bf2cf9d1
Module: alb_mss_fab_mst_axi_buffer
    Checksum value 8c8310f966c3155f496e48265274ab2225c423e154eae4600243a57eec5df45adfc9c0e7e32911dbe48e91b9f7574fcd0f01c6d344b501f381b1864176183a4e
Module: alb_mss_fab_slv_axi_buffer
    Checksum value 257a85d99a81a3838aea53ce1e173b8fa8f5fcf2008242e3e81f85df11c709f3d913b0b68338f5f424301bcc021fadc851665dd3a5a258cff24f6e46f32ab7e8
Module: alb_mss_fab_slv_axi_buffer_0000
    Checksum value a0fd9ea3c280d9bc6a7870599491dcbf3cb6752bfdbe03594fb976a14a39ca7082d2dd67d2ac1daf074bc75ffe59adbecb9625a669da7c8b13c6a1852b088dc7
Module: alb_mss_mem_bypbuf_0000_0003
    Checksum value 90cd06d521a6f7aa6ffaa5f2f37b39f72427621024bcdfeb84c5c549ba1d5de05b3df08a311eb7ed56ecc533fa529b8d82a1410b5edee3eb7078a74f3ba58ac1
Module: alb_mss_mem_ibp_lat
    Checksum value bdf9dadd9980e3dfc70401d835f77270cb7029625185ef742b23334c1379fffea02ca400263b35a6ee034e0ad66b48f7d1fad005a89572819332b3f639a19330
Module: arcv_dm_top
    Checksum value fcfec372bb6056bc2b70ab4abbe4452f7a0ade6c0616e7f2b763ca13aa3ed8cbfb3c2c34fb6a5b262917f2b4575a2f9ac4b459d8cc6faa8cc717cd86952eb86e
Module: arcv_wd_parity_0001
    Checksum value 31f52d3078d263831b7016a200621402af435faeb0b3a958e8d8700d5be5650215fc000e89fdec97e55173253543a242717d0af7f27a57b3220f63194cf7de68
Module: cpu_safety_monitor
    Checksum value e3136242298e102d9a2ed76a6f5a4d646171eab4347243b7d8cbd0b5bbc38c5ec8cb73bb49c58560cae9fef7c7e184fbf307e530b546d7309d3f05be6afa962c
Module: fpga_sram_0000
    Memory fpga_sram_0000_zMem zmem fpga_sram_0000.zmem
    Task added: Memory fpga_sram_0000_zMem (design_Default_RTL_Group_Memory_fpga_sram_0000_zMem)
    Checksum value 1a1c093c938048e6aefd1620f1a0f05da1d5b052af3ee1306ceb86a7c9ef1ea6374361c160a3e5ae9cdba82d976bc5c6ef99846621b200d2b8952f75c41c324d
Module: iprio_arb
    Checksum value b7ef53865542fe0a0dc25eb8377aecbba66929f0f3c796f73e43c4fa514e10c2c22ba0e016adadc9f20e287651a0e017dcd52e0690ab7c41ce9c6810b8b0ca41
Module: ls_compare_unit_0001
    Checksum value e6b2138bdfd3ed8b0cc2d463f662303a9d1cdd310588d0d6c08bdeb380bd1ad80940b18af0e124362af791c091f7809f91ea94b2874f549ed315f55ed43975b0
Module: ls_compare_unit_0005
    Checksum value 97bcaf92c32cd6b8f49f445ed0b96eacc076356f187359249ddf4c3b4330169589c982f1753ded6810cb757c19e17b60e5052cfe0843a147f379b27470edef38
Module: ls_compare_unit_0009
    Checksum value a94f219774d0fec1931820ad5521365519fcfadfdfab2af1ea1c0b26c0fc4c5cd2bf20e773249ee0bbb4e2053ccf1be9ad1fa295c36278a47fa07f52e9a06ee5
Module: ls_compare_unit_000A
    Checksum value 2fe40b77f83bdc7726ea14b44c162059906526ad8e40d53ee2e4b40a358303fe6add65f9760ebe295663b2a9ead0dd00159a121c98cfc40350836682d56cf06d
Module: rl_bitscan_32b
    Checksum value 36e277addbb5278af2161534678e275a815c246efc3fb7faf9641b0ca98a7f3f2dd21aacb901c62965bbfeadaf788d5cf80b14713a8774a51c25f4b8a7a2ff40
Module: rl_bitscan_8b
    Checksum value 8f9633e28f267eb9b69df63c8467f65da3e9c8a12ce34371300d5821e171329f8169a748b23afce49de3caaaee8d7e21171e102b272aa35e5e18ce7afb5c7eb6
Module: rl_byte_unit
    Checksum value 142b59fb728fec9b2353d89293ea3cc599f7e24c8b15083a7cd715ef1f14f417dd5cdb97c993cb52f08eb0be0e40c139342df1cdc926a93fdc755bd37e5d3c6c
Module: rl_core
    Checksum value 5478da4682f62f66fae991586f0c279315e392d047058d96ea8b6dc81f381761d9aa7ce7b2b11cf48af9a31dd2d0dbf3153999614da8e431aec86ede4fb69951
Module: rl_exu
    Checksum value b5b48fd6d32aaf96e363fb9f44a07124fce07c36e8213c2214bb23bf407db71ee70212a5af3b2935a03bcfbc8b20dca32815f368eee71738622d56a5570d902b
Module: rl_ifu
    Checksum value 76efc7b7930ab3dab3f6c12f3fc320df541042382bba8c5369948039ffd4b218f7672fdff3eaa7edfa12cd9bf37f285b1557be777e2b9861fde04880cb9f45b6
Module: single_bit_syncP
    Checksum value 0071af44d81d05bcbf9fa0d71b947a7d17aea0e08f56bc23ddd0ea40a8d5170b067be56c71857a507f0715d687b3fb184059650adaf7ac9e998954d1ba59ade3
zFAST output analyzed
