zFAST results analysis:
Update context
Source unit: Design
RTL group: Default_RTL_Group
Module: apb_master_ap0
    Checksum value c727b678a53472c804d4e6009e72d13f1235ef2df63b38b3c18bdaf774414871887f6aec89bafd6ad69ddd689310971ce00e5cb14c0fc58baeed177918e72ecc
Module: dwt_debug_port
    Checksum value 3275373719dc54181748cf425cd6d278a006c2fa6d32ef1ee3084af0f5d48f3873937a9a87e07167b500437ed6157a576f5a82a8215b3b34966708e3266d7921
Module: mss_bus_switch_fifo_0001_0001
    Checksum value 3af5cf77066ee9ca98e81a21766c906869884f2a44e4c322733ad6acc79bd2d37efa5d79420ff6d0ea3831faa11fa393ee6e8659d8cbfcd42eb92abcfc306968
Module: mss_bus_switch_ibpw2ibpn_0002
    Checksum value c9beac1e9b143d4e9a2ff6760981f88720b38cd6bc3950982dac3a55124ede9fb5b272ae75d5b07cfcb52c08ed298611a5eaa722d230a6f1c182a4d0cf73cdcd
Module: rl_regfile
    Checksum value 2434b06fc4e1beb252a1757e34cf387f0abd3659a5cb4d1c28c37c15d191e0d9caf852600ecdc1c1377565fef1afffe9e15cf2df4d053f1a5f45d4b2d1ead4f2
Module: rl_triggers_iso
    Checksum value ce42a235ab7f6b3203e1adc95b7ad633fcccc27b2bad5f5a58ea3b908f8624a8bb0e4ca0ea3e6b28a91f44640032c84b908cd39f5783fd0a4c6fde2eb7b9e2d1
Module: sr_err_aggr_0000
    Checksum value 54d10c03fd05818d8faa78faa2189e0cd8b3fc1e1ed912c4f1734c9f37ffa462aa0188d1ded7404308fdadfd758a9f7ffd1f8de0fef081e16e07530ea98645c1
Module: zz_Encrypt_12
    Checksum value a4830bb2af21041026ef59697f8058fa28ce93b21bbcd0c2951ebe9ad55c9b02b225811cea0c68d4dd769cb816ce79cacb81964fb72a84b38f15af6252773ad0
Module: zz_Encrypt_2
    Memory zz_Encrypt_2_zMem zmem zz_Encrypt_2.zmem
    Task added: Memory zz_Encrypt_2_zMem (design_Default_RTL_Group_Memory_zz_Encrypt_2_zMem)
    Checksum value fb7403ef88e67dd90bc79f9098c44a899e79bf7bb34b9162b2efee61a62a98b2261a7a9be9f36b9cb0a6b8bcb7863caa0622c588219d80ea95f522f9faf854df
Module: zz_Encrypt_6
    Memory zz_Encrypt_6_zMem zmem zz_Encrypt_6.zmem
    Task added: Memory zz_Encrypt_6_zMem (design_Default_RTL_Group_Memory_zz_Encrypt_6_zMem)
    Checksum value 1d7eae835304e72f11c9c03ce4428b24fd541a372088127cf48dd66ae09f5caefd22a6ab88074bca7a9c5c85f51472009b19bb747e720849942ae8065f0dc44f
zFAST output analyzed
