zFAST results analysis:
Update context
Source unit: Design
RTL group: Default_RTL_Group
Module: alb_mss_fab_ahbl2ibp_0000
    Checksum value f7739b85528b32b857bf375109e5bdb74e2130b1ca8477635ad3205a4420091586b4bf6359cfbafa20c965d0b6d43ea0aa3907530f1adea7ffdb1570ebf0b9b6
Module: alb_mss_fab_fifo_0000_0010
    Checksum value 9a7e30f0709a3b8d4d21787505d39b7f09c5a2588a1c4b35b3f172d2cde5b0dae05bd7f46ee1b8acbf0822a7c067dd580844962387078e4741da0ab96144699d
Module: alb_mss_fab_ibp2single_0000_0001
    Checksum value 67bb1e003e8b041bbb22ea048058b4a035df27cb858aeb703c3f2a1bc58d2a6bb36efed11317f19f94395da8b10f32b1739d8f68358305cb8b03a45f6f9e6528
Module: alb_mss_mem_fifo_0001
    Checksum value 7e99545f0008cab7076d476ead130405595b00c8ec4760e3dc3c2bd56e29947b178aeb6a816fe24322f2fc3ebbb3dfedefd56096389305bd6b63218f4247b12d
Module: alb_mss_mem_fifo_0003_0000
    Checksum value 8e78f4696a3c2160880cda6a90e9d55591edc8b98fa0d383d019c7264445affd91ade2eb600f928d9d3cb61c8a6332db0f9b8dc784611af46b44aee2f12db29c
Module: arcv_timer
    Checksum value bad6199d71a1a8457dce74a3fe32fb1e3517ca90414db3e82492257bcb47a4ffda1f55857a8abc63a3c152746f73180384652e1971a97fe818c40a80cfcee120
Module: arcv_watchdog_ctrl
    Checksum value 1190779e45a2fcfc1dbaec8d50419b374d800c3ac1988062c6853f5feb5c89ae295749d30698f13e117bf868150e5cfd0ee9c0069be3a59a09e447cbed60f2f6
Module: ls_sfty_mnt_diag_ctrl
    Checksum value 44bd5e308583bac9be8938293d6a59bf0ce86de6b793e7da8de12ee07dfdd6aeda2efbeb73bac881ee63c7bf6d443b0e8ca3dd14bdb8ae9d8b89e1b357ce6ff2
Module: mss_bus_switch_fifo_0001_0000
    Checksum value 669061b6d9abfb2da0ce623f64f7620cfd9ec2f15ef69340d6353a2f59b18da678995a54c3baab1ebd4eef00efbd0a3ebc4f0743de5847597939ecb8f1cd1e28
Module: mss_bus_switch_ibp_compr_0000_0000
    Checksum value eea13088ace04439e131eaf75f1c8ca6f5beda745f18e0d744f38c4617253c513c41fe0009a465bbff4765b4ccbc5a93947e344ac63d4bba32841027c6194093
Module: mss_bus_switch_ibp_split_0000
    Checksum value aa36b042e7f8f901484a4cdac7d346ce5f6390d8e8eeb7ae900c4a6e137dd0aeae6ef59950bba27a7c0a7ed716b5d45c70931fb27fb1cbfe8d3c91f56b857ff8
Module: mss_bus_switch_ibpn2ibpw_0001
    Checksum value d9ba26e87753e0d384c13ebc0a3cab6bf5a4c9b8356452dea5f7671f2b05a5c6a7bc14ee805e95666799726b2f86b92ac4404b3bb19e312df30f1ee08e0dd40f
Module: rl_complete
    Checksum value b780b20c1b639c385c3427e350608581a1a722f062b240bb4cf0cc74de03802758dc7afc0844d906f038c2000521bfe2273146a941ff2f52843fd9d929379507
Module: rl_debug
    Checksum value 6c2f147deaf42334c340832e9ef6ef764604057b678c6cd513d126991c5bfc07c5deaac2995e8b70ee5ce34e18748f914bdf2dbaf57594d0699d3b085f944d86
Module: rl_dmp_amo
    Checksum value 598d2178e41b2589321323dda3eb2425d51ac86f15c5a3fd5ce0713018f065ea7cc6305fa8edffb39fb35fb978f648683235a78fa47a9851dfa036e2217448c3
Module: rl_dmp_cwb
    Checksum value 4e3da236fe5dd289bee3d15c408ef1c077061544d87fd45bb17a4079cea240ba3d1dfd1b19f358151942679125876d1981a165e80924ff121c1a583a19f43b57
Module: rl_dmp_dccm
    Checksum value 3298b7d3b585dfaeea6b923c4a5fa9d4cd7fe959698ac05d2ad86565b288e67f3c3120d9b8cd22b3ac34806cdb098fd0422f4c537e97e9f2fd78f85e2977bba3
Module: rl_dmp_dccm_ibp_wrapper
    Checksum value 9a60d682e2e74362be6735207dbf404a580385ce9fa838eb51a4e2d3e8144374f036e4088819ca920922167375348a6a7fb7d38ea4b1df4bf6c44afaf4d6be72
Module: rl_dmp_lsq
    Checksum value f1efa8c7013ed0749467b8e61d4f6ac274d6ba4b9720e4524f703549a9720697a8bab181d96027c1e66631b56484b83f36428b84d0475ef692829ed8fe1ee76c
Module: rl_ifu_align
    Checksum value 1c0d56feb8600f719c3ad5db5cad5a158588eb11e7a481d177168c187bb3d1af9408368d26bbecc26252bc944a98f824d4c414392c7e852b729d38fcaf7e0a53
Module: rl_ifu_icache_ctl
    Checksum value 715ced2df499c8ffb6a6f6baea014c7dc59b65e4da8a74629f633a05f834f0ae34a2430b216893701f3d532a6a5ecad1355a47ee62885f7529cecc9aa3eea307
Module: rl_shifter_0000
    Checksum value e1083a2115bb8c1373acb7e1c87ba8297d13ce323b04589adfd34f8251e760a3d7cc46c3c3295a83b8932d06d61780f42d14cfd6cf848d2e07bf3f8f8c843d1d
Module: rl_uop_seq
    Checksum value 6f5b4b8e53aa218ea8fc9ff48d48f93031bc843765f9224f7964a7473710aaf2a9632d8dec163b6f66c80c568ec45d55d58a302f9acf5288d0238b301c3d9583
zFAST output analyzed
