Job <80651239> is submitted to queue <comp>.
<<Waiting for dispatch ...>>
<<Starting on odcphy-vg-1162.internal.synopsys.com>>

                                    ZeBu (R)
                                   zRtlToEqui

            Version S-2021.09-T-20240508 for linux64 - May 08, 2024 

                    Copyright (c) 2002 - 2024 Synopsys, Inc.
   This software and the associated documentation are proprietary to Synopsys,
 Inc. This software may only be used in accordance with the terms and conditions
 of a written license agreement with Synopsys, Inc. All other use, reproduction,
   or distribution of this software is strictly prohibited.  Licensed Products
     communicate with Synopsys servers for the purpose of providing software
    updates, detecting software piracy and verifying that customers are using
    Licensed Products in conformity with the applicable License Key for such
  Licensed Products. Synopsys will use information gathered in connection with
    this process to deliver software updates and pursue software pirates and
                                   infringers.

 Inclusivity & Diversity - Visit SolvNetPlus to read the "Synopsys Statement on
            Inclusivity and Diversity" (Refer to article 000036315 at
                        https://solvnetplus.synopsys.com)

# zRtlToEqui --zebu-work . 

# start time is Tue May 13 18:33:13 2025




# Build Date : May  7 2024 - 21:31:12
# ---------------------------System Context--------------------------- 
# Cpu        20 x bogomips - 4805.95 Intel(R) Xeon(R) CPU E5-2640 v4 @ 2.40GHz
#            Load: 8.78 5.32 5.24 5/653 374626
#            Hostname: odcphy-vg-1162   OS: Linux 4.18.0-425.3.1.el8.x86_64
# Memory     Total: 257566 MB Free: 188655 MB
#            Swap space: 262143 MB Free Swap space: 257547 MB
#            VmSize: 141 MB VmPeak: 141 MB
# Disk Space Total: 5000 GB Available: 554 GB Used: 4446 GB
#            Free inodes: 11763356
# Stack                                Soft Limit           Hard Limit  
#            Max stack size            unlimited            unlimited            bytes     
# -------------------------------------------------------------------- 


#   step RTE : --threads: using 10 threads (maximum is 20).
#   step RTE : Loading NameDb (RHINODB) from '/slowfs/us01dwslow023/fpga/lianghao/zebu_install/VCS/VCS2021.09.2.ZEBU.B4/07052024/INSTALL/VCS/vcs/S-2021.09-2-TZ-20240507_Full64/linux64/lib/libNameDB.so'...
#   step Compute indexes : Starting
#   step RTE : signals = 68410, vectors = 881702, power domains = 0.
#   step Compute indexes : Done in       elapsed:0 s      user:0 s      system:0 s       %cpu:0.00       load:8.78       fm:187779 m      vm:274 m       vm:+0 m      um:137 m       um:+0 m
#   step Load equi netlist : Starting
OptionsDB Info : Started reading options db ./options.db
OptionsDB Info : Default value() overwritten with post_routing_basic for zopt
OptionsDB Info : Completed reading options db ./options.db
OptionsDB Warning : Use of the environment variable 'ZEBU_ENABLE_NEW_ZTDB_RB' will be deprecated in a future release, please use 'set_app_var public::ztdb_rb_api 1' in your utf/tcl file.
OptionsDB Info : Default value(false) overwritten with true for ztdb_rb_api
#   step EDIF LOADER : reading EDIF file '/slowfs/us01dwslow023/fpga/lianghao/zebu_install/ZEBU/VCS2021.09.2.ZEBU.B4/07052024/INSTALL/ZEBU/zebu/S-2021.09-2-TZ-20240507_Full64/etc/libXilinx.edif.gz'
#   step ZNF PARSER : reading netlist from ZNF file './tools/zDB/zTopBuild_equi.edf.gz'
#   step Load equi netlist : Done in       elapsed:1 s      user:1 s   system:0.11 s      %cpu:97.20       load:8.78       fm:187054 m      vm:763 m     vm:+489 m      um:409 m     um:+272 m
#   step Build whiteboard : Starting
#   step Build whiteboard : Done in     elapsed:0.4 s    user:0.5 s    system:0.1 s     %cpu:169.01      load:11.60       fm:187042 m      vm:808 m      vm:+45 m      um:417 m       um:+8 m
#   step Build indexer : Starting
#   step RTE : 571676 equis, 851822 unfolded wires.
#   step Build indexer : Done in     elapsed:0.4 s   user:0.21 s    system:0.1 s     %cpu:494.38      load:11.60       fm:187023 m     vm:1576 m     vm:+768 m      um:431 m      um:+14 m
#   step Build MuDb : Starting
#   step Build MuDb : Done in       elapsed:0 s      user:0 s      system:0 s       %cpu:0.00      load:11.60       fm:187021 m     vm:1576 m       vm:+0 m      um:431 m       um:+0 m
#   step RTE : Build EquiIndexToZrdbRep started at Tue May 13 18:33:17 2025.
#   step Browse netlist : Starting
#   step Browse netlist : Done in     elapsed:0.1 s    user:0.6 s    system:0.1 s     %cpu:700.00      load:11.60       fm:187015 m     vm:1585 m       vm:+9 m      um:437 m       um:+6 m
#   step Build RTL to equi mapping : Starting
#   step Creating resolvers : Starting
#   step Creating resolvers : Done in       elapsed:0 s      user:0 s      system:0 s       %cpu:0.00      load:11.60       fm:187015 m     vm:1586 m       vm:+1 m      um:437 m       um:+0 m
#   step RTE : 8 resolvers created.
#   step Running resolvers : Starting
#   step RTE : Build EquiIndexToZrdbRep ended at Tue May 13 18:33:17 2025.
#   step Running resolvers : Done in       elapsed:3 s      user:3 s      system:1 s     %cpu:150.20      load:11.60       fm:186702 m     vm:1676 m      vm:+73 m      um:533 m      um:+86 m
#   step Serialize data : Starting
#   step RTE : signals = 68410, vectors = 860402.
#   step Serialize data : Done in     elapsed:0.7 s    user:0.4 s    system:0.1 s      %cpu:68.49      load:11.60       fm:186684 m     vm:1679 m       vm:+3 m      um:537 m       um:+4 m
#   step Build RTL to equi mapping : Done in       elapsed:3 s      user:3 s      system:1 s     %cpu:143.32      load:11.60       fm:186683 m     vm:1672 m      vm:+87 m      um:530 m      um:+93 m
#   step Property DB : reading property DB from file './tools/zTopBuild/zTopBuild_propertyDB.gz'

#   exec summary :    0 warnings,    0 syntax errors,    0 fatal errors,    0 internal errors
#   exec summary : wall clock 0m7s, user 0m5.74s, sys 0m1.490s
#   exec summary : Total memory: 1712628 kB - RSS memory: 543584 kB - Data memory: 1337480 kB
#   exec summary : Successful execution

# end time is Tue May 13 18:33:20 2025
command exit code is '0'
