#   13/05/25  18:37:48 - Cleaning all previous PaRs
#   13/05/25  18:37:48 - Clean task not needed
#   13/05/25  18:37:48 - F01.Original added
#   13/05/25  18:37:48 - Process running PaR jobs
#   13/05/25  18:39:20 - F01.Original xstep message received: '1747150702 pid 2956993'
#   13/05/25  18:47:30 - F01.Original xstep message received: '1747151249 running VIVADO_NETLIST_ANALYSIS_PREPROCESSING'
#   13/05/25  18:47:30 - F01.Original xstep message received: '1747151249 running VIVADO_READ_CONSTRAINTS'
#   13/05/25  18:48:30 - F01.Original xstep message received: '1747151310 running VIVADO_OPT_DESIGN'
#   13/05/25  18:53:34 - F01.Original xstep message received: '1747151613 running VIVADO_POST_OPT_NETLIST_ANALYS_PROCESSING'
#   13/05/25  18:53:34 - F01.Original xstep message received: '1747151613 running VIVADO_PLACE_DESIGN'
#   13/05/25  19:04:42 - F01.Original xstep message received: '1747152281 running VIVADO_POST_PLACE_PHYS_OPT_DESIGN'
#   13/05/25  19:05:42 - F01.Original xstep message received: '1747152342 running VIVADO_ROUTE_DESIGN'
#   13/05/25  19:17:51 - F01.Original xstep message received: '1747153071 running VIVADO_POST_ROUTE_PHYS_OPT_DESIGN'
#   13/05/25  19:17:51 - F01.Original xstep message received: '1747153071 running VIVADO_TIMING'
#   13/05/25  19:18:52 - F01.Original xstep message received: '1747153132 running VIVADO_DRC_BITSTREAM_CHECK'
#   13/05/25  19:18:52 - F01.Original xstep message received: '1747153132 running WRITE_BITSTREAM'
#   13/05/25  19:20:54 - F01.Original xstep message received: '1747153253 running VIVADO_ZTIME_ANALYSE_ROUTE'
#   13/05/25  19:21:54 - F01.Original xstep message received: '1747153314 running VIVADO_LOCATION_BUILDING'
#   13/05/25  19:22:55 - F01.Original xstep message received: '1747153375 running VIVADO_WRITE'
#   13/05/25  19:25:02 - F01.Original xstep message received: '1747153501 finished OK'
#   13/05/25  19:25:22 - F01.Original terminated: OK
#   13/05/25  19:25:22 - Wait for discarded running PaR jobs
#   13/05/25  19:25:22 - Linking winner PaR
#   13/05/25  19:25:55 - Finished
