#   13/05/25  18:37:48 - Cleaning all previous PaRs
#   13/05/25  18:37:48 - Clean task not needed
#   13/05/25  18:37:48 - F00.Original added
#   13/05/25  18:37:48 - Process running PaR jobs
#   13/05/25  18:39:20 - F00.Original xstep message received: '1747150702 pid 2956994'
#   13/05/25  18:42:26 - F00.Original xstep message received: '1747150946 running VIVADO_NETLIST_ANALYSIS_PREPROCESSING'
#   13/05/25  18:42:26 - F00.Original xstep message received: '1747150946 running VIVADO_READ_CONSTRAINTS'
#   13/05/25  18:43:27 - F00.Original xstep message received: '1747151006 running VIVADO_OPT_DESIGN'
#   13/05/25  18:45:28 - F00.Original xstep message received: '1747151128 running VIVADO_POST_OPT_NETLIST_ANALYS_PROCESSING'
#   13/05/25  18:45:28 - F00.Original xstep message received: '1747151128 running VIVADO_PLACE_DESIGN'
#   13/05/25  18:49:31 - F00.Original xstep message received: '1747151371 running VIVADO_POST_PLACE_PHYS_OPT_DESIGN'
#   13/05/25  18:50:32 - F00.Original xstep message received: '1747151431 running VIVADO_ROUTE_DESIGN'
#   13/05/25  18:53:34 - F00.Original xstep message received: '1747151613 running VIVADO_POST_ROUTE_PHYS_OPT_DESIGN'
#   13/05/25  18:53:34 - F00.Original xstep message received: '1747151613 running VIVADO_TIMING'
#   13/05/25  18:54:35 - F00.Original xstep message received: '1747151674 running VIVADO_DRC_BITSTREAM_CHECK'
#   13/05/25  18:54:35 - F00.Original xstep message received: '1747151674 running WRITE_BITSTREAM'
#   13/05/25  18:55:35 - F00.Original xstep message received: '1747151735 running VIVADO_ZTIME_ANALYSE_ROUTE'
#   13/05/25  18:56:36 - F00.Original xstep message received: '1747151795 running VIVADO_LOCATION_BUILDING'
#   13/05/25  18:56:36 - F00.Original xstep message received: '1747151795 running VIVADO_WRITE'
#   13/05/25  18:58:05 - F00.Original xstep message received: '1747151885 finished OK'
#   13/05/25  18:58:26 - F00.Original terminated: OK
#   13/05/25  18:58:26 - Wait for discarded running PaR jobs
#   13/05/25  18:58:26 - Linking winner PaR
#   13/05/25  18:58:59 - Finished
