#   13/05/25  18:37:48 - zDB_Global will be launched
#   13/05/25  18:58:59 - Fpga backend_default_U0_M0_F00_PaR_Controller is passed
#   13/05/25  19:25:56 - Fpga backend_default_U0_M0_F01_PaR_Controller is passed
#   13/05/25  19:25:56 - zDBGlobal Script Written
#   13/05/25  19:25:56 - Task added: Create Global DB (backend_default_zDB_Global)
#   13/05/25  19:25:56 - backend_default_zDB_Global Spawned
#   13/05/25  19:26:25 - ZRDB merge breakdown:
#   13/05/25  19:26:25 -     - Initial_load : 1s
#   13/05/25  19:26:25 -     - ImportConstants : 0s
#   13/05/25  19:26:25 -     - EquiConsolidation : 0s
#   13/05/25  19:26:25 -     - Import_FPGA_U0/M0/F00 : 1s (offset: 3s)
#   13/05/25  19:26:25 -     - Import_FPGA_U0/M0/F01 : 3s (offset: 4s)
#   13/05/25  19:26:25 -     - MergeZebuDb : 0s
#   13/05/25  19:26:25 -     - ImportProperties : 0s
#   13/05/25  19:26:25 -     - ZebuPowerOnReplication : 0s
#   13/05/25  19:26:25 -     - CoordConsolidation : 0s
#   13/05/25  19:26:25 -     - FlagSignalsAndVectors : 0s
#   13/05/25  19:26:25 -     - FlagNodes : 0s
#   13/05/25  19:26:25 -     - BackslashMemDb : 0s
#   13/05/25  19:26:25 -     - ComputeAndSaveCRC : 0s
#   13/05/25  19:26:25 -     - CopyPowerDomainStatusCoordinates : 0s
#   13/05/25  19:26:25 -     - SaveMemories : 0s
#   13/05/25  19:26:25 -     - IndexNames : 1s
#   13/05/25  19:26:25 -     - ExportToMuDb : 1s
#   13/05/25  19:26:25 -     - BuildExtendedPowerDomainDB : 0s
#   13/05/25  19:26:25 -     - SaveNames : 0s
#   13/05/25  19:26:25 -     - SaveXCui : 0s
#   13/05/25  19:26:25 -     - SaveCoords : 0s
#   13/05/25  19:26:25 -     - SetSaveTreeParameters : 0s
#   13/05/25  19:26:25 -     - SaveTreeLight : 2s
#   13/05/25  19:26:25 -     - CleanZebuDb : 0s
#   13/05/25  19:26:25 -     - SaveZebuDb : 0s
#   13/05/25  19:26:25 -     Best completed FPGA ratio (compilation from scratch) is : 50%
#   13/05/25  19:26:25 - Total computation : 9s
#   13/05/25  19:26:25 - zDBGlobal is passed
