zFAST results analysis:
Update context
Source unit: Design
RTL group: Default_RTL_Group
Module: alb_mss_fab_fifo_0003
    Checksum value ba23f56d47fd1f55f6d1765aa47dccf716814c89c25f0b1500d6d8a3303bd8b489d36838aefd02e91c812ed0c889a69742b7732ba7c2fae71f322115fb712623
Module: alb_mss_fab_fifo_0005
    Checksum value 7139b884298c17056b64cd0f85375441ae102b50bacf1997be16267f5be2ffe014965ef2c7677ea077c927878913e50e84178832cfb1f4188f0ec8947b431bf8
Module: alb_mss_fab_ibp_buffer_0000_0000
    Checksum value ec5fb36a9f8c6c5a2505b2ba750a72044fb59f8be837eab0831c323110d6560d9f6f3c90f4c961c501f7b61059db93249d411d766f28c2da936e1e8a99d0f6b7
Module: alb_mss_fab_ibp_buffer_0000_0001
    Checksum value 34970709133b1cad888f66237249421e4229df638ca63a3f02e8535c6beedd00ed2d48a8698e16dd7e5a3ab229afe30bc7140576c0b4c2c93d0db501d3b5bd75
Module: alb_mss_fab_ibp_buffer_0000_0002
    Checksum value ba9b51f1ed61209cedee6ae1e5cb280026e3e704d7095a93a13189b161c0e7b5b6ec2f091dc443f90ac04348bb326986abf3cb8e9adad8db40dbf9f9fd431f18
Module: alb_mss_fab_ibp_buffer_0000_0003
    Checksum value b63057233fa7d622e4ef275019ab70e2d2df3fffd99d6758bbeb4d011eeae0d02653c2e274ecb5dab4e80d631e68c066f047d7169e67d3a53ff2b07914251a38
Module: alb_mss_fab_ibp_buffer_0000_0004
    Checksum value 203251f6b9d428975d90102422437e7d04c706237b265c3a662944304c13d1b44ac9f2ffde50fd53f1dd113c906989677cb56982e0e2782cd39c088cec4cb81d
Module: alb_mss_fab_ibp_buffer_0000_0005
    Checksum value 357187005264f65698f8958e6a9041237c9ed4cd5c18803270539ffe5cfdd8c22fe7d9a5a3f1e18777e0245c82e2449466b974f0c069ec7142cce74b2a0d75f3
Module: alb_mss_fab_ibp_buffer_0000_0006
    Checksum value 3f460ea7c2f2561ba1b606a91add4e10c61886ec17f09062727629e145c7065753525fd29306f2a16f91406e64d7f019d05ef14a4f7c9c5e43849782f4992a6d
Module: alb_mss_fab_ibp_buffer_0000_0007
    Checksum value ed0589a0f0bfa3ac93bf019e55e9cf9616f48ec9756b34446706cfe80a308404ddb1db3aba60ea484edb3a35af1c5ed7ef3ae289892ef03d891f32e3387e8561
Module: alb_mss_fab_ibp_buffer_0000_0008
    Checksum value 0ede57cf5e3ac0ad1897598e2ef21714d50765c812d11d992d59c347510844e25358fa7e9f6fb64b9ec09e9170bb3d5c850f32f5bf41e29252317b6155aab5dc
Module: alb_mss_mem_bypbuf_0000_0000
    Checksum value 5f15aa7f076e508676d03eaf064c787aa0234cb3dff64404597e463c3d39c6f1bc4b98cd9baabdd4ac31075ec8f84a59f1387716b16b42d438bea847358d1cf0
Module: alb_mss_mem_bypbuf_0000_0002
    Checksum value 1bee8e5187489bd3beadfe6045003dc8cd4042505f13088a6302375d5b156c099b407ed35254c40f8875a9655a0296be83abafb3ba62c2b7b861e32d9e8261e6
Module: alb_mss_mem_bypbuf_0000_0004
    Checksum value 72138657544a24643f74445efcb97c02327720c194a606b6632045f447430cbaba23ccbbd71bd1ef063008be2d0e0fa7aaa50e4c3efd31d88ee40a3ad69e8458
Module: alb_mss_mem_fifo_0000
    Checksum value 59c322a3b3208d75bcf291d08f895ae8d86ad172d9a61f166109fc977b5476165b4e5d2b419cad2902debd4b7fed1d1db7966b1f843048788d1572af1e409c46
Module: alb_mss_mem_fifo_0000_0001
    Checksum value 2e343443140e9c85d31d16d535d800a3a5f395ce504a382e4dcc16332f435cbd5847486fc792fbc2c8e395f813173cad8fdd44b88e6742b9c68ff73c81a93177
Module: mss_bus_switch_mst_ibp_buffer_0000
    Checksum value 148a4948029288b936dfedbfca7eb1240c14466789bf35e05feaa4b08eb77f9c550c832b1b3b869c5f97dd5b7145d4d640f957deea798af048acc315455045ae
Module: mss_bus_switch_mst_ibp_buffer_0000_0000
    Checksum value ac1b47c6a84d1d916ebe92eaa1433a9201eeb7d013fdd3535dbd36f987eae406293b8171076076a02ab1ae857537e9197a2b4ba475de8579c43e764fcbd71058
Module: mss_bus_switch_slv_ibp_buffer_0000
    Checksum value 6f42a3da9d9a1ab4c7ecf3cc285ab780e921d9ef149edab64bf82a89593b9201552cd3e7c9040f9e30a17847ef26f593870531a3c2ea38c9d0cf39a8f48cb55d
Module: mss_bus_switch_slv_ibp_buffer_0000_0000
    Checksum value 809e42b04bb9b3128d1f4df3fedea67f471fdf2d1dc0cfd8b9880d3e55fddcd6b23420c1e871deaf68ed79a1cc791bd7a7800c21208910e813b7f5827f747fa5
Module: mss_bus_switch_slv_ibp_buffer_0001
    Checksum value b1fc79b1924d4676e14ba2ccd8c711071607e3bddbab015881d8d683257e8ff21a6e0d950094eae80dbb67578c7fc16de47860b04ec9d700f19df8a0e4f26cb2
Module: rl_predecoder
    Checksum value f3bbe08d565d3ea01ad7247a49fabcdcb1dcc2c01d1a8568803c720249bc3c73f2f0dd0f65266e18921035ec491477de385a28ff5c7262f5b5719a306e26b0e1
Module: rl_result_bus
    Checksum value a5be11a19cbb63ba292e2fd5979377f3c4c7ed4c6ae6407c19ac7e8218145718b1d37cd0891e19009119993cbbf3fd1913866f974d49c1acaf3d3927d3577d8c
zFAST output analyzed
