zFAST results analysis:
Update context
Source unit: Design
RTL group: Default_RTL_Group
Module: ZebuClockDetectFront_9
    Checksum value 2e6f2e8cd55ed66be6a1ac5c2896fd66e7213e98e33d9bd596074cd1b652cecc71be04c2012711686dbcc7a626c59923392d397e70f3347d5bf8b1dfed795c6d
Module: alb_mss_fab_axi2ibp_0000
    Checksum value 9a106f9d7d9a863f6bc6b7142fec0886dc689909d843ee0e39458a56bc969c681196f8ba72eb92dff145839c2c00a3f5d7d77cc25f3dd62edaff00a889ab29e2
Module: alb_mss_fab_axi2ibp_0001
    Checksum value 80a9c76e739cf31ee65747cdb2b5367f04340a8f91c6998f2bd159c9e4e75a48738f5c87c710dab1e79334cf638ffe53eb266a78cf341b0455ef4a5f1d45f3bb
Module: alb_mss_fab_fifo_0002
    Checksum value 747f4319d5a97b5fce7dc37d8baf2feffc8713bb8cd0f00239b49ae47e4380f4551ff15642da86cbdf40eb1885099ad92c66a10787a4d0cc7e1a5676c1aefd67
Module: alb_mss_mem_fifo_0003
    Checksum value f54572c66fdc2b7a51971a8e03cb8a5f307e2d5ef6decc52680389598dd8bf7e32a2eac21408113e511bdbc28244196d6332a8354feeab3fc4633c32785e0e20
Module: dwt_debug_port
    Checksum value 3275373719dc54181748cf425cd6d278a006c2fa6d32ef1ee3084af0f5d48f3873937a9a87e07167b500437ed6157a576f5a82a8215b3b34966708e3266d7921
Module: ic_data_ecc_decoder
    Checksum value 1050c09e641d85275a2e4484ed5ea864a52977cb91121639b59270bb418415433b51ec10e6841e089df6b6cb38ed586b9325bd126c0a70cc11029187af68a5d6
Module: iccm_ecc_decoder
    Checksum value e3d4be1448501e34e8c3e9a2f2d56ac1da58c61ac04818879950ffd9a4a86b0028fc800d8c7eacca6140b0ba65be8e22b757567e8c23350d99bde04427928705
Module: mss_bus_switch_fifo_0001_0004
    Checksum value 7cebf13e47075a9a295e3fa7213e0d3e121e804467f6b0f258fd05717566f30f3247d709aa59195320828736c011f15e2293f48866eded6591e417d1fdf32674
Module: rl_dmp
    Checksum value d6bc79245b696bec28b02988decc2ed12dfaed836643be4282602e1c6eeb41a478414b192aca8927b1fd153297133d11381c92f9ff2118b8eb0a858905a035c6
Module: rl_dmp_cwb
    Checksum value 4e3da236fe5dd289bee3d15c408ef1c077061544d87fd45bb17a4079cea240ba3d1dfd1b19f358151942679125876d1981a165e80924ff121c1a583a19f43b57
Module: rl_dmp_dccm_ecc_decoder
    Checksum value ed1a1e1566ca9ec5ae2cb03628706f325773152e99663491f898b1306ec886a3954892b78deba6f5ee0da68a27ae88104883a4eb20cd18875f0d714734a5349a
Module: rl_ibp2mmio
    Checksum value d9488a6027a0623d045b0c81cd63270c15e8c4ba08c89e0867d65a52d21d73f9e36fd3a31717fdbc2026e845e2f6104c0956e02fe1ae34bb919c2b754e47ae89
Module: rl_ifu_icache
    Checksum value 3c8caae847723f863ee1f5c640f87d5f34b98c0a8bbe846e84b7929842b3270883b879c28e83d03b026966d7f6ab9bf528317ecfe4f1443ba6c8578033e46333
Module: rl_ifu_iccm
    Checksum value 9fb522bb2db587f76c99c6110ccfbce241f849008c2f7f9967a4cc4da551fb0b2d404c61f9aa5c3949f1e1318fa39510a003b8f5ab712504a49cae0880f8f870
Module: rl_maskgen
    Checksum value aece4b6a1e9a06b93415d7b17362720151376c06a5a8a90e05c9062934301cb2b4a9805fec2d47ca3d08913cdc83a55bf903110519d10294d39b1d7f913866ba
zFAST output analyzed
