Job <80639590> is submitted to queue <comp>.
<<Waiting for dispatch ...>>
<<Starting on vgzeburtdc273.internal.synopsys.com>>


                                    ZeBu (R)
                                      zFe

           Version S-2021.09-2-T-20240508 for linux64 - May 08, 2024 

                    Copyright (c) 2002 - 2024 Synopsys, Inc.
   This software and the associated documentation are proprietary to Synopsys,
 Inc. This software may only be used in accordance with the terms and conditions
 of a written license agreement with Synopsys, Inc. All other use, reproduction,
   or distribution of this software is strictly prohibited.  Licensed Products
     communicate with Synopsys servers for the purpose of providing software
    updates, detecting software piracy and verifying that customers are using
    Licensed Products in conformity with the applicable License Key for such
  Licensed Products. Synopsys will use information gathered in connection with
    this process to deliver software updates and pursue software pirates and
                                   infringers.

 Inclusivity & Diversity - Visit SolvNetPlus to read the "Synopsys Statement on
            Inclusivity and Diversity" (Refer to article 000036315 at
                        https://solvnetplus.synopsys.com)



#   info : #----------------------------------------------------------------
#   info : Setup
#   info : #----------------------------------------------------------------
# command line is /slowfs/us01dwslow023/fpga/lianghao/zebu_install/ZEBU/VCS2021.09.2.ZEBU.B4/07052024/INSTALL/ZEBU/zebu/S-2021.09-2-TZ-20240507_Full64/bin/zFe compile_hdr.tcl script/Bundle_22_synp.tcl -log Bundle_22.log -zlog 1 
# start time is Tue May 13 18:29:52 EEST 2025
#   step Setup : CVS $Revision: #4 $
#   step Setup : CVS $Date: 2024/02/21 $
#   step Setup :         NEXT CALL to cmn::option fe_hcsrc /slowfs/us01dwslow023/fpga/lianghao/zebu_install/ ...
#   step Setup :         NEXT CALL to cmn::option fe_hcsrc /remote/sdgedt/tools/reem/ZebuS5_oiginal/zebu_ifx ...
#   step Setup :         NEXT CALL to cmn::option fe_hcsrc /remote/sdgedt/tools/reem/ZebuS5_oiginal/zebu_ifx ...
#   step Setup :         NEXT CALL to cmn::option fe_hcsrc /remote/sdgedt/tools/reem/ZebuS5_oiginal/zebu_ifx ...
#   step Setup :         NEXT CALL to cmn::option fe_hcsrc hcsrc.iba
#   step Setup :         NEXT CALL to cmn::option phase synthesis
#   info : #----------------------------------------------------------------
#   info : Synth
#   info : #----------------------------------------------------------------
#   step Synth :         NEXT CALL to fs::simple_compile -technology vtx8 -mode block_based -version NewMixe ...
#   step REPORT : Synthesizing module : alb_mss_fab_bypbuf_0000_0001
#   step REPORT : Synthesizing module : alb_mss_mem_ibp_excl_0000
#   step REPORT : Synthesizing module : rl_cpu_top
#   step REPORT : Synthesizing module : xtor_amba_master_axi3_svs
#   step REPORT : Synthesizing module : zemi3OutPortArbiter_2_96_op
#   step REPORT : Synthesizing module : zemi3OutPortArbiter_2_608_op
#   step REPORT : Synthesizing module : zz_Encrypt_5
#   step REPORT : Synthesizing module : zz_Encrypt_3
#   step REPORT : Synthesizing module : zz_Encrypt_2
### warning in ZFAST : Out of 71 pin types only 69 have names
#   step REPORT : [39.349] Optimizing module : alb_mss_fab_bypbuf_0000_0001
#   step REPORT : [39.350] Instance count of module alb_mss_fab_bypbuf_0000_0001 is 3
#   step REPORT : [6.1691] Total net count: 201
#   step REPORT : [6.1690] There are 3 levels of combinational cells
#   step REPORT : [6.1689] There are 0 distinct nets driving control pins
#   step REPORT : [6.1695] 2-input LUTs: 1
#   step REPORT : [6.1695] 3-input LUTs: 38
#   step REPORT : [6.1696] Total LUT area: 39
#   step REPORT : [6.1697] +CSA LUTs: 1
#   step REPORT : [6.1884] Renaming SVA module instances in the netlist
#   step REPORT : [6.1882] Renaming special verilog names in the netlist
#   step REPORT : [6.1882] Special names renaming stats:
#   step REPORT : [6.1882] Total time                 : 0.000 seconds
#   step REPORT : [6.1882] Total wires renamed        : 0
#   step REPORT : [6.1882] Total instances renamed    : 0
#   step REPORT : [6.1883] Renaming wires like ports
#   step REPORT : [6.1883] Renamed wires like ports (0 ports)
#   step REPORT : [6.1885] Emitting RTLDB information for the netlist
#   step REPORT : Converting netlist 'alb_mss_fab_bypbuf_0000_0001' to znl format
#   step STATS :  ----------------------------------------------------------------------------------------------------------------------------------------------------------------------------------------------------------------------------------------------------------------------------------------------
#   step STATS :  |                 reg |                 lut |                bram |                uram |             memsize |              m18x18 |                bufg |                buft |               nbI/O |                nbBB |                nbZV |                nbME |               dsp48 || name
#   step STATS :  ----------------------------------------------------------------------------------------------------------------------------------------------------------------------------------------------------------------------------------------------------------------------------------------------
#   step STATS :  |                   0 |                  40 |                   0 |                   0 |                   0 |                   0 |                   0 |                   0 |                  80 |                   1 |                   0 |                   0 |                   0 || alb_mss_fab_bypbuf_0000_0001
#   step STATS :  ----------------------------------------------------------------------------------------------------------------------------------------------------------------------------------------------------------------------------------------------------------------------------------------------
#   step REPORT : Writing netlist 'alb_mss_fab_bypbuf_0000_0001' to 'edif/alb_mss_fab_bypbuf_0000_0001/alb_mss_fab_bypbuf_0000_0001.edf.gz'
#   step SERIALIZE : writing netlist 'zmerge' into znl file 'edif/alb_mss_fab_bypbuf_0000_0001/alb_mss_fab_bypbuf_0000_0001.edf.gz'
#   step SERIALIZE : #bytes in: 5761, #bytes out: 1982, compression ratio: 2.906660
#   step REPORT : [87.28] Resource usage for alb_mss_fab_bypbuf_0000_0001: 0.245s 112.2M
#   step REPORT : [39.349] Optimizing module : alb_mss_mem_ibp_excl_0000
#   step REPORT : [39.350] Instance count of module alb_mss_mem_ibp_excl_0000 is 1
#   step REPORT : [6.1691] Total net count: 11728
#   step REPORT : [6.1690] There are 17 levels of combinational cells
#   step REPORT : [6.1689] There are 66 distinct nets driving control pins
#   step REPORT : [6.1695] 2-input LUTs: 232
#   step REPORT : [6.1695] 3-input LUTs: 53
#   step REPORT : [6.1695] 4-input LUTs: 336
#   step REPORT : [6.1695] 5-input LUTs: 275
#   step REPORT : [6.1695] 6-input LUTs: 2265
#   step REPORT : [6.1696] Total LUT area: 3161
#   step REPORT : [6.1697] State    : 3840
#   step REPORT : [6.1697]   (FF)   : 3840
#   step REPORT : [6.1697] CARRY    : 2
#   step REPORT : [6.1697] +CSA LUTs: 3355
#   step REPORT : [6.1884] Renaming SVA module instances in the netlist
#   step REPORT : [6.1882] Renaming special verilog names in the netlist
#   step REPORT : [6.1882] Special names renaming stats:
#   step REPORT : [6.1882] Total time                 : 0.011 seconds
#   step REPORT : [6.1882] Total wires renamed        : 0
#   step REPORT : [6.1882] Total instances renamed    : 0
#   step REPORT : [6.1883] Renaming wires like ports
#   step REPORT : [6.1883] Renamed wires like ports (0 ports)
#   step REPORT : [6.1885] Emitting RTLDB information for the netlist
#   step REPORT : Converting netlist 'alb_mss_mem_ibp_excl_0000' to znl format
#   step STATS :  ----------------------------------------------------------------------------------------------------------------------------------------------------------------------------------------------------------------------------------------------------------------------------------------------
#   step STATS :  |                 reg |                 lut |                bram |                uram |             memsize |              m18x18 |                bufg |                buft |               nbI/O |                nbBB |                nbZV |                nbME |               dsp48 || name
#   step STATS :  ----------------------------------------------------------------------------------------------------------------------------------------------------------------------------------------------------------------------------------------------------------------------------------------------
#   step STATS :  |                3840 |                6516 |                   0 |                   0 |                   0 |                   0 |                   0 |                   0 |                 688 |                   3 |                   0 |                   0 |                   0 || alb_mss_mem_ibp_excl_0000
#   step STATS :  ----------------------------------------------------------------------------------------------------------------------------------------------------------------------------------------------------------------------------------------------------------------------------------------------
#   step REPORT : Writing netlist 'alb_mss_mem_ibp_excl_0000' to 'edif/alb_mss_mem_ibp_excl_0000/alb_mss_mem_ibp_excl_0000.edf.gz'
#   step SERIALIZE : writing netlist 'zmerge' into znl file 'edif/alb_mss_mem_ibp_excl_0000/alb_mss_mem_ibp_excl_0000.edf.gz'
#   step SERIALIZE : #bytes in: 566526, #bytes out: 195907, compression ratio: 2.891811
#   step REPORT : [87.28] Resource usage for alb_mss_mem_ibp_excl_0000: 2.395s 0.0M
#   step REPORT : [39.349] Optimizing module : rl_cpu_top
#   step REPORT : [39.350] Instance count of module rl_cpu_top is 2
#   step REPORT : [6.1691] Total net count: 3374
#   step REPORT : [6.1690] There are 3 levels of combinational cells
#   step REPORT : [6.1689] There are 2 distinct nets driving control pins
#   step REPORT : [6.1695] 2-input LUTs: 2
#   step REPORT : [6.1696] Total LUT area: 2
#   step REPORT : [6.1697] State    : 2
#   step REPORT : [6.1697]   (FF)   : 2
#   step REPORT : [6.1884] Renaming SVA module instances in the netlist
#   step REPORT : [6.1882] Renaming special verilog names in the netlist
#   step REPORT : [6.1882] Special names renaming stats:
#   step REPORT : [6.1882] Total time                 : 0.002 seconds
#   step REPORT : [6.1882] Total wires renamed        : 0
#   step REPORT : [6.1882] Total instances renamed    : 0
#   step REPORT : [6.1883] Renaming wires like ports
#   step REPORT : [6.1883] Renamed wires like ports (0 ports)
#   step REPORT : [6.1885] Emitting RTLDB information for the netlist
#   step REPORT : Converting netlist 'rl_cpu_top' to znl format
#   step STATS :  ----------------------------------------------------------------------------------------------------------------------------------------------------------------------------------------------------------------------------------------------------------------------------------------------
#   step STATS :  |                 reg |                 lut |                bram |                uram |             memsize |              m18x18 |                bufg |                buft |               nbI/O |                nbBB |                nbZV |                nbME |               dsp48 || name
#   step STATS :  ----------------------------------------------------------------------------------------------------------------------------------------------------------------------------------------------------------------------------------------------------------------------------------------------
#   step STATS :  |                   2 |                   2 |                   0 |                   0 |                   0 |                   0 |                   0 |                   0 |                2043 |                   7 |                   0 |                   0 |                   0 || rl_cpu_top
#   step STATS :  ----------------------------------------------------------------------------------------------------------------------------------------------------------------------------------------------------------------------------------------------------------------------------------------------
#   step REPORT : Writing netlist 'rl_cpu_top' to 'edif/rl_cpu_top/rl_cpu_top.edf.gz'
#   step SERIALIZE : writing netlist 'zmerge' into znl file 'edif/rl_cpu_top/rl_cpu_top.edf.gz'
#   step SERIALIZE : #bytes in: 138518, #bytes out: 40210, compression ratio: 3.444865
#   step REPORT : [87.28] Resource usage for rl_cpu_top: 0.257s 0.0M
#   step REPORT : [39.349] Optimizing module : xtor_amba_master_axi3_svs
#   step REPORT : [39.350] Instance count of module xtor_amba_master_axi3_svs is 1
### warning in ZFAST : (INTERNAL) no module information for net eVe_init_clk
### warning in ZFAST : (INTERNAL) no module information for net BREADY__MD_1
### warning in ZFAST : (INTERNAL) no module information for net BREADY__MD_2
### warning in ZFAST : (INTERNAL) no module information for net RREADY__MD_1
### warning in ZFAST : (INTERNAL) no module information for net RREADY__MD_2
### warning in ZFAST : (INTERNAL) no module information for net ZEBU_VS_AMBA_MASTER_dpi__driveBready_exportActive__MD_1
### warning in ZFAST : (INTERNAL) no module information for net ZEBU_VS_AMBA_MASTER_dpi__driveBready_exportActive__MD_2
### warning in ZFAST : (INTERNAL) no module information for net ZEBU_VS_AMBA_MASTER_dpi__driveBready_hw_rx_ready__MD_1
### warning in ZFAST : (INTERNAL) no module information for net ZEBU_VS_AMBA_MASTER_dpi__driveBready_hw_rx_ready__MD_2
### warning in ZFAST : (INTERNAL) no module information for net ZEBU_VS_AMBA_MASTER_dpi__driveBready_stop_driver_clock__MD_1
### warning in ZFAST : (INTERNAL) no module information for net ZEBU_VS_AMBA_MASTER_dpi__driveBready_stop_driver_clock__MD_2
### warning in ZFAST : (INTERNAL) no module information for net ZEBU_VS_AMBA_MASTER_dpi__driveRready_exportActive__MD_1
### warning in ZFAST : (INTERNAL) no module information for net ZEBU_VS_AMBA_MASTER_dpi__driveRready_exportActive__MD_2
### warning in ZFAST : (INTERNAL) no module information for net ZEBU_VS_AMBA_MASTER_dpi__driveRready_hw_rx_ready__MD_1
### warning in ZFAST : (INTERNAL) no module information for net ZEBU_VS_AMBA_MASTER_dpi__driveRready_hw_rx_ready__MD_2
### warning in ZFAST : (INTERNAL) no module information for net ZEBU_VS_AMBA_MASTER_dpi__driveRready_stop_driver_clock__MD_1
### warning in ZFAST : (INTERNAL) no module information for net ZEBU_VS_AMBA_MASTER_dpi__driveRready_stop_driver_clock__MD_2
### warning in ZFAST : (INTERNAL) no module information for net ZEBU_VS_AMBA_MASTER_dpi__getResetStatus_exportActive__MD_1
### warning in ZFAST : (INTERNAL) no module information for net ZEBU_VS_AMBA_MASTER_dpi__getResetStatus_exportActive__MD_2
### warning in ZFAST : (INTERNAL) no module information for net ZEBU_VS_AMBA_MASTER_dpi__getResetStatus_hw_rx_ready__MD_1
### warning in ZFAST : (INTERNAL) no module information for net ZEBU_VS_AMBA_MASTER_dpi__getResetStatus_hw_rx_ready__MD_2
### warning in ZFAST : (INTERNAL) no module information for net ZEBU_VS_AMBA_MASTER_dpi__getResetStatus_hw_tx_ready__MD_1
### warning in ZFAST : (INTERNAL) no module information for net ZEBU_VS_AMBA_MASTER_dpi__getResetStatus_hw_tx_ready__MD_2
### warning in ZFAST : (INTERNAL) no module information for net ZEBU_VS_AMBA_MASTER_dpi__getResetStatus_tx_wait_counter__MD_1
### warning in ZFAST : (INTERNAL) no module information for net ZEBU_VS_AMBA_MASTER_dpi__getResetStatus_tx_wait_counter__MD_2
### warning in ZFAST : (INTERNAL) no module information for net ZEBU_VS_AMBA_MASTER_dpi__getconfig_exportActive__MD_1
### warning in ZFAST : (INTERNAL) no module information for net ZEBU_VS_AMBA_MASTER_dpi__getconfig_exportActive__MD_2
### warning in ZFAST : (INTERNAL) no module information for net ZEBU_VS_AMBA_MASTER_dpi__getconfig_hw_rx_ready__MD_1
### warning in ZFAST : (INTERNAL) no module information for net ZEBU_VS_AMBA_MASTER_dpi__getconfig_hw_rx_ready__MD_2
### warning in ZFAST : (INTERNAL) no module information for net ZEBU_VS_AMBA_MASTER_dpi__getconfig_hw_tx_ready__MD_1
### warning in ZFAST : (INTERNAL) no module information for net ZEBU_VS_AMBA_MASTER_dpi__getconfig_hw_tx_ready__MD_2
### warning in ZFAST : (INTERNAL) no module information for net ZEBU_VS_AMBA_MASTER_dpi__getconfig_tx_wait_counter__MD_1
### warning in ZFAST : (INTERNAL) no module information for net ZEBU_VS_AMBA_MASTER_dpi__getconfig_tx_wait_counter__MD_2
### warning in ZFAST : (INTERNAL) no module information for net ZEBU_VS_AMBA_MASTER_dpi__nostream_read_resp_arg_rdata_i___MD_1
### warning in ZFAST : (INTERNAL) no module information for net ZEBU_VS_AMBA_MASTER_dpi__nostream_read_resp_arg_rdata_i___MD_2
### warning in ZFAST : (INTERNAL) no module information for net ZEBU_VS_AMBA_MASTER_dpi__nostream_read_resp_arg_resp_i___MD_1
### warning in ZFAST : (INTERNAL) no module information for net ZEBU_VS_AMBA_MASTER_dpi__nostream_read_resp_arg_resp_i___MD_2
### warning in ZFAST : (INTERNAL) no module information for net ZEBU_VS_AMBA_MASTER_dpi__nostream_read_resp_arg_rid_i___MD_1
### warning in ZFAST : (INTERNAL) no module information for net ZEBU_VS_AMBA_MASTER_dpi__nostream_read_resp_arg_rid_i___MD_2
### warning in ZFAST : (INTERNAL) no module information for net ZEBU_VS_AMBA_MASTER_dpi__nostream_read_resp_arg_rlast_i___MD_1
### warning in ZFAST : (INTERNAL) no module information for net ZEBU_VS_AMBA_MASTER_dpi__nostream_read_resp_arg_rlast_i___MD_2
### warning in ZFAST : (INTERNAL) no module information for net ZEBU_VS_AMBA_MASTER_dpi__nostream_read_resp_arg_ruser_i___MD_1
### warning in ZFAST : (INTERNAL) no module information for net ZEBU_VS_AMBA_MASTER_dpi__nostream_read_resp_arg_ruser_i___MD_2
### warning in ZFAST : (INTERNAL) no module information for net ZEBU_VS_AMBA_MASTER_dpi__nostream_read_resp_hw_rx_ready__MD_1
### warning in ZFAST : (INTERNAL) no module information for net ZEBU_VS_AMBA_MASTER_dpi__nostream_read_resp_hw_rx_ready__MD_2
### warning in ZFAST : (INTERNAL) no module information for net ZEBU_VS_AMBA_MASTER_dpi__nostream_read_resp_hw_tx_ready__MD_1
### warning in ZFAST : (INTERNAL) no module information for net ZEBU_VS_AMBA_MASTER_dpi__nostream_read_resp_hw_tx_ready__MD_2
### warning in ZFAST : (INTERNAL) no module information for net ZEBU_VS_AMBA_MASTER_dpi__nostream_read_resp_readyForClock__MD_1
### warning in ZFAST : (INTERNAL) no module information for net ZEBU_VS_AMBA_MASTER_dpi__nostream_read_resp_readyForClock__MD_2
### warning in ZFAST : (INTERNAL) no module information for net ZEBU_VS_AMBA_MASTER_dpi__nostream_read_resp_rx_wait_counter__MD_1
### warning in ZFAST : (INTERNAL) no module information for net ZEBU_VS_AMBA_MASTER_dpi__nostream_read_resp_rx_wait_counter__MD_2
### warning in ZFAST : (INTERNAL) no module information for net ZEBU_VS_AMBA_MASTER_dpi__nostream_read_resp_tx_wait_counter__MD_1
### warning in ZFAST : (INTERNAL) no module information for net ZEBU_VS_AMBA_MASTER_dpi__nostream_read_resp_tx_wait_counter__MD_2
### warning in ZFAST : (INTERNAL) no module information for net ZEBU_VS_AMBA_MASTER_dpi__nostream_write_resp_arg_bid_i___MD_1
### warning in ZFAST : (INTERNAL) no module information for net ZEBU_VS_AMBA_MASTER_dpi__nostream_write_resp_arg_bid_i___MD_2
### warning in ZFAST : (INTERNAL) no module information for net ZEBU_VS_AMBA_MASTER_dpi__nostream_write_resp_arg_buser_i___MD_1
### warning in ZFAST : (INTERNAL) no module information for net ZEBU_VS_AMBA_MASTER_dpi__nostream_write_resp_arg_buser_i___MD_2
### warning in ZFAST : (INTERNAL) no module information for net ZEBU_VS_AMBA_MASTER_dpi__nostream_write_resp_arg_resp_i___MD_1
### warning in ZFAST : (INTERNAL) no module information for net ZEBU_VS_AMBA_MASTER_dpi__nostream_write_resp_arg_resp_i___MD_2
### warning in ZFAST : (INTERNAL) no module information for net ZEBU_VS_AMBA_MASTER_dpi__nostream_write_resp_hw_rx_ready__MD_1
### warning in ZFAST : (INTERNAL) no module information for net ZEBU_VS_AMBA_MASTER_dpi__nostream_write_resp_hw_rx_ready__MD_2
### warning in ZFAST : (INTERNAL) no module information for net ZEBU_VS_AMBA_MASTER_dpi__nostream_write_resp_hw_tx_ready__MD_1
### warning in ZFAST : (INTERNAL) no module information for net ZEBU_VS_AMBA_MASTER_dpi__nostream_write_resp_hw_tx_ready__MD_2
### warning in ZFAST : (INTERNAL) no module information for net ZEBU_VS_AMBA_MASTER_dpi__nostream_write_resp_readyForClock__MD_1
### warning in ZFAST : (INTERNAL) no module information for net ZEBU_VS_AMBA_MASTER_dpi__nostream_write_resp_readyForClock__MD_2
### warning in ZFAST : (INTERNAL) no module information for net ZEBU_VS_AMBA_MASTER_dpi__nostream_write_resp_rx_wait_counter__MD_1
### warning in ZFAST : (INTERNAL) no module information for net ZEBU_VS_AMBA_MASTER_dpi__nostream_write_resp_rx_wait_counter__MD_2
### warning in ZFAST : (INTERNAL) no module information for net ZEBU_VS_AMBA_MASTER_dpi__nostream_write_resp_tx_wait_counter__MD_1
### warning in ZFAST : (INTERNAL) no module information for net ZEBU_VS_AMBA_MASTER_dpi__nostream_write_resp_tx_wait_counter__MD_2
### warning in ZFAST : (INTERNAL) no module information for net ZEBU_VS_AMBA_MASTER_dpi__rdAddrFifo_hw_rx_ready__MD_1
### warning in ZFAST : (INTERNAL) no module information for net ZEBU_VS_AMBA_MASTER_dpi__rdAddrFifo_hw_rx_ready__MD_2
### warning in ZFAST : (INTERNAL) no module information for net ZEBU_VS_AMBA_MASTER_dpi__rdAddrFifo_hw_tx_ready__MD_1
### warning in ZFAST : (INTERNAL) no module information for net ZEBU_VS_AMBA_MASTER_dpi__rdAddrFifo_hw_tx_ready__MD_2
### warning in ZFAST : (INTERNAL) no module information for net ZEBU_VS_AMBA_MASTER_dpi__rdAddrFifo_readyForClock__MD_1
### warning in ZFAST : (INTERNAL) no module information for net ZEBU_VS_AMBA_MASTER_dpi__rdAddrFifo_readyForClock__MD_2
### warning in ZFAST : (INTERNAL) no module information for net ZEBU_VS_AMBA_MASTER_dpi__rdAddrFifo_rx_wait_counter__MD_1
### warning in ZFAST : (INTERNAL) no module information for net ZEBU_VS_AMBA_MASTER_dpi__rdAddrFifo_rx_wait_counter__MD_2
### warning in ZFAST : (INTERNAL) no module information for net ZEBU_VS_AMBA_MASTER_dpi__rdAddrFifo_tx_wait_counter__MD_1
### warning in ZFAST : (INTERNAL) no module information for net ZEBU_VS_AMBA_MASTER_dpi__rdAddrFifo_tx_wait_counter__MD_2
### warning in ZFAST : (INTERNAL) no module information for net ZEBU_VS_AMBA_MASTER_dpi__read_resp_arg_rdata_i___MD_1
### warning in ZFAST : (INTERNAL) no module information for net ZEBU_VS_AMBA_MASTER_dpi__read_resp_arg_rdata_i___MD_2
### warning in ZFAST : (INTERNAL) no module information for net ZEBU_VS_AMBA_MASTER_dpi__read_resp_arg_resp_i___MD_1
### warning in ZFAST : (INTERNAL) no module information for net ZEBU_VS_AMBA_MASTER_dpi__read_resp_arg_resp_i___MD_2
### warning in ZFAST : (INTERNAL) no module information for net ZEBU_VS_AMBA_MASTER_dpi__read_resp_arg_rid_i___MD_1
### warning in ZFAST : (INTERNAL) no module information for net ZEBU_VS_AMBA_MASTER_dpi__read_resp_arg_rid_i___MD_2
### warning in ZFAST : (INTERNAL) no module information for net ZEBU_VS_AMBA_MASTER_dpi__read_resp_arg_rlast_i___MD_1
### warning in ZFAST : (INTERNAL) no module information for net ZEBU_VS_AMBA_MASTER_dpi__read_resp_arg_rlast_i___MD_2
### warning in ZFAST : (INTERNAL) no module information for net ZEBU_VS_AMBA_MASTER_dpi__read_resp_arg_ruser_i___MD_1
### warning in ZFAST : (INTERNAL) no module information for net ZEBU_VS_AMBA_MASTER_dpi__read_resp_arg_ruser_i___MD_2
### warning in ZFAST : (INTERNAL) no module information for net ZEBU_VS_AMBA_MASTER_dpi__read_resp_hw_tx_ready__MD_1
### warning in ZFAST : (INTERNAL) no module information for net ZEBU_VS_AMBA_MASTER_dpi__read_resp_hw_tx_ready__MD_2
### warning in ZFAST : (INTERNAL) no module information for net ZEBU_VS_AMBA_MASTER_dpi__read_resp_readyForClock__MD_1
### warning in ZFAST : (INTERNAL) no module information for net ZEBU_VS_AMBA_MASTER_dpi__read_resp_readyForClock__MD_2
### warning in ZFAST : (INTERNAL) no module information for net ZEBU_VS_AMBA_MASTER_dpi__read_resp_tx_wait_counter__MD_1
### warning in ZFAST : (INTERNAL) no module information for net ZEBU_VS_AMBA_MASTER_dpi__read_resp_tx_wait_counter__MD_2
### warning in ZFAST : (INTERNAL) no module information for net ZEBU_VS_AMBA_MASTER_dpi__setparam_exportActive__MD_1
### warning in ZFAST : (INTERNAL) no module information for net ZEBU_VS_AMBA_MASTER_dpi__setparam_exportActive__MD_2
### warning in ZFAST : (INTERNAL) no module information for net ZEBU_VS_AMBA_MASTER_dpi__setparam_hw_rx_ready__MD_1
### warning in ZFAST : (INTERNAL) no module information for net ZEBU_VS_AMBA_MASTER_dpi__setparam_hw_rx_ready__MD_2
### warning in ZFAST : (INTERNAL) no module information for net ZEBU_VS_AMBA_MASTER_dpi__setparam_stop_driver_clock__MD_1
### warning in ZFAST : (INTERNAL) no module information for net ZEBU_VS_AMBA_MASTER_dpi__setparam_stop_driver_clock__MD_2
### warning in ZFAST : (INTERNAL) no module information for net ZEBU_VS_AMBA_MASTER_dpi__wrAddrFifo_hw_rx_ready__MD_1
### warning in ZFAST : (INTERNAL) no module information for net ZEBU_VS_AMBA_MASTER_dpi__wrAddrFifo_hw_rx_ready__MD_2
### warning in ZFAST : (INTERNAL) no module information for net ZEBU_VS_AMBA_MASTER_dpi__wrAddrFifo_hw_tx_ready__MD_1
### warning in ZFAST : (INTERNAL) no module information for net ZEBU_VS_AMBA_MASTER_dpi__wrAddrFifo_hw_tx_ready__MD_2
### warning in ZFAST : (INTERNAL) no module information for net ZEBU_VS_AMBA_MASTER_dpi__wrAddrFifo_readyForClock__MD_1
### warning in ZFAST : (INTERNAL) no module information for net ZEBU_VS_AMBA_MASTER_dpi__wrAddrFifo_readyForClock__MD_2
### warning in ZFAST : (INTERNAL) no module information for net ZEBU_VS_AMBA_MASTER_dpi__wrAddrFifo_rx_wait_counter__MD_1
### warning in ZFAST : (INTERNAL) no module information for net ZEBU_VS_AMBA_MASTER_dpi__wrAddrFifo_rx_wait_counter__MD_2
### warning in ZFAST : (INTERNAL) no module information for net ZEBU_VS_AMBA_MASTER_dpi__wrAddrFifo_tx_wait_counter__MD_1
### warning in ZFAST : (INTERNAL) no module information for net ZEBU_VS_AMBA_MASTER_dpi__wrAddrFifo_tx_wait_counter__MD_2
### warning in ZFAST : (INTERNAL) no module information for net ZEBU_VS_AMBA_MASTER_dpi__wrDataFifo_arg_wid_i___MD_1
### warning in ZFAST : (INTERNAL) no module information for net ZEBU_VS_AMBA_MASTER_dpi__wrDataFifo_arg_wid_i___MD_2
### warning in ZFAST : (INTERNAL) no module information for net ZEBU_VS_AMBA_MASTER_dpi__wrDataFifo_hw_rx_ready__MD_1
### warning in ZFAST : (INTERNAL) no module information for net ZEBU_VS_AMBA_MASTER_dpi__wrDataFifo_hw_rx_ready__MD_2
### warning in ZFAST : (INTERNAL) no module information for net ZEBU_VS_AMBA_MASTER_dpi__wrDataFifo_hw_tx_ready__MD_1
### warning in ZFAST : (INTERNAL) no module information for net ZEBU_VS_AMBA_MASTER_dpi__wrDataFifo_hw_tx_ready__MD_2
### warning in ZFAST : (INTERNAL) no module information for net ZEBU_VS_AMBA_MASTER_dpi__wrDataFifo_readyForClock__MD_1
### warning in ZFAST : (INTERNAL) no module information for net ZEBU_VS_AMBA_MASTER_dpi__wrDataFifo_readyForClock__MD_2
### warning in ZFAST : (INTERNAL) no module information for net ZEBU_VS_AMBA_MASTER_dpi__wrDataFifo_rx_wait_counter__MD_1
### warning in ZFAST : (INTERNAL) no module information for net ZEBU_VS_AMBA_MASTER_dpi__wrDataFifo_rx_wait_counter__MD_2
### warning in ZFAST : (INTERNAL) no module information for net ZEBU_VS_AMBA_MASTER_dpi__wrDataFifo_tx_wait_counter__MD_1
### warning in ZFAST : (INTERNAL) no module information for net ZEBU_VS_AMBA_MASTER_dpi__wrDataFifo_tx_wait_counter__MD_2
### warning in ZFAST : (INTERNAL) no module information for net ZEBU_VS_AMBA_MASTER_dpi__write_resp_arg_bid_i___MD_1
### warning in ZFAST : (INTERNAL) no module information for net ZEBU_VS_AMBA_MASTER_dpi__write_resp_arg_bid_i___MD_2
### warning in ZFAST : (INTERNAL) no module information for net ZEBU_VS_AMBA_MASTER_dpi__write_resp_arg_buser_i___MD_1
### warning in ZFAST : (INTERNAL) no module information for net ZEBU_VS_AMBA_MASTER_dpi__write_resp_arg_buser_i___MD_2
### warning in ZFAST : (INTERNAL) no module information for net ZEBU_VS_AMBA_MASTER_dpi__write_resp_arg_resp_i___MD_1
### warning in ZFAST : (INTERNAL) no module information for net ZEBU_VS_AMBA_MASTER_dpi__write_resp_arg_resp_i___MD_2
### warning in ZFAST : (INTERNAL) no module information for net ZEBU_VS_AMBA_MASTER_dpi__write_resp_hw_tx_ready__MD_1
### warning in ZFAST : (INTERNAL) no module information for net ZEBU_VS_AMBA_MASTER_dpi__write_resp_hw_tx_ready__MD_2
### warning in ZFAST : (INTERNAL) no module information for net ZEBU_VS_AMBA_MASTER_dpi__write_resp_readyForClock__MD_1
### warning in ZFAST : (INTERNAL) no module information for net ZEBU_VS_AMBA_MASTER_dpi__write_resp_readyForClock__MD_2
### warning in ZFAST : (INTERNAL) no module information for net ZEBU_VS_AMBA_MASTER_dpi__write_resp_tx_wait_counter__MD_1
### warning in ZFAST : (INTERNAL) no module information for net ZEBU_VS_AMBA_MASTER_dpi__write_resp_tx_wait_counter__MD_2
### warning in ZFAST : (INTERNAL) no module information for net ZEBU_VS_AMBA_MASTER_error__notifier_arg_error_code_i__0__MD_1
### warning in ZFAST : (INTERNAL) no module information for net ZEBU_VS_AMBA_MASTER_error__notifier_arg_error_code_i__0__MD_2
### warning in ZFAST : (INTERNAL) no module information for net ZEBU_VS_AMBA_MASTER_error__notifier_arg_error_code_i__1__MD_1
### warning in ZFAST : (INTERNAL) no module information for net ZEBU_VS_AMBA_MASTER_error__notifier_arg_error_code_i__1__MD_2
### warning in ZFAST : (INTERNAL) no module information for net ZEBU_VS_AMBA_MASTER_error__notifier_arg_error_code_i__2__MD_1
### warning in ZFAST : (INTERNAL) no module information for net ZEBU_VS_AMBA_MASTER_error__notifier_arg_error_code_i__2__MD_2
### warning in ZFAST : (INTERNAL) no module information for net ZEBU_VS_AMBA_MASTER_error__notifier_arg_error_code_i__3__MD_1
### warning in ZFAST : (INTERNAL) no module information for net ZEBU_VS_AMBA_MASTER_error__notifier_arg_error_code_i__3__MD_2
### warning in ZFAST : (INTERNAL) no module information for net ZEBU_VS_AMBA_MASTER_error__notifier_arg_error_code_i___MD_1
### warning in ZFAST : (INTERNAL) no module information for net ZEBU_VS_AMBA_MASTER_error__notifier_arg_error_code_i___MD_2
### warning in ZFAST : (INTERNAL) no module information for net ZEBU_VS_AMBA_MASTER_error__notifier_hw_rx_ready_0__MD_1
### warning in ZFAST : (INTERNAL) no module information for net ZEBU_VS_AMBA_MASTER_error__notifier_hw_rx_ready_0__MD_2
### warning in ZFAST : (INTERNAL) no module information for net ZEBU_VS_AMBA_MASTER_error__notifier_hw_rx_ready_1__MD_1
### warning in ZFAST : (INTERNAL) no module information for net ZEBU_VS_AMBA_MASTER_error__notifier_hw_rx_ready_1__MD_2
### warning in ZFAST : (INTERNAL) no module information for net ZEBU_VS_AMBA_MASTER_error__notifier_hw_rx_ready_2__MD_1
### warning in ZFAST : (INTERNAL) no module information for net ZEBU_VS_AMBA_MASTER_error__notifier_hw_rx_ready_2__MD_2
### warning in ZFAST : (INTERNAL) no module information for net ZEBU_VS_AMBA_MASTER_error__notifier_hw_rx_ready_3__MD_1
### warning in ZFAST : (INTERNAL) no module information for net ZEBU_VS_AMBA_MASTER_error__notifier_hw_rx_ready_3__MD_2
### warning in ZFAST : (INTERNAL) no module information for net ZEBU_VS_AMBA_MASTER_error__notifier_hw_rx_ready__MD_1
### warning in ZFAST : (INTERNAL) no module information for net ZEBU_VS_AMBA_MASTER_error__notifier_hw_rx_ready__MD_2
### warning in ZFAST : (INTERNAL) no module information for net ZEBU_VS_AMBA_MASTER_error__notifier_hw_tx_ready_0__MD_1
### warning in ZFAST : (INTERNAL) no module information for net ZEBU_VS_AMBA_MASTER_error__notifier_hw_tx_ready_0__MD_2
### warning in ZFAST : (INTERNAL) no module information for net ZEBU_VS_AMBA_MASTER_error__notifier_hw_tx_ready_1__MD_1
### warning in ZFAST : (INTERNAL) no module information for net ZEBU_VS_AMBA_MASTER_error__notifier_hw_tx_ready_1__MD_2
### warning in ZFAST : (INTERNAL) no module information for net ZEBU_VS_AMBA_MASTER_error__notifier_hw_tx_ready_2__MD_1
### warning in ZFAST : (INTERNAL) no module information for net ZEBU_VS_AMBA_MASTER_error__notifier_hw_tx_ready_2__MD_2
### warning in ZFAST : (INTERNAL) no module information for net ZEBU_VS_AMBA_MASTER_error__notifier_hw_tx_ready_3__MD_1
### warning in ZFAST : (INTERNAL) no module information for net ZEBU_VS_AMBA_MASTER_error__notifier_hw_tx_ready_3__MD_2
### warning in ZFAST : (INTERNAL) no module information for net ZEBU_VS_AMBA_MASTER_error__notifier_hw_tx_ready__MD_1
### warning in ZFAST : (INTERNAL) no module information for net ZEBU_VS_AMBA_MASTER_error__notifier_hw_tx_ready__MD_2
### warning in ZFAST : (INTERNAL) no module information for net ZEBU_VS_AMBA_MASTER_error__notifier_readyForClock_0__MD_1
### warning in ZFAST : (INTERNAL) no module information for net ZEBU_VS_AMBA_MASTER_error__notifier_readyForClock_0__MD_2
### warning in ZFAST : (INTERNAL) no module information for net ZEBU_VS_AMBA_MASTER_error__notifier_readyForClock_1__MD_1
### warning in ZFAST : (INTERNAL) no module information for net ZEBU_VS_AMBA_MASTER_error__notifier_readyForClock_1__MD_2
### warning in ZFAST : (INTERNAL) no module information for net ZEBU_VS_AMBA_MASTER_error__notifier_readyForClock_2__MD_1
### warning in ZFAST : (INTERNAL) no module information for net ZEBU_VS_AMBA_MASTER_error__notifier_readyForClock_2__MD_2
### warning in ZFAST : (INTERNAL) no module information for net ZEBU_VS_AMBA_MASTER_error__notifier_readyForClock_3__MD_1
### warning in ZFAST : (INTERNAL) no module information for net ZEBU_VS_AMBA_MASTER_error__notifier_readyForClock_3__MD_2
### warning in ZFAST : (INTERNAL) no module information for net ZEBU_VS_AMBA_MASTER_error__notifier_readyForClock__MD_1
### warning in ZFAST : (INTERNAL) no module information for net ZEBU_VS_AMBA_MASTER_error__notifier_readyForClock__MD_2
### warning in ZFAST : (INTERNAL) no module information for net ZEBU_VS_AMBA_MASTER_error__notifier_rx_wait_counter_0__MD_1
### warning in ZFAST : (INTERNAL) no module information for net ZEBU_VS_AMBA_MASTER_error__notifier_rx_wait_counter_0__MD_2
### warning in ZFAST : (INTERNAL) no module information for net ZEBU_VS_AMBA_MASTER_error__notifier_rx_wait_counter_1__MD_1
### warning in ZFAST : (INTERNAL) no module information for net ZEBU_VS_AMBA_MASTER_error__notifier_rx_wait_counter_1__MD_2
### warning in ZFAST : (INTERNAL) no module information for net ZEBU_VS_AMBA_MASTER_error__notifier_rx_wait_counter_2__MD_1
### warning in ZFAST : (INTERNAL) no module information for net ZEBU_VS_AMBA_MASTER_error__notifier_rx_wait_counter_2__MD_2
### warning in ZFAST : (INTERNAL) no module information for net ZEBU_VS_AMBA_MASTER_error__notifier_rx_wait_counter_3__MD_1
### warning in ZFAST : (INTERNAL) no module information for net ZEBU_VS_AMBA_MASTER_error__notifier_rx_wait_counter_3__MD_2
### warning in ZFAST : (INTERNAL) no module information for net ZEBU_VS_AMBA_MASTER_error__notifier_rx_wait_counter__MD_1
### warning in ZFAST : (INTERNAL) no module information for net ZEBU_VS_AMBA_MASTER_error__notifier_rx_wait_counter__MD_2
### warning in ZFAST : (INTERNAL) no module information for net ZEBU_VS_AMBA_MASTER_error__notifier_tx_wait_counter_0__MD_1
### warning in ZFAST : (INTERNAL) no module information for net ZEBU_VS_AMBA_MASTER_error__notifier_tx_wait_counter_0__MD_2
### warning in ZFAST : (INTERNAL) no module information for net ZEBU_VS_AMBA_MASTER_error__notifier_tx_wait_counter_1__MD_1
### warning in ZFAST : (INTERNAL) no module information for net ZEBU_VS_AMBA_MASTER_error__notifier_tx_wait_counter_1__MD_2
### warning in ZFAST : (INTERNAL) no module information for net ZEBU_VS_AMBA_MASTER_error__notifier_tx_wait_counter_2__MD_1
### warning in ZFAST : (INTERNAL) no module information for net ZEBU_VS_AMBA_MASTER_error__notifier_tx_wait_counter_2__MD_2
### warning in ZFAST : (INTERNAL) no module information for net ZEBU_VS_AMBA_MASTER_error__notifier_tx_wait_counter_3__MD_1
### warning in ZFAST : (INTERNAL) no module information for net ZEBU_VS_AMBA_MASTER_error__notifier_tx_wait_counter_3__MD_2
### warning in ZFAST : (INTERNAL) no module information for net ZEBU_VS_AMBA_MASTER_error__notifier_tx_wait_counter__MD_1
### warning in ZFAST : (INTERNAL) no module information for net ZEBU_VS_AMBA_MASTER_error__notifier_tx_wait_counter__MD_2
### warning in ZFAST : (INTERNAL) no module information for net cycle_counter__MD_1
### warning in ZFAST : (INTERNAL) no module information for net cycle_counter__MD_2
### warning in ZFAST : (INTERNAL) no module information for net imp_state_net_0__MD_1
### warning in ZFAST : (INTERNAL) no module information for net imp_state_net_0__MD_2
### warning in ZFAST : (INTERNAL) no module information for net imp_state_net_1__MD_1
### warning in ZFAST : (INTERNAL) no module information for net imp_state_net_1__MD_2
### warning in ZFAST : (INTERNAL) no module information for net imp_state_net_2__MD_1
### warning in ZFAST : (INTERNAL) no module information for net imp_state_net_2__MD_2
### warning in ZFAST : (INTERNAL) no module information for net imp_state_net_3__MD_1
### warning in ZFAST : (INTERNAL) no module information for net imp_state_net_3__MD_2
### warning in ZFAST : (INTERNAL) no module information for net imp_state_net_4__MD_1
### warning in ZFAST : (INTERNAL) no module information for net imp_state_net_4__MD_2
### warning in ZFAST : (INTERNAL) no module information for net imp_state_net_5__MD_1
### warning in ZFAST : (INTERNAL) no module information for net imp_state_net_5__MD_2
### warning in ZFAST : (INTERNAL) no module information for net imp_state_net_6__MD_1
### warning in ZFAST : (INTERNAL) no module information for net imp_state_net_6__MD_2
### warning in ZFAST : (INTERNAL) no module information for net imp_state_net_7__MD_1
### warning in ZFAST : (INTERNAL) no module information for net imp_state_net_7__MD_2
### warning in ZFAST : (INTERNAL) no module information for net imp_state_net_8__MD_1
### warning in ZFAST : (INTERNAL) no module information for net imp_state_net_8__MD_2
### warning in ZFAST : (INTERNAL) no module information for net imp_state_net_9__MD_1
### warning in ZFAST : (INTERNAL) no module information for net imp_state_net_9__MD_2
### warning in ZFAST : (INTERNAL) no module information for net imp_state_net__MD_1
### warning in ZFAST : (INTERNAL) no module information for net imp_state_net__MD_2
### warning in ZFAST : (INTERNAL) no module information for net imp_state_net_a__MD_1
### warning in ZFAST : (INTERNAL) no module information for net imp_state_net_a__MD_2
### warning in ZFAST : (INTERNAL) no module information for net imp_state_net_b__MD_1
### warning in ZFAST : (INTERNAL) no module information for net imp_state_net_b__MD_2
### warning in ZFAST : (INTERNAL) no module information for net imp_state_net_c__MD_1
### warning in ZFAST : (INTERNAL) no module information for net imp_state_net_c__MD_2
### warning in ZFAST : (INTERNAL) no module information for net imp_state_net_d__MD_1
### warning in ZFAST : (INTERNAL) no module information for net imp_state_net_d__MD_2
### warning in ZFAST : (INTERNAL) no module information for net imp_state_net_e__MD_1
### warning in ZFAST : (INTERNAL) no module information for net imp_state_net_e__MD_2
### warning in ZFAST : (INTERNAL) no module information for net zemiControl__MD_1
### warning in ZFAST : (INTERNAL) no module information for net zemiControl__MD_2
### warning in ZFAST : (INTERNAL) no module information for net zemi_control_hw_rx_ready__MD_1
### warning in ZFAST : (INTERNAL) no module information for net zemi_control_hw_rx_ready__MD_2
### warning in ZFAST : (INTERNAL) no module information for net zemi_status_hw_tx_ready__MD_1
### warning in ZFAST : (INTERNAL) no module information for net zemi_status_hw_tx_ready__MD_2
#   step REPORT : [6.1691] Total net count: 13894
#   step REPORT : [6.1690] There are 14 levels of combinational cells
#   step REPORT : [6.1689] There are 88 distinct nets driving control pins
#   step REPORT : [6.1695] 2-input LUTs: 48
#   step REPORT : [6.1695] 3-input LUTs: 723
#   step REPORT : [6.1695] 4-input LUTs: 205
#   step REPORT : [6.1695] 5-input LUTs: 116
#   step REPORT : [6.1695] 6-input LUTs: 923
#   step REPORT : [6.1696] Total LUT area: 2015
#   step REPORT : [6.1697] State    : 5519
#   step REPORT : [6.1697]   (FF)   : 5519
#   step REPORT : [6.1697] CARRY    : 269
#   step REPORT : [6.1697] +CSA LUTs: 31
#   step REPORT : [6.1884] Renaming SVA module instances in the netlist
#   step REPORT : [6.1882] Renaming special verilog names in the netlist
#   step REPORT : [6.1882] Special names renaming stats:
#   step REPORT : [6.1882] Total time                 : 0.006 seconds
#   step REPORT : [6.1882] Total wires renamed        : 0
#   step REPORT : [6.1882] Total instances renamed    : 0
#   step REPORT : [6.1883] Renaming wires like ports
#   step REPORT : [6.1883] Renamed wires like ports (1236 ports)
#   step REPORT : [6.1885] Emitting RTLDB information for the netlist
#   step REPORT : Converting netlist 'xtor_amba_master_axi3_svs' to znl format
#   step STATS :  ----------------------------------------------------------------------------------------------------------------------------------------------------------------------------------------------------------------------------------------------------------------------------------------------
#   step STATS :  |                 reg |                 lut |                bram |                uram |             memsize |              m18x18 |                bufg |                buft |               nbI/O |                nbBB |                nbZV |                nbME |               dsp48 || name
#   step STATS :  ----------------------------------------------------------------------------------------------------------------------------------------------------------------------------------------------------------------------------------------------------------------------------------------------
#   step STATS :  |                5519 |                2046 |                   0 |                   0 |                   0 |                   0 |                   0 |                   0 |                1236 |                 151 |                   0 |                   0 |                   0 || xtor_amba_master_axi3_svs
#   step STATS :  ----------------------------------------------------------------------------------------------------------------------------------------------------------------------------------------------------------------------------------------------------------------------------------------------
#   step REPORT : Writing netlist 'xtor_amba_master_axi3_svs' to 'edif/xtor_amba_master_axi3_svs/xtor_amba_master_axi3_svs.edf.gz'
#   step SERIALIZE : writing netlist 'zmerge' into znl file 'edif/xtor_amba_master_axi3_svs/xtor_amba_master_axi3_svs.edf.gz'
#   step SERIALIZE : #bytes in: 434309, #bytes out: 131965, compression ratio: 3.291092
#   step REPORT : [87.28] Resource usage for xtor_amba_master_axi3_svs: 1.805s 16.0M
#   step REPORT : [39.349] Optimizing module : zz_Encrypt_5
#   step REPORT : [39.350] Instance count of module zz_Encrypt_5 is 1
#   step REPORT : [6.1691] Total net count: 2122
#   step REPORT : [6.1690] There are 13 levels of combinational cells
#   step REPORT : [6.1689] There are 5 distinct nets driving control pins
#   step REPORT : [6.1695] 2-input LUTs: 636
#   step REPORT : [6.1695] 3-input LUTs: 23
#   step REPORT : [6.1695] 4-input LUTs: 5
#   step REPORT : [6.1695] 5-input LUTs: 11
#   step REPORT : [6.1695] 6-input LUTs: 18
#   step REPORT : [6.1696] Total LUT area: 693
#   step REPORT : [6.1697] State    : 41
#   step REPORT : [6.1697]   (FF)   : 41
#   step REPORT : [6.1697] CARRY    : 4
#   step REPORT : [6.1697] +CSA LUTs: 28
#   step REPORT : [6.1884] Renaming SVA module instances in the netlist
#   step REPORT : [6.1882] Renaming special verilog names in the netlist
#   step REPORT : [6.1882] Special names renaming stats:
#   step REPORT : [6.1882] Total time                 : 0.001 seconds
#   step REPORT : [6.1882] Total wires renamed        : 0
#   step REPORT : [6.1882] Total instances renamed    : 0
#   step REPORT : [6.1883] Renaming wires like ports
#   step REPORT : [6.1883] Renamed wires like ports (639 ports)
#   step REPORT : [6.1885] Emitting RTLDB information for the netlist
#   step REPORT : Converting netlist 'zz_Encrypt_5' to znl format
#   step STATS :  ----------------------------------------------------------------------------------------------------------------------------------------------------------------------------------------------------------------------------------------------------------------------------------------------
#   step STATS :  |                 reg |                 lut |                bram |                uram |             memsize |              m18x18 |                bufg |                buft |               nbI/O |                nbBB |                nbZV |                nbME |               dsp48 || name
#   step STATS :  ----------------------------------------------------------------------------------------------------------------------------------------------------------------------------------------------------------------------------------------------------------------------------------------------
#   step STATS :  |                  41 |                 721 |                   0 |                   0 |                   0 |                   0 |                   0 |                   0 |                 639 |                  10 |                   0 |                   0 |                   0 || zz_Encrypt_5
#   step STATS :  ----------------------------------------------------------------------------------------------------------------------------------------------------------------------------------------------------------------------------------------------------------------------------------------------
#   step REPORT : Writing netlist 'zz_Encrypt_5' to 'edif/zz_Encrypt_5/zz_Encrypt_5.edf.gz'
#   step SERIALIZE : writing netlist 'zmerge' into znl file 'edif/zz_Encrypt_5/zz_Encrypt_5.edf.gz'
#   step SERIALIZE : #bytes in: 56474, #bytes out: 17174, compression ratio: 3.288343
#   step REPORT : [87.28] Resource usage for zz_Encrypt_5: 0.463s 0.0M

                                    ZeBu (R)
                                      zMem

            Version S-2021.09-T-20240508 for linux64 - May 08, 2024 

                    Copyright (c) 2002 - 2024 Synopsys, Inc.
   This software and the associated documentation are proprietary to Synopsys,
 Inc. This software may only be used in accordance with the terms and conditions
 of a written license agreement with Synopsys, Inc. All other use, reproduction,
   or distribution of this software is strictly prohibited.  Licensed Products
     communicate with Synopsys servers for the purpose of providing software
    updates, detecting software piracy and verifying that customers are using
    Licensed Products in conformity with the applicable License Key for such
  Licensed Products. Synopsys will use information gathered in connection with
    this process to deliver software updates and pursue software pirates and
                                   infringers.

 Inclusivity & Diversity - Visit SolvNetPlus to read the "Synopsys Statement on
            Inclusivity and Diversity" (Refer to article 000036315 at
                        https://solvnetplus.synopsys.com)

# zMem -createList -addScript ../../../../additionalZmemCommandFile.tcl -addScript ../../../../utf_generatefiles/zMem_config.tcl -debug -newLatency ../zz_Encrypt_5.zmem 

# start time is Tue May 13 18:30:00 2025




# Build Date : May  7 2024 - 21:34:25
# ---------------------------System Context--------------------------- 
# Cpu        20 x bogomips - 4800.09 Intel(R) Xeon(R) CPU E5-2640 v4 @ 2.40GHz
#            Load: 4.40 3.94 5.10 14/739 500751
#            Hostname: vgzeburtdc273   OS: Linux 4.18.0-425.3.1.el8.x86_64
# Memory     Total: 257566 MB Free: 154347 MB
#            Swap space: 1023 MB Free Swap space: 0 MB
#            VmSize: 181 MB VmPeak: 181 MB
# Disk Space Total: 5000 GB Available: 554 GB Used: 4446 GB
#            Free inodes: 11764525
# Stack                                Soft Limit           Hard Limit  
#            Max stack size            unlimited            unlimited            bytes     
# -------------------------------------------------------------------- 


#   step DEFINE : Latency is using 4-bits-16-values encoding
#   step DEFINE : Evaluate additionnal script '../../../../additionalZmemCommandFile.tcl'.
#   step DEFINE : Evaluate additionnal script '../../../../utf_generatefiles/zMem_config.tcl'.
#   step DEFINE : Global debug mode is ON
#   step DEFINE : New memory : zz_Encrypt_5_ZMEM_0
#   step DEFINE : Set memory : zz_Encrypt_5_ZMEM_0 depth 1024
#   step DEFINE : Set memory : zz_Encrypt_5_ZMEM_0 width     4
#   step DEFINE : New port : 'w0' 'w' for memory 'zz_Encrypt_5_ZMEM_0'.
#   step DEFINE : Set port access 'sync' of port 'w0' for memory 'zz_Encrypt_5_ZMEM_0'.
#   step DEFINE : Set 'clk' pin name 'w0clk' for port 'w0'.
#   step DEFINE : Set 'addr' pin name 'w0addr' for port 'w0'.
#   step DEFINE : Set 'di' pin name 'w0di' for port 'w0'.
#   step DEFINE : Set 'we' pin name 'w0we' for port 'w0'.
#   step DEFINE : New port : 'r1' 'r' for memory 'zz_Encrypt_5_ZMEM_0'.
#   step DEFINE : Set port access 'sync' of port 'r1' for memory 'zz_Encrypt_5_ZMEM_0'.
#   step DEFINE : Set 'clk' pin name 'w0clk' for port 'r1'.
#   step DEFINE : Set 'addr' pin name 'r1addr' for port 'r1'.
#   step DEFINE : Set 'do' pin name 'r1do' for port 'r1'.
#   step AUTOMATIC TYPE SELECTION : Evaluating type 'bram' for memory 'zz_Encrypt_5_ZMEM_0'.
#   step DEFINE : Multiplexing forced on dual port BRAM.
#   step AUTOMATIC TYPE SELECTION : Evaluating type 'uram' for memory 'zz_Encrypt_5_ZMEM_0'.
#   step AUTOMATIC TYPE SELECTION : Evaluating type 'ramlut' for memory 'zz_Encrypt_5_ZMEM_0'.
#   step AUTOMATIC TYPE SELECTION : Evaluating type 'zrm' for memory 'zz_Encrypt_5_ZMEM_0'.
#   step AUTOMATIC TYPE SELECTION : Type 'bram' has been chosen for memory 'zz_Encrypt_5_ZMEM_0'.
#   step DEFINE : Multiplexing forced on dual port BRAM.
OptionsDB Info : DB ./options.db not available, loading the default values ..
OptionsDB Warning : Use of the environment variable 'ZEBU_ENABLE_NEW_ZTDB_RB' will be deprecated in a future release, please use 'set_app_var public::ztdb_rb_api 1' in your utf/tcl file.
OptionsDB Info : Default value(false) overwritten with true for ztdb_rb_api
#   step EDIF LOADER : reading EDIF file '/slowfs/us01dwslow023/fpga/lianghao/zebu_install/ZEBU/VCS2021.09.2.ZEBU.B4/07052024/INSTALL/ZEBU/zebu/S-2021.09-2-TZ-20240507_Full64/etc/libXilinx.edif.gz'
#   step MEMORY CHECK : Fast clock used for memory 'zz_Encrypt_5_ZMEM_0'.
#   step MEMORY CHECK : Fast clock used for memory 'zz_Encrypt_5_ZMEM_0'.
#   step ZMEM : Non-Optimizable zview instances used in module 'zz_Encrypt_5_ZMEM_0'.
#   step MEMORY MAPPING :   RAMB36E1    1
#   step RESOURCE CHECK :   REG   45
#   step RESOURCE CHECK :   LUT   49 (RAMLUT: 0)
#   step RESOURCE CHECK :   BRAM  1
#   step RESOURCE CHECK :   URAM  0
#   step FREQUENCY : Worst case frequency of the memory 'zz_Encrypt_5_ZMEM_0' would be 14285 kHz
#   step ZMEM : Fast system clock 'clk_100' is used for memory 'zz_Encrypt_5_ZMEM_0'.
#   step SERIALIZE : writing netlist 'zz_Encrypt_5_ZMEM_0' into znl file 'zz_Encrypt_5_ZMEM_0.edf.gz'
#   step SERIALIZE : #bytes in: 11361, #bytes out: 4662, compression ratio: 2.436937
#   step GENERATE : generating vhdl wrapper 'zz_Encrypt_5_ZMEM_0.vhd'
#   step GENERATE : generating vhdl wrapper 'zz_Encrypt_5_ZMEM_0_bbx.vhd'
#   step GENERATE : generating verilog wrapper 'zz_Encrypt_5_ZMEM_0.v'
#   step GENERATE : generating verilog wrapper 'zz_Encrypt_5_ZMEM_0_bbx.v'
#   step GENERATE : generating report file 'zz_Encrypt_5_ZMEM_0_report.log'

#   exec summary :    0 warnings,    0 syntax errors,    0 fatal errors,    0 internal errors
#   exec summary : user 0m0.168s, sys 0m0.54s
#   exec summary : Total memory: 501572 kB - RSS memory: 135428 kB - Data memory: 122224 kB
#   exec summary : Successful execution

# end time is Tue May 13 18:30:00 2025
#   step Synth : RhinoDB status is set by default value: rhino_default_status:1.
#   step Synth : Using zCreateNameDB from /slowfs/us01dwslow023/fpga/lianghao/zebu_install/VCS/VCS2021.09.2.ZEBU.B4/07052024/INSTALL/VCS/vcs/S-2021.09-2-TZ-20240507_Full64/bin/zCreateNameDB for RhinoDB population.
#   step Synth : Running RhinoDB gate population on 5 modules. To skip this step please set SNPS_RHINODB_INTERNAL_3STEP_DISABLE env var.
Running in 3step flow - bundle population mode, for bundle,modules = Bundle_22,zz_Encrypt_5,xtor_amba_master_axi3_svs,rl_cpu_top,alb_mss_mem_ibp_excl_0000,alb_mss_fab_bypbuf_0000_0001,
Got following -X option = show_times
#     Tue May 13 18:30:00 2025 : zCreateNameDB Started
#      : Reading the Serializing VCS Version
[2025-05-13 18:30:00.518109] [0x000015555540d300] [info]    #      : Reading the Serializing VCS Version

#      : Deserializing names dictionary
[2025-05-13 18:30:00.518715] [0x000015555540d300] [info]    #      : Deserializing names dictionary

#      : Deserializing libraries
[2025-05-13 18:30:00.530172] [0x000015555540d300] [info]    #      : Deserializing libraries

#      : Deserializing RTL
[2025-05-13 18:30:00.531289] [0x000015555540d300] [info]    #      : Deserializing RTL

#      : Deserializing Gate
[2025-05-13 18:30:00.533145] [0x000015555540d300] [info]    #      : Deserializing Gate

#      : Deserializing design object
[2025-05-13 18:30:00.534141] [0x000015555540d300] [info]    #      : Deserializing design object

#      : Populating Dfs Table
[2025-05-13 18:30:00.535381] [0x000015555540d300] [info]    #      : Populating Dfs Table

### Tue May 13 18:30:00 2025 : RTL Deserialized
### Tue May 13 18:30:00 2025 : Starting CHUNK Population
#     Tue May 13 18:30:00 2025 : Populating CHUNK zz_Encrypt_5
#     Tue May 13 18:30:02 2025 : Gate Building light signal container for module zz_Encrypt_5
#     Tue May 13 18:30:02 2025 : End of Gate Building light signal container for module zz_Encrypt_5
#     Tue May 13 18:30:02 2025 : Populating CHUNK xtor_amba_master_axi3_svs
#     Tue May 13 18:30:22 2025 : Gate Building light signal container for module xtor_amba_master_axi3_svs
#     Tue May 13 18:30:22 2025 : End of Gate Building light signal container for module xtor_amba_master_axi3_svs
#     Tue May 13 18:30:22 2025 : Populating CHUNK rl_cpu_top
#     Tue May 13 18:30:22 2025 : Gate Building light signal container for module rl_cpu_top
#     Tue May 13 18:30:22 2025 : End of Gate Building light signal container for module rl_cpu_top
#     Tue May 13 18:30:22 2025 : Populating CHUNK alb_mss_mem_ibp_excl_0000
#     Tue May 13 18:30:23 2025 : Gate Building light signal container for module alb_mss_mem_ibp_excl_0000
#     Tue May 13 18:30:23 2025 : End of Gate Building light signal container for module alb_mss_mem_ibp_excl_0000
#     Tue May 13 18:30:23 2025 : Populating CHUNK alb_mss_fab_bypbuf_0000_0001
#     Tue May 13 18:30:23 2025 : Gate Building light signal container for module alb_mss_fab_bypbuf_0000_0001
#     Tue May 13 18:30:23 2025 : End of Gate Building light signal container for module alb_mss_fab_bypbuf_0000_0001
### Tue May 13 18:30:23 2025(+23s) : CHUNK Population done
zCreateNameDB finished without errors or warnings.
#     Tue May 13 18:30:23 2025 : zCreateNameDB Ended
#   step Synth : Synthesis called the following command: '/slowfs/us01dwslow023/fpga/lianghao/zebu_install/VCS/VCS2021.09.2.ZEBU.B4/07052024/INSTALL/VCS/vcs/S-2021.09-2-TZ-20240507_Full64/bin/zCreateNameDB -bundle Bundle_22,zz_Encrypt_5,xtor_amba_master_axi3_svs,rl_cpu_top,alb_mss_mem_ibp_excl_0000,alb_mss_fab_bypbuf_0000_0001,  -v -X show_times -z /remote/sdgedt/tools/reem/ZebuS5_oiginal/zebu_ifx_mini_rattle_6649a592_20250509/build/zcui.work/design/synth_Default_RTL_Group'

#   step exec summary : time 0m31.65003s
#   exec summary : Total memory: 163000 kB minimum 
#   exec summary : Successful execution

# end time is Tue May 13 18:30:23 EEST 2025
zFe exit status: 0
command exit code is '0'
