zFAST results analysis:
Update context
Source unit: Design
RTL group: Default_RTL_Group
Module: DWbb_bcm21_atv_0001
    Checksum value 61dc8393dc4a07fe3593784838d8f5e6dd005d8f1b117a8b6036ee9b3537e7332c1bc647b767234e466803c337b12cfe9563cc1555efeb6fbe34f631157386a3
Module: DWbb_bcm99
    Checksum value f9d97d9d56479d16f873edc5df519058a2387a836c2426e14efba626b89cf555e5b09e5cb555bb783ea857c94cf6ec52a9cfa5f73420191dc045a3a93bac66b8
Module: ZebuClockDetectFront_0
    Checksum value e8758d1c2e57b945f607cb89993c218a07df3ace06b25a667858b1073a73c7c3e427405061f9514c5236ba376f5fdf2cda33b6e4bdde831ca78da88b5b86b49a
Module: ZebuClockDetectFront_1
    Checksum value a7f53eb3dd5ed95d5674a7fe57d3309089a1d45723d0c421b5efc81228211b7c7ce020e92550353c9395eeb900f4df5f3934a4613d2c164c11e1ac3dfa52d13a
Module: ZebuClockDetectFront_14
    Checksum value b2404e039dbbd053c3a9b898183a07087e6c749b1cb4070fa803cb54b23cf46178e1477aa8242bc7c5a52cd8ab167c08d845aff7e9de6896aa04c0580488a9c7
Module: ZebuClockDetectFront_15
    Checksum value 7cffbaa8266920cc38fde0ca1f6e5351dcbacd409a0bfdf898da930a07ed3267ad9606d9a29487879255c22516f9f73d61d781292f3e676e70215ea785568799
Module: ZebuClockDetectFront_16
    Checksum value 1be37ff6dcfdc76222ce8b96d43cd3e883999233e16476e47920c6ffa00981e818d5767f5105b4d9b066b98f73ec3837151624c96c7a8c987a4125e21874e6ba
Module: ZebuClockDetectFront_18
    Checksum value 6c27f462bc17918376a63b61320276b2b84082e3bedf104e9e1aad6191b3197a24a31f542ba1e8bb566ef9329dad5878644ab2f646d1161f97bc8999fd66eea6
Module: ZebuClockDetectFront_19
    Checksum value 51a1e7e99f435700d9c51e6739d099882405a04b119ee8ed632cb0b6705588acb1b8d86327319daa5a6edd30d0be11e31de7fee6f8aa695204f95738080e35d7
Module: ZebuClockDetectFront_2
    Checksum value 22379b7b496fa8039e11946a0b453dca81be9984dce13d11ded7ef656568b693e6d8da9dba9a53e27338bb96d526c421d07a406e8460a04d78802d5e95098b6f
Module: ZebuClockDetectFront_20
    Checksum value 6d814966a8c49f691a5a225ee98ad84989bf61cdfe73997878858c95c1f21771cce0c24234c6b26822eac7130dfeb18def3ce0b2156b95f616accbf319990250
Module: ZebuClockDetectFront_6
    Checksum value 53c16216a9b281c88b0ebfb56f9e85b8c72eee8e03099a8a2e355c5d48085cca0be090baa361f177b259cf859622289609dcead0a8ca44095e7401887af1624d
Module: ZebuClockDetectFront_60
    Checksum value c1c33efadf6895955f9321914b1ce8eb53ceae1fb32ef236807b63bfffaa0fab9dcfb024bd2da675e4820d3658eb2ccbdf2c129bd6fdaf2d479cfdab9586bf16
Module: ZebuClockDetectFront_66
    Checksum value b3346276e4621304c6b83aad3f943c7513021f60fab7a912d4c8cb8dfe019d9d74edd71bc47db8bb945004dc34eaad9474cb8890008c81784066383302349022
Module: ZebuClockDetectFront_7
    Checksum value 0031199f64ae2567e8e4aea4f55c7ca643586b74ddf1cd58a53775d89f72e354bb1fbb3a12eab4a6c0fd0799898133a9429599c6dff71d412ae4a58a1da58689
Module: ZebuClockDetectFront_8
    Checksum value 985695a64f51c944053603e0bd7a4e6245d9c218f81ec80a0a35ffe61ddd1d1e73cf5568ae8286e301c999535f81de77c74635db43e8960162785b6ad44b9d28
Module: alb_mss_clkctrl_clkgate
    Checksum value 6b17fe8b875768d3fdfba85a2d0ea9407f57479b8ff7dc9f4158aa505f7475c729928ffc670e843c8007346b6338dccd0f81bd080f3c32e05671b9051474555d
Module: dwt_reset_ctrl
    Checksum value ce4e6905872f02155acac66cce50ba791a883ce727e9495672f7db0a6269d00525b0beb8079ad900e1ef84f65d82b6400ce659a7696350922e97dfab07f22821
Module: dwt_reset_ctrl_0000
    Checksum value 9c3a453b13071994ecc5f02b821f0951e0d3b43d9cff92703f3ba972edda409036e49067a4581d4bd2218990486f5faa6de70d764872ee22fdda2f638217d680
Module: rl_parity_chk_0001
    Checksum value f859f1a9968b527f4abdfde508e70fecacd175c32fa307d7b3b89515dc9e001e5d35176c4890c859a142dbb7cec364f3c65e3ec6ded6779f5f4af7286468376e
Module: rl_parity_gen_0000_0001
    Checksum value e9327dfc0f6f88bc0497b87eb9415190b250106624934615c8e5778bf4482788950d8e4e328a3bf4307b9d1c06cbcf82023bb7a9b13864cf27e521e4cc01adb0
Module: rl_reset_ctrl_wrap
    Checksum value 3be54c2bbea1f02daf5628739f92cd76ebe5dee7633ecd6bcac6bf305e1250f4b3bc2ea73ed089d984ea767cedc3cb8b11d4dca758870216f2f2b96936f5205f
Module: sfty_dmsi_down_tgt_e2e_wrap_0000
    Checksum value 303c10bddeeca442e74786301fa7088082f66a3ae85759529727ea2c8e20042b1e78ddcd5c4b51beca9d60ebd67912e8b90cc88d2547463636e4363c0c2de6b7
zFAST output analyzed
