zFAST results analysis:
Update context
Source unit: Design
RTL group: Default_RTL_Group
Module: arcv_dm_top
    Checksum value fcfec372bb6056bc2b70ab4abbe4452f7a0ade6c0616e7f2b763ca13aa3ed8cbfb3c2c34fb6a5b262917f2b4575a2f9ac4b459d8cc6faa8cc717cd86952eb86e
Module: arcv_timer_synch
    Checksum value a1551b5b927d8631bc465a5ba605f6354287050a71a13006cd6c168f1f46c6362582e1e47458766d0a5cf6db56b99b7972a32cffe6b97a62d678e9b954ec31e0
Module: arcv_wd_parity
    Checksum value a7bf29c0737c5089eb1f064db54411de94e06c75c908622720f4eb989e28bd39078087c95c9c27b6b4b6cb92c799032bf114dc9bb34569601f803c728b3dc1a3
Module: arcv_wd_parity_0000
    Checksum value 6f322aaff3d1ee86b0b93cad06129eb95b83fe6ca3910ef4b3ae26f00bd7de3d01c7cb952844ede6c4a3721dcf1d1df887f50dbeb4f5b6edbb4e32ac43c65094
Module: dm_cgm
    Checksum value 42c1f05737e27d11881de4d4bbf399054625e3b5f333375344c564c24e87932d628316c2a4932eb65049d0feaa71e92a6f8a579a0f5d6c338faa8fd9ce9ce66a
Module: io_pad_ring
    Checksum value c6c9435159526754a7b9708afbe99e1afdf829cdb991a1eccd66e2ed1f53632a2047ebc34699cf7e66f39f77b4366e7d5b69b98be05c1a6a8054001a5739c342
Module: reset_handshake
    Checksum value f5addc74039a1d8b65d65b9e4aa45238e4a72fba919dd66c99cce37a37ac25bf7a002e283d2afe273281513a83d25ccaba318d7f26abc6a5caea686a36daf82a
Module: rl_byte_unit
    Checksum value 142b59fb728fec9b2353d89293ea3cc599f7e24c8b15083a7cd715ef1f14f417dd5cdb97c993cb52f08eb0be0e40c139342df1cdc926a93fdc755bd37e5d3c6c
Module: rl_core
    Checksum value 5478da4682f62f66fae991586f0c279315e392d047058d96ea8b6dc81f381761d9aa7ce7b2b11cf48af9a31dd2d0dbf3153999614da8e431aec86ede4fb69951
Module: rl_parity_chk_0002
    Checksum value 3a3c1e71351a4eba2719376879f288fa5ddce9ff337a1f2fea7c11f38f7c87f712aa2807dbf47bdee10c71064e39616faa8fb2e0fd48a77e6e4d651ecef42f24
Module: rl_parity_chk_0002_0000
    Checksum value eeb1c0e4e524edcebbe4f4d871aa4a9512bbca485618115603562f918d571c3baec81403735f5683b9edbcecc889f4aaa26bf2d144019880b82bc3aaf6448e21
Module: rl_parity_chk_0002_0001
    Checksum value 90fc01653d4d580579bb41f643ce57abfb29de63e242507d410c7b9344561a095cf95f85fb257649b4811dcdc1c60167f2174e0c652d2e9935b3e82c57490b30
Module: rl_parity_chk_0002_0002
    Checksum value 2874b60af841c1b2dc3c15cd9afa9cc1b20f5d441f12cc71acde14414367fc12c774e358ae402fc1b29039c5567e78594beb7f4be9d9ab9799410c0b3b1f51b7
Module: rl_parity_chk_0002_0003
    Checksum value 94f866f08be8e445507777d83d5beff724b20445601bb9077f47bdb4275996063385d9de08cd2c6fccbe50659c1064f8b68f834c41b0074ee725ac2737b63500
Module: rl_parity_gen_0000
    Checksum value a0312bd2423a8c1d73e33982a44f72e8529dd6eaf0a890c80b605f9af8b22ceaf78afba1e7d0d5baa6a4610c647a7d2224c2f4f8cc411a5f57de8adbb5e1a9db
Module: rl_parity_gen_0000_0000
    Checksum value bd2a88419c162e96aac8619f8d47779ddb93cfa4e20e8f1c056ac2bae19e9bcdc9d8c79f2d247016e4d4d75632cee9f72d5e2d59a4a4a905e1f481dedd8435dd
Module: rl_parity_gen_0000_0002
    Checksum value ce086dc69127154cb569a87874710a86a159da999d5b711f5775ab25021d41eeef794d88ac4d1f4ede818351731ba9a832594de73d4532ee09a33cd215ac85a5
Module: rl_parity_gen_0000_0003
    Checksum value 105d5a743af03bc986d70e1c18380bcfd7764bdd36c804f695e274c4f1e43533045f93b2f3bd02b969e03ec68ed0a11eda632882fb0b3e1ee1d055c64e4ea55c
Module: rl_reset_ctrl
    Checksum value 3a05e69fe588e78744ffb03e9beb72cca900cf84e0fbe24a9a437897c818e6a54309450bfe2c173276ff32aabcd099f1b6b086f8a96518b7d413768ef13e0fc4
Module: rl_reset_ctrl_synch
    Checksum value a17ff0081be1c1aeb09ab18ab4539f2795b04d22ea8ac42daf2ca02b1e0b469e8dd7f1b6a10cb9f11c31c459fa20874a291b48e2339ae443b2f2060ab2f26b94
Module: simple_parity
    Checksum value 3819ac96ec9ec9d7c1beb5b1c32b18deb89431c301dcb6682231c16e3a680157825fab081c2bbc7953149233cf7fe7d8a2b5168c13012ef5532f7d48748a0fb2
Module: simple_parity_0000
    Checksum value 1ec3100b5c29d357cd04d2547c8e29415939be8f06d291b2cfdb94bc739d9d9402536486aaa08e35e08ea172218f621cb9d62b9d67a0817b06ad3107975fc3f4
Module: zebu_ts_orion_tick_clk_mod
    Checksum value 3ce3dff8161909e496f0217c53d8ac8a09c10828607af6e19ce04b43b7165dad8aefdf2a13d0a10dcb96ef17168fdf7c62d84f7ff60b5d95ffd178e0f344ed51
zFAST output analyzed
