Job <80639578> is submitted to queue <comp>.
<<Waiting for dispatch ...>>
<<Starting on zebutrain-4761-004.static.us01-p08.synopsys.com>>


                                    ZeBu (R)
                                      zFe

           Version S-2021.09-2-T-20240508 for linux64 - May 08, 2024 

                    Copyright (c) 2002 - 2024 Synopsys, Inc.
   This software and the associated documentation are proprietary to Synopsys,
 Inc. This software may only be used in accordance with the terms and conditions
 of a written license agreement with Synopsys, Inc. All other use, reproduction,
   or distribution of this software is strictly prohibited.  Licensed Products
     communicate with Synopsys servers for the purpose of providing software
    updates, detecting software piracy and verifying that customers are using
    Licensed Products in conformity with the applicable License Key for such
  Licensed Products. Synopsys will use information gathered in connection with
    this process to deliver software updates and pursue software pirates and
                                   infringers.

 Inclusivity & Diversity - Visit SolvNetPlus to read the "Synopsys Statement on
            Inclusivity and Diversity" (Refer to article 000036315 at
                        https://solvnetplus.synopsys.com)



#   info : #----------------------------------------------------------------
#   info : Setup
#   info : #----------------------------------------------------------------
# command line is /slowfs/us01dwslow023/fpga/lianghao/zebu_install/ZEBU/VCS2021.09.2.ZEBU.B4/07052024/INSTALL/ZEBU/zebu/S-2021.09-2-TZ-20240507_Full64/bin/zFe compile_hdr.tcl script/Bundle_7_synp.tcl -log Bundle_7.log -zlog 1 
# start time is Tue May 13 18:29:50 EEST 2025
#   step Setup : CVS $Revision: #4 $
#   step Setup : CVS $Date: 2024/02/21 $
#   step Setup :         NEXT CALL to cmn::option fe_hcsrc /slowfs/us01dwslow023/fpga/lianghao/zebu_install/ ...
#   step Setup :         NEXT CALL to cmn::option fe_hcsrc /remote/sdgedt/tools/reem/ZebuS5_oiginal/zebu_ifx ...
#   step Setup :         NEXT CALL to cmn::option fe_hcsrc /remote/sdgedt/tools/reem/ZebuS5_oiginal/zebu_ifx ...
#   step Setup :         NEXT CALL to cmn::option fe_hcsrc /remote/sdgedt/tools/reem/ZebuS5_oiginal/zebu_ifx ...
#   step Setup :         NEXT CALL to cmn::option fe_hcsrc hcsrc.iba
#   step Setup :         NEXT CALL to cmn::option phase synthesis
#   info : #----------------------------------------------------------------
#   info : Synth
#   info : #----------------------------------------------------------------
#   step Synth :         NEXT CALL to fs::simple_compile -technology vtx8 -mode block_based -version NewMixe ...
#   step REPORT : Synthesizing module : alb_mss_fab_fifo_0000_000D
#   step REPORT : Synthesizing module : mss_bus_switch_ibp_compr_0000
#   step REPORT : Synthesizing module : rl_dmp_ecc_store_aligner
#   step REPORT : Synthesizing module : alb_mss_fab_fifo_0000_0002
#   step REPORT : Synthesizing module : rl_ahb2ibp_0000
#   step REPORT : Synthesizing module : alb_mss_fab_fifo_0008
#   step REPORT : Synthesizing module : rl_branch
#   step REPORT : Synthesizing module : alb_mss_fab_fifo_0006
#   step REPORT : Synthesizing module : mss_bus_switch_ibp_split_0000
#   step REPORT : Synthesizing module : alb_mss_fab_ibp2apb
#   step REPORT : Synthesizing module : alb_mss_fab_ibp2apb_0000
#   step REPORT : Synthesizing module : rl_mmio_ahb2ibp
#   step REPORT : Synthesizing module : alb_mss_fab_fifo_0002_0001
#   step REPORT : Synthesizing module : alb_mss_fab_fifo_0000_000C
#   step REPORT : Synthesizing module : rl_ahb2ibp_0001
#   step REPORT : Synthesizing module : dm_hmst
#   step REPORT : Synthesizing module : alb_mss_fab_fifo_0000_000A
#   step REPORT : Synthesizing module : alb_mss_fab_fifo_0000
#   step REPORT : Synthesizing module : alb_mss_mem_fifo_0000_0002
#   step REPORT : Synthesizing module : ls_multi_bit_comparator_0005
#   step REPORT : Synthesizing module : alb_mss_mem_fifo_0000_0000
#   step REPORT : Synthesizing module : alb_mss_fab_fifo_0000_0006
#   step REPORT : Synthesizing module : cpu_top_safety_controller
#   step REPORT : Synthesizing module : ls_multi_bit_comparator_0001
#   step REPORT : Synthesizing module : ls_compare_unit_0003
#   step REPORT : Synthesizing module : ls_multi_bit_comparator_0002
#   step REPORT : Synthesizing module : ls_compare_unit_0006
#   step REPORT : Synthesizing module : ls_multi_bit_comparator_0003
#   step REPORT : Synthesizing module : ls_compare_unit_0007
#   step REPORT : Synthesizing module : ls_compare_unit_0008
#   step REPORT : Synthesizing module : ls_compare_unit_000E
#   step REPORT : Synthesizing module : ls_multi_bit_comparator_0006
#   step REPORT : Synthesizing module : ls_compare_unit_000F
### warning in ZFAST : Out of 71 pin types only 69 have names
#   step REPORT : [39.349] Optimizing module : alb_mss_fab_fifo_0000_000D
#   step REPORT : [39.350] Instance count of module alb_mss_fab_fifo_0000_000D is 1
#   step REPORT : [6.1691] Total net count: 331
#   step REPORT : [6.1690] There are 5 levels of combinational cells
#   step REPORT : [6.1689] There are 4 distinct nets driving control pins
#   step REPORT : [6.1695] 2-input LUTs: 6
#   step REPORT : [6.1695] 4-input LUTs: 3
#   step REPORT : [6.1695] 5-input LUTs: 1
#   step REPORT : [6.1695] 6-input LUTs: 43
#   step REPORT : [6.1696] Total LUT area: 53
#   step REPORT : [6.1697] State    : 88
#   step REPORT : [6.1697]   (FF)   : 88
#   step REPORT : [6.1697] +CSA LUTs: 47
#   step REPORT : [6.1884] Renaming SVA module instances in the netlist
#   step REPORT : [6.1882] Renaming special verilog names in the netlist
#   step REPORT : [6.1882] Special names renaming stats:
#   step REPORT : [6.1882] Total time                 : 0.000 seconds
#   step REPORT : [6.1882] Total wires renamed        : 0
#   step REPORT : [6.1882] Total instances renamed    : 0
#   step REPORT : [6.1883] Renaming wires like ports
#   step REPORT : [6.1883] Renamed wires like ports (0 ports)
#   step REPORT : [6.1885] Emitting RTLDB information for the netlist
#   step REPORT : Converting netlist 'alb_mss_fab_fifo_0000_000D' to znl format
#   step STATS :  ----------------------------------------------------------------------------------------------------------------------------------------------------------------------------------------------------------------------------------------------------------------------------------------------
#   step STATS :  |                 reg |                 lut |                bram |                uram |             memsize |              m18x18 |                bufg |                buft |               nbI/O |                nbBB |                nbZV |                nbME |               dsp48 || name
#   step STATS :  ----------------------------------------------------------------------------------------------------------------------------------------------------------------------------------------------------------------------------------------------------------------------------------------------
#   step STATS :  |                  88 |                 100 |                   0 |                   0 |                   0 |                   0 |                   0 |                   0 |                  94 |                   0 |                   0 |                   0 |                   0 || alb_mss_fab_fifo_0000_000D
#   step STATS :  ----------------------------------------------------------------------------------------------------------------------------------------------------------------------------------------------------------------------------------------------------------------------------------------------
#   step REPORT : Writing netlist 'alb_mss_fab_fifo_0000_000D' to 'edif/alb_mss_fab_fifo_0000_000D/alb_mss_fab_fifo_0000_000D.edf.gz'
#   step SERIALIZE : writing netlist 'zmerge' into znl file 'edif/alb_mss_fab_fifo_0000_000D/alb_mss_fab_fifo_0000_000D.edf.gz'
#   step SERIALIZE : #bytes in: 13323, #bytes out: 3336, compression ratio: 3.993705
#   step REPORT : [87.28] Resource usage for alb_mss_fab_fifo_0000_000D: 0.151s 112.2M
#   step REPORT : [39.349] Optimizing module : mss_bus_switch_ibp_compr_0000
#   step REPORT : [39.350] Instance count of module mss_bus_switch_ibp_compr_0000 is 6
#   step REPORT : [6.1691] Total net count: 1355
#   step REPORT : [6.1690] There are 10 levels of combinational cells
#   step REPORT : [6.1689] There are 2 distinct nets driving control pins
#   step REPORT : [6.1695] 2-input LUTs: 17
#   step REPORT : [6.1695] 3-input LUTs: 6
#   step REPORT : [6.1695] 4-input LUTs: 105
#   step REPORT : [6.1695] 5-input LUTs: 125
#   step REPORT : [6.1695] 6-input LUTs: 93
#   step REPORT : [6.1696] Total LUT area: 346
#   step REPORT : [6.1697] State    : 4
#   step REPORT : [6.1697]   (FF)   : 4
#   step REPORT : [6.1697] +CSA LUTs: 205
#   step REPORT : [6.1884] Renaming SVA module instances in the netlist
#   step REPORT : [6.1882] Renaming special verilog names in the netlist
#   step REPORT : [6.1882] Special names renaming stats:
#   step REPORT : [6.1882] Total time                 : 0.001 seconds
#   step REPORT : [6.1882] Total wires renamed        : 0
#   step REPORT : [6.1882] Total instances renamed    : 0
#   step REPORT : [6.1883] Renaming wires like ports
#   step REPORT : [6.1883] Renamed wires like ports (0 ports)
#   step REPORT : [6.1885] Emitting RTLDB information for the netlist
#   step REPORT : Converting netlist 'mss_bus_switch_ibp_compr_0000' to znl format
#   step STATS :  ----------------------------------------------------------------------------------------------------------------------------------------------------------------------------------------------------------------------------------------------------------------------------------------------
#   step STATS :  |                 reg |                 lut |                bram |                uram |             memsize |              m18x18 |                bufg |                buft |               nbI/O |                nbBB |                nbZV |                nbME |               dsp48 || name
#   step STATS :  ----------------------------------------------------------------------------------------------------------------------------------------------------------------------------------------------------------------------------------------------------------------------------------------------
#   step STATS :  |                   4 |                 551 |                   0 |                   0 |                   0 |                   0 |                   0 |                   0 |                 745 |                   4 |                   0 |                   0 |                   0 || mss_bus_switch_ibp_compr_0000
#   step STATS :  ----------------------------------------------------------------------------------------------------------------------------------------------------------------------------------------------------------------------------------------------------------------------------------------------
#   step REPORT : Writing netlist 'mss_bus_switch_ibp_compr_0000' to 'edif/mss_bus_switch_ibp_compr_0000/mss_bus_switch_ibp_compr_0000.edf.gz'
#   step SERIALIZE : writing netlist 'zmerge' into znl file 'edif/mss_bus_switch_ibp_compr_0000/mss_bus_switch_ibp_compr_0000.edf.gz'
#   step SERIALIZE : #bytes in: 63054, #bytes out: 19598, compression ratio: 3.217369
#   step REPORT : [87.28] Resource usage for mss_bus_switch_ibp_compr_0000: 0.135s 0.0M
#   step REPORT : [39.349] Optimizing module : rl_dmp_ecc_store_aligner
#   step REPORT : [39.350] Instance count of module rl_dmp_ecc_store_aligner is 2
#   step REPORT : [6.1691] Total net count: 392
#   step REPORT : [6.1690] There are 4 levels of combinational cells
#   step REPORT : [6.1689] There are 0 distinct nets driving control pins
#   step REPORT : [6.1695] 2-input LUTs: 2
#   step REPORT : [6.1695] 3-input LUTs: 2
#   step REPORT : [6.1695] 4-input LUTs: 21
#   step REPORT : [6.1695] 5-input LUTs: 40
#   step REPORT : [6.1695] 6-input LUTs: 40
#   step REPORT : [6.1696] Total LUT area: 105
#   step REPORT : [6.1697] +CSA LUTs: 115
#   step REPORT : [6.1884] Renaming SVA module instances in the netlist
#   step REPORT : [6.1882] Renaming special verilog names in the netlist
#   step REPORT : [6.1882] Special names renaming stats:
#   step REPORT : [6.1882] Total time                 : 0.000 seconds
#   step REPORT : [6.1882] Total wires renamed        : 0
#   step REPORT : [6.1882] Total instances renamed    : 0
#   step REPORT : [6.1883] Renaming wires like ports
#   step REPORT : [6.1883] Renamed wires like ports (0 ports)
#   step REPORT : [6.1885] Emitting RTLDB information for the netlist
#   step REPORT : Converting netlist 'rl_dmp_ecc_store_aligner' to znl format
#   step STATS :  ----------------------------------------------------------------------------------------------------------------------------------------------------------------------------------------------------------------------------------------------------------------------------------------------
#   step STATS :  |                 reg |                 lut |                bram |                uram |             memsize |              m18x18 |                bufg |                buft |               nbI/O |                nbBB |                nbZV |                nbME |               dsp48 || name
#   step STATS :  ----------------------------------------------------------------------------------------------------------------------------------------------------------------------------------------------------------------------------------------------------------------------------------------------
#   step STATS :  |                   0 |                 220 |                   0 |                   0 |                   0 |                   0 |                   0 |                   0 |                 172 |                   0 |                   0 |                   0 |                   0 || rl_dmp_ecc_store_aligner
#   step STATS :  ----------------------------------------------------------------------------------------------------------------------------------------------------------------------------------------------------------------------------------------------------------------------------------------------
#   step REPORT : Writing netlist 'rl_dmp_ecc_store_aligner' to 'edif/rl_dmp_ecc_store_aligner/rl_dmp_ecc_store_aligner.edf.gz'
#   step SERIALIZE : writing netlist 'zmerge' into znl file 'edif/rl_dmp_ecc_store_aligner/rl_dmp_ecc_store_aligner.edf.gz'
#   step SERIALIZE : #bytes in: 14664, #bytes out: 5886, compression ratio: 2.491335
#   step REPORT : [87.28] Resource usage for rl_dmp_ecc_store_aligner: 0.075s 0.0M
#   step REPORT : [39.349] Optimizing module : alb_mss_fab_fifo_0000_0002
#   step REPORT : [39.350] Instance count of module alb_mss_fab_fifo_0000_0002 is 3
#   step REPORT : [6.1691] Total net count: 464
#   step REPORT : [6.1690] There are 5 levels of combinational cells
#   step REPORT : [6.1689] There are 4 distinct nets driving control pins
#   step REPORT : [6.1695] 2-input LUTs: 6
#   step REPORT : [6.1695] 4-input LUTs: 3
#   step REPORT : [6.1695] 5-input LUTs: 1
#   step REPORT : [6.1695] 6-input LUTs: 62
#   step REPORT : [6.1696] Total LUT area: 72
#   step REPORT : [6.1697] State    : 126
#   step REPORT : [6.1697]   (FF)   : 126
#   step REPORT : [6.1697] +CSA LUTs: 66
#   step REPORT : [6.1884] Renaming SVA module instances in the netlist
#   step REPORT : [6.1882] Renaming special verilog names in the netlist
#   step REPORT : [6.1882] Special names renaming stats:
#   step REPORT : [6.1882] Total time                 : 0.000 seconds
#   step REPORT : [6.1882] Total wires renamed        : 0
#   step REPORT : [6.1882] Total instances renamed    : 0
#   step REPORT : [6.1883] Renaming wires like ports
#   step REPORT : [6.1883] Renamed wires like ports (0 ports)
#   step REPORT : [6.1885] Emitting RTLDB information for the netlist
#   step REPORT : Converting netlist 'alb_mss_fab_fifo_0000_0002' to znl format
#   step STATS :  ----------------------------------------------------------------------------------------------------------------------------------------------------------------------------------------------------------------------------------------------------------------------------------------------
#   step STATS :  |                 reg |                 lut |                bram |                uram |             memsize |              m18x18 |                bufg |                buft |               nbI/O |                nbBB |                nbZV |                nbME |               dsp48 || name
#   step STATS :  ----------------------------------------------------------------------------------------------------------------------------------------------------------------------------------------------------------------------------------------------------------------------------------------------
#   step STATS :  |                 126 |                 138 |                   0 |                   0 |                   0 |                   0 |                   0 |                   0 |                 132 |                   0 |                   0 |                   0 |                   0 || alb_mss_fab_fifo_0000_0002
#   step STATS :  ----------------------------------------------------------------------------------------------------------------------------------------------------------------------------------------------------------------------------------------------------------------------------------------------
#   step REPORT : Writing netlist 'alb_mss_fab_fifo_0000_0002' to 'edif/alb_mss_fab_fifo_0000_0002/alb_mss_fab_fifo_0000_0002.edf.gz'
#   step SERIALIZE : writing netlist 'zmerge' into znl file 'edif/alb_mss_fab_fifo_0000_0002/alb_mss_fab_fifo_0000_0002.edf.gz'
#   step SERIALIZE : #bytes in: 18777, #bytes out: 4449, compression ratio: 4.220499
#   step REPORT : [87.28] Resource usage for alb_mss_fab_fifo_0000_0002: 0.067s 0.0M
#   step REPORT : [39.349] Optimizing module : rl_ahb2ibp_0000
#   step REPORT : [39.350] Instance count of module rl_ahb2ibp_0000 is 2
#   step REPORT : [6.1691] Total net count: 739
#   step REPORT : [6.1690] There are 11 levels of combinational cells
#   step REPORT : [6.1689] There are 4 distinct nets driving control pins
#   step REPORT : [6.1695] 2-input LUTs: 51
#   step REPORT : [6.1695] 3-input LUTs: 44
#   step REPORT : [6.1695] 4-input LUTs: 12
#   step REPORT : [6.1695] 5-input LUTs: 16
#   step REPORT : [6.1695] 6-input LUTs: 18
#   step REPORT : [6.1696] Total LUT area: 141
#   step REPORT : [6.1697] State    : 97
#   step REPORT : [6.1697]   (FF)   : 97
#   step REPORT : [6.1697] +CSA LUTs: 127
#   step REPORT : [6.1884] Renaming SVA module instances in the netlist
#   step REPORT : [6.1882] Renaming special verilog names in the netlist
#   step REPORT : [6.1882] Special names renaming stats:
#   step REPORT : [6.1882] Total time                 : 0.000 seconds
#   step REPORT : [6.1882] Total wires renamed        : 0
#   step REPORT : [6.1882] Total instances renamed    : 0
#   step REPORT : [6.1883] Renaming wires like ports
#   step REPORT : [6.1883] Renamed wires like ports (0 ports)
#   step REPORT : [6.1885] Emitting RTLDB information for the netlist
#   step REPORT : Converting netlist 'rl_ahb2ibp_0000' to znl format
#   step STATS :  ----------------------------------------------------------------------------------------------------------------------------------------------------------------------------------------------------------------------------------------------------------------------------------------------
#   step STATS :  |                 reg |                 lut |                bram |                uram |             memsize |              m18x18 |                bufg |                buft |               nbI/O |                nbBB |                nbZV |                nbME |               dsp48 || name
#   step STATS :  ----------------------------------------------------------------------------------------------------------------------------------------------------------------------------------------------------------------------------------------------------------------------------------------------
#   step STATS :  |                  97 |                 268 |                   0 |                   0 |                   0 |                   0 |                   0 |                   0 |                 287 |                  21 |                   0 |                   0 |                   0 || rl_ahb2ibp_0000
#   step STATS :  ----------------------------------------------------------------------------------------------------------------------------------------------------------------------------------------------------------------------------------------------------------------------------------------------
#   step REPORT : Writing netlist 'rl_ahb2ibp_0000' to 'edif/rl_ahb2ibp_0000/rl_ahb2ibp_0000.edf.gz'
#   step SERIALIZE : writing netlist 'zmerge' into znl file 'edif/rl_ahb2ibp_0000/rl_ahb2ibp_0000.edf.gz'
#   step SERIALIZE : #bytes in: 28442, #bytes out: 11125, compression ratio: 2.556584
#   step REPORT : [87.28] Resource usage for rl_ahb2ibp_0000: 0.085s 0.0M
#   step REPORT : [39.349] Optimizing module : alb_mss_fab_fifo_0008
#   step REPORT : [39.350] Instance count of module alb_mss_fab_fifo_0008 is 3
#   step REPORT : [6.1691] Total net count: 389
#   step REPORT : [6.1690] There are 6 levels of combinational cells
#   step REPORT : [6.1689] There are 6 distinct nets driving control pins
#   step REPORT : [6.1695] 2-input LUTs: 42
#   step REPORT : [6.1695] 3-input LUTs: 12
#   step REPORT : [6.1695] 4-input LUTs: 3
#   step REPORT : [6.1695] 5-input LUTs: 1
#   step REPORT : [6.1695] 6-input LUTs: 41
#   step REPORT : [6.1696] Total LUT area: 99
#   step REPORT : [6.1697] State    : 133
#   step REPORT : [6.1697]   (FF)   : 133
#   step REPORT : [6.1697] +CSA LUTs: 50
#   step REPORT : [6.1884] Renaming SVA module instances in the netlist
#   step REPORT : [6.1882] Renaming special verilog names in the netlist
#   step REPORT : [6.1882] Special names renaming stats:
#   step REPORT : [6.1882] Total time                 : 0.000 seconds
#   step REPORT : [6.1882] Total wires renamed        : 0
#   step REPORT : [6.1882] Total instances renamed    : 0
#   step REPORT : [6.1883] Renaming wires like ports
#   step REPORT : [6.1883] Renamed wires like ports (0 ports)
#   step REPORT : [6.1885] Emitting RTLDB information for the netlist
#   step REPORT : Converting netlist 'alb_mss_fab_fifo_0008' to znl format
#   step STATS :  ----------------------------------------------------------------------------------------------------------------------------------------------------------------------------------------------------------------------------------------------------------------------------------------------
#   step STATS :  |                 reg |                 lut |                bram |                uram |             memsize |              m18x18 |                bufg |                buft |               nbI/O |                nbBB |                nbZV |                nbME |               dsp48 || name
#   step STATS :  ----------------------------------------------------------------------------------------------------------------------------------------------------------------------------------------------------------------------------------------------------------------------------------------------
#   step STATS :  |                 133 |                 149 |                   0 |                   0 |                   0 |                   0 |                   0 |                   0 |                  92 |                   0 |                   0 |                   0 |                   0 || alb_mss_fab_fifo_0008
#   step STATS :  ----------------------------------------------------------------------------------------------------------------------------------------------------------------------------------------------------------------------------------------------------------------------------------------------
#   step REPORT : Writing netlist 'alb_mss_fab_fifo_0008' to 'edif/alb_mss_fab_fifo_0008/alb_mss_fab_fifo_0008.edf.gz'
#   step SERIALIZE : writing netlist 'zmerge' into znl file 'edif/alb_mss_fab_fifo_0008/alb_mss_fab_fifo_0008.edf.gz'
#   step SERIALIZE : #bytes in: 15251, #bytes out: 5286, compression ratio: 2.885168
#   step REPORT : [87.28] Resource usage for alb_mss_fab_fifo_0008: 0.064s 0.0M
#   step REPORT : [39.349] Optimizing module : rl_branch
#   step REPORT : [39.350] Instance count of module rl_branch is 2
#   step REPORT : [6.1691] Total net count: 726
#   step REPORT : [6.1690] There are 35 levels of combinational cells
#   step REPORT : [6.1689] There are 3 distinct nets driving control pins
#   step REPORT : [6.1695] 2-input LUTs: 61
#   step REPORT : [6.1695] 3-input LUTs: 29
#   step REPORT : [6.1695] 4-input LUTs: 4
#   step REPORT : [6.1695] 5-input LUTs: 62
#   step REPORT : [6.1695] 6-input LUTs: 10
#   step REPORT : [6.1696] Total LUT area: 166
#   step REPORT : [6.1697] State    : 35
#   step REPORT : [6.1697]   (FF)   : 35
#   step REPORT : [6.1697] CARRY    : 8
#   step REPORT : [6.1697] +CSA LUTs: 129
#   step REPORT : [6.1884] Renaming SVA module instances in the netlist
#   step REPORT : [6.1882] Renaming special verilog names in the netlist
#   step REPORT : [6.1882] Special names renaming stats:
#   step REPORT : [6.1882] Total time                 : 0.000 seconds
#   step REPORT : [6.1882] Total wires renamed        : 0
#   step REPORT : [6.1882] Total instances renamed    : 0
#   step REPORT : [6.1883] Renaming wires like ports
#   step REPORT : [6.1883] Renamed wires like ports (0 ports)
#   step REPORT : [6.1885] Emitting RTLDB information for the netlist
#   step REPORT : Converting netlist 'rl_branch' to znl format
#   step STATS :  ----------------------------------------------------------------------------------------------------------------------------------------------------------------------------------------------------------------------------------------------------------------------------------------------
#   step STATS :  |                 reg |                 lut |                bram |                uram |             memsize |              m18x18 |                bufg |                buft |               nbI/O |                nbBB |                nbZV |                nbME |               dsp48 || name
#   step STATS :  ----------------------------------------------------------------------------------------------------------------------------------------------------------------------------------------------------------------------------------------------------------------------------------------------
#   step STATS :  |                  35 |                 295 |                   0 |                   0 |                   0 |                   0 |                   0 |                   0 |                 260 |                   0 |                   0 |                   0 |                   0 || rl_branch
#   step STATS :  ----------------------------------------------------------------------------------------------------------------------------------------------------------------------------------------------------------------------------------------------------------------------------------------------
#   step REPORT : Writing netlist 'rl_branch' to 'edif/rl_branch/rl_branch.edf.gz'
#   step SERIALIZE : writing netlist 'zmerge' into znl file 'edif/rl_branch/rl_branch.edf.gz'
#   step SERIALIZE : #bytes in: 22695, #bytes out: 10429, compression ratio: 2.176143
#   step REPORT : [87.28] Resource usage for rl_branch: 0.102s 0.0M
#   step REPORT : [39.349] Optimizing module : alb_mss_fab_fifo_0006
#   step REPORT : [39.350] Instance count of module alb_mss_fab_fifo_0006 is 3
#   step REPORT : [6.1691] Total net count: 418
#   step REPORT : [6.1690] There are 4 levels of combinational cells
#   step REPORT : [6.1689] There are 4 distinct nets driving control pins
#   step REPORT : [6.1695] 2-input LUTs: 3
#   step REPORT : [6.1695] 3-input LUTs: 12
#   step REPORT : [6.1695] 4-input LUTs: 5
#   step REPORT : [6.1695] 5-input LUTs: 59
#   step REPORT : [6.1696] Total LUT area: 79
#   step REPORT : [6.1697] State    : 129
#   step REPORT : [6.1697]   (FF)   : 129
#   step REPORT : [6.1697] +CSA LUTs: 68
#   step REPORT : [6.1884] Renaming SVA module instances in the netlist
#   step REPORT : [6.1882] Renaming special verilog names in the netlist
#   step REPORT : [6.1882] Special names renaming stats:
#   step REPORT : [6.1882] Total time                 : 0.000 seconds
#   step REPORT : [6.1882] Total wires renamed        : 0
#   step REPORT : [6.1882] Total instances renamed    : 0
#   step REPORT : [6.1883] Renaming wires like ports
#   step REPORT : [6.1883] Renamed wires like ports (0 ports)
#   step REPORT : [6.1885] Emitting RTLDB information for the netlist
#   step REPORT : Converting netlist 'alb_mss_fab_fifo_0006' to znl format
#   step STATS :  ----------------------------------------------------------------------------------------------------------------------------------------------------------------------------------------------------------------------------------------------------------------------------------------------
#   step STATS :  |                 reg |                 lut |                bram |                uram |             memsize |              m18x18 |                bufg |                buft |               nbI/O |                nbBB |                nbZV |                nbME |               dsp48 || name
#   step STATS :  ----------------------------------------------------------------------------------------------------------------------------------------------------------------------------------------------------------------------------------------------------------------------------------------------
#   step STATS :  |                 129 |                 147 |                   0 |                   0 |                   0 |                   0 |                   0 |                   0 |                 126 |                   0 |                   0 |                   0 |                   0 || alb_mss_fab_fifo_0006
#   step STATS :  ----------------------------------------------------------------------------------------------------------------------------------------------------------------------------------------------------------------------------------------------------------------------------------------------
#   step REPORT : Writing netlist 'alb_mss_fab_fifo_0006' to 'edif/alb_mss_fab_fifo_0006/alb_mss_fab_fifo_0006.edf.gz'
#   step SERIALIZE : writing netlist 'zmerge' into znl file 'edif/alb_mss_fab_fifo_0006/alb_mss_fab_fifo_0006.edf.gz'
#   step SERIALIZE : #bytes in: 15598, #bytes out: 4892, compression ratio: 3.188471
#   step REPORT : [87.28] Resource usage for alb_mss_fab_fifo_0006: 0.064s 0.0M
#   step REPORT : [39.349] Optimizing module : mss_bus_switch_ibp_split_0000
#   step REPORT : [39.350] Instance count of module mss_bus_switch_ibp_split_0000 is 3
#   step REPORT : [6.1691] Total net count: 1485
#   step REPORT : [6.1690] There are 14 levels of combinational cells
#   step REPORT : [6.1689] There are 0 distinct nets driving control pins
#   step REPORT : [6.1695] 2-input LUTs: 22
#   step REPORT : [6.1695] 3-input LUTs: 19
#   step REPORT : [6.1695] 4-input LUTs: 24
#   step REPORT : [6.1695] 5-input LUTs: 35
#   step REPORT : [6.1695] 6-input LUTs: 96
#   step REPORT : [6.1696] Total LUT area: 196
#   step REPORT : [6.1697] +CSA LUTs: 69
#   step REPORT : [6.1884] Renaming SVA module instances in the netlist
#   step REPORT : [6.1882] Renaming special verilog names in the netlist
#   step REPORT : [6.1882] Special names renaming stats:
#   step REPORT : [6.1882] Total time                 : 0.001 seconds
#   step REPORT : [6.1882] Total wires renamed        : 0
#   step REPORT : [6.1882] Total instances renamed    : 0
#   step REPORT : [6.1883] Renaming wires like ports
#   step REPORT : [6.1883] Renamed wires like ports (0 ports)
#   step REPORT : [6.1885] Emitting RTLDB information for the netlist
#   step REPORT : Converting netlist 'mss_bus_switch_ibp_split_0000' to znl format
#   step STATS :  ----------------------------------------------------------------------------------------------------------------------------------------------------------------------------------------------------------------------------------------------------------------------------------------------
#   step STATS :  |                 reg |                 lut |                bram |                uram |             memsize |              m18x18 |                bufg |                buft |               nbI/O |                nbBB |                nbZV |                nbME |               dsp48 || name
#   step STATS :  ----------------------------------------------------------------------------------------------------------------------------------------------------------------------------------------------------------------------------------------------------------------------------------------------
#   step STATS :  |                   0 |                 265 |                   0 |                   0 |                   0 |                   0 |                   0 |                   0 |                1153 |                   3 |                   0 |                   0 |                   0 || mss_bus_switch_ibp_split_0000
#   step STATS :  ----------------------------------------------------------------------------------------------------------------------------------------------------------------------------------------------------------------------------------------------------------------------------------------------
#   step REPORT : Writing netlist 'mss_bus_switch_ibp_split_0000' to 'edif/mss_bus_switch_ibp_split_0000/mss_bus_switch_ibp_split_0000.edf.gz'
#   step SERIALIZE : writing netlist 'zmerge' into znl file 'edif/mss_bus_switch_ibp_split_0000/mss_bus_switch_ibp_split_0000.edf.gz'
#   step SERIALIZE : #bytes in: 76768, #bytes out: 21148, compression ratio: 3.630036
#   step REPORT : [87.28] Resource usage for mss_bus_switch_ibp_split_0000: 0.125s 0.0M
#   step REPORT : [39.349] Optimizing module : alb_mss_fab_ibp2apb
#   step REPORT : [39.350] Instance count of module alb_mss_fab_ibp2apb is 1
#   step REPORT : [6.1691] Total net count: 556
#   step REPORT : [6.1690] There are 10 levels of combinational cells
#   step REPORT : [6.1689] There are 5 distinct nets driving control pins
#   step REPORT : [6.1695] 2-input LUTs: 3
#   step REPORT : [6.1695] 3-input LUTs: 40
#   step REPORT : [6.1695] 4-input LUTs: 12
#   step REPORT : [6.1695] 5-input LUTs: 10
#   step REPORT : [6.1695] 6-input LUTs: 11
#   step REPORT : [6.1696] Total LUT area: 76
#   step REPORT : [6.1697] State    : 88
#   step REPORT : [6.1697]   (FF)   : 88
#   step REPORT : [6.1697] +CSA LUTs: 25
#   step REPORT : [6.1884] Renaming SVA module instances in the netlist
#   step REPORT : [6.1882] Renaming special verilog names in the netlist
#   step REPORT : [6.1882] Special names renaming stats:
#   step REPORT : [6.1882] Total time                 : 0.000 seconds
#   step REPORT : [6.1882] Total wires renamed        : 0
#   step REPORT : [6.1882] Total instances renamed    : 0
#   step REPORT : [6.1883] Renaming wires like ports
#   step REPORT : [6.1883] Renamed wires like ports (0 ports)
#   step REPORT : [6.1885] Emitting RTLDB information for the netlist
#   step REPORT : Converting netlist 'alb_mss_fab_ibp2apb' to znl format
#   step STATS :  ----------------------------------------------------------------------------------------------------------------------------------------------------------------------------------------------------------------------------------------------------------------------------------------------
#   step STATS :  |                 reg |                 lut |                bram |                uram |             memsize |              m18x18 |                bufg |                buft |               nbI/O |                nbBB |                nbZV |                nbME |               dsp48 || name
#   step STATS :  ----------------------------------------------------------------------------------------------------------------------------------------------------------------------------------------------------------------------------------------------------------------------------------------------
#   step STATS :  |                  88 |                 101 |                   0 |                   0 |                   0 |                   0 |                   0 |                   0 |                 198 |                   1 |                   0 |                   0 |                   0 || alb_mss_fab_ibp2apb
#   step STATS :  ----------------------------------------------------------------------------------------------------------------------------------------------------------------------------------------------------------------------------------------------------------------------------------------------
#   step REPORT : Writing netlist 'alb_mss_fab_ibp2apb' to 'edif/alb_mss_fab_ibp2apb/alb_mss_fab_ibp2apb.edf.gz'
#   step SERIALIZE : writing netlist 'zmerge' into znl file 'edif/alb_mss_fab_ibp2apb/alb_mss_fab_ibp2apb.edf.gz'
#   step SERIALIZE : #bytes in: 18444, #bytes out: 7324, compression ratio: 2.518296
#   step REPORT : [87.28] Resource usage for alb_mss_fab_ibp2apb: 0.065s 0.0M
#   step REPORT : [39.349] Optimizing module : alb_mss_fab_ibp2apb_0000
#   step REPORT : [39.350] Instance count of module alb_mss_fab_ibp2apb_0000 is 1
#   step REPORT : [6.1691] Total net count: 560
#   step REPORT : [6.1690] There are 10 levels of combinational cells
#   step REPORT : [6.1689] There are 5 distinct nets driving control pins
#   step REPORT : [6.1695] 2-input LUTs: 3
#   step REPORT : [6.1695] 3-input LUTs: 40
#   step REPORT : [6.1695] 4-input LUTs: 12
#   step REPORT : [6.1695] 5-input LUTs: 9
#   step REPORT : [6.1695] 6-input LUTs: 12
#   step REPORT : [6.1696] Total LUT area: 76
#   step REPORT : [6.1697] State    : 89
#   step REPORT : [6.1697]   (FF)   : 89
#   step REPORT : [6.1697] +CSA LUTs: 25
#   step REPORT : [6.1884] Renaming SVA module instances in the netlist
#   step REPORT : [6.1882] Renaming special verilog names in the netlist
#   step REPORT : [6.1882] Special names renaming stats:
#   step REPORT : [6.1882] Total time                 : 0.000 seconds
#   step REPORT : [6.1882] Total wires renamed        : 0
#   step REPORT : [6.1882] Total instances renamed    : 0
#   step REPORT : [6.1883] Renaming wires like ports
#   step REPORT : [6.1883] Renamed wires like ports (0 ports)
#   step REPORT : [6.1885] Emitting RTLDB information for the netlist
#   step REPORT : Converting netlist 'alb_mss_fab_ibp2apb_0000' to znl format
#   step STATS :  ----------------------------------------------------------------------------------------------------------------------------------------------------------------------------------------------------------------------------------------------------------------------------------------------
#   step STATS :  |                 reg |                 lut |                bram |                uram |             memsize |              m18x18 |                bufg |                buft |               nbI/O |                nbBB |                nbZV |                nbME |               dsp48 || name
#   step STATS :  ----------------------------------------------------------------------------------------------------------------------------------------------------------------------------------------------------------------------------------------------------------------------------------------------
#   step STATS :  |                  89 |                 101 |                   0 |                   0 |                   0 |                   0 |                   0 |                   0 |                 200 |                   1 |                   0 |                   0 |                   0 || alb_mss_fab_ibp2apb_0000
#   step STATS :  ----------------------------------------------------------------------------------------------------------------------------------------------------------------------------------------------------------------------------------------------------------------------------------------------
#   step REPORT : Writing netlist 'alb_mss_fab_ibp2apb_0000' to 'edif/alb_mss_fab_ibp2apb_0000/alb_mss_fab_ibp2apb_0000.edf.gz'
#   step SERIALIZE : writing netlist 'zmerge' into znl file 'edif/alb_mss_fab_ibp2apb_0000/alb_mss_fab_ibp2apb_0000.edf.gz'
#   step SERIALIZE : #bytes in: 18589, #bytes out: 7356, compression ratio: 2.527053
#   step REPORT : [87.28] Resource usage for alb_mss_fab_ibp2apb_0000: 0.069s 0.0M
#   step REPORT : [39.349] Optimizing module : rl_mmio_ahb2ibp
#   step REPORT : [39.350] Instance count of module rl_mmio_ahb2ibp is 2
#   step REPORT : [6.1691] Total net count: 723
#   step REPORT : [6.1690] There are 10 levels of combinational cells
#   step REPORT : [6.1689] There are 4 distinct nets driving control pins
#   step REPORT : [6.1695] 2-input LUTs: 47
#   step REPORT : [6.1695] 3-input LUTs: 45
#   step REPORT : [6.1695] 4-input LUTs: 12
#   step REPORT : [6.1695] 5-input LUTs: 17
#   step REPORT : [6.1695] 6-input LUTs: 17
#   step REPORT : [6.1696] Total LUT area: 138
#   step REPORT : [6.1697] State    : 93
#   step REPORT : [6.1697]   (FF)   : 93
#   step REPORT : [6.1697] +CSA LUTs: 122
#   step REPORT : [6.1884] Renaming SVA module instances in the netlist
#   step REPORT : [6.1882] Renaming special verilog names in the netlist
#   step REPORT : [6.1882] Special names renaming stats:
#   step REPORT : [6.1882] Total time                 : 0.000 seconds
#   step REPORT : [6.1882] Total wires renamed        : 0
#   step REPORT : [6.1882] Total instances renamed    : 0
#   step REPORT : [6.1883] Renaming wires like ports
#   step REPORT : [6.1883] Renamed wires like ports (0 ports)
#   step REPORT : [6.1885] Emitting RTLDB information for the netlist
#   step REPORT : Converting netlist 'rl_mmio_ahb2ibp' to znl format
#   step STATS :  ----------------------------------------------------------------------------------------------------------------------------------------------------------------------------------------------------------------------------------------------------------------------------------------------
#   step STATS :  |                 reg |                 lut |                bram |                uram |             memsize |              m18x18 |                bufg |                buft |               nbI/O |                nbBB |                nbZV |                nbME |               dsp48 || name
#   step STATS :  ----------------------------------------------------------------------------------------------------------------------------------------------------------------------------------------------------------------------------------------------------------------------------------------------
#   step STATS :  |                  93 |                 260 |                   0 |                   0 |                   0 |                   0 |                   0 |                   0 |                 283 |                  21 |                   0 |                   0 |                   0 || rl_mmio_ahb2ibp
#   step STATS :  ----------------------------------------------------------------------------------------------------------------------------------------------------------------------------------------------------------------------------------------------------------------------------------------------
#   step REPORT : Writing netlist 'rl_mmio_ahb2ibp' to 'edif/rl_mmio_ahb2ibp/rl_mmio_ahb2ibp.edf.gz'
#   step SERIALIZE : writing netlist 'zmerge' into znl file 'edif/rl_mmio_ahb2ibp/rl_mmio_ahb2ibp.edf.gz'
#   step SERIALIZE : #bytes in: 27547, #bytes out: 10777, compression ratio: 2.556092
#   step REPORT : [87.28] Resource usage for rl_mmio_ahb2ibp: 0.086s 0.0M
#   step REPORT : [39.349] Optimizing module : alb_mss_fab_fifo_0002_0001
#   step REPORT : [39.350] Instance count of module alb_mss_fab_fifo_0002_0001 is 4
#   step REPORT : [6.1691] Total net count: 547
#   step REPORT : [6.1690] There are 3 levels of combinational cells
#   step REPORT : [6.1689] There are 5 distinct nets driving control pins
#   step REPORT : [6.1695] 2-input LUTs: 31
#   step REPORT : [6.1695] 3-input LUTs: 3
#   step REPORT : [6.1695] 4-input LUTs: 68
#   step REPORT : [6.1695] 5-input LUTs: 19
#   step REPORT : [6.1695] 6-input LUTs: 21
#   step REPORT : [6.1696] Total LUT area: 142
#   step REPORT : [6.1697] State    : 130
#   step REPORT : [6.1697]   (FF)   : 130
#   step REPORT : [6.1697] +CSA LUTs: 45
#   step REPORT : [6.1884] Renaming SVA module instances in the netlist
#   step REPORT : [6.1882] Renaming special verilog names in the netlist
#   step REPORT : [6.1882] Special names renaming stats:
#   step REPORT : [6.1882] Total time                 : 0.000 seconds
#   step REPORT : [6.1882] Total wires renamed        : 0
#   step REPORT : [6.1882] Total instances renamed    : 0
#   step REPORT : [6.1883] Renaming wires like ports
#   step REPORT : [6.1883] Renamed wires like ports (0 ports)
#   step REPORT : [6.1885] Emitting RTLDB information for the netlist
#   step REPORT : Converting netlist 'alb_mss_fab_fifo_0002_0001' to znl format
#   step STATS :  ----------------------------------------------------------------------------------------------------------------------------------------------------------------------------------------------------------------------------------------------------------------------------------------------
#   step STATS :  |                 reg |                 lut |                bram |                uram |             memsize |              m18x18 |                bufg |                buft |               nbI/O |                nbBB |                nbZV |                nbME |               dsp48 || name
#   step STATS :  ----------------------------------------------------------------------------------------------------------------------------------------------------------------------------------------------------------------------------------------------------------------------------------------------
#   step STATS :  |                 130 |                 187 |                   0 |                   0 |                   0 |                   0 |                   0 |                   0 |                  50 |                   0 |                   0 |                   0 |                   0 || alb_mss_fab_fifo_0002_0001
#   step STATS :  ----------------------------------------------------------------------------------------------------------------------------------------------------------------------------------------------------------------------------------------------------------------------------------------------
#   step REPORT : Writing netlist 'alb_mss_fab_fifo_0002_0001' to 'edif/alb_mss_fab_fifo_0002_0001/alb_mss_fab_fifo_0002_0001.edf.gz'
#   step SERIALIZE : writing netlist 'zmerge' into znl file 'edif/alb_mss_fab_fifo_0002_0001/alb_mss_fab_fifo_0002_0001.edf.gz'
#   step SERIALIZE : #bytes in: 17452, #bytes out: 6331, compression ratio: 2.756594
#   step REPORT : [87.28] Resource usage for alb_mss_fab_fifo_0002_0001: 0.075s 0.0M
#   step REPORT : [39.349] Optimizing module : alb_mss_fab_fifo_0000_000C
#   step REPORT : [39.350] Instance count of module alb_mss_fab_fifo_0000_000C is 1
#   step REPORT : [6.1691] Total net count: 331
#   step REPORT : [6.1690] There are 5 levels of combinational cells
#   step REPORT : [6.1689] There are 4 distinct nets driving control pins
#   step REPORT : [6.1695] 2-input LUTs: 6
#   step REPORT : [6.1695] 4-input LUTs: 3
#   step REPORT : [6.1695] 5-input LUTs: 1
#   step REPORT : [6.1695] 6-input LUTs: 43
#   step REPORT : [6.1696] Total LUT area: 53
#   step REPORT : [6.1697] State    : 88
#   step REPORT : [6.1697]   (FF)   : 88
#   step REPORT : [6.1697] +CSA LUTs: 47
#   step REPORT : [6.1884] Renaming SVA module instances in the netlist
#   step REPORT : [6.1882] Renaming special verilog names in the netlist
#   step REPORT : [6.1882] Special names renaming stats:
#   step REPORT : [6.1882] Total time                 : 0.000 seconds
#   step REPORT : [6.1882] Total wires renamed        : 0
#   step REPORT : [6.1882] Total instances renamed    : 0
#   step REPORT : [6.1883] Renaming wires like ports
#   step REPORT : [6.1883] Renamed wires like ports (0 ports)
#   step REPORT : [6.1885] Emitting RTLDB information for the netlist
#   step REPORT : Converting netlist 'alb_mss_fab_fifo_0000_000C' to znl format
#   step STATS :  ----------------------------------------------------------------------------------------------------------------------------------------------------------------------------------------------------------------------------------------------------------------------------------------------
#   step STATS :  |                 reg |                 lut |                bram |                uram |             memsize |              m18x18 |                bufg |                buft |               nbI/O |                nbBB |                nbZV |                nbME |               dsp48 || name
#   step STATS :  ----------------------------------------------------------------------------------------------------------------------------------------------------------------------------------------------------------------------------------------------------------------------------------------------
#   step STATS :  |                  88 |                 100 |                   0 |                   0 |                   0 |                   0 |                   0 |                   0 |                  94 |                   0 |                   0 |                   0 |                   0 || alb_mss_fab_fifo_0000_000C
#   step STATS :  ----------------------------------------------------------------------------------------------------------------------------------------------------------------------------------------------------------------------------------------------------------------------------------------------
#   step REPORT : Writing netlist 'alb_mss_fab_fifo_0000_000C' to 'edif/alb_mss_fab_fifo_0000_000C/alb_mss_fab_fifo_0000_000C.edf.gz'
#   step SERIALIZE : writing netlist 'zmerge' into znl file 'edif/alb_mss_fab_fifo_0000_000C/alb_mss_fab_fifo_0000_000C.edf.gz'
#   step SERIALIZE : #bytes in: 13323, #bytes out: 3336, compression ratio: 3.993705
#   step REPORT : [87.28] Resource usage for alb_mss_fab_fifo_0000_000C: 0.061s 0.0M
#   step REPORT : [39.349] Optimizing module : rl_ahb2ibp_0001
#   step REPORT : [39.350] Instance count of module rl_ahb2ibp_0001 is 2
#   step REPORT : [6.1691] Total net count: 709
#   step REPORT : [6.1690] There are 7 levels of combinational cells
#   step REPORT : [6.1689] There are 4 distinct nets driving control pins
#   step REPORT : [6.1695] 2-input LUTs: 46
#   step REPORT : [6.1695] 3-input LUTs: 41
#   step REPORT : [6.1695] 4-input LUTs: 11
#   step REPORT : [6.1695] 5-input LUTs: 16
#   step REPORT : [6.1695] 6-input LUTs: 17
#   step REPORT : [6.1696] Total LUT area: 131
#   step REPORT : [6.1697] State    : 93
#   step REPORT : [6.1697]   (FF)   : 93
#   step REPORT : [6.1697] +CSA LUTs: 115
#   step REPORT : [6.1884] Renaming SVA module instances in the netlist
#   step REPORT : [6.1882] Renaming special verilog names in the netlist
#   step REPORT : [6.1882] Special names renaming stats:
#   step REPORT : [6.1882] Total time                 : 0.000 seconds
#   step REPORT : [6.1882] Total wires renamed        : 0
#   step REPORT : [6.1882] Total instances renamed    : 0
#   step REPORT : [6.1883] Renaming wires like ports
#   step REPORT : [6.1883] Renamed wires like ports (0 ports)
#   step REPORT : [6.1885] Emitting RTLDB information for the netlist
#   step REPORT : Converting netlist 'rl_ahb2ibp_0001' to znl format
#   step STATS :  ----------------------------------------------------------------------------------------------------------------------------------------------------------------------------------------------------------------------------------------------------------------------------------------------
#   step STATS :  |                 reg |                 lut |                bram |                uram |             memsize |              m18x18 |                bufg |                buft |               nbI/O |                nbBB |                nbZV |                nbME |               dsp48 || name
#   step STATS :  ----------------------------------------------------------------------------------------------------------------------------------------------------------------------------------------------------------------------------------------------------------------------------------------------
#   step STATS :  |                  93 |                 246 |                   0 |                   0 |                   0 |                   0 |                   0 |                   0 |                 287 |                  21 |                   0 |                   0 |                   0 || rl_ahb2ibp_0001
#   step STATS :  ----------------------------------------------------------------------------------------------------------------------------------------------------------------------------------------------------------------------------------------------------------------------------------------------
#   step REPORT : Writing netlist 'rl_ahb2ibp_0001' to 'edif/rl_ahb2ibp_0001/rl_ahb2ibp_0001.edf.gz'
#   step SERIALIZE : writing netlist 'zmerge' into znl file 'edif/rl_ahb2ibp_0001/rl_ahb2ibp_0001.edf.gz'
#   step SERIALIZE : #bytes in: 27105, #bytes out: 10445, compression ratio: 2.595021
#   step REPORT : [87.28] Resource usage for rl_ahb2ibp_0001: 0.086s 0.0M
#   step REPORT : [39.349] Optimizing module : dm_hmst
#   step REPORT : [39.350] Instance count of module dm_hmst is 1
#   step REPORT : [6.1691] Total net count: 642
#   step REPORT : [6.1690] There are 8 levels of combinational cells
#   step REPORT : [6.1689] There are 2 distinct nets driving control pins
#   step REPORT : [6.1695] 2-input LUTs: 21
#   step REPORT : [6.1695] 3-input LUTs: 67
#   step REPORT : [6.1695] 4-input LUTs: 24
#   step REPORT : [6.1695] 5-input LUTs: 21
#   step REPORT : [6.1695] 6-input LUTs: 7
#   step REPORT : [6.1696] Total LUT area: 140
#   step REPORT : [6.1697] State    : 3
#   step REPORT : [6.1697]   (FF)   : 3
#   step REPORT : [6.1697] +CSA LUTs: 155
#   step REPORT : [6.1884] Renaming SVA module instances in the netlist
#   step REPORT : [6.1882] Renaming special verilog names in the netlist
#   step REPORT : [6.1882] Special names renaming stats:
#   step REPORT : [6.1882] Total time                 : 0.000 seconds
#   step REPORT : [6.1882] Total wires renamed        : 0
#   step REPORT : [6.1882] Total instances renamed    : 0
#   step REPORT : [6.1883] Renaming wires like ports
#   step REPORT : [6.1883] Renamed wires like ports (0 ports)
#   step REPORT : [6.1885] Emitting RTLDB information for the netlist
#   step REPORT : Converting netlist 'dm_hmst' to znl format
#   step STATS :  ----------------------------------------------------------------------------------------------------------------------------------------------------------------------------------------------------------------------------------------------------------------------------------------------
#   step STATS :  |                 reg |                 lut |                bram |                uram |             memsize |              m18x18 |                bufg |                buft |               nbI/O |                nbBB |                nbZV |                nbME |               dsp48 || name
#   step STATS :  ----------------------------------------------------------------------------------------------------------------------------------------------------------------------------------------------------------------------------------------------------------------------------------------------
#   step STATS :  |                   3 |                 295 |                   0 |                   0 |                   0 |                   0 |                   0 |                   0 |                 230 |                   0 |                   0 |                   0 |                   0 || dm_hmst
#   step STATS :  ----------------------------------------------------------------------------------------------------------------------------------------------------------------------------------------------------------------------------------------------------------------------------------------------
#   step REPORT : Writing netlist 'dm_hmst' to 'edif/dm_hmst/dm_hmst.edf.gz'
#   step SERIALIZE : writing netlist 'zmerge' into znl file 'edif/dm_hmst/dm_hmst.edf.gz'
#   step SERIALIZE : #bytes in: 18063, #bytes out: 6743, compression ratio: 2.678778
#   step REPORT : [87.28] Resource usage for dm_hmst: 0.071s 0.0M
#   step REPORT : [39.349] Optimizing module : alb_mss_fab_fifo_0000_000A
#   step REPORT : [39.350] Instance count of module alb_mss_fab_fifo_0000_000A is 1
#   step REPORT : [6.1691] Total net count: 324
#   step REPORT : [6.1690] There are 5 levels of combinational cells
#   step REPORT : [6.1689] There are 4 distinct nets driving control pins
#   step REPORT : [6.1695] 2-input LUTs: 6
#   step REPORT : [6.1695] 4-input LUTs: 3
#   step REPORT : [6.1695] 5-input LUTs: 1
#   step REPORT : [6.1695] 6-input LUTs: 42
#   step REPORT : [6.1696] Total LUT area: 52
#   step REPORT : [6.1697] State    : 86
#   step REPORT : [6.1697]   (FF)   : 86
#   step REPORT : [6.1697] +CSA LUTs: 46
#   step REPORT : [6.1884] Renaming SVA module instances in the netlist
#   step REPORT : [6.1882] Renaming special verilog names in the netlist
#   step REPORT : [6.1882] Special names renaming stats:
#   step REPORT : [6.1882] Total time                 : 0.000 seconds
#   step REPORT : [6.1882] Total wires renamed        : 0
#   step REPORT : [6.1882] Total instances renamed    : 0
#   step REPORT : [6.1883] Renaming wires like ports
#   step REPORT : [6.1883] Renamed wires like ports (0 ports)
#   step REPORT : [6.1885] Emitting RTLDB information for the netlist
#   step REPORT : Converting netlist 'alb_mss_fab_fifo_0000_000A' to znl format
#   step STATS :  ----------------------------------------------------------------------------------------------------------------------------------------------------------------------------------------------------------------------------------------------------------------------------------------------
#   step STATS :  |                 reg |                 lut |                bram |                uram |             memsize |              m18x18 |                bufg |                buft |               nbI/O |                nbBB |                nbZV |                nbME |               dsp48 || name
#   step STATS :  ----------------------------------------------------------------------------------------------------------------------------------------------------------------------------------------------------------------------------------------------------------------------------------------------
#   step STATS :  |                  86 |                  98 |                   0 |                   0 |                   0 |                   0 |                   0 |                   0 |                  92 |                   0 |                   0 |                   0 |                   0 || alb_mss_fab_fifo_0000_000A
#   step STATS :  ----------------------------------------------------------------------------------------------------------------------------------------------------------------------------------------------------------------------------------------------------------------------------------------------
#   step REPORT : Writing netlist 'alb_mss_fab_fifo_0000_000A' to 'edif/alb_mss_fab_fifo_0000_000A/alb_mss_fab_fifo_0000_000A.edf.gz'
#   step SERIALIZE : writing netlist 'zmerge' into znl file 'edif/alb_mss_fab_fifo_0000_000A/alb_mss_fab_fifo_0000_000A.edf.gz'
#   step SERIALIZE : #bytes in: 13035, #bytes out: 3283, compression ratio: 3.970454
#   step REPORT : [87.28] Resource usage for alb_mss_fab_fifo_0000_000A: 0.064s 0.0M
#   step REPORT : [39.349] Optimizing module : alb_mss_fab_fifo_0000
#   step REPORT : [39.350] Instance count of module alb_mss_fab_fifo_0000 is 2
#   step REPORT : [6.1691] Total net count: 415
#   step REPORT : [6.1690] There are 5 levels of combinational cells
#   step REPORT : [6.1689] There are 4 distinct nets driving control pins
#   step REPORT : [6.1695] 2-input LUTs: 6
#   step REPORT : [6.1695] 4-input LUTs: 3
#   step REPORT : [6.1695] 5-input LUTs: 1
#   step REPORT : [6.1695] 6-input LUTs: 55
#   step REPORT : [6.1696] Total LUT area: 65
#   step REPORT : [6.1697] State    : 112
#   step REPORT : [6.1697]   (FF)   : 112
#   step REPORT : [6.1697] +CSA LUTs: 59
#   step REPORT : [6.1884] Renaming SVA module instances in the netlist
#   step REPORT : [6.1882] Renaming special verilog names in the netlist
#   step REPORT : [6.1882] Special names renaming stats:
#   step REPORT : [6.1882] Total time                 : 0.000 seconds
#   step REPORT : [6.1882] Total wires renamed        : 0
#   step REPORT : [6.1882] Total instances renamed    : 0
#   step REPORT : [6.1883] Renaming wires like ports
#   step REPORT : [6.1883] Renamed wires like ports (0 ports)
#   step REPORT : [6.1885] Emitting RTLDB information for the netlist
#   step REPORT : Converting netlist 'alb_mss_fab_fifo_0000' to znl format
#   step STATS :  ----------------------------------------------------------------------------------------------------------------------------------------------------------------------------------------------------------------------------------------------------------------------------------------------
#   step STATS :  |                 reg |                 lut |                bram |                uram |             memsize |              m18x18 |                bufg |                buft |               nbI/O |                nbBB |                nbZV |                nbME |               dsp48 || name
#   step STATS :  ----------------------------------------------------------------------------------------------------------------------------------------------------------------------------------------------------------------------------------------------------------------------------------------------
#   step STATS :  |                 112 |                 124 |                   0 |                   0 |                   0 |                   0 |                   0 |                   0 |                 118 |                   0 |                   0 |                   0 |                   0 || alb_mss_fab_fifo_0000
#   step STATS :  ----------------------------------------------------------------------------------------------------------------------------------------------------------------------------------------------------------------------------------------------------------------------------------------------
#   step REPORT : Writing netlist 'alb_mss_fab_fifo_0000' to 'edif/alb_mss_fab_fifo_0000/alb_mss_fab_fifo_0000.edf.gz'
#   step SERIALIZE : writing netlist 'zmerge' into znl file 'edif/alb_mss_fab_fifo_0000/alb_mss_fab_fifo_0000.edf.gz'
#   step SERIALIZE : #bytes in: 16764, #bytes out: 4028, compression ratio: 4.161867
#   step REPORT : [87.28] Resource usage for alb_mss_fab_fifo_0000: 0.067s 0.0M
#   step REPORT : [39.349] Optimizing module : alb_mss_mem_fifo_0000_0002
#   step REPORT : [39.350] Instance count of module alb_mss_mem_fifo_0000_0002 is 1
#   step REPORT : [6.1691] Total net count: 828
#   step REPORT : [6.1690] There are 3 levels of combinational cells
#   step REPORT : [6.1689] There are 3 distinct nets driving control pins
#   step REPORT : [6.1695] 2-input LUTs: 1
#   step REPORT : [6.1695] 3-input LUTs: 132
#   step REPORT : [6.1695] 4-input LUTs: 2
#   step REPORT : [6.1695] 5-input LUTs: 3
#   step REPORT : [6.1695] 6-input LUTs: 1
#   step REPORT : [6.1696] Total LUT area: 139
#   step REPORT : [6.1697] State    : 137
#   step REPORT : [6.1697]   (FF)   : 137
#   step REPORT : [6.1697] +CSA LUTs: 137
#   step REPORT : [6.1884] Renaming SVA module instances in the netlist
#   step REPORT : [6.1882] Renaming special verilog names in the netlist
#   step REPORT : [6.1882] Special names renaming stats:
#   step REPORT : [6.1882] Total time                 : 0.000 seconds
#   step REPORT : [6.1882] Total wires renamed        : 0
#   step REPORT : [6.1882] Total instances renamed    : 0
#   step REPORT : [6.1883] Renaming wires like ports
#   step REPORT : [6.1883] Renamed wires like ports (0 ports)
#   step REPORT : [6.1885] Emitting RTLDB information for the netlist
#   step REPORT : Converting netlist 'alb_mss_mem_fifo_0000_0002' to znl format
#   step STATS :  ----------------------------------------------------------------------------------------------------------------------------------------------------------------------------------------------------------------------------------------------------------------------------------------------
#   step STATS :  |                 reg |                 lut |                bram |                uram |             memsize |              m18x18 |                bufg |                buft |               nbI/O |                nbBB |                nbZV |                nbME |               dsp48 || name
#   step STATS :  ----------------------------------------------------------------------------------------------------------------------------------------------------------------------------------------------------------------------------------------------------------------------------------------------
#   step STATS :  |                 137 |                 276 |                   0 |                   0 |                   0 |                   0 |                   0 |                   0 |                 274 |                   0 |                   0 |                   0 |                   0 || alb_mss_mem_fifo_0000_0002
#   step STATS :  ----------------------------------------------------------------------------------------------------------------------------------------------------------------------------------------------------------------------------------------------------------------------------------------------
#   step REPORT : Writing netlist 'alb_mss_mem_fifo_0000_0002' to 'edif/alb_mss_mem_fifo_0000_0002/alb_mss_mem_fifo_0000_0002.edf.gz'
#   step SERIALIZE : writing netlist 'zmerge' into znl file 'edif/alb_mss_mem_fifo_0000_0002/alb_mss_mem_fifo_0000_0002.edf.gz'
#   step SERIALIZE : #bytes in: 24572, #bytes out: 6712, compression ratio: 3.660906
#   step REPORT : [87.28] Resource usage for alb_mss_mem_fifo_0000_0002: 0.066s 0.0M
#   step REPORT : [39.349] Optimizing module : ls_multi_bit_comparator_0005
#   step REPORT : [39.350] Instance count of module ls_multi_bit_comparator_0005 is 2
#   step REPORT : [6.1691] Total net count: 620
#   step REPORT : [6.1690] There are 7 levels of combinational cells
#   step REPORT : [6.1689] There are 0 distinct nets driving control pins
#   step REPORT : [6.1695] 4-input LUTs: 86
#   step REPORT : [6.1695] 6-input LUTs: 84
#   step REPORT : [6.1696] Total LUT area: 170
#   step REPORT : [6.1697] +CSA LUTs: 190
#   step REPORT : [6.1884] Renaming SVA module instances in the netlist
#   step REPORT : [6.1882] Renaming special verilog names in the netlist
#   step REPORT : [6.1882] Special names renaming stats:
#   step REPORT : [6.1882] Total time                 : 0.000 seconds
#   step REPORT : [6.1882] Total wires renamed        : 0
#   step REPORT : [6.1882] Total instances renamed    : 0
#   step REPORT : [6.1883] Renaming wires like ports
#   step REPORT : [6.1883] Renamed wires like ports (0 ports)
#   step REPORT : [6.1885] Emitting RTLDB information for the netlist
#   step REPORT : Converting netlist 'ls_multi_bit_comparator_0005' to znl format
#   step STATS :  ----------------------------------------------------------------------------------------------------------------------------------------------------------------------------------------------------------------------------------------------------------------------------------------------
#   step STATS :  |                 reg |                 lut |                bram |                uram |             memsize |              m18x18 |                bufg |                buft |               nbI/O |                nbBB |                nbZV |                nbME |               dsp48 || name
#   step STATS :  ----------------------------------------------------------------------------------------------------------------------------------------------------------------------------------------------------------------------------------------------------------------------------------------------
#   step STATS :  |                   0 |                 360 |                   0 |                   0 |                   0 |                   0 |                   0 |                   0 |                 258 |                   0 |                   0 |                   0 |                   0 || ls_multi_bit_comparator_0005
#   step STATS :  ----------------------------------------------------------------------------------------------------------------------------------------------------------------------------------------------------------------------------------------------------------------------------------------------
#   step REPORT : Writing netlist 'ls_multi_bit_comparator_0005' to 'edif/ls_multi_bit_comparator_0005/ls_multi_bit_comparator_0005.edf.gz'
#   step SERIALIZE : writing netlist 'zmerge' into znl file 'edif/ls_multi_bit_comparator_0005/ls_multi_bit_comparator_0005.edf.gz'
#   step SERIALIZE : #bytes in: 18800, #bytes out: 8873, compression ratio: 2.118787
#   step REPORT : [87.28] Resource usage for ls_multi_bit_comparator_0005: 0.096s 0.0M
#   step REPORT : [39.349] Optimizing module : alb_mss_mem_fifo_0000_0000
#   step REPORT : [39.350] Instance count of module alb_mss_mem_fifo_0000_0000 is 2
#   step REPORT : [6.1691] Total net count: 912
#   step REPORT : [6.1690] There are 3 levels of combinational cells
#   step REPORT : [6.1689] There are 3 distinct nets driving control pins
#   step REPORT : [6.1695] 2-input LUTs: 1
#   step REPORT : [6.1695] 3-input LUTs: 146
#   step REPORT : [6.1695] 4-input LUTs: 2
#   step REPORT : [6.1695] 5-input LUTs: 3
#   step REPORT : [6.1695] 6-input LUTs: 1
#   step REPORT : [6.1696] Total LUT area: 153
#   step REPORT : [6.1697] State    : 151
#   step REPORT : [6.1697]   (FF)   : 151
#   step REPORT : [6.1697] +CSA LUTs: 151
#   step REPORT : [6.1884] Renaming SVA module instances in the netlist
#   step REPORT : [6.1882] Renaming special verilog names in the netlist
#   step REPORT : [6.1882] Special names renaming stats:
#   step REPORT : [6.1882] Total time                 : 0.000 seconds
#   step REPORT : [6.1882] Total wires renamed        : 0
#   step REPORT : [6.1882] Total instances renamed    : 0
#   step REPORT : [6.1883] Renaming wires like ports
#   step REPORT : [6.1883] Renamed wires like ports (0 ports)
#   step REPORT : [6.1885] Emitting RTLDB information for the netlist
#   step REPORT : Converting netlist 'alb_mss_mem_fifo_0000_0000' to znl format
#   step STATS :  ----------------------------------------------------------------------------------------------------------------------------------------------------------------------------------------------------------------------------------------------------------------------------------------------
#   step STATS :  |                 reg |                 lut |                bram |                uram |             memsize |              m18x18 |                bufg |                buft |               nbI/O |                nbBB |                nbZV |                nbME |               dsp48 || name
#   step STATS :  ----------------------------------------------------------------------------------------------------------------------------------------------------------------------------------------------------------------------------------------------------------------------------------------------
#   step STATS :  |                 151 |                 304 |                   0 |                   0 |                   0 |                   0 |                   0 |                   0 |                 302 |                   0 |                   0 |                   0 |                   0 || alb_mss_mem_fifo_0000_0000
#   step STATS :  ----------------------------------------------------------------------------------------------------------------------------------------------------------------------------------------------------------------------------------------------------------------------------------------------
#   step REPORT : Writing netlist 'alb_mss_mem_fifo_0000_0000' to 'edif/alb_mss_mem_fifo_0000_0000/alb_mss_mem_fifo_0000_0000.edf.gz'
#   step SERIALIZE : writing netlist 'zmerge' into znl file 'edif/alb_mss_mem_fifo_0000_0000/alb_mss_mem_fifo_0000_0000.edf.gz'
#   step SERIALIZE : #bytes in: 27092, #bytes out: 7343, compression ratio: 3.689500
#   step REPORT : [87.28] Resource usage for alb_mss_mem_fifo_0000_0000: 0.067s 0.0M
#   step REPORT : [39.349] Optimizing module : alb_mss_fab_fifo_0000_0006
#   step REPORT : [39.350] Instance count of module alb_mss_fab_fifo_0000_0006 is 3
#   step REPORT : [6.1691] Total net count: 464
#   step REPORT : [6.1690] There are 5 levels of combinational cells
#   step REPORT : [6.1689] There are 4 distinct nets driving control pins
#   step REPORT : [6.1695] 2-input LUTs: 6
#   step REPORT : [6.1695] 4-input LUTs: 3
#   step REPORT : [6.1695] 5-input LUTs: 1
#   step REPORT : [6.1695] 6-input LUTs: 62
#   step REPORT : [6.1696] Total LUT area: 72
#   step REPORT : [6.1697] State    : 126
#   step REPORT : [6.1697]   (FF)   : 126
#   step REPORT : [6.1697] +CSA LUTs: 66
#   step REPORT : [6.1884] Renaming SVA module instances in the netlist
#   step REPORT : [6.1882] Renaming special verilog names in the netlist
#   step REPORT : [6.1882] Special names renaming stats:
#   step REPORT : [6.1882] Total time                 : 0.000 seconds
#   step REPORT : [6.1882] Total wires renamed        : 0
#   step REPORT : [6.1882] Total instances renamed    : 0
#   step REPORT : [6.1883] Renaming wires like ports
#   step REPORT : [6.1883] Renamed wires like ports (0 ports)
#   step REPORT : [6.1885] Emitting RTLDB information for the netlist
#   step REPORT : Converting netlist 'alb_mss_fab_fifo_0000_0006' to znl format
#   step STATS :  ----------------------------------------------------------------------------------------------------------------------------------------------------------------------------------------------------------------------------------------------------------------------------------------------
#   step STATS :  |                 reg |                 lut |                bram |                uram |             memsize |              m18x18 |                bufg |                buft |               nbI/O |                nbBB |                nbZV |                nbME |               dsp48 || name
#   step STATS :  ----------------------------------------------------------------------------------------------------------------------------------------------------------------------------------------------------------------------------------------------------------------------------------------------
#   step STATS :  |                 126 |                 138 |                   0 |                   0 |                   0 |                   0 |                   0 |                   0 |                 132 |                   0 |                   0 |                   0 |                   0 || alb_mss_fab_fifo_0000_0006
#   step STATS :  ----------------------------------------------------------------------------------------------------------------------------------------------------------------------------------------------------------------------------------------------------------------------------------------------
#   step REPORT : Writing netlist 'alb_mss_fab_fifo_0000_0006' to 'edif/alb_mss_fab_fifo_0000_0006/alb_mss_fab_fifo_0000_0006.edf.gz'
#   step SERIALIZE : writing netlist 'zmerge' into znl file 'edif/alb_mss_fab_fifo_0000_0006/alb_mss_fab_fifo_0000_0006.edf.gz'
#   step SERIALIZE : #bytes in: 18778, #bytes out: 4451, compression ratio: 4.218827
#   step REPORT : [87.28] Resource usage for alb_mss_fab_fifo_0000_0006: 0.064s 0.0M
#   step REPORT : [39.349] Optimizing module : cpu_top_safety_controller
#   step REPORT : [39.350] Instance count of module cpu_top_safety_controller is 1
#   step REPORT : [6.1691] Total net count: 7096
#   step REPORT : [6.1690] There are 9 levels of combinational cells
#   step REPORT : [6.1689] There are 0 distinct nets driving control pins
#   step REPORT : [6.1695] 2-input LUTs: 4
#   step REPORT : [6.1695] 3-input LUTs: 5
#   step REPORT : [6.1695] 4-input LUTs: 42
#   step REPORT : [6.1695] 5-input LUTs: 11
#   step REPORT : [6.1695] 6-input LUTs: 64
#   step REPORT : [6.1696] Total LUT area: 126
#   step REPORT : [6.1697] +CSA LUTs: 178
#   step REPORT : [6.1884] Renaming SVA module instances in the netlist
#   step REPORT : [6.1882] Renaming special verilog names in the netlist
#   step REPORT : [6.1882] Special names renaming stats:
#   step REPORT : [6.1882] Total time                 : 0.003 seconds
#   step REPORT : [6.1882] Total wires renamed        : 0
#   step REPORT : [6.1882] Total instances renamed    : 0
#   step REPORT : [6.1883] Renaming wires like ports
#   step REPORT : [6.1883] Renamed wires like ports (0 ports)
#   step REPORT : [6.1885] Emitting RTLDB information for the netlist
#   step REPORT : Converting netlist 'cpu_top_safety_controller' to znl format
#   step STATS :  ----------------------------------------------------------------------------------------------------------------------------------------------------------------------------------------------------------------------------------------------------------------------------------------------
#   step STATS :  |                 reg |                 lut |                bram |                uram |             memsize |              m18x18 |                bufg |                buft |               nbI/O |                nbBB |                nbZV |                nbME |               dsp48 || name
#   step STATS :  ----------------------------------------------------------------------------------------------------------------------------------------------------------------------------------------------------------------------------------------------------------------------------------------------
#   step STATS :  |                   0 |                 304 |                   0 |                   0 |                   0 |                   0 |                   0 |                   0 |                2043 |                  26 |                   0 |                   0 |                   0 || cpu_top_safety_controller
#   step STATS :  ----------------------------------------------------------------------------------------------------------------------------------------------------------------------------------------------------------------------------------------------------------------------------------------------
#   step REPORT : Writing netlist 'cpu_top_safety_controller' to 'edif/cpu_top_safety_controller/cpu_top_safety_controller.edf.gz'
#   step SERIALIZE : writing netlist 'zmerge' into znl file 'edif/cpu_top_safety_controller/cpu_top_safety_controller.edf.gz'
#   step SERIALIZE : #bytes in: 342810, #bytes out: 84643, compression ratio: 4.050069
#   step REPORT : [87.28] Resource usage for cpu_top_safety_controller: 0.368s 0.0M
#   step Synth : RhinoDB status is set by default value: rhino_default_status:1.
#   step Synth : Using zCreateNameDB from /slowfs/us01dwslow023/fpga/lianghao/zebu_install/VCS/VCS2021.09.2.ZEBU.B4/07052024/INSTALL/VCS/vcs/S-2021.09-2-TZ-20240507_Full64/bin/zCreateNameDB for RhinoDB population.
#   step Synth : Running RhinoDB gate population on 23 modules. To skip this step please set SNPS_RHINODB_INTERNAL_3STEP_DISABLE env var.
Running in 3step flow - bundle population mode, for bundle,modules = Bundle_7,cpu_top_safety_controller,alb_mss_fab_fifo_0000_0006,alb_mss_mem_fifo_0000_0000,ls_multi_bit_comparator_0005,alb_mss_mem_fifo_0000_0002,alb_mss_fab_fifo_0000,alb_mss_fab_fifo_0000_000A,dm_hmst,rl_ahb2ibp_0001,alb_mss_fab_fifo_0000_000C,alb_mss_fab_fifo_0002_0001,rl_mmio_ahb2ibp,alb_mss_fab_ibp2apb_0000,alb_mss_fab_ibp2apb,mss_bus_switch_ibp_split_0000,alb_mss_fab_fifo_0006,rl_branch,alb_mss_fab_fifo_0008,rl_ahb2ibp_0000,alb_mss_fab_fifo_0000_0002,rl_dmp_ecc_store_aligner,mss_bus_switch_ibp_compr_0000,alb_mss_fab_fifo_0000_000D,
Got following -X option = show_times
#     Tue May 13 18:29:55 2025 : zCreateNameDB Started
#      : Reading the Serializing VCS Version
[2025-05-13 18:29:55.362876] [0x000015555540d300] [info]    #      : Reading the Serializing VCS Version

#      : Deserializing names dictionary
[2025-05-13 18:29:55.363568] [0x000015555540d300] [info]    #      : Deserializing names dictionary

#      : Deserializing libraries
[2025-05-13 18:29:55.371356] [0x000015555540d300] [info]    #      : Deserializing libraries

#      : Deserializing RTL
[2025-05-13 18:29:55.372883] [0x000015555540d300] [info]    #      : Deserializing RTL

#      : Deserializing Gate
[2025-05-13 18:29:55.374321] [0x000015555540d300] [info]    #      : Deserializing Gate

#      : Deserializing design object
[2025-05-13 18:29:55.375755] [0x000015555540d300] [info]    #      : Deserializing design object

#      : Populating Dfs Table
[2025-05-13 18:29:55.376945] [0x000015555540d300] [info]    #      : Populating Dfs Table

### Tue May 13 18:29:55 2025 : RTL Deserialized
### Tue May 13 18:29:55 2025 : Starting CHUNK Population
#     Tue May 13 18:29:55 2025 : Populating CHUNK cpu_top_safety_controller
#     Tue May 13 18:29:55 2025 : Gate Building light signal container for module cpu_top_safety_controller
#     Tue May 13 18:29:55 2025 : End of Gate Building light signal container for module cpu_top_safety_controller
#     Tue May 13 18:29:55 2025 : Populating CHUNK alb_mss_fab_fifo_0000_0006
#     Tue May 13 18:29:55 2025 : Gate Building light signal container for module alb_mss_fab_fifo_0000_0006
#     Tue May 13 18:29:55 2025 : End of Gate Building light signal container for module alb_mss_fab_fifo_0000_0006
#     Tue May 13 18:29:55 2025 : Populating CHUNK alb_mss_mem_fifo_0000_0000
#     Tue May 13 18:29:55 2025 : Gate Building light signal container for module alb_mss_mem_fifo_0000_0000
#     Tue May 13 18:29:55 2025 : End of Gate Building light signal container for module alb_mss_mem_fifo_0000_0000
#     Tue May 13 18:29:55 2025 : Populating CHUNK ls_multi_bit_comparator_0005
#     Tue May 13 18:29:55 2025 : Gate Building light signal container for module ls_multi_bit_comparator_0005
#     Tue May 13 18:29:55 2025 : End of Gate Building light signal container for module ls_multi_bit_comparator_0005
#     Tue May 13 18:29:55 2025 : Populating CHUNK alb_mss_mem_fifo_0000_0002
#     Tue May 13 18:29:55 2025 : Gate Building light signal container for module alb_mss_mem_fifo_0000_0002
#     Tue May 13 18:29:55 2025 : End of Gate Building light signal container for module alb_mss_mem_fifo_0000_0002
#     Tue May 13 18:29:55 2025 : Populating CHUNK alb_mss_fab_fifo_0000
#     Tue May 13 18:29:55 2025 : Gate Building light signal container for module alb_mss_fab_fifo_0000
#     Tue May 13 18:29:55 2025 : End of Gate Building light signal container for module alb_mss_fab_fifo_0000
#     Tue May 13 18:29:55 2025 : Populating CHUNK alb_mss_fab_fifo_0000_000A
#     Tue May 13 18:29:55 2025 : Gate Building light signal container for module alb_mss_fab_fifo_0000_000A
#     Tue May 13 18:29:55 2025 : End of Gate Building light signal container for module alb_mss_fab_fifo_0000_000A
#     Tue May 13 18:29:55 2025 : Populating CHUNK dm_hmst
#     Tue May 13 18:29:55 2025 : Gate Building light signal container for module dm_hmst
#     Tue May 13 18:29:55 2025 : End of Gate Building light signal container for module dm_hmst
#     Tue May 13 18:29:55 2025 : Populating CHUNK rl_ahb2ibp_0001
#     Tue May 13 18:29:55 2025 : Gate Building light signal container for module rl_ahb2ibp_0001
#     Tue May 13 18:29:55 2025 : End of Gate Building light signal container for module rl_ahb2ibp_0001
#     Tue May 13 18:29:55 2025 : Populating CHUNK alb_mss_fab_fifo_0000_000C
#     Tue May 13 18:29:55 2025 : Gate Building light signal container for module alb_mss_fab_fifo_0000_000C
#     Tue May 13 18:29:55 2025 : End of Gate Building light signal container for module alb_mss_fab_fifo_0000_000C
#     Tue May 13 18:29:55 2025 : Populating CHUNK alb_mss_fab_fifo_0002_0001
#     Tue May 13 18:29:55 2025 : Gate Building light signal container for module alb_mss_fab_fifo_0002_0001
#     Tue May 13 18:29:55 2025 : End of Gate Building light signal container for module alb_mss_fab_fifo_0002_0001
#     Tue May 13 18:29:55 2025 : Populating CHUNK rl_mmio_ahb2ibp
#     Tue May 13 18:29:55 2025 : Gate Building light signal container for module rl_mmio_ahb2ibp
#     Tue May 13 18:29:55 2025 : End of Gate Building light signal container for module rl_mmio_ahb2ibp
#     Tue May 13 18:29:55 2025 : Populating CHUNK alb_mss_fab_ibp2apb_0000
#     Tue May 13 18:29:55 2025 : Gate Building light signal container for module alb_mss_fab_ibp2apb_0000
#     Tue May 13 18:29:55 2025 : End of Gate Building light signal container for module alb_mss_fab_ibp2apb_0000
#     Tue May 13 18:29:55 2025 : Populating CHUNK alb_mss_fab_ibp2apb
#     Tue May 13 18:29:55 2025 : Gate Building light signal container for module alb_mss_fab_ibp2apb
#     Tue May 13 18:29:55 2025 : End of Gate Building light signal container for module alb_mss_fab_ibp2apb
#     Tue May 13 18:29:55 2025 : Populating CHUNK mss_bus_switch_ibp_split_0000
#     Tue May 13 18:29:55 2025 : Gate Building light signal container for module mss_bus_switch_ibp_split_0000
#     Tue May 13 18:29:55 2025 : End of Gate Building light signal container for module mss_bus_switch_ibp_split_0000
#     Tue May 13 18:29:55 2025 : Populating CHUNK alb_mss_fab_fifo_0006
#     Tue May 13 18:29:55 2025 : Gate Building light signal container for module alb_mss_fab_fifo_0006
#     Tue May 13 18:29:55 2025 : End of Gate Building light signal container for module alb_mss_fab_fifo_0006
#     Tue May 13 18:29:55 2025 : Populating CHUNK rl_branch
#     Tue May 13 18:29:55 2025 : Gate Building light signal container for module rl_branch
#     Tue May 13 18:29:55 2025 : End of Gate Building light signal container for module rl_branch
#     Tue May 13 18:29:55 2025 : Populating CHUNK alb_mss_fab_fifo_0008
#     Tue May 13 18:29:55 2025 : Gate Building light signal container for module alb_mss_fab_fifo_0008
#     Tue May 13 18:29:55 2025 : End of Gate Building light signal container for module alb_mss_fab_fifo_0008
#     Tue May 13 18:29:55 2025 : Populating CHUNK rl_ahb2ibp_0000
#     Tue May 13 18:29:55 2025 : Gate Building light signal container for module rl_ahb2ibp_0000
#     Tue May 13 18:29:55 2025 : End of Gate Building light signal container for module rl_ahb2ibp_0000
#     Tue May 13 18:29:55 2025 : Populating CHUNK alb_mss_fab_fifo_0000_0002
#     Tue May 13 18:29:55 2025 : Gate Building light signal container for module alb_mss_fab_fifo_0000_0002
#     Tue May 13 18:29:55 2025 : End of Gate Building light signal container for module alb_mss_fab_fifo_0000_0002
#     Tue May 13 18:29:55 2025 : Populating CHUNK rl_dmp_ecc_store_aligner
#     Tue May 13 18:29:55 2025 : Gate Building light signal container for module rl_dmp_ecc_store_aligner
#     Tue May 13 18:29:55 2025 : End of Gate Building light signal container for module rl_dmp_ecc_store_aligner
#     Tue May 13 18:29:55 2025 : Populating CHUNK mss_bus_switch_ibp_compr_0000
#     Tue May 13 18:29:56 2025 : Gate Building light signal container for module mss_bus_switch_ibp_compr_0000
#     Tue May 13 18:29:56 2025 : End of Gate Building light signal container for module mss_bus_switch_ibp_compr_0000
#     Tue May 13 18:29:56 2025 : Populating CHUNK alb_mss_fab_fifo_0000_000D
#     Tue May 13 18:29:56 2025 : Gate Building light signal container for module alb_mss_fab_fifo_0000_000D
#     Tue May 13 18:29:56 2025 : End of Gate Building light signal container for module alb_mss_fab_fifo_0000_000D
### Tue May 13 18:29:56 2025(+1s) : CHUNK Population done
zCreateNameDB finished without errors or warnings.
#     Tue May 13 18:29:56 2025 : zCreateNameDB Ended
#   step Synth : Synthesis called the following command: '/slowfs/us01dwslow023/fpga/lianghao/zebu_install/VCS/VCS2021.09.2.ZEBU.B4/07052024/INSTALL/VCS/vcs/S-2021.09-2-TZ-20240507_Full64/bin/zCreateNameDB -bundle Bundle_7,cpu_top_safety_controller,alb_mss_fab_fifo_0000_0006,alb_mss_mem_fifo_0000_0000,ls_multi_bit_comparator_0005,alb_mss_mem_fifo_0000_0002,alb_mss_fab_fifo_0000,alb_mss_fab_fifo_0000_000A,dm_hmst,rl_ahb2ibp_0001,alb_mss_fab_fifo_0000_000C,alb_mss_fab_fifo_0002_0001,rl_mmio_ahb2ibp,alb_mss_fab_ibp2apb_0000,alb_mss_fab_ibp2apb,mss_bus_switch_ibp_split_0000,alb_mss_fab_fifo_0006,rl_branch,alb_mss_fab_fifo_0008,rl_ahb2ibp_0000,alb_mss_fab_fifo_0000_0002,rl_dmp_ecc_store_aligner,mss_bus_switch_ibp_compr_0000,alb_mss_fab_fifo_0000_000D,  -v -X show_times -z /remote/sdgedt/tools/reem/ZebuS5_oiginal/zebu_ifx_mini_rattle_6649a592_20250509/build/zcui.work/design/synth_Default_RTL_Group'

#   step exec summary : time 0m6.65130s
#   exec summary : Total memory: 147000 kB minimum 
#   exec summary : Successful execution

# end time is Tue May 13 18:29:56 EEST 2025
zFe exit status: 0
command exit code is '0'
