zFAST results analysis:
Update context
Source unit: Design
RTL group: Default_RTL_Group
Module: alb_mss_fab_fifo_0000
    Checksum value b11a8d2e67e84f1453c1b891cf00836f365db430281d0f698273ba95220141f420d33661a9a43803ddc653cd4cc5234c270c3fe620306ac944bd024d6934d0d8
Module: alb_mss_fab_fifo_0000_0002
    Checksum value 85bce030a03c1d18e87bd2e94e9b61d70d0e618d6e747a215047afc635e596f1703e5198b42b6f610cd2684dccf6d9e7d061eca4d45a96b01b2cda903d0f4a9e
Module: alb_mss_fab_fifo_0000_0006
    Checksum value 9ed96f2fb9b545538f8cf0edb489eb94083c4e01287c5a8710c4b24f4ce550c6deba7f447411c7e088d126d37f6e0e3a21fd9825b1639bf58e575433b3d9f7c8
Module: alb_mss_fab_fifo_0000_000A
    Checksum value 9e62966160aabb400bf25ce8008462365a9c14c5e670473516a9e317bea46eac06a95f07ceed4c133258f2214dc9131e306572f73916e89d0f693533aca8ac7e
Module: alb_mss_fab_fifo_0000_000C
    Checksum value 22f94951b578f6f0b0fbb3f428c2e3c95a1fd036642ffd015eccd336edecd2d08aab78b390b20e08d6ba54a4cefe3cbdfb1f4dc871ab6cd61080580ebb587edc
Module: alb_mss_fab_fifo_0000_000D
    Checksum value 72f56c847570ce20e398657bf5c4334692a22722451679b3138abbf983e607581020d0ace0a6fcb1b1baf5cc5320e08c83ff658a10259925b2e8ecc4d7a24dd0
Module: alb_mss_fab_fifo_0002_0001
    Checksum value 2169cda498a83d5d9e73399b94a93eefe059a8cae55473d22e1144d4b8755abcfa80a406606996a0369b41bb0d34e593af9b847762ddea0a8735a6b14e373cc2
Module: alb_mss_fab_fifo_0006
    Checksum value c241e01469d0638e2d72153b015040a9cb701739f69fc8ada7f2466b56a9c4e5e72d77938ec87f91b4eee66fac0f493d68ef9af94a2703c899e84f3446e48ddc
Module: alb_mss_fab_fifo_0008
    Checksum value dccb7bf7acf4daae3ba5e4249a66c9e04f62c686b96c0b532b22d6edc9326b17d4618ec2dc44762a9f0395b3462e42d745602d6b558ecb1f4ca1c520d5f7a7b4
Module: alb_mss_fab_ibp2apb
    Checksum value 88c593e5fc968e300f644b3e5a2a5b685c4fcdf01426c145793b8a6a09189e9193d007b9a86d9231a7cbcbfab8d83ea7fcde46f418f6317a9e308f589f5916e3
Module: alb_mss_fab_ibp2apb_0000
    Checksum value b17fe6bb6cbb7b2ca1ed93a15b096a757fee77895c5dadfa13a0a5832ec4d781ed002c4d068155e43a6801aea969ad10e3a56eb17acf5b03b94d0cf2032c5c7c
Module: alb_mss_mem_fifo_0000_0000
    Checksum value aea58439d9cfc00e3ed8a8ea9cf24285f5bb983b979b1a7a1ce80c08963ef965603cfff814342e55109d50dc897178f93c61540b75f9e56fc009a1fadd7ef5d8
Module: alb_mss_mem_fifo_0000_0002
    Checksum value 2ff22f7bc651b89021a343cdef5dbc1ccdc3585dc4d2b71d2ab226caacdfd99638a5d1ac7b7d8b5a6e0e353fa2a17741ca1234692a39e9f6e1fdfc4129e0606d
Module: cpu_top_safety_controller
    Checksum value 899b55c3cbb6b6d7b3f2028b8824808bcb73bec211b531a8e61f6902e9e0c5be1bd3e6cbbd427967a09883dcfb6232b51a7766050b6f7a2ba8995f3c01755e07
Module: dm_hmst
    Checksum value 1b3cfb00b54bcc3577fef6ce280a587ab57fbb801a8d91fb300e76ef0673e41ce1b9bc552b3876dbbcd9955a0e7f47e5f5ce1d6da6a19b36ea082e714ca1b65b
Module: ls_multi_bit_comparator_0005
    Checksum value 9754c74de26d3ec679a92004b6ee44087a91f21b56e26d929be971870bf5bbf6eaa869adf23d0b467951c1cd4db409dfd3de88a3a39943137b54a4af0aa8c58d
Module: mss_bus_switch_ibp_compr_0000
    Checksum value 477b499bc369f0b1caa72a028fe631aa434efa0839e785dc829f41b99e5fc906cbb988931d26089f89bc9b09741cadd3c5ce66a1b5118b3185b37c66c4730f31
Module: mss_bus_switch_ibp_split_0000
    Checksum value c19da9e8593967af3359998573136db3c4d1ba3a12afba6d6e28a8b510d5d6d4f8c9eb84a038f4a301c3f33b4410e8942d1048d391a44b012e5374bdf2211bcd
Module: rl_ahb2ibp_0000
    Checksum value ae512d01aff3c3fd6976b503b70b47e8928124c0de191e5fabbc595767700fbeecd70750a56ea9f4721180ce81477263ffcc5d38e35fdec20983a8df360df632
Module: rl_ahb2ibp_0001
    Checksum value c49fdc049f2586d848d08c54f04c274cbe3156f319df185ffb4fc74c0e527c426d9b0116c00f4f4eb9f10cd7d3a37c7129e5c3a3982cae9a94a27bca64f546bb
Module: rl_branch
    Checksum value 2de0fe2d9434fca43a11e480456aa70bce63c5eb29b2c8597d605a6eefb5ddebbd27af794cc43876f70628ccc311a8b992a96925a814445c9b705237175decf1
Module: rl_dmp_ecc_store_aligner
    Checksum value f958778dea1a7e6fa8ce2270568008dc201227c425650166f6077079d55d27186373f0948293c40f0126a7d9464390a086cbf7b24522bebf9a442329f2d981d6
Module: rl_mmio_ahb2ibp
    Checksum value bc4bc44dbdccbde4cd240fc1c7393cdc1c411a211c8db05f945f9acacd8b618db25eb291f7e14a28b7153b7f40aebb0694bb8f007e845daebf6227bf9b3d1d84
zFAST output analyzed
