zFAST results analysis:
Update context
Source unit: Design
RTL group: Default_RTL_Group
Module: ZebuClockDetectFront_61
    Checksum value 69e2d7666081f27249a096788ba7b48c81395ebfa352d5e9eddc6779a477ab8976aa9903b56f472a37646a975505d95f366a8865b1d4101740523d21d7ddbe99
Module: alb_mss_fab_fifo_0000_0011
    Checksum value 34e9c370b641fb3a86e70a6326a786bdad25038f2d4107306e93db21d553cb45f81c92c5372e3973f0359fe55ceb0979d76235a9c290ac4143660d50fbde1bf6
Module: apb_master_ap0
    Checksum value c727b678a53472c804d4e6009e72d13f1235ef2df63b38b3c18bdaf774414871887f6aec89bafd6ad69ddd689310971ce00e5cb14c0fc58baeed177918e72ecc
Module: mss_bus_switch_ibp_split_0000_0000
    Checksum value 50c2aed9d7b153d1eaee8d475da2cf7321f71ddd1951bd9db3acaeb7cd1571674d5ebea905e0d40f530b39079db50c2c5a2dd789b6a41543618fcefb0ff36866
Module: mss_bus_switch_ibpw2ibpn_0001
    Checksum value fcffe404016a2852ed866e6c389b7f8434278385680bb31527dbad056dce756d2d4b1d4ea4a9f9a8d517b8a5b8c4faa7b8d1f502cd0bab851d084f1f5602c0c9
Module: rl_ibp2ahb
    Checksum value 2e623b2d9d980ab2737ab46431bc2b3686bcbffab22328eb6209b615b79fe0ffe88b619096c61c6ad19e4bc5432f4d0e1b174d262d94054b8b6e3fdf55cbb82f
Module: rl_iesb
    Checksum value c4ab10eec62cef73f77aa89b61e1a32c15e518c7936b2232332b0c1680b6ea40a5424517e0dd22a9d13ac826793dd17e9c0a3b538242d6da464ead8d62ecca56
Module: rl_regfile
    Checksum value 2434b06fc4e1beb252a1757e34cf387f0abd3659a5cb4d1c28c37c15d191e0d9caf852600ecdc1c1377565fef1afffe9e15cf2df4d053f1a5f45d4b2d1ead4f2
Module: zz_Encrypt_1
    Memory zz_Encrypt_1_zMem zmem zz_Encrypt_1.zmem
    Task added: Memory zz_Encrypt_1_zMem (design_Default_RTL_Group_Memory_zz_Encrypt_1_zMem)
    Checksum value 0b63edeb0d411cacd1e0dc3b29fd91f6f294ede0bc67c75a4a6eee8de521dd9b897d0dd00337c38f67b8626e2f325be5b23adaf281fb2ae242db2eac4d4d92aa
Module: zz_Encrypt_4
    Checksum value 07e4c108044982098700166c35610a3f21560308505353c90a6c03a430125ef5d1e39e23f887ca9fa62ecf45a11d34ddc227e44fba58bbe38024f9649606fedc
zFAST output analyzed
