zFAST results analysis:
Update context
Source unit: Design
RTL group: Default_RTL_Group
Module: alb_mss_mem_model
    Checksum value 7df663632b675d473b4326517726c70f93f33e519f3da9db4aa8d9924ef3b46095caa66d33c412897f31524c125b1da7c73d8535fd7541d5f8e6406c754897fe
Module: archipelago
    Checksum value 9e2710b6598e3cd7444c55197eb5ad192d3b62e30e8809bab12181be32e4aeb39178eb39ba1acc86559d0c47f9e78d4313c067e4eef01bcf504e4accdc0c0b50
Module: arcv_watchdog
    Checksum value f9e29d2bb3bdaa7010e6d49fa76c3b80ed028ac53d3f94e13ceef0d21e4bd989061a3b99ffd4ada7fb254e498afd6ab71ee6ab8360542b11b42d3299bd8bfaf5
Module: cdc_synch_wrap
    Checksum value 3f1135103dd9fed2a24758b375cef7cd669f4dcdebbd2e58c3f664a32022fd7d0ec5648cacb81690477600844bd89e6544cdd850a26fbd236dfa891543f430c8
Module: core_chip
    Checksum value df0c0ac5eb9b9da783e06d50aad0f0950dd4e158253fe05053673db32efb5d92eeb52a7a1248eea95716dfa4bc241e99b3935f6b85f8590bb9ecfbc36a9fb05e
Module: core_sys
    Checksum value e52f307f98da21d852b68bd570d8a9294d6f35399e97356d3393424cab046e645743265db97280902779ff618f823806b07aabc9902684f65023d0cc7404401d
Module: dm_cdc_sync
    Checksum value 8bcef18b19d0ae733a330d14a004a511cd8ff3faa55b1ba3b8ae9e74f82520dac3f3a14aef3ce6023428f174ad7a0edaa3ae44e6e429f8781fec0a94ea2532b2
Module: dwt_jtag_port
    Checksum value 35c305c05d12380dddc4607db2711477d4748d4c9aeef4078575b412381421debba324cd0c193226b0bb76438fea05acceee33126925d5d16a34537d437336f3
Module: e2e_edc32_1stg_qual_chk_wrap_0000
    Checksum value 30d0a6023fbfa5a31a4ba284ed6cf02fe0990c3e71c21c8c73818f4bfb87b1184eacc2f38fefc30455405a7135e4a8f2336bdbbe16e1c2038574fd61ae1e5c78
Module: ls_cdc_sync
    Checksum value bdecedc7bf3d5079883b82a92f64f069444e6d6056f6336d5ce46e4d54e3b298014cf99d758e9b49d75d1f0ad160e4532a4e98c2b9bf9315f59e7b62afabfbb3
Module: ls_cdc_sync_0000
    Checksum value 973a04fffdcce216cecc74da0b0eb89ad7fb1e3edd3f1ec2d08b84cde2c443ea92b61a096e7bc834a94669e0d3f17fb27730f9c60409532036ab7a76cc3efc1e
Module: mss_bus_switch_ibpx2ibpy_0001
    Checksum value 1b7fa6268daf5b63f39793b8c9989637bf9e62105c940e22a337c1fae0d4171b79143d5b1617599ca4476f16b03408af847fe56eae587949625c9f2c66b00379
Module: mss_bus_switch_ibpx2ibpy_0001_0000
    Checksum value 24f0545e3f2cdfc9068946b9be136de73cfdcea3d9d205b24b168a01979063c6c11be8db0f346b0ee0bd49443b57d3feac66e6ce8ccdb7dfbfc18fead3b0b4bb
Module: mss_bus_switch_ibpx2ibpy_0002
    Checksum value 4d1a7f8d73c053a56987b56834fda2812f91af93fbe8b4a954ae1e65ebeb8a4e27487977c02f532907f0e90fd6e98fdc0cd6f942ae332a503dc418ff36b0706b
Module: rl_cpu_misc_synch
    Checksum value a36f01d51247c1e052e06d63d2d1b4eb4805f2da33babd828dd0c32e4599f414c33ccffebc43bc7a45d6864d58980d911a704ba8750796f08f679bf36a48e294
Module: rl_parity_gen_0002
    Checksum value c695ef617ce9f86b2f5f6a312717c77a25b07f4981af1feeae23a9c2a11e17cb8a7732c371ec5f44496d5039907dc15afa3d7afc66773dec76921f9c7fc35616
Module: rl_ras_top
    Checksum value be943ccde386e12e90b8eac8dd7ec718c98edbc0119d63a283cd78c135a93f72ae3a6259fb1f7dacd300d2f99bcebc59529f56cb78ad479f56e9bc4b7e3f0b6d
Module: rl_srams
    Checksum value 796a3dcb14a3f0bc7062ce645a0cdcec7c3a5e782595824407cfcece93fc70c6e7efef337821887f4cfcb718c2e00c00106038b4024b37ccd4254fc8efdfcc4a
zFAST output analyzed
