Job <80639650> is submitted to queue <comp>.
<<Waiting for dispatch ...>>
<<Starting on odcbench-00003-0032.static.us01-p10.synopsys.com>>


                                    ZeBu (R)
                                      zFe

           Version S-2021.09-2-T-20240508 for linux64 - May 08, 2024 

                    Copyright (c) 2002 - 2024 Synopsys, Inc.
   This software and the associated documentation are proprietary to Synopsys,
 Inc. This software may only be used in accordance with the terms and conditions
 of a written license agreement with Synopsys, Inc. All other use, reproduction,
   or distribution of this software is strictly prohibited.  Licensed Products
     communicate with Synopsys servers for the purpose of providing software
    updates, detecting software piracy and verifying that customers are using
    Licensed Products in conformity with the applicable License Key for such
  Licensed Products. Synopsys will use information gathered in connection with
    this process to deliver software updates and pursue software pirates and
                                   infringers.

 Inclusivity & Diversity - Visit SolvNetPlus to read the "Synopsys Statement on
            Inclusivity and Diversity" (Refer to article 000036315 at
                        https://solvnetplus.synopsys.com)



#   info : #----------------------------------------------------------------
#   info : Setup
#   info : #----------------------------------------------------------------
# command line is /slowfs/us01dwslow023/fpga/lianghao/zebu_install/ZEBU/VCS2021.09.2.ZEBU.B4/07052024/INSTALL/ZEBU/zebu/S-2021.09-2-TZ-20240507_Full64/bin/zFe compile_hdr.tcl script/Bundle_18_synp.tcl -log Bundle_18.log -zlog 1 
# start time is Tue May 13 18:29:52 EEST 2025
#   step Setup : CVS $Revision: #4 $
#   step Setup : CVS $Date: 2024/02/21 $
#   step Setup :         NEXT CALL to cmn::option fe_hcsrc /slowfs/us01dwslow023/fpga/lianghao/zebu_install/ ...
#   step Setup :         NEXT CALL to cmn::option fe_hcsrc /remote/sdgedt/tools/reem/ZebuS5_oiginal/zebu_ifx ...
#   step Setup :         NEXT CALL to cmn::option fe_hcsrc /remote/sdgedt/tools/reem/ZebuS5_oiginal/zebu_ifx ...
#   step Setup :         NEXT CALL to cmn::option fe_hcsrc /remote/sdgedt/tools/reem/ZebuS5_oiginal/zebu_ifx ...
#   step Setup :         NEXT CALL to cmn::option fe_hcsrc hcsrc.iba
#   step Setup :         NEXT CALL to cmn::option phase synthesis
#   info : #----------------------------------------------------------------
#   info : Synth
#   info : #----------------------------------------------------------------
#   step Synth :         NEXT CALL to fs::simple_compile -technology vtx8 -mode block_based -version NewMixe ...
#   step REPORT : Synthesizing module : alb_mss_fab_ibp2ahbl_sel
#   step REPORT : Synthesizing module : ZebuClockDetectFront_57
#   step REPORT : Synthesizing module : mss_bus_switch_ibp_dw128_mst
#   step REPORT : Synthesizing module : mss_bus_switch_pack2ibp_0001
#   step REPORT : Synthesizing module : rl_parity_gen_0001
#   step REPORT : Synthesizing module : alb_mss_ext_stub
#   step REPORT : Synthesizing module : sr_err_aggr_0000_0002
#   step REPORT : Synthesizing module : sr_err_aggr_0000
#   step REPORT : Synthesizing module : sr_err_aggr_0000_0000
#   step REPORT : Synthesizing module : zebu_axi_xtor
#   step REPORT : Synthesizing module : ZebuClockDetectFront_33
#   step REPORT : Synthesizing module : arcv_wd_parity_0002
#   step REPORT : Synthesizing module : ZebuClockDetectFront_31
#   step REPORT : Synthesizing module : ZebuClockDetectFront_56
#   step REPORT : Synthesizing module : sr_err_aggr_0000_0003
#   step REPORT : Synthesizing module : dw_dbp_cdc_sync
#   step REPORT : Synthesizing module : ZebuClockDetectFront_54
#   step REPORT : Synthesizing module : DWbb_bcm21_atv_0000
#   step REPORT : Synthesizing module : sr_err_aggr_0000_0001
#   step REPORT : Synthesizing module : clkgate
#   step REPORT : Synthesizing module : ZebuClockDetectFront_34
#   step REPORT : Synthesizing module : DWbb_bcm21_0000
#   step REPORT : Synthesizing module : rl_cpu_synch_wrap
#   step REPORT : Synthesizing module : ZebuClockDetectFront_32
### warning in ZFAST : Out of 71 pin types only 69 have names
#   step REPORT : [39.349] Optimizing module : alb_mss_fab_ibp2ahbl_sel
#   step REPORT : [39.350] Instance count of module alb_mss_fab_ibp2ahbl_sel is 3
#   step REPORT : [6.1691] Total net count: 247
#   step REPORT : [6.1690] There are 2 levels of combinational cells
#   step REPORT : [6.1689] There are 0 distinct nets driving control pins
#   step REPORT : [6.1696] Total LUT area: 0
#   step REPORT : [6.1884] Renaming SVA module instances in the netlist
#   step REPORT : [6.1882] Renaming special verilog names in the netlist
#   step REPORT : [6.1882] Special names renaming stats:
#   step REPORT : [6.1882] Total time                 : 0.000 seconds
#   step REPORT : [6.1882] Total wires renamed        : 0
#   step REPORT : [6.1882] Total instances renamed    : 0
#   step REPORT : [6.1883] Renaming wires like ports
#   step REPORT : [6.1883] Renamed wires like ports (0 ports)
#   step REPORT : [6.1885] Emitting RTLDB information for the netlist
#   step REPORT : Converting netlist 'alb_mss_fab_ibp2ahbl_sel' to znl format
#   step STATS :  ----------------------------------------------------------------------------------------------------------------------------------------------------------------------------------------------------------------------------------------------------------------------------------------------
#   step STATS :  |                 reg |                 lut |                bram |                uram |             memsize |              m18x18 |                bufg |                buft |               nbI/O |                nbBB |                nbZV |                nbME |               dsp48 || name
#   step STATS :  ----------------------------------------------------------------------------------------------------------------------------------------------------------------------------------------------------------------------------------------------------------------------------------------------
#   step STATS :  |                   0 |                   0 |                   0 |                   0 |                   0 |                   0 |                   0 |                   0 |                 245 |                   1 |                   0 |                   0 |                   0 || alb_mss_fab_ibp2ahbl_sel
#   step STATS :  ----------------------------------------------------------------------------------------------------------------------------------------------------------------------------------------------------------------------------------------------------------------------------------------------
#   step REPORT : Writing netlist 'alb_mss_fab_ibp2ahbl_sel' to 'edif/alb_mss_fab_ibp2ahbl_sel/alb_mss_fab_ibp2ahbl_sel.edf.gz'
#   step SERIALIZE : writing netlist 'zmerge' into znl file 'edif/alb_mss_fab_ibp2ahbl_sel/alb_mss_fab_ibp2ahbl_sel.edf.gz'
#   step SERIALIZE : #bytes in: 7192, #bytes out: 2679, compression ratio: 2.684584
#   step REPORT : [87.28] Resource usage for alb_mss_fab_ibp2ahbl_sel: 0.113s 112.2M
#   step REPORT : [39.349] Optimizing module : ZebuClockDetectFront_57
#   step REPORT : [39.350] Instance count of module ZebuClockDetectFront_57 is 1
### warning in ZFAST : (INTERNAL) no module information for net in_p_0
#   step REPORT : [6.1691] Total net count: 8
#   step REPORT : [6.1690] There are 2 levels of combinational cells
#   step REPORT : [6.1689] There are 1 distinct nets driving control pins
#   step REPORT : [6.1695] 2-input LUTs: 1
#   step REPORT : [6.1696] Total LUT area: 1
#   step REPORT : [6.1697] State    : 1
#   step REPORT : [6.1697]   (FF)   : 1
#   step REPORT : [6.1697] +CSA LUTs: 1
#   step REPORT : [6.1884] Renaming SVA module instances in the netlist
#   step REPORT : [6.1882] Renaming special verilog names in the netlist
#   step REPORT : [6.1882] Special names renaming stats:
#   step REPORT : [6.1882] Total time                 : 0.000 seconds
#   step REPORT : [6.1882] Total wires renamed        : 0
#   step REPORT : [6.1882] Total instances renamed    : 0
#   step REPORT : [6.1883] Renaming wires like ports
#   step REPORT : [6.1883] Renamed wires like ports (0 ports)
#   step REPORT : [6.1885] Emitting RTLDB information for the netlist
#   step REPORT : Converting netlist 'ZebuClockDetectFront_57' to znl format
#   step STATS :  ----------------------------------------------------------------------------------------------------------------------------------------------------------------------------------------------------------------------------------------------------------------------------------------------
#   step STATS :  |                 reg |                 lut |                bram |                uram |             memsize |              m18x18 |                bufg |                buft |               nbI/O |                nbBB |                nbZV |                nbME |               dsp48 || name
#   step STATS :  ----------------------------------------------------------------------------------------------------------------------------------------------------------------------------------------------------------------------------------------------------------------------------------------------
#   step STATS :  |                   1 |                   2 |                   0 |                   0 |                   0 |                   0 |                   0 |                   0 |                   3 |                   1 |                   0 |                   0 |                   0 || ZebuClockDetectFront_57
#   step STATS :  ----------------------------------------------------------------------------------------------------------------------------------------------------------------------------------------------------------------------------------------------------------------------------------------------
#   step REPORT : Writing netlist 'ZebuClockDetectFront_57' to 'edif/ZebuClockDetectFront_57/ZebuClockDetectFront_57.edf.gz'
#   step SERIALIZE : writing netlist 'zmerge' into znl file 'edif/ZebuClockDetectFront_57/ZebuClockDetectFront_57.edf.gz'
#   step SERIALIZE : #bytes in: 530, #bytes out: 372, compression ratio: 1.424731
#   step REPORT : [87.28] Resource usage for ZebuClockDetectFront_57: 0.035s 0.0M
#   step REPORT : [39.349] Optimizing module : mss_bus_switch_ibp_dw128_mst
#   step REPORT : [39.350] Instance count of module mss_bus_switch_ibp_dw128_mst is 1
#   step REPORT : [6.1691] Total net count: 6610
#   step REPORT : [6.1690] There are 3 levels of combinational cells
#   step REPORT : [6.1689] There are 0 distinct nets driving control pins
#   step REPORT : [6.1695] 2-input LUTs: 1
#   step REPORT : [6.1695] 3-input LUTs: 1
#   step REPORT : [6.1696] Total LUT area: 2
#   step REPORT : [6.1884] Renaming SVA module instances in the netlist
#   step REPORT : [6.1882] Renaming special verilog names in the netlist
#   step REPORT : [6.1882] Special names renaming stats:
#   step REPORT : [6.1882] Total time                 : 0.003 seconds
#   step REPORT : [6.1882] Total wires renamed        : 0
#   step REPORT : [6.1882] Total instances renamed    : 0
#   step REPORT : [6.1883] Renaming wires like ports
#   step REPORT : [6.1883] Renamed wires like ports (0 ports)
#   step REPORT : [6.1885] Emitting RTLDB information for the netlist
#   step REPORT : Converting netlist 'mss_bus_switch_ibp_dw128_mst' to znl format
#   step STATS :  ----------------------------------------------------------------------------------------------------------------------------------------------------------------------------------------------------------------------------------------------------------------------------------------------
#   step STATS :  |                 reg |                 lut |                bram |                uram |             memsize |              m18x18 |                bufg |                buft |               nbI/O |                nbBB |                nbZV |                nbME |               dsp48 || name
#   step STATS :  ----------------------------------------------------------------------------------------------------------------------------------------------------------------------------------------------------------------------------------------------------------------------------------------------
#   step STATS :  |                   0 |                   2 |                   0 |                   0 |                   0 |                   0 |                   0 |                   0 |                1935 |                   7 |                   0 |                   0 |                   0 || mss_bus_switch_ibp_dw128_mst
#   step STATS :  ----------------------------------------------------------------------------------------------------------------------------------------------------------------------------------------------------------------------------------------------------------------------------------------------
#   step REPORT : Writing netlist 'mss_bus_switch_ibp_dw128_mst' to 'edif/mss_bus_switch_ibp_dw128_mst/mss_bus_switch_ibp_dw128_mst.edf.gz'
#   step SERIALIZE : writing netlist 'zmerge' into znl file 'edif/mss_bus_switch_ibp_dw128_mst/mss_bus_switch_ibp_dw128_mst.edf.gz'
#   step SERIALIZE : #bytes in: 345038, #bytes out: 59873, compression ratio: 5.762831
#   step REPORT : [87.28] Resource usage for mss_bus_switch_ibp_dw128_mst: 0.217s 0.0M
#   step REPORT : [39.349] Optimizing module : rl_parity_gen_0001
#   step REPORT : [39.350] Instance count of module rl_parity_gen_0001 is 10
#   step REPORT : [6.1691] Total net count: 6
#   step REPORT : [6.1690] There are 1 levels of combinational cells
#   step REPORT : [6.1689] There are 0 distinct nets driving control pins
#   step REPORT : [6.1695] 2-input LUTs: 1
#   step REPORT : [6.1696] Total LUT area: 1
#   step REPORT : [6.1697] +CSA LUTs: 1
#   step REPORT : [6.1884] Renaming SVA module instances in the netlist
#   step REPORT : [6.1882] Renaming special verilog names in the netlist
#   step REPORT : [6.1882] Special names renaming stats:
#   step REPORT : [6.1882] Total time                 : 0.000 seconds
#   step REPORT : [6.1882] Total wires renamed        : 0
#   step REPORT : [6.1882] Total instances renamed    : 0
#   step REPORT : [6.1883] Renaming wires like ports
#   step REPORT : [6.1883] Renamed wires like ports (0 ports)
#   step REPORT : [6.1885] Emitting RTLDB information for the netlist
#   step REPORT : Converting netlist 'rl_parity_gen_0001' to znl format
#   step STATS :  ----------------------------------------------------------------------------------------------------------------------------------------------------------------------------------------------------------------------------------------------------------------------------------------------
#   step STATS :  |                 reg |                 lut |                bram |                uram |             memsize |              m18x18 |                bufg |                buft |               nbI/O |                nbBB |                nbZV |                nbME |               dsp48 || name
#   step STATS :  ----------------------------------------------------------------------------------------------------------------------------------------------------------------------------------------------------------------------------------------------------------------------------------------------
#   step STATS :  |                   0 |                   2 |                   0 |                   0 |                   0 |                   0 |                   0 |                   0 |                   3 |                   0 |                   0 |                   0 |                   0 || rl_parity_gen_0001
#   step STATS :  ----------------------------------------------------------------------------------------------------------------------------------------------------------------------------------------------------------------------------------------------------------------------------------------------
#   step REPORT : Writing netlist 'rl_parity_gen_0001' to 'edif/rl_parity_gen_0001/rl_parity_gen_0001.edf.gz'
#   step SERIALIZE : writing netlist 'zmerge' into znl file 'edif/rl_parity_gen_0001/rl_parity_gen_0001.edf.gz'
#   step SERIALIZE : #bytes in: 355, #bytes out: 289, compression ratio: 1.228374
#   step REPORT : [87.28] Resource usage for rl_parity_gen_0001: 0.031s 0.0M
#   step REPORT : [39.349] Optimizing module : alb_mss_ext_stub
#   step REPORT : [39.350] Instance count of module alb_mss_ext_stub is 1
#   step REPORT : [6.1691] Total net count: 316
#   step REPORT : [6.1690] There are 1 levels of combinational cells
#   step REPORT : [6.1689] There are 0 distinct nets driving control pins
#   step REPORT : [6.1696] Total LUT area: 0
#   step REPORT : [6.1884] Renaming SVA module instances in the netlist
#   step REPORT : [6.1882] Renaming special verilog names in the netlist
#   step REPORT : [6.1882] Special names renaming stats:
#   step REPORT : [6.1882] Total time                 : 0.000 seconds
#   step REPORT : [6.1882] Total wires renamed        : 0
#   step REPORT : [6.1882] Total instances renamed    : 0
#   step REPORT : [6.1883] Renaming wires like ports
#   step REPORT : [6.1883] Renamed wires like ports (0 ports)
#   step REPORT : [6.1885] Emitting RTLDB information for the netlist
#   step REPORT : Converting netlist 'alb_mss_ext_stub' to znl format
#   step STATS :  ----------------------------------------------------------------------------------------------------------------------------------------------------------------------------------------------------------------------------------------------------------------------------------------------
#   step STATS :  |                 reg |                 lut |                bram |                uram |             memsize |              m18x18 |                bufg |                buft |               nbI/O |                nbBB |                nbZV |                nbME |               dsp48 || name
#   step STATS :  ----------------------------------------------------------------------------------------------------------------------------------------------------------------------------------------------------------------------------------------------------------------------------------------------
#   step STATS :  |                   0 |                   0 |                   0 |                   0 |                   0 |                   0 |                   0 |                   0 |                 316 |                   0 |                   0 |                   0 |                   0 || alb_mss_ext_stub
#   step STATS :  ----------------------------------------------------------------------------------------------------------------------------------------------------------------------------------------------------------------------------------------------------------------------------------------------
#   step REPORT : Writing netlist 'alb_mss_ext_stub' to 'edif/alb_mss_ext_stub/alb_mss_ext_stub.edf.gz'
#   step SERIALIZE : writing netlist 'zmerge' into znl file 'edif/alb_mss_ext_stub/alb_mss_ext_stub.edf.gz'
#   step SERIALIZE : #bytes in: 14179, #bytes out: 4473, compression ratio: 3.169908
#   step REPORT : [87.28] Resource usage for alb_mss_ext_stub: 0.039s 0.0M
#   step REPORT : [39.349] Optimizing module : sr_err_aggr_0000_0002
#   step REPORT : [39.350] Instance count of module sr_err_aggr_0000_0002 is 2
#   step REPORT : [6.1691] Total net count: 9
#   step REPORT : [6.1690] There are 2 levels of combinational cells
#   step REPORT : [6.1689] There are 2 distinct nets driving control pins
#   step REPORT : [6.1695] 2-input LUTs: 1
#   step REPORT : [6.1696] Total LUT area: 1
#   step REPORT : [6.1697] State    : 1
#   step REPORT : [6.1697]   (FF)   : 1
#   step REPORT : [6.1884] Renaming SVA module instances in the netlist
#   step REPORT : [6.1882] Renaming special verilog names in the netlist
#   step REPORT : [6.1882] Special names renaming stats:
#   step REPORT : [6.1882] Total time                 : 0.000 seconds
#   step REPORT : [6.1882] Total wires renamed        : 0
#   step REPORT : [6.1882] Total instances renamed    : 0
#   step REPORT : [6.1883] Renaming wires like ports
#   step REPORT : [6.1883] Renamed wires like ports (0 ports)
#   step REPORT : [6.1885] Emitting RTLDB information for the netlist
#   step REPORT : Converting netlist 'sr_err_aggr_0000_0002' to znl format
#   step STATS :  ----------------------------------------------------------------------------------------------------------------------------------------------------------------------------------------------------------------------------------------------------------------------------------------------
#   step STATS :  |                 reg |                 lut |                bram |                uram |             memsize |              m18x18 |                bufg |                buft |               nbI/O |                nbBB |                nbZV |                nbME |               dsp48 || name
#   step STATS :  ----------------------------------------------------------------------------------------------------------------------------------------------------------------------------------------------------------------------------------------------------------------------------------------------
#   step STATS :  |                   1 |                   1 |                   0 |                   0 |                   0 |                   0 |                   0 |                   0 |                   5 |                   0 |                   0 |                   0 |                   0 || sr_err_aggr_0000_0002
#   step STATS :  ----------------------------------------------------------------------------------------------------------------------------------------------------------------------------------------------------------------------------------------------------------------------------------------------
#   step REPORT : Writing netlist 'sr_err_aggr_0000_0002' to 'edif/sr_err_aggr_0000_0002/sr_err_aggr_0000_0002.edf.gz'
#   step SERIALIZE : writing netlist 'zmerge' into znl file 'edif/sr_err_aggr_0000_0002/sr_err_aggr_0000_0002.edf.gz'
#   step SERIALIZE : #bytes in: 441, #bytes out: 343, compression ratio: 1.285714
#   step REPORT : [87.28] Resource usage for sr_err_aggr_0000_0002: 0.035s 0.0M
#   step REPORT : [39.349] Optimizing module : sr_err_aggr_0000
#   step REPORT : [39.350] Instance count of module sr_err_aggr_0000 is 4
#   step REPORT : [6.1691] Total net count: 15
#   step REPORT : [6.1690] There are 3 levels of combinational cells
#   step REPORT : [6.1689] There are 2 distinct nets driving control pins
#   step REPORT : [6.1695] 2-input LUTs: 1
#   step REPORT : [6.1695] 6-input LUTs: 1
#   step REPORT : [6.1696] Total LUT area: 2
#   step REPORT : [6.1697] State    : 1
#   step REPORT : [6.1697]   (FF)   : 1
#   step REPORT : [6.1884] Renaming SVA module instances in the netlist
#   step REPORT : [6.1882] Renaming special verilog names in the netlist
#   step REPORT : [6.1882] Special names renaming stats:
#   step REPORT : [6.1882] Total time                 : 0.000 seconds
#   step REPORT : [6.1882] Total wires renamed        : 0
#   step REPORT : [6.1882] Total instances renamed    : 0
#   step REPORT : [6.1883] Renaming wires like ports
#   step REPORT : [6.1883] Renamed wires like ports (0 ports)
#   step REPORT : [6.1885] Emitting RTLDB information for the netlist
#   step REPORT : Converting netlist 'sr_err_aggr_0000' to znl format
#   step STATS :  ----------------------------------------------------------------------------------------------------------------------------------------------------------------------------------------------------------------------------------------------------------------------------------------------
#   step STATS :  |                 reg |                 lut |                bram |                uram |             memsize |              m18x18 |                bufg |                buft |               nbI/O |                nbBB |                nbZV |                nbME |               dsp48 || name
#   step STATS :  ----------------------------------------------------------------------------------------------------------------------------------------------------------------------------------------------------------------------------------------------------------------------------------------------
#   step STATS :  |                   1 |                   2 |                   0 |                   0 |                   0 |                   0 |                   0 |                   0 |                  10 |                   0 |                   0 |                   0 |                   0 || sr_err_aggr_0000
#   step STATS :  ----------------------------------------------------------------------------------------------------------------------------------------------------------------------------------------------------------------------------------------------------------------------------------------------
#   step REPORT : Writing netlist 'sr_err_aggr_0000' to 'edif/sr_err_aggr_0000/sr_err_aggr_0000.edf.gz'
#   step SERIALIZE : writing netlist 'zmerge' into znl file 'edif/sr_err_aggr_0000/sr_err_aggr_0000.edf.gz'
#   step SERIALIZE : #bytes in: 603, #bytes out: 440, compression ratio: 1.370455
#   step REPORT : [87.28] Resource usage for sr_err_aggr_0000: 0.034s 0.0M
#   step REPORT : [39.349] Optimizing module : sr_err_aggr_0000_0000
#   step REPORT : [39.350] Instance count of module sr_err_aggr_0000_0000 is 2
#   step REPORT : [6.1691] Total net count: 10
#   step REPORT : [6.1690] There are 2 levels of combinational cells
#   step REPORT : [6.1689] There are 2 distinct nets driving control pins
#   step REPORT : [6.1695] 3-input LUTs: 1
#   step REPORT : [6.1696] Total LUT area: 1
#   step REPORT : [6.1697] State    : 1
#   step REPORT : [6.1697]   (FF)   : 1
#   step REPORT : [6.1884] Renaming SVA module instances in the netlist
#   step REPORT : [6.1882] Renaming special verilog names in the netlist
#   step REPORT : [6.1882] Special names renaming stats:
#   step REPORT : [6.1882] Total time                 : 0.000 seconds
#   step REPORT : [6.1882] Total wires renamed        : 0
#   step REPORT : [6.1882] Total instances renamed    : 0
#   step REPORT : [6.1883] Renaming wires like ports
#   step REPORT : [6.1883] Renamed wires like ports (0 ports)
#   step REPORT : [6.1885] Emitting RTLDB information for the netlist
#   step REPORT : Converting netlist 'sr_err_aggr_0000_0000' to znl format
#   step STATS :  ----------------------------------------------------------------------------------------------------------------------------------------------------------------------------------------------------------------------------------------------------------------------------------------------
#   step STATS :  |                 reg |                 lut |                bram |                uram |             memsize |              m18x18 |                bufg |                buft |               nbI/O |                nbBB |                nbZV |                nbME |               dsp48 || name
#   step STATS :  ----------------------------------------------------------------------------------------------------------------------------------------------------------------------------------------------------------------------------------------------------------------------------------------------
#   step STATS :  |                   1 |                   1 |                   0 |                   0 |                   0 |                   0 |                   0 |                   0 |                   6 |                   0 |                   0 |                   0 |                   0 || sr_err_aggr_0000_0000
#   step STATS :  ----------------------------------------------------------------------------------------------------------------------------------------------------------------------------------------------------------------------------------------------------------------------------------------------
#   step REPORT : Writing netlist 'sr_err_aggr_0000_0000' to 'edif/sr_err_aggr_0000_0000/sr_err_aggr_0000_0000.edf.gz'
#   step SERIALIZE : writing netlist 'zmerge' into znl file 'edif/sr_err_aggr_0000_0000/sr_err_aggr_0000_0000.edf.gz'
#   step SERIALIZE : #bytes in: 464, #bytes out: 357, compression ratio: 1.299720
#   step REPORT : [87.28] Resource usage for sr_err_aggr_0000_0000: 0.036s 0.0M
#   step REPORT : [39.349] Optimizing module : zebu_axi_xtor
#   step REPORT : [39.350] Instance count of module zebu_axi_xtor is 1
#   step REPORT : [6.1691] Total net count: 1238
#   step REPORT : [6.1690] There are 2 levels of combinational cells
#   step REPORT : [6.1689] There are 0 distinct nets driving control pins
#   step REPORT : [6.1696] Total LUT area: 0
#   step REPORT : [6.1884] Renaming SVA module instances in the netlist
#   step REPORT : [6.1882] Renaming special verilog names in the netlist
#   step REPORT : [6.1882] Special names renaming stats:
#   step REPORT : [6.1882] Total time                 : 0.000 seconds
#   step REPORT : [6.1882] Total wires renamed        : 0
#   step REPORT : [6.1882] Total instances renamed    : 0
#   step REPORT : [6.1883] Renaming wires like ports
#   step REPORT : [6.1883] Renamed wires like ports (0 ports)
#   step REPORT : [6.1885] Emitting RTLDB information for the netlist
#   step REPORT : Converting netlist 'zebu_axi_xtor' to znl format
#   step STATS :  ----------------------------------------------------------------------------------------------------------------------------------------------------------------------------------------------------------------------------------------------------------------------------------------------
#   step STATS :  |                 reg |                 lut |                bram |                uram |             memsize |              m18x18 |                bufg |                buft |               nbI/O |                nbBB |                nbZV |                nbME |               dsp48 || name
#   step STATS :  ----------------------------------------------------------------------------------------------------------------------------------------------------------------------------------------------------------------------------------------------------------------------------------------------
#   step STATS :  |                   0 |                   0 |                   0 |                   0 |                   0 |                   0 |                   0 |                   0 |                1226 |                   1 |                   0 |                   0 |                   0 || zebu_axi_xtor
#   step STATS :  ----------------------------------------------------------------------------------------------------------------------------------------------------------------------------------------------------------------------------------------------------------------------------------------------
#   step REPORT : Writing netlist 'zebu_axi_xtor' to 'edif/zebu_axi_xtor/zebu_axi_xtor.edf.gz'
#   step SERIALIZE : writing netlist 'zmerge' into znl file 'edif/zebu_axi_xtor/zebu_axi_xtor.edf.gz'
#   step SERIALIZE : #bytes in: 39687, #bytes out: 10032, compression ratio: 3.956041
#   step REPORT : [87.28] Resource usage for zebu_axi_xtor: 0.058s 0.0M
#   step REPORT : [39.349] Optimizing module : ZebuClockDetectFront_33
#   step REPORT : [39.350] Instance count of module ZebuClockDetectFront_33 is 1
### warning in ZFAST : (INTERNAL) no module information for net in_p_0
#   step REPORT : [6.1691] Total net count: 8
#   step REPORT : [6.1690] There are 2 levels of combinational cells
#   step REPORT : [6.1689] There are 1 distinct nets driving control pins
#   step REPORT : [6.1695] 2-input LUTs: 1
#   step REPORT : [6.1696] Total LUT area: 1
#   step REPORT : [6.1697] State    : 1
#   step REPORT : [6.1697]   (FF)   : 1
#   step REPORT : [6.1697] +CSA LUTs: 1
#   step REPORT : [6.1884] Renaming SVA module instances in the netlist
#   step REPORT : [6.1882] Renaming special verilog names in the netlist
#   step REPORT : [6.1882] Special names renaming stats:
#   step REPORT : [6.1882] Total time                 : 0.000 seconds
#   step REPORT : [6.1882] Total wires renamed        : 0
#   step REPORT : [6.1882] Total instances renamed    : 0
#   step REPORT : [6.1883] Renaming wires like ports
#   step REPORT : [6.1883] Renamed wires like ports (0 ports)
#   step REPORT : [6.1885] Emitting RTLDB information for the netlist
#   step REPORT : Converting netlist 'ZebuClockDetectFront_33' to znl format
#   step STATS :  ----------------------------------------------------------------------------------------------------------------------------------------------------------------------------------------------------------------------------------------------------------------------------------------------
#   step STATS :  |                 reg |                 lut |                bram |                uram |             memsize |              m18x18 |                bufg |                buft |               nbI/O |                nbBB |                nbZV |                nbME |               dsp48 || name
#   step STATS :  ----------------------------------------------------------------------------------------------------------------------------------------------------------------------------------------------------------------------------------------------------------------------------------------------
#   step STATS :  |                   1 |                   2 |                   0 |                   0 |                   0 |                   0 |                   0 |                   0 |                   3 |                   1 |                   0 |                   0 |                   0 || ZebuClockDetectFront_33
#   step STATS :  ----------------------------------------------------------------------------------------------------------------------------------------------------------------------------------------------------------------------------------------------------------------------------------------------
#   step REPORT : Writing netlist 'ZebuClockDetectFront_33' to 'edif/ZebuClockDetectFront_33/ZebuClockDetectFront_33.edf.gz'
#   step SERIALIZE : writing netlist 'zmerge' into znl file 'edif/ZebuClockDetectFront_33/ZebuClockDetectFront_33.edf.gz'
#   step SERIALIZE : #bytes in: 531, #bytes out: 370, compression ratio: 1.435135
#   step REPORT : [87.28] Resource usage for ZebuClockDetectFront_33: 0.035s 0.0M
#   step REPORT : [39.349] Optimizing module : arcv_wd_parity_0002
#   step REPORT : [39.350] Instance count of module arcv_wd_parity_0002 is 2
#   step REPORT : [6.1691] Total net count: 6
#   step REPORT : [6.1690] There are 0 levels of combinational cells
#   step REPORT : [6.1689] There are 2 distinct nets driving control pins
#   step REPORT : [6.1696] Total LUT area: 0
#   step REPORT : [6.1697] State    : 2
#   step REPORT : [6.1697]   (FF)   : 2
#   step REPORT : [6.1884] Renaming SVA module instances in the netlist
#   step REPORT : [6.1882] Renaming special verilog names in the netlist
#   step REPORT : [6.1882] Special names renaming stats:
#   step REPORT : [6.1882] Total time                 : 0.000 seconds
#   step REPORT : [6.1882] Total wires renamed        : 0
#   step REPORT : [6.1882] Total instances renamed    : 0
#   step REPORT : [6.1883] Renaming wires like ports
#   step REPORT : [6.1883] Renamed wires like ports (0 ports)
#   step REPORT : [6.1885] Emitting RTLDB information for the netlist
#   step REPORT : Converting netlist 'arcv_wd_parity_0002' to znl format
#   step STATS :  ----------------------------------------------------------------------------------------------------------------------------------------------------------------------------------------------------------------------------------------------------------------------------------------------
#   step STATS :  |                 reg |                 lut |                bram |                uram |             memsize |              m18x18 |                bufg |                buft |               nbI/O |                nbBB |                nbZV |                nbME |               dsp48 || name
#   step STATS :  ----------------------------------------------------------------------------------------------------------------------------------------------------------------------------------------------------------------------------------------------------------------------------------------------
#   step STATS :  |                   2 |                   0 |                   0 |                   0 |                   0 |                   0 |                   0 |                   0 |                   6 |                   0 |                   0 |                   0 |                   0 || arcv_wd_parity_0002
#   step STATS :  ----------------------------------------------------------------------------------------------------------------------------------------------------------------------------------------------------------------------------------------------------------------------------------------------
#   step REPORT : Writing netlist 'arcv_wd_parity_0002' to 'edif/arcv_wd_parity_0002/arcv_wd_parity_0002.edf.gz'
#   step SERIALIZE : writing netlist 'zmerge' into znl file 'edif/arcv_wd_parity_0002/arcv_wd_parity_0002.edf.gz'
#   step SERIALIZE : #bytes in: 319, #bytes out: 269, compression ratio: 1.185874
#   step REPORT : [87.28] Resource usage for arcv_wd_parity_0002: 0.035s 0.0M
#   step REPORT : [39.349] Optimizing module : ZebuClockDetectFront_31
#   step REPORT : [39.350] Instance count of module ZebuClockDetectFront_31 is 1
### warning in ZFAST : (INTERNAL) no module information for net in_p_0
#   step REPORT : [6.1691] Total net count: 8
#   step REPORT : [6.1690] There are 2 levels of combinational cells
#   step REPORT : [6.1689] There are 1 distinct nets driving control pins
#   step REPORT : [6.1695] 2-input LUTs: 1
#   step REPORT : [6.1696] Total LUT area: 1
#   step REPORT : [6.1697] State    : 1
#   step REPORT : [6.1697]   (FF)   : 1
#   step REPORT : [6.1697] +CSA LUTs: 1
#   step REPORT : [6.1884] Renaming SVA module instances in the netlist
#   step REPORT : [6.1882] Renaming special verilog names in the netlist
#   step REPORT : [6.1882] Special names renaming stats:
#   step REPORT : [6.1882] Total time                 : 0.000 seconds
#   step REPORT : [6.1882] Total wires renamed        : 0
#   step REPORT : [6.1882] Total instances renamed    : 0
#   step REPORT : [6.1883] Renaming wires like ports
#   step REPORT : [6.1883] Renamed wires like ports (0 ports)
#   step REPORT : [6.1885] Emitting RTLDB information for the netlist
#   step REPORT : Converting netlist 'ZebuClockDetectFront_31' to znl format
#   step STATS :  ----------------------------------------------------------------------------------------------------------------------------------------------------------------------------------------------------------------------------------------------------------------------------------------------
#   step STATS :  |                 reg |                 lut |                bram |                uram |             memsize |              m18x18 |                bufg |                buft |               nbI/O |                nbBB |                nbZV |                nbME |               dsp48 || name
#   step STATS :  ----------------------------------------------------------------------------------------------------------------------------------------------------------------------------------------------------------------------------------------------------------------------------------------------
#   step STATS :  |                   1 |                   2 |                   0 |                   0 |                   0 |                   0 |                   0 |                   0 |                   3 |                   1 |                   0 |                   0 |                   0 || ZebuClockDetectFront_31
#   step STATS :  ----------------------------------------------------------------------------------------------------------------------------------------------------------------------------------------------------------------------------------------------------------------------------------------------
#   step REPORT : Writing netlist 'ZebuClockDetectFront_31' to 'edif/ZebuClockDetectFront_31/ZebuClockDetectFront_31.edf.gz'
#   step SERIALIZE : writing netlist 'zmerge' into znl file 'edif/ZebuClockDetectFront_31/ZebuClockDetectFront_31.edf.gz'
#   step SERIALIZE : #bytes in: 531, #bytes out: 373, compression ratio: 1.423592
#   step REPORT : [87.28] Resource usage for ZebuClockDetectFront_31: 0.037s 0.0M
#   step REPORT : [39.349] Optimizing module : ZebuClockDetectFront_56
#   step REPORT : [39.350] Instance count of module ZebuClockDetectFront_56 is 1
### warning in ZFAST : (INTERNAL) no module information for net in_p_0
#   step REPORT : [6.1691] Total net count: 8
#   step REPORT : [6.1690] There are 2 levels of combinational cells
#   step REPORT : [6.1689] There are 1 distinct nets driving control pins
#   step REPORT : [6.1695] 2-input LUTs: 1
#   step REPORT : [6.1696] Total LUT area: 1
#   step REPORT : [6.1697] State    : 1
#   step REPORT : [6.1697]   (FF)   : 1
#   step REPORT : [6.1697] +CSA LUTs: 1
#   step REPORT : [6.1884] Renaming SVA module instances in the netlist
#   step REPORT : [6.1882] Renaming special verilog names in the netlist
#   step REPORT : [6.1882] Special names renaming stats:
#   step REPORT : [6.1882] Total time                 : 0.000 seconds
#   step REPORT : [6.1882] Total wires renamed        : 0
#   step REPORT : [6.1882] Total instances renamed    : 0
#   step REPORT : [6.1883] Renaming wires like ports
#   step REPORT : [6.1883] Renamed wires like ports (0 ports)
#   step REPORT : [6.1885] Emitting RTLDB information for the netlist
#   step REPORT : Converting netlist 'ZebuClockDetectFront_56' to znl format
#   step STATS :  ----------------------------------------------------------------------------------------------------------------------------------------------------------------------------------------------------------------------------------------------------------------------------------------------
#   step STATS :  |                 reg |                 lut |                bram |                uram |             memsize |              m18x18 |                bufg |                buft |               nbI/O |                nbBB |                nbZV |                nbME |               dsp48 || name
#   step STATS :  ----------------------------------------------------------------------------------------------------------------------------------------------------------------------------------------------------------------------------------------------------------------------------------------------
#   step STATS :  |                   1 |                   2 |                   0 |                   0 |                   0 |                   0 |                   0 |                   0 |                   3 |                   1 |                   0 |                   0 |                   0 || ZebuClockDetectFront_56
#   step STATS :  ----------------------------------------------------------------------------------------------------------------------------------------------------------------------------------------------------------------------------------------------------------------------------------------------
#   step REPORT : Writing netlist 'ZebuClockDetectFront_56' to 'edif/ZebuClockDetectFront_56/ZebuClockDetectFront_56.edf.gz'
#   step SERIALIZE : writing netlist 'zmerge' into znl file 'edif/ZebuClockDetectFront_56/ZebuClockDetectFront_56.edf.gz'
#   step SERIALIZE : #bytes in: 531, #bytes out: 372, compression ratio: 1.427419
#   step REPORT : [87.28] Resource usage for ZebuClockDetectFront_56: 0.037s 0.0M
#   step REPORT : [39.349] Optimizing module : sr_err_aggr_0000_0003
#   step REPORT : [39.350] Instance count of module sr_err_aggr_0000_0003 is 2
#   step REPORT : [6.1691] Total net count: 5
#   step REPORT : [6.1690] There are 1 levels of combinational cells
#   step REPORT : [6.1689] There are 2 distinct nets driving control pins
#   step REPORT : [6.1696] Total LUT area: 0
#   step REPORT : [6.1697] State    : 1
#   step REPORT : [6.1697]   (FF)   : 1
#   step REPORT : [6.1884] Renaming SVA module instances in the netlist
#   step REPORT : [6.1882] Renaming special verilog names in the netlist
#   step REPORT : [6.1882] Special names renaming stats:
#   step REPORT : [6.1882] Total time                 : 0.000 seconds
#   step REPORT : [6.1882] Total wires renamed        : 0
#   step REPORT : [6.1882] Total instances renamed    : 0
#   step REPORT : [6.1883] Renaming wires like ports
#   step REPORT : [6.1883] Renamed wires like ports (0 ports)
#   step REPORT : [6.1885] Emitting RTLDB information for the netlist
#   step REPORT : Converting netlist 'sr_err_aggr_0000_0003' to znl format
#   step STATS :  ----------------------------------------------------------------------------------------------------------------------------------------------------------------------------------------------------------------------------------------------------------------------------------------------
#   step STATS :  |                 reg |                 lut |                bram |                uram |             memsize |              m18x18 |                bufg |                buft |               nbI/O |                nbBB |                nbZV |                nbME |               dsp48 || name
#   step STATS :  ----------------------------------------------------------------------------------------------------------------------------------------------------------------------------------------------------------------------------------------------------------------------------------------------
#   step STATS :  |                   1 |                   0 |                   0 |                   0 |                   0 |                   0 |                   0 |                   0 |                   4 |                   0 |                   0 |                   0 |                   0 || sr_err_aggr_0000_0003
#   step STATS :  ----------------------------------------------------------------------------------------------------------------------------------------------------------------------------------------------------------------------------------------------------------------------------------------------
#   step REPORT : Writing netlist 'sr_err_aggr_0000_0003' to 'edif/sr_err_aggr_0000_0003/sr_err_aggr_0000_0003.edf.gz'
#   step SERIALIZE : writing netlist 'zmerge' into znl file 'edif/sr_err_aggr_0000_0003/sr_err_aggr_0000_0003.edf.gz'
#   step SERIALIZE : #bytes in: 348, #bytes out: 288, compression ratio: 1.208333
#   step REPORT : [87.28] Resource usage for sr_err_aggr_0000_0003: 0.034s 0.0M
#   step REPORT : [39.349] Optimizing module : dw_dbp_cdc_sync
#   step REPORT : [39.350] Instance count of module dw_dbp_cdc_sync is 5
#   step REPORT : [6.1691] Total net count: 5
#   step REPORT : [6.1690] There are 2 levels of combinational cells
#   step REPORT : [6.1689] There are 0 distinct nets driving control pins
#   step REPORT : [6.1696] Total LUT area: 0
#   step REPORT : [6.1884] Renaming SVA module instances in the netlist
#   step REPORT : [6.1882] Renaming special verilog names in the netlist
#   step REPORT : [6.1882] Special names renaming stats:
#   step REPORT : [6.1882] Total time                 : 0.000 seconds
#   step REPORT : [6.1882] Total wires renamed        : 0
#   step REPORT : [6.1882] Total instances renamed    : 0
#   step REPORT : [6.1883] Renaming wires like ports
#   step REPORT : [6.1883] Renamed wires like ports (0 ports)
#   step REPORT : [6.1885] Emitting RTLDB information for the netlist
#   step REPORT : Converting netlist 'dw_dbp_cdc_sync' to znl format
#   step STATS :  ----------------------------------------------------------------------------------------------------------------------------------------------------------------------------------------------------------------------------------------------------------------------------------------------
#   step STATS :  |                 reg |                 lut |                bram |                uram |             memsize |              m18x18 |                bufg |                buft |               nbI/O |                nbBB |                nbZV |                nbME |               dsp48 || name
#   step STATS :  ----------------------------------------------------------------------------------------------------------------------------------------------------------------------------------------------------------------------------------------------------------------------------------------------
#   step STATS :  |                   0 |                   0 |                   0 |                   0 |                   0 |                   0 |                   0 |                   0 |                   4 |                   1 |                   0 |                   0 |                   0 || dw_dbp_cdc_sync
#   step STATS :  ----------------------------------------------------------------------------------------------------------------------------------------------------------------------------------------------------------------------------------------------------------------------------------------------
#   step REPORT : Writing netlist 'dw_dbp_cdc_sync' to 'edif/dw_dbp_cdc_sync/dw_dbp_cdc_sync.edf.gz'
#   step SERIALIZE : writing netlist 'zmerge' into znl file 'edif/dw_dbp_cdc_sync/dw_dbp_cdc_sync.edf.gz'
#   step SERIALIZE : #bytes in: 385, #bytes out: 331, compression ratio: 1.163142
#   step REPORT : [87.28] Resource usage for dw_dbp_cdc_sync: 0.034s 0.0M
#   step REPORT : [39.349] Optimizing module : ZebuClockDetectFront_54
#   step REPORT : [39.350] Instance count of module ZebuClockDetectFront_54 is 1
### warning in ZFAST : (INTERNAL) no module information for net in_p_0
#   step REPORT : [6.1691] Total net count: 8
#   step REPORT : [6.1690] There are 2 levels of combinational cells
#   step REPORT : [6.1689] There are 1 distinct nets driving control pins
#   step REPORT : [6.1695] 2-input LUTs: 1
#   step REPORT : [6.1696] Total LUT area: 1
#   step REPORT : [6.1697] State    : 1
#   step REPORT : [6.1697]   (FF)   : 1
#   step REPORT : [6.1697] +CSA LUTs: 1
#   step REPORT : [6.1884] Renaming SVA module instances in the netlist
#   step REPORT : [6.1882] Renaming special verilog names in the netlist
#   step REPORT : [6.1882] Special names renaming stats:
#   step REPORT : [6.1882] Total time                 : 0.000 seconds
#   step REPORT : [6.1882] Total wires renamed        : 0
#   step REPORT : [6.1882] Total instances renamed    : 0
#   step REPORT : [6.1883] Renaming wires like ports
#   step REPORT : [6.1883] Renamed wires like ports (0 ports)
#   step REPORT : [6.1885] Emitting RTLDB information for the netlist
#   step REPORT : Converting netlist 'ZebuClockDetectFront_54' to znl format
#   step STATS :  ----------------------------------------------------------------------------------------------------------------------------------------------------------------------------------------------------------------------------------------------------------------------------------------------
#   step STATS :  |                 reg |                 lut |                bram |                uram |             memsize |              m18x18 |                bufg |                buft |               nbI/O |                nbBB |                nbZV |                nbME |               dsp48 || name
#   step STATS :  ----------------------------------------------------------------------------------------------------------------------------------------------------------------------------------------------------------------------------------------------------------------------------------------------
#   step STATS :  |                   1 |                   2 |                   0 |                   0 |                   0 |                   0 |                   0 |                   0 |                   3 |                   1 |                   0 |                   0 |                   0 || ZebuClockDetectFront_54
#   step STATS :  ----------------------------------------------------------------------------------------------------------------------------------------------------------------------------------------------------------------------------------------------------------------------------------------------
#   step REPORT : Writing netlist 'ZebuClockDetectFront_54' to 'edif/ZebuClockDetectFront_54/ZebuClockDetectFront_54.edf.gz'
#   step SERIALIZE : writing netlist 'zmerge' into znl file 'edif/ZebuClockDetectFront_54/ZebuClockDetectFront_54.edf.gz'
#   step SERIALIZE : #bytes in: 531, #bytes out: 371, compression ratio: 1.431267
#   step REPORT : [87.28] Resource usage for ZebuClockDetectFront_54: 0.035s 0.0M
#   step REPORT : [39.349] Optimizing module : DWbb_bcm21_atv_0000
#   step REPORT : [39.350] Instance count of module DWbb_bcm21_atv_0000 is 36
#   step REPORT : [6.1691] Total net count: 5
#   step REPORT : [6.1690] There are 2 levels of combinational cells
#   step REPORT : [6.1689] There are 0 distinct nets driving control pins
#   step REPORT : [6.1696] Total LUT area: 0
#   step REPORT : [6.1884] Renaming SVA module instances in the netlist
#   step REPORT : [6.1882] Renaming special verilog names in the netlist
#   step REPORT : [6.1882] Special names renaming stats:
#   step REPORT : [6.1882] Total time                 : 0.000 seconds
#   step REPORT : [6.1882] Total wires renamed        : 0
#   step REPORT : [6.1882] Total instances renamed    : 0
#   step REPORT : [6.1883] Renaming wires like ports
#   step REPORT : [6.1883] Renamed wires like ports (0 ports)
#   step REPORT : [6.1885] Emitting RTLDB information for the netlist
#   step REPORT : Converting netlist 'DWbb_bcm21_atv_0000' to znl format
#   step STATS :  ----------------------------------------------------------------------------------------------------------------------------------------------------------------------------------------------------------------------------------------------------------------------------------------------
#   step STATS :  |                 reg |                 lut |                bram |                uram |             memsize |              m18x18 |                bufg |                buft |               nbI/O |                nbBB |                nbZV |                nbME |               dsp48 || name
#   step STATS :  ----------------------------------------------------------------------------------------------------------------------------------------------------------------------------------------------------------------------------------------------------------------------------------------------
#   step STATS :  |                   0 |                   0 |                   0 |                   0 |                   0 |                   0 |                   0 |                   0 |                   4 |                   1 |                   0 |                   0 |                   0 || DWbb_bcm21_atv_0000
#   step STATS :  ----------------------------------------------------------------------------------------------------------------------------------------------------------------------------------------------------------------------------------------------------------------------------------------------
#   step REPORT : Writing netlist 'DWbb_bcm21_atv_0000' to 'edif/DWbb_bcm21_atv_0000/DWbb_bcm21_atv_0000.edf.gz'
#   step SERIALIZE : writing netlist 'zmerge' into znl file 'edif/DWbb_bcm21_atv_0000/DWbb_bcm21_atv_0000.edf.gz'
#   step SERIALIZE : #bytes in: 389, #bytes out: 301, compression ratio: 1.292359
#   step REPORT : [87.28] Resource usage for DWbb_bcm21_atv_0000: 0.032s 0.0M
#   step REPORT : [39.349] Optimizing module : sr_err_aggr_0000_0001
#   step REPORT : [39.350] Instance count of module sr_err_aggr_0000_0001 is 3
#   step REPORT : [6.1691] Total net count: 11
#   step REPORT : [6.1690] There are 2 levels of combinational cells
#   step REPORT : [6.1689] There are 2 distinct nets driving control pins
#   step REPORT : [6.1695] 4-input LUTs: 1
#   step REPORT : [6.1696] Total LUT area: 1
#   step REPORT : [6.1697] State    : 1
#   step REPORT : [6.1697]   (FF)   : 1
#   step REPORT : [6.1884] Renaming SVA module instances in the netlist
#   step REPORT : [6.1882] Renaming special verilog names in the netlist
#   step REPORT : [6.1882] Special names renaming stats:
#   step REPORT : [6.1882] Total time                 : 0.000 seconds
#   step REPORT : [6.1882] Total wires renamed        : 0
#   step REPORT : [6.1882] Total instances renamed    : 0
#   step REPORT : [6.1883] Renaming wires like ports
#   step REPORT : [6.1883] Renamed wires like ports (0 ports)
#   step REPORT : [6.1885] Emitting RTLDB information for the netlist
#   step REPORT : Converting netlist 'sr_err_aggr_0000_0001' to znl format
#   step STATS :  ----------------------------------------------------------------------------------------------------------------------------------------------------------------------------------------------------------------------------------------------------------------------------------------------
#   step STATS :  |                 reg |                 lut |                bram |                uram |             memsize |              m18x18 |                bufg |                buft |               nbI/O |                nbBB |                nbZV |                nbME |               dsp48 || name
#   step STATS :  ----------------------------------------------------------------------------------------------------------------------------------------------------------------------------------------------------------------------------------------------------------------------------------------------
#   step STATS :  |                   1 |                   1 |                   0 |                   0 |                   0 |                   0 |                   0 |                   0 |                   7 |                   0 |                   0 |                   0 |                   0 || sr_err_aggr_0000_0001
#   step STATS :  ----------------------------------------------------------------------------------------------------------------------------------------------------------------------------------------------------------------------------------------------------------------------------------------------
#   step REPORT : Writing netlist 'sr_err_aggr_0000_0001' to 'edif/sr_err_aggr_0000_0001/sr_err_aggr_0000_0001.edf.gz'
#   step SERIALIZE : writing netlist 'zmerge' into znl file 'edif/sr_err_aggr_0000_0001/sr_err_aggr_0000_0001.edf.gz'
#   step SERIALIZE : #bytes in: 488, #bytes out: 362, compression ratio: 1.348066
#   step REPORT : [87.28] Resource usage for sr_err_aggr_0000_0001: 0.036s 0.0M
#   step REPORT : [39.349] Optimizing module : clkgate
#   step REPORT : [39.350] Instance count of module clkgate is 21
#   step REPORT : [6.1691] Total net count: 5
#   step REPORT : [6.1690] There are 1 levels of combinational cells
#   step REPORT : [6.1689] There are 1 distinct nets driving control pins
#   step REPORT : [6.1695] 2-input LUTs: 1
#   step REPORT : [6.1696] Total LUT area: 1
#   step REPORT : [6.1697] State    : 1
#   step REPORT : [6.1697]   (Latch): 1
#   step REPORT : [6.1884] Renaming SVA module instances in the netlist
#   step REPORT : [6.1882] Renaming special verilog names in the netlist
#   step REPORT : [6.1882] Special names renaming stats:
#   step REPORT : [6.1882] Total time                 : 0.000 seconds
#   step REPORT : [6.1882] Total wires renamed        : 0
#   step REPORT : [6.1882] Total instances renamed    : 0
#   step REPORT : [6.1883] Renaming wires like ports
#   step REPORT : [6.1883] Renamed wires like ports (0 ports)
#   step REPORT : [6.1885] Emitting RTLDB information for the netlist
#   step REPORT : Converting netlist 'clkgate' to znl format
#   step STATS :  ----------------------------------------------------------------------------------------------------------------------------------------------------------------------------------------------------------------------------------------------------------------------------------------------
#   step STATS :  |                 reg |                 lut |                bram |                uram |             memsize |              m18x18 |                bufg |                buft |               nbI/O |                nbBB |                nbZV |                nbME |               dsp48 || name
#   step STATS :  ----------------------------------------------------------------------------------------------------------------------------------------------------------------------------------------------------------------------------------------------------------------------------------------------
#   step STATS :  |                   1 |                   1 |                   0 |                   0 |                   0 |                   0 |                   0 |                   0 |                   3 |                   0 |                   0 |                   0 |                   0 || clkgate
#   step STATS :  ----------------------------------------------------------------------------------------------------------------------------------------------------------------------------------------------------------------------------------------------------------------------------------------------
#   step REPORT : Writing netlist 'clkgate' to 'edif/clkgate/clkgate.edf.gz'
#   step SERIALIZE : writing netlist 'zmerge' into znl file 'edif/clkgate/clkgate.edf.gz'
#   step SERIALIZE : #bytes in: 292, #bytes out: 270, compression ratio: 1.081481
#   step REPORT : [87.28] Resource usage for clkgate: 0.036s 0.0M
#   step REPORT : [39.349] Optimizing module : ZebuClockDetectFront_34
#   step REPORT : [39.350] Instance count of module ZebuClockDetectFront_34 is 1
### warning in ZFAST : (INTERNAL) no module information for net in_p_0
#   step REPORT : [6.1691] Total net count: 8
#   step REPORT : [6.1690] There are 2 levels of combinational cells
#   step REPORT : [6.1689] There are 1 distinct nets driving control pins
#   step REPORT : [6.1695] 2-input LUTs: 1
#   step REPORT : [6.1696] Total LUT area: 1
#   step REPORT : [6.1697] State    : 1
#   step REPORT : [6.1697]   (FF)   : 1
#   step REPORT : [6.1697] +CSA LUTs: 1
#   step REPORT : [6.1884] Renaming SVA module instances in the netlist
#   step REPORT : [6.1882] Renaming special verilog names in the netlist
#   step REPORT : [6.1882] Special names renaming stats:
#   step REPORT : [6.1882] Total time                 : 0.000 seconds
#   step REPORT : [6.1882] Total wires renamed        : 0
#   step REPORT : [6.1882] Total instances renamed    : 0
#   step REPORT : [6.1883] Renaming wires like ports
#   step REPORT : [6.1883] Renamed wires like ports (0 ports)
#   step REPORT : [6.1885] Emitting RTLDB information for the netlist
#   step REPORT : Converting netlist 'ZebuClockDetectFront_34' to znl format
#   step STATS :  ----------------------------------------------------------------------------------------------------------------------------------------------------------------------------------------------------------------------------------------------------------------------------------------------
#   step STATS :  |                 reg |                 lut |                bram |                uram |             memsize |              m18x18 |                bufg |                buft |               nbI/O |                nbBB |                nbZV |                nbME |               dsp48 || name
#   step STATS :  ----------------------------------------------------------------------------------------------------------------------------------------------------------------------------------------------------------------------------------------------------------------------------------------------
#   step STATS :  |                   1 |                   2 |                   0 |                   0 |                   0 |                   0 |                   0 |                   0 |                   3 |                   1 |                   0 |                   0 |                   0 || ZebuClockDetectFront_34
#   step STATS :  ----------------------------------------------------------------------------------------------------------------------------------------------------------------------------------------------------------------------------------------------------------------------------------------------
#   step REPORT : Writing netlist 'ZebuClockDetectFront_34' to 'edif/ZebuClockDetectFront_34/ZebuClockDetectFront_34.edf.gz'
#   step SERIALIZE : writing netlist 'zmerge' into znl file 'edif/ZebuClockDetectFront_34/ZebuClockDetectFront_34.edf.gz'
#   step SERIALIZE : #bytes in: 531, #bytes out: 375, compression ratio: 1.416000
#   step REPORT : [87.28] Resource usage for ZebuClockDetectFront_34: 0.035s 0.0M
#   step REPORT : [39.349] Optimizing module : DWbb_bcm21_0000
#   step REPORT : [39.350] Instance count of module DWbb_bcm21_0000 is 45
#   step REPORT : [6.1691] Total net count: 6
#   step REPORT : [6.1690] There are 2 levels of combinational cells
#   step REPORT : [6.1689] There are 0 distinct nets driving control pins
#   step REPORT : [6.1696] Total LUT area: 0
#   step REPORT : [6.1884] Renaming SVA module instances in the netlist
#   step REPORT : [6.1882] Renaming special verilog names in the netlist
#   step REPORT : [6.1882] Special names renaming stats:
#   step REPORT : [6.1882] Total time                 : 0.000 seconds
#   step REPORT : [6.1882] Total wires renamed        : 0
#   step REPORT : [6.1882] Total instances renamed    : 0
#   step REPORT : [6.1883] Renaming wires like ports
#   step REPORT : [6.1883] Renamed wires like ports (0 ports)
#   step REPORT : [6.1885] Emitting RTLDB information for the netlist
#   step REPORT : Converting netlist 'DWbb_bcm21_0000' to znl format
#   step STATS :  ----------------------------------------------------------------------------------------------------------------------------------------------------------------------------------------------------------------------------------------------------------------------------------------------
#   step STATS :  |                 reg |                 lut |                bram |                uram |             memsize |              m18x18 |                bufg |                buft |               nbI/O |                nbBB |                nbZV |                nbME |               dsp48 || name
#   step STATS :  ----------------------------------------------------------------------------------------------------------------------------------------------------------------------------------------------------------------------------------------------------------------------------------------------
#   step STATS :  |                   0 |                   0 |                   0 |                   0 |                   0 |                   0 |                   0 |                   0 |                   4 |                   1 |                   0 |                   0 |                   0 || DWbb_bcm21_0000
#   step STATS :  ----------------------------------------------------------------------------------------------------------------------------------------------------------------------------------------------------------------------------------------------------------------------------------------------
#   step REPORT : Writing netlist 'DWbb_bcm21_0000' to 'edif/DWbb_bcm21_0000/DWbb_bcm21_0000.edf.gz'
#   step SERIALIZE : writing netlist 'zmerge' into znl file 'edif/DWbb_bcm21_0000/DWbb_bcm21_0000.edf.gz'
#   step SERIALIZE : #bytes in: 486, #bytes out: 362, compression ratio: 1.342541
#   step REPORT : [87.28] Resource usage for DWbb_bcm21_0000: 0.033s 0.0M
#   step REPORT : [39.349] Optimizing module : rl_cpu_synch_wrap
#   step REPORT : [39.350] Instance count of module rl_cpu_synch_wrap is 1
#   step REPORT : [6.1691] Total net count: 46
#   step REPORT : [6.1690] There are 3 levels of combinational cells
#   step REPORT : [6.1689] There are 2 distinct nets driving control pins
#   step REPORT : [6.1695] 2-input LUTs: 1
#   step REPORT : [6.1696] Total LUT area: 1
#   step REPORT : [6.1697] State    : 1
#   step REPORT : [6.1697]   (FF)   : 1
#   step REPORT : [6.1884] Renaming SVA module instances in the netlist
#   step REPORT : [6.1882] Renaming special verilog names in the netlist
#   step REPORT : [6.1882] Special names renaming stats:
#   step REPORT : [6.1882] Total time                 : 0.000 seconds
#   step REPORT : [6.1882] Total wires renamed        : 0
#   step REPORT : [6.1882] Total instances renamed    : 0
#   step REPORT : [6.1883] Renaming wires like ports
#   step REPORT : [6.1883] Renamed wires like ports (0 ports)
#   step REPORT : [6.1885] Emitting RTLDB information for the netlist
#   step REPORT : Converting netlist 'rl_cpu_synch_wrap' to znl format
#   step STATS :  ----------------------------------------------------------------------------------------------------------------------------------------------------------------------------------------------------------------------------------------------------------------------------------------------
#   step STATS :  |                 reg |                 lut |                bram |                uram |             memsize |              m18x18 |                bufg |                buft |               nbI/O |                nbBB |                nbZV |                nbME |               dsp48 || name
#   step STATS :  ----------------------------------------------------------------------------------------------------------------------------------------------------------------------------------------------------------------------------------------------------------------------------------------------
#   step STATS :  |                   1 |                   1 |                   0 |                   0 |                   0 |                   0 |                   0 |                   0 |                  42 |                   4 |                   0 |                   0 |                   0 || rl_cpu_synch_wrap
#   step STATS :  ----------------------------------------------------------------------------------------------------------------------------------------------------------------------------------------------------------------------------------------------------------------------------------------------
#   step REPORT : Writing netlist 'rl_cpu_synch_wrap' to 'edif/rl_cpu_synch_wrap/rl_cpu_synch_wrap.edf.gz'
#   step SERIALIZE : writing netlist 'zmerge' into znl file 'edif/rl_cpu_synch_wrap/rl_cpu_synch_wrap.edf.gz'
#   step SERIALIZE : #bytes in: 1912, #bytes out: 1095, compression ratio: 1.746119
#   step REPORT : [87.28] Resource usage for rl_cpu_synch_wrap: 0.035s 0.0M
#   step REPORT : [39.349] Optimizing module : ZebuClockDetectFront_32
#   step REPORT : [39.350] Instance count of module ZebuClockDetectFront_32 is 1
### warning in ZFAST : (INTERNAL) no module information for net in_p_0
#   step REPORT : [6.1691] Total net count: 8
#   step REPORT : [6.1690] There are 2 levels of combinational cells
#   step REPORT : [6.1689] There are 1 distinct nets driving control pins
#   step REPORT : [6.1695] 2-input LUTs: 1
#   step REPORT : [6.1696] Total LUT area: 1
#   step REPORT : [6.1697] State    : 1
#   step REPORT : [6.1697]   (FF)   : 1
#   step REPORT : [6.1697] +CSA LUTs: 1
#   step REPORT : [6.1884] Renaming SVA module instances in the netlist
#   step REPORT : [6.1882] Renaming special verilog names in the netlist
#   step REPORT : [6.1882] Special names renaming stats:
#   step REPORT : [6.1882] Total time                 : 0.000 seconds
#   step REPORT : [6.1882] Total wires renamed        : 0
#   step REPORT : [6.1882] Total instances renamed    : 0
#   step REPORT : [6.1883] Renaming wires like ports
#   step REPORT : [6.1883] Renamed wires like ports (0 ports)
#   step REPORT : [6.1885] Emitting RTLDB information for the netlist
#   step REPORT : Converting netlist 'ZebuClockDetectFront_32' to znl format
#   step STATS :  ----------------------------------------------------------------------------------------------------------------------------------------------------------------------------------------------------------------------------------------------------------------------------------------------
#   step STATS :  |                 reg |                 lut |                bram |                uram |             memsize |              m18x18 |                bufg |                buft |               nbI/O |                nbBB |                nbZV |                nbME |               dsp48 || name
#   step STATS :  ----------------------------------------------------------------------------------------------------------------------------------------------------------------------------------------------------------------------------------------------------------------------------------------------
#   step STATS :  |                   1 |                   2 |                   0 |                   0 |                   0 |                   0 |                   0 |                   0 |                   3 |                   1 |                   0 |                   0 |                   0 || ZebuClockDetectFront_32
#   step STATS :  ----------------------------------------------------------------------------------------------------------------------------------------------------------------------------------------------------------------------------------------------------------------------------------------------
#   step REPORT : Writing netlist 'ZebuClockDetectFront_32' to 'edif/ZebuClockDetectFront_32/ZebuClockDetectFront_32.edf.gz'
#   step SERIALIZE : writing netlist 'zmerge' into znl file 'edif/ZebuClockDetectFront_32/ZebuClockDetectFront_32.edf.gz'
#   step SERIALIZE : #bytes in: 531, #bytes out: 371, compression ratio: 1.431267
#   step REPORT : [87.28] Resource usage for ZebuClockDetectFront_32: 0.035s 0.0M
#   step Synth : RhinoDB status is set by default value: rhino_default_status:1.
#   step Synth : Using zCreateNameDB from /slowfs/us01dwslow023/fpga/lianghao/zebu_install/VCS/VCS2021.09.2.ZEBU.B4/07052024/INSTALL/VCS/vcs/S-2021.09-2-TZ-20240507_Full64/bin/zCreateNameDB for RhinoDB population.
#   step Synth : Running RhinoDB gate population on 23 modules. To skip this step please set SNPS_RHINODB_INTERNAL_3STEP_DISABLE env var.
Running in 3step flow - bundle population mode, for bundle,modules = Bundle_18,ZebuClockDetectFront_32,rl_cpu_synch_wrap,DWbb_bcm21_0000,ZebuClockDetectFront_34,clkgate,sr_err_aggr_0000_0001,DWbb_bcm21_atv_0000,ZebuClockDetectFront_54,dw_dbp_cdc_sync,sr_err_aggr_0000_0003,ZebuClockDetectFront_56,ZebuClockDetectFront_31,arcv_wd_parity_0002,ZebuClockDetectFront_33,zebu_axi_xtor,sr_err_aggr_0000_0000,sr_err_aggr_0000,sr_err_aggr_0000_0002,alb_mss_ext_stub,rl_parity_gen_0001,mss_bus_switch_ibp_dw128_mst,ZebuClockDetectFront_57,alb_mss_fab_ibp2ahbl_sel,
Got following -X option = show_times
#     Tue May 13 18:29:56 2025 : zCreateNameDB Started
#      : Reading the Serializing VCS Version
[2025-05-13 18:29:56.087717] [0x000015555540d300] [info]    #      : Reading the Serializing VCS Version

#      : Deserializing names dictionary
[2025-05-13 18:29:56.088342] [0x000015555540d300] [info]    #      : Deserializing names dictionary

#      : Deserializing libraries
[2025-05-13 18:29:56.094932] [0x000015555540d300] [info]    #      : Deserializing libraries

#      : Deserializing RTL
[2025-05-13 18:29:56.096054] [0x000015555540d300] [info]    #      : Deserializing RTL

#      : Deserializing Gate
[2025-05-13 18:29:56.097211] [0x000015555540d300] [info]    #      : Deserializing Gate

#      : Deserializing design object
[2025-05-13 18:29:56.098475] [0x000015555540d300] [info]    #      : Deserializing design object

#      : Populating Dfs Table
[2025-05-13 18:29:56.099427] [0x000015555540d300] [info]    #      : Populating Dfs Table

### Tue May 13 18:29:56 2025 : RTL Deserialized
### Tue May 13 18:29:56 2025 : Starting CHUNK Population
#     Tue May 13 18:29:56 2025 : Populating CHUNK ZebuClockDetectFront_32
#     Tue May 13 18:29:56 2025 : Gate Building light signal container for module ZebuClockDetectFront_32
#     Tue May 13 18:29:56 2025 : End of Gate Building light signal container for module ZebuClockDetectFront_32
#     Tue May 13 18:29:56 2025 : Populating CHUNK rl_cpu_synch_wrap
#     Tue May 13 18:29:56 2025 : Gate Building light signal container for module rl_cpu_synch_wrap
#     Tue May 13 18:29:56 2025 : End of Gate Building light signal container for module rl_cpu_synch_wrap
#     Tue May 13 18:29:56 2025 : Populating CHUNK DWbb_bcm21_0000
#     Tue May 13 18:29:56 2025 : Gate Building light signal container for module DWbb_bcm21_0000
#     Tue May 13 18:29:56 2025 : End of Gate Building light signal container for module DWbb_bcm21_0000
#     Tue May 13 18:29:56 2025 : Populating CHUNK ZebuClockDetectFront_34
#     Tue May 13 18:29:56 2025 : Gate Building light signal container for module ZebuClockDetectFront_34
#     Tue May 13 18:29:56 2025 : End of Gate Building light signal container for module ZebuClockDetectFront_34
#     Tue May 13 18:29:56 2025 : Populating CHUNK clkgate
#     Tue May 13 18:29:56 2025 : Gate Building light signal container for module clkgate
#     Tue May 13 18:29:56 2025 : End of Gate Building light signal container for module clkgate
#     Tue May 13 18:29:56 2025 : Populating CHUNK sr_err_aggr_0000_0001
#     Tue May 13 18:29:56 2025 : Gate Building light signal container for module sr_err_aggr_0000_0001
#     Tue May 13 18:29:56 2025 : End of Gate Building light signal container for module sr_err_aggr_0000_0001
#     Tue May 13 18:29:56 2025 : Populating CHUNK DWbb_bcm21_atv_0000
#     Tue May 13 18:29:56 2025 : Gate Building light signal container for module DWbb_bcm21_atv_0000
#     Tue May 13 18:29:56 2025 : End of Gate Building light signal container for module DWbb_bcm21_atv_0000
#     Tue May 13 18:29:56 2025 : Populating CHUNK ZebuClockDetectFront_54
#     Tue May 13 18:29:56 2025 : Gate Building light signal container for module ZebuClockDetectFront_54
#     Tue May 13 18:29:56 2025 : End of Gate Building light signal container for module ZebuClockDetectFront_54
#     Tue May 13 18:29:56 2025 : Populating CHUNK dw_dbp_cdc_sync
#     Tue May 13 18:29:56 2025 : Gate Building light signal container for module dw_dbp_cdc_sync
#     Tue May 13 18:29:56 2025 : End of Gate Building light signal container for module dw_dbp_cdc_sync
#     Tue May 13 18:29:56 2025 : Populating CHUNK sr_err_aggr_0000_0003
#     Tue May 13 18:29:56 2025 : Gate Building light signal container for module sr_err_aggr_0000_0003
#     Tue May 13 18:29:56 2025 : End of Gate Building light signal container for module sr_err_aggr_0000_0003
#     Tue May 13 18:29:56 2025 : Populating CHUNK ZebuClockDetectFront_56
#     Tue May 13 18:29:56 2025 : Gate Building light signal container for module ZebuClockDetectFront_56
#     Tue May 13 18:29:56 2025 : End of Gate Building light signal container for module ZebuClockDetectFront_56
#     Tue May 13 18:29:56 2025 : Populating CHUNK ZebuClockDetectFront_31
#     Tue May 13 18:29:56 2025 : Gate Building light signal container for module ZebuClockDetectFront_31
#     Tue May 13 18:29:56 2025 : End of Gate Building light signal container for module ZebuClockDetectFront_31
#     Tue May 13 18:29:56 2025 : Populating CHUNK arcv_wd_parity_0002
#     Tue May 13 18:29:56 2025 : Gate Building light signal container for module arcv_wd_parity_0002
#     Tue May 13 18:29:56 2025 : End of Gate Building light signal container for module arcv_wd_parity_0002
#     Tue May 13 18:29:56 2025 : Populating CHUNK ZebuClockDetectFront_33
#     Tue May 13 18:29:56 2025 : Gate Building light signal container for module ZebuClockDetectFront_33
#     Tue May 13 18:29:56 2025 : End of Gate Building light signal container for module ZebuClockDetectFront_33
#     Tue May 13 18:29:56 2025 : Populating CHUNK zebu_axi_xtor
#     Tue May 13 18:29:56 2025 : Gate Building light signal container for module zebu_axi_xtor
#     Tue May 13 18:29:56 2025 : End of Gate Building light signal container for module zebu_axi_xtor
#     Tue May 13 18:29:56 2025 : Populating CHUNK sr_err_aggr_0000_0000
#     Tue May 13 18:29:56 2025 : Gate Building light signal container for module sr_err_aggr_0000_0000
#     Tue May 13 18:29:56 2025 : End of Gate Building light signal container for module sr_err_aggr_0000_0000
#     Tue May 13 18:29:56 2025 : Populating CHUNK sr_err_aggr_0000
#     Tue May 13 18:29:56 2025 : Gate Building light signal container for module sr_err_aggr_0000
#     Tue May 13 18:29:56 2025 : End of Gate Building light signal container for module sr_err_aggr_0000
#     Tue May 13 18:29:56 2025 : Populating CHUNK sr_err_aggr_0000_0002
#     Tue May 13 18:29:56 2025 : Gate Building light signal container for module sr_err_aggr_0000_0002
#     Tue May 13 18:29:56 2025 : End of Gate Building light signal container for module sr_err_aggr_0000_0002
#     Tue May 13 18:29:56 2025 : Populating CHUNK alb_mss_ext_stub
#     Tue May 13 18:29:56 2025 : Gate Building light signal container for module alb_mss_ext_stub
#     Tue May 13 18:29:56 2025 : End of Gate Building light signal container for module alb_mss_ext_stub
#     Tue May 13 18:29:56 2025 : Populating CHUNK rl_parity_gen_0001
#     Tue May 13 18:29:56 2025 : Gate Building light signal container for module rl_parity_gen_0001
#     Tue May 13 18:29:56 2025 : End of Gate Building light signal container for module rl_parity_gen_0001
#     Tue May 13 18:29:56 2025 : Populating CHUNK mss_bus_switch_ibp_dw128_mst
#     Tue May 13 18:29:56 2025 : Gate Building light signal container for module mss_bus_switch_ibp_dw128_mst
#     Tue May 13 18:29:56 2025 : End of Gate Building light signal container for module mss_bus_switch_ibp_dw128_mst
#     Tue May 13 18:29:56 2025 : Populating CHUNK ZebuClockDetectFront_57
#     Tue May 13 18:29:56 2025 : Gate Building light signal container for module ZebuClockDetectFront_57
#     Tue May 13 18:29:56 2025 : End of Gate Building light signal container for module ZebuClockDetectFront_57
#     Tue May 13 18:29:56 2025 : Populating CHUNK alb_mss_fab_ibp2ahbl_sel
#     Tue May 13 18:29:56 2025 : Gate Building light signal container for module alb_mss_fab_ibp2ahbl_sel
#     Tue May 13 18:29:56 2025 : End of Gate Building light signal container for module alb_mss_fab_ibp2ahbl_sel
### Tue May 13 18:29:56 2025(+0s) : CHUNK Population done
zCreateNameDB finished without errors or warnings.
#     Tue May 13 18:29:56 2025 : zCreateNameDB Ended
#   step Synth : Synthesis called the following command: '/slowfs/us01dwslow023/fpga/lianghao/zebu_install/VCS/VCS2021.09.2.ZEBU.B4/07052024/INSTALL/VCS/vcs/S-2021.09-2-TZ-20240507_Full64/bin/zCreateNameDB -bundle Bundle_18,ZebuClockDetectFront_32,rl_cpu_synch_wrap,DWbb_bcm21_0000,ZebuClockDetectFront_34,clkgate,sr_err_aggr_0000_0001,DWbb_bcm21_atv_0000,ZebuClockDetectFront_54,dw_dbp_cdc_sync,sr_err_aggr_0000_0003,ZebuClockDetectFront_56,ZebuClockDetectFront_31,arcv_wd_parity_0002,ZebuClockDetectFront_33,zebu_axi_xtor,sr_err_aggr_0000_0000,sr_err_aggr_0000,sr_err_aggr_0000_0002,alb_mss_ext_stub,rl_parity_gen_0001,mss_bus_switch_ibp_dw128_mst,ZebuClockDetectFront_57,alb_mss_fab_ibp2ahbl_sel,  -v -X show_times -z /remote/sdgedt/tools/reem/ZebuS5_oiginal/zebu_ifx_mini_rattle_6649a592_20250509/build/zcui.work/design/synth_Default_RTL_Group'

#   step exec summary : time 0m4.65117s
#   exec summary : Total memory: 147000 kB minimum 
#   exec summary : Successful execution

# end time is Tue May 13 18:29:56 EEST 2025
zFe exit status: 0
command exit code is '0'
