  Xcui parse error(s)
      /remote/sdgedt/tools/reem/ZebuS5_oiginal/zebu_ifx_mini_rattle_6649a592_20250509/build/zcui.work/backend_default/tools/zTopClustering/zTopClustering_glog.xcui file does not exist.
  Xcui parse error(s)
      /remote/sdgedt/tools/reem/ZebuS5_oiginal/zebu_ifx_mini_rattle_6649a592_20250509/build/zcui.work/backend_default/work.Part_0/tools/zCoreClustering/zCoreClustering_glog.xcui file does not exist.
  Xcui parse error(s)
      /remote/sdgedt/tools/reem/ZebuS5_oiginal/zebu_ifx_mini_rattle_6649a592_20250509/build/zcui.work/backend_default/work.Part_0/tools/zCorePartitioning/zCorePartitioning_glog.xcui file does not exist.
  Xcui parse error(s)
      /remote/sdgedt/tools/reem/ZebuS5_oiginal/zebu_ifx_mini_rattle_6649a592_20250509/build/zcui.work/backend_default/tools/zCui/zCui_compile_times_glog.xcui file does not exist.
  Xcui parse error(s)
      /remote/sdgedt/tools/reem/ZebuS5_oiginal/zebu_ifx_mini_rattle_6649a592_20250509/build/zcui.work/backend_default/tools/zCui/zCui_PNR_steps_glog.xcui file does not exist.
  System Compilation
    Warning
      [OPTDB01] Use of the environment variable 'ZEBU_ENABLE_NEW_ZTDB_RB' will be deprecated in a future release, please use 'set_app_var public::ztdb_rb_api 1' in your utf/tcl file.
      [ZTCL0144W] Option 'html_report' is registered several times in command 'data_localization'
      [ZTCL0144W] Option 'high_effort' is registered several times in command 'data_localization'
      [ZTCL0144W] Option 'low_power' is registered several times in command '!dump_netlist'
      [ZTCL0144W] Option 'sorting_cells' is registered several times in command '!dump_netlist'
      [ZTCL0144W] Option 'sorting_cells' is registered several times in command '!dump_netlist'
      [ZTCL0144W] Option 'system_cell_localization' is registered several times in command '!dump_netlist'
      [ZTCL0144W] Option 'statistics' is registered several times in command '!dump_netlist'
      [ZTCL0144W] Option 'sorting_cells' is registered several times in command '!dump_netlist'
      [ZTCL0144W] Option 'low_power' is registered several times in command 'dump_checkpoint'
      [ZTCL0144W] Option 'sorting_cells' is registered several times in command 'dump_checkpoint'
      [ZTCL0144W] Option 'sorting_cells' is registered several times in command 'dump_checkpoint'
      [ZTCL0144W] Option 'system_cell_localization' is registered several times in command 'dump_checkpoint'
      [ZTCL0144W] Option 'statistics' is registered several times in command 'dump_checkpoint'
      [ZTCL0144W] Option 'sorting_cells' is registered several times in command 'dump_checkpoint'
      [ZTCL0144W] Option 'hydra_conversion' is registered several times in command 'dump_checkpoint'
      [ZTCL0144W] Option 'observerinserter_step' is registered several times in command 'dump_checkpoint'
      [ZTCL0144W] Option 'userip_insert_readback_probes' is registered several times in command 'dump_checkpoint'
      [ZTCL0144W] Option 'clockdeclaration_step' is registered several times in command 'dump_checkpoint'
      [ZTCL0144W] Option 'sdcconstraintreader_step' is registered several times in command 'dump_checkpoint'
      [ZTB0410W] Param max_fill_fwc_ip already set, resetting it to 80
      [ZTB1036W] The command 'disable ztime_uses_rtl_names' is deprecated and will be removed in the next ZeBu software release.
      [CTB0246W] the options -sync_enable and -sync_write are obsolete and they are turned on by default
      [CTB0246W] the option -sync_enable or -sync is obsolete and it is turned on by default
      [ZTB0410W] Param max_fill_lut already set, resetting it to 30
      [TGT0145W] no binary identifier defined for module ID ZS5_VU19P_12C
      [LST0478W] The leaf instance uniquification ratio is less then 4.00
      [LST0479W] The hierarchical instance per module uniquification ratio is less then 4.00
      [ZTB1062W] Signal zebu_top.core_chip_dut.icore_sys.izebu_axi_xtor.zebu_disable controls instance name zebu_top.core_chip_dut.icore_sys.izebu_axi_xtor.master_node_i. To avoid possible critical log path, signal name zebu_top.core_chip_dut.icore_sys.izebu_axi_xtor.zebu_disable should be in module zebu_top.core_chip_dut.icore_sys.izebu_axi_xtor.master_node_i.xtor_amba_master_axi3_svs. 
      [ZTB1062W] Signal zebu_top.zebu_disable controls instance name zebu_top.i_t32Jtag_driver. To avoid possible critical log path, signal name zebu_top.zebu_disable should be in module zebu_top.i_t32Jtag_driver.xtor_t32Jtag_svs. 
      [ZTB1122W] Clock accuracy of 0 is not supported. It will be set to 24.
      [ZTB0530W] Object not found within context : zebu_top.core_chip_dut.i_ext_personality_mode
      [ZTB0532W] Command 'zforce -mode dynamic -rtlname { {zebu_top.core_chip_dut.i_ext_personality_mode} } -access all  -type global -object_not_found warning' is not matching any edif element in design. This command will be ignored.
      [ZTB0530W] Object not found within context : zebu_top.core_chip_dut.icore_sys.i_ext_personality_mode
      [ZTB0532W] Command 'zforce -mode dynamic -rtlname { {zebu_top.core_chip_dut.icore_sys.i_ext_personality_mode} } -access all  -type global -object_not_found warning' is not matching any edif element in design. This command will be ignored.
      [PLU0610W] Attribute 'IS_NET_DRIVER' is found in module 'ZXLSYS' from library 'work' but not in the gold macro 'ZXLSYS' in library 'lib_zxlsys_macros'. When replacing with gold macro 'ZXLSYS', this attribute will be ignored.
      [PLU0610W] Attribute 'IS_NET_DRIVER' is found in module 'ZXLSYS' from library 'work' but not in the gold macro 'ZXLSYS' in library 'lib_zxlsys_macros'. When replacing with gold macro 'ZXLSYS', this attribute will be ignored.
      [TAM0018W] No Netlist available, disabling command generators for commands based on it
      [BUP0022W] Could not mark zebu_top.zebuclk_uart_sclk.clockdelayport_core as indivisible as parent instance zebu_top.zebuclk_uart_sclk.clockdelayport_core is already marked as indivisible.
      [BUP0022W] Could not mark zebu_top.zebuclk_jtag_clk.clockdelayport_core as indivisible as parent instance zebu_top.zebuclk_jtag_clk.clockdelayport_core is already marked as indivisible.
      [BUP0022W] Could not mark zebu_top.zebuclk_ref_clk.clockdelayport_core as indivisible as parent instance zebu_top.zebuclk_ref_clk.clockdelayport_core is already marked as indivisible.
      [BUP0022W] Could not mark zebu_top.zebuclk_uart_sclk.clockdelayport_core.clockdelayport_state_machine as indivisible as parent instance zebu_top.zebuclk_uart_sclk.clockdelayport_core is already marked as indivisible.
      [BUP0022W] Could not mark zebu_top.zebuclk_jtag_clk.clockdelayport_core.clockdelayport_state_machine as indivisible as parent instance zebu_top.zebuclk_jtag_clk.clockdelayport_core is already marked as indivisible.
      [BUP0022W] Could not mark zebu_top.zebuclk_ref_clk.clockdelayport_core.clockdelayport_state_machine as indivisible as parent instance zebu_top.zebuclk_ref_clk.clockdelayport_core is already marked as indivisible.
      [BUP0022W] Could not mark zebu_top.zebuclk_uart_sclk.clockdelayport_core.clockdelayport_state_machine.clockdelayport_config as indivisible as parent instance zebu_top.zebuclk_uart_sclk.clockdelayport_core is already marked as indivisible.
      [BUP0022W] Could not mark zebu_top.zebuclk_jtag_clk.clockdelayport_core.clockdelayport_state_machine.clockdelayport_config as indivisible as parent instance zebu_top.zebuclk_jtag_clk.clockdelayport_core is already marked as indivisible.
      [BUP0022W] Could not mark zebu_top.zebuclk_ref_clk.clockdelayport_core.clockdelayport_state_machine.clockdelayport_config as indivisible as parent instance zebu_top.zebuclk_ref_clk.clockdelayport_core is already marked as indivisible.
      [TAM0072W] General Firmware FPGA cost : bram = 31, dsp_mult = 2, nbdsp48 = 2, FW cost = [],   is considered via reducing the target capacity, rather than increasing the design cost
  zCoreCompilation : default
    Warning
      [ZBD0328W] max_deph will become hidden (under expert mode '!') in next release.
      [ZBD0329W] max_node will become hidden (under expert mode '!') in next release.
      [ZBD0334W] delete_stuck_at_z will become hidden (under expert mode '!') in next release.
  zCoreCompilation : Part_0
    Warning
      [TGT0145W] no binary identifier defined for module ID ZS5_VU19P_12C
      [PLU0610W] Attribute 'ZEBU_BB' is found in module 'zceiMessageOutPort_3' from library 'LIB_ZEBU_MODEL' but not in the gold macro 'zceiMessageOutPort_3' in library 'lib_zcei_macros'. When replacing with gold macro 'zceiMessageOutPort_3', this attribute will be ignored.
      [PLU0610W] Attribute 'ZEBU_BB' is found in module 'zceiMessageInPort_6' from library 'LIB_ZEBU_MODEL' but not in the gold macro 'zceiMessageInPort_6' in library 'lib_zcei_macros'. When replacing with gold macro 'zceiMessageInPort_6', this attribute will be ignored.
      [PLU0610W] Attribute 'ZEBU_BB' is found in module 'zceiMessageOutPort_4096' from library 'LIB_ZEBU_MODEL' but not in the gold macro 'zceiMessageOutPort_4096' in library 'lib_zcei_macros'. When replacing with gold macro 'zceiMessageOutPort_4096', this attribute will be ignored.
      [PLU0610W] Attribute 'ZEBU_BB' is found in module 'zceiMessageOutPort_128' from library 'LIB_ZEBU_MODEL' but not in the gold macro 'zceiMessageOutPort_128' in library 'lib_zcei_macros'. When replacing with gold macro 'zceiMessageOutPort_128', this attribute will be ignored.
      [PLU0610W] Attribute 'ZEBU_BB' is found in module 'zceiMessageInPort_2' from library 'LIB_ZEBU_MODEL' but not in the gold macro 'zceiMessageInPort_2' in library 'lib_zcei_macros'. When replacing with gold macro 'zceiMessageInPort_2', this attribute will be ignored.
      [PLU0610W] Attribute 'ZEBU_BB' is found in module 'zceiMessageOutPort_2' from library 'LIB_ZEBU_MODEL' but not in the gold macro 'zceiMessageOutPort_2' in library 'lib_zcei_macros'. When replacing with gold macro 'zceiMessageOutPort_2', this attribute will be ignored.
      [PLU0610W] Attribute 'ZEBU_BB' is found in module 'zceiMessageInPort_1' from library 'LIB_ZEBU_MODEL' but not in the gold macro 'zceiMessageInPort_1' in library 'lib_zcei_macros'. When replacing with gold macro 'zceiMessageInPort_1', this attribute will be ignored.
      [PLU0610W] Attribute 'ZEBU_BB' is found in module 'zceiMessageOutPort_33' from library 'LIB_ZEBU_MODEL' but not in the gold macro 'zceiMessageOutPort_33' in library 'lib_zcei_macros'. When replacing with gold macro 'zceiMessageOutPort_33', this attribute will be ignored.
      [PLU0610W] Attribute 'ZEBU_BB' is found in module 'zceiMessageOutPort_8' from library 'LIB_ZEBU_MODEL' but not in the gold macro 'zceiMessageOutPort_8' in library 'lib_zcei_macros'. When replacing with gold macro 'zceiMessageOutPort_8', this attribute will be ignored.
      [PLU0610W] Attribute 'ZEBU_BB' is found in module 'zceiMessageOutPort_64' from library 'LIB_ZEBU_MODEL' but not in the gold macro 'zceiMessageOutPort_64' in library 'lib_zcei_macros'. When replacing with gold macro 'zceiMessageOutPort_64', this attribute will be ignored.
      [PLU0610W] Attribute 'ZEBU_BB' is found in module 'zceiMessageInPort_35' from library 'LIB_ZEBU_MODEL' but not in the gold macro 'zceiMessageInPort_35' in library 'lib_zcei_macros'. When replacing with gold macro 'zceiMessageInPort_35', this attribute will be ignored.
      [PLU0610W] Attribute 'ZEBU_BB' is found in module 'zceiMessageOutPort_1' from library 'LIB_ZEBU_MODEL' but not in the gold macro 'zceiMessageOutPort_1' in library 'lib_zcei_macros'. When replacing with gold macro 'zceiMessageOutPort_1', this attribute will be ignored.
      [PLU0610W] Attribute 'ZEBU_BB' is found in module 'zceiMessageInPort_32' from library 'LIB_ZEBU_MODEL' but not in the gold macro 'zceiMessageInPort_32' in library 'lib_zcei_macros'. When replacing with gold macro 'zceiMessageInPort_32', this attribute will be ignored.
      [PLU0610W] Attribute 'ZEBU_BB' is found in module 'zceiMessageInPort_160' from library 'LIB_ZEBU_MODEL' but not in the gold macro 'zceiMessageInPort_160' in library 'lib_zcei_macros'. When replacing with gold macro 'zceiMessageInPort_160', this attribute will be ignored.
      [PLU0610W] Attribute 'ZEBU_BB' is found in module 'zceiMessageInPort_64' from library 'LIB_ZEBU_MODEL' but not in the gold macro 'zceiMessageInPort_64' in library 'lib_zcei_macros'. When replacing with gold macro 'zceiMessageInPort_64', this attribute will be ignored.
      [PLU0610W] Attribute 'ZEBU_BB' is found in module 'zceiMessageInPort_128' from library 'LIB_ZEBU_MODEL' but not in the gold macro 'zceiMessageInPort_128' in library 'lib_zcei_macros'. When replacing with gold macro 'zceiMessageInPort_128', this attribute will be ignored.
      [PLU0610W] Attribute 'ZEBU_BB' is found in module 'zceiMessageOutPort_32' from library 'LIB_ZEBU_MODEL' but not in the gold macro 'zceiMessageOutPort_32' in library 'lib_zcei_macros'. When replacing with gold macro 'zceiMessageOutPort_32', this attribute will be ignored.
      [PLU0610W] Attribute 'ZEBU_BB' is found in module 'zceiMessageOutPort_640' from library 'LIB_ZEBU_MODEL' but not in the gold macro 'zceiMessageOutPort_640' in library 'lib_zcei_macros'. When replacing with gold macro 'zceiMessageOutPort_640', this attribute will be ignored.
      [PLU0610W] Attribute 'ZEBU_BB' is found in module 'zceiMessageOutPort_544' from library 'LIB_ZEBU_MODEL' but not in the gold macro 'zceiMessageOutPort_544' in library 'lib_zcei_macros'. When replacing with gold macro 'zceiMessageOutPort_544', this attribute will be ignored.
      [CLU0081W] Multiple occurence of the same command, using  cluster set max_fill_bram=60
      [KBD2213W] General Firmware FPGA cost : bram = 31, dsp_mult = 2, nbdsp48 = 2, FW cost = [],   is considered via reducing the target capacity, rather than increasing the design cost
      [PRO1053F] zview instance has no DB attributes 'probe_unnamed_92802_O_51232_51232'
      [PRO1053F] zview instance has no DB attributes 'probe_unnamed_92803_O_51233_51233'
      [PRO1053F] zview instance has no DB attributes 'probe_unnamed_92804_O_51234_51234'
      [PRO1053F] zview instance has no DB attributes 'probe_unnamed_92805_O_51235_51235'
      [PRO1053F] zview instance has no DB attributes 'probe_unnamed_92806_O_51236_51236'
      [PRO1053F] zview instance has no DB attributes 'probe_unnamed_92807_O_51237_51237'
      [PRO1053F] zview instance has no DB attributes 'probe_unnamed_92808_O_51238_51238'
      [PRO1053F] zview instance has no DB attributes 'probe_unnamed_92809_O_51239_51239'
      [PRO1053F] zview instance has no DB attributes 'probe_unnamed_92810_O_51240_51240'
      [PRO1053F] zview instance has no DB attributes 'probe_unnamed_92811_O_51241_51241'
      [PRO1053F] zview instance has no DB attributes 'probe_unnamed_92812_O_51242_51242'
      [PRO1053F] zview instance has no DB attributes 'probe_unnamed_92813_O_51243_51243'
      [PRO1053F] zview instance has no DB attributes 'probe_unnamed_92814_O_51244_51244'
      [PRO1053F] zview instance has no DB attributes 'probe_unnamed_92815_O_51245_51245'
      [PRO1053F] zview instance has no DB attributes 'probe_unnamed_92816_O_51246_51246'
      [PRO1053F] zview instance has no DB attributes 'probe_unnamed_92817_O_51247_51247'
      [PRO1053F] zview instance has no DB attributes 'probe_unnamed_92818_O_51248_51248'
      [PRO1053F] zview instance has no DB attributes 'probe_unnamed_92821_O_67426_67426'
      [PRO1053F] zview instance has no DB attributes 'probe_unnamed_92822_O_67427_67427'
      [CLK0388W] Failed to parse Core Interface
      [CLK0388W] Failed to parse Core Interface
      [CLK0388W] Failed to parse Core Interface
      [CLK0389W] At least one instance was found with attribute 'ZEBU_RLC_STOP_RETRO', it can lead to inconsistency between RLC results and timing analysis.
      [PRO1142W] Cannot add NullEquiID on 'zebu_ckgltch_edge_zebu_top_2' wire in 'zebu_top' module.
      [PRO1142W] Cannot add NullEquiID on 'zebu_top.zebu_ckgltch_edge_zebu_top_2' wire in 'zClockCone_UNIT0.MOD0.F0' module.
      [PRO1142W] Cannot add NullEquiID on 'zebu_clkglitch_q_16053814003727257898' wire in 'zebu_top' module.
      [PRO1142W] Cannot add NullEquiID on 'zebu_top.zebu_clkglitch_q_16053814003727257898' wire in 'zClockCone_UNIT0.MOD0.F0' module.
      [PRO1142W] Cannot add NullEquiID on 'zebu_top.zebu_ckgltch_edge_zebu_top_2' wire in 'zClockCone_UNIT0.MOD0.F1' module.
      [PRO1142W] Cannot add NullEquiID on 'unnamed_sys_fm_3305_POS' wire in 'xtor_t32Jtag_svs' module.
      [PRO1142W] Cannot add NullEquiID on 'zebu_top.i_t32Jtag_driver.unnamed_sys_fm_3305_POS' wire in 'zClockCone_UNIT0.MOD0.F1' module.
      [PRO1142W] Cannot add NullEquiID on 'zebu_ckgltch_edge_xtor_t32Jtag_svs' wire in 'xtor_t32Jtag_svs' module.
      [PRO1142W] Cannot add NullEquiID on 'zebu_top.w_7' wire in 'zClockCone_UNIT0.MOD0.F1' module.
      [PRO1142W] Cannot add NullEquiID on 'zebu_ckgltch_edge_xtor_t32Jtag_svs_0' wire in 'xtor_t32Jtag_svs' module.
      [PRO1142W] Cannot add NullEquiID on 'zebu_top.zebu_ckgltch_edge_zebu_top_1' wire in 'zClockCone_UNIT0.MOD0.F1' module.
      [PRO1142W] Cannot add NullEquiID on 'zebu_clkglitch_q_6349647596992993382' wire in 'xtor_t32Jtag_svs' module.
      [PRO1142W] Cannot add NullEquiID on 'zebu_top.zebu_clkglitch_zebu_clkglitch_2179372020855011130_6533767977038776995' wire in 'zClockCone_UNIT0.MOD0.F1' module.
      [PRO1142W] Cannot add NullEquiID on 'unnamed_sys_fm_3324_Q' wire in 'io_pad_ring' module.
      [PRO1142W] Cannot add NullEquiID on 'zebu_top.core_chip_dut.iio_pad_ring.unnamed_sys_fm_3324_Q' wire in 'zClockCone_UNIT0.MOD0.F1' module.
      [PRO1142W] Cannot add NullEquiID on 'zebu_clkglitch_q_8543028365343236877' wire in 'io_pad_ring' module.
      [PRO1142W] Cannot add NullEquiID on 'zebu_top.core_chip_dut.zebu_clkglitch_zebu_clkglitch_1488623876269271013_16873031212582163573' wire in 'zClockCone_UNIT0.MOD0.F1' module.
      [PRO1142W] Cannot add NullEquiID on 'zebu_ckgltch_edge_alb_mss_mem_clkgate' wire in 'alb_mss_mem_clkgate' module.
      [PRO1142W] Cannot add NullEquiID on 'zebu_top.core_chip_dut.icore_sys.ialb_mss_mem.zebu_ckgltch_edge_alb_mss_mem_0' wire in 'zClockCone_UNIT0.MOD0.F1' module.
      [CLU0730W] Cannot find path zebu_top.zebu_filter_data_or_zctrl_Creset_1477361921529022932, stuck at zebu_filter_data_or_zctrl_Creset_1477361921529022932, instance may have been optimized, ignoring defmapping info to UNIT0.MOD0.F0
      [CLU0730W] Cannot find path zebu_top.zebu_filter_data_or_zctrl_Creset_1477361921529022932, stuck at zebu_filter_data_or_zctrl_Creset_1477361921529022932, instance may have been optimized, ignoring defmapping info to UNIT0.MOD0.F0
      [CLU0730W] Cannot find path zebu_top.zebu_filter_data_or_zctrl_Creset_1477361921529022932, stuck at zebu_filter_data_or_zctrl_Creset_1477361921529022932, instance may have been optimized, ignoring defmapping info to UNIT0.MOD0.F0
      [CLU0730W] Cannot find path zebu_top.zebu_filter_data_or_zctrl_Creset_1477361921529022932, stuck at zebu_filter_data_or_zctrl_Creset_1477361921529022932, instance may have been optimized, ignoring defmapping info to UNIT0.MOD0.F0
      [CLU0730W] Cannot find path zebu_top.zebu_filter_data_or_zctrl_Creset_1477361921529022932, stuck at zebu_filter_data_or_zctrl_Creset_1477361921529022932, instance may have been optimized, ignoring defmapping info to UNIT0.MOD0.F0
      [CLU0730W] Cannot find path zebu_top.zebu_filter_data_or_zctrl_Creset_1477361921529022932, stuck at zebu_filter_data_or_zctrl_Creset_1477361921529022932, instance may have been optimized, ignoring defmapping info to UNIT0.MOD0.F0
      [CLU0730W] Cannot find path zebu_top.zebu_filter_data_or_zctrl_Creset_1477361921529022932, stuck at zebu_filter_data_or_zctrl_Creset_1477361921529022932, instance may have been optimized, ignoring defmapping info to UNIT0.MOD0.F0
      [KBD2300W] Found 0 driverClock wires and 0 zdelay wires
      [KBD2299W] Failed to find a candidate post-instrumentation clock wire for ZMEM BB port S, instance with path : U0_M0_F1.U0_M0_F1_core.core_chip_dut.icore_sys.ialb_mss_mem.u_rgon0_mem_inst.u_alb_mss_mem_ram.mem_r.zebu_bb_zmem_clk_rw0clk
      [KBD2299W] Failed to find a candidate post-instrumentation clock wire for ZMEM BB port IN_SYNC_2, instance with path : U0_M0_F1.U0_M0_F1_core.core_chip_dut.icore_sys.ialb_mss_mem.u_rgon0_mem_inst.u_alb_mss_mem_ram.mem_r.zebu_bb_zmem_tm_alb_mss_fpga_sram_0000_ZMEM_mem_r_rw0
      [ZEM0002W] 3 Memories collected does not match 0 collected by MemlinkDB
      [OPTDB01] ztop_fm_xform is not registered option
      [KBD2250W] UNSUPPORTED SYNC INST: U0_M0_F1.U0_M0_F1_core.core_chip_dut.icore_sys.izebu_axi_xtor.master_node_i.sqnod21801.sqnod2985.zebu_bb_zmem_tm_zz_Encrypt_1_ZMEM_0_w0, CLK: IN_SYNC_1
      [KBD2250W] UNSUPPORTED SYNC INST: U0_M0_F1.U0_M0_F1_core.core_chip_dut.icore_sys.izebu_axi_xtor.master_node_i.sqnod21801.sqnod2985.zebu_bb_zmem_tm_zz_Encrypt_1_ZMEM_0_r1, CLK: IN_SYNC_1
      [KBD2250W] UNSUPPORTED SYNC INST: U0_M0_F1.U0_M0_F1_core.core_chip_dut.icore_sys.izebu_axi_xtor.master_node_i.sqnod21800.sqnod2985.zebu_bb_zmem_tm_zz_Encrypt_1_ZMEM_0_w0, CLK: IN_SYNC_1
      [KBD2250W] UNSUPPORTED SYNC INST: U0_M0_F1.U0_M0_F1_core.core_chip_dut.icore_sys.izebu_axi_xtor.master_node_i.sqnod21800.sqnod2985.zebu_bb_zmem_tm_zz_Encrypt_1_ZMEM_0_r1, CLK: IN_SYNC_1
      [KBD2250W] UNSUPPORTED SYNC INST: U0_M0_F1.U0_M0_F1_core.core_chip_dut.icore_sys.izebu_axi_xtor.master_node_i.sqnod21802.sqnod1818.sqnod845601.zebu_bb_zmem_tm_zz_Encrypt_6_ZMEM_0_w0, CLK: IN_SYNC_1
      [KBD2250W] UNSUPPORTED SYNC INST: U0_M0_F1.U0_M0_F1_core.core_chip_dut.icore_sys.izebu_axi_xtor.master_node_i.sqnod21802.sqnod1818.sqnod845601.zebu_bb_zmem_tm_zz_Encrypt_6_ZMEM_0_r1, CLK: IN_SYNC_1
      [KBD2250W] UNSUPPORTED SYNC INST: U0_M0_F1.U0_M0_F1_core.core_chip_dut.icore_sys.ialb_mss_mem.u_rgon0_mem_inst.u_alb_mss_mem_ram.mem_r.zebu_bb_zmem_tm_alb_mss_fpga_sram_0000_ZMEM_mem_r_rw0, CLK: IN_SYNC_2
      [KBD2250W] UNSUPPORTED SYNC INST: U0_M0_F1.U0_M0_F1_core.core_chip_dut.icore_sys.ialb_mss_mem.u_rgon0_mem_inst.u_alb_mss_mem_ram.mem_r.i_ZRM.latency_addra_0, CLK: CLK
      [KBD2250W] UNSUPPORTED SYNC INST: U0_M0_F1.U0_M0_F1_core.core_chip_dut.icore_sys.ialb_mss_mem.u_rgon0_mem_inst.u_alb_mss_mem_ram.mem_r.i_ZRM.latency_addra_1, CLK: CLK
      [KBD2250W] UNSUPPORTED SYNC INST: U0_M0_F1.U0_M0_F1_core.core_chip_dut.icore_sys.ialb_mss_mem.u_rgon0_mem_inst.u_alb_mss_mem_ram.mem_r.i_ZRM.latency_addra_2, CLK: CLK
      [KBD2250W] UNSUPPORTED SYNC INST: U0_M0_F1.U0_M0_F1_core.core_chip_dut.icore_sys.ialb_mss_mem.u_rgon0_lat_inst.u_mem_bus_lat.i_bdel_mem.zebu_bb_zmem_tm_alb_mss_mem_lat_0000_ZMEM_i_bdel_mem_w0, CLK: IN_SYNC_1
      [KBD2250W] UNSUPPORTED SYNC INST: U0_M0_F1.U0_M0_F1_core.core_chip_dut.icore_sys.ialb_mss_mem.u_rgon0_lat_inst.u_mem_bus_lat.i_rdel_mem.zebu_bb_zmem_tm_alb_mss_mem_lat_0000_ZMEM_i_rdel_mem_w0, CLK: IN_SYNC_1
      [KBD2250W] UNSUPPORTED SYNC INST: U0_M0_F1.U0_M0_F1_core.core_chip_dut.icore_sys.iarchipelago.iesrams_rl_srams.u_dccm_odd.u_DCCM_sram.mem_r.zebu_bb_zmem_tm_fpga_sram_0002_0000_ZMEM_mem_r_w0, CLK: IN_SYNC_1
      [KBD2250W] UNSUPPORTED SYNC INST: U0_M0_F1.U0_M0_F1_core.core_chip_dut.icore_sys.iarchipelago.iesrams_rl_srams.u_dccm_even.u_DCCM_sram.mem_r.zebu_bb_zmem_tm_fpga_sram_0002_0000_ZMEM_mem_r_w0, CLK: IN_SYNC_1
      [KBD2250W] UNSUPPORTED SYNC INST: U0_M0_F1.U0_M0_F1_core.core_chip_dut.icore_sys.iarchipelago.iesrams_rl_srams.u_ic_data_ram.u_ic_data_ram.mem_r.zebu_bb_zmem_tm_fpga_sram_0001_ZMEM_mem_r_w0, CLK: IN_SYNC_1
      [KBD2250W] UNSUPPORTED SYNC INST: U0_M0_F1.U0_M0_F1_core.core_chip_dut.icore_sys.iarchipelago.iesrams_rl_srams.u_ic_tag_ram.u_ic_tag_ram.mem_r.zebu_bb_zmem_tm_fpga_sram_0000_ZMEM_mem_r_w0, CLK: IN_SYNC_1
      [KBD2250W] UNSUPPORTED SYNC INST: U0_M0_F1.U0_M0_F1_core.core_chip_dut.icore_sys.iarchipelago.iesrams_rl_srams.u_iccm0_even.u_iccm0_sram.mem_r.zebu_bb_zmem_tm_fpga_sram_0002_ZMEM_mem_r_w0, CLK: IN_SYNC_1
      [KBD2309W] current architecture is ZS5, EP1 delay model will be used before a specific delay model is available for this architecture
      [KBD2092W] Using ZFILTER_ENABLE_PATH on 'timing' command might increase the longest filter path
      [KBD2093W] Using ZFILTER_ASYNC_SET_RESET_PATH on 'timing' command might increase the longest filter path
      [KBD2160W] Using ZFILTER_FETCH_FEEDBACK on 'timing' command might increase the longest filter path
      [KBD2092W] Using ZFILTER_ENABLE_PATH on 'timing' command might increase the longest filter path
      [KBD2093W] Using ZFILTER_ASYNC_SET_RESET_PATH on 'timing' command might increase the longest filter path
      [KBD2160W] Using ZFILTER_FETCH_FEEDBACK on 'timing' command might increase the longest filter path
  Place and route system
    Warning
      [OPTDB01] Use of the environment variable 'ZEBU_ENABLE_NEW_ZTDB_RB' will be deprecated in a future release, please use 'set_app_var public::ztdb_rb_api 1' in your utf/tcl file.
      [KPR1518W] This command will be deprecated in the next major release after ZEBU20.03.
      [KPR1897W] The medium routing effort command is renamed by default.
      [KPR1571W] Environment variable "ZEBU_NO_LOCAL_RTB_ROUTING" will be deprecated in the next major release after ZEBU20.03.
      [KPR1572W] Environment variable "ZEBU_NO_LOCAL_RTB_ROUTING" will be deprecated in the next major release after ZEBU20.03.
      [KTM0560W] zTime_clock_domain.cds not found
      [KTM0769W] Timing analysis command 'set_advanced_asynchronous_set_reset_analysis' is deprecated, use optionsDB variable timing_advanced_async_set_reset_analysis instead.
      [ZTCL0307W] ZMetrics : Id 'Delay before ZAP' is already used
      [ZTCL0307W] ZMetrics : Id 'Delay after TDFDR' is already used
  TimingDB
    Warning
      [OPTDB01] Use of the environment variable 'ZEBU_ENABLE_NEW_ZTDB_RB' will be deprecated in a future release, please use 'set_app_var public::ztdb_rb_api 1' in your utf/tcl file.
      [KTM0560W] zTime_clock_domain.cds not found
      [KTM0769W] Timing analysis command 'set_advanced_asynchronous_set_reset_analysis' is deprecated, use optionsDB variable timing_advanced_async_set_reset_analysis instead.
      [KTM0822W] Cannot find clock domain clock 0.A_MASTER_CYCLE_BEFORE_DRIVERCLOCK (clear 0., preset 0.) 1 0 3 for node U0.M0.F00.F01_ts_clkbus_in[7]
      [KTM0822W] Cannot find clock domain clock 0.A_MASTER_CYCLE_BEFORE_DRIVERCLOCK (clear 0., preset 0.) 1 0 3 for node U0.M0.F00.zcbsplt_17683760033340913968
      [KTM0822W] Cannot find clock domain clock 0.A_MASTER_CYCLE_BEFORE_DRIVERCLOCK (clear 0., preset 0.) 1 0 3 for node U0.M0.F00.zcbsplt_4615901352719420397
      [KTM0822W] Cannot find clock domain clock 0.A_MASTER_CYCLE_BEFORE_DRIVERCLOCK (clear 0., preset 0.) 1 0 3 for node U0.M0.F00.zcbsplt_10563144985268597479
      [KTM0822W] Cannot find clock domain clock 0.A_MASTER_CYCLE_BEFORE_DRIVERCLOCK (clear 0., preset 0.) 1 0 3 for node U0.M0.F00.zcbsplt_4235327683240035090
      [KTM0822W] Cannot find clock domain clock 0.A_MASTER_CYCLE_BEFORE_DRIVERCLOCK (clear 0., preset 0.) 1 0 3 for node U0.M0.F00.zcbsplt_3830294243856125173
      [KTM0822W] Cannot find clock domain clock 0.A_MASTER_CYCLE_BEFORE_DRIVERCLOCK (clear 0., preset 0.) 1 0 3 for node U0.M0.F00.zcbsplt_3984315081942884252
      [KTM0822W] Cannot find clock domain clock 0.A_MASTER_CYCLE_BEFORE_DRIVERCLOCK (clear 0., preset 0.) 1 0 3 for node U0.M0.F00.zcbsplt_346178806364307449
      [KTM0822W] Cannot find clock domain clock 0.A_MASTER_CYCLE_BEFORE_DRIVERCLOCK (clear 0., preset 0.) 1 0 3 for node U0.M0.F00.zcbsplt_7900767817217595736
      [KTM0822W] Cannot find clock domain clock 0.A_MASTER_CYCLE_BEFORE_DRIVERCLOCK (clear 0., preset 0.) 1 0 3 for node U0.M0.F00.zcbsplt_15243191125415055743
      [KTM0822W] Cannot find clock domain clock 0.A_MASTER_CYCLE_BEFORE_DRIVERCLOCK (clear 0., preset 0.) 1 0 3 for node U0.M0.F00.zcbsplt_15822658261462781398
      [KTM0822W] Cannot find clock domain clock 0.A_MASTER_CYCLE_BEFORE_DRIVERCLOCK (clear 0., preset 0.) 1 0 3 for node U0.M0.F00.zcbsplt_2386550705448559505
      [KTM0822W] Cannot find clock domain clock 0.A_MASTER_CYCLE_BEFORE_DRIVERCLOCK (clear 0., preset 0.) 1 0 3 for node U0.M0.F00.zcbsplt_6774488396189771154
      [KTM0822W] Cannot find clock domain clock 0.A_MASTER_CYCLE_BEFORE_DRIVERCLOCK (clear 0., preset 0.) 1 0 3 for node U0.M0.F01.F01_ts_clkbus_in[8]
      [KTM0822W] Cannot find clock domain clock 0.A_MASTER_CYCLE_BEFORE_DRIVERCLOCK (clear 0., preset 0.) 1 0 3 for node U0.M0.F00.zcbsplt_9381608657414026840
      [KTM0822W] Cannot find clock domain clock 0.A_MASTER_CYCLE_BEFORE_DRIVERCLOCK (clear 0., preset 0.) 1 0 3 for node U0.M0.F00.zcbsplt_8820522856797679042
      [KTM0822W] Cannot find clock domain clock 0.A_MASTER_CYCLE_BEFORE_DRIVERCLOCK (clear 0., preset 0.) 1 0 3 for node U0.M0.F00.zcbsplt_14351285661933920593
      [KTM0822W] Cannot find clock domain clock 0.A_MASTER_CYCLE_BEFORE_DRIVERCLOCK (clear 0., preset 0.) 1 0 3 for node U0.M0.F00.zcbsplt_8496018540919577243
      [KTM0822W] Cannot find clock domain clock 0.A_MASTER_CYCLE_BEFORE_DRIVERCLOCK (clear 0., preset 0.) 1 0 3 for node U0.M0.F00.zcbsplt_7537740905665114294
      [KTM0822W] Cannot find clock domain clock 0.A_MASTER_CYCLE_BEFORE_DRIVERCLOCK (clear 0., preset 0.) 1 0 3 for node U0.M0.F00.zcbsplt_9874427958930599883
      [KTM0822W] Cannot find clock domain clock 0.A_MASTER_CYCLE_BEFORE_DRIVERCLOCK (clear 0., preset 0.) 1 0 3 for node U0.M0.F00.zcbsplt_1363936433540621605
      [KTM0822W] Cannot find clock domain clock 0.A_MASTER_CYCLE_BEFORE_DRIVERCLOCK (clear 0., preset 0.) 1 0 3 for node U0.M0.F00.zcbsplt_2951204365075976037
      [KTM0822W] Cannot find clock domain clock 0.A_MASTER_CYCLE_BEFORE_DRIVERCLOCK (clear 0., preset 0.) 1 0 3 for node U0.M0.F00.zcbsplt_17501392680794861390
      [KTM0822W] Cannot find clock domain clock 0.A_MASTER_CYCLE_BEFORE_DRIVERCLOCK (clear 0., preset 0.) 1 0 3 for node U0.M0.F00.zcbsplt_5994554879341424662
      [KTM0822W] Cannot find clock domain clock 0.A_MASTER_CYCLE_BEFORE_DRIVERCLOCK (clear 0., preset 0.) 1 0 3 for node U0.M0.F00.zcbsplt_11878020862803189657
      [KTM0822W] Cannot find clock domain clock 0.A_MASTER_CYCLE_BEFORE_DRIVERCLOCK (clear 0., preset 0.) 1 0 3 for node U0.M0.F00.zcbsplt_7979316453246418362
      [KTM0822W] Cannot find clock domain clock 0.A_MASTER_CYCLE_BEFORE_DRIVERCLOCK (clear 0., preset 0.) 1 0 3 for node U0.M0.F00.zcbsplt_11741619952856858099
      [KTM0822W] Cannot find clock domain clock 0.A_MASTER_CYCLE_BEFORE_DRIVERCLOCK (clear 0., preset 0.) 1 0 3 for node U0.M0.F00.zcbsplt_7215169931398036968
      [KTM0822W] Cannot find clock domain clock 0.A_MASTER_CYCLE_BEFORE_DRIVERCLOCK (clear 0., preset 0.) 1 0 3 for node U0.M0.F00.zcbsplt_5480973022819466473
      [KTM0822W] Cannot find clock domain clock 0.A_MASTER_CYCLE_BEFORE_DRIVERCLOCK (clear 0., preset 0.) 1 0 3 for node U0.M0.F00.zcbsplt_16313754172334808327
      [KTM0822W] Cannot find clock domain clock 0.A_MASTER_CYCLE_BEFORE_DRIVERCLOCK (clear 0., preset 0.) 1 0 3 for node U0.M0.F00.zcbsplt_9998007281709205214
      [KTM0822W] Cannot find clock domain clock 0.A_MASTER_CYCLE_BEFORE_DRIVERCLOCK (clear 0., preset 0.) 1 0 3 for node U0.M0.F00.zcbsplt_5590949607437080138
      [KTM0822W] Cannot find clock domain clock 0.A_MASTER_CYCLE_BEFORE_DRIVERCLOCK (clear 0., preset 0.) 1 0 3 for node U0.M0.F00.zcbsplt_17235533021953005794
      [KTM0822W] Cannot find clock domain clock 0.A_MASTER_CYCLE_BEFORE_DRIVERCLOCK (clear 0., preset 0.) 1 0 3 for node U0.M0.F00.zcbsplt_2112739098195069504
      [KTM0824W] Cannot find clock domain clock 0.124924 (clear 0., preset 0.) 1 0 1 for node U0.M0.F01.zcbsplt_17683760033340913968 (Node93)
      [KTM0824W] Cannot find clock domain clock 0.124925 (clear 0., preset 0.) 1 0 1 for node U0.M0.F01.zcbsplt_17683760033340913968 (Node93)
      [KTM0824W] Cannot find clock domain clock 0.124924 (clear 0., preset 0.) 1 0 1 for node U0.M0.F01.zcbsplt_4615901352719420397 (Node33)
      [KTM0824W] Cannot find clock domain clock 0.124925 (clear 0., preset 0.) 1 0 1 for node U0.M0.F01.zcbsplt_4615901352719420397 (Node33)
      [KTM0824W] Cannot find clock domain clock 0.124764 (clear 0., preset 0.) 1 0 1 for node U0.M0.F01.zcbsplt_4615901352719420397 (Node33)
      [KTM0824W] Cannot find clock domain clock 0.124924 (clear 0., preset 0.) 1 0 1 for node U0.M0.F01.zcbsplt_10563144985268597479 (Node125)
      [KTM0824W] Cannot find clock domain clock 0.124925 (clear 0., preset 0.) 1 0 1 for node U0.M0.F01.zcbsplt_10563144985268597479 (Node125)
      [KTM0824W] Cannot find clock domain clock 0.124924 (clear 0., preset 0.) 1 0 1 for node U0.M0.F01.zcbsplt_3830294243856125173 (Node37)
      [KTM0824W] Cannot find clock domain clock 0.124925 (clear 0., preset 0.) 1 0 1 for node U0.M0.F01.zcbsplt_3830294243856125173 (Node37)
      [KTM0824W] Cannot find clock domain clock 0.124924 (clear 0., preset 0.) 1 0 1 for node U0.M0.F01.zcbsplt_4235327683240035090 (Node129)
      [KTM0824W] Cannot find clock domain clock 0.124925 (clear 0., preset 0.) 1 0 1 for node U0.M0.F01.zcbsplt_4235327683240035090 (Node129)
      [KTM0824W] Cannot find clock domain clock 0.124924 (clear 0., preset 0.) 1 0 1 for node U0.M0.F01.zcbsplt_3984315081942884252 (Node133)
      [KTM0824W] Cannot find clock domain clock 0.124925 (clear 0., preset 0.) 1 0 1 for node U0.M0.F01.zcbsplt_3984315081942884252 (Node133)
      [KTM0824W] Cannot find clock domain clock 0.124924 (clear 0., preset 0.) 1 0 1 for node U0.M0.F01.zcbsplt_1363936433540621605 (Node137)
      [KTM0824W] Cannot find clock domain clock 0.124925 (clear 0., preset 0.) 1 0 1 for node U0.M0.F01.zcbsplt_1363936433540621605 (Node137)
      [KTM0824W] Cannot find clock domain clock 0.124924 (clear 0., preset 0.) 1 0 1 for node U0.M0.F01.zcbsplt_346178806364307449 (Node153)
      [KTM0824W] Cannot find clock domain clock 0.124925 (clear 0., preset 0.) 1 0 1 for node U0.M0.F01.zcbsplt_346178806364307449 (Node153)
      [KTM0824W] Cannot find clock domain clock 0.124924 (clear 0., preset 0.) 1 0 1 for node U0.M0.F01.zcbsplt_7900767817217595736 (Node69)
      [KTM0824W] Cannot find clock domain clock 0.124925 (clear 0., preset 0.) 1 0 1 for node U0.M0.F01.zcbsplt_7900767817217595736 (Node69)
      [KTM0824W] Cannot find clock domain clock 0.124924 (clear 0., preset 0.) 1 0 1 for node U0.M0.F01.zcbsplt_15243191125415055743 (Node157)
      [KTM0824W] Cannot find clock domain clock 0.124925 (clear 0., preset 0.) 1 0 1 for node U0.M0.F01.zcbsplt_15243191125415055743 (Node157)
      [KTM0824W] Cannot find clock domain clock 0.124924 (clear 0., preset 0.) 1 0 1 for node U0.M0.F01.zcbsplt_15822658261462781398 (Node73)
      [KTM0824W] Cannot find clock domain clock 0.124925 (clear 0., preset 0.) 1 0 1 for node U0.M0.F01.zcbsplt_15822658261462781398 (Node73)
      [KTM0824W] Cannot find clock domain clock 0.124924 (clear 0., preset 0.) 1 0 1 for node U0.M0.F01.zcbsplt_2386550705448559505 (Node77)
      [KTM0824W] Cannot find clock domain clock 0.124925 (clear 0., preset 0.) 1 0 1 for node U0.M0.F01.zcbsplt_2386550705448559505 (Node77)
      [KTM0824W] Cannot find clock domain clock 0.124924 (clear 0., preset 0.) 1 0 1 for node U0.M0.F01.zcbsplt_16313754172334808327 (Node81)
      [KTM0824W] Cannot find clock domain clock 0.124925 (clear 0., preset 0.) 1 0 1 for node U0.M0.F01.zcbsplt_16313754172334808327 (Node81)
      [KTM0824W] Cannot find clock domain clock 0.124924 (clear 0., preset 0.) 1 0 1 for node U0.M0.F01.zcbsplt_9381608657414026840 (Node97)
      [KTM0824W] Cannot find clock domain clock 0.124925 (clear 0., preset 0.) 1 0 1 for node U0.M0.F01.zcbsplt_9381608657414026840 (Node97)
      [KTM0824W] Cannot find clock domain clock 0.124924 (clear 0., preset 0.) 1 0 1 for node U0.M0.F01.zcbsplt_8820522856797679042 (Node113)
      [KTM0824W] Cannot find clock domain clock 0.124925 (clear 0., preset 0.) 1 0 1 for node U0.M0.F01.zcbsplt_8820522856797679042 (Node113)
      [KTM0824W] Cannot find clock domain clock 0.124924 (clear 0., preset 0.) 1 0 1 for node U0.M0.F01.zcbsplt_14351285661933920593 (Node101)
      [KTM0824W] Cannot find clock domain clock 0.124925 (clear 0., preset 0.) 1 0 1 for node U0.M0.F01.zcbsplt_14351285661933920593 (Node101)
      [KTM0824W] Cannot find clock domain clock 0.124924 (clear 0., preset 0.) 1 0 1 for node U0.M0.F01.zcbsplt_8496018540919577243 (Node117)
      [KTM0824W] Cannot find clock domain clock 0.124925 (clear 0., preset 0.) 1 0 1 for node U0.M0.F01.zcbsplt_8496018540919577243 (Node117)
      [KTM0824W] Cannot find clock domain clock 0.124924 (clear 0., preset 0.) 1 0 1 for node U0.M0.F01.zcbsplt_9874427958930599883 (Node121)
      [KTM0824W] Cannot find clock domain clock 0.124925 (clear 0., preset 0.) 1 0 1 for node U0.M0.F01.zcbsplt_9874427958930599883 (Node121)
      [KTM0824W] Cannot find clock domain clock 0.124924 (clear 0., preset 0.) 1 0 1 for node U0.M0.F01.F01_ts_clkbus_out[6] (Node21)
      [KTM0824W] Cannot find clock domain clock 0.124925 (clear 0., preset 0.) 1 0 1 for node U0.M0.F01.F01_ts_clkbus_out[6] (Node21)
      [KTM0824W] Cannot find clock domain clock 0.124764 (clear 0., preset 0.) 1 0 1 for node U0.M0.F01.F01_ts_clkbus_out[6] (Node21)
      [KTM0824W] Cannot find clock domain clock 0.124924 (clear 0., preset 0.) 1 0 1 for node U0.M0.F01.zcbsplt_7537740905665114294 (Node105)
      [KTM0824W] Cannot find clock domain clock 0.124925 (clear 0., preset 0.) 1 0 1 for node U0.M0.F01.zcbsplt_7537740905665114294 (Node105)
      [KTM0824W] Cannot find clock domain clock 0.124924 (clear 0., preset 0.) 1 0 1 for node U0.M0.F01.zcbsplt_6774488396189771154 (Node109)
      [KTM0824W] Cannot find clock domain clock 0.124925 (clear 0., preset 0.) 1 0 1 for node U0.M0.F01.zcbsplt_6774488396189771154 (Node109)
      [KTM0824W] Cannot find clock domain clock 0.124924 (clear 0., preset 0.) 1 0 1 for node U0.M0.F01.zcbsplt_17501392680794861390 (Node141)
      [KTM0824W] Cannot find clock domain clock 0.124925 (clear 0., preset 0.) 1 0 1 for node U0.M0.F01.zcbsplt_17501392680794861390 (Node141)
      [KTM0824W] Cannot find clock domain clock 0.124924 (clear 0., preset 0.) 1 0 1 for node U0.M0.F01.zcbsplt_5994554879341424662 (Node57)
      [KTM0824W] Cannot find clock domain clock 0.124925 (clear 0., preset 0.) 1 0 1 for node U0.M0.F01.zcbsplt_5994554879341424662 (Node57)
      [KTM0824W] Cannot find clock domain clock 0.124924 (clear 0., preset 0.) 1 0 1 for node U0.M0.F01.zcbsplt_11878020862803189657 (Node145)
      [KTM0824W] Cannot find clock domain clock 0.124925 (clear 0., preset 0.) 1 0 1 for node U0.M0.F01.zcbsplt_11878020862803189657 (Node145)
      [KTM0824W] Cannot find clock domain clock 0.124924 (clear 0., preset 0.) 1 0 1 for node U0.M0.F01.zcbsplt_7979316453246418362 (Node61)
      Too many warnings with id 'KTM0824W', they won't be printed anymore.
      [KTM0856W] drive_out_filter_paths is deprecated in fetch mode plus zCoreTiming flow
      [KTM0857W] dump_csv_memory_path_report is deprecated in zCoreTiming flow
