***********************************************************************************************************************
* Please switch to new profiler report in compilationReport.txt that provides more details to review your compilation *
***********************************************************************************************************************

.. Command: /slowfs/us01dwslow023/fpga/lianghao/zebu_install/ZEBU/VCS2021.09.2.ZEBU.B4/07052024/INSTALL/ZEBU/zebu/S-2021.09-2-TZ-20240507_Full64/bin/tracean3.py --top-delay=5 --syn-details=5 --pr-summary-by-time=5 --hhmm --local-time=detect --show-memory --fix-graph --cpu-time /remote/sdgedt/tools/reem/ZebuS5_oiginal/zebu_ifx_mini_rattle_6649a592_20250509/build/zcui.work
.. Reading /remote/sdgedt/tools/reem/ZebuS5_oiginal/zebu_ifx_mini_rattle_6649a592_20250509/build/zcui.work/zCui/backup/multibackend_25_5_13_18_25_38/prof/tracerun.cui ...
.. Detected --work=/remote/sdgedt/tools/reem/ZebuS5_oiginal/zebu_ifx_mini_rattle_6649a592_20250509/build/zcui.work/.
.. Detected --submit-host=us01odcvde23280
.. Detected --submit-command=bsub
.. Detected local time offset of 3.0 hours
.. The first task started at Tue, 13 May 2025 15:25:41 UTC

*** Incremental = No ***

Grade  Bogomips  Cache   Count  CPU model (sample machine)
-----  --------  ------  -----  --------------------------
 1.00      4499     512      5  AMD EPYC 9754 128-Core Processor (zebutrain-4763-002)
 1.07      4799     512      2  AMD EPYC 9654P 96-Core Processor (odcbench-00003-0035)
 1.16      5199     512      1  AMD EPYC 7513 32-Core Processor (fpga-4001-003)
 1.24      5599     512      5  AMD EPYC 7543 32-Core Processor (odczebu-4535-001)
 2.00      4500    1024      1  AMD EPYC 9754 128-Core Processor (us01odcvde23280)
35.56      5000   16384      1  INTEL(R) XEON(R) GOLD 6548Y+ (us01zebu-4587-002)
53.34      4799   25600      2  Intel(R) Xeon(R) CPU E5-2640 v4 @ 2.40GHz (vgzeburtdc273)

** Added a missing P&R -> Post-Process Global DB dependency
** UNKNOWN COMMAND: Bundle_for_queue_ZebuIse_00001 (duration: 42, grid delay: 35)
** UNKNOWN COMMAND: Bundle_for_queue_ZebuIse_00002 (duration: 33, grid delay: 35)

======================================================================
*** Back-end name: default backend ***

Critical path, based on actual execution timing
===============================================

Elapsed  %total   SElapsed   SE/E  CPUtime  Stage
-------  ------  ----------------  -------  -----
   0:00   0.74%       0:00    1.1    0:00  Checks + config
   0:00   1.12%       0:00    1.0    0:00  Build Fs Macro Library
   0:01   1.93%       0:01    1.0    0:00  Launch VCS
   0:01   2.10%       0:25   19.2    0:02  FE + synthesis
   0:01   1.72%       0:01    1.0    0:00  RTL DB index + link
   0:01   1.78%       0:01    1.0    0:01  Build System
   0:03   5.05%       0:03    1.0    0:04  Build zCore
   0:01   1.66%       0:01    1.0    0:00  Place and Route System
   0:00   0.14%       0:00    1.0    0:00  FPGA Multi Bin Predictor
   0:48  76.97%       0:48    1.0    1:29  P&R
   0:01   2.18%       0:01    1.0    0:03  Create Timing DB (SDF Mode)
   0:00   0.87%       0:00    1.0    0:00  Create Timing DB (post FPGA)
   0:00   0.50%       0:00    1.0    0:00  zPertagram (post FPGA)
-------  ------  ----------------  -------  -----
   1:00  96.77%       1:24    1.4  * Total *

Columns:
- Elapsed: the difference between Finish and Submit times [hh:mm].
- %total: the percentage of Elapsed time in overall compilation. Note that
  it may add up to less than 100% if there were any gaps between Finish and
  Submit times of successive stages.
- SElapsed: sum of Elapsed times for all tasks constituting the stage. It
  may be greater than Elapsed if some or all of these tasks were executed
  in parallel [hh:mm].
- SE/E: equal to SElapsed/Elapsed. A value greater than 1.0 indicates that
  tasks were executed in parallel.
- CPUtime: the CPUtime of each task in the stage
Critical path, assuming timing without scheduling or grid delays
================================================================

Elapsed  %total   SElapsed   SE/E  CPUtime  Stage
-------  ------  ----------------  -------  -----
   0:00   0.10%       0:00    2.1    0:00  Checks + config
   0:00   0.03%       0:00    1.0    0:00  Build Fs Macro Library
   0:00   1.20%       0:00    1.0    0:00  Launch VCS
   0:00   0.96%       0:03    5.9    0:02  FE + synthesis
   0:00   0.22%       0:00    1.0    0:00  RTL DB index + link
   0:00   0.71%       0:00    1.0    0:01  Build System
   0:02   4.91%       0:02    1.0    0:04  Build zCore
   0:00   0.32%       0:00    1.0    0:00  Place and Route System
   0:00   0.16%       0:00    1.0    0:00  FPGA Multi Bin Predictor
   0:47  89.00%       0:47    1.0    1:29  P&R
   0:01   1.99%       0:01    1.0    0:03  Create Timing DB (SDF Mode)
   0:00   0.11%       0:00    1.0    0:00  Create Timing DB (post FPGA)
   0:00   0.29%       0:00    1.0    0:00  zAudit Report
-------  ------  ----------------  -------  -----
   0:53 100.00%       0:55    1.0  * Total *


Critical path, assuming timing without delays, no PARFF and >= 100% CPU usage
=============================================================================

Note: this section lists the same stages as the previous one.

Elapsed  %total   SElapsed   SE/E  CPUtime  Stage
-------  ------  ----------------  -------  -----
   0:00   0.06%       0:00    2.0    0:00  Checks + config
   0:00   0.01%       0:00    1.0    0:00  Build Fs Macro Library
   0:00   1.22%       0:00    1.0    0:00  Launch VCS
   0:00   0.92%       0:02    4.5    0:02  FE + synthesis
   0:00   0.06%       0:00    1.0    0:00  RTL DB index + link
   0:00   0.72%       0:00    1.0    0:01  Build System
   0:02   5.00%       0:02    1.0    0:04  Build zCore
   0:00   0.25%       0:00    1.0    0:00  Place and Route System
   0:00   0.10%       0:00    1.0    0:00  FPGA Multi Bin Predictor
   0:47  89.52%       0:47    1.0    1:29  P&R
   0:01   2.02%       0:01    1.0    0:03  Create Timing DB (SDF Mode)
   0:00   0.02%       0:00    1.0    0:00  Create Timing DB (post FPGA)
   0:00   0.11%       0:00    1.0    0:00  zAudit Report
-------  ------  ----------------  -------  -----
   0:52 100.00%       0:54    1.0  * Total *


Major compilation stages, ordered by submit time
================================================

Submit Elapsd %total   SExec  SE/E Tasks    %CPU Grade  Stage
------ ------------- ------------- -------------------  -----
 18:25   0:00   0.74    0:00   0.2     5   57.00  1.96  Checks + config
 18:26   0:00   1.12    0:00   0.0     1   31.07  1.00  Build Fs Macro Library
 18:27   0:01   1.93    0:00   0.5     1  133.55  1.24  Launch VCS
 18:29   0:00   1.40    0:00   0.0     1   29.46 53.34  Launch Verdi
 18:29   0:01   2.10    0:03   2.3    28   72.95 30.95  FE + synthesis
 18:29   0:00   0.08    0:00   1.0     1    5.68  2.00  Compilation Profiler (after VCSAnalyzer)
 18:29   0:00   1.24    0:00   0.0     1   32.19  1.00  Build Rhino Fsdb
 18:30   0:00   0.02    0:00   1.0     1   25.64  2.00  Compilation Profiler (after BackendEntry)
 18:30   0:00   0.03    0:00   1.0     1   25.51  2.00  Make optionsdb dump
 18:30   0:00   1.10    0:00   0.0     1   15.15  1.24  Make VCS file links
 18:30   0:01   1.72    0:00   0.1     2   27.89  1.23  RTL DB index + link
 18:31   0:00   1.25    0:00   0.1     1   21.66  1.24  Make RTL DB for Run Time
 18:31   0:01   1.78    0:00   0.3     1  275.98  1.24  Build System
 18:32   0:00   0.03    0:00   1.0     1   20.19  2.00  Compilation Profiler (after ZTopBuildAnalyzer)
 18:32   0:00   1.04    0:00   0.2     1  287.17 53.34  Build Equipotentials
 18:32   0:00   1.06    0:00   0.2     1   85.59 53.34  Convert Netlist
 18:32   0:03   5.05    0:02   0.8     1  180.65 53.34  Build zCore
 18:33   0:01   1.85    0:00   0.1     1  133.33  1.00  Simulate Graphs
 18:36   0:01   1.66    0:00   0.2     1   76.65  1.00  Place and Route System
 18:37   0:00   0.14    0:00   1.0     1   60.27  2.00  FPGA Multi Bin Predictor
 18:37   0:00   0.02    0:00   1.0     1   22.35  2.00  Compilation Profiler (after ZParAnalyzer)
 18:37   0:21  33.88    0:20   1.0     2  147.71 35.56  P&R
 18:37   0:48  76.97    0:47   1.0     2  187.37 35.56  P&R
 18:37   0:00   0.76    0:00   0.1     1   12.46 35.56  Create Timing DB
 18:38   0:00   0.62    0:00   0.2     1   63.68  1.24  zPertagram
 18:58   0:01   1.63    0:00   0.5     1  248.30  1.24  Create Timing DB (SDF Mode)
 19:25   0:00   0.67    0:00   0.3     1   71.60  1.24  FPGA PaRs Analyzer
 19:25   0:01   2.18    0:01   0.8     1  323.44  1.24  Create Timing DB (SDF Mode)
 19:25   0:00   0.73    0:00   0.4     1  117.22  1.24  Create Global DB
 19:26   0:00   1.16    0:00   0.0     1   11.48  1.07  Run zPRD
 19:26   0:00   1.21    0:00   0.1     1   56.03  1.07  Post-Process Global DB
 19:27   0:00   0.87    0:00   0.1     1   16.52  1.16  Create Timing DB (post FPGA)
 19:27   0:00   0.25    0:00   1.0     1   35.75  2.00  zAudit Report
 19:27   0:00   0.50    0:00   0.2     1   86.01  1.16  zPertagram (post FPGA)

Columns:
- Submit: the submit time of the first task in the stage [hh:mm].
- Elapsd: the duration of the stage, based on actual timing [hh:mm].
- %total: the percentage of Elapsd time in overall compilation.
- SExec: sum of execution times (excluding scheduling and grid delays) for
  all tasks constituting the stage. It may be greater than Elapsd if some
  or all of these tasks were executed in parallel [hh:mm].
- SE/E: equal to SExec/Elapsd. A value greater than 1.0 indicates that
  tasks were executed in parallel.
- %CPU: average CPU utilization: total CPU time divided by SExec.
- Grade: average host grade.


Memory usage:  Max Resident Set Size [MB]
Known Unknown  Min      Avg      Max      Stage
----- -------  -------- -------- -------- -----
    5       0      17.2    134.9    264.0 Checks + config
    1       0      82.9     82.9     82.9 Build Fs Macro Library
    1       0     749.0    749.0    749.0 Launch VCS
    1       0     121.8    121.8    121.8 Launch Verdi
   28       0      95.1    135.2    386.7 FE + synthesis
    1       0      20.1     20.1     20.1 Compilation Profiler (after VCSAnalyzer)
    1       0     102.5    102.5    102.5 Build Rhino Fsdb
    1       0      20.1     20.1     20.1 Compilation Profiler (after BackendEntry)
    1       0      51.9     51.9     51.9 Make optionsdb dump
    1       0      51.5     51.5     51.5 Make VCS file links
    2       0      51.6     97.3    143.0 RTL DB index + link
    1       0      51.7     51.7     51.7 Make RTL DB for Run Time
    1       0    3463.7   3463.7   3463.7 Build System
    1       0      20.1     20.1     20.1 Compilation Profiler (after ZTopBuildAnalyzer)
    1       0     511.3    511.3    511.3 Build Equipotentials
    1       0     537.5    537.5    537.5 Convert Netlist
    1       0   14578.6  14578.6  14578.6 Build zCore
    1       0    1334.0   1334.0   1334.0 Simulate Graphs
    1       0    2625.3   2625.3   2625.3 Place and Route System
    1       0     141.5    141.5    141.5 FPGA Multi Bin Predictor
    1       0      20.1     20.1     20.1 Compilation Profiler (after ZParAnalyzer)
    2       0       4.1   8414.9  16825.7 P&R
    2       0       4.1   9912.9  19821.8 P&R
    1       0     247.0    247.0    247.0 Create Timing DB
    1       0      85.9     85.9     85.9 zPertagram
    1       0    3225.9   3225.9   3225.9 Create Timing DB (SDF Mode)
    1       0      61.7     61.7     61.7 FPGA PaRs Analyzer
    1       0    7207.6   7207.6   7207.6 Create Timing DB (SDF Mode)
    1       0     740.8    740.8    740.8 Create Global DB
    1       0       3.8      3.8      3.8 Run zPRD
    1       0     341.5    341.5    341.5 Post-Process Global DB
    1       0     254.0    254.0    254.0 Create Timing DB (post FPGA)
    1       0      88.1     88.1     88.1 zAudit Report
    1       0      81.6     81.6     81.6 zPertagram (post FPGA)


=== Top 5 tasks with longest grid delays

Sched. Startd Ended   S.dlay Duratn %CPU   Grade RSS [MB]  Task
------ ------ ------  ------ ------ ------ ----- --------  ----
 18:33  18:34  18:34    0:01   0:00 133.33  1.00   1334.0  backend_default_zSimzilla
 18:36  18:37  18:37    0:00   0:00  76.65  1.00   2625.3  backend_default_zPar
 18:29  18:29  18:29    0:00   0:00  29.46 53.34    121.8  Verdi_Compilation
 18:29  18:29  18:29    0:00   0:00  64.40 53.34    103.6  design_Default_RTL_GroupBundle_11_Synthesis
 18:29  18:29  18:30    0:00   0:00  66.36 53.34    140.6  design_Default_RTL_GroupBundle_12_Synthesis


=== P&R Summary (by time)

                                           -- Actual timing --                    W/o grid delay
FPGA name  Win  Tasks R's L's %CPU, Grade  MiF Elapsed  %max    PARFF scheduled   Elapsed %max
---------  ---- ------------- -----------  -------------------  ----------------  --------------
U0_M0_F01  Orig    1         189.38 35.56    1    0:47 100.00%                      0:47 100.00%
U0_M0_F00  Orig    1         151.41 35.56    1    0:20  43.34%                      0:20  42.67%

Columns:
- Win: label of the winning P&R strategy.
- Tasks: number of tasks launched.
- R's: number of task re-runs.
- L's: number of PARFF tasks launched.
- %CPU: average CPU utilization.
- Grade: average host grade.
- MiF: max number of tasks being executed at the same time (Max in Flight).
- Elapsed: elapsed wall time [hh:mm].
- %max: percentage of max Elapsed time of all FPGAs.
- PARFF: the time from the start of P&R and the start of the first PARFF task.

=== Details on task group 'Synthesis' (5 longest tasks out of 28)

Sched. Startd Ended   S.dlay Duratn %CPU   Grade RSS [MB]  Task
------ ------ ------  ------ ------ ------ ----- --------  ----
 18:29  18:29  18:30    0:00   0:00  94.42 53.34    241.4  design_Default_RTL_GroupBundle_22_Synthesis
 18:29  18:29  18:30    0:00   0:00  92.79  1.07    386.7  design_Default_RTL_GroupBundle_0_Synthesis
 18:29  18:29  18:30    0:00   0:00  81.41 53.34    136.4  design_Default_RTL_GroupBundle_5_Synthesis
 18:29  18:29  18:30    0:00   0:00  83.28 53.34    125.1  design_Default_RTL_GroupBundle_25_Synthesis
 18:29  18:29  18:30    0:00   0:00  66.36 53.34    140.6  design_Default_RTL_GroupBundle_12_Synthesis

command exit code is '0'
