***********************************************************************************************************************
* Please switch to new profiler report in compilationReport.txt that provides more details to review your compilation *
***********************************************************************************************************************

.. Command: /slowfs/us01dwslow023/fpga/lianghao/zebu_install/ZEBU/VCS2021.09.2.ZEBU.B4/07052024/INSTALL/ZEBU/zebu/S-2021.09-2-TZ-20240507_Full64/bin/tracean3.py --top-delay=5 --syn-details=5 --pr-summary-by-time=5 --hhmm --local-time=detect --show-memory --fix-graph --cpu-time /remote/sdgedt/tools/reem/ZebuS5_oiginal/zebu_ifx_mini_rattle_6649a592_20250509/build/zcui.work
.. Reading /remote/sdgedt/tools/reem/ZebuS5_oiginal/zebu_ifx_mini_rattle_6649a592_20250509/build/zcui.work/zCui/backup/multibackend_25_5_13_18_25_38/prof/tracerun.cui ...
.. Detected --work=/remote/sdgedt/tools/reem/ZebuS5_oiginal/zebu_ifx_mini_rattle_6649a592_20250509/build/zcui.work/.
.. Detected --submit-host=us01odcvde23280
.. Detected --submit-command=bsub
.. Detected local time offset of 3.0 hours
.. The first task started at Tue, 13 May 2025 15:25:41 UTC
.. No timing info for backend_default_Intermediate_Profiling_Results_Analyzer_VCSAnalyzer (execution)

*** Incremental = No ***

Grade  Bogomips  Cache   Count  CPU model (sample machine)
-----  --------  ------  -----  --------------------------
 1.00      4499     512      1  AMD EPYC 9754 128-Core Processor (zebutrain-4758-009)
 1.24      5599     512      2  AMD EPYC 7543 32-Core Processor (odcgen-zebu-16cx240g-2417-084)
 2.00      4500    1024      1  AMD EPYC 9754 128-Core Processor (us01odcvde23280)

** UNKNOWN COMMAND: backend_default_Intermediate_Profiling_Results_Analyzer_VCSAnalyzer (duration: 0)

======================================================================
*** Back-end name: default backend ***

Critical path, based on actual execution timing
===============================================

Elapsed  %total   SElapsed   SE/E  CPUtime  Stage
-------  ------  ----------------  -------  -----
   0:00  14.47%       0:00    1.1    0:00  Checks + config
   0:00  21.85%       0:00    1.0    0:00  Build Fs Macro Library
   0:01  37.63%       0:01    1.0    0:00  Launch VCS
-------  ------  ----------------  -------  -----
   0:02  73.94%       0:02    1.0  * Total *

Columns:
- Elapsed: the difference between Finish and Submit times [hh:mm].
- %total: the percentage of Elapsed time in overall compilation. Note that
  it may add up to less than 100% if there were any gaps between Finish and
  Submit times of successive stages.
- SElapsed: sum of Elapsed times for all tasks constituting the stage. It
  may be greater than Elapsed if some or all of these tasks were executed
  in parallel [hh:mm].
- SE/E: equal to SElapsed/Elapsed. A value greater than 1.0 indicates that
  tasks were executed in parallel.
- CPUtime: the CPUtime of each task in the stage
Critical path, assuming timing without scheduling or grid delays
================================================================

Note: this section lists the same stages as the previous one.

Elapsed  %total   SElapsed   SE/E  CPUtime  Stage
-------  ------  ----------------  -------  -----
   0:00   7.51%       0:00    2.1    0:00  Checks + config
   0:00   2.42%       0:00    1.0    0:00  Build Fs Macro Library
   0:00  90.08%       0:00    1.0    0:00  Launch VCS
-------  ------  ----------------  -------  -----
   0:00 100.00%       0:00    1.1  * Total *


Critical path, assuming timing without delays, no PARFF and >= 100% CPU usage
=============================================================================

Note: this section lists the same stages as the previous one.

Elapsed  %total   SElapsed   SE/E  CPUtime  Stage
-------  ------  ----------------  -------  -----
   0:00   4.82%       0:00    2.0    0:00  Checks + config
   0:00   0.79%       0:00    1.0    0:00  Build Fs Macro Library
   0:00  94.39%       0:00    1.0    0:00  Launch VCS
-------  ------  ----------------  -------  -----
   0:00 100.00%       0:00    1.0  * Total *


Major compilation stages, ordered by submit time
================================================

Submit Elapsd %total   SExec  SE/E Tasks    %CPU Grade  Stage
------ ------------- ------------- -------------------  -----
 18:25   0:00  14.47    0:00   0.2     5   57.00  1.96  Checks + config
 18:26   0:00  21.85    0:00   0.0     1   31.07  1.00  Build Fs Macro Library
 18:27   0:01  37.63    0:00   0.5     1  133.55  1.24  Launch VCS

Columns:
- Submit: the submit time of the first task in the stage [hh:mm].
- Elapsd: the duration of the stage, based on actual timing [hh:mm].
- %total: the percentage of Elapsd time in overall compilation.
- SExec: sum of execution times (excluding scheduling and grid delays) for
  all tasks constituting the stage. It may be greater than Elapsd if some
  or all of these tasks were executed in parallel [hh:mm].
- SE/E: equal to SExec/Elapsd. A value greater than 1.0 indicates that
  tasks were executed in parallel.
- %CPU: average CPU utilization: total CPU time divided by SExec.
- Grade: average host grade.


Memory usage:  Max Resident Set Size [MB]
Known Unknown  Min      Avg      Max      Stage
----- -------  -------- -------- -------- -----
    5       0      17.2    134.9    264.0 Checks + config
    1       0      82.9     82.9     82.9 Build Fs Macro Library
    1       0     749.0    749.0    749.0 Launch VCS


=== Top 2 tasks with longest grid delays

Sched. Startd Ended   S.dlay Duratn %CPU   Grade RSS [MB]  Task
------ ------ ------  ------ ------ ------ ----- --------  ----
 18:26  18:27  18:27    0:00   0:00  31.07  1.00     82.9  design_Fs_Macro
 18:27  18:28  18:28    0:00   0:00 133.55  1.24    749.0  vcs_splitter_VCS_Task_Builder


