Job <80639576> is submitted to queue <comp>.
<<Waiting for dispatch ...>>
<<Starting on zebutrain-4763-002.static.us01-p08.synopsys.com>>
#      : 
                             /slowfs/us01dwslow023/fpga/lianghao/zebu_install/VCS/VCS2021.09.2.ZEBU.B4/07052024/INSTALL/VCS/vcs/S-2021.09-2-TZ-20240507_Full64/linux64/bin/zGenerateRhinoFsdb

                   Copyright (c) 2019 - 2025 Synopsys, Inc.
     This software and the associated documentation are proprietary to Synopsys
, Inc. This software may only be used in accordance with the terms and conditions
  of a written license agreement with Synopsys, Inc. All other use, reproduction,
              or distribution of this software is strictly prohibited.

# CommandLine  : /slowfs/us01dwslow023/fpga/lianghao/zebu_install/VCS/VCS2021.09.2.ZEBU.B4/07052024/INSTALL/VCS/vcs/S-2021.09-2-TZ-20240507_Full64/linux64/bin/zGenerateRhinoFsdb -z . -l zGenerateRhinoFsdb.log 

# Start Time   : Tue May 13 18:29:50 2025

# Memory Stats :  (VM Peak:124M, Size:124M, RSS:84M, Data:68M)


#      : Reading the Serializing VCS Version
#      : Deserializing names dictionary
#      : Deserializing libraries
#      : Deserializing RTL
#      : Deserializing Gate
#      : Deserializing design object
#      : Populating Dfs Table
#      : [INFO] Loaded design from /remote/sdgedt/tools/reem/ZebuS5_oiginal/zebu_ifx_mini_rattle_6649a592_20250509/build/zcui.work/design/synth_Default_RTL_Group/RTLDB
#      : [INFO] Running Wave Assignment and dumping of novas.fsdb.
#      : Tue May 13 18:29:50 2025 : [INFO] Starting Enumeration of Wave IDs 
#      : Running WaveAssign traversal.
#      : WaveAssign traversal finished without errors.
#      : LibZrtlHandler destructor
#      : End of LibZrtlHandler destructor
#      : Running WaveAssign range merging.
#      : WaveAssign range merging finished without errors.
#      : Dumping Fsdb header.
FSDB Writer, Release Verdi_S-2021.09-SP2-10, RH Linux x86_64/64bit, 05/13/2025
(C) 1996 - 2025 by Synopsys, Inc.
#      : Tue May 13 18:29:51 2025 : [INFO] Enumeration of Wave IDs Ended
#      : [INFO] Enumerated 465596 Wave IDs
command exit code is '0'
