5 0 0
11 0 0
20 0 0
21 0 0
30 0 0
40 0 0
43 0 0
51 0 0
59 0 0
68 0 0
75 0 0
85 0 0
88 0 0
97 0 0
108 0 0
111 0 0
117 0 0
125 0 0
134 0 0
142 0 0
151 0 0
157 0 0
165 1 0
173 0 0
181 0 0
189 0 0
196 0 0
198 0 0
205 0 0
211 0 0
218 0 0
226 0 0
234 0 0
243 0 0
253 0 0
265 0 0
273 0 0
282 0 0
289 0 0
297 0 0
298 0 0
299 0 0
307 0 0
315 0 0
323 0 0
332 0 0
343 0 0
350 0 0
359 0 0
366 0 0
377 0 0
379 0 0
390 0 0
398 0 0
406 0 0
417 0 0
431 0 0
438 0 0
440 0 0
448 0 0
454 0 0
461 0 0
471 0 0
481 0 0
484 0 0
-1 0 0
-4 0 0
