
Note-[SM_PME] Processing Module/Entity
  Processing: mss_bus_switch_ibp_split_0000_0000 Parameterized Name: 
  mss_bus_switch_ibp_split_0000_0000


Note-[SM_IIF] Instance Info
  Instance Count : module 'mss_bus_switch_ibp_split_0000_0000' has 3 instances
  


Note-[SM_PME] Processing Module/Entity
  Processing: alb_mss_mem_lat_0000 Parameterized Name: alb_mss_mem_lat_0000


Warning-[SM_CMP_XZ] Comparison to x/z with === is problematic in hardware
/remote/us01sgnfs00727/arc_fpga/moyanz/Ratter3/template/dw_dbp/zebu_ifx_mini_rattle_6649a592_20250509/build/verilog/alb_mss_mem_lat.v, 170
  Hardware cannot implement an X detector. Expression: ((|i_busp_rdata) === 
  1'bx)
  In all cases (exp === 'x) will evaluate to 'false' for synthesis.
  


Warning-[SM_CMP_XZ] Comparison to x/z with === is problematic in hardware
/remote/us01sgnfs00727/arc_fpga/moyanz/Ratter3/template/dw_dbp/zebu_ifx_mini_rattle_6649a592_20250509/build/verilog/alb_mss_mem_lat.v, 171
  Hardware cannot implement an X detector. Expression: ((|i_busp_rresp) === 
  1'bx)
  In all cases (exp === 'x) will evaluate to 'false' for synthesis.
  


Warning-[SM_CMP_XZ] Comparison to x/z with === is problematic in hardware
/remote/us01sgnfs00727/arc_fpga/moyanz/Ratter3/template/dw_dbp/zebu_ifx_mini_rattle_6649a592_20250509/build/verilog/alb_mss_mem_lat.v, 172
  Hardware cannot implement an X detector. Expression: (i_busp_rlast === 1'bx)
  In all cases (exp === 'x) will evaluate to 'false' for synthesis.
  


Warning-[SM_CMP_XZ] Comparison to x/z with === is problematic in hardware
/remote/us01sgnfs00727/arc_fpga/moyanz/Ratter3/template/dw_dbp/zebu_ifx_mini_rattle_6649a592_20250509/build/verilog/alb_mss_mem_lat.v, 173
  Hardware cannot implement an X detector. Expression: ((|i_busp_bresp) === 
  1'bx)
  In all cases (exp === 'x) will evaluate to 'false' for synthesis.
  


Note-[SM_PME] Processing Module/Entity
  <Message details suppressed due to encrypted design unit>


Note-[SM_IIF] Instance Info
  <Message details suppressed due to encrypted design unit>


Warning-[SM_BNP] Blocking and Non Blocking Assignments in same Process
/global/apps/zebu_vs_2023.03-SP1//vlog/vcs/xtor_t32Jtag_svs.v, 50
  <Message details suppressed due to encrypted design unit>


Warning-[SM_PCNP] Parallel Case not parallel
/global/apps/zebu_vs_2023.03-SP1//vlog/vcs/xtor_t32Jtag_svs.v, 17
  <Message details suppressed due to encrypted design unit>


Warning-[SM_BNDP] Blocking and Non Blocking Assignments in different Processes
  <Message details suppressed due to encrypted design unit>


Warning-[SM_BNDP] Blocking and Non Blocking Assignments in different Processes
  <Message details suppressed due to encrypted design unit>


Note-[SM_PME] Processing Module/Entity
  Processing: alb_mss_fab_ibp2pack_0000 Parameterized Name: 
  alb_mss_fab_ibp2pack_0000


Note-[SM_PME] Processing Module/Entity
  Processing: mss_bus_switch_ibp2single_0000 Parameterized Name: 
  mss_bus_switch_ibp2single_0000


Note-[SM_IIF] Instance Info
  Instance Count : module 'mss_bus_switch_ibp2single_0000' has 3 instances
  


Note-[SM_PME] Processing Module/Entity
  Processing: zceiMessageInPort_2516 Parameterized Name: 
  zceiMessageInPort_2516


Note-[SM_PME] Processing Module/Entity
  Processing: alb_mss_fab_ibp_lat_0000 Parameterized Name: 
  alb_mss_fab_ibp_lat_0000


Note-[SM_IIF] Instance Info
  Instance Count : module 'alb_mss_fab_ibp_lat_0000' has 1 instances
  


Note-[SM_PME] Processing Module/Entity
  Processing: mss_bus_switch_pack2ibp Parameterized Name: 
  mss_bus_switch_pack2ibp


Note-[SM_PME] Processing Module/Entity
  Processing: rl_regfile Parameterized Name: rl_regfile


Note-[SM_PME] Processing Module/Entity
  Processing: alb_mss_fab_ibp_buffer_0000_0007 Parameterized Name: 
  alb_mss_fab_ibp_buffer_0000_0007


Note-[SM_IIF] Instance Info
  Instance Count : module 'alb_mss_fab_ibp_buffer_0000_0007' has 4 instances
  


Note-[SM_PME] Processing Module/Entity
  Processing: mss_bus_switch_mst_ibp_buffer_0000_0000 Parameterized Name: 
  mss_bus_switch_mst_ibp_buffer_0000_0000


Note-[SM_IIF] Instance Info
  Instance Count : module 'mss_bus_switch_mst_ibp_buffer_0000_0000' has 4 
  instances
  


Note-[SM_PME] Processing Module/Entity
  <Message details suppressed due to encrypted design unit>


Note-[SM_IIF] Instance Info
  <Message details suppressed due to encrypted design unit>


Note-[SM_PME] Processing Module/Entity
  Processing: rl_ibp2ahb Parameterized Name: rl_ibp2ahb


Note-[SM_IIF] Instance Info
  Instance Count : module 'rl_ibp2ahb' has 20 instances
  


Note-[SM_PME] Processing Module/Entity
  Processing: rl_ibp2mmio Parameterized Name: rl_ibp2mmio


Note-[SM_PME] Processing Module/Entity
  <Message details suppressed due to encrypted design unit>


Note-[SM_IIF] Instance Info
  <Message details suppressed due to encrypted design unit>


Note-[SM_PME] Processing Module/Entity
  Processing: alb_mss_clkctrl Parameterized Name: alb_mss_clkctrl


Note-[SM_IIF] Instance Info
  Instance Count : module 'alb_mss_clkctrl' has 25 instances
  


Note-[SM_PME] Processing Module/Entity
  Processing: rl_ifu_icache_rf Parameterized Name: rl_ifu_icache_rf


Note-[SM_PME] Processing Module/Entity
  Processing: alb_mss_fab_fifo_0000_000F Parameterized Name: 
  alb_mss_fab_fifo_0000_000F


Note-[SM_PME] Processing Module/Entity
  Processing: arcv_dm_top Parameterized Name: arcv_dm_top


Note-[SM_IIF] Instance Info
  Instance Count : module 'arcv_dm_top' has 13 instances
  


Note-[SM_PME] Processing Module/Entity
  Processing: rl_bypass Parameterized Name: rl_bypass


Note-[SM_PME] Processing Module/Entity
  Processing: alb_mss_mem_fifo_0000_0002 Parameterized Name: 
  alb_mss_mem_fifo_0000_0002


Note-[SM_PME] Processing Module/Entity
  Processing: alb_mss_fab_ibp2apb Parameterized Name: alb_mss_fab_ibp2apb


Note-[SM_IIF] Instance Info
  Instance Count : module 'alb_mss_fab_ibp2apb' has 1 instances
  


Note-[SM_PME] Processing Module/Entity
  Processing: fpga_sram_0000 Parameterized Name: fpga_sram_0000


Note-[SM_PME] Processing Module/Entity
  Processing: alb_mss_fab_fifo_0006 Parameterized Name: alb_mss_fab_fifo_0006


Note-[SM_PME] Processing Module/Entity
  Processing: arcv_watchdog_csr Parameterized Name: arcv_watchdog_csr


Note-[SM_PME] Processing Module/Entity
  Processing: ls_multi_bit_comparator_0004 Parameterized Name: 
  ls_multi_bit_comparator_0004


Note-[SM_PME] Processing Module/Entity
  Processing: zceiMessageOutPort_128 Parameterized Name: 
  zceiMessageOutPort_128


Note-[SM_PME] Processing Module/Entity
  Processing: zebu_bb_sample_clk_uncond_sample_64_1 Parameterized Name: 
  zebu_bb_sample_clk_uncond_sample_64_1


Note-[SM_PME] Processing Module/Entity
  Processing: ls_compare_unit_0005 Parameterized Name: ls_compare_unit_0005


Note-[SM_IIF] Instance Info
  Instance Count : module 'ls_compare_unit_0005' has 1 instances
  


Note-[SM_PME] Processing Module/Entity
  Processing: rl_dmp_amo Parameterized Name: rl_dmp_amo


Note-[SM_PME] Processing Module/Entity
  Processing: ls_compare_unit_000A Parameterized Name: ls_compare_unit_000A


Note-[SM_IIF] Instance Info
  Instance Count : module 'ls_compare_unit_000A' has 1 instances
  


Note-[SM_PME] Processing Module/Entity
  Processing: rl_byte_unit Parameterized Name: rl_byte_unit


Note-[SM_PME] Processing Module/Entity
  Processing: rl_adder_0000 Parameterized Name: rl_adder_0000


Note-[SM_PME] Processing Module/Entity
  Processing: UC_VLOG_LIB.zebu_bb_clockDelayPort_24 Parameterized Name: 
  zebu_bb_clockDelayPort_24


Note-[SM_EMPTY_DU] Marking empty Module/Entity as blackbox
/remote/sdgregrsnapshot2/NB/linux64_VCS2021.09.2.ZEBU.B4.1/radify-src/unizfe/verilog/clockDelayPort.v, 5
  Module/Entity 'zebu_bb_clockDelayPort_24' is marked as a blackbox because it
  is empty


Note-[SM_PME] Processing Module/Entity
  Processing: alb_mss_fab_fifo_0001_0001 Parameterized Name: 
  alb_mss_fab_fifo_0001_0001


Note-[SM_PME] Processing Module/Entity
  Processing: mss_bus_switch_fifo_0000_0000 Parameterized Name: 
  mss_bus_switch_fifo_0000_0000


Note-[SM_PME] Processing Module/Entity
  Processing: ls_compare_unit_0006 Parameterized Name: ls_compare_unit_0006


Note-[SM_IIF] Instance Info
  Instance Count : module 'ls_compare_unit_0006' has 1 instances
  


Note-[SM_PME] Processing Module/Entity
  Processing: ls_multi_bit_comparator_0002 Parameterized Name: 
  ls_multi_bit_comparator_0002


Note-[SM_PME] Processing Module/Entity
  Processing: rl_reset_ctrl_wrap Parameterized Name: rl_reset_ctrl_wrap


Note-[SM_IIF] Instance Info
  Instance Count : module 'rl_reset_ctrl_wrap' has 1 instances
  


Note-[SM_PME] Processing Module/Entity
  Processing: arcv_wdt_synch Parameterized Name: arcv_wdt_synch


Note-[SM_IIF] Instance Info
  Instance Count : module 'arcv_wdt_synch' has 3 instances
  


Note-[SM_PME] Processing Module/Entity
  Processing: rl_parity_gen_0000_0003 Parameterized Name: 
  rl_parity_gen_0000_0003


Note-[SM_PME] Processing Module/Entity
  Processing: zceiMessageOutPort_33 Parameterized Name: zceiMessageOutPort_33


Note-[SM_PME] Processing Module/Entity
  Processing: UC_VLOG_LIB.zceiMessageOutPort Parameterized Name: 
  zceiMessageOutPort


Note-[SM_EMPTY_DU] Marking empty Module/Entity as blackbox
/remote/sdgregrsnapshot2/NB/linux64_VCS2021.09.2.ZEBU.B4.1/radify-src/unizfe/verilog/zceiMessageOutPort.v, 2
  Module/Entity 'zceiMessageOutPort' is marked as a blackbox because it is 
  empty


Note-[SM_PME] Processing Module/Entity
  Processing: ls_compare_unit_0007 Parameterized Name: ls_compare_unit_0007


Note-[SM_IIF] Instance Info
  Instance Count : module 'ls_compare_unit_0007' has 1 instances
  


Note-[SM_PME] Processing Module/Entity
  Processing: rl_wtree_comp622 Parameterized Name: rl_wtree_comp622


Note-[SM_PME] Processing Module/Entity
  Processing: rl_wtree_comp432 Parameterized Name: rl_wtree_comp432


Note-[SM_PME] Processing Module/Entity
  Processing: odd_pty_qual_di_dec_wrap_0000 Parameterized Name: 
  odd_pty_qual_di_dec_wrap_0000


Note-[SM_IIF] Instance Info
  Instance Count : module 'odd_pty_qual_di_dec_wrap_0000' has 3 instances
  


Note-[SM_PME] Processing Module/Entity
  Processing: arcv_wd_parity Parameterized Name: arcv_wd_parity


Note-[SM_PME] Processing Module/Entity
  Processing: dm_cgm Parameterized Name: dm_cgm


Note-[SM_IIF] Instance Info
  Instance Count : module 'dm_cgm' has 1 instances
  


Note-[SM_PME] Processing Module/Entity
  Processing: simple_parity Parameterized Name: simple_parity


Note-[SM_PME] Processing Module/Entity
  Processing: rl_wtree_comp312 Parameterized Name: rl_wtree_comp312


Note-[SM_PME] Processing Module/Entity
  Processing: odd_pty_dec_0001 Parameterized Name: odd_pty_dec_0001


Note-[SM_PME] Processing Module/Entity
  Processing: zceiMessageOutPort_8 Parameterized Name: zceiMessageOutPort_8


Note-[SM_PME] Processing Module/Entity
  Processing: ZebuClockDetectFront_58 Parameterized Name: 
  ZebuClockDetectFront_58


Note-[SM_IIF] Instance Info
  Instance Count : module 'ZebuClockDetectFront_58' has 1 instances
  


Note-[SM_PME] Processing Module/Entity
  Processing: ZebuClockDetectFront_63 Parameterized Name: 
  ZebuClockDetectFront_63


Note-[SM_IIF] Instance Info
  Instance Count : module 'ZebuClockDetectFront_63' has 1 instances
  


Note-[SM_PME] Processing Module/Entity
  Processing: ZebuClockDetectFront_12 Parameterized Name: 
  ZebuClockDetectFront_12


Note-[SM_IIF] Instance Info
  Instance Count : module 'ZebuClockDetectFront_12' has 1 instances
  


Note-[SM_PME] Processing Module/Entity
  Processing: ZebuClockDetectFront_16 Parameterized Name: 
  ZebuClockDetectFront_16


Note-[SM_IIF] Instance Info
  Instance Count : module 'ZebuClockDetectFront_16' has 1 instances
  


Note-[SM_PME] Processing Module/Entity
  Processing: ZebuClockDetectFront_22 Parameterized Name: 
  ZebuClockDetectFront_22


Note-[SM_IIF] Instance Info
  Instance Count : module 'ZebuClockDetectFront_22' has 1 instances
  


Note-[SM_PME] Processing Module/Entity
  Processing: ZebuClockDetectFront_27 Parameterized Name: 
  ZebuClockDetectFront_27


Note-[SM_IIF] Instance Info
  Instance Count : module 'ZebuClockDetectFront_27' has 1 instances
  


Note-[SM_PME] Processing Module/Entity
  Processing: ZebuClockDetectFront_38 Parameterized Name: 
  ZebuClockDetectFront_38


Note-[SM_IIF] Instance Info
  Instance Count : module 'ZebuClockDetectFront_38' has 1 instances
  


Note-[SM_PME] Processing Module/Entity
  Processing: ZebuClockDetectFront_51 Parameterized Name: 
  ZebuClockDetectFront_51


Note-[SM_IIF] Instance Info
  Instance Count : module 'ZebuClockDetectFront_51' has 1 instances
  


Note-[SM_PME] Processing Module/Entity
  Processing: ZebuClockDetectFront_43 Parameterized Name: 
  ZebuClockDetectFront_43


Note-[SM_IIF] Instance Info
  Instance Count : module 'ZebuClockDetectFront_43' has 1 instances
  


Note-[SM_PME] Processing Module/Entity
  Processing: ZebuClockDetectFront_2 Parameterized Name: 
  ZebuClockDetectFront_2


Note-[SM_IIF] Instance Info
  Instance Count : module 'ZebuClockDetectFront_2' has 1 instances
  


Note-[SM_PME] Processing Module/Entity
  Processing: alb_mss_mem_clkgate Parameterized Name: alb_mss_mem_clkgate


Note-[SM_PME] Processing Module/Entity
  Processing: rl_wtree_comp302 Parameterized Name: rl_wtree_comp302


Note-[SM_PME] Processing Module/Entity
  Processing: odd_pty_dec_0002 Parameterized Name: odd_pty_dec_0002


Note-[SM_PME] Processing Module/Entity
  Processing: clkgate Parameterized Name: clkgate


Note-[SM_PME] Processing Module/Entity
  Processing: UC_VLOG_LIB.rtlClockControl Parameterized Name: rtlClockControl


Note-[SM_EMPTY_DU] Marking empty Module/Entity as blackbox
/remote/sdgregrsnapshot2/NB/linux64_VCS2021.09.2.ZEBU.B4.1/radify-src/unizfe/verilog/rtlClockControl.v, 3
  Module/Entity 'rtlClockControl' is marked as a blackbox because it is empty


Note-[SM_PME] Processing Module/Entity
  Processing: zceiMessageOutPort_2 Parameterized Name: zceiMessageOutPort_2


Note-[SM_PME] Processing Module/Entity
  Processing: odd_pty_enc_0001_0001 Parameterized Name: odd_pty_enc_0001_0001


Note-[SM_PME] Processing Module/Entity
  Processing: zebu_bb_async_reset_cond Parameterized Name: 
  zebu_bb_async_reset_cond


Note-[SM_CHLDRUN_DONE] Child process run completed
  Child process number '5' with process id '2250054'
  is done with synthesis of total '71' modules
  SIMON Child CPU Time        : 1.74 sec
  SIMON Child Wall-Clock Time : 1.85 sec
  SIMON Child Current Memory  : 863 MB
  SIMON Child Peak Memory     : 863 MB
  SIMON Distribution          : 0.57,0.16,0.15,0.00 sec
  End time                    : Tue May 13 18:28:49 2025
  .


Note-[SM_POME] Processing Module/Entity
  Performing post-processing optimizations on Module/Entity: 
  alb_mss_fab_fifo_0001


Note-[SM_POME] Processing Module/Entity
  Performing post-processing optimizations on Module/Entity: 
  alb_mss_fab_fifo_0002


Note-[SM_POME] Processing Module/Entity
  Performing post-processing optimizations on Module/Entity: 
  alb_mss_fab_ibp2pack


Note-[SM_POME] Processing Module/Entity
  Performing post-processing optimizations on Module/Entity: 
  alb_mss_fab_fifo_0000_0002


Note-[SM_POME] Processing Module/Entity
  Performing post-processing optimizations on Module/Entity: 
  alb_mss_fab_ibp_buffer_0000_0000


Note-[SM_POME] Processing Module/Entity
  Performing post-processing optimizations on Module/Entity: 
  alb_mss_fab_ibp_buffer_0000_0002


Note-[SM_POME] Processing Module/Entity
  Performing post-processing optimizations on Module/Entity: 
  alb_mss_fab_ibp_lat


Note-[SM_POME] Processing Module/Entity
  Performing post-processing optimizations on Module/Entity: 
  mss_bus_switch_slv_ibp_buffer_0000


Note-[SM_POME] Processing Module/Entity
  Performing post-processing optimizations on Module/Entity: 
  mss_bus_switch_ibp2pack_0000


Note-[SM_POME] Processing Module/Entity
  Performing post-processing optimizations on Module/Entity: 
  mss_bus_switch_ibpx2ibpy_0000_0001


Note-[SM_POME] Processing Module/Entity
  Performing post-processing optimizations on Module/Entity: 
  mss_bus_switch_ibpw2ibpn_0000


Note-[SM_POME] Processing Module/Entity
  Performing post-processing optimizations on Module/Entity: 
  mss_bus_switch_pack2ibp_0001


Note-[SM_POME] Processing Module/Entity
  Performing post-processing optimizations on Module/Entity: 
  mss_bus_switch_ibp2ibps_0000


Note-[SM_POME] Processing Module/Entity
  Performing post-processing optimizations on Module/Entity: 
  mss_bus_switch_ibp_dw128_mst


Note-[SM_POME] Processing Module/Entity
  Performing post-processing optimizations on Module/Entity: 
  alb_mss_fab_ibp_buffer_0000_0005


Note-[SM_POME] Processing Module/Entity
  Performing post-processing optimizations on Module/Entity: 
  alb_mss_fab_pack2ibp_0002


Note-[SM_POME] Processing Module/Entity
  Performing post-processing optimizations on Module/Entity: 
  alb_mss_fab_fifo_0000_0011


Note-[SM_POME] Processing Module/Entity
  Performing post-processing optimizations on Module/Entity: 
  alb_mss_fab_ibp2single_0000


Note-[SM_POME] Processing Module/Entity
  Performing post-processing optimizations on Module/Entity: 
  alb_mss_fab_ibp2ahbl


Note-[SM_POME] Processing Module/Entity
  Performing post-processing optimizations on Module/Entity: alb_mss_ext_stub


Note-[SM_POME] Processing Module/Entity
  Performing post-processing optimizations on Module/Entity: 
  alb_mss_mem_fifo_0000_0000


Note-[SM_POME] Processing Module/Entity
  Performing post-processing optimizations on Module/Entity: 
  alb_mss_mem_ibp_split_0000


Note-[SM_POME] Processing Module/Entity
  Performing post-processing optimizations on Module/Entity: 
  alb_mss_mem_fifo_0000_0002


Note-[SM_POME] Processing Module/Entity
  Performing post-processing optimizations on Module/Entity: 
  alb_mss_mem_bypbuf_0000_0004


Note-[SM_POME] Processing Module/Entity
  Performing post-processing optimizations on Module/Entity: 
  ZebuClockDetectFront_37


Note-[SM_POME] Processing Module/Entity
  Performing post-processing optimizations on Module/Entity: 
  ZebuClockDetectFront_44


Note-[SM_POME] Processing Module/Entity
  Performing post-processing optimizations on Module/Entity: 
  ZebuClockDetectFront_47


Note-[SM_POME] Processing Module/Entity
  Performing post-processing optimizations on Module/Entity: 
  ZebuClockDetectFront_49


Note-[SM_POME] Processing Module/Entity
  Performing post-processing optimizations on Module/Entity: 
  ZebuClockDetectFront_56


Note-[SM_POME] Processing Module/Entity
  Performing post-processing optimizations on Module/Entity: 
  ZebuClockDetectFront_10


Note-[SM_POME] Processing Module/Entity
  Performing post-processing optimizations on Module/Entity: 
  ZebuClockDetectFront_17


Note-[SM_POME] Processing Module/Entity
  Performing post-processing optimizations on Module/Entity: 
  ZebuClockDetectFront_25


Note-[SM_POME] Processing Module/Entity
  Performing post-processing optimizations on Module/Entity: 
  ZebuClockDetectFront_33


Note-[SM_POME] Processing Module/Entity
  Performing post-processing optimizations on Module/Entity: 
  DWbb_bcm21_atv_0000


Note-[SM_POME] Processing Module/Entity
  Performing post-processing optimizations on Module/Entity: dwt_debug_port


Note-[SM_POME] Processing Module/Entity
  Performing post-processing optimizations on Module/Entity: rl_cpu_misc_synch


Note-[SM_POME] Processing Module/Entity
  Performing post-processing optimizations on Module/Entity: 
  ls_compare_unit_0002


Note-[SM_POME] Processing Module/Entity
  Performing post-processing optimizations on Module/Entity: 
  ls_compare_unit_0008


Note-[SM_POME] Processing Module/Entity
  Performing post-processing optimizations on Module/Entity: 
  ls_compare_unit_000D


Note-[SM_POME] Processing Module/Entity
  Performing post-processing optimizations on Module/Entity: rl_clock_ctrl


Note-[SM_POME] Processing Module/Entity
  Performing post-processing optimizations on Module/Entity: reset_fsm


Note-[SM_POME] Processing Module/Entity
  Performing post-processing optimizations on Module/Entity: reset_handshake


Note-[SM_POME] Processing Module/Entity
  Performing post-processing optimizations on Module/Entity: 
  ZebuClockDetectFront_4


Note-[SM_POME] Processing Module/Entity
  Performing post-processing optimizations on Module/Entity: rl_ifu_iccm_csr


Note-[SM_POME] Processing Module/Entity
  Performing post-processing optimizations on Module/Entity: rl_ifu_icache_ctl


Note-[SM_POME] Processing Module/Entity
  Performing post-processing optimizations on Module/Entity: rl_dispatch


Note-[SM_POME] Processing Module/Entity
  Performing post-processing optimizations on Module/Entity: rl_alu


Note-[SM_POME] Processing Module/Entity
  Performing post-processing optimizations on Module/Entity: rl_wtree_comp432


Note-[SM_POME] Processing Module/Entity
  Performing post-processing optimizations on Module/Entity: rl_result_bus


Note-[SM_POME] Processing Module/Entity
  Performing post-processing optimizations on Module/Entity: 
  rl_dmp_ecc_store_aligner


Note-[SM_POME] Processing Module/Entity
  Performing post-processing optimizations on Module/Entity: 
  rl_dmp_load_aligner


Note-[SM_POME] Processing Module/Entity
  Performing post-processing optimizations on Module/Entity: rl_dmp


Note-[SM_POME] Processing Module/Entity
  Performing post-processing optimizations on Module/Entity: 
  sr_err_aggr_0000_0000


Note-[SM_POME] Processing Module/Entity
  Performing post-processing optimizations on Module/Entity: 
  odd_pty_qual_dec_wrap_0000


Note-[SM_POME] Processing Module/Entity
  Performing post-processing optimizations on Module/Entity: rl_ecc_cnt


Note-[SM_POME] Processing Module/Entity
  Performing post-processing optimizations on Module/Entity: rl_ibp2ahb


Note-[SM_POME] Processing Module/Entity
  Performing post-processing optimizations on Module/Entity: 
  e2e_edc32_1stg_qual_chk_wrap_0000


Note-[SM_POME] Processing Module/Entity
  Performing post-processing optimizations on Module/Entity: arcv_wd_parity


Note-[SM_POME] Processing Module/Entity
  Performing post-processing optimizations on Module/Entity: 
  arcv_wd_parity_0001


Note-[SM_POME] Processing Module/Entity
  Performing post-processing optimizations on Module/Entity: 
  multi_bit_comparator_0000


Note-[SM_POME] Processing Module/Entity
  Performing post-processing optimizations on Module/Entity: 
  odd_pty_enc_0001_0001


Note-[SM_POME] Processing Module/Entity
  Performing post-processing optimizations on Module/Entity: fpga_sram_0000


Note-[SM_MEM_INFO] Module has inferred memories
/remote/us01sgnfs00727/arc_fpga/moyanz/Ratter3/template/dw_dbp/zebu_ifx_mini_rattle_6649a592_20250509/build/verilog/RTL/fpga_sram.v, 45
  Inferred memory statistics for module 'fpga_sram_0000' (Instances: 1)
  ------------------------------------------------------------------------------
  |Name |Size |TotalPorts |ReadPorts |WritePorts |Reset |Initial |
  ------------------------------------------------------------------------------
  | mem_r | 14336(256x56) |TP:2 |RP:1(A:1,S:0) |WP:1(A:0,S:1) |R:None |I:No |
  ------------------------------------------------------------------------------


Note-[SM_POME] Processing Module/Entity
  Performing post-processing optimizations on Module/Entity: core_sys


Note-[SM_POME] Processing Module/Entity
  Performing post-processing optimizations on Module/Entity: 
  ZebuClockDetectFront_64


Note-[SM_POME] Processing Module/Entity
  <Message details suppressed due to encrypted design unit>


Note-[SM_CHLDRUN_DONE] Child process run completed
  Child process number '5' with process id '2250083'
  is done with post-processing optimizations of total '65' modules
  SIMON Child CPU Time        : 0.35 sec
  SIMON Child Wall-Clock Time : 1.49 sec
  SIMON Child Current Memory  : 880 MB
  SIMON Child Peak Memory     : 880 MB
  SIMON Distribution          : 0.00,0.00,0.00,0.04 sec
  End time                    : Tue May 13 18:28:52 2025
  .

