Initial_load 1747153575 1747153576
ImportConstants 1747153577 1747153577
EquiConsolidation 1747153577 1747153577
Import_FPGA_U0/M0/F00 1747153577 1747153578
Import_FPGA_U0/M0/F01 1747153578 1747153581
MergeZebuDb 1747153581 1747153581
ImportProperties 1747153581 1747153581
ZebuPowerOnReplication 1747153581 1747153581
CoordConsolidation 1747153581 1747153581
FlagSignalsAndVectors 1747153581 1747153581
FlagNodes 1747153581 1747153581
BackslashMemDb 1747153581 1747153581
ComputeAndSaveCRC 1747153581 1747153581
CopyPowerDomainStatusCoordinates 1747153581 1747153581
SaveMemories 1747153581 1747153581
IndexNames 1747153581 1747153582
ExportToMuDb 1747153582 1747153583
BuildExtendedPowerDomainDB 1747153583 1747153583
SaveNames 1747153583 1747153583
SaveXCui 1747153583 1747153583
SaveCoords 1747153583 1747153583
SetSaveTreeParameters 1747153583 1747153583
SaveTreeLight 1747153583 1747153585
CleanZebuDb 1747153585 1747153585
SaveZebuDb 1747153585 1747153585
