3 1 5564
44 0 0
70 0 0
71 0 0
74 0 0
80 0 0
83 0 0
86 0 0
95 0 0
102 0 0
104 0 0
108 0 0
112 0 0
113 0 0
115 0 0
120 0 0
124 0 0
127 0 0
129 0 0
136 0 0
145 0 0
155 0 0
163 0 0
176 0 0
188 0 0
195 0 0
200 0 0
203 1 924
221 0 0
222 0 0
227 0 0
233 0 0
240 0 0
242 0 0
244 0 0
248 0 0
257 0 0
258 0 396
296 0 0
297 0 556
303 0 0
307 0 0
309 0 0
315 0 0
327 0 0
333 0 0
336 0 0
338 0 0
345 0 0
348 0 0
354 0 0
358 0 0
365 0 0
371 0 0
377 0 0
381 0 0
383 0 0
388 0 0
389 0 0
401 0 0
404 0 0
406 0 0
409 0 0
423 0 0
425 0 0
430 0 0
433 0 0
441 0 132
446 0 0
451 0 0
456 0 0
464 0 0
467 0 136
473 0 0
480 0 0
487 0 0
493 0 0
495 0 0
502 0 132
508 0 0
513 0 0
519 0 0
523 0 0
534 0 0
536 0 0
538 0 0
-1 0 1128
-4 0 0
