Got following -X option = show_memory
Got following -X option = show_times
#     Tue May 13 18:31:10 2025 : zCreateNameDB Started
#      : Reading the Serializing VCS Version
[2025-05-13 18:31:10.178874] [0x000015555540d300] [info]    #      : Reading the Serializing VCS Version

#      : Deserializing names dictionary
[2025-05-13 18:31:10.180578] [0x000015555540d300] [info]    #      : Deserializing names dictionary

#      : Deserializing libraries
[2025-05-13 18:31:10.192579] [0x000015555540d300] [info]    #      : Deserializing libraries

#      : Deserializing RTL
[2025-05-13 18:31:10.195951] [0x000015555540d300] [info]    #      : Deserializing RTL

#      : Deserializing Gate
[2025-05-13 18:31:10.199661] [0x000015555540d300] [info]    #      : Deserializing Gate

#      : Deserializing design object
[2025-05-13 18:31:10.210336] [0x000015555540d300] [info]    #      : Deserializing design object

#      : Populating Dfs Table
[2025-05-13 18:31:10.212388] [0x000015555540d300] [info]    #      : Populating Dfs Table

#     Tue May 13 18:31:10 2025 (VM Peak:126M, Size:126M, RSS:87M, Data:70M) : ReEnumerating design
#     Tue May 13 18:31:11 2025 (VM Peak:180M, Size:180M, RSS:142M, Data:123M) : Populating dfs mappings
#     Tue May 13 18:31:11 2025 (VM Peak:180M, Size:180M, RSS:142M, Data:124M) : Building light dfs table
#     Tue May 13 18:31:11 2025 (VM Peak:180M, Size:180M, RSS:142M, Data:124M) : Building dfs to light dfs table
#     Tue May 13 18:31:11 2025 (VM Peak:180M, Size:180M, RSS:142M, Data:124M) : Collecting shared modules ids
#     Tue May 13 18:31:11 2025 (VM Peak:180M, Size:180M, RSS:142M, Data:124M) : Building light dfs table
#     Tue May 13 18:31:11 2025 (VM Peak:180M, Size:180M, RSS:142M, Data:124M) : Building dfs to light dfs table
#     Tue May 13 18:31:11 2025 (VM Peak:180M, Size:180M, RSS:142M, Data:124M) : Collecting shared modules ids
#     Tue May 13 18:31:11 2025 (VM Peak:180M, Size:180M, RSS:142M, Data:124M) : Collecting flops weights
#     Tue May 13 18:31:11 2025 (VM Peak:180M, Size:180M, RSS:143M, Data:124M) : Collecting module licenses
#     Tue May 13 18:31:11 2025 (VM Peak:180M, Size:180M, RSS:143M, Data:124M) : Collecting indexes
#     Tue May 13 18:31:11 2025 (VM Peak:180M, Size:180M, RSS:143M, Data:124M) : Serializing RTL
#     Tue May 13 18:31:11 2025 (VM Peak:180M, Size:180M, RSS:143M, Data:124M) : RTL type container ready
#     Tue May 13 18:31:11 2025 (VM Peak:180M, Size:180M, RSS:143M, Data:124M) : RTL Light containers ready for module zebu_top
#     Tue May 13 18:31:11 2025 (VM Peak:180M, Size:180M, RSS:143M, Data:124M) : RTL Light containers ready for module zebu_time_capture
#     Tue May 13 18:31:11 2025 (VM Peak:180M, Size:180M, RSS:143M, Data:124M) : RTL Light containers ready for module clockDelayPort
#     Tue May 13 18:31:11 2025 (VM Peak:180M, Size:180M, RSS:143M, Data:124M) : RTL Light containers ready for module core_chip
#     Tue May 13 18:31:11 2025 (VM Peak:180M, Size:180M, RSS:143M, Data:124M) : RTL Light containers ready for module io_pad_ring
#     Tue May 13 18:31:11 2025 (VM Peak:180M, Size:180M, RSS:143M, Data:124M) : RTL Light containers ready for module core_sys
#     Tue May 13 18:31:11 2025 (VM Peak:180M, Size:180M, RSS:143M, Data:124M) : RTL Light containers ready for module arcv_dm_top_stubs
#     Tue May 13 18:31:11 2025 (VM Peak:180M, Size:180M, RSS:143M, Data:124M) : RTL Light containers ready for module alb_mss_fab
#     Tue May 13 18:31:11 2025 (VM Peak:180M, Size:180M, RSS:143M, Data:124M) : RTL Light containers ready for module alb_mss_fab_slv_axi_buffer
#     Tue May 13 18:31:11 2025 (VM Peak:180M, Size:180M, RSS:143M, Data:124M) : RTL Light containers ready for module alb_mss_fab_axi2ibp_rrobin
#     Tue May 13 18:31:11 2025 (VM Peak:180M, Size:180M, RSS:143M, Data:124M) : RTL Light containers ready for module alb_mss_fab_ibp2pack
#     Tue May 13 18:31:11 2025 (VM Peak:180M, Size:180M, RSS:143M, Data:124M) : RTL Light containers ready for module alb_mss_fab_pack2ibp
#     Tue May 13 18:31:11 2025 (VM Peak:180M, Size:180M, RSS:143M, Data:124M) : RTL Light containers ready for module alb_mss_fab_ibp_lat
#     Tue May 13 18:31:11 2025 (VM Peak:180M, Size:180M, RSS:143M, Data:124M) : RTL Light containers ready for module alb_mss_bus_switch
#     Tue May 13 18:31:11 2025 (VM Peak:180M, Size:180M, RSS:143M, Data:124M) : RTL Light containers ready for module mss_bus_switch_dw32_slv
#     Tue May 13 18:31:11 2025 (VM Peak:180M, Size:180M, RSS:143M, Data:124M) : RTL Light containers ready for module mss_bus_switch_ibp2pack
#     Tue May 13 18:31:11 2025 (VM Peak:180M, Size:180M, RSS:143M, Data:124M) : RTL Light containers ready for module mss_bus_switch_dw512_slv
#     Tue May 13 18:31:11 2025 (VM Peak:180M, Size:180M, RSS:143M, Data:124M) : RTL Light containers ready for module mss_bus_switch_ibp_dw32_mst
#     Tue May 13 18:31:11 2025 (VM Peak:180M, Size:180M, RSS:143M, Data:124M) : RTL Light containers ready for module mss_bus_switch_ibp2ibps
#     Tue May 13 18:31:11 2025 (VM Peak:180M, Size:180M, RSS:143M, Data:124M) : RTL Light containers ready for module mss_bus_switch_pack2ibp
#     Tue May 13 18:31:11 2025 (VM Peak:180M, Size:180M, RSS:143M, Data:124M) : RTL Light containers ready for module mss_bus_switch_ibp_dw128_mst
#     Tue May 13 18:31:11 2025 (VM Peak:180M, Size:180M, RSS:143M, Data:124M) : RTL Light containers ready for module alb_mss_fab_ibp2ahbl_sel
#     Tue May 13 18:31:11 2025 (VM Peak:180M, Size:180M, RSS:143M, Data:124M) : RTL Light containers ready for module alb_mss_fab_ibp2ahbl
#     Tue May 13 18:31:11 2025 (VM Peak:180M, Size:180M, RSS:143M, Data:124M) : RTL Light containers ready for module alb_mss_fab_single2ahbl
#     Tue May 13 18:31:11 2025 (VM Peak:180M, Size:180M, RSS:143M, Data:124M) : RTL Light containers ready for module alb_mss_fab_ibp2apb
#     Tue May 13 18:31:11 2025 (VM Peak:180M, Size:180M, RSS:143M, Data:124M) : RTL Light containers ready for module alb_mss_ext_stub
#     Tue May 13 18:31:11 2025 (VM Peak:180M, Size:180M, RSS:143M, Data:124M) : RTL Light containers ready for module alb_mss_clkctrl
#     Tue May 13 18:31:11 2025 (VM Peak:180M, Size:180M, RSS:143M, Data:124M) : RTL Light containers ready for module alb_mss_clkctrl_clkgen
#     Tue May 13 18:31:11 2025 (VM Peak:180M, Size:180M, RSS:143M, Data:124M) : RTL Light containers ready for module alb_mss_clkctrl_clkgate
#     Tue May 13 18:31:11 2025 (VM Peak:180M, Size:180M, RSS:143M, Data:124M) : RTL Light containers ready for module alb_mss_clkctrl_clken_gen
#     Tue May 13 18:31:11 2025 (VM Peak:180M, Size:180M, RSS:143M, Data:124M) : RTL Light containers ready for module alb_mss_clkctrl_ratio_calc
#     Tue May 13 18:31:11 2025 (VM Peak:180M, Size:180M, RSS:143M, Data:124M) : RTL Light containers ready for module alb_mss_perfctrl
#     Tue May 13 18:31:11 2025 (VM Peak:180M, Size:180M, RSS:143M, Data:124M) : RTL Light containers ready for module alb_mss_mem
#     Tue May 13 18:31:11 2025 (VM Peak:180M, Size:180M, RSS:143M, Data:124M) : RTL Light containers ready for module alb_mss_mem_ibp_buf
#     Tue May 13 18:31:11 2025 (VM Peak:180M, Size:180M, RSS:143M, Data:124M) : RTL Light containers ready for module alb_mss_mem_ibp2pack
#     Tue May 13 18:31:11 2025 (VM Peak:180M, Size:180M, RSS:143M, Data:124M) : RTL Light containers ready for module alb_mss_mem_pack2ibp
#     Tue May 13 18:31:11 2025 (VM Peak:180M, Size:180M, RSS:143M, Data:124M) : RTL Light containers ready for module alb_mss_mem_ibp_lat
#     Tue May 13 18:31:11 2025 (VM Peak:180M, Size:180M, RSS:143M, Data:124M) : RTL Light containers ready for module alb_mss_mem_ctrl
#     Tue May 13 18:31:11 2025 (VM Peak:180M, Size:180M, RSS:143M, Data:124M) : RTL Light containers ready for module alb_mss_mem_model
#     Tue May 13 18:31:11 2025 (VM Peak:180M, Size:180M, RSS:143M, Data:124M) : RTL Light containers ready for module alb_mss_mem_clkgate
#     Tue May 13 18:31:11 2025 (VM Peak:180M, Size:180M, RSS:143M, Data:124M) : RTL Light containers ready for module zebu_axi_xtor
#     Tue May 13 18:31:11 2025 (VM Peak:180M, Size:180M, RSS:143M, Data:124M) : RTL Light containers ready for module xtor_amba_master_axi3_svs
#     Tue May 13 18:31:11 2025 (VM Peak:180M, Size:180M, RSS:143M, Data:124M) : RTL Light containers ready for module zz_Encrypt_1
#     Tue May 13 18:31:11 2025 (VM Peak:180M, Size:180M, RSS:143M, Data:124M) : RTL Light containers ready for module zz_Encrypt_2
#     Tue May 13 18:31:11 2025 (VM Peak:180M, Size:180M, RSS:143M, Data:124M) : RTL Light containers ready for module zz_Encrypt_3
#     Tue May 13 18:31:11 2025 (VM Peak:180M, Size:180M, RSS:143M, Data:124M) : RTL Light containers ready for module zz_Encrypt_4
#     Tue May 13 18:31:11 2025 (VM Peak:180M, Size:180M, RSS:143M, Data:124M) : RTL Light containers ready for module dw_dbp_stubs
#     Tue May 13 18:31:11 2025 (VM Peak:180M, Size:180M, RSS:143M, Data:124M) : RTL Light containers ready for module archipelago
#     Tue May 13 18:31:11 2025 (VM Peak:180M, Size:180M, RSS:143M, Data:124M) : RTL Light containers ready for module arcv_dm_top
#     Tue May 13 18:31:11 2025 (VM Peak:180M, Size:180M, RSS:143M, Data:124M) : RTL Light containers ready for module dm_cgm
#     Tue May 13 18:31:11 2025 (VM Peak:180M, Size:180M, RSS:143M, Data:124M) : RTL Light containers ready for module dm_clock_gate
#     Tue May 13 18:31:11 2025 (VM Peak:180M, Size:180M, RSS:143M, Data:124M) : RTL Light containers ready for module dm_cdc_sync
#     Tue May 13 18:31:11 2025 (VM Peak:180M, Size:180M, RSS:143M, Data:124M) : RTL Light containers ready for module arcv_dm
#     Tue May 13 18:31:11 2025 (VM Peak:180M, Size:180M, RSS:143M, Data:124M) : RTL Light containers ready for module dm_hmst
#     Tue May 13 18:31:11 2025 (VM Peak:180M, Size:180M, RSS:143M, Data:124M) : RTL Light containers ready for module safety_iso_sync
#     Tue May 13 18:31:11 2025 (VM Peak:180M, Size:180M, RSS:143M, Data:124M) : RTL Light containers ready for module ls_cdc_sync
#     Tue May 13 18:31:11 2025 (VM Peak:180M, Size:180M, RSS:143M, Data:124M) : RTL Light containers ready for module dw_dbp
#     Tue May 13 18:31:11 2025 (VM Peak:180M, Size:180M, RSS:143M, Data:124M) : RTL Light containers ready for module dwt_reset_ctrl
#     Tue May 13 18:31:11 2025 (VM Peak:180M, Size:180M, RSS:143M, Data:124M) : RTL Light containers ready for module dw_dbp_cdc_sync
#     Tue May 13 18:31:11 2025 (VM Peak:180M, Size:180M, RSS:143M, Data:124M) : RTL Light containers ready for module dwt_jtag_port
#     Tue May 13 18:31:11 2025 (VM Peak:180M, Size:180M, RSS:143M, Data:124M) : RTL Light containers ready for module dwt_debug_port
#     Tue May 13 18:31:11 2025 (VM Peak:180M, Size:180M, RSS:143M, Data:124M) : RTL Light containers ready for module dwt_sys_clk_sync
#     Tue May 13 18:31:11 2025 (VM Peak:180M, Size:180M, RSS:143M, Data:124M) : RTL Light containers ready for module dwt_tap_controller
#     Tue May 13 18:31:11 2025 (VM Peak:180M, Size:180M, RSS:143M, Data:124M) : RTL Light containers ready for module apb_master_ap0
#     Tue May 13 18:31:11 2025 (VM Peak:180M, Size:180M, RSS:143M, Data:124M) : RTL Light containers ready for module bvci_to_axi
#     Tue May 13 18:31:11 2025 (VM Peak:180M, Size:180M, RSS:143M, Data:124M) : RTL Light containers ready for module cpu_top_safety_controller
#     Tue May 13 18:31:11 2025 (VM Peak:180M, Size:180M, RSS:143M, Data:124M) : RTL Light containers ready for module rl_cpu_synch_wrap
#     Tue May 13 18:31:11 2025 (VM Peak:180M, Size:180M, RSS:143M, Data:124M) : RTL Light containers ready for module rl_reset_ctrl_synch
#     Tue May 13 18:31:11 2025 (VM Peak:180M, Size:180M, RSS:143M, Data:124M) : RTL Light containers ready for module cdc_synch_wrap
#     Tue May 13 18:31:11 2025 (VM Peak:180M, Size:180M, RSS:143M, Data:124M) : RTL Light containers ready for module single_bit_syncP
#     Tue May 13 18:31:11 2025 (VM Peak:180M, Size:180M, RSS:143M, Data:124M) : RTL Light containers ready for module rl_cpu_misc_synch
#     Tue May 13 18:31:11 2025 (VM Peak:180M, Size:180M, RSS:143M, Data:124M) : RTL Light containers ready for module arcv_timer_synch
#     Tue May 13 18:31:11 2025 (VM Peak:180M, Size:180M, RSS:143M, Data:124M) : RTL Light containers ready for module arcv_wdt_synch
#     Tue May 13 18:31:11 2025 (VM Peak:180M, Size:180M, RSS:143M, Data:124M) : RTL Light containers ready for module simple_parity
#     Tue May 13 18:31:11 2025 (VM Peak:180M, Size:180M, RSS:143M, Data:124M) : RTL Light containers ready for module clkgate
#     Tue May 13 18:31:11 2025 (VM Peak:180M, Size:180M, RSS:143M, Data:124M) : RTL Light containers ready for module rl_cpu_top
#     Tue May 13 18:31:11 2025 (VM Peak:180M, Size:180M, RSS:143M, Data:124M) : RTL Light containers ready for module rl_clock_ctrl
#     Tue May 13 18:31:11 2025 (VM Peak:180M, Size:180M, RSS:143M, Data:124M) : RTL Light containers ready for module rl_reset_ctrl_wrap
#     Tue May 13 18:31:11 2025 (VM Peak:180M, Size:180M, RSS:143M, Data:124M) : RTL Light containers ready for module rl_reset_ctrl
#     Tue May 13 18:31:11 2025 (VM Peak:180M, Size:180M, RSS:143M, Data:124M) : RTL Light containers ready for module reset_fsm
#     Tue May 13 18:31:11 2025 (VM Peak:180M, Size:180M, RSS:143M, Data:124M) : RTL Light containers ready for module reset_handshake
#     Tue May 13 18:31:11 2025 (VM Peak:180M, Size:180M, RSS:143M, Data:124M) : RTL Light containers ready for module rl_core
#     Tue May 13 18:31:11 2025 (VM Peak:180M, Size:180M, RSS:143M, Data:124M) : RTL Light containers ready for module rl_hpm
#     Tue May 13 18:31:11 2025 (VM Peak:180M, Size:180M, RSS:143M, Data:124M) : RTL Light containers ready for module rl_ifu
#     Tue May 13 18:31:11 2025 (VM Peak:180M, Size:180M, RSS:143M, Data:124M) : RTL Light containers ready for module rl_ifu_fetcher
#     Tue May 13 18:31:11 2025 (VM Peak:180M, Size:180M, RSS:143M, Data:124M) : RTL Light containers ready for module rl_ifu_id_ctrl
#     Tue May 13 18:31:11 2025 (VM Peak:180M, Size:180M, RSS:143M, Data:124M) : RTL Light containers ready for module rl_ifu_iccm
#     Tue May 13 18:31:11 2025 (VM Peak:180M, Size:180M, RSS:143M, Data:124M) : RTL Light containers ready for module iccm_ecc_encoder
#     Tue May 13 18:31:11 2025 (VM Peak:180M, Size:180M, RSS:143M, Data:124M) : RTL Light containers ready for module iccm_ecc_decoder
#     Tue May 13 18:31:11 2025 (VM Peak:180M, Size:180M, RSS:143M, Data:124M) : RTL Light containers ready for module rl_ifu_iccm_csr
#     Tue May 13 18:31:11 2025 (VM Peak:180M, Size:180M, RSS:143M, Data:124M) : RTL Light containers ready for module rl_dmp_amo
#     Tue May 13 18:31:11 2025 (VM Peak:180M, Size:180M, RSS:143M, Data:124M) : RTL Light containers ready for module rl_ifu_icache
#     Tue May 13 18:31:11 2025 (VM Peak:180M, Size:180M, RSS:143M, Data:124M) : RTL Light containers ready for module ic_data_ecc_encoder
#     Tue May 13 18:31:11 2025 (VM Peak:180M, Size:180M, RSS:143M, Data:124M) : RTL Light containers ready for module ic_tag_ecc_encoder
#     Tue May 13 18:31:11 2025 (VM Peak:180M, Size:180M, RSS:143M, Data:124M) : RTL Light containers ready for module ic_tag_ecc_decoder
#     Tue May 13 18:31:11 2025 (VM Peak:180M, Size:180M, RSS:143M, Data:124M) : RTL Light containers ready for module ic_data_ecc_decoder
#     Tue May 13 18:31:11 2025 (VM Peak:180M, Size:180M, RSS:143M, Data:124M) : RTL Light containers ready for module rl_ifu_icache_rf
#     Tue May 13 18:31:11 2025 (VM Peak:180M, Size:180M, RSS:143M, Data:124M) : RTL Light containers ready for module rl_ifu_icache_ctl
#     Tue May 13 18:31:11 2025 (VM Peak:180M, Size:180M, RSS:143M, Data:124M) : RTL Light containers ready for module rl_ifu_align
#     Tue May 13 18:31:11 2025 (VM Peak:180M, Size:180M, RSS:143M, Data:124M) : RTL Light containers ready for module rl_predecoder
#     Tue May 13 18:31:11 2025 (VM Peak:180M, Size:180M, RSS:143M, Data:124M) : RTL Light containers ready for module rl_exu
#     Tue May 13 18:31:11 2025 (VM Peak:180M, Size:180M, RSS:143M, Data:124M) : RTL Light containers ready for module rl_regfile
#     Tue May 13 18:31:11 2025 (VM Peak:180M, Size:180M, RSS:143M, Data:124M) : RTL Light containers ready for module rl_dispatch
#     Tue May 13 18:31:11 2025 (VM Peak:180M, Size:180M, RSS:143M, Data:124M) : RTL Light containers ready for module rl_decoder
#     Tue May 13 18:31:11 2025 (VM Peak:180M, Size:180M, RSS:143M, Data:124M) : RTL Light containers ready for module rl_bypass
#     Tue May 13 18:31:11 2025 (VM Peak:180M, Size:180M, RSS:143M, Data:124M) : RTL Light containers ready for module rl_uop_seq
#     Tue May 13 18:31:11 2025 (VM Peak:180M, Size:180M, RSS:143M, Data:124M) : RTL Light containers ready for module rl_alu
#     Tue May 13 18:31:11 2025 (VM Peak:180M, Size:180M, RSS:143M, Data:124M) : RTL Light containers ready for module rl_alu_data_path
#     Tue May 13 18:31:11 2025 (VM Peak:180M, Size:180M, RSS:143M, Data:124M) : RTL Light containers ready for module rl_maskgen
#     Tue May 13 18:31:11 2025 (VM Peak:180M, Size:180M, RSS:143M, Data:124M) : RTL Light containers ready for module rl_logic_unit
#     Tue May 13 18:31:11 2025 (VM Peak:180M, Size:180M, RSS:143M, Data:124M) : RTL Light containers ready for module rl_byte_unit
#     Tue May 13 18:31:11 2025 (VM Peak:180M, Size:180M, RSS:143M, Data:124M) : RTL Light containers ready for module rl_bitscan
#     Tue May 13 18:31:11 2025 (VM Peak:180M, Size:180M, RSS:143M, Data:124M) : RTL Light containers ready for module rl_bitscan_16b
#     Tue May 13 18:31:11 2025 (VM Peak:180M, Size:180M, RSS:143M, Data:124M) : RTL Light containers ready for module rl_bitscan_8b
#     Tue May 13 18:31:11 2025 (VM Peak:180M, Size:180M, RSS:143M, Data:124M) : RTL Light containers ready for module rl_bitscan_4b
#     Tue May 13 18:31:11 2025 (VM Peak:180M, Size:180M, RSS:143M, Data:124M) : RTL Light containers ready for module rl_branch
#     Tue May 13 18:31:11 2025 (VM Peak:180M, Size:180M, RSS:143M, Data:124M) : RTL Light containers ready for module rl_mpy
#     Tue May 13 18:31:11 2025 (VM Peak:180M, Size:180M, RSS:143M, Data:124M) : RTL Light containers ready for module rl_wtree_32x4
#     Tue May 13 18:31:11 2025 (VM Peak:180M, Size:180M, RSS:143M, Data:124M) : RTL Light containers ready for module rl_wtree_comp302
#     Tue May 13 18:31:11 2025 (VM Peak:180M, Size:180M, RSS:143M, Data:124M) : RTL Light containers ready for module rl_wtree_comp402
#     Tue May 13 18:31:11 2025 (VM Peak:180M, Size:180M, RSS:143M, Data:124M) : RTL Light containers ready for module rl_wtree_comp612
#     Tue May 13 18:31:11 2025 (VM Peak:180M, Size:180M, RSS:143M, Data:124M) : RTL Light containers ready for module rl_wtree_comp522
#     Tue May 13 18:31:11 2025 (VM Peak:180M, Size:180M, RSS:143M, Data:124M) : RTL Light containers ready for module rl_wtree_comp622
#     Tue May 13 18:31:11 2025 (VM Peak:180M, Size:180M, RSS:143M, Data:124M) : RTL Light containers ready for module rl_wtree_comp432
#     Tue May 13 18:31:11 2025 (VM Peak:180M, Size:180M, RSS:143M, Data:124M) : RTL Light containers ready for module rl_wtree_comp222
#     Tue May 13 18:31:11 2025 (VM Peak:180M, Size:180M, RSS:143M, Data:124M) : RTL Light containers ready for module rl_wtree_comp312
#     Tue May 13 18:31:11 2025 (VM Peak:180M, Size:180M, RSS:143M, Data:124M) : RTL Light containers ready for module rl_csr
#     Tue May 13 18:31:11 2025 (VM Peak:180M, Size:180M, RSS:143M, Data:124M) : RTL Light containers ready for module rl_bitscan_32b
#     Tue May 13 18:31:11 2025 (VM Peak:180M, Size:180M, RSS:143M, Data:124M) : RTL Light containers ready for module rl_special
#     Tue May 13 18:31:11 2025 (VM Peak:180M, Size:180M, RSS:143M, Data:124M) : RTL Light containers ready for module rl_pipe_ctrl
#     Tue May 13 18:31:11 2025 (VM Peak:180M, Size:180M, RSS:143M, Data:124M) : RTL Light containers ready for module rl_result_bus
#     Tue May 13 18:31:11 2025 (VM Peak:180M, Size:180M, RSS:143M, Data:124M) : RTL Light containers ready for module rl_debug
#     Tue May 13 18:31:11 2025 (VM Peak:180M, Size:180M, RSS:143M, Data:124M) : RTL Light containers ready for module rl_halt_mgr
#     Tue May 13 18:31:11 2025 (VM Peak:180M, Size:180M, RSS:143M, Data:124M) : RTL Light containers ready for module rl_complete
#     Tue May 13 18:31:11 2025 (VM Peak:180M, Size:180M, RSS:143M, Data:124M) : RTL Light containers ready for module rl_iesb
#     Tue May 13 18:31:11 2025 (VM Peak:180M, Size:180M, RSS:143M, Data:124M) : RTL Light containers ready for module rl_trap
#     Tue May 13 18:31:11 2025 (VM Peak:180M, Size:180M, RSS:143M, Data:124M) : RTL Light containers ready for module rl_dmp
#     Tue May 13 18:31:11 2025 (VM Peak:180M, Size:180M, RSS:143M, Data:124M) : RTL Light containers ready for module rl_dmp_ecc_store_aligner
#     Tue May 13 18:31:11 2025 (VM Peak:180M, Size:180M, RSS:143M, Data:124M) : RTL Light containers ready for module rl_dmp_dccm
#     Tue May 13 18:31:11 2025 (VM Peak:180M, Size:180M, RSS:143M, Data:124M) : RTL Light containers ready for module rl_dmp_dccm_ecc_encoder
#     Tue May 13 18:31:11 2025 (VM Peak:180M, Size:180M, RSS:143M, Data:124M) : RTL Light containers ready for module rl_dmp_dccm_ecc_decoder
#     Tue May 13 18:31:11 2025 (VM Peak:180M, Size:180M, RSS:143M, Data:124M) : RTL Light containers ready for module rl_dmp_dccm_ibp_wrapper
#     Tue May 13 18:31:11 2025 (VM Peak:180M, Size:180M, RSS:143M, Data:124M) : RTL Light containers ready for module rl_dmp_store_aligner
#     Tue May 13 18:31:11 2025 (VM Peak:180M, Size:180M, RSS:143M, Data:124M) : RTL Light containers ready for module rl_dmp_cwb
#     Tue May 13 18:31:11 2025 (VM Peak:180M, Size:180M, RSS:143M, Data:124M) : RTL Light containers ready for module rl_dmp_lsq
#     Tue May 13 18:31:11 2025 (VM Peak:180M, Size:180M, RSS:143M, Data:124M) : RTL Light containers ready for module rl_dmp_lsq_cmd_port
#     Tue May 13 18:31:11 2025 (VM Peak:180M, Size:180M, RSS:143M, Data:124M) : RTL Light containers ready for module rl_dmp_lsq_fifo
#     Tue May 13 18:31:11 2025 (VM Peak:180M, Size:180M, RSS:143M, Data:124M) : RTL Light containers ready for module rl_simple_fifo
#     Tue May 13 18:31:11 2025 (VM Peak:180M, Size:180M, RSS:143M, Data:124M) : RTL Light containers ready for module rl_dmp_load_aligner
#     Tue May 13 18:31:11 2025 (VM Peak:180M, Size:180M, RSS:143M, Data:124M) : RTL Light containers ready for module rl_dmp_csr
#     Tue May 13 18:31:11 2025 (VM Peak:180M, Size:180M, RSS:143M, Data:124M) : RTL Light containers ready for module rl_epmp
#     Tue May 13 18:31:11 2025 (VM Peak:180M, Size:180M, RSS:143M, Data:124M) : RTL Light containers ready for module rl_pmp
#     Tue May 13 18:31:11 2025 (VM Peak:180M, Size:180M, RSS:143M, Data:124M) : RTL Light containers ready for module rl_pmp_hit
#     Tue May 13 18:31:11 2025 (VM Peak:180M, Size:180M, RSS:143M, Data:124M) : RTL Light containers ready for module rl_pma
#     Tue May 13 18:31:11 2025 (VM Peak:180M, Size:180M, RSS:143M, Data:124M) : RTL Light containers ready for module rl_pma_hit
#     Tue May 13 18:31:11 2025 (VM Peak:180M, Size:180M, RSS:143M, Data:124M) : RTL Light containers ready for module rl_triggers
#     Tue May 13 18:31:11 2025 (VM Peak:180M, Size:180M, RSS:143M, Data:124M) : RTL Light containers ready for module rl_triggers_iso
#     Tue May 13 18:31:11 2025 (VM Peak:180M, Size:180M, RSS:143M, Data:124M) : RTL Light containers ready for module rl_sfty_csr
#     Tue May 13 18:31:11 2025 (VM Peak:180M, Size:180M, RSS:143M, Data:124M) : RTL Light containers ready for module DWbb_bcm00_maj
#     Tue May 13 18:31:11 2025 (VM Peak:180M, Size:180M, RSS:143M, Data:124M) : RTL Light containers ready for module rl_ibp2mmio
#     Tue May 13 18:31:11 2025 (VM Peak:180M, Size:180M, RSS:143M, Data:124M) : RTL Light containers ready for module rl_ras_top
#     Tue May 13 18:31:11 2025 (VM Peak:180M, Size:180M, RSS:143M, Data:124M) : RTL Light containers ready for module rl_ibp_target_wrapper
#     Tue May 13 18:31:11 2025 (VM Peak:180M, Size:180M, RSS:143M, Data:124M) : RTL Light containers ready for module rl_ecc_cnt
#     Tue May 13 18:31:11 2025 (VM Peak:180M, Size:180M, RSS:143M, Data:124M) : RTL Light containers ready for module rl_ibp2ahb
#     Tue May 13 18:31:11 2025 (VM Peak:180M, Size:180M, RSS:143M, Data:124M) : RTL Light containers ready for module rl_per_ibp2ahb
#     Tue May 13 18:31:11 2025 (VM Peak:180M, Size:180M, RSS:143M, Data:124M) : RTL Light containers ready for module rl_mmio_ahb2ibp
#     Tue May 13 18:31:11 2025 (VM Peak:180M, Size:180M, RSS:143M, Data:124M) : RTL Light containers ready for module rl_soft_reset_aux
#     Tue May 13 18:31:11 2025 (VM Peak:180M, Size:180M, RSS:143M, Data:124M) : RTL Light containers ready for module arcv_imsic_clint
#     Tue May 13 18:31:11 2025 (VM Peak:180M, Size:180M, RSS:143M, Data:124M) : RTL Light containers ready for module iprio_arb
#     Tue May 13 18:31:11 2025 (VM Peak:180M, Size:180M, RSS:143M, Data:124M) : RTL Light containers ready for module iprio_arb_4to1
#     Tue May 13 18:31:11 2025 (VM Peak:180M, Size:180M, RSS:143M, Data:124M) : RTL Light containers ready for module arcv_timer
#     Tue May 13 18:31:11 2025 (VM Peak:180M, Size:180M, RSS:143M, Data:124M) : RTL Light containers ready for module arcv_watchdog
#     Tue May 13 18:31:11 2025 (VM Peak:180M, Size:180M, RSS:143M, Data:124M) : RTL Light containers ready for module arcv_watchdog_csr
#     Tue May 13 18:31:11 2025 (VM Peak:180M, Size:180M, RSS:143M, Data:124M) : RTL Light containers ready for module arcv_watchdog_ctrl
#     Tue May 13 18:31:11 2025 (VM Peak:180M, Size:180M, RSS:143M, Data:124M) : RTL Light containers ready for module arcv_wd_parity
#     Tue May 13 18:31:11 2025 (VM Peak:180M, Size:180M, RSS:143M, Data:124M) : RTL Light containers ready for module cpu_safety_monitor
#     Tue May 13 18:31:11 2025 (VM Peak:180M, Size:180M, RSS:143M, Data:124M) : RTL Light containers ready for module rl_sfty_mnt_reg_agent
#     Tue May 13 18:31:11 2025 (VM Peak:180M, Size:180M, RSS:143M, Data:124M) : RTL Light containers ready for module ls_sfty_mnt_diag_ctrl
#     Tue May 13 18:31:11 2025 (VM Peak:180M, Size:180M, RSS:143M, Data:124M) : RTL Light containers ready for module rl_sfty_mnt_err_aggr
#     Tue May 13 18:31:11 2025 (VM Peak:180M, Size:180M, RSS:143M, Data:124M) : RTL Light containers ready for module rl_srams
#     Tue May 13 18:31:11 2025 (VM Peak:180M, Size:180M, RSS:143M, Data:124M) : RTL Light containers ready for module ic_tag_ram
#     Tue May 13 18:31:11 2025 (VM Peak:180M, Size:180M, RSS:143M, Data:124M) : RTL Light containers ready for module ic_data_ram
#     Tue May 13 18:31:11 2025 (VM Peak:180M, Size:180M, RSS:143M, Data:124M) : RTL Light containers ready for module iccm0_ram
#     Tue May 13 18:31:11 2025 (VM Peak:180M, Size:180M, RSS:143M, Data:124M) : RTL Light containers ready for module dccm_ram
#     Tue May 13 18:31:11 2025 (VM Peak:180M, Size:180M, RSS:143M, Data:124M) : RTL Light containers ready for module rtlClockControl
#     Tue May 13 18:31:11 2025 (VM Peak:180M, Size:180M, RSS:143M, Data:124M) : RTL Light containers ready for module xtor_t32Jtag_svs
#     Tue May 13 18:31:11 2025 (VM Peak:180M, Size:180M, RSS:143M, Data:124M) : RTL Light containers ready for module zceiTrigger
#     Tue May 13 18:31:11 2025 (VM Peak:180M, Size:180M, RSS:143M, Data:124M) : RTL Light containers ready for module zceiClockPort
#     Tue May 13 18:31:11 2025 (VM Peak:180M, Size:180M, RSS:143M, Data:124M) : RTL Light containers ready for module zceiMessageInPort
#     Tue May 13 18:31:11 2025 (VM Peak:180M, Size:180M, RSS:143M, Data:124M) : RTL Light containers ready for module zceiMessageOutPort
#     Tue May 13 18:31:11 2025 (VM Peak:180M, Size:180M, RSS:143M, Data:124M) : RTL Light containers ready for module zceiClockControl
#     Tue May 13 18:31:11 2025 (VM Peak:180M, Size:180M, RSS:143M, Data:124M) : RTL Light containers ready for module alb_mss_fab_ahbl2ibp_0000
#     Tue May 13 18:31:11 2025 (VM Peak:180M, Size:180M, RSS:143M, Data:124M) : RTL Light containers ready for module alb_mss_fab_fifo_0000
#     Tue May 13 18:31:11 2025 (VM Peak:180M, Size:180M, RSS:143M, Data:124M) : RTL Light containers ready for module alb_mss_fab_fifo_0001
#     Tue May 13 18:31:11 2025 (VM Peak:180M, Size:180M, RSS:143M, Data:124M) : RTL Light containers ready for module alb_mss_fab_fifo_0002
#     Tue May 13 18:31:11 2025 (VM Peak:180M, Size:180M, RSS:143M, Data:124M) : RTL Light containers ready for module alb_mss_fab_fifo_0003
#     Tue May 13 18:31:11 2025 (VM Peak:180M, Size:180M, RSS:143M, Data:124M) : RTL Light containers ready for module alb_mss_fab_fifo_0004
#     Tue May 13 18:31:11 2025 (VM Peak:180M, Size:180M, RSS:143M, Data:124M) : RTL Light containers ready for module alb_mss_fab_fifo_0005
#     Tue May 13 18:31:11 2025 (VM Peak:180M, Size:180M, RSS:143M, Data:124M) : RTL Light containers ready for module alb_mss_fab_fifo_0006
#     Tue May 13 18:31:11 2025 (VM Peak:180M, Size:180M, RSS:143M, Data:124M) : RTL Light containers ready for module alb_mss_fab_fifo_0007
#     Tue May 13 18:31:11 2025 (VM Peak:180M, Size:180M, RSS:143M, Data:124M) : RTL Light containers ready for module alb_mss_fab_fifo_0008
#     Tue May 13 18:31:11 2025 (VM Peak:180M, Size:180M, RSS:143M, Data:124M) : RTL Light containers ready for module alb_mss_fab_fifo_0009
#     Tue May 13 18:31:11 2025 (VM Peak:180M, Size:180M, RSS:143M, Data:124M) : RTL Light containers ready for module alb_mss_fab_axi2ibp_0000
#     Tue May 13 18:31:11 2025 (VM Peak:180M, Size:180M, RSS:143M, Data:124M) : RTL Light containers ready for module alb_mss_fab_axi2ibp_0001
#     Tue May 13 18:31:11 2025 (VM Peak:180M, Size:180M, RSS:143M, Data:124M) : RTL Light containers ready for module alb_mss_fab_bypbuf_0000
#     Tue May 13 18:31:11 2025 (VM Peak:180M, Size:180M, RSS:143M, Data:124M) : RTL Light containers ready for module alb_mss_fab_ibp_buffer_0000
#     Tue May 13 18:31:11 2025 (VM Peak:180M, Size:180M, RSS:143M, Data:124M) : RTL Light containers ready for module alb_mss_fab_bus_lat_0000
#     Tue May 13 18:31:11 2025 (VM Peak:180M, Size:180M, RSS:143M, Data:124M) : RTL Light containers ready for module mss_bus_switch_slv_ibp_buffer_0000
#     Tue May 13 18:31:11 2025 (VM Peak:180M, Size:180M, RSS:143M, Data:124M) : RTL Light containers ready for module mss_bus_switch_slv_ibp_buffer_0001
#     Tue May 13 18:31:11 2025 (VM Peak:180M, Size:180M, RSS:143M, Data:124M) : RTL Light containers ready for module mss_bus_switch_fifo_0000
#     Tue May 13 18:31:11 2025 (VM Peak:180M, Size:180M, RSS:143M, Data:124M) : RTL Light containers ready for module mss_bus_switch_fifo_0001
#     Tue May 13 18:31:11 2025 (VM Peak:180M, Size:180M, RSS:143M, Data:124M) : RTL Light containers ready for module mss_bus_switch_ibpx2ibpy_0000
#     Tue May 13 18:31:11 2025 (VM Peak:180M, Size:180M, RSS:143M, Data:124M) : RTL Light containers ready for module mss_bus_switch_ibpx2ibpy_0001
#     Tue May 13 18:31:11 2025 (VM Peak:180M, Size:180M, RSS:143M, Data:124M) : RTL Light containers ready for module mss_bus_switch_ibpx2ibpy_0002
#     Tue May 13 18:31:11 2025 (VM Peak:180M, Size:180M, RSS:143M, Data:124M) : RTL Light containers ready for module mss_bus_switch_ibp_split_0000
#     Tue May 13 18:31:11 2025 (VM Peak:180M, Size:180M, RSS:143M, Data:124M) : RTL Light containers ready for module mss_bus_switch_ibp_cwbind_0000
#     Tue May 13 18:31:11 2025 (VM Peak:180M, Size:180M, RSS:143M, Data:124M) : RTL Light containers ready for module mss_bus_switch_ibp_compr_0000
#     Tue May 13 18:31:11 2025 (VM Peak:180M, Size:180M, RSS:143M, Data:124M) : RTL Light containers ready for module mss_bus_switch_rrobin
#     Tue May 13 18:31:11 2025 (VM Peak:180M, Size:180M, RSS:143M, Data:124M) : RTL Light containers ready for module mss_bus_switch_mst_ibp_buffer_0000
#     Tue May 13 18:31:11 2025 (VM Peak:180M, Size:180M, RSS:143M, Data:124M) : RTL Light containers ready for module mss_bus_switch_default_slv_0000
#     Tue May 13 18:31:11 2025 (VM Peak:180M, Size:180M, RSS:143M, Data:124M) : RTL Light containers ready for module alb_mss_fab_ibp2single_0000
#     Tue May 13 18:31:11 2025 (VM Peak:180M, Size:180M, RSS:143M, Data:124M) : RTL Light containers ready for module alb_mss_fab_single2sparse_0000
#     Tue May 13 18:31:11 2025 (VM Peak:180M, Size:180M, RSS:143M, Data:124M) : RTL Light containers ready for module alb_mss_mem_bypbuf_0000
#     Tue May 13 18:31:11 2025 (VM Peak:180M, Size:180M, RSS:143M, Data:124M) : RTL Light containers ready for module alb_mss_mem_fifo_0000
#     Tue May 13 18:31:11 2025 (VM Peak:180M, Size:180M, RSS:143M, Data:124M) : RTL Light containers ready for module alb_mss_mem_fifo_0001
#     Tue May 13 18:31:11 2025 (VM Peak:180M, Size:180M, RSS:143M, Data:124M) : RTL Light containers ready for module alb_mss_mem_fifo_0002
#     Tue May 13 18:31:11 2025 (VM Peak:180M, Size:180M, RSS:143M, Data:124M) : RTL Light containers ready for module alb_mss_mem_fifo_0003
#     Tue May 13 18:31:11 2025 (VM Peak:180M, Size:180M, RSS:143M, Data:124M) : RTL Light containers ready for module alb_mss_mem_ibp_excl_0000
#     Tue May 13 18:31:11 2025 (VM Peak:180M, Size:180M, RSS:143M, Data:124M) : RTL Light containers ready for module alb_mss_mem_ibp_split_0000
#     Tue May 13 18:31:11 2025 (VM Peak:180M, Size:180M, RSS:143M, Data:124M) : RTL Light containers ready for module alb_mss_mem_lat_0000
#     Tue May 13 18:31:11 2025 (VM Peak:180M, Size:180M, RSS:143M, Data:124M) : RTL Light containers ready for module alb_mss_mem_ibp2single_0000
#     Tue May 13 18:31:11 2025 (VM Peak:180M, Size:180M, RSS:143M, Data:124M) : RTL Light containers ready for module alb_mss_mem_ibp_bypbuf_0000
#     Tue May 13 18:31:11 2025 (VM Peak:180M, Size:180M, RSS:143M, Data:124M) : RTL Light containers ready for module alb_mss_mem_ibp_cwbind_0000
#     Tue May 13 18:31:11 2025 (VM Peak:180M, Size:180M, RSS:143M, Data:124M) : RTL Light containers ready for module alb_mss_fpga_sram_0000
#     Tue May 13 18:31:11 2025 (VM Peak:180M, Size:180M, RSS:143M, Data:124M) : RTL Light containers ready for module zz_Encrypt_5
#     Tue May 13 18:31:11 2025 (VM Peak:180M, Size:180M, RSS:143M, Data:124M) : RTL Light containers ready for module DWbb_bcm21_atv_0000
#     Tue May 13 18:31:11 2025 (VM Peak:180M, Size:180M, RSS:143M, Data:124M) : RTL Light containers ready for module DWbb_bcm21_atv_0001
#     Tue May 13 18:31:11 2025 (VM Peak:180M, Size:180M, RSS:143M, Data:124M) : RTL Light containers ready for module err_inj_ctrl_0000
#     Tue May 13 18:31:11 2025 (VM Peak:180M, Size:180M, RSS:143M, Data:124M) : RTL Light containers ready for module ls_compare_unit_0000
#     Tue May 13 18:31:11 2025 (VM Peak:180M, Size:180M, RSS:143M, Data:124M) : RTL Light containers ready for module ls_compare_unit_0001
#     Tue May 13 18:31:11 2025 (VM Peak:180M, Size:180M, RSS:143M, Data:124M) : RTL Light containers ready for module ls_compare_unit_0002
#     Tue May 13 18:31:11 2025 (VM Peak:180M, Size:180M, RSS:143M, Data:124M) : RTL Light containers ready for module ls_compare_unit_0003
#     Tue May 13 18:31:11 2025 (VM Peak:180M, Size:180M, RSS:143M, Data:124M) : RTL Light containers ready for module ls_compare_unit_0004
#     Tue May 13 18:31:11 2025 (VM Peak:180M, Size:180M, RSS:143M, Data:124M) : RTL Light containers ready for module ls_compare_unit_0005
#     Tue May 13 18:31:11 2025 (VM Peak:180M, Size:180M, RSS:143M, Data:124M) : RTL Light containers ready for module ls_compare_unit_0006
#     Tue May 13 18:31:11 2025 (VM Peak:180M, Size:180M, RSS:143M, Data:124M) : RTL Light containers ready for module ls_compare_unit_0007
#     Tue May 13 18:31:11 2025 (VM Peak:180M, Size:180M, RSS:143M, Data:124M) : RTL Light containers ready for module ls_compare_unit_0008
#     Tue May 13 18:31:11 2025 (VM Peak:180M, Size:180M, RSS:143M, Data:124M) : RTL Light containers ready for module ls_compare_unit_0009
#     Tue May 13 18:31:11 2025 (VM Peak:180M, Size:180M, RSS:143M, Data:124M) : RTL Light containers ready for module ls_compare_unit_000A
#     Tue May 13 18:31:11 2025 (VM Peak:180M, Size:180M, RSS:143M, Data:124M) : RTL Light containers ready for module ls_compare_unit_000B
#     Tue May 13 18:31:11 2025 (VM Peak:180M, Size:180M, RSS:143M, Data:124M) : RTL Light containers ready for module ls_compare_unit_000C
#     Tue May 13 18:31:11 2025 (VM Peak:180M, Size:180M, RSS:143M, Data:124M) : RTL Light containers ready for module ls_compare_unit_000D
#     Tue May 13 18:31:11 2025 (VM Peak:180M, Size:180M, RSS:143M, Data:124M) : RTL Light containers ready for module ls_compare_unit_000E
#     Tue May 13 18:31:11 2025 (VM Peak:180M, Size:180M, RSS:143M, Data:124M) : RTL Light containers ready for module ls_compare_unit_000F
#     Tue May 13 18:31:11 2025 (VM Peak:180M, Size:180M, RSS:143M, Data:124M) : RTL Light containers ready for module ls_error_register_0000
#     Tue May 13 18:31:11 2025 (VM Peak:180M, Size:180M, RSS:143M, Data:124M) : RTL Light containers ready for module rl_adder_0000
#     Tue May 13 18:31:11 2025 (VM Peak:180M, Size:180M, RSS:143M, Data:124M) : RTL Light containers ready for module rl_shifter_0000
#     Tue May 13 18:31:11 2025 (VM Peak:180M, Size:180M, RSS:143M, Data:124M) : RTL Light containers ready for module sfty_ibp_ini_e2e_wrap_0000
#     Tue May 13 18:31:11 2025 (VM Peak:180M, Size:180M, RSS:143M, Data:124M) : RTL Light containers ready for module sr_err_aggr_0000
#     Tue May 13 18:31:11 2025 (VM Peak:180M, Size:180M, RSS:143M, Data:124M) : RTL Light containers ready for module rl_parity_gen_0000
#     Tue May 13 18:31:11 2025 (VM Peak:180M, Size:180M, RSS:143M, Data:124M) : RTL Light containers ready for module rl_parity_gen_0001
#     Tue May 13 18:31:11 2025 (VM Peak:180M, Size:180M, RSS:143M, Data:124M) : RTL Light containers ready for module rl_parity_gen_0002
#     Tue May 13 18:31:11 2025 (VM Peak:180M, Size:180M, RSS:143M, Data:124M) : RTL Light containers ready for module rl_parity_chk_0000
#     Tue May 13 18:31:11 2025 (VM Peak:180M, Size:180M, RSS:143M, Data:124M) : RTL Light containers ready for module rl_parity_chk_0001
#     Tue May 13 18:31:11 2025 (VM Peak:180M, Size:180M, RSS:143M, Data:124M) : RTL Light containers ready for module rl_parity_chk_0002
#     Tue May 13 18:31:11 2025 (VM Peak:180M, Size:180M, RSS:143M, Data:124M) : RTL Light containers ready for module rl_ahb2ibp_0000
#     Tue May 13 18:31:11 2025 (VM Peak:180M, Size:180M, RSS:143M, Data:124M) : RTL Light containers ready for module rl_ahb2ibp_0001
#     Tue May 13 18:31:11 2025 (VM Peak:180M, Size:180M, RSS:143M, Data:124M) : RTL Light containers ready for module sfty_dmsi_down_tgt_e2e_wrap_0000
#     Tue May 13 18:31:11 2025 (VM Peak:180M, Size:180M, RSS:143M, Data:124M) : RTL Light containers ready for module rl_sfty_ibp_tgt_e2e_wrap_0000
#     Tue May 13 18:31:11 2025 (VM Peak:180M, Size:180M, RSS:143M, Data:124M) : RTL Light containers ready for module fpga_sram_0000
#     Tue May 13 18:31:11 2025 (VM Peak:180M, Size:180M, RSS:143M, Data:124M) : RTL Light containers ready for module fpga_sram_0001
#     Tue May 13 18:31:11 2025 (VM Peak:180M, Size:180M, RSS:143M, Data:124M) : RTL Light containers ready for module fpga_sram_0002
#     Tue May 13 18:31:11 2025 (VM Peak:180M, Size:180M, RSS:143M, Data:124M) : RTL Light containers ready for module mss_bus_switch_ibpw2ibpn_0000
#     Tue May 13 18:31:11 2025 (VM Peak:180M, Size:180M, RSS:143M, Data:124M) : RTL Light containers ready for module mss_bus_switch_ibpw2ibpn_0001
#     Tue May 13 18:31:11 2025 (VM Peak:180M, Size:180M, RSS:143M, Data:124M) : RTL Light containers ready for module mss_bus_switch_ibpn2ibpw_0000
#     Tue May 13 18:31:11 2025 (VM Peak:180M, Size:180M, RSS:143M, Data:124M) : RTL Light containers ready for module mss_bus_switch_ibp2single_0000
#     Tue May 13 18:31:11 2025 (VM Peak:180M, Size:180M, RSS:143M, Data:124M) : RTL Light containers ready for module DWbb_bcm21_0000
#     Tue May 13 18:31:11 2025 (VM Peak:180M, Size:180M, RSS:143M, Data:124M) : RTL Light containers ready for module DWbb_bcm99
#     Tue May 13 18:31:11 2025 (VM Peak:180M, Size:180M, RSS:143M, Data:124M) : RTL Light containers ready for module ls_multi_bit_comparator_0000
#     Tue May 13 18:31:11 2025 (VM Peak:180M, Size:180M, RSS:143M, Data:124M) : RTL Light containers ready for module ls_multi_bit_comparator_0001
#     Tue May 13 18:31:11 2025 (VM Peak:180M, Size:180M, RSS:143M, Data:124M) : RTL Light containers ready for module ls_multi_bit_comparator_0002
#     Tue May 13 18:31:11 2025 (VM Peak:180M, Size:180M, RSS:143M, Data:124M) : RTL Light containers ready for module ls_multi_bit_comparator_0003
#     Tue May 13 18:31:11 2025 (VM Peak:180M, Size:180M, RSS:143M, Data:124M) : RTL Light containers ready for module ls_multi_bit_comparator_0004
#     Tue May 13 18:31:11 2025 (VM Peak:180M, Size:180M, RSS:143M, Data:124M) : RTL Light containers ready for module ls_multi_bit_comparator_0005
#     Tue May 13 18:31:11 2025 (VM Peak:180M, Size:180M, RSS:143M, Data:124M) : RTL Light containers ready for module ls_multi_bit_comparator_0006
#     Tue May 13 18:31:11 2025 (VM Peak:180M, Size:180M, RSS:143M, Data:124M) : RTL Light containers ready for module odd_pty_enc_0000
#     Tue May 13 18:31:11 2025 (VM Peak:180M, Size:180M, RSS:143M, Data:124M) : RTL Light containers ready for module odd_pty_enc_0001
#     Tue May 13 18:31:11 2025 (VM Peak:180M, Size:180M, RSS:143M, Data:124M) : RTL Light containers ready for module odd_pty_dec_wrap_0000
#     Tue May 13 18:31:11 2025 (VM Peak:180M, Size:180M, RSS:143M, Data:124M) : RTL Light containers ready for module odd_pty_dec
#     Tue May 13 18:31:11 2025 (VM Peak:180M, Size:180M, RSS:143M, Data:124M) : RTL Light containers ready for module odd_pty_qual_dec_wrap_0000
#     Tue May 13 18:31:11 2025 (VM Peak:180M, Size:180M, RSS:143M, Data:124M) : RTL Light containers ready for module e2e_edc32_1stg_qual_chk_wrap_0000
#     Tue May 13 18:31:11 2025 (VM Peak:180M, Size:180M, RSS:143M, Data:124M) : RTL Light containers ready for module e2e_edc32_1stg_chk
#     Tue May 13 18:31:11 2025 (VM Peak:180M, Size:180M, RSS:143M, Data:124M) : RTL Light containers ready for module odd_pty_di_dec_wrap_0000
#     Tue May 13 18:31:11 2025 (VM Peak:180M, Size:180M, RSS:143M, Data:124M) : RTL Light containers ready for module odd_pty_qual_di_dec_wrap_0000
#     Tue May 13 18:31:11 2025 (VM Peak:180M, Size:180M, RSS:143M, Data:124M) : RTL Light containers ready for module multi_bit_comparator_0000
#     Tue May 13 18:31:11 2025 (VM Peak:180M, Size:180M, RSS:143M, Data:124M) : RTL Light containers ready for module clockDelayPort_0000
#     Tue May 13 18:31:11 2025 (VM Peak:180M, Size:180M, RSS:143M, Data:124M) : RTL Light containers ready for module alb_mss_fab_slv_axi_buffer_0000
#     Tue May 13 18:31:11 2025 (VM Peak:180M, Size:180M, RSS:143M, Data:124M) : RTL Light containers ready for module alb_mss_fab_ibp2pack_0000
#     Tue May 13 18:31:11 2025 (VM Peak:180M, Size:180M, RSS:143M, Data:124M) : RTL Light containers ready for module alb_mss_fab_ibp2pack_0001
#     Tue May 13 18:31:11 2025 (VM Peak:180M, Size:180M, RSS:143M, Data:124M) : RTL Light containers ready for module alb_mss_fab_ibp2pack_0002
#     Tue May 13 18:31:11 2025 (VM Peak:180M, Size:180M, RSS:143M, Data:124M) : RTL Light containers ready for module alb_mss_fab_ibp2pack_0003
#     Tue May 13 18:31:11 2025 (VM Peak:180M, Size:180M, RSS:143M, Data:124M) : RTL Light containers ready for module alb_mss_fab_pack2ibp_0000
#     Tue May 13 18:31:11 2025 (VM Peak:180M, Size:180M, RSS:143M, Data:124M) : RTL Light containers ready for module alb_mss_fab_pack2ibp_0001
#     Tue May 13 18:31:11 2025 (VM Peak:180M, Size:180M, RSS:143M, Data:124M) : RTL Light containers ready for module alb_mss_fab_pack2ibp_0002
#     Tue May 13 18:31:11 2025 (VM Peak:180M, Size:180M, RSS:143M, Data:124M) : RTL Light containers ready for module alb_mss_fab_pack2ibp_0003
#     Tue May 13 18:31:11 2025 (VM Peak:180M, Size:180M, RSS:143M, Data:124M) : RTL Light containers ready for module alb_mss_fab_ibp_lat_0000
#     Tue May 13 18:31:11 2025 (VM Peak:180M, Size:180M, RSS:143M, Data:124M) : RTL Light containers ready for module mss_bus_switch_ibp2pack_0000
#     Tue May 13 18:31:11 2025 (VM Peak:180M, Size:180M, RSS:143M, Data:124M) : RTL Light containers ready for module mss_bus_switch_ibp2pack_0001
#     Tue May 13 18:31:11 2025 (VM Peak:180M, Size:180M, RSS:143M, Data:124M) : RTL Light containers ready for module mss_bus_switch_ibp2pack_0002
#     Tue May 13 18:31:11 2025 (VM Peak:180M, Size:180M, RSS:143M, Data:124M) : RTL Light containers ready for module mss_bus_switch_ibp2ibps_0000
#     Tue May 13 18:31:11 2025 (VM Peak:180M, Size:180M, RSS:143M, Data:124M) : RTL Light containers ready for module mss_bus_switch_pack2ibp_0000
#     Tue May 13 18:31:11 2025 (VM Peak:180M, Size:180M, RSS:143M, Data:124M) : RTL Light containers ready for module mss_bus_switch_pack2ibp_0001
#     Tue May 13 18:31:11 2025 (VM Peak:180M, Size:180M, RSS:143M, Data:124M) : RTL Light containers ready for module alb_mss_fab_ibp2apb_0000
#     Tue May 13 18:31:11 2025 (VM Peak:180M, Size:180M, RSS:143M, Data:124M) : RTL Light containers ready for module zz_Encrypt_6
#     Tue May 13 18:31:11 2025 (VM Peak:180M, Size:180M, RSS:143M, Data:124M) : RTL Light containers ready for module ls_cdc_sync_0000
#     Tue May 13 18:31:11 2025 (VM Peak:180M, Size:180M, RSS:143M, Data:124M) : RTL Light containers ready for module dwt_reset_ctrl_0000
#     Tue May 13 18:31:11 2025 (VM Peak:180M, Size:180M, RSS:143M, Data:124M) : RTL Light containers ready for module simple_parity_0000
#     Tue May 13 18:31:11 2025 (VM Peak:180M, Size:180M, RSS:143M, Data:124M) : RTL Light containers ready for module arcv_wd_parity_0000
#     Tue May 13 18:31:11 2025 (VM Peak:180M, Size:180M, RSS:143M, Data:124M) : RTL Light containers ready for module arcv_wd_parity_0001
#     Tue May 13 18:31:11 2025 (VM Peak:180M, Size:180M, RSS:143M, Data:124M) : RTL Light containers ready for module arcv_wd_parity_0002
#     Tue May 13 18:31:11 2025 (VM Peak:180M, Size:180M, RSS:143M, Data:124M) : RTL Light containers ready for module ls_sfty_mnt_diag_ctrl_0000
#     Tue May 13 18:31:11 2025 (VM Peak:180M, Size:180M, RSS:143M, Data:124M) : RTL Light containers ready for module alb_mss_fab_fifo_0000_0000
#     Tue May 13 18:31:11 2025 (VM Peak:180M, Size:180M, RSS:143M, Data:124M) : RTL Light containers ready for module alb_mss_fab_fifo_0000_0001
#     Tue May 13 18:31:11 2025 (VM Peak:180M, Size:180M, RSS:143M, Data:124M) : RTL Light containers ready for module alb_mss_fab_fifo_0000_0002
#     Tue May 13 18:31:11 2025 (VM Peak:180M, Size:180M, RSS:143M, Data:124M) : RTL Light containers ready for module alb_mss_fab_fifo_0000_0003
#     Tue May 13 18:31:11 2025 (VM Peak:180M, Size:180M, RSS:143M, Data:124M) : RTL Light containers ready for module alb_mss_fab_fifo_0000_0004
#     Tue May 13 18:31:11 2025 (VM Peak:180M, Size:180M, RSS:143M, Data:124M) : RTL Light containers ready for module alb_mss_fab_fifo_0000_0005
#     Tue May 13 18:31:11 2025 (VM Peak:180M, Size:180M, RSS:143M, Data:124M) : RTL Light containers ready for module alb_mss_fab_fifo_0000_0006
#     Tue May 13 18:31:11 2025 (VM Peak:180M, Size:180M, RSS:143M, Data:124M) : RTL Light containers ready for module alb_mss_fab_fifo_0000_0007
#     Tue May 13 18:31:11 2025 (VM Peak:180M, Size:180M, RSS:143M, Data:124M) : RTL Light containers ready for module alb_mss_fab_fifo_0000_0008
#     Tue May 13 18:31:11 2025 (VM Peak:180M, Size:180M, RSS:143M, Data:124M) : RTL Light containers ready for module alb_mss_fab_fifo_0000_0009
#     Tue May 13 18:31:11 2025 (VM Peak:180M, Size:180M, RSS:143M, Data:124M) : RTL Light containers ready for module alb_mss_fab_fifo_0000_000A
#     Tue May 13 18:31:11 2025 (VM Peak:180M, Size:180M, RSS:143M, Data:124M) : RTL Light containers ready for module alb_mss_fab_fifo_0000_000B
#     Tue May 13 18:31:11 2025 (VM Peak:180M, Size:180M, RSS:143M, Data:124M) : RTL Light containers ready for module alb_mss_fab_fifo_0000_000C
#     Tue May 13 18:31:11 2025 (VM Peak:180M, Size:180M, RSS:143M, Data:124M) : RTL Light containers ready for module alb_mss_fab_fifo_0000_000D
#     Tue May 13 18:31:11 2025 (VM Peak:180M, Size:180M, RSS:143M, Data:124M) : RTL Light containers ready for module alb_mss_fab_fifo_0000_000E
#     Tue May 13 18:31:11 2025 (VM Peak:180M, Size:180M, RSS:143M, Data:124M) : RTL Light containers ready for module alb_mss_fab_fifo_0000_000F
#     Tue May 13 18:31:11 2025 (VM Peak:180M, Size:180M, RSS:143M, Data:124M) : RTL Light containers ready for module alb_mss_fab_fifo_0000_0010
#     Tue May 13 18:31:11 2025 (VM Peak:180M, Size:180M, RSS:143M, Data:124M) : RTL Light containers ready for module alb_mss_fab_fifo_0000_0011
#     Tue May 13 18:31:11 2025 (VM Peak:180M, Size:180M, RSS:143M, Data:124M) : RTL Light containers ready for module alb_mss_fab_fifo_0001_0000
#     Tue May 13 18:31:11 2025 (VM Peak:180M, Size:180M, RSS:143M, Data:124M) : RTL Light containers ready for module alb_mss_fab_fifo_0001_0001
#     Tue May 13 18:31:11 2025 (VM Peak:180M, Size:180M, RSS:143M, Data:124M) : RTL Light containers ready for module alb_mss_fab_fifo_0001_0002
#     Tue May 13 18:31:11 2025 (VM Peak:180M, Size:180M, RSS:143M, Data:124M) : RTL Light containers ready for module alb_mss_fab_fifo_0001_0003
#     Tue May 13 18:31:11 2025 (VM Peak:180M, Size:180M, RSS:143M, Data:124M) : RTL Light containers ready for module alb_mss_fab_fifo_0001_0004
#     Tue May 13 18:31:11 2025 (VM Peak:180M, Size:180M, RSS:143M, Data:124M) : RTL Light containers ready for module alb_mss_fab_fifo_0001_0005
#     Tue May 13 18:31:11 2025 (VM Peak:180M, Size:180M, RSS:143M, Data:124M) : RTL Light containers ready for module alb_mss_fab_fifo_0001_0006
#     Tue May 13 18:31:11 2025 (VM Peak:180M, Size:180M, RSS:143M, Data:124M) : RTL Light containers ready for module alb_mss_fab_fifo_0001_0007
#     Tue May 13 18:31:11 2025 (VM Peak:180M, Size:180M, RSS:143M, Data:124M) : RTL Light containers ready for module alb_mss_fab_fifo_0001_0008
#     Tue May 13 18:31:11 2025 (VM Peak:180M, Size:180M, RSS:143M, Data:124M) : RTL Light containers ready for module alb_mss_fab_fifo_0001_0009
#     Tue May 13 18:31:11 2025 (VM Peak:180M, Size:180M, RSS:143M, Data:124M) : RTL Light containers ready for module alb_mss_fab_fifo_0001_000A
#     Tue May 13 18:31:11 2025 (VM Peak:180M, Size:180M, RSS:143M, Data:124M) : RTL Light containers ready for module alb_mss_fab_fifo_0002_0000
#     Tue May 13 18:31:11 2025 (VM Peak:180M, Size:180M, RSS:143M, Data:124M) : RTL Light containers ready for module alb_mss_fab_fifo_0002_0001
#     Tue May 13 18:31:11 2025 (VM Peak:180M, Size:180M, RSS:143M, Data:124M) : RTL Light containers ready for module alb_mss_fab_fifo_0003_0000
#     Tue May 13 18:31:11 2025 (VM Peak:180M, Size:180M, RSS:143M, Data:124M) : RTL Light containers ready for module alb_mss_fab_fifo_0004_0000
#     Tue May 13 18:31:11 2025 (VM Peak:180M, Size:180M, RSS:143M, Data:124M) : RTL Light containers ready for module alb_mss_fab_fifo_0005_0000
#     Tue May 13 18:31:11 2025 (VM Peak:180M, Size:180M, RSS:143M, Data:124M) : RTL Light containers ready for module alb_mss_fab_bypbuf_0000_0000
#     Tue May 13 18:31:11 2025 (VM Peak:180M, Size:180M, RSS:143M, Data:124M) : RTL Light containers ready for module alb_mss_fab_bypbuf_0000_0001
#     Tue May 13 18:31:11 2025 (VM Peak:180M, Size:180M, RSS:143M, Data:124M) : RTL Light containers ready for module alb_mss_fab_ibp_buffer_0000_0000
#     Tue May 13 18:31:11 2025 (VM Peak:180M, Size:180M, RSS:143M, Data:124M) : RTL Light containers ready for module alb_mss_fab_ibp_buffer_0000_0001
#     Tue May 13 18:31:11 2025 (VM Peak:180M, Size:180M, RSS:143M, Data:124M) : RTL Light containers ready for module alb_mss_fab_ibp_buffer_0000_0002
#     Tue May 13 18:31:11 2025 (VM Peak:180M, Size:180M, RSS:143M, Data:124M) : RTL Light containers ready for module alb_mss_fab_ibp_buffer_0000_0003
#     Tue May 13 18:31:11 2025 (VM Peak:180M, Size:180M, RSS:143M, Data:124M) : RTL Light containers ready for module alb_mss_fab_ibp_buffer_0000_0004
#     Tue May 13 18:31:11 2025 (VM Peak:180M, Size:180M, RSS:143M, Data:124M) : RTL Light containers ready for module alb_mss_fab_ibp_buffer_0000_0005
#     Tue May 13 18:31:11 2025 (VM Peak:180M, Size:180M, RSS:143M, Data:124M) : RTL Light containers ready for module alb_mss_fab_ibp_buffer_0000_0006
#     Tue May 13 18:31:11 2025 (VM Peak:180M, Size:180M, RSS:143M, Data:124M) : RTL Light containers ready for module alb_mss_fab_ibp_buffer_0000_0007
#     Tue May 13 18:31:11 2025 (VM Peak:180M, Size:180M, RSS:143M, Data:124M) : RTL Light containers ready for module alb_mss_fab_ibp_buffer_0000_0008
#     Tue May 13 18:31:11 2025 (VM Peak:180M, Size:180M, RSS:143M, Data:124M) : RTL Light containers ready for module alb_mss_fab_bus_lat_0000_0000
#     Tue May 13 18:31:11 2025 (VM Peak:180M, Size:180M, RSS:143M, Data:124M) : RTL Light containers ready for module mss_bus_switch_slv_ibp_buffer_0000_0000
#     Tue May 13 18:31:11 2025 (VM Peak:180M, Size:180M, RSS:143M, Data:124M) : RTL Light containers ready for module mss_bus_switch_slv_ibp_buffer_0001_0000
#     Tue May 13 18:31:11 2025 (VM Peak:180M, Size:180M, RSS:143M, Data:124M) : RTL Light containers ready for module mss_bus_switch_fifo_0000_0000
#     Tue May 13 18:31:11 2025 (VM Peak:180M, Size:180M, RSS:143M, Data:124M) : RTL Light containers ready for module mss_bus_switch_fifo_0000_0001
#     Tue May 13 18:31:11 2025 (VM Peak:180M, Size:180M, RSS:143M, Data:124M) : RTL Light containers ready for module mss_bus_switch_fifo_0000_0002
#     Tue May 13 18:31:11 2025 (VM Peak:180M, Size:180M, RSS:143M, Data:124M) : RTL Light containers ready for module mss_bus_switch_fifo_0000_0003
#     Tue May 13 18:31:11 2025 (VM Peak:180M, Size:180M, RSS:143M, Data:124M) : RTL Light containers ready for module mss_bus_switch_fifo_0000_0004
#     Tue May 13 18:31:11 2025 (VM Peak:180M, Size:180M, RSS:143M, Data:124M) : RTL Light containers ready for module mss_bus_switch_fifo_0000_0005
#     Tue May 13 18:31:11 2025 (VM Peak:180M, Size:180M, RSS:143M, Data:124M) : RTL Light containers ready for module mss_bus_switch_fifo_0000_0006
#     Tue May 13 18:31:11 2025 (VM Peak:180M, Size:180M, RSS:143M, Data:124M) : RTL Light containers ready for module mss_bus_switch_fifo_0000_0007
#     Tue May 13 18:31:11 2025 (VM Peak:180M, Size:180M, RSS:143M, Data:124M) : RTL Light containers ready for module mss_bus_switch_fifo_0001_0000
#     Tue May 13 18:31:11 2025 (VM Peak:180M, Size:180M, RSS:143M, Data:124M) : RTL Light containers ready for module mss_bus_switch_fifo_0001_0001
#     Tue May 13 18:31:11 2025 (VM Peak:180M, Size:180M, RSS:143M, Data:124M) : RTL Light containers ready for module mss_bus_switch_fifo_0001_0002
#     Tue May 13 18:31:11 2025 (VM Peak:180M, Size:180M, RSS:143M, Data:124M) : RTL Light containers ready for module mss_bus_switch_fifo_0001_0003
#     Tue May 13 18:31:11 2025 (VM Peak:180M, Size:180M, RSS:143M, Data:124M) : RTL Light containers ready for module mss_bus_switch_fifo_0001_0004
#     Tue May 13 18:31:11 2025 (VM Peak:180M, Size:180M, RSS:143M, Data:124M) : RTL Light containers ready for module mss_bus_switch_ibpx2ibpy_0000_0000
#     Tue May 13 18:31:11 2025 (VM Peak:180M, Size:180M, RSS:143M, Data:124M) : RTL Light containers ready for module mss_bus_switch_ibpx2ibpy_0000_0001
#     Tue May 13 18:31:11 2025 (VM Peak:180M, Size:180M, RSS:143M, Data:124M) : RTL Light containers ready for module mss_bus_switch_ibpx2ibpy_0001_0000
#     Tue May 13 18:31:11 2025 (VM Peak:180M, Size:180M, RSS:143M, Data:124M) : RTL Light containers ready for module mss_bus_switch_ibp_split_0000_0000
#     Tue May 13 18:31:11 2025 (VM Peak:180M, Size:180M, RSS:143M, Data:124M) : RTL Light containers ready for module mss_bus_switch_ibp_cwbind_0000_0000
#     Tue May 13 18:31:11 2025 (VM Peak:180M, Size:180M, RSS:143M, Data:124M) : RTL Light containers ready for module mss_bus_switch_ibp_compr_0000_0000
#     Tue May 13 18:31:11 2025 (VM Peak:180M, Size:180M, RSS:143M, Data:124M) : RTL Light containers ready for module mss_bus_switch_mst_ibp_buffer_0000_0000
#     Tue May 13 18:31:11 2025 (VM Peak:180M, Size:180M, RSS:143M, Data:124M) : RTL Light containers ready for module alb_mss_fab_ibp2single_0000_0000
#     Tue May 13 18:31:11 2025 (VM Peak:180M, Size:180M, RSS:143M, Data:124M) : RTL Light containers ready for module alb_mss_fab_ibp2single_0000_0001
#     Tue May 13 18:31:11 2025 (VM Peak:180M, Size:180M, RSS:143M, Data:124M) : RTL Light containers ready for module alb_mss_mem_bypbuf_0000_0000
#     Tue May 13 18:31:11 2025 (VM Peak:180M, Size:180M, RSS:143M, Data:124M) : RTL Light containers ready for module alb_mss_mem_bypbuf_0000_0001
#     Tue May 13 18:31:11 2025 (VM Peak:180M, Size:180M, RSS:143M, Data:124M) : RTL Light containers ready for module alb_mss_mem_bypbuf_0000_0002
#     Tue May 13 18:31:11 2025 (VM Peak:180M, Size:180M, RSS:143M, Data:124M) : RTL Light containers ready for module alb_mss_mem_bypbuf_0000_0003
#     Tue May 13 18:31:11 2025 (VM Peak:180M, Size:180M, RSS:143M, Data:124M) : RTL Light containers ready for module alb_mss_mem_bypbuf_0000_0004
#     Tue May 13 18:31:11 2025 (VM Peak:180M, Size:180M, RSS:143M, Data:124M) : RTL Light containers ready for module alb_mss_mem_fifo_0000_0000
#     Tue May 13 18:31:11 2025 (VM Peak:180M, Size:180M, RSS:143M, Data:124M) : RTL Light containers ready for module alb_mss_mem_fifo_0000_0001
#     Tue May 13 18:31:11 2025 (VM Peak:180M, Size:180M, RSS:143M, Data:124M) : RTL Light containers ready for module alb_mss_mem_fifo_0000_0002
#     Tue May 13 18:31:11 2025 (VM Peak:180M, Size:180M, RSS:143M, Data:124M) : RTL Light containers ready for module alb_mss_mem_fifo_0000_0003
#     Tue May 13 18:31:11 2025 (VM Peak:180M, Size:180M, RSS:143M, Data:124M) : RTL Light containers ready for module alb_mss_mem_fifo_0003_0000
#     Tue May 13 18:31:11 2025 (VM Peak:180M, Size:180M, RSS:143M, Data:124M) : RTL Light containers ready for module sr_err_aggr_0000_0000
#     Tue May 13 18:31:11 2025 (VM Peak:180M, Size:180M, RSS:143M, Data:124M) : RTL Light containers ready for module sr_err_aggr_0000_0001
#     Tue May 13 18:31:11 2025 (VM Peak:180M, Size:180M, RSS:143M, Data:124M) : RTL Light containers ready for module sr_err_aggr_0000_0002
#     Tue May 13 18:31:11 2025 (VM Peak:180M, Size:180M, RSS:143M, Data:124M) : RTL Light containers ready for module sr_err_aggr_0000_0003
#     Tue May 13 18:31:11 2025 (VM Peak:180M, Size:180M, RSS:143M, Data:124M) : RTL Light containers ready for module rl_parity_gen_0000_0000
#     Tue May 13 18:31:11 2025 (VM Peak:180M, Size:180M, RSS:143M, Data:124M) : RTL Light containers ready for module rl_parity_gen_0000_0001
#     Tue May 13 18:31:11 2025 (VM Peak:180M, Size:180M, RSS:143M, Data:124M) : RTL Light containers ready for module rl_parity_gen_0000_0002
#     Tue May 13 18:31:11 2025 (VM Peak:180M, Size:180M, RSS:143M, Data:124M) : RTL Light containers ready for module rl_parity_gen_0000_0003
#     Tue May 13 18:31:11 2025 (VM Peak:180M, Size:180M, RSS:143M, Data:124M) : RTL Light containers ready for module rl_parity_chk_0002_0000
#     Tue May 13 18:31:11 2025 (VM Peak:180M, Size:180M, RSS:143M, Data:124M) : RTL Light containers ready for module rl_parity_chk_0002_0001
#     Tue May 13 18:31:11 2025 (VM Peak:180M, Size:180M, RSS:143M, Data:124M) : RTL Light containers ready for module rl_parity_chk_0002_0002
#     Tue May 13 18:31:11 2025 (VM Peak:180M, Size:180M, RSS:143M, Data:124M) : RTL Light containers ready for module rl_parity_chk_0002_0003
#     Tue May 13 18:31:11 2025 (VM Peak:180M, Size:180M, RSS:143M, Data:124M) : RTL Light containers ready for module fpga_sram_0002_0000
#     Tue May 13 18:31:11 2025 (VM Peak:180M, Size:180M, RSS:143M, Data:124M) : RTL Light containers ready for module mss_bus_switch_ibp2single_0000_0000
#     Tue May 13 18:31:11 2025 (VM Peak:180M, Size:180M, RSS:143M, Data:124M) : RTL Light containers ready for module odd_pty_enc_0001_0000
#     Tue May 13 18:31:11 2025 (VM Peak:180M, Size:180M, RSS:143M, Data:124M) : RTL Light containers ready for module odd_pty_enc_0001_0001
#     Tue May 13 18:31:11 2025 (VM Peak:180M, Size:180M, RSS:143M, Data:124M) : RTL Light containers ready for module odd_pty_enc_0001_0002
#     Tue May 13 18:31:11 2025 (VM Peak:180M, Size:180M, RSS:143M, Data:124M) : RTL Light containers ready for module odd_pty_dec_0000
#     Tue May 13 18:31:11 2025 (VM Peak:180M, Size:180M, RSS:143M, Data:124M) : RTL Light containers ready for module odd_pty_dec_0001
#     Tue May 13 18:31:11 2025 (VM Peak:180M, Size:180M, RSS:143M, Data:124M) : RTL Light containers ready for module odd_pty_dec_0002
#     Tue May 13 18:31:11 2025 (VM Peak:180M, Size:180M, RSS:143M, Data:124M) : RTL Light containers ready for module odd_pty_dec_0003
#     Tue May 13 18:31:11 2025 (VM Peak:180M, Size:180M, RSS:143M, Data:124M) : RTL Light containers ready for module odd_pty_qual_dec_wrap_0000_0000
#     Tue May 13 18:31:11 2025 (VM Peak:180M, Size:180M, RSS:143M, Data:124M) : RTL Light containers ready for module odd_pty_qual_dec_wrap_0000_0001
#     Tue May 13 18:31:11 2025 (VM Peak:180M, Size:180M, RSS:143M, Data:124M) : RTL Light containers ready for module odd_pty_qual_di_dec_wrap_0000_0000
#     Tue May 13 18:31:11 2025 (VM Peak:180M, Size:180M, RSS:143M, Data:124M) : RTL Light containers ready for module odd_pty_qual_di_dec_wrap_0000_0001
#     Tue May 13 18:31:11 2025 (VM Peak:180M, Size:180M, RSS:143M, Data:124M) : RTL Light containers ready for module zebu_reqsig_clock_driverclock
#     Tue May 13 18:31:11 2025 (VM Peak:180M, Size:180M, RSS:143M, Data:124M) : RTL Light containers ready for module zebu_ts_orion_tick_clk_mod
#     Tue May 13 18:31:11 2025 (VM Peak:180M, Size:180M, RSS:143M, Data:124M) : RTL Light containers ready for module ZebuClockDetectFront_0
#     Tue May 13 18:31:11 2025 (VM Peak:180M, Size:180M, RSS:143M, Data:124M) : RTL Light containers ready for module zebu_bb_front_ed_clk_edge_P_1_U_1
#     Tue May 13 18:31:11 2025 (VM Peak:180M, Size:180M, RSS:143M, Data:124M) : RTL Light containers ready for module zebu_bb_edge_detector
#     Tue May 13 18:31:11 2025 (VM Peak:180M, Size:180M, RSS:143M, Data:124M) : RTL Light containers ready for module ZebuClockDetectFront_1
#     Tue May 13 18:31:11 2025 (VM Peak:180M, Size:180M, RSS:143M, Data:124M) : RTL Light containers ready for module ZebuClockDetectFront_2
#     Tue May 13 18:31:11 2025 (VM Peak:180M, Size:180M, RSS:143M, Data:124M) : RTL Light containers ready for module ZebuClockDetectFront_3
#     Tue May 13 18:31:11 2025 (VM Peak:180M, Size:180M, RSS:143M, Data:124M) : RTL Light containers ready for module ZebuClockDetectFront_4
#     Tue May 13 18:31:11 2025 (VM Peak:180M, Size:180M, RSS:143M, Data:124M) : RTL Light containers ready for module ZebuClockDetectFront_5
#     Tue May 13 18:31:11 2025 (VM Peak:180M, Size:180M, RSS:143M, Data:124M) : RTL Light containers ready for module ZebuClockDetectFront_6
#     Tue May 13 18:31:11 2025 (VM Peak:180M, Size:180M, RSS:143M, Data:124M) : RTL Light containers ready for module ZebuClockDetectFront_7
#     Tue May 13 18:31:11 2025 (VM Peak:180M, Size:180M, RSS:143M, Data:124M) : RTL Light containers ready for module zebu_bb_async_reset_cond
#     Tue May 13 18:31:11 2025 (VM Peak:180M, Size:180M, RSS:143M, Data:124M) : RTL Light containers ready for module zebu_bb_add_zview
#     Tue May 13 18:31:11 2025 (VM Peak:180M, Size:180M, RSS:143M, Data:124M) : RTL Light containers ready for module zemi3OutPortArbiter_2_96_op
#     Tue May 13 18:31:11 2025 (VM Peak:180M, Size:180M, RSS:143M, Data:124M) : RTL Light containers ready for module zemi3OutPortArbiter_2_608_op
#     Tue May 13 18:31:11 2025 (VM Peak:180M, Size:180M, RSS:143M, Data:124M) : RTL Light containers ready for module zceiMessageInPort_1
#     Tue May 13 18:31:11 2025 (VM Peak:180M, Size:180M, RSS:143M, Data:124M) : RTL Light containers ready for module zceiMessageOutPort_544
#     Tue May 13 18:31:11 2025 (VM Peak:180M, Size:180M, RSS:143M, Data:124M) : RTL Light containers ready for module zceiMessageInPort_64
#     Tue May 13 18:31:11 2025 (VM Peak:180M, Size:180M, RSS:143M, Data:124M) : RTL Light containers ready for module zceiMessageOutPort_1
#     Tue May 13 18:31:11 2025 (VM Peak:180M, Size:180M, RSS:143M, Data:124M) : RTL Light containers ready for module zceiMessageOutPort_128
#     Tue May 13 18:31:11 2025 (VM Peak:180M, Size:180M, RSS:143M, Data:124M) : RTL Light containers ready for module zceiMessageOutPort_640
#     Tue May 13 18:31:11 2025 (VM Peak:180M, Size:180M, RSS:143M, Data:124M) : RTL Light containers ready for module zceiMessageInPort_6
#     Tue May 13 18:31:11 2025 (VM Peak:180M, Size:180M, RSS:143M, Data:124M) : RTL Light containers ready for module zceiMessageOutPort_3
#     Tue May 13 18:31:11 2025 (VM Peak:180M, Size:180M, RSS:143M, Data:124M) : RTL Light containers ready for module zceiMessageInPort_150
#     Tue May 13 18:31:11 2025 (VM Peak:180M, Size:180M, RSS:143M, Data:124M) : RTL Light containers ready for module zceiMessageInPort_2516
#     Tue May 13 18:31:11 2025 (VM Peak:180M, Size:180M, RSS:143M, Data:124M) : RTL Light containers ready for module zceiMessageOutPort_65
#     Tue May 13 18:31:11 2025 (VM Peak:180M, Size:180M, RSS:143M, Data:124M) : RTL Light containers ready for module zebu_bb_stop_driver_clock_2
#     Tue May 13 18:31:11 2025 (VM Peak:180M, Size:180M, RSS:143M, Data:124M) : RTL Light containers ready for module ZebuClockDetectFront_8
#     Tue May 13 18:31:11 2025 (VM Peak:180M, Size:180M, RSS:143M, Data:124M) : RTL Light containers ready for module zebu_bb_mcp_fake_edge_detector
#     Tue May 13 18:31:11 2025 (VM Peak:180M, Size:180M, RSS:143M, Data:124M) : RTL Light containers ready for module ZebuClockDetectFront_9
#     Tue May 13 18:31:11 2025 (VM Peak:180M, Size:180M, RSS:143M, Data:124M) : RTL Light containers ready for module ZebuClockDetectFront_10
#     Tue May 13 18:31:11 2025 (VM Peak:180M, Size:180M, RSS:143M, Data:124M) : RTL Light containers ready for module ZebuClockDetectFront_11
#     Tue May 13 18:31:11 2025 (VM Peak:180M, Size:180M, RSS:143M, Data:124M) : RTL Light containers ready for module ZebuClockDetectFront_12
#     Tue May 13 18:31:11 2025 (VM Peak:180M, Size:180M, RSS:143M, Data:124M) : RTL Light containers ready for module ZebuClockDetectFront_13
#     Tue May 13 18:31:11 2025 (VM Peak:180M, Size:180M, RSS:143M, Data:124M) : RTL Light containers ready for module ZebuClockDetectFront_14
#     Tue May 13 18:31:11 2025 (VM Peak:180M, Size:180M, RSS:143M, Data:124M) : RTL Light containers ready for module ZebuClockDetectFront_15
#     Tue May 13 18:31:11 2025 (VM Peak:180M, Size:180M, RSS:143M, Data:124M) : RTL Light containers ready for module ZebuClockDetectFront_16
#     Tue May 13 18:31:11 2025 (VM Peak:180M, Size:180M, RSS:143M, Data:124M) : RTL Light containers ready for module ZebuClockDetectFront_17
#     Tue May 13 18:31:11 2025 (VM Peak:180M, Size:180M, RSS:143M, Data:124M) : RTL Light containers ready for module ZebuClockDetectFront_18
#     Tue May 13 18:31:11 2025 (VM Peak:180M, Size:180M, RSS:143M, Data:124M) : RTL Light containers ready for module ZebuClockDetectFront_19
#     Tue May 13 18:31:11 2025 (VM Peak:180M, Size:180M, RSS:143M, Data:124M) : RTL Light containers ready for module ZebuClockDetectFront_20
#     Tue May 13 18:31:11 2025 (VM Peak:180M, Size:180M, RSS:143M, Data:124M) : RTL Light containers ready for module ZebuClockDetectFront_21
#     Tue May 13 18:31:11 2025 (VM Peak:180M, Size:180M, RSS:143M, Data:124M) : RTL Light containers ready for module ZebuClockDetectFront_22
#     Tue May 13 18:31:11 2025 (VM Peak:180M, Size:180M, RSS:143M, Data:124M) : RTL Light containers ready for module ZebuClockDetectFront_23
#     Tue May 13 18:31:11 2025 (VM Peak:180M, Size:180M, RSS:143M, Data:124M) : RTL Light containers ready for module ZebuClockDetectFront_24
#     Tue May 13 18:31:11 2025 (VM Peak:180M, Size:180M, RSS:143M, Data:124M) : RTL Light containers ready for module ZebuClockDetectFront_25
#     Tue May 13 18:31:11 2025 (VM Peak:180M, Size:180M, RSS:143M, Data:124M) : RTL Light containers ready for module ZebuClockDetectFront_26
#     Tue May 13 18:31:11 2025 (VM Peak:180M, Size:180M, RSS:143M, Data:124M) : RTL Light containers ready for module ZebuClockDetectFront_27
#     Tue May 13 18:31:11 2025 (VM Peak:180M, Size:180M, RSS:143M, Data:124M) : RTL Light containers ready for module ZebuClockDetectFront_28
#     Tue May 13 18:31:11 2025 (VM Peak:180M, Size:180M, RSS:143M, Data:124M) : RTL Light containers ready for module ZebuClockDetectFront_29
#     Tue May 13 18:31:11 2025 (VM Peak:180M, Size:180M, RSS:143M, Data:124M) : RTL Light containers ready for module ZebuClockDetectFront_30
#     Tue May 13 18:31:11 2025 (VM Peak:180M, Size:180M, RSS:143M, Data:124M) : RTL Light containers ready for module ZebuClockDetectFront_31
#     Tue May 13 18:31:11 2025 (VM Peak:180M, Size:180M, RSS:143M, Data:124M) : RTL Light containers ready for module ZebuClockDetectFront_32
#     Tue May 13 18:31:11 2025 (VM Peak:180M, Size:180M, RSS:143M, Data:124M) : RTL Light containers ready for module ZebuClockDetectFront_33
#     Tue May 13 18:31:11 2025 (VM Peak:180M, Size:180M, RSS:143M, Data:124M) : RTL Light containers ready for module ZebuClockDetectFront_34
#     Tue May 13 18:31:11 2025 (VM Peak:180M, Size:180M, RSS:143M, Data:124M) : RTL Light containers ready for module zebu_bb_dpi_mcp_fake_edge_detector_2
#     Tue May 13 18:31:11 2025 (VM Peak:180M, Size:180M, RSS:143M, Data:124M) : RTL Light containers ready for module ZebuClockDetectFront_35
#     Tue May 13 18:31:11 2025 (VM Peak:180M, Size:180M, RSS:143M, Data:124M) : RTL Light containers ready for module ZebuClockDetectFront_36
#     Tue May 13 18:31:11 2025 (VM Peak:180M, Size:180M, RSS:143M, Data:124M) : RTL Light containers ready for module ZebuClockDetectFront_37
#     Tue May 13 18:31:11 2025 (VM Peak:180M, Size:180M, RSS:143M, Data:124M) : RTL Light containers ready for module zebu_bb_mem_sco
#     Tue May 13 18:31:11 2025 (VM Peak:180M, Size:180M, RSS:143M, Data:124M) : RTL Light containers ready for module ZebuClockDetectFront_38
#     Tue May 13 18:31:11 2025 (VM Peak:180M, Size:180M, RSS:143M, Data:124M) : RTL Light containers ready for module ZebuClockDetectFront_39
#     Tue May 13 18:31:11 2025 (VM Peak:180M, Size:180M, RSS:143M, Data:124M) : RTL Light containers ready for module ZebuClockDetectFront_40
#     Tue May 13 18:31:11 2025 (VM Peak:180M, Size:180M, RSS:143M, Data:124M) : RTL Light containers ready for module ZebuClockDetectFront_41
#     Tue May 13 18:31:11 2025 (VM Peak:180M, Size:180M, RSS:143M, Data:124M) : RTL Light containers ready for module ZebuClockDetectFront_42
#     Tue May 13 18:31:11 2025 (VM Peak:180M, Size:180M, RSS:143M, Data:124M) : RTL Light containers ready for module ZebuClockDetectFront_43
#     Tue May 13 18:31:11 2025 (VM Peak:180M, Size:180M, RSS:143M, Data:124M) : RTL Light containers ready for module ZebuClockDetectFront_44
#     Tue May 13 18:31:11 2025 (VM Peak:180M, Size:180M, RSS:143M, Data:124M) : RTL Light containers ready for module ZebuClockDetectFront_45
#     Tue May 13 18:31:11 2025 (VM Peak:180M, Size:180M, RSS:143M, Data:124M) : RTL Light containers ready for module ZebuClockDetectFront_46
#     Tue May 13 18:31:11 2025 (VM Peak:180M, Size:180M, RSS:143M, Data:124M) : RTL Light containers ready for module ZebuClockDetectFront_47
#     Tue May 13 18:31:11 2025 (VM Peak:180M, Size:180M, RSS:143M, Data:124M) : RTL Light containers ready for module ZebuClockDetectFront_48
#     Tue May 13 18:31:11 2025 (VM Peak:180M, Size:180M, RSS:143M, Data:124M) : RTL Light containers ready for module ZebuClockDetectFront_49
#     Tue May 13 18:31:11 2025 (VM Peak:180M, Size:180M, RSS:143M, Data:124M) : RTL Light containers ready for module ZebuClockDetectFront_50
#     Tue May 13 18:31:11 2025 (VM Peak:180M, Size:180M, RSS:143M, Data:124M) : RTL Light containers ready for module ZebuClockDetectFront_51
#     Tue May 13 18:31:11 2025 (VM Peak:180M, Size:180M, RSS:143M, Data:124M) : RTL Light containers ready for module ZebuClockDetectFront_52
#     Tue May 13 18:31:11 2025 (VM Peak:180M, Size:180M, RSS:143M, Data:124M) : RTL Light containers ready for module ZebuClockDetectFront_53
#     Tue May 13 18:31:11 2025 (VM Peak:180M, Size:180M, RSS:143M, Data:124M) : RTL Light containers ready for module ZebuClockDetectFront_54
#     Tue May 13 18:31:11 2025 (VM Peak:180M, Size:180M, RSS:143M, Data:124M) : RTL Light containers ready for module ZebuClockDetectFront_55
#     Tue May 13 18:31:11 2025 (VM Peak:180M, Size:180M, RSS:143M, Data:124M) : RTL Light containers ready for module ZebuClockDetectFront_56
#     Tue May 13 18:31:11 2025 (VM Peak:180M, Size:180M, RSS:143M, Data:124M) : RTL Light containers ready for module zebu_bb_sample_clk_uncond_sample_4_1
#     Tue May 13 18:31:11 2025 (VM Peak:180M, Size:180M, RSS:143M, Data:124M) : RTL Light containers ready for module zebu_bb_sample_clk_uncond_1_1
#     Tue May 13 18:31:11 2025 (VM Peak:180M, Size:180M, RSS:143M, Data:124M) : RTL Light containers ready for module zebu_bb_sample_clk_uncond_sample_1_1
#     Tue May 13 18:31:11 2025 (VM Peak:180M, Size:180M, RSS:143M, Data:124M) : RTL Light containers ready for module zebu_bb_sample_clk_uncond_sample_64_1
#     Tue May 13 18:31:11 2025 (VM Peak:180M, Size:180M, RSS:143M, Data:124M) : RTL Light containers ready for module zceiMessageOutPort_64
#     Tue May 13 18:31:11 2025 (VM Peak:180M, Size:180M, RSS:143M, Data:124M) : RTL Light containers ready for module zceiMessageInPort_160
#     Tue May 13 18:31:11 2025 (VM Peak:180M, Size:180M, RSS:143M, Data:124M) : RTL Light containers ready for module zceiMessageInPort_35
#     Tue May 13 18:31:11 2025 (VM Peak:180M, Size:180M, RSS:143M, Data:124M) : RTL Light containers ready for module zceiMessageOutPort_8
#     Tue May 13 18:31:11 2025 (VM Peak:180M, Size:180M, RSS:143M, Data:124M) : RTL Light containers ready for module zceiMessageOutPort_33
#     Tue May 13 18:31:11 2025 (VM Peak:180M, Size:180M, RSS:143M, Data:124M) : RTL Light containers ready for module zceiMessageOutPort_2
#     Tue May 13 18:31:11 2025 (VM Peak:180M, Size:180M, RSS:143M, Data:124M) : RTL Light containers ready for module ZebuClockDetectFront_57
#     Tue May 13 18:31:11 2025 (VM Peak:180M, Size:180M, RSS:143M, Data:124M) : RTL Light containers ready for module ZebuClockDetectFront_58
#     Tue May 13 18:31:11 2025 (VM Peak:180M, Size:180M, RSS:143M, Data:124M) : RTL Light containers ready for module ZebuClockDetectFront_59
#     Tue May 13 18:31:11 2025 (VM Peak:180M, Size:180M, RSS:143M, Data:124M) : RTL Light containers ready for module ZebuClockDetectFront_60
#     Tue May 13 18:31:11 2025 (VM Peak:180M, Size:180M, RSS:143M, Data:124M) : RTL Light containers ready for module ZebuClockDetectFront_61
#     Tue May 13 18:31:11 2025 (VM Peak:180M, Size:180M, RSS:143M, Data:124M) : RTL Light containers ready for module ZebuClockDetectFront_62
#     Tue May 13 18:31:11 2025 (VM Peak:180M, Size:180M, RSS:143M, Data:124M) : RTL Light containers ready for module ZebuClockDetectFront_63
#     Tue May 13 18:31:11 2025 (VM Peak:180M, Size:180M, RSS:143M, Data:124M) : RTL Light containers ready for module ZebuClockDetectFront_64
#     Tue May 13 18:31:11 2025 (VM Peak:180M, Size:180M, RSS:143M, Data:124M) : RTL Light containers ready for module ZebuClockDetectFront_65
#     Tue May 13 18:31:11 2025 (VM Peak:180M, Size:180M, RSS:143M, Data:124M) : RTL Light containers ready for module ZebuClockDetectFront_66
#     Tue May 13 18:31:11 2025 (VM Peak:180M, Size:180M, RSS:143M, Data:124M) : RTL Light containers ready for module zebu_bb_sample_clk_uncond_sample_5_1
#     Tue May 13 18:31:11 2025 (VM Peak:180M, Size:180M, RSS:143M, Data:124M) : RTL Light containers ready for module zebu_bb_sample_clk_uncond_sample_12_1
#     Tue May 13 18:31:11 2025 (VM Peak:180M, Size:180M, RSS:143M, Data:124M) : RTL Light containers ready for module zebu_bb_sample_clk_uncond_7_1
#     Tue May 13 18:31:11 2025 (VM Peak:180M, Size:180M, RSS:143M, Data:124M) : RTL Light containers ready for module zebu_bb_sample_clk_uncond_32_1
#     Tue May 13 18:31:11 2025 (VM Peak:180M, Size:180M, RSS:143M, Data:124M) : RTL Light containers ready for module zebu_bb_sample_clk_uncond_64_1
#     Tue May 13 18:31:11 2025 (VM Peak:180M, Size:180M, RSS:143M, Data:124M) : RTL Light containers ready for module zebu_bb_sample_clk_uncond_66_1
#     Tue May 13 18:31:11 2025 (VM Peak:180M, Size:180M, RSS:143M, Data:124M) : RTL Light containers ready for module zemi3OutPortBuffer_169_4096_24
#     Tue May 13 18:31:11 2025 (VM Peak:180M, Size:180M, RSS:143M, Data:124M) : RTL Light containers ready for module zceiMessageInPort_2
#     Tue May 13 18:31:11 2025 (VM Peak:180M, Size:180M, RSS:143M, Data:124M) : RTL Light containers ready for module zceiMessageOutPort_4096
#     Tue May 13 18:31:11 2025 (VM Peak:180M, Size:180M, RSS:143M, Data:124M) : RTL Light containers ready for module zebu_bb_ts_cur_time
#     Tue May 13 18:31:11 2025 (VM Peak:180M, Size:180M, RSS:143M, Data:124M) : RTL Light containers ready for module zebu_bb_sample_clk_uncond_sample_2_1
#     Tue May 13 18:31:11 2025 (VM Peak:180M, Size:180M, RSS:143M, Data:124M) : RTL Light containers ready for module zebu_bb_sample_clk_uncond_24_1
#     Tue May 13 18:31:11 2025 (VM Peak:180M, Size:180M, RSS:143M, Data:124M) : Serializing design object
#     Tue May 13 18:31:11 2025 (VM Peak:180M, Size:180M, RSS:143M, Data:124M) : Serializing names dictionary
#     Tue May 13 18:31:11 2025 (VM Peak:180M, Size:180M, RSS:143M, Data:124M) : Serializing light dfs tables
zCreateNameDB finished without errors or warnings.
#     Tue May 13 18:31:11 2025 : zCreateNameDB Ended
