
Note-[ZEMI-ADETF] Analysing DPI exported task/function
/global/apps/zebu_vs_2023.03-SP1//vlog/vcs/xtor_amba_slave_axi3_svs.sv, 119


Note-[ZEMI-ADETF] Analysing DPI exported task/function
/global/apps/zebu_vs_2023.03-SP1//vlog/vcs/xtor_amba_slave_axi3_svs.sv, 119


Note-[ZEMI-ADETF] Analysing DPI exported task/function
/global/apps/zebu_vs_2023.03-SP1//vlog/vcs/xtor_amba_slave_axi3_svs.sv, 119


Note-[ZEMI-ADETF] Analysing DPI exported task/function
/global/apps/zebu_vs_2023.03-SP1//vlog/vcs/xtor_amba_slave_axi3_svs.sv, 119


Note-[ZEMI-ADETF] Analysing DPI exported task/function
/global/apps/zebu_vs_2023.03-SP1//vlog/vcs/xtor_amba_slave_axi3_svs.sv, 119


Note-[ZEMI-ADETF] Analysing DPI exported task/function
/global/apps/zebu_vs_2023.03-SP1//vlog/vcs/xtor_amba_slave_axi3_svs.sv, 119


Note-[ZEMI-ADIF] Analysing DPI imported function
/global/apps/zebu_vs_2023.03-SP1//vlog/vcs/xtor_amba_slave_axi3_svs.sv, 119


Note-[ZEMI-ADIF] Analysing DPI imported function
/global/apps/zebu_vs_2023.03-SP1//vlog/vcs/xtor_amba_slave_axi3_svs.sv, 119


Note-[ZEMI-ADIF] Analysing DPI imported function
/global/apps/zebu_vs_2023.03-SP1//vlog/vcs/xtor_amba_slave_axi3_svs.sv, 119


Note-[ZEMI-ADIF] Analysing DPI imported function
/global/apps/zebu_vs_2023.03-SP1//vlog/vcs/xtor_amba_slave_axi3_svs.sv, 119


Note-[ZEMI-ADIF] Analysing DPI imported function
/global/apps/zebu_vs_2023.03-SP1//vlog/vcs/xtor_amba_slave_axi3_svs.sv, 119


Note-[ZEMI-ADIF] Analysing DPI imported function
/global/apps/zebu_vs_2023.03-SP1//vlog/vcs/xtor_amba_slave_axi3_svs.sv, 119


Note-[ZEMI-ADETF] Analysing DPI exported task/function
/global/apps/zebu_vs_2023.03-SP1//vlog/vcs/xtor_amba_master_axi3_svs.sv, 676


Note-[ZEMI-ADETF] Analysing DPI exported task/function
/global/apps/zebu_vs_2023.03-SP1//vlog/vcs/xtor_amba_master_axi3_svs.sv, 676


Note-[ZEMI-ADIF] Analysing DPI imported function
/global/apps/zebu_vs_2023.03-SP1//vlog/vcs/xtor_amba_master_axi3_svs.sv, 676


Note-[ZEMI-ADIF] Analysing DPI imported function
/global/apps/zebu_vs_2023.03-SP1//vlog/vcs/xtor_amba_master_axi3_svs.sv, 676


Note-[ZEMI-ADIF] Analysing DPI imported function
/global/apps/zebu_vs_2023.03-SP1//vlog/vcs/xtor_amba_master_axi3_svs.sv, 676


Note-[ZEMI-ADETF] Analysing DPI exported task/function
/global/apps/zebu_vs_2023.03-SP1//vlog/vcs/xtor_amba_master_axi3_svs.sv, 676


Note-[ZEMI-ADETF] Analysing DPI exported task/function
/global/apps/zebu_vs_2023.03-SP1//vlog/vcs/xtor_amba_master_axi3_svs.sv, 676


Note-[ZEMI-ADIF] Analysing DPI imported function
/global/apps/zebu_vs_2023.03-SP1//vlog/vcs/xtor_amba_master_axi3_svs.sv, 676


Note-[ZEMI-ADETF] Analysing DPI exported task/function
/global/apps/zebu_vs_2023.03-SP1//vlog/vcs/xtor_amba_master_axi3_svs.sv, 676


Note-[ZEMI-ADIF] Analysing DPI imported function
/global/apps/zebu_vs_2023.03-SP1//vlog/vcs/xtor_amba_master_axi3_svs.sv, 676


Note-[ZEMI-ADETF] Analysing DPI exported task/function
/global/apps/zebu_vs_2023.03-SP1//vlog/vcs/xtor_amba_master_axi3_svs.sv, 676


Note-[ZEMI-ADETF] Analysing DPI exported task/function
/global/apps/zebu_vs_2023.03-SP1//vlog/vcs/xtor_amba_master_axi3_svs.sv, 676


Warning-[ZEMI-IDSS] Incorrect DPI streaming specification
/global/apps/zebu_vs_2023.03-SP1//vlog/vcs/xtor_amba_master_axi3_svs.sv, 676


Note-[ZEMI-ADETF] Analysing DPI exported task/function
/global/apps/zebu_vs_2023.03-SP1//vlog/vcs/xtor_amba_master_axi3_svs.sv, 676


Warning-[ZEMI-IDSS] Incorrect DPI streaming specification
/global/apps/zebu_vs_2023.03-SP1//vlog/vcs/xtor_amba_master_axi3_svs.sv, 676


Note-[ZEMI-PDEF] 
  Processing DPI exported functions

Note-[ZEMI-PDIF] 
  Processing DPI imported functions

DPI exports summary:
    +----------------------------------------+----------+---------+----------+----------+-----------+
    | name                                   |     type | in bits | out bits | protocol | streaming |
    +----------------------------------------+----------+---------+----------+----------+-----------+
    | ZEBU_VS_AMBA_SLAVE_dpi__getconfig      | function |       0 |      480 |       -- |        No |
    | ZEBU_VS_AMBA_SLAVE_dpi__driveARready   | function |       1 |        0 |       -- |       Yes |
    | ZEBU_VS_AMBA_SLAVE_dpi__driveAWready   | function |       1 |        0 |       -- |       Yes |
    | ZEBU_VS_AMBA_SLAVE_dpi__driveWready    | function |       1 |        0 |       -- |       Yes |
    | ZEBU_VS_AMBA_SLAVE_dpi__setparam       | function |      64 |        0 |       -- |       Yes |
    | ZEBU_VS_AMBA_SLAVE_dpi__getResetStatus | function |       0 |       32 |       -- |        No |
    | ZEBU_VS_SNPS_UDPI__waitResetComplete   |     task |       0 |        0 |       -- |        No |
    | ZEBU_VS_SNPS_UDPI__runClk_sw           |     task |      32 |        0 |       -- |        No |
    | ZEBU_VS_SNPS_UDPI__resetDetectEnable   | function |       1 |        1 |       -- |        No |
    | ZEBU_VS_SNPS_UDPI__getClkCount         | function |       0 |       65 |       -- |        No |
    | ZEBU_VS_SNPS_UDPI__setUnlockSwPeriod   | function |      32 |        1 |       -- |        No |
    | ZEBU_VS_SNPS_UDPI__setTickPeriod       | function |      32 |        1 |       -- |        No |
    | ZEBU_VS_SNPS_UDPI__fromSwtoHwData      |     task |     180 |        0 |       -- |       Yes |
    | ZEBU_VS_SNPS_UDPI__fromSwtoHwData      |     task |    2960 |        0 |       -- |       Yes |
    +----------------------------------------+----------+---------+----------+----------+-----------+


DPI imports summary:
    +--------------------------------------+----------+---------+----------+---------+----------+-----------+--------------+
    | name                                 |     type | in bits | out bits | context | protocol | streaming | prefetchable |
    +--------------------------------------+----------+---------+----------+---------+----------+-----------+--------------+
    | ZEBU_VS_AMBA_SLAVE_error__notifier   | function |      32 |        0 |     Yes |       -- |        No |           No |
    | ZEBU_VS_AMBA_SLAVE_dpi__write_addr   | function |     122 |        0 |     Yes |       -- |        No |           No |
    | ZEBU_VS_AMBA_SLAVE_dpi__write_data   | function |     153 |        0 |     Yes |       -- |        No |           No |
    | ZEBU_VS_AMBA_SLAVE_dpi__read_addr    | function |     122 |        0 |     Yes |       -- |        No |           No |
    | ZEBU_VS_AMBA_SLAVE_dpi__read_fifo    | function |      32 |        0 |     Yes |       -- |        No |           No |
    | ZEBU_VS_AMBA_SLAVE_dpi__write_fifo   | function |      32 |        0 |     Yes |       -- |        No |           No |
    | ZEBU_VS_SNPS_UDPI__BuildSerialNumber | function |      32 |        0 |     Yes |       -- |        No |           No |
    | ZEBU_VS_SNPS_UDPI__rst_assert        |     task |       0 |        0 |     Yes |       -- |        No |           No |
    | ZEBU_VS_SNPS_UDPI__rst_deassert      |     task |       0 |        0 |     Yes |       -- |        No |           No |
    | ZEBU_VS_SNPS_UDPI__unlockSw          | function |       0 |        0 |     Yes |       -- |        No |           No |
    | ZEBU_VS_SNPS_UDPI__clkTick           | function |       0 |        0 |     Yes |       -- |        No |           No |
    +--------------------------------------+----------+---------+----------+---------+----------+-----------+--------------+


Message Ports Summary:
    +-------------------------------------------------------------------------------------+------+--------+-------+---------+
    | name                                                                                | type |   size | count | sharing |
    +-------------------------------------------------------------------------------------+------+--------+-------+---------+
    | xtor_amba_slave_axi3_svs.ZEBU_VS_AMBA_SLAVE_dpi__getconfig_in_port                  |   in |      1 |     1 |      no |
    | xtor_amba_slave_axi3_svs.ZEBU_VS_AMBA_SLAVE_dpi__getconfig_out_port                 |  out |    480 |     1 |      no |
    | xtor_amba_slave_axi3_svs.ZEBU_VS_AMBA_SLAVE_dpi__driveARready_in_port               |   in |      1 |     1 |      no |
    | xtor_amba_slave_axi3_svs.ZEBU_VS_AMBA_SLAVE_dpi__driveAWready_in_port               |   in |      1 |     1 |      no |
    | xtor_amba_slave_axi3_svs.ZEBU_VS_AMBA_SLAVE_dpi__driveWready_in_port                |   in |      1 |     1 |      no |
    | xtor_amba_slave_axi3_svs.ZEBU_VS_AMBA_SLAVE_dpi__setparam_in_port                   |   in |     64 |     1 |      no |
    | xtor_amba_slave_axi3_svs.ZEBU_VS_AMBA_SLAVE_dpi__getResetStatus_in_port             |   in |      1 |     1 |      no |
    | xtor_amba_slave_axi3_svs.ZEBU_VS_AMBA_SLAVE_dpi__getResetStatus_out_port            |  out |     32 |     1 |      no |
    | xtor_amba_slave_axi3_svs.ZEBU_VS_AMBA_SLAVE_dpi__write_fifo_in_port                 |   in |      1 |     1 |      no |
    | xtor_amba_slave_axi3_svs.ZEBU_VS_AMBA_SLAVE_dpi__write_fifo_out_port                |  out |     32 |     1 |      no |
    | xtor_amba_slave_axi3_svs.ZEBU_VS_AMBA_SLAVE_dpi__read_fifo_in_port                  |   in |      1 |     1 |      no |
    | xtor_amba_slave_axi3_svs.ZEBU_VS_AMBA_SLAVE_dpi__read_fifo_out_port                 |  out |     32 |     1 |      no |
    | xtor_amba_slave_axi3_svs.ZEBU_VS_AMBA_SLAVE_error__notifier_in_port                 |   in |      1 |     1 |      no |
    | xtor_amba_slave_axi3_svs.ZEBU_VS_AMBA_SLAVE_error__notifier_out_port                |  out |     32 |     1 |      no |
    | xtor_amba_slave_axi3_svs.ZEBU_VS_AMBA_SLAVE_error__notifier_in_port_0               |   in |      1 |     1 |      no |
    | xtor_amba_slave_axi3_svs.ZEBU_VS_AMBA_SLAVE_error__notifier_out_port_0              |  out |     32 |     1 |      no |
    | xtor_amba_slave_axi3_svs.ZEBU_VS_AMBA_SLAVE_error__notifier_in_port_1               |   in |      1 |     1 |      no |
    | xtor_amba_slave_axi3_svs.ZEBU_VS_AMBA_SLAVE_error__notifier_out_port_1              |  out |     32 |     1 |      no |
    | xtor_amba_slave_axi3_svs.ZEBU_VS_AMBA_SLAVE_dpi__read_addr_in_port                  |   in |      1 |     1 |      no |
    | xtor_amba_slave_axi3_svs.ZEBU_VS_AMBA_SLAVE_dpi__read_addr_out_port                 |  out |    122 |     1 |      no |
    | xtor_amba_slave_axi3_svs.ZEBU_VS_AMBA_SLAVE_dpi__write_data_in_port                 |   in |      1 |     1 |      no |
    | xtor_amba_slave_axi3_svs.ZEBU_VS_AMBA_SLAVE_dpi__write_addr_in_port                 |   in |      1 |     1 |      no |
    | xtor_amba_slave_axi3_svs.zemi3_anon_ps3_arbiter                                     |  out |    192 |     1 |      no |
    | -- (xtor_amba_slave_axi3_svs.ZEBU_VS_AMBA_SLAVE_dpi__write_addr)                    |  out |     -- |    -- |     yes |
    | -- (xtor_amba_slave_axi3_svs.ZEBU_VS_AMBA_SLAVE_dpi__write_data)                    |  out |     -- |    -- |     yes |
    | xtor_amba_slave_axi3_svs.zemi_control_in_port                                       |   in |      6 |     1 |      no |
    | xtor_amba_slave_axi3_svs.zemi_status_out_port                                       |  out |      3 |     1 |      no |
    | zz_Encrypt_12.ZEBU_VS_SNPS_UDPI__waitResetComplete_in_port                          |   in |      1 |     1 |      no |
    | zz_Encrypt_12.ZEBU_VS_SNPS_UDPI__waitResetComplete_out_port                         |  out |      1 |     1 |      no |
    | zz_Encrypt_12.ZEBU_VS_SNPS_UDPI__runClk_sw_in_port                                  |   in |     32 |     1 |      no |
    | zz_Encrypt_12.ZEBU_VS_SNPS_UDPI__runClk_sw_out_port                                 |  out |      1 |     1 |      no |
    | zz_Encrypt_12.ZEBU_VS_SNPS_UDPI__resetDetectEnable_in_port                          |   in |      1 |     1 |      no |
    | zz_Encrypt_12.ZEBU_VS_SNPS_UDPI__resetDetectEnable_out_port                         |  out |      1 |     1 |      no |
    | zz_Encrypt_12.ZEBU_VS_SNPS_UDPI__getClkCount_in_port                                |   in |      1 |     1 |      no |
    | zz_Encrypt_12.ZEBU_VS_SNPS_UDPI__getClkCount_out_port                               |  out |     65 |     1 |      no |
    | zz_Encrypt_12.ZEBU_VS_SNPS_UDPI__setUnlockSwPeriod_in_port                          |   in |     32 |     1 |      no |
    | zz_Encrypt_12.ZEBU_VS_SNPS_UDPI__setUnlockSwPeriod_out_port                         |  out |      1 |     1 |      no |
    | zz_Encrypt_12.ZEBU_VS_SNPS_UDPI__setTickPeriod_in_port                              |   in |     32 |     1 |      no |
    | zz_Encrypt_12.ZEBU_VS_SNPS_UDPI__setTickPeriod_out_port                             |  out |      1 |     1 |      no |
    | zz_Encrypt_12.ZEBU_VS_SNPS_UDPI__clkTick_in_port                                    |   in |      1 |     1 |      no |
    | zz_Encrypt_12.ZEBU_VS_SNPS_UDPI__clkTick_out_port                                   |  out |      1 |     1 |      no |
    | zz_Encrypt_12.ZEBU_VS_SNPS_UDPI__unlockSw_in_port                                   |   in |      1 |     1 |      no |
    | zz_Encrypt_12.ZEBU_VS_SNPS_UDPI__unlockSw_out_port                                  |  out |      1 |     1 |      no |
    | zz_Encrypt_12.ZEBU_VS_SNPS_UDPI__rst_deassert_in_port                               |   in |      1 |     1 |      no |
    | zz_Encrypt_12.ZEBU_VS_SNPS_UDPI__rst_deassert_out_port                              |  out |      1 |     1 |      no |
    | zz_Encrypt_12.ZEBU_VS_SNPS_UDPI__rst_assert_in_port                                 |   in |      1 |     1 |      no |
    | zz_Encrypt_12.ZEBU_VS_SNPS_UDPI__rst_assert_out_port                                |  out |      1 |     1 |      no |
    | zz_Encrypt_12.ZEBU_VS_SNPS_UDPI__BuildSerialNumber_in_port                          |   in |      1 |     1 |      no |
    | zz_Encrypt_12.ZEBU_VS_SNPS_UDPI__BuildSerialNumber_out_port                         |  out |     32 |     1 |      no |
    | zz_Encrypt_2.ZEBU_VS_SNPS_UDPI__fromSwtoHwData_in_port                              |   in |    180 |     1 |      no |
    | zz_Encrypt_7.ZEBU_VS_SNPS_UDPI__fromSwtoHwData_in_port                              |   in |   2960 |     8 |      no |
    +-------------------------------------------------------------------------------------+------+--------+-------+---------+

    Total Message In Ports: 35 (24047 bits)
    Total Message Out Ports: 21 (1095 bits)


Warning-[ZEMI-MBNB] Mix of blocking and non-blocking assignments
/global/apps/zebu_vs_2023.03-SP1//vlog/vcs/xtor_amba_slave_axi3_svs.sv, 119


Warning-[ZEMI-MBNB] Mix of blocking and non-blocking assignments
/global/apps/zebu_vs_2023.03-SP1//vlog/vcs/xtor_amba_slave_axi3_svs.sv, 119


Warning-[ZEMI-MBNB] Mix of blocking and non-blocking assignments
/global/apps/zebu_vs_2023.03-SP1//vlog/vcs/xtor_amba_slave_axi3_svs.sv, 119


Warning-[ZEMI-MBNB] Mix of blocking and non-blocking assignments
/global/apps/zebu_vs_2023.03-SP1//vlog/vcs/xtor_amba_slave_axi3_svs.sv, 119


Warning-[ZEMI-MBNB] Mix of blocking and non-blocking assignments
/global/apps/zebu_vs_2023.03-SP1//vlog/vcs/xtor_amba_slave_axi3_svs.sv, 119


Warning-[ZEMI-MBNB] Mix of blocking and non-blocking assignments
/global/apps/zebu_vs_2023.03-SP1//vlog/vcs/xtor_amba_slave_axi3_svs.sv, 119


Warning-[ZEMI-MBNB] Mix of blocking and non-blocking assignments
/global/apps/zebu_vs_2023.03-SP1//vlog/vcs/xtor_amba_slave_axi3_svs.sv, 119


Warning-[ZEMI-MBNB] Mix of blocking and non-blocking assignments
/global/apps/zebu_vs_2023.03-SP1//vlog/vcs/xtor_amba_slave_axi3_svs.sv, 119


Warning-[ZEMI-MBNB] Mix of blocking and non-blocking assignments
/global/apps/zebu_vs_2023.03-SP1//vlog/vcs/xtor_amba_slave_axi3_svs.sv, 119


Warning-[ZEMI-MBNB] Mix of blocking and non-blocking assignments
/global/apps/zebu_vs_2023.03-SP1//vlog/vcs/xtor_amba_slave_axi3_svs.sv, 119

