2 0 0
15 0 0
18 0 0
21 0 0
24 0 0
32 0 0
36 0 0
38 0 0
40 0 0
41 0 1188
61 0 0
70 0 0
73 0 0
74 1 0
80 0 0
89 0 0
90 0 0
92 0 0
96 0 0
99 0 528
117 0 2376
137 0 0
143 0 0
151 0 0
160 0 0
161 0 0
163 0 0
170 0 0
172 0 0
185 0 0
188 0 132
191 0 396
199 0 0
200 0 0
208 0 0
211 0 132
218 0 132
226 0 0
229 0 0
231 0 544
241 0 132
245 0 132
249 0 0
254 0 528
256 0 0
261 0 0
264 0 0
268 1 0
274 0 0
277 0 0
280 0 0
283 0 264
286 0 0
287 0 264
299 0 0
300 0 0
307 0 0
313 0 0
316 0 0
318 0 528
328 0 0
329 0 0
330 0 0
331 0 0
333 0 0
336 0 0
356 0 528
365 0 0
367 0 0
370 0 0
374 0 0
377 0 0
378 0 0
379 0 0
381 0 0
384 0 0
394 0 0
399 0 0
404 0 0
408 0 0
410 0 0
414 0 0
415 0 0
417 0 0
421 0 0
425 0 0
428 0 0
430 0 264
446 0 732
448 0 0
457 0 0
468 0 0
479 0 0
486 0 0
494 0 0
506 0 0
515 0 0
516 0 0
527 0 0
534 0 0
542 0 0
548 0 0
554 0 0
559 0 0
564 0 0
567 0 0
570 0 0
582 0 0
586 0 0
593 0 0
597 0 0
606 0 0
613 0 132
626 0 0
-1 0 320
-4 0 0
