1 0 0
8 0 0
16 1 0
24 0 0
34 0 0
42 0 0
52 0 0
60 0 0
70 0 0
75 0 0
82 0 0
90 0 0
95 0 0
101 0 0
103 0 0
108 0 0
116 0 0
124 0 0
132 0 0
141 0 0
151 0 0
153 0 0
163 0 0
170 0 0
179 0 0
194 0 0
202 0 0
206 0 0
213 0 0
223 0 0
232 0 0
246 0 0
254 0 0
261 0 0
268 0 0
269 0 0
276 0 0
285 0 0
295 0 0
301 0 0
307 0 0
314 0 0
322 0 0
331 0 0
333 0 0
336 0 0
341 0 0
348 0 0
355 0 0
357 0 0
366 0 0
374 0 0
382 0 0
392 0 0
400 0 0
407 0 0
415 1 0
425 0 0
434 0 0
441 0 0
448 0 0
455 0 0
456 0 0
465 0 0
479 0 0
488 0 0
497 0 0
507 0 0
515 0 0
523 0 0
530 0 0
536 0 0
540 0 0
548 0 0
550 0 0
551 0 0
561 0 0
567 0 0
-1 0 0
-4 0 0
