
Note-[SM_PME] Processing Module/Entity
  Processing: alb_mss_fab Parameterized Name: alb_mss_fab


Note-[SM_IIF] Instance Info
  Instance Count : module 'alb_mss_fab' has 59 instances
  


Note-[SM_PME] Processing Module/Entity
  Processing: zebu_time_capture Parameterized Name: zebu_time_capture


Note-[SM_IIF] Instance Info
  Instance Count : module 'zebu_time_capture' has 23 instances
  


Note-[SM_TFC] Treating as full case
zebu_time_capture_guts.sv, 33
  Treating case statement as full case
  


Warning-[SM_PCNP] Parallel Case not parallel
zebu_time_capture_guts.sv, 33
  Overlapping conditions found in case used with parallel case directive.


Note-[SM_TFC] Treating as full case
zebu_time_capture_guts.sv, 51
  Treating case statement as full case
  


Warning-[SM_PCNP] Parallel Case not parallel
zebu_time_capture_guts.sv, 51
  Overlapping conditions found in case used with parallel case directive.


Note-[SM_TFC] Treating as full case
zebu_time_capture_guts.sv, 58
  Treating case statement as full case
  


Warning-[SM_PCNP] Parallel Case not parallel
zebu_time_capture_guts.sv, 58
  Overlapping conditions found in case used with parallel case directive.


Note-[SM_TFC] Treating as full case
/remote/sdgregrsnapshot2/NB/linux64_VCS2021.09.2.ZEBU.B4.1/radify-src/unizfe/verilog/zebu_time_capture.sv, 4
  Treating case statement as full case
  


Warning-[SM_PCNP] Parallel Case not parallel
/remote/sdgregrsnapshot2/NB/linux64_VCS2021.09.2.ZEBU.B4.1/radify-src/unizfe/verilog/zebu_time_capture.sv, 4
  Overlapping conditions found in case used with parallel case directive.


Note-[SM_PME] Processing Module/Entity
  Processing: alb_mss_fab_slv_axi_buffer_0000 Parameterized Name: 
  alb_mss_fab_slv_axi_buffer_0000


Note-[SM_IIF] Instance Info
  Instance Count : module 'alb_mss_fab_slv_axi_buffer_0000' has 5 instances
  


Note-[SM_PME] Processing Module/Entity
  Processing: alb_mss_fab_ibp_buffer_0000_0002 Parameterized Name: 
  alb_mss_fab_ibp_buffer_0000_0002


Note-[SM_IIF] Instance Info
  Instance Count : module 'alb_mss_fab_ibp_buffer_0000_0002' has 4 instances
  


Note-[SM_PME] Processing Module/Entity
  Processing: alb_mss_fab_axi2ibp_0001 Parameterized Name: 
  alb_mss_fab_axi2ibp_0001


Note-[SM_IIF] Instance Info
  Instance Count : module 'alb_mss_fab_axi2ibp_0001' has 8 instances
  


Note-[SM_PME] Processing Module/Entity
  Processing: rl_cpu_top Parameterized Name: rl_cpu_top


Note-[SM_IIF] Instance Info
  Instance Count : module 'rl_cpu_top' has 7 instances
  


Note-[SM_PME] Processing Module/Entity
  Processing: core_sys Parameterized Name: core_sys


Note-[SM_IIF] Instance Info
  Instance Count : module 'core_sys' has 10 instances
  


Note-[SM_PME] Processing Module/Entity
  Processing: alb_mss_fab_bus_lat_0000_0000 Parameterized Name: 
  alb_mss_fab_bus_lat_0000_0000


Warning-[SM_CMP_XZ] Comparison to x/z with === is problematic in hardware
/remote/sdgedt/tools/reem/ZebuS5_newslave/zebu_ifx_mini_rattle_6649a592_20250509/build/verilog/alb_mss_fab_bus_lat.v, 174
  Hardware cannot implement an X detector. Expression: ((|i_busp_rdata) === 
  1'bx)
  In all cases (exp === 'x) will evaluate to 'false' for synthesis.
  


Warning-[SM_CMP_XZ] Comparison to x/z with === is problematic in hardware
/remote/sdgedt/tools/reem/ZebuS5_newslave/zebu_ifx_mini_rattle_6649a592_20250509/build/verilog/alb_mss_fab_bus_lat.v, 175
  Hardware cannot implement an X detector. Expression: ((|i_busp_rresp) === 
  1'bx)
  In all cases (exp === 'x) will evaluate to 'false' for synthesis.
  


Warning-[SM_CMP_XZ] Comparison to x/z with === is problematic in hardware
/remote/sdgedt/tools/reem/ZebuS5_newslave/zebu_ifx_mini_rattle_6649a592_20250509/build/verilog/alb_mss_fab_bus_lat.v, 176
  Hardware cannot implement an X detector. Expression: (i_busp_rlast === 1'bx)
  In all cases (exp === 'x) will evaluate to 'false' for synthesis.
  


Warning-[SM_CMP_XZ] Comparison to x/z with === is problematic in hardware
/remote/sdgedt/tools/reem/ZebuS5_newslave/zebu_ifx_mini_rattle_6649a592_20250509/build/verilog/alb_mss_fab_bus_lat.v, 177
  Hardware cannot implement an X detector. Expression: ((|i_busp_bresp) === 
  1'bx)
  In all cases (exp === 'x) will evaluate to 'false' for synthesis.
  


Note-[SM_PME] Processing Module/Entity
  Processing: zceiMessageInPort_2960 Parameterized Name: 
  zceiMessageInPort_2960


Note-[SM_PME] Processing Module/Entity
  Processing: rl_pmp Parameterized Name: rl_pmp


Note-[SM_IIF] Instance Info
  Instance Count : module 'rl_pmp' has 32 instances
  


Note-[SM_PME] Processing Module/Entity
  <Message details suppressed due to encrypted design unit>


Note-[SM_IIF] Instance Info
  <Message details suppressed due to encrypted design unit>


Note-[SM_PME] Processing Module/Entity
  Processing: alb_mss_fab_ibp_buffer_0000_000A Parameterized Name: 
  alb_mss_fab_ibp_buffer_0000_000A


Note-[SM_IIF] Instance Info
  Instance Count : module 'alb_mss_fab_ibp_buffer_0000_000A' has 4 instances
  


Note-[SM_PME] Processing Module/Entity
  Processing: mss_bus_switch_ibpx2ibpy_0001 Parameterized Name: 
  mss_bus_switch_ibpx2ibpy_0001


Note-[SM_IIF] Instance Info
  Instance Count : module 'mss_bus_switch_ibpx2ibpy_0001' has 1 instances
  


Note-[SM_PME] Processing Module/Entity
  <Message details suppressed due to encrypted design unit>


Note-[SM_IIF] Instance Info
  <Message details suppressed due to encrypted design unit>


Note-[SM_PME] Processing Module/Entity
  Processing: bvci_to_axi Parameterized Name: bvci_to_axi


Note-[SM_PME] Processing Module/Entity
  Processing: alb_mss_fab_fifo_0001_0009 Parameterized Name: 
  alb_mss_fab_fifo_0001_0009


Note-[SM_PME] Processing Module/Entity
  Processing: mss_bus_switch_fifo_0000_0004 Parameterized Name: 
  mss_bus_switch_fifo_0000_0004


Note-[SM_PME] Processing Module/Entity
  Processing: rl_ifu_align Parameterized Name: rl_ifu_align


Note-[SM_IIF] Instance Info
  Instance Count : module 'rl_ifu_align' has 1 instances
  


Note-[SM_PME] Processing Module/Entity
  Processing: alb_mss_fab_fifo_0001_000A Parameterized Name: 
  alb_mss_fab_fifo_0001_000A


Note-[SM_PME] Processing Module/Entity
  Processing: rl_decoder Parameterized Name: rl_decoder


Note-[SM_PME] Processing Module/Entity
  Processing: alb_mss_mem_fifo_0001 Parameterized Name: alb_mss_mem_fifo_0001


Note-[SM_PME] Processing Module/Entity
  Processing: alb_mss_fab_ibp_buffer_0000 Parameterized Name: 
  alb_mss_fab_ibp_buffer_0000


Note-[SM_IIF] Instance Info
  Instance Count : module 'alb_mss_fab_ibp_buffer_0000' has 4 instances
  


Note-[SM_PME] Processing Module/Entity
  Processing: alb_mss_fpga_sram_0000 Parameterized Name: 
  alb_mss_fpga_sram_0000


Note-[SM_PME] Processing Module/Entity
  Processing: dwt_sys_clk_sync Parameterized Name: dwt_sys_clk_sync


Note-[SM_IIF] Instance Info
  Instance Count : module 'dwt_sys_clk_sync' has 2 instances
  


Note-[SM_PME] Processing Module/Entity
  Processing: alb_mss_fab_fifo_0000_0014 Parameterized Name: 
  alb_mss_fab_fifo_0000_0014


Note-[SM_PME] Processing Module/Entity
  Processing: alb_mss_fab_fifo_0000_0016 Parameterized Name: 
  alb_mss_fab_fifo_0000_0016


Note-[SM_PME] Processing Module/Entity
  Processing: arcv_timer Parameterized Name: arcv_timer


Note-[SM_PME] Processing Module/Entity
  Processing: alb_mss_fab_bus_lat_0000 Parameterized Name: 
  alb_mss_fab_bus_lat_0000


Warning-[SM_CMP_XZ] Comparison to x/z with === is problematic in hardware
/remote/sdgedt/tools/reem/ZebuS5_newslave/zebu_ifx_mini_rattle_6649a592_20250509/build/verilog/alb_mss_fab_bus_lat.v, 174
  Hardware cannot implement an X detector. Expression: ((|i_busp_rdata) === 
  1'bx)
  In all cases (exp === 'x) will evaluate to 'false' for synthesis.
  


Warning-[SM_CMP_XZ] Comparison to x/z with === is problematic in hardware
/remote/sdgedt/tools/reem/ZebuS5_newslave/zebu_ifx_mini_rattle_6649a592_20250509/build/verilog/alb_mss_fab_bus_lat.v, 175
  Hardware cannot implement an X detector. Expression: ((|i_busp_rresp) === 
  1'bx)
  In all cases (exp === 'x) will evaluate to 'false' for synthesis.
  


Warning-[SM_CMP_XZ] Comparison to x/z with === is problematic in hardware
/remote/sdgedt/tools/reem/ZebuS5_newslave/zebu_ifx_mini_rattle_6649a592_20250509/build/verilog/alb_mss_fab_bus_lat.v, 176
  Hardware cannot implement an X detector. Expression: (i_busp_rlast === 1'bx)
  In all cases (exp === 'x) will evaluate to 'false' for synthesis.
  


Warning-[SM_CMP_XZ] Comparison to x/z with === is problematic in hardware
/remote/sdgedt/tools/reem/ZebuS5_newslave/zebu_ifx_mini_rattle_6649a592_20250509/build/verilog/alb_mss_fab_bus_lat.v, 177
  Hardware cannot implement an X detector. Expression: ((|i_busp_bresp) === 
  1'bx)
  In all cases (exp === 'x) will evaluate to 'false' for synthesis.
  


Note-[SM_PME] Processing Module/Entity
  Processing: rl_dmp_cwb Parameterized Name: rl_dmp_cwb


Note-[SM_PME] Processing Module/Entity
  Processing: alb_mss_mem_fifo_0000_0000 Parameterized Name: 
  alb_mss_mem_fifo_0000_0000


Note-[SM_PME] Processing Module/Entity
  Processing: mss_bus_switch_pack2ibp_0001 Parameterized Name: 
  mss_bus_switch_pack2ibp_0001


Note-[SM_PME] Processing Module/Entity
  Processing: dm_hmst Parameterized Name: dm_hmst


Note-[SM_PME] Processing Module/Entity
  Processing: ls_compare_unit_000D Parameterized Name: ls_compare_unit_000D


Note-[SM_IIF] Instance Info
  Instance Count : module 'ls_compare_unit_000D' has 1 instances
  


Note-[SM_PME] Processing Module/Entity
  Processing: rl_soft_reset_aux Parameterized Name: rl_soft_reset_aux


Note-[SM_PME] Processing Module/Entity
  Processing: alb_mss_dummy_slave Parameterized Name: alb_mss_dummy_slave


Note-[SM_IIF] Instance Info
  Instance Count : module 'alb_mss_dummy_slave' has 2 instances
  


Note-[SM_PME] Processing Module/Entity
  Processing: alb_mss_fab_ibp2pack Parameterized Name: alb_mss_fab_ibp2pack


Note-[SM_PME] Processing Module/Entity
  Processing: rl_sfty_ibp_tgt_e2e_wrap_0000 Parameterized Name: 
  rl_sfty_ibp_tgt_e2e_wrap_0000


Note-[SM_IIF] Instance Info
  Instance Count : module 'rl_sfty_ibp_tgt_e2e_wrap_0000' has 25 instances
  


Note-[SM_PME] Processing Module/Entity
  Processing: alb_mss_fab_ibp2pack_0001 Parameterized Name: 
  alb_mss_fab_ibp2pack_0001


Note-[SM_PME] Processing Module/Entity
  Processing: alb_mss_fab_fifo_0000_0010 Parameterized Name: 
  alb_mss_fab_fifo_0000_0010


Note-[SM_PME] Processing Module/Entity
  Processing: rl_sfty_mnt_reg_agent Parameterized Name: rl_sfty_mnt_reg_agent


Note-[SM_IIF] Instance Info
  Instance Count : module 'rl_sfty_mnt_reg_agent' has 1 instances
  


Note-[SM_PME] Processing Module/Entity
  Processing: alb_mss_fab_fifo_0000_000E Parameterized Name: 
  alb_mss_fab_fifo_0000_000E


Note-[SM_PME] Processing Module/Entity
  Processing: alb_mss_fab_pack2ibp_0001 Parameterized Name: 
  alb_mss_fab_pack2ibp_0001


Note-[SM_PME] Processing Module/Entity
  Processing: rl_ibp_target_wrapper Parameterized Name: rl_ibp_target_wrapper


Note-[SM_PME] Processing Module/Entity
  Processing: alb_mss_fab_fifo_0008 Parameterized Name: alb_mss_fab_fifo_0008


Note-[SM_PME] Processing Module/Entity
  Processing: alb_mss_fab_ibp2ahbl_sel Parameterized Name: 
  alb_mss_fab_ibp2ahbl_sel


Note-[SM_IIF] Instance Info
  Instance Count : module 'alb_mss_fab_ibp2ahbl_sel' has 1 instances
  


Note-[SM_PME] Processing Module/Entity
  Processing: clockDelayPort_0000 Parameterized Name: clockDelayPort_0000


Note-[SM_IIF] Instance Info
  Instance Count : module 'clockDelayPort_0000' has 4 instances
  


Warning-[SM_BNP] Blocking and Non Blocking Assignments in same Process
/remote/sdgregrsnapshot2/NB/linux64_VCS2021.09.2.ZEBU.B4.1/radify-src/unizfe/verilog/clockDelayPort.v, 60
  Found Blocking and Non Blocking Assignments for signals 
  <clock_neg_edge_counter_0, clock_pos_edge_counter_0> in the same process.


Note-[SM_PME] Processing Module/Entity
  Processing: alb_mss_fab_bypbuf_0000 Parameterized Name: 
  alb_mss_fab_bypbuf_0000


Note-[SM_IIF] Instance Info
  Instance Count : module 'alb_mss_fab_bypbuf_0000' has 1 instances
  


Note-[SM_PME] Processing Module/Entity
  Processing: rl_dmp_lsq_cmd_port Parameterized Name: rl_dmp_lsq_cmd_port


Note-[SM_PME] Processing Module/Entity
  Processing: alb_mss_mem_bypbuf_0000_0001 Parameterized Name: 
  alb_mss_mem_bypbuf_0000_0001


Note-[SM_IIF] Instance Info
  Instance Count : module 'alb_mss_mem_bypbuf_0000_0001' has 1 instances
  


Note-[SM_PME] Processing Module/Entity
  Processing: iprio_arb Parameterized Name: iprio_arb


Note-[SM_IIF] Instance Info
  Instance Count : module 'iprio_arb' has 5 instances
  


Note-[SM_PME] Processing Module/Entity
  Processing: rl_dmp_csr Parameterized Name: rl_dmp_csr


Note-[SM_PME] Processing Module/Entity
  Processing: alb_mss_fab_fifo_0000_0013 Parameterized Name: 
  alb_mss_fab_fifo_0000_0013


Note-[SM_PME] Processing Module/Entity
  Processing: rl_logic_unit Parameterized Name: rl_logic_unit


Note-[SM_PME] Processing Module/Entity
  Processing: rl_special Parameterized Name: rl_special


Note-[SM_PME] Processing Module/Entity
  Processing: mss_bus_switch_fifo_0000_0006 Parameterized Name: 
  mss_bus_switch_fifo_0000_0006


Note-[SM_PME] Processing Module/Entity
  Processing: zceiMessageInPort_160 Parameterized Name: zceiMessageInPort_160


Note-[SM_PME] Processing Module/Entity
  Processing: iccm0_ram Parameterized Name: iccm0_ram


Note-[SM_IIF] Instance Info
  Instance Count : module 'iccm0_ram' has 1 instances
  


Note-[SM_PME] Processing Module/Entity
  Processing: ls_sfty_mnt_diag_ctrl_0000 Parameterized Name: 
  ls_sfty_mnt_diag_ctrl_0000


Note-[SM_PME] Processing Module/Entity
  Processing: alb_mss_fab_fifo_0001_0005 Parameterized Name: 
  alb_mss_fab_fifo_0001_0005


Note-[SM_PME] Processing Module/Entity
  Processing: rl_halt_mgr Parameterized Name: rl_halt_mgr


Note-[SM_PME] Processing Module/Entity
  Processing: zceiMessageOutPort_128 Parameterized Name: 
  zceiMessageOutPort_128


Note-[SM_PME] Processing Module/Entity
  Processing: zebu_bb_sample_clk_uncond_sample_64_1 Parameterized Name: 
  zebu_bb_sample_clk_uncond_sample_64_1


Note-[SM_PME] Processing Module/Entity
  Processing: ls_compare_unit_0005 Parameterized Name: ls_compare_unit_0005


Note-[SM_IIF] Instance Info
  Instance Count : module 'ls_compare_unit_0005' has 1 instances
  


Note-[SM_PME] Processing Module/Entity
  Processing: rl_dmp_amo Parameterized Name: rl_dmp_amo


Note-[SM_PME] Processing Module/Entity
  Processing: zceiMessageOutPort_122 Parameterized Name: 
  zceiMessageOutPort_122


Note-[SM_PME] Processing Module/Entity
  Processing: rl_byte_unit Parameterized Name: rl_byte_unit


Note-[SM_PME] Processing Module/Entity
  Processing: ls_error_register_0000 Parameterized Name: 
  ls_error_register_0000


Note-[SM_IIF] Instance Info
  Instance Count : module 'ls_error_register_0000' has 3 instances
  


Note-[SM_PME] Processing Module/Entity
  Processing: rl_pma_hit Parameterized Name: rl_pma_hit


Note-[SM_PME] Processing Module/Entity
  Processing: zceiMessageOutPort_65 Parameterized Name: zceiMessageOutPort_65


Note-[SM_PME] Processing Module/Entity
  Processing: zebu_bb_sample_clk_uncond_66_1 Parameterized Name: 
  zebu_bb_sample_clk_uncond_66_1


Note-[SM_PME] Processing Module/Entity
  Processing: rl_iesb Parameterized Name: rl_iesb


Note-[SM_PME] Processing Module/Entity
  Processing: zebu_bb_add_zview Parameterized Name: zebu_bb_add_zview


Note-[SM_PME] Processing Module/Entity
  Processing: zebu_bb_ts_cur_time Parameterized Name: zebu_bb_ts_cur_time


Note-[SM_PME] Processing Module/Entity
  Processing: iprio_arb_4to1 Parameterized Name: iprio_arb_4to1


Note-[SM_PME] Processing Module/Entity
  Processing: rl_reset_ctrl_synch Parameterized Name: rl_reset_ctrl_synch


Note-[SM_IIF] Instance Info
  Instance Count : module 'rl_reset_ctrl_synch' has 10 instances
  


Note-[SM_FNL] Fast netlist optimization
  Using fast processing since this is a simple netlist
  


Note-[SM_PME] Processing Module/Entity
  Processing: core_chip Parameterized Name: core_chip


Note-[SM_IIF] Instance Info
  Instance Count : module 'core_chip' has 2 instances
  


Note-[SM_PME] Processing Module/Entity
  Processing: rl_parity_gen_0000_0000 Parameterized Name: 
  rl_parity_gen_0000_0000


Note-[SM_PME] Processing Module/Entity
  Processing: rl_parity_gen_0000_0002 Parameterized Name: 
  rl_parity_gen_0000_0002


Note-[SM_PME] Processing Module/Entity
  <Message details suppressed due to encrypted design unit>


Note-[SM_PME] Processing Module/Entity
  Processing: rl_parity_gen_0000_0003 Parameterized Name: 
  rl_parity_gen_0000_0003


Note-[SM_PME] Processing Module/Entity
  Processing: rl_parity_gen_0001 Parameterized Name: rl_parity_gen_0001


Note-[SM_PME] Processing Module/Entity
  Processing: zceiMessageOutPort_33 Parameterized Name: zceiMessageOutPort_33


Note-[SM_PME] Processing Module/Entity
  Processing: UC_VLOG_LIB.zceiMessageInPort Parameterized Name: 
  zceiMessageInPort


Note-[SM_EMPTY_DU] Marking empty Module/Entity as blackbox
/remote/sdgregrsnapshot2/NB/linux64_VCS2021.09.2.ZEBU.B4.1/radify-src/unizfe/verilog/zceiMessageInPort.v, 2
  Module/Entity 'zceiMessageInPort' is marked as a blackbox because it is 
  empty


Note-[SM_PME] Processing Module/Entity
  Processing: rl_cpu_misc_synch Parameterized Name: rl_cpu_misc_synch


Note-[SM_IIF] Instance Info
  Instance Count : module 'rl_cpu_misc_synch' has 5 instances
  


Note-[SM_FNL] Fast netlist optimization
  Using fast processing since this is a simple netlist
  


Note-[SM_PME] Processing Module/Entity
  Processing: zebu_bb_sample_clk_uncond_32_1 Parameterized Name: 
  zebu_bb_sample_clk_uncond_32_1


Note-[SM_PME] Processing Module/Entity
  Processing: mss_bus_switch_fifo_0000_0002 Parameterized Name: 
  mss_bus_switch_fifo_0000_0002


Note-[SM_PME] Processing Module/Entity
  Processing: zebu_bb_sample_clk_uncond_sample_12_1 Parameterized Name: 
  zebu_bb_sample_clk_uncond_sample_12_1


Note-[SM_PME] Processing Module/Entity
  Processing: mss_bus_switch_rrobin Parameterized Name: mss_bus_switch_rrobin


Note-[SM_PME] Processing Module/Entity
  Processing: arcv_timer_synch Parameterized Name: arcv_timer_synch


Note-[SM_IIF] Instance Info
  Instance Count : module 'arcv_timer_synch' has 2 instances
  


Note-[SM_PME] Processing Module/Entity
  Processing: sr_err_aggr_0000_0000 Parameterized Name: sr_err_aggr_0000_0000


Note-[SM_PME] Processing Module/Entity
  Processing: rl_wtree_comp402 Parameterized Name: rl_wtree_comp402


Note-[SM_PME] Processing Module/Entity
  Processing: ZebuClockDetectFront_98 Parameterized Name: 
  ZebuClockDetectFront_98


Note-[SM_IIF] Instance Info
  Instance Count : module 'ZebuClockDetectFront_98' has 1 instances
  


Note-[SM_PME] Processing Module/Entity
  Processing: ZebuClockDetectFront_9 Parameterized Name: 
  ZebuClockDetectFront_9


Note-[SM_IIF] Instance Info
  Instance Count : module 'ZebuClockDetectFront_9' has 1 instances
  


Note-[SM_PME] Processing Module/Entity
  Processing: ZebuClockDetectFront_16 Parameterized Name: 
  ZebuClockDetectFront_16


Note-[SM_IIF] Instance Info
  Instance Count : module 'ZebuClockDetectFront_16' has 1 instances
  


Note-[SM_PME] Processing Module/Entity
  Processing: ZebuClockDetectFront_24 Parameterized Name: 
  ZebuClockDetectFront_24


Note-[SM_IIF] Instance Info
  Instance Count : module 'ZebuClockDetectFront_24' has 1 instances
  


Note-[SM_PME] Processing Module/Entity
  Processing: ZebuClockDetectFront_58 Parameterized Name: 
  ZebuClockDetectFront_58


Note-[SM_IIF] Instance Info
  Instance Count : module 'ZebuClockDetectFront_58' has 1 instances
  


Note-[SM_PME] Processing Module/Entity
  Processing: ZebuClockDetectFront_67 Parameterized Name: 
  ZebuClockDetectFront_67


Note-[SM_IIF] Instance Info
  Instance Count : module 'ZebuClockDetectFront_67' has 1 instances
  


Note-[SM_PME] Processing Module/Entity
  Processing: ZebuClockDetectFront_68 Parameterized Name: 
  ZebuClockDetectFront_68


Note-[SM_IIF] Instance Info
  Instance Count : module 'ZebuClockDetectFront_68' has 1 instances
  


Note-[SM_PME] Processing Module/Entity
  Processing: ZebuClockDetectFront_38 Parameterized Name: 
  ZebuClockDetectFront_38


Note-[SM_IIF] Instance Info
  Instance Count : module 'ZebuClockDetectFront_38' has 1 instances
  


Note-[SM_PME] Processing Module/Entity
  Processing: ZebuClockDetectFront_50 Parameterized Name: 
  ZebuClockDetectFront_50


Note-[SM_IIF] Instance Info
  Instance Count : module 'ZebuClockDetectFront_50' has 1 instances
  


Note-[SM_PME] Processing Module/Entity
  Processing: ZebuClockDetectFront_77 Parameterized Name: 
  ZebuClockDetectFront_77


Note-[SM_IIF] Instance Info
  Instance Count : module 'ZebuClockDetectFront_77' has 1 instances
  


Note-[SM_PME] Processing Module/Entity
  Processing: ZebuClockDetectFront_83 Parameterized Name: 
  ZebuClockDetectFront_83


Note-[SM_IIF] Instance Info
  Instance Count : module 'ZebuClockDetectFront_83' has 1 instances
  


Note-[SM_PME] Processing Module/Entity
  Processing: ZebuClockDetectFront_89 Parameterized Name: 
  ZebuClockDetectFront_89


Note-[SM_IIF] Instance Info
  Instance Count : module 'ZebuClockDetectFront_89' has 1 instances
  


Note-[SM_PME] Processing Module/Entity
  Processing: ZebuClockDetectFront_43 Parameterized Name: 
  ZebuClockDetectFront_43


Note-[SM_IIF] Instance Info
  Instance Count : module 'ZebuClockDetectFront_43' has 1 instances
  


Note-[SM_PME] Processing Module/Entity
  Processing: ZebuClockDetectFront_94 Parameterized Name: 
  ZebuClockDetectFront_94


Note-[SM_IIF] Instance Info
  Instance Count : module 'ZebuClockDetectFront_94' has 1 instances
  


Note-[SM_PME] Processing Module/Entity
  Processing: ZebuClockDetectFront_97 Parameterized Name: 
  ZebuClockDetectFront_97


Note-[SM_IIF] Instance Info
  Instance Count : module 'ZebuClockDetectFront_97' has 1 instances
  


Note-[SM_PME] Processing Module/Entity
  Processing: ZebuClockDetectFront_1 Parameterized Name: 
  ZebuClockDetectFront_1


Note-[SM_IIF] Instance Info
  Instance Count : module 'ZebuClockDetectFront_1' has 1 instances
  


Note-[SM_PME] Processing Module/Entity
  Processing: zceiMessageInPort_6 Parameterized Name: zceiMessageInPort_6


Note-[SM_PME] Processing Module/Entity
  Processing: cdc_synch_wrap Parameterized Name: cdc_synch_wrap


Note-[SM_IIF] Instance Info
  Instance Count : module 'cdc_synch_wrap' has 1 instances
  


Note-[SM_FNL] Fast netlist optimization
  Using fast processing since this is a simple netlist
  


Note-[SM_PME] Processing Module/Entity
  Processing: dw_dbp_stubs Parameterized Name: dw_dbp_stubs


Note-[SM_FNL] Fast netlist optimization
  Using fast processing since this is a simple netlist
  


Note-[SM_PME] Processing Module/Entity
  Processing: dw_dbp_cdc_sync Parameterized Name: dw_dbp_cdc_sync


Note-[SM_IIF] Instance Info
  Instance Count : module 'dw_dbp_cdc_sync' has 1 instances
  


Note-[SM_FNL] Fast netlist optimization
  Using fast processing since this is a simple netlist
  


Note-[SM_PME] Processing Module/Entity
  Processing: zceiMessageOutPort_3 Parameterized Name: zceiMessageOutPort_3


Note-[SM_PME] Processing Module/Entity
  Processing: odd_pty_enc_0001_0001 Parameterized Name: odd_pty_enc_0001_0001


Note-[SM_PME] Processing Module/Entity
  Processing: zebu_bb_stop_driver_clock_2 Parameterized Name: 
  zebu_bb_stop_driver_clock_2


Note-[SM_CHLDRUN_DONE] Child process run completed
  Child process number '1' with process id '2010654'
  is done with synthesis of total '114' modules
  SIMON Child CPU Time        : 2.03 sec
  SIMON Child Wall-Clock Time : 2.30 sec
  SIMON Child Current Memory  : 865 MB
  SIMON Child Peak Memory     : 865 MB
  SIMON Distribution          : 0.72,0.19,0.08,0.00 sec
  End time                    : Wed May 14 18:55:32 2025
  .


Note-[SM_POME] Processing Module/Entity
  Performing post-processing optimizations on Module/Entity: 
  alb_mss_fab_fifo_0000


Note-[SM_POME] Processing Module/Entity
  Performing post-processing optimizations on Module/Entity: 
  alb_mss_fab_fifo_0001_0002


Note-[SM_POME] Processing Module/Entity
  Performing post-processing optimizations on Module/Entity: 
  alb_mss_fab_fifo_0001_0003


Note-[SM_POME] Processing Module/Entity
  Performing post-processing optimizations on Module/Entity: 
  alb_mss_fab_fifo_0000_0005


Note-[SM_POME] Processing Module/Entity
  Performing post-processing optimizations on Module/Entity: 
  alb_mss_fab_fifo_0001_0007


Note-[SM_POME] Processing Module/Entity
  Performing post-processing optimizations on Module/Entity: 
  alb_mss_fab_bus_lat_0000


Note-[SM_POME] Processing Module/Entity
  Performing post-processing optimizations on Module/Entity: 
  mss_bus_switch_ibpx2ibpy_0000


Note-[SM_POME] Processing Module/Entity
  Performing post-processing optimizations on Module/Entity: 
  mss_bus_switch_fifo_0000_0004


Note-[SM_POME] Processing Module/Entity
  Performing post-processing optimizations on Module/Entity: 
  mss_bus_switch_fifo_0001_0000


Note-[SM_POME] Processing Module/Entity
  Performing post-processing optimizations on Module/Entity: 
  mss_bus_switch_ibpw2ibpn_0000


Note-[SM_POME] Processing Module/Entity
  Performing post-processing optimizations on Module/Entity: 
  mss_bus_switch_ibpn2ibpw_0000


Note-[SM_POME] Processing Module/Entity
  Performing post-processing optimizations on Module/Entity: 
  mss_bus_switch_ibpx2ibpy_0001_0000


Note-[SM_POME] Processing Module/Entity
  Performing post-processing optimizations on Module/Entity: 
  mss_bus_switch_ibp_dw64_mst


Note-[SM_POME] Processing Module/Entity
  Performing post-processing optimizations on Module/Entity: 
  mss_bus_switch_ibp2ibps_0001


Note-[SM_POME] Processing Module/Entity
  Performing post-processing optimizations on Module/Entity: 
  mss_bus_switch_fifo_0001_0004


Note-[SM_POME] Processing Module/Entity
  Performing post-processing optimizations on Module/Entity: 
  mss_bus_switch_fifo_0000_0009


Note-[SM_POME] Processing Module/Entity
  Performing post-processing optimizations on Module/Entity: 
  alb_mss_fab_fifo_0000_000B


Note-[SM_POME] Processing Module/Entity
  Performing post-processing optimizations on Module/Entity: 
  alb_mss_fab_fifo_0000_000F


Note-[SM_POME] Processing Module/Entity
  Performing post-processing optimizations on Module/Entity: 
  alb_mss_fab_fifo_0000_0013


Note-[SM_POME] Processing Module/Entity
  Performing post-processing optimizations on Module/Entity: 
  alb_mss_fab_ibp_buffer_0000_000A


Note-[SM_POME] Processing Module/Entity
  Performing post-processing optimizations on Module/Entity: 
  alb_mss_fab_fifo_0004_0000


Note-[SM_POME] Processing Module/Entity
  Performing post-processing optimizations on Module/Entity: 
  alb_mss_fab_fifo_0006


Note-[SM_POME] Processing Module/Entity
  Performing post-processing optimizations on Module/Entity: 
  alb_mss_fab_bypbuf_0000_0002


Note-[SM_POME] Processing Module/Entity
  Performing post-processing optimizations on Module/Entity: 
  alb_mss_fab_ibp2axi_rg


Note-[SM_POME] Processing Module/Entity
  Performing post-processing optimizations on Module/Entity: alb_mss_clkctrl


Note-[SM_POME] Processing Module/Entity
  Performing post-processing optimizations on Module/Entity: 
  ZebuClockDetectFront_88


Note-[SM_POME] Processing Module/Entity
  Performing post-processing optimizations on Module/Entity: 
  ZebuClockDetectFront_95


Note-[SM_POME] Processing Module/Entity
  Performing post-processing optimizations on Module/Entity: 
  ZebuClockDetectFront_91


Note-[SM_POME] Processing Module/Entity
  Performing post-processing optimizations on Module/Entity: 
  ZebuClockDetectFront_60


Note-[SM_POME] Processing Module/Entity
  Performing post-processing optimizations on Module/Entity: 
  ZebuClockDetectFront_70


Note-[SM_POME] Processing Module/Entity
  Performing post-processing optimizations on Module/Entity: alb_mss_perfctrl


Note-[SM_POME] Processing Module/Entity
  Performing post-processing optimizations on Module/Entity: 
  alb_mss_mem_ibp2single_0000


Note-[SM_POME] Processing Module/Entity
  Performing post-processing optimizations on Module/Entity: 
  alb_mss_mem_ibp_cwbind_0000


Note-[SM_POME] Processing Module/Entity
  Performing post-processing optimizations on Module/Entity: 
  alb_mss_mem_clkgate


Note-[SM_POME] Processing Module/Entity
  <Message details suppressed due to encrypted design unit>


Note-[SM_MEM_INFO] Module has inferred memories
/global/apps/zebu_vs_2023.03-SP1//vlog/vcs/xtor_amba_master_axi3_svs.sv, 676
  <Message details suppressed due to encrypted design unit>


Note-[SM_POME] Processing Module/Entity
  <Message details suppressed due to encrypted design unit>


Note-[SM_MEM_INFO] Module has inferred memories
/global/apps/zebu_vs_2023.03-SP1//vlog/vcs/xtor_amba_master_axi3_svs.sv, 676
  <Message details suppressed due to encrypted design unit>


Note-[SM_POME] Processing Module/Entity
  <Message details suppressed due to encrypted design unit>


Note-[SM_MEM_SPLITS] Unable to infer memory for split signals
  <Message details suppressed due to encrypted design unit>


Note-[SM_MEM_SKIPPED] Arrays not inferred as memory
/global/apps/zebu_vs_2023.03-SP1//vlog/vcs/xtor_amba_master_axi3_svs.sv, 676
  <Message details suppressed due to encrypted design unit>


Note-[SM_MEM_INFO] Module has inferred memories
/global/apps/zebu_vs_2023.03-SP1//vlog/vcs/xtor_amba_master_axi3_svs.sv, 676
  <Message details suppressed due to encrypted design unit>


Note-[SM_POME] Processing Module/Entity
  Performing post-processing optimizations on Module/Entity: 
  ZebuClockDetectFront_52


Note-[SM_POME] Processing Module/Entity
  Performing post-processing optimizations on Module/Entity: 
  ZebuClockDetectFront_10


Note-[SM_POME] Processing Module/Entity
  Performing post-processing optimizations on Module/Entity: 
  ZebuClockDetectFront_16


Note-[SM_POME] Processing Module/Entity
  Performing post-processing optimizations on Module/Entity: 
  ZebuClockDetectFront_22


Note-[SM_POME] Processing Module/Entity
  Performing post-processing optimizations on Module/Entity: 
  ZebuClockDetectFront_29


Note-[SM_POME] Processing Module/Entity
  Performing post-processing optimizations on Module/Entity: dw_dbp_stubs


Note-[SM_POME] Processing Module/Entity
  Performing post-processing optimizations on Module/Entity: ls_cdc_sync


Note-[SM_POME] Processing Module/Entity
  Performing post-processing optimizations on Module/Entity: arcv_dm_top


Note-[SM_POME] Processing Module/Entity
  Performing post-processing optimizations on Module/Entity: 
  dwt_reset_ctrl_0000


Note-[SM_POME] Processing Module/Entity
  Performing post-processing optimizations on Module/Entity: apb_master_ap0


Note-[SM_POME] Processing Module/Entity
  Performing post-processing optimizations on Module/Entity: 
  rl_reset_ctrl_synch


Note-[SM_POME] Processing Module/Entity
  Performing post-processing optimizations on Module/Entity: 
  ls_compare_unit_0000


Note-[SM_POME] Processing Module/Entity
  Performing post-processing optimizations on Module/Entity: 
  ls_compare_unit_0002


Note-[SM_POME] Processing Module/Entity
  Performing post-processing optimizations on Module/Entity: 
  ls_compare_unit_0008


Note-[SM_POME] Processing Module/Entity
  Performing post-processing optimizations on Module/Entity: 
  ls_compare_unit_000E


Note-[SM_POME] Processing Module/Entity
  Performing post-processing optimizations on Module/Entity: reset_fsm


Note-[SM_POME] Processing Module/Entity
  Performing post-processing optimizations on Module/Entity: 
  ZebuClockDetectFront_5


Note-[SM_POME] Processing Module/Entity
  Performing post-processing optimizations on Module/Entity: rl_dmp_amo


Note-[SM_POME] Processing Module/Entity
  Performing post-processing optimizations on Module/Entity: rl_ifu_icache_ctl


Note-[SM_POME] Processing Module/Entity
  Performing post-processing optimizations on Module/Entity: rl_uop_seq


Note-[SM_POME] Processing Module/Entity
  Performing post-processing optimizations on Module/Entity: rl_bitscan


Note-[SM_POME] Processing Module/Entity
  Performing post-processing optimizations on Module/Entity: rl_wtree_comp432


Note-[SM_POME] Processing Module/Entity
  Performing post-processing optimizations on Module/Entity: rl_special


Note-[SM_POME] Processing Module/Entity
  Performing post-processing optimizations on Module/Entity: rl_trap


Note-[SM_POME] Processing Module/Entity
  Performing post-processing optimizations on Module/Entity: 
  rl_dmp_store_aligner


Note-[SM_POME] Processing Module/Entity
  Performing post-processing optimizations on Module/Entity: rl_dmp_cwb


Note-[SM_POME] Processing Module/Entity
  Performing post-processing optimizations on Module/Entity: rl_pmp


Note-[SM_POME] Processing Module/Entity
  Performing post-processing optimizations on Module/Entity: odd_pty_enc_0001


Note-[SM_POME] Processing Module/Entity
  Performing post-processing optimizations on Module/Entity: rl_ibp2mmio


Note-[SM_POME] Processing Module/Entity
  Performing post-processing optimizations on Module/Entity: 
  rl_parity_gen_0000_0003


Note-[SM_POME] Processing Module/Entity
  Performing post-processing optimizations on Module/Entity: 
  rl_parity_chk_0002_0003


Note-[SM_POME] Processing Module/Entity
  Performing post-processing optimizations on Module/Entity: 
  e2e_edc32_1stg_qual_chk_wrap_0000


Note-[SM_POME] Processing Module/Entity
  Performing post-processing optimizations on Module/Entity: 
  arcv_wd_parity_0000


Note-[SM_POME] Processing Module/Entity
  Performing post-processing optimizations on Module/Entity: 
  ls_sfty_mnt_diag_ctrl


Note-[SM_POME] Processing Module/Entity
  Performing post-processing optimizations on Module/Entity: odd_pty_dec_0003


Note-[SM_POME] Processing Module/Entity
  Performing post-processing optimizations on Module/Entity: 
  rl_sfty_ibp_tgt_e2e_wrap_0000


Note-[SM_POME] Processing Module/Entity
  Performing post-processing optimizations on Module/Entity: ic_data_ram


Note-[SM_POME] Processing Module/Entity
  Performing post-processing optimizations on Module/Entity: iccm0_ram


Note-[SM_POME] Processing Module/Entity
  Performing post-processing optimizations on Module/Entity: 
  fpga_sram_0002_0000


Note-[SM_MEM_INFO] Module has inferred memories
/remote/sdgedt/tools/reem/ZebuS5_newslave/zebu_ifx_mini_rattle_6649a592_20250509/build/verilog/RTL/fpga_sram.v, 45
  Inferred memory statistics for module 'fpga_sram_0002_0000' (Instances: 2)
  ------------------------------------------------------------------------------
  |Name |Size |TotalPorts |ReadPorts |WritePorts |Reset |Initial |
  ------------------------------------------------------------------------------
  | mem_r | 5242880(131072x40) |TP:2 |RP:1(A:1,S:0) |WP:1(A:0,S:1) |R:None 
  |I:No |
  ------------------------------------------------------------------------------


Note-[SM_POME] Processing Module/Entity
  Performing post-processing optimizations on Module/Entity: 
  ZebuClockDetectFront_101


Note-[SM_POME] Processing Module/Entity
  Performing post-processing optimizations on Module/Entity: 
  ZebuClockDetectFront_107


Note-[SM_CHLDRUN_DONE] Child process run completed
  Child process number '1' with process id '2010809'
  is done with post-processing optimizations of total '78' modules
  SIMON Child CPU Time        : 0.34 sec
  SIMON Child Wall-Clock Time : 1.44 sec
  SIMON Child Current Memory  : 885 MB
  SIMON Child Peak Memory     : 885 MB
  SIMON Distribution          : 0.00,0.00,0.00,0.03 sec
  End time                    : Wed May 14 18:55:35 2025
  .

