3 0 0
13 1 0
21 0 0
26 0 0
31 0 0
40 0 0
50 0 0
58 0 0
63 0 0
71 0 0
79 0 0
87 0 0
96 0 0
110 0 0
117 0 0
120 0 0
129 0 0
139 0 0
148 0 0
158 0 0
167 0 0
176 0 0
183 0 0
189 0 0
198 0 0
207 0 0
216 0 0
218 0 0
228 0 0
238 0 0
240 0 0
248 0 0
250 0 0
257 0 0
264 0 0
272 0 0
280 0 0
287 0 0
290 0 0
317 0 0
325 0 0
339 0 0
347 0 0
354 0 0
363 0 0
370 0 0
372 0 0
381 0 0
389 0 0
397 0 0
403 0 0
409 1 0
417 0 0
420 0 0
422 0 0
431 0 0
438 0 0
447 0 0
454 0 0
464 0 0
466 0 0
472 0 0
481 0 0
482 0 0
483 0 0
491 0 0
498 0 0
500 0 0
509 0 0
513 0 0
522 0 0
525 0 0
531 0 0
537 0 0
544 0 0
555 0 0
570 0 0
-1 0 0
-4 0 0
