4 0 4884
39 0 0
64 1 0
76 0 0
81 0 0
82 0 0
85 0 0
91 0 0
94 0 0
102 0 0
108 0 264
116 0 924
135 0 0
136 0 0
139 0 0
145 0 0
150 0 0
154 0 0
164 0 0
174 0 0
178 0 0
181 0 0
186 0 396
206 0 0
212 0 0
215 0 0
217 0 1980
237 0 0
252 0 0
255 0 0
263 0 0
265 1 0
275 0 0
290 0 0
297 0 0
306 0 0
308 0 0
311 0 0
315 0 0
320 0 0
323 0 396
326 0 660
334 0 0
338 0 0
344 0 0
345 0 0
347 0 0
358 0 0
362 0 0
363 0 0
366 0 0
368 0 0
369 0 0
372 0 396
385 0 0
388 0 0
395 0 0
400 0 0
406 0 0
426 0 0
437 0 0
450 0 0
456 0 0
459 0 0
477 0 0
483 0 0
488 0 0
493 0 0
496 0 0
508 0 0
523 0 132
535 0 0
538 0 0
550 0 0
566 0 0
572 0 132
578 0 0
588 0 0
594 0 0
603 0 0
608 0 0
614 0 0
620 0 0
627 0 0
-1 0 1136
-4 0 0
