2 0 0
10 1 0
18 0 0
22 0 0
33 0 0
41 0 0
51 0 0
59 0 0
67 0 0
78 0 0
86 0 0
94 0 0
104 0 0
113 0 0
121 0 0
130 0 0
140 0 0
144 0 0
152 0 0
161 0 0
171 0 0
174 0 0
181 0 0
185 0 0
191 0 0
209 0 0
215 0 0
225 0 0
227 0 0
237 0 0
244 0 0
245 0 0
252 0 0
259 0 0
266 0 0
274 0 0
282 0 0
291 0 0
297 0 0
303 0 0
309 0 0
316 0 0
324 0 0
338 0 0
346 0 0
353 0 0
361 0 0
369 0 0
376 0 0
384 0 0
393 0 0
401 0 0
410 1 0
421 0 0
430 0 0
450 0 0
459 0 0
467 0 0
473 0 0
478 0 0
480 0 0
489 0 0
493 0 0
501 0 0
514 0 0
516 0 0
524 0 0
529 0 0
542 0 0
552 0 0
554 0 0
568 0 0
-1 0 0
-4 0 0
