
Note-[SM_PME] Processing Module/Entity
  Processing: alb_mss_bus_switch Parameterized Name: alb_mss_bus_switch


Note-[SM_IIF] Instance Info
  Instance Count : module 'alb_mss_bus_switch' has 14 instances
  


Note-[SM_PME] Processing Module/Entity
  Processing: rl_core Parameterized Name: rl_core


Note-[SM_IIF] Instance Info
  Instance Count : module 'rl_core' has 17 instances
  


Note-[SM_PME] Processing Module/Entity
  Processing: mss_bus_switch_ibp_dw64_mst Parameterized Name: 
  mss_bus_switch_ibp_dw64_mst


Note-[SM_IIF] Instance Info
  Instance Count : module 'mss_bus_switch_ibp_dw64_mst' has 8 instances
  


Note-[SM_PME] Processing Module/Entity
  Processing: rl_csr Parameterized Name: rl_csr


Note-[SM_IIF] Instance Info
  Instance Count : module 'rl_csr' has 2 instances
  


Note-[SM_REUNL] Removing unneeded latches
  Removing latches which are not needed :  core_debug_csr_illegal
  


Note-[SM_PME] Processing Module/Entity
  Processing: alb_mss_fab_ibp2pack_0000 Parameterized Name: 
  alb_mss_fab_ibp2pack_0000


Note-[SM_PME] Processing Module/Entity
  Processing: mss_bus_switch_ibp2single_0000 Parameterized Name: 
  mss_bus_switch_ibp2single_0000


Note-[SM_IIF] Instance Info
  Instance Count : module 'mss_bus_switch_ibp2single_0000' has 3 instances
  


Note-[SM_PME] Processing Module/Entity
  Processing: zceiMessageInPort_2516 Parameterized Name: 
  zceiMessageInPort_2516


Note-[SM_PME] Processing Module/Entity
  Processing: alb_mss_fab_ibp_lat_0000 Parameterized Name: 
  alb_mss_fab_ibp_lat_0000


Note-[SM_IIF] Instance Info
  Instance Count : module 'alb_mss_fab_ibp_lat_0000' has 1 instances
  


Note-[SM_PME] Processing Module/Entity
  Processing: alb_mss_fab_pack2ibp_0000 Parameterized Name: 
  alb_mss_fab_pack2ibp_0000


Note-[SM_PME] Processing Module/Entity
  Processing: mss_bus_switch_pack2ibp Parameterized Name: 
  mss_bus_switch_pack2ibp


Note-[SM_PME] Processing Module/Entity
  Processing: mss_bus_switch_ibpx2ibpy_0000_0000 Parameterized Name: 
  mss_bus_switch_ibpx2ibpy_0000_0000


Note-[SM_PME] Processing Module/Entity
  Processing: mss_bus_switch_ibp_cwbind_0000_0000 Parameterized Name: 
  mss_bus_switch_ibp_cwbind_0000_0000


Note-[SM_PME] Processing Module/Entity
  Processing: rl_regfile Parameterized Name: rl_regfile


Note-[SM_PME] Processing Module/Entity
  Processing: rl_ifu Parameterized Name: rl_ifu


Note-[SM_IIF] Instance Info
  Instance Count : module 'rl_ifu' has 5 instances
  


Note-[SM_PME] Processing Module/Entity
  <Message details suppressed due to encrypted design unit>


Note-[SM_PME] Processing Module/Entity
  Processing: mss_bus_switch_ibpx2ibpy_0001_0001 Parameterized Name: 
  mss_bus_switch_ibpx2ibpy_0001_0001


Note-[SM_IIF] Instance Info
  Instance Count : module 'mss_bus_switch_ibpx2ibpy_0001_0001' has 1 instances
  


Note-[SM_PME] Processing Module/Entity
  Processing: rl_triggers Parameterized Name: rl_triggers


Note-[SM_IIF] Instance Info
  Instance Count : module 'rl_triggers' has 1 instances
  


Note-[SM_PME] Processing Module/Entity
  Processing: mss_bus_switch_fifo_0001_0004 Parameterized Name: 
  mss_bus_switch_fifo_0001_0004


Note-[SM_PME] Processing Module/Entity
  Processing: alb_mss_mem_ibp_buf Parameterized Name: alb_mss_mem_ibp_buf


Note-[SM_IIF] Instance Info
  Instance Count : module 'alb_mss_mem_ibp_buf' has 2 instances
  


Note-[SM_PME] Processing Module/Entity
  Processing: alb_mss_fab_ibp2pack_0004 Parameterized Name: 
  alb_mss_fab_ibp2pack_0004


Note-[SM_PME] Processing Module/Entity
  Processing: mss_bus_switch_ibp2pack_0003 Parameterized Name: 
  mss_bus_switch_ibp2pack_0003


Note-[SM_PME] Processing Module/Entity
  Processing: mss_bus_switch_ibp2ibps_0000 Parameterized Name: 
  mss_bus_switch_ibp2ibps_0000


Note-[SM_IIF] Instance Info
  Instance Count : module 'mss_bus_switch_ibp2ibps_0000' has 3 instances
  


Note-[SM_PME] Processing Module/Entity
  Processing: alb_mss_fab_ibp2ahbl Parameterized Name: alb_mss_fab_ibp2ahbl


Note-[SM_IIF] Instance Info
  Instance Count : module 'alb_mss_fab_ibp2ahbl' has 5 instances
  


Note-[SM_PME] Processing Module/Entity
  Processing: mss_bus_switch_slv_ibp_buffer_0000 Parameterized Name: 
  mss_bus_switch_slv_ibp_buffer_0000


Note-[SM_IIF] Instance Info
  Instance Count : module 'mss_bus_switch_slv_ibp_buffer_0000' has 4 instances
  


Note-[SM_PME] Processing Module/Entity
  Processing: alb_mss_fab_ibp_buffer_0000_0000 Parameterized Name: 
  alb_mss_fab_ibp_buffer_0000_0000


Note-[SM_IIF] Instance Info
  Instance Count : module 'alb_mss_fab_ibp_buffer_0000_0000' has 4 instances
  


Note-[SM_PME] Processing Module/Entity
  Processing: rl_alu_data_path Parameterized Name: rl_alu_data_path


Note-[SM_IIF] Instance Info
  Instance Count : module 'rl_alu_data_path' has 6 instances
  


Note-[SM_PME] Processing Module/Entity
  Processing: alb_mss_fab_ibp_buffer_0000_0003 Parameterized Name: 
  alb_mss_fab_ibp_buffer_0000_0003


Note-[SM_IIF] Instance Info
  Instance Count : module 'alb_mss_fab_ibp_buffer_0000_0003' has 4 instances
  


Note-[SM_PME] Processing Module/Entity
  Processing: rl_ifu_icache_rf Parameterized Name: rl_ifu_icache_rf


Note-[SM_PME] Processing Module/Entity
  Processing: alb_mss_fab_fifo_0000_0015 Parameterized Name: 
  alb_mss_fab_fifo_0000_0015


Note-[SM_PME] Processing Module/Entity
  Processing: arcv_dm_top Parameterized Name: arcv_dm_top


Note-[SM_IIF] Instance Info
  Instance Count : module 'arcv_dm_top' has 13 instances
  


Note-[SM_PME] Processing Module/Entity
  Processing: zceiMessageOutPort_544 Parameterized Name: 
  zceiMessageOutPort_544


Note-[SM_PME] Processing Module/Entity
  Processing: rl_bypass Parameterized Name: rl_bypass


Note-[SM_PME] Processing Module/Entity
  Processing: alb_mss_fab_fifo_0006_0001 Parameterized Name: 
  alb_mss_fab_fifo_0006_0001


Note-[SM_PME] Processing Module/Entity
  Processing: alb_mss_fab_fifo_000A Parameterized Name: alb_mss_fab_fifo_000A


Note-[SM_PME] Processing Module/Entity
  Processing: rl_trap Parameterized Name: rl_trap


Note-[SM_PME] Processing Module/Entity
  Processing: mss_bus_switch_ibp2pack Parameterized Name: 
  mss_bus_switch_ibp2pack


Note-[SM_PME] Processing Module/Entity
  Processing: zebu_top Parameterized Name: zebu_top


Note-[SM_IIF] Instance Info
  Instance Count : module 'zebu_top' has 9 instances
  


Warning-[SM_BNDP] Blocking and Non Blocking Assignments in different Processes
  Found blocking and non-blocking assignments for signal 'ref_clk_cnt'. It has
  blocking assignments in file 
  '/remote/sdgedt/tools/reem/ZebuS5_newslave/zebu_ifx_mini_rattle_6649a592_20250509/build/verilog/zebu_top.v'
  at line 88 and non-blocking assignments in file 
  '/remote/sdgedt/tools/reem/ZebuS5_newslave/zebu_ifx_mini_rattle_6649a592_20250509/build/verilog/zebu_top.v'
  at line 89


Note-[SM_PME] Processing Module/Entity
  Processing: alb_mss_fab_fifo_0006_0000 Parameterized Name: 
  alb_mss_fab_fifo_0006_0000


Note-[SM_PME] Processing Module/Entity
  Processing: mss_bus_switch_pack2ibp_0000 Parameterized Name: 
  mss_bus_switch_pack2ibp_0000


Note-[SM_PME] Processing Module/Entity
  Processing: arcv_watchdog_csr Parameterized Name: arcv_watchdog_csr


Note-[SM_PME] Processing Module/Entity
  Processing: ls_multi_bit_comparator_0004 Parameterized Name: 
  ls_multi_bit_comparator_0004


Note-[SM_PME] Processing Module/Entity
  Processing: alb_mss_mem_fifo_0003 Parameterized Name: alb_mss_mem_fifo_0003


Note-[SM_PME] Processing Module/Entity
  Processing: alb_mss_fab_fifo_0001_0006 Parameterized Name: 
  alb_mss_fab_fifo_0001_0006


Note-[SM_PME] Processing Module/Entity
  Processing: mss_bus_switch_fifo_0000_0001 Parameterized Name: 
  mss_bus_switch_fifo_0000_0001


Note-[SM_PME] Processing Module/Entity
  Processing: rl_cpu_synch_wrap Parameterized Name: rl_cpu_synch_wrap


Note-[SM_IIF] Instance Info
  Instance Count : module 'rl_cpu_synch_wrap' has 4 instances
  


Note-[SM_PME] Processing Module/Entity
  Processing: ls_multi_bit_comparator_0002 Parameterized Name: 
  ls_multi_bit_comparator_0002


Note-[SM_PME] Processing Module/Entity
  Processing: ls_compare_unit_0003 Parameterized Name: ls_compare_unit_0003


Note-[SM_IIF] Instance Info
  Instance Count : module 'ls_compare_unit_0003' has 1 instances
  


Note-[SM_PME] Processing Module/Entity
  Processing: zceiMessageInPort_35 Parameterized Name: zceiMessageInPort_35


Note-[SM_PME] Processing Module/Entity
  Processing: alb_mss_mem_bypbuf_0000_0003 Parameterized Name: 
  alb_mss_mem_bypbuf_0000_0003


Note-[SM_IIF] Instance Info
  Instance Count : module 'alb_mss_mem_bypbuf_0000_0003' has 1 instances
  


Note-[SM_PME] Processing Module/Entity
  Processing: UC_VLOG_LIB.zceiTrigger Parameterized Name: zceiTrigger


Note-[SM_EMPTY_DU] Marking empty Module/Entity as blackbox
/remote/sdgregrsnapshot2/NB/linux64_VCS2021.09.2.ZEBU.B4.1/radify-src/unizfe/verilog/zceiTrigger.v, 4
  Module/Entity 'zceiTrigger' is marked as a blackbox because it is empty


Note-[SM_PME] Processing Module/Entity
  Processing: reset_fsm Parameterized Name: reset_fsm


Note-[SM_PME] Processing Module/Entity
  Processing: rl_wtree_comp522 Parameterized Name: rl_wtree_comp522


Note-[SM_PME] Processing Module/Entity
  Processing: arcv_wd_parity_0000 Parameterized Name: arcv_wd_parity_0000


Note-[SM_PME] Processing Module/Entity
  Processing: rl_wtree_comp222 Parameterized Name: rl_wtree_comp222


Note-[SM_PME] Processing Module/Entity
  Processing: ZebuClockDetectFront_106 Parameterized Name: 
  ZebuClockDetectFront_106


Note-[SM_IIF] Instance Info
  Instance Count : module 'ZebuClockDetectFront_106' has 1 instances
  


Note-[SM_PME] Processing Module/Entity
  Processing: ZebuClockDetectFront_14 Parameterized Name: 
  ZebuClockDetectFront_14


Note-[SM_IIF] Instance Info
  Instance Count : module 'ZebuClockDetectFront_14' has 1 instances
  


Note-[SM_PME] Processing Module/Entity
  Processing: ZebuClockDetectFront_17 Parameterized Name: 
  ZebuClockDetectFront_17


Note-[SM_IIF] Instance Info
  Instance Count : module 'ZebuClockDetectFront_17' has 1 instances
  


Note-[SM_PME] Processing Module/Entity
  Processing: ZebuClockDetectFront_25 Parameterized Name: 
  ZebuClockDetectFront_25


Note-[SM_IIF] Instance Info
  Instance Count : module 'ZebuClockDetectFront_25' has 1 instances
  


Note-[SM_PME] Processing Module/Entity
  Processing: ZebuClockDetectFront_32 Parameterized Name: 
  ZebuClockDetectFront_32


Note-[SM_IIF] Instance Info
  Instance Count : module 'ZebuClockDetectFront_32' has 1 instances
  


Note-[SM_PME] Processing Module/Entity
  Processing: ZebuClockDetectFront_62 Parameterized Name: 
  ZebuClockDetectFront_62


Note-[SM_IIF] Instance Info
  Instance Count : module 'ZebuClockDetectFront_62' has 1 instances
  


Note-[SM_PME] Processing Module/Entity
  Processing: ZebuClockDetectFront_69 Parameterized Name: 
  ZebuClockDetectFront_69


Note-[SM_IIF] Instance Info
  Instance Count : module 'ZebuClockDetectFront_69' has 1 instances
  


Note-[SM_PME] Processing Module/Entity
  Processing: ZebuClockDetectFront_74 Parameterized Name: 
  ZebuClockDetectFront_74


Note-[SM_IIF] Instance Info
  Instance Count : module 'ZebuClockDetectFront_74' has 1 instances
  


Note-[SM_PME] Processing Module/Entity
  Processing: ZebuClockDetectFront_40 Parameterized Name: 
  ZebuClockDetectFront_40


Note-[SM_IIF] Instance Info
  Instance Count : module 'ZebuClockDetectFront_40' has 1 instances
  


Note-[SM_PME] Processing Module/Entity
  Processing: ZebuClockDetectFront_48 Parameterized Name: 
  ZebuClockDetectFront_48


Note-[SM_IIF] Instance Info
  Instance Count : module 'ZebuClockDetectFront_48' has 1 instances
  


Note-[SM_PME] Processing Module/Entity
  Processing: ZebuClockDetectFront_53 Parameterized Name: 
  ZebuClockDetectFront_53


Note-[SM_IIF] Instance Info
  Instance Count : module 'ZebuClockDetectFront_53' has 1 instances
  


Note-[SM_PME] Processing Module/Entity
  Processing: ZebuClockDetectFront_78 Parameterized Name: 
  ZebuClockDetectFront_78


Note-[SM_IIF] Instance Info
  Instance Count : module 'ZebuClockDetectFront_78' has 1 instances
  


Note-[SM_PME] Processing Module/Entity
  Processing: ZebuClockDetectFront_84 Parameterized Name: 
  ZebuClockDetectFront_84


Note-[SM_IIF] Instance Info
  Instance Count : module 'ZebuClockDetectFront_84' has 1 instances
  


Note-[SM_PME] Processing Module/Entity
  Processing: ZebuClockDetectFront_90 Parameterized Name: 
  ZebuClockDetectFront_90


Note-[SM_IIF] Instance Info
  Instance Count : module 'ZebuClockDetectFront_90' has 1 instances
  


Note-[SM_PME] Processing Module/Entity
  Processing: ZebuClockDetectFront_45 Parameterized Name: 
  ZebuClockDetectFront_45


Note-[SM_IIF] Instance Info
  Instance Count : module 'ZebuClockDetectFront_45' has 1 instances
  


Note-[SM_PME] Processing Module/Entity
  Processing: ZebuClockDetectFront_2 Parameterized Name: 
  ZebuClockDetectFront_2


Note-[SM_IIF] Instance Info
  Instance Count : module 'ZebuClockDetectFront_2' has 1 instances
  


Note-[SM_PME] Processing Module/Entity
  Processing: DWbb_bcm21_atv_0000 Parameterized Name: DWbb_bcm21_atv_0000


Note-[SM_IIF] Instance Info
  Instance Count : module 'DWbb_bcm21_atv_0000' has 1 instances
  


Note-[SM_PME] Processing Module/Entity
  Processing: reset_handshake Parameterized Name: reset_handshake


Note-[SM_PME] Processing Module/Entity
  Processing: DWbb_bcm00_maj Parameterized Name: DWbb_bcm00_maj


Note-[SM_PME] Processing Module/Entity
  Processing: zceiMessageInPort_2 Parameterized Name: zceiMessageInPort_2


Note-[SM_PME] Processing Module/Entity
  Processing: odd_pty_enc_0000 Parameterized Name: odd_pty_enc_0000


Note-[SM_CHLDRUN_DONE] Child process run completed
  Child process number '2' with process id '2010655'
  is done with synthesis of total '75' modules
  SIMON Child CPU Time        : 2.11 sec
  SIMON Child Wall-Clock Time : 2.37 sec
  SIMON Child Current Memory  : 864 MB
  SIMON Child Peak Memory     : 864 MB
  SIMON Distribution          : 0.72,0.12,0.23,0.00 sec
  End time                    : Wed May 14 18:55:32 2025
  .


Note-[SM_POME] Processing Module/Entity
  Performing post-processing optimizations on Module/Entity: 
  alb_mss_fab_fifo_0000_0000


Note-[SM_POME] Processing Module/Entity
  Performing post-processing optimizations on Module/Entity: 
  alb_mss_fab_axi2ibp_rrobin


Note-[SM_POME] Processing Module/Entity
  Performing post-processing optimizations on Module/Entity: 
  alb_mss_fab_slv_axi_buffer_0000


Note-[SM_POME] Processing Module/Entity
  Performing post-processing optimizations on Module/Entity: 
  alb_mss_fab_fifo_0000_0003


Note-[SM_POME] Processing Module/Entity
  Performing post-processing optimizations on Module/Entity: 
  alb_mss_fab_fifo_0001_0006


Note-[SM_POME] Processing Module/Entity
  Performing post-processing optimizations on Module/Entity: 
  alb_mss_fab_pack2ibp_0000


Note-[SM_POME] Processing Module/Entity
  Performing post-processing optimizations on Module/Entity: 
  mss_bus_switch_slv_ibp_buffer_0000


Note-[SM_POME] Processing Module/Entity
  Performing post-processing optimizations on Module/Entity: 
  mss_bus_switch_ibp2pack_0000


Note-[SM_POME] Processing Module/Entity
  Performing post-processing optimizations on Module/Entity: 
  mss_bus_switch_dw512_slv


Note-[SM_POME] Processing Module/Entity
  Performing post-processing optimizations on Module/Entity: 
  mss_bus_switch_ibp_compr_0000


Note-[SM_POME] Processing Module/Entity
  Performing post-processing optimizations on Module/Entity: 
  mss_bus_switch_ibp2ibps_0000


Note-[SM_POME] Processing Module/Entity
  Performing post-processing optimizations on Module/Entity: 
  mss_bus_switch_mst_ibp_buffer_0000_0000


Note-[SM_POME] Processing Module/Entity
  Performing post-processing optimizations on Module/Entity: 
  mss_bus_switch_ibpw2ibpn_0002


Note-[SM_POME] Processing Module/Entity
  Performing post-processing optimizations on Module/Entity: 
  alb_mss_fab_ibp2pack_0001


Note-[SM_POME] Processing Module/Entity
  Performing post-processing optimizations on Module/Entity: 
  alb_mss_fab_fifo_0000_000D


Note-[SM_POME] Processing Module/Entity
  Performing post-processing optimizations on Module/Entity: 
  alb_mss_fab_fifo_0000_0012


Note-[SM_POME] Processing Module/Entity
  Performing post-processing optimizations on Module/Entity: 
  alb_mss_fab_fifo_0000_0017


Note-[SM_POME] Processing Module/Entity
  Performing post-processing optimizations on Module/Entity: 
  alb_mss_fab_bypbuf_0000_0000


Note-[SM_POME] Processing Module/Entity
  Performing post-processing optimizations on Module/Entity: 
  alb_mss_fab_single2sparse_0000


Note-[SM_POME] Processing Module/Entity
  Performing post-processing optimizations on Module/Entity: 
  alb_mss_fab_ibp2apb


Note-[SM_POME] Processing Module/Entity
  Performing post-processing optimizations on Module/Entity: 
  alb_mss_fab_ibp2single_0000_0001


Note-[SM_POME] Processing Module/Entity
  Performing post-processing optimizations on Module/Entity: alb_mss_ext_stub


Note-[SM_POME] Processing Module/Entity
  Performing post-processing optimizations on Module/Entity: 
  ZebuClockDetectFront_76


Note-[SM_POME] Processing Module/Entity
  Performing post-processing optimizations on Module/Entity: 
  ZebuClockDetectFront_80


Note-[SM_POME] Processing Module/Entity
  <Message details suppressed due to encrypted design unit>


Note-[SM_POME] Processing Module/Entity
  <Message details suppressed due to encrypted design unit>


Note-[SM_POME] Processing Module/Entity
  Performing post-processing optimizations on Module/Entity: 
  ZebuClockDetectFront_62


Note-[SM_POME] Processing Module/Entity
  Performing post-processing optimizations on Module/Entity: 
  ZebuClockDetectFront_72


Note-[SM_POME] Processing Module/Entity
  Performing post-processing optimizations on Module/Entity: 
  ZebuClockDetectFront_74


Note-[SM_POME] Processing Module/Entity
  Performing post-processing optimizations on Module/Entity: 
  alb_mss_mem_ibp_buf


Note-[SM_POME] Processing Module/Entity
  Performing post-processing optimizations on Module/Entity: 
  alb_mss_mem_ibp_lat


Note-[SM_POME] Processing Module/Entity
  Performing post-processing optimizations on Module/Entity: 
  alb_mss_mem_fifo_0002


Note-[SM_POME] Processing Module/Entity
  Performing post-processing optimizations on Module/Entity: 
  alb_mss_mem_bypbuf_0000_0003


Note-[SM_POME] Processing Module/Entity
  Performing post-processing optimizations on Module/Entity: 
  alb_mss_fpga_sram_0000


Note-[SM_MEM_INFO] Module has inferred memories
/remote/sdgedt/tools/reem/ZebuS5_newslave/zebu_ifx_mini_rattle_6649a592_20250509/build/verilog/alb_mss_fpga_sram.v, 42
  Inferred memory statistics for module 'alb_mss_fpga_sram_0000' (Instances: 
  1)
  ------------------------------------------------------------------------------
  |Name |Size |TotalPorts |ReadPorts |WritePorts |Reset |Initial |
  ------------------------------------------------------------------------------
  | mem_r | 34359738368(268435456x128) |TP:2 |RP:1(A:1,S:0) |WP:1(A:0,S:1) 
  |R:None |I:No |
  ------------------------------------------------------------------------------


Note-[SM_POME] Processing Module/Entity
  Performing post-processing optimizations on Module/Entity: 
  ZebuClockDetectFront_38


Note-[SM_POME] Processing Module/Entity
  Performing post-processing optimizations on Module/Entity: 
  ZebuClockDetectFront_45


Note-[SM_POME] Processing Module/Entity
  Performing post-processing optimizations on Module/Entity: 
  ZebuClockDetectFront_49


Note-[SM_POME] Processing Module/Entity
  <Message details suppressed due to encrypted design unit>


Note-[SM_POME] Processing Module/Entity
  Performing post-processing optimizations on Module/Entity: 
  ZebuClockDetectFront_12


Note-[SM_POME] Processing Module/Entity
  Performing post-processing optimizations on Module/Entity: 
  ZebuClockDetectFront_18


Note-[SM_POME] Processing Module/Entity
  Performing post-processing optimizations on Module/Entity: 
  ZebuClockDetectFront_24


Note-[SM_POME] Processing Module/Entity
  Performing post-processing optimizations on Module/Entity: 
  ZebuClockDetectFront_31


Note-[SM_POME] Processing Module/Entity
  Performing post-processing optimizations on Module/Entity: dm_cgm


Note-[SM_POME] Processing Module/Entity
  Performing post-processing optimizations on Module/Entity: dwt_sys_clk_sync


Note-[SM_POME] Processing Module/Entity
  Performing post-processing optimizations on Module/Entity: single_bit_syncP


Note-[SM_POME] Processing Module/Entity
  Performing post-processing optimizations on Module/Entity: err_inj_ctrl_0000


Note-[SM_POME] Processing Module/Entity
  Performing post-processing optimizations on Module/Entity: 
  ls_compare_unit_0005


Note-[SM_POME] Processing Module/Entity
  Performing post-processing optimizations on Module/Entity: 
  ls_multi_bit_comparator_0004


Note-[SM_POME] Processing Module/Entity
  Performing post-processing optimizations on Module/Entity: 
  ls_compare_unit_000F


Note-[SM_POME] Processing Module/Entity
  Performing post-processing optimizations on Module/Entity: rl_reset_ctrl


Note-[SM_POME] Processing Module/Entity
  Performing post-processing optimizations on Module/Entity: 
  ZebuClockDetectFront_6


Note-[SM_POME] Processing Module/Entity
  Performing post-processing optimizations on Module/Entity: rl_ifu_iccm


Note-[SM_POME] Processing Module/Entity
  Performing post-processing optimizations on Module/Entity: rl_ifu_align


Note-[SM_POME] Processing Module/Entity
  Performing post-processing optimizations on Module/Entity: rl_byte_unit


Note-[SM_POME] Processing Module/Entity
  Performing post-processing optimizations on Module/Entity: rl_wtree_comp402


Note-[SM_POME] Processing Module/Entity
  Performing post-processing optimizations on Module/Entity: 
  rl_dmp_ecc_store_aligner


Note-[SM_POME] Processing Module/Entity
  Performing post-processing optimizations on Module/Entity: rl_dmp_lsq_fifo


Note-[SM_POME] Processing Module/Entity
  Performing post-processing optimizations on Module/Entity: rl_pma_hit


Note-[SM_POME] Processing Module/Entity
  Performing post-processing optimizations on Module/Entity: sr_err_aggr_0000


Note-[SM_POME] Processing Module/Entity
  Performing post-processing optimizations on Module/Entity: 
  odd_pty_dec_wrap_0000


Note-[SM_POME] Processing Module/Entity
  Performing post-processing optimizations on Module/Entity: 
  odd_pty_enc_0001_0000


Note-[SM_POME] Processing Module/Entity
  Performing post-processing optimizations on Module/Entity: 
  rl_ibp_target_wrapper


Note-[SM_POME] Processing Module/Entity
  Performing post-processing optimizations on Module/Entity: 
  rl_parity_gen_0001


Note-[SM_POME] Processing Module/Entity
  Performing post-processing optimizations on Module/Entity: rl_ibp2ahb


Note-[SM_POME] Processing Module/Entity
  Performing post-processing optimizations on Module/Entity: 
  e2e_edc32_1stg_chk


Note-[SM_POME] Processing Module/Entity
  Performing post-processing optimizations on Module/Entity: 
  sfty_dmsi_down_tgt_e2e_wrap_0000


Note-[SM_POME] Processing Module/Entity
  Performing post-processing optimizations on Module/Entity: 
  arcv_wd_parity_0001


Note-[SM_POME] Processing Module/Entity
  Performing post-processing optimizations on Module/Entity: 
  cpu_top_safety_controller


Note-[SM_POME] Processing Module/Entity
  Performing post-processing optimizations on Module/Entity: 
  rl_sfty_mnt_err_aggr


Note-[SM_POME] Processing Module/Entity
  Performing post-processing optimizations on Module/Entity: dccm_ram


Note-[SM_POME] Processing Module/Entity
  Performing post-processing optimizations on Module/Entity: archipelago


Note-[SM_POME] Processing Module/Entity
  <Message details suppressed due to encrypted design unit>


Note-[SM_CHLDRUN_DONE] Child process run completed
  Child process number '2' with process id '2010810'
  is done with post-processing optimizations of total '72' modules
  SIMON Child CPU Time        : 0.40 sec
  SIMON Child Wall-Clock Time : 1.50 sec
  SIMON Child Current Memory  : 885 MB
  SIMON Child Peak Memory     : 885 MB
  SIMON Distribution          : 0.00,0.00,0.00,0.02 sec
  End time                    : Wed May 14 18:55:35 2025
  .

