6 0 0
12 1 0
19 0 0
29 0 0
37 0 0
45 0 0
53 0 0
68 0 0
77 0 0
85 0 0
93 0 0
98 0 0
106 0 0
114 0 0
123 0 0
126 0 0
135 0 0
146 0 0
155 0 0
165 0 0
173 0 0
193 0 0
201 0 0
208 0 0
222 0 0
231 0 0
241 0 0
249 0 0
256 0 0
263 0 0
270 0 0
277 0 0
284 0 0
293 0 0
299 0 0
305 0 0
312 0 0
320 0 0
362 0 0
371 0 0
380 0 0
388 0 0
390 0 0
398 0 0
408 1 0
419 0 0
428 0 0
436 0 0
443 0 0
449 0 0
461 0 0
470 0 0
490 0 0
499 0 0
508 0 0
518 0 0
520 0 0
527 0 0
532 0 0
534 0 0
539 0 0
546 0 0
556 0 0
559 0 0
562 0 0
569 0 0
-1 0 0
-4 0 0
