
Processing alb_mss_fab_fifo_0001_0000
before constantPropagate: 0.01u 0s 111053e 906544kB
after constantPropagate: 0.01u 0s 111053e 906544kB
before removeUnusedSignals circuit: 0.01u 0s 111053e 906544kB
after removeUnusedSignals circuit: 0.01u 0s 111053e 906544kB
before optimize latch enable: 0.01u 0s 111053e 906544kB
after optimize latch enable: 0.01u 0s 111053e 906544kB
before removeReadAfterMissingWrite: 0.01u 0s 111053e 906544kB
after removeReadAfterMissingWrite: 0.01u 0s 111053e 906544kB
before undoDimensionalSplitOfMemories: 0.01u 0s 111053e 906544kB
after undoDimensionalSplitOfMemories: 0.01u 0s 111053e 906544kB
before extractMemories: 0.01u 0s 111053e 906544kB
after extractMemories: 0.01u 0s 111053e 906544kB
before extractHolds: 0.01u 0s 111053e 906544kB
after extractHolds: 0.01u 0s 111053e 906544kB
before simplifyAdders: 0.01u 0s 111053e 906544kB
after simplifyAdders: 0.01u 0s 111053e 906544kB
before optimizeLessThan: 0.01u 0s 111053e 906544kB
after optimizeLessThan: 0.01u 0s 111053e 906544kB
before reportUnresolvedType: 0.01u 0s 111053e 906544kB
after reportUnresolvedType: 0.01u 0s 111053e 906544kB
before dumpingPerModuleScm : 0.01u 0s 111053e 906544kB
after dumpingPerModuleScm : 0.01u 0s 111053e 906544kB

Processing alb_mss_fab_bypbuf_0000
before constantPropagate: 0.01u 0s 111053e 906544kB
after constantPropagate: 0.01u 0s 111053e 906544kB
before removeUnusedSignals circuit: 0.01u 0s 111053e 906544kB
after removeUnusedSignals circuit: 0.01u 0s 111053e 906544kB
before optimize latch enable: 0.01u 0s 111053e 906544kB
after optimize latch enable: 0.01u 0s 111053e 906544kB
before removeReadAfterMissingWrite: 0.01u 0s 111053e 906544kB
after removeReadAfterMissingWrite: 0.01u 0s 111053e 906544kB
before undoDimensionalSplitOfMemories: 0.01u 0s 111053e 906544kB
after undoDimensionalSplitOfMemories: 0.01u 0s 111053e 906544kB
before extractMemories: 0.01u 0s 111053e 906544kB
after extractMemories: 0.01u 0s 111053e 906544kB
before extractHolds: 0.01u 0s 111053e 906544kB
after extractHolds: 0.01u 0s 111053e 906544kB
before simplifyAdders: 0.01u 0s 111053e 906544kB
after simplifyAdders: 0.01u 0s 111053e 906544kB
before optimizeLessThan: 0.01u 0s 111053e 906544kB
after optimizeLessThan: 0.01u 0s 111053e 906544kB
before reportUnresolvedType: 0.01u 0s 111053e 906544kB
after reportUnresolvedType: 0.01u 0s 111053e 906544kB
before dumpingPerModuleScm : 0.01u 0s 111053e 906544kB
after dumpingPerModuleScm : 0.01u 0s 111053e 906544kB

Processing alb_mss_fab_axi2ibp_0001
before constantPropagate: 0.01u 0s 111053e 906544kB
after constantPropagate: 0.01u 0s 111053e 906544kB
before removeUnusedSignals circuit: 0.01u 0s 111053e 906544kB
after removeUnusedSignals circuit: 0.01u 0s 111053e 906544kB
before optimize latch enable: 0.01u 0s 111053e 906544kB
after optimize latch enable: 0.01u 0s 111053e 906544kB
before removeReadAfterMissingWrite: 0.01u 0s 111053e 906544kB
after removeReadAfterMissingWrite: 0.01u 0s 111053e 906544kB
before undoDimensionalSplitOfMemories: 0.01u 0s 111053e 906544kB
after undoDimensionalSplitOfMemories: 0.01u 0s 111053e 906544kB
before extractMemories: 0.01u 0s 111053e 906544kB
after extractMemories: 0.01u 0s 111053e 906544kB
before extractHolds: 0.01u 0s 111053e 906544kB
after extractHolds: 0.01u 0s 111055e 906544kB
before simplifyAdders: 0.01u 0s 111055e 906544kB
after simplifyAdders: 0.01u 0s 111055e 906544kB
before optimizeLessThan: 0.01u 0s 111055e 906544kB
after optimizeLessThan: 0.01u 0s 111055e 906544kB
before reportUnresolvedType: 0.01u 0s 111055e 906544kB
after reportUnresolvedType: 0.01u 0s 111055e 906544kB
before dumpingPerModuleScm : 0.01u 0s 111055e 906544kB
after dumpingPerModuleScm : 0.02u 0s 111055e 906544kB

Processing alb_mss_fab_fifo_0000_0009
before constantPropagate: 0.02u 0s 111055e 906544kB
after constantPropagate: 0.02u 0s 111055e 906544kB
before removeUnusedSignals circuit: 0.02u 0s 111055e 906544kB
after removeUnusedSignals circuit: 0.02u 0s 111055e 906544kB
before optimize latch enable: 0.02u 0s 111055e 906544kB
after optimize latch enable: 0.02u 0s 111055e 906544kB
before removeReadAfterMissingWrite: 0.02u 0s 111055e 906544kB
after removeReadAfterMissingWrite: 0.02u 0s 111055e 906544kB
before undoDimensionalSplitOfMemories: 0.02u 0s 111055e 906544kB
after undoDimensionalSplitOfMemories: 0.02u 0s 111055e 906544kB
before extractMemories: 0.02u 0s 111055e 906544kB
after extractMemories: 0.02u 0s 111055e 906544kB
before extractHolds: 0.02u 0s 111055e 906544kB
after extractHolds: 0.02u 0s 111057e 906544kB
before simplifyAdders: 0.02u 0s 111057e 906544kB
after simplifyAdders: 0.02u 0s 111057e 906544kB
before optimizeLessThan: 0.02u 0s 111057e 906544kB
after optimizeLessThan: 0.02u 0s 111057e 906544kB
before reportUnresolvedType: 0.02u 0s 111057e 906544kB
after reportUnresolvedType: 0.02u 0s 111057e 906544kB
before dumpingPerModuleScm : 0.02u 0s 111057e 906544kB
after dumpingPerModuleScm : 0.02u 0s 111057e 906544kB

Processing alb_mss_fab_ibp2pack_0000
before constantPropagate: 0.02u 0s 111057e 906544kB
after constantPropagate: 0.02u 0s 111057e 906544kB
before removeUnusedSignals circuit: 0.02u 0s 111057e 906544kB
after removeUnusedSignals circuit: 0.02u 0s 111057e 906544kB
before optimize latch enable: 0.02u 0s 111057e 906544kB
after optimize latch enable: 0.02u 0s 111057e 906544kB
before removeReadAfterMissingWrite: 0.02u 0s 111057e 906544kB
after removeReadAfterMissingWrite: 0.02u 0s 111057e 906544kB
before undoDimensionalSplitOfMemories: 0.02u 0s 111057e 906544kB
after undoDimensionalSplitOfMemories: 0.02u 0s 111057e 906544kB
before extractMemories: 0.02u 0s 111057e 906544kB
after extractMemories: 0.02u 0s 111057e 906544kB
before extractHolds: 0.02u 0s 111057e 906544kB
after extractHolds: 0.02u 0s 111057e 906544kB
before simplifyAdders: 0.02u 0s 111057e 906544kB
after simplifyAdders: 0.02u 0s 111057e 906544kB
before optimizeLessThan: 0.02u 0s 111057e 906544kB
after optimizeLessThan: 0.02u 0s 111057e 906544kB
before reportUnresolvedType: 0.02u 0s 111057e 906544kB
after reportUnresolvedType: 0.02u 0s 111057e 906544kB
before dumpingPerModuleScm : 0.02u 0s 111057e 906544kB
after dumpingPerModuleScm : 0.02u 0s 111057e 906544kB

Processing alb_mss_fab_ibp_lat_0000
before constantPropagate: 0.02u 0s 111057e 906544kB
after constantPropagate: 0.02u 0s 111057e 906544kB
before removeUnusedSignals circuit: 0.02u 0s 111057e 906544kB
after removeUnusedSignals circuit: 0.02u 0s 111057e 906544kB
before optimize latch enable: 0.02u 0s 111057e 906544kB
after optimize latch enable: 0.02u 0s 111057e 906544kB
before removeReadAfterMissingWrite: 0.02u 0s 111057e 906544kB
after removeReadAfterMissingWrite: 0.02u 0s 111057e 906544kB
before undoDimensionalSplitOfMemories: 0.02u 0s 111057e 906544kB
after undoDimensionalSplitOfMemories: 0.02u 0s 111057e 906544kB
before extractMemories: 0.02u 0s 111057e 906544kB
after extractMemories: 0.02u 0s 111057e 906544kB
before extractHolds: 0.02u 0s 111057e 906544kB
after extractHolds: 0.02u 0s 111057e 906544kB
before simplifyAdders: 0.02u 0s 111057e 906544kB
after simplifyAdders: 0.02u 0s 111057e 906544kB
before optimizeLessThan: 0.02u 0s 111057e 906544kB
after optimizeLessThan: 0.02u 0s 111057e 906544kB
before reportUnresolvedType: 0.02u 0s 111057e 906544kB
after reportUnresolvedType: 0.02u 0s 111057e 906544kB
before dumpingPerModuleScm : 0.02u 0s 111057e 906544kB
after dumpingPerModuleScm : 0.02u 0s 111057e 906544kB

Processing mss_bus_switch_fifo_0001
before constantPropagate: 0.02u 0s 111057e 906544kB
after constantPropagate: 0.02u 0s 111057e 906544kB
before removeUnusedSignals circuit: 0.02u 0s 111057e 906544kB
after removeUnusedSignals circuit: 0.02u 0s 111057e 906544kB
before optimize latch enable: 0.02u 0s 111057e 906544kB
after optimize latch enable: 0.02u 0s 111057e 906544kB
before removeReadAfterMissingWrite: 0.02u 0s 111057e 906544kB
after removeReadAfterMissingWrite: 0.02u 0s 111057e 906544kB
before undoDimensionalSplitOfMemories: 0.02u 0s 111057e 906544kB
after undoDimensionalSplitOfMemories: 0.02u 0s 111057e 906544kB
before extractMemories: 0.02u 0s 111057e 906544kB
after extractMemories: 0.02u 0s 111057e 906544kB
before extractHolds: 0.02u 0s 111057e 906544kB
after extractHolds: 0.03u 0s 111004e 906544kB
before simplifyAdders: 0.03u 0s 111004e 906544kB
after simplifyAdders: 0.03u 0s 111004e 906544kB
before optimizeLessThan: 0.03u 0s 111004e 906544kB
after optimizeLessThan: 0.03u 0s 111004e 906544kB
before reportUnresolvedType: 0.03u 0s 111004e 906544kB
after reportUnresolvedType: 0.03u 0s 111004e 906544kB
before dumpingPerModuleScm : 0.03u 0s 111004e 906544kB
after dumpingPerModuleScm : 0.03u 0s 111004e 906544kB

Processing mss_bus_switch_ibpx2ibpy_0000_0001
before constantPropagate: 0.03u 0s 111004e 906544kB
after constantPropagate: 0.03u 0s 111004e 906544kB
before removeUnusedSignals circuit: 0.03u 0s 111004e 906544kB
after removeUnusedSignals circuit: 0.03u 0s 111004e 906544kB
before optimize latch enable: 0.03u 0s 111004e 906544kB
after optimize latch enable: 0.03u 0s 111004e 906544kB
before removeReadAfterMissingWrite: 0.03u 0s 111004e 906544kB
after removeReadAfterMissingWrite: 0.03u 0s 111004e 906544kB
before undoDimensionalSplitOfMemories: 0.03u 0s 111004e 906544kB
after undoDimensionalSplitOfMemories: 0.03u 0s 111004e 906544kB
before extractMemories: 0.03u 0s 111004e 906544kB
after extractMemories: 0.03u 0s 111004e 906544kB
before extractHolds: 0.03u 0s 111004e 906544kB
after extractHolds: 0.03u 0s 111004e 906544kB
before simplifyAdders: 0.03u 0s 111004e 906544kB
after simplifyAdders: 0.03u 0s 111004e 906544kB
before optimizeLessThan: 0.03u 0s 111004e 906544kB
after optimizeLessThan: 0.03u 0s 111004e 906544kB
before reportUnresolvedType: 0.03u 0s 111004e 906544kB
after reportUnresolvedType: 0.03u 0s 111004e 906544kB
before dumpingPerModuleScm : 0.03u 0s 111004e 906544kB
after dumpingPerModuleScm : 0.03u 0.01s 111004e 906544kB

Processing mss_bus_switch_rrobin
before constantPropagate: 0.03u 0.01s 111004e 906544kB
after constantPropagate: 0.03u 0.01s 111004e 906544kB
before removeUnusedSignals circuit: 0.03u 0.01s 111004e 906544kB
after removeUnusedSignals circuit: 0.03u 0.01s 111004e 906544kB
before optimize latch enable: 0.03u 0.01s 111004e 906544kB
after optimize latch enable: 0.03u 0.01s 111004e 906544kB
before removeReadAfterMissingWrite: 0.03u 0.01s 111004e 906544kB
after removeReadAfterMissingWrite: 0.03u 0.01s 111004e 906544kB
before undoDimensionalSplitOfMemories: 0.03u 0.01s 111004e 906544kB
after undoDimensionalSplitOfMemories: 0.03u 0.01s 111004e 906544kB
before extractMemories: 0.03u 0.01s 111004e 906544kB
after extractMemories: 0.03u 0.01s 111004e 906544kB
before extractHolds: 0.03u 0.01s 111004e 906544kB
after extractHolds: 0.03u 0.01s 111004e 906544kB
before simplifyAdders: 0.03u 0.01s 111004e 906544kB
after simplifyAdders: 0.03u 0.01s 111004e 906544kB
before optimizeLessThan: 0.03u 0.01s 111004e 906544kB
after optimizeLessThan: 0.03u 0.01s 111004e 906544kB
before reportUnresolvedType: 0.03u 0.01s 111004e 906544kB
after reportUnresolvedType: 0.03u 0.01s 111004e 906544kB
before dumpingPerModuleScm : 0.03u 0.01s 111004e 906544kB
after dumpingPerModuleScm : 0.03u 0.01s 111004e 906544kB

Processing mss_bus_switch_ibp2pack_0002
before constantPropagate: 0.03u 0.01s 111004e 906544kB
after constantPropagate: 0.03u 0.01s 111004e 906544kB
before removeUnusedSignals circuit: 0.03u 0.01s 111004e 906544kB
after removeUnusedSignals circuit: 0.03u 0.01s 111004e 906544kB
before optimize latch enable: 0.03u 0.01s 111004e 906544kB
after optimize latch enable: 0.03u 0.01s 111004e 906544kB
before removeReadAfterMissingWrite: 0.03u 0.01s 111004e 906544kB
after removeReadAfterMissingWrite: 0.03u 0.01s 111004e 906544kB
before undoDimensionalSplitOfMemories: 0.03u 0.01s 111004e 906544kB
after undoDimensionalSplitOfMemories: 0.03u 0.01s 111004e 906544kB
before extractMemories: 0.03u 0.01s 111004e 906544kB
after extractMemories: 0.03u 0.01s 111004e 906544kB
before extractHolds: 0.03u 0.01s 111004e 906544kB
after extractHolds: 0.03u 0.01s 111004e 906544kB
before simplifyAdders: 0.03u 0.01s 111004e 906544kB
after simplifyAdders: 0.03u 0.01s 111004e 906544kB
before optimizeLessThan: 0.03u 0.01s 111004e 906544kB
after optimizeLessThan: 0.03u 0.01s 111004e 906544kB
before reportUnresolvedType: 0.03u 0.01s 111004e 906544kB
after reportUnresolvedType: 0.03u 0.01s 111004e 906544kB
before dumpingPerModuleScm : 0.03u 0.01s 111004e 906544kB
after dumpingPerModuleScm : 0.04u 0.01s 111004e 906544kB

Processing mss_bus_switch_fifo_0000_0007
before constantPropagate: 0.04u 0.01s 111004e 906544kB
after constantPropagate: 0.04u 0.01s 111004e 906544kB
before removeUnusedSignals circuit: 0.04u 0.01s 111004e 906544kB
after removeUnusedSignals circuit: 0.04u 0.01s 111004e 906544kB
before optimize latch enable: 0.04u 0.01s 111004e 906544kB
after optimize latch enable: 0.04u 0.01s 111004e 906544kB
before removeReadAfterMissingWrite: 0.04u 0.01s 111004e 906544kB
after removeReadAfterMissingWrite: 0.04u 0.01s 111004e 906544kB
before undoDimensionalSplitOfMemories: 0.04u 0.01s 111004e 906544kB
after undoDimensionalSplitOfMemories: 0.04u 0.01s 111004e 906544kB
before extractMemories: 0.04u 0.01s 111004e 906544kB
after extractMemories: 0.04u 0.01s 111004e 906544kB
before extractHolds: 0.04u 0.01s 111004e 906544kB
after extractHolds: 0.04u 0.01s 111004e 906544kB
before simplifyAdders: 0.04u 0.01s 111004e 906544kB
after simplifyAdders: 0.04u 0.01s 111004e 906544kB
before optimizeLessThan: 0.04u 0.01s 111004e 906544kB
after optimizeLessThan: 0.04u 0.01s 111004e 906544kB
before reportUnresolvedType: 0.04u 0.01s 111004e 906544kB
after reportUnresolvedType: 0.04u 0.01s 111004e 906544kB
before dumpingPerModuleScm : 0.04u 0.01s 111004e 906544kB
after dumpingPerModuleScm : 0.04u 0.01s 111004e 906544kB

Processing mss_bus_switch_pack2ibp_0002
before constantPropagate: 0.04u 0.01s 111004e 906544kB
after constantPropagate: 0.04u 0.01s 111004e 906544kB
before removeUnusedSignals circuit: 0.04u 0.01s 111004e 906544kB
after removeUnusedSignals circuit: 0.04u 0.01s 111004e 906544kB
before optimize latch enable: 0.04u 0.01s 111004e 906544kB
after optimize latch enable: 0.04u 0.01s 111004e 906544kB
before removeReadAfterMissingWrite: 0.04u 0.01s 111004e 906544kB
after removeReadAfterMissingWrite: 0.04u 0.01s 111004e 906544kB
before undoDimensionalSplitOfMemories: 0.04u 0.01s 111004e 906544kB
after undoDimensionalSplitOfMemories: 0.04u 0.01s 111004e 906544kB
before extractMemories: 0.04u 0.01s 111004e 906544kB
after extractMemories: 0.04u 0.01s 111004e 906544kB
before extractHolds: 0.04u 0.01s 111004e 906544kB
after extractHolds: 0.04u 0.01s 111004e 906544kB
before simplifyAdders: 0.04u 0.01s 111004e 906544kB
after simplifyAdders: 0.04u 0.01s 111004e 906544kB
before optimizeLessThan: 0.04u 0.01s 111004e 906544kB
after optimizeLessThan: 0.04u 0.01s 111004e 906544kB
before reportUnresolvedType: 0.04u 0.01s 111004e 906544kB
after reportUnresolvedType: 0.04u 0.01s 111004e 906544kB
before dumpingPerModuleScm : 0.04u 0.01s 111004e 906544kB
after dumpingPerModuleScm : 0.04u 0.01s 111004e 906544kB

Processing mss_bus_switch_ibp_compr_0000_0001
before constantPropagate: 0.04u 0.01s 111004e 906544kB
after constantPropagate: 0.04u 0.01s 111004e 906544kB
before removeUnusedSignals circuit: 0.04u 0.01s 111004e 906544kB
after removeUnusedSignals circuit: 0.04u 0.01s 111004e 906544kB
before optimize latch enable: 0.04u 0.01s 111004e 906544kB
after optimize latch enable: 0.04u 0.01s 111004e 906544kB
before removeReadAfterMissingWrite: 0.04u 0.01s 111004e 906544kB
after removeReadAfterMissingWrite: 0.04u 0.01s 111004e 906544kB
before undoDimensionalSplitOfMemories: 0.04u 0.01s 111004e 906544kB
after undoDimensionalSplitOfMemories: 0.04u 0.01s 111004e 906544kB
before extractMemories: 0.04u 0.01s 111004e 906544kB
after extractMemories: 0.04u 0.01s 111004e 906544kB
before extractHolds: 0.04u 0.01s 111004e 906544kB
after extractHolds: 0.04u 0.01s 111019e 906544kB
before simplifyAdders: 0.04u 0.01s 111019e 906544kB
after simplifyAdders: 0.04u 0.01s 111019e 906544kB
before optimizeLessThan: 0.04u 0.01s 111019e 906544kB
after optimizeLessThan: 0.04u 0.01s 111019e 906544kB
before reportUnresolvedType: 0.04u 0.01s 111019e 906544kB
after reportUnresolvedType: 0.04u 0.01s 111019e 906544kB
before dumpingPerModuleScm : 0.04u 0.01s 111019e 906544kB
after dumpingPerModuleScm : 0.04u 0.02s 111019e 906544kB

Processing alb_mss_fab_fifo_0000_000A
before constantPropagate: 0.04u 0.02s 111019e 906544kB
after constantPropagate: 0.04u 0.02s 111019e 906544kB
before removeUnusedSignals circuit: 0.04u 0.02s 111019e 906544kB
after removeUnusedSignals circuit: 0.04u 0.02s 111019e 906544kB
before optimize latch enable: 0.04u 0.02s 111019e 906544kB
after optimize latch enable: 0.04u 0.02s 111019e 906544kB
before removeReadAfterMissingWrite: 0.04u 0.02s 111019e 906544kB
after removeReadAfterMissingWrite: 0.04u 0.02s 111019e 906544kB
before undoDimensionalSplitOfMemories: 0.04u 0.02s 111019e 906544kB
after undoDimensionalSplitOfMemories: 0.04u 0.02s 111019e 906544kB
before extractMemories: 0.04u 0.02s 111019e 906544kB
after extractMemories: 0.04u 0.02s 111019e 906544kB
before extractHolds: 0.04u 0.02s 111019e 906544kB
after extractHolds: 0.04u 0.02s 111019e 906544kB
before simplifyAdders: 0.04u 0.02s 111019e 906544kB
after simplifyAdders: 0.04u 0.02s 111019e 906544kB
before optimizeLessThan: 0.04u 0.02s 111019e 906544kB
after optimizeLessThan: 0.04u 0.02s 111019e 906544kB
before reportUnresolvedType: 0.04u 0.02s 111019e 906544kB
after reportUnresolvedType: 0.04u 0.02s 111019e 906544kB
before dumpingPerModuleScm : 0.04u 0.02s 111019e 906544kB
after dumpingPerModuleScm : 0.04u 0.02s 111019e 906544kB

Processing alb_mss_fab_ibp_buffer_0000_0005
before constantPropagate: 0.04u 0.02s 111019e 906544kB
after constantPropagate: 0.04u 0.02s 111019e 906544kB
before removeUnusedSignals circuit: 0.04u 0.02s 111019e 906544kB
after removeUnusedSignals circuit: 0.04u 0.02s 111019e 906544kB
before optimize latch enable: 0.04u 0.02s 111019e 906544kB
after optimize latch enable: 0.04u 0.02s 111019e 906544kB
before removeReadAfterMissingWrite: 0.04u 0.02s 111019e 906544kB
after removeReadAfterMissingWrite: 0.04u 0.02s 111019e 906544kB
before undoDimensionalSplitOfMemories: 0.04u 0.02s 111019e 906544kB
after undoDimensionalSplitOfMemories: 0.04u 0.02s 111019e 906544kB
before extractMemories: 0.04u 0.02s 111019e 906544kB
after extractMemories: 0.04u 0.02s 111019e 906544kB
before extractHolds: 0.04u 0.02s 111019e 906544kB
after extractHolds: 0.04u 0.02s 111019e 906544kB
before simplifyAdders: 0.04u 0.02s 111019e 906544kB
after simplifyAdders: 0.04u 0.02s 111019e 906544kB
before optimizeLessThan: 0.04u 0.02s 111019e 906544kB
after optimizeLessThan: 0.04u 0.02s 111019e 906544kB
before reportUnresolvedType: 0.04u 0.02s 111019e 906544kB
after reportUnresolvedType: 0.04u 0.02s 111019e 906544kB
before dumpingPerModuleScm : 0.04u 0.02s 111019e 906544kB
after dumpingPerModuleScm : 0.05u 0.02s 111019e 906544kB

Processing alb_mss_fab_fifo_0000_0011
before constantPropagate: 0.05u 0.02s 111019e 906544kB
after constantPropagate: 0.05u 0.02s 111019e 906544kB
before removeUnusedSignals circuit: 0.05u 0.02s 111019e 906544kB
after removeUnusedSignals circuit: 0.05u 0.02s 111019e 906544kB
before optimize latch enable: 0.05u 0.02s 111019e 906544kB
after optimize latch enable: 0.05u 0.02s 111019e 906544kB
before removeReadAfterMissingWrite: 0.05u 0.02s 111019e 906544kB
after removeReadAfterMissingWrite: 0.05u 0.02s 111019e 906544kB
before undoDimensionalSplitOfMemories: 0.05u 0.02s 111019e 906544kB
after undoDimensionalSplitOfMemories: 0.05u 0.02s 111019e 906544kB
before extractMemories: 0.05u 0.02s 111019e 906544kB
after extractMemories: 0.05u 0.02s 111019e 906544kB
before extractHolds: 0.05u 0.02s 111019e 906544kB
after extractHolds: 0.05u 0.02s 111019e 906544kB
before simplifyAdders: 0.05u 0.02s 111019e 906544kB
after simplifyAdders: 0.05u 0.02s 111019e 906544kB
before optimizeLessThan: 0.05u 0.02s 111019e 906544kB
after optimizeLessThan: 0.05u 0.02s 111019e 906544kB
before reportUnresolvedType: 0.05u 0.02s 111019e 906544kB
after reportUnresolvedType: 0.05u 0.02s 111019e 906544kB
before dumpingPerModuleScm : 0.05u 0.02s 111019e 906544kB
after dumpingPerModuleScm : 0.05u 0.02s 111019e 906544kB

Processing alb_mss_fab_ibp2pack_0004
before constantPropagate: 0.05u 0.02s 111019e 906544kB
after constantPropagate: 0.05u 0.02s 111019e 906544kB
before removeUnusedSignals circuit: 0.05u 0.02s 111019e 906544kB
after removeUnusedSignals circuit: 0.05u 0.02s 111019e 906544kB
before optimize latch enable: 0.05u 0.02s 111019e 906544kB
after optimize latch enable: 0.05u 0.02s 111019e 906544kB
before removeReadAfterMissingWrite: 0.05u 0.02s 111019e 906544kB
after removeReadAfterMissingWrite: 0.05u 0.02s 111019e 906544kB
before undoDimensionalSplitOfMemories: 0.05u 0.02s 111019e 906544kB
after undoDimensionalSplitOfMemories: 0.05u 0.02s 111019e 906544kB
before extractMemories: 0.05u 0.02s 111019e 906544kB
after extractMemories: 0.05u 0.02s 111019e 906544kB
before extractHolds: 0.05u 0.02s 111019e 906544kB
after extractHolds: 0.05u 0.02s 111019e 906544kB
before simplifyAdders: 0.05u 0.02s 111019e 906544kB
after simplifyAdders: 0.05u 0.02s 111019e 906544kB
before optimizeLessThan: 0.05u 0.02s 111019e 906544kB
after optimizeLessThan: 0.05u 0.02s 111019e 906544kB
before reportUnresolvedType: 0.05u 0.02s 111019e 906544kB
after reportUnresolvedType: 0.05u 0.02s 111019e 906544kB
before dumpingPerModuleScm : 0.05u 0.02s 111019e 906544kB
after dumpingPerModuleScm : 0.05u 0.02s 111019e 906544kB

Processing alb_mss_fab_bypbuf_0000_0001
before constantPropagate: 0.05u 0.02s 111019e 906544kB
after constantPropagate: 0.05u 0.02s 111019e 906544kB
before removeUnusedSignals circuit: 0.05u 0.02s 111019e 906544kB
after removeUnusedSignals circuit: 0.05u 0.02s 111019e 906544kB
before optimize latch enable: 0.05u 0.02s 111019e 906544kB
after optimize latch enable: 0.05u 0.02s 111019e 906544kB
before removeReadAfterMissingWrite: 0.05u 0.02s 111019e 906544kB
after removeReadAfterMissingWrite: 0.05u 0.02s 111019e 906544kB
before undoDimensionalSplitOfMemories: 0.05u 0.02s 111019e 906544kB
after undoDimensionalSplitOfMemories: 0.05u 0.02s 111019e 906544kB
before extractMemories: 0.05u 0.02s 111019e 906544kB
after extractMemories: 0.05u 0.02s 111019e 906544kB
before extractHolds: 0.05u 0.02s 111019e 906544kB
after extractHolds: 0.05u 0.02s 111019e 906544kB
before simplifyAdders: 0.05u 0.02s 111019e 906544kB
after simplifyAdders: 0.05u 0.02s 111019e 906544kB
before optimizeLessThan: 0.05u 0.02s 111019e 906544kB
after optimizeLessThan: 0.05u 0.02s 111019e 906544kB
before reportUnresolvedType: 0.05u 0.02s 111019e 906544kB
after reportUnresolvedType: 0.05u 0.02s 111019e 906544kB
before dumpingPerModuleScm : 0.05u 0.02s 111019e 906544kB
after dumpingPerModuleScm : 0.05u 0.02s 111019e 906544kB

Processing alb_mss_fab_fifo_0008
before constantPropagate: 0.05u 0.02s 111019e 906544kB
after constantPropagate: 0.05u 0.02s 111019e 906544kB
before removeUnusedSignals circuit: 0.05u 0.02s 111019e 906544kB
after removeUnusedSignals circuit: 0.05u 0.02s 111019e 906544kB
before optimize latch enable: 0.05u 0.02s 111019e 906544kB
after optimize latch enable: 0.05u 0.02s 111019e 906544kB
before removeReadAfterMissingWrite: 0.05u 0.02s 111019e 906544kB
after removeReadAfterMissingWrite: 0.05u 0.02s 111019e 906544kB
before undoDimensionalSplitOfMemories: 0.05u 0.02s 111019e 906544kB
after undoDimensionalSplitOfMemories: 0.05u 0.02s 111019e 906544kB
before extractMemories: 0.05u 0.02s 111019e 906544kB
after extractMemories: 0.05u 0.02s 111019e 906544kB
before extractHolds: 0.05u 0.02s 111019e 906544kB
after extractHolds: 0.05u 0.02s 111016e 906544kB
before simplifyAdders: 0.05u 0.02s 111016e 906544kB
after simplifyAdders: 0.05u 0.02s 111016e 906544kB
before optimizeLessThan: 0.05u 0.02s 111016e 906544kB
after optimizeLessThan: 0.05u 0.02s 111016e 906544kB
before reportUnresolvedType: 0.05u 0.02s 111016e 906544kB
after reportUnresolvedType: 0.05u 0.02s 111016e 906544kB
before dumpingPerModuleScm : 0.05u 0.02s 111016e 906544kB
after dumpingPerModuleScm : 0.05u 0.02s 111016e 906544kB

Processing alb_mss_fab_fifo_0006_0001
before constantPropagate: 0.05u 0.02s 111016e 906544kB
after constantPropagate: 0.06u 0.02s 111016e 906544kB
before removeUnusedSignals circuit: 0.06u 0.02s 111016e 906544kB
after removeUnusedSignals circuit: 0.06u 0.02s 111016e 906544kB
before optimize latch enable: 0.06u 0.02s 111016e 906544kB
after optimize latch enable: 0.06u 0.02s 111016e 906544kB
before removeReadAfterMissingWrite: 0.06u 0.02s 111016e 906544kB
after removeReadAfterMissingWrite: 0.06u 0.02s 111016e 906544kB
before undoDimensionalSplitOfMemories: 0.06u 0.02s 111016e 906544kB
after undoDimensionalSplitOfMemories: 0.06u 0.02s 111016e 906544kB
before extractMemories: 0.06u 0.02s 111016e 906544kB
after extractMemories: 0.06u 0.02s 111016e 906544kB
before extractHolds: 0.06u 0.02s 111016e 906544kB
after extractHolds: 0.06u 0.02s 111015e 906544kB
before simplifyAdders: 0.06u 0.02s 111015e 906544kB
after simplifyAdders: 0.06u 0.02s 111015e 906544kB
before optimizeLessThan: 0.06u 0.02s 111015e 906544kB
after optimizeLessThan: 0.06u 0.02s 111015e 906544kB
before reportUnresolvedType: 0.06u 0.02s 111015e 906544kB
after reportUnresolvedType: 0.06u 0.02s 111015e 906544kB
before dumpingPerModuleScm : 0.06u 0.02s 111015e 906544kB
after dumpingPerModuleScm : 0.06u 0.02s 111015e 906544kB

Processing alb_mss_fab
before constantPropagate: 0.06u 0.02s 111015e 906544kB
after constantPropagate: 0.06u 0.02s 111015e 906544kB
before removeUnusedSignals circuit: 0.06u 0.02s 111015e 906544kB
after removeUnusedSignals circuit: 0.07u 0.02s 111015e 906544kB
before optimize latch enable: 0.07u 0.02s 111015e 906544kB
after optimize latch enable: 0.07u 0.02s 111015e 906544kB
before removeReadAfterMissingWrite: 0.07u 0.02s 111015e 906544kB
after removeReadAfterMissingWrite: 0.07u 0.02s 111015e 906544kB
before undoDimensionalSplitOfMemories: 0.07u 0.02s 111015e 906544kB
after undoDimensionalSplitOfMemories: 0.07u 0.02s 111015e 906544kB
before extractMemories: 0.07u 0.02s 111015e 906544kB
after extractMemories: 0.07u 0.02s 111015e 906544kB
before extractHolds: 0.07u 0.02s 111015e 906544kB
after extractHolds: 0.07u 0.02s 111015e 906544kB
before simplifyAdders: 0.07u 0.02s 111015e 906544kB
after simplifyAdders: 0.07u 0.02s 111015e 906544kB
before optimizeLessThan: 0.07u 0.02s 111015e 906544kB
after optimizeLessThan: 0.07u 0.02s 111015e 906544kB
before reportUnresolvedType: 0.07u 0.02s 111015e 906544kB
after reportUnresolvedType: 0.07u 0.02s 111015e 906544kB
before dumpingPerModuleScm : 0.07u 0.02s 111015e 906544kB
after dumpingPerModuleScm : 0.1u 0.02s 111015e 906544kB

Processing ZebuClockDetectFront_87
before constantPropagate: 0.1u 0.02s 111015e 906544kB
after constantPropagate: 0.1u 0.02s 111015e 906544kB
before removeUnusedSignals circuit: 0.1u 0.02s 111015e 906544kB
after removeUnusedSignals circuit: 0.1u 0.02s 111015e 906544kB
before optimize latch enable: 0.1u 0.02s 111015e 906544kB
after optimize latch enable: 0.1u 0.02s 111015e 906544kB
before removeReadAfterMissingWrite: 0.1u 0.02s 111015e 906544kB
after removeReadAfterMissingWrite: 0.1u 0.02s 111015e 906544kB
before undoDimensionalSplitOfMemories: 0.1u 0.02s 111015e 906544kB
after undoDimensionalSplitOfMemories: 0.1u 0.02s 111015e 906544kB
before extractMemories: 0.1u 0.02s 111015e 906544kB
after extractMemories: 0.1u 0.02s 111015e 906544kB
before extractHolds: 0.1u 0.02s 111015e 906544kB
after extractHolds: 0.1u 0.02s 111015e 906544kB
before simplifyAdders: 0.1u 0.02s 111015e 906544kB
after simplifyAdders: 0.1u 0.02s 111015e 906544kB
before optimizeLessThan: 0.1u 0.02s 111015e 906544kB
after optimizeLessThan: 0.1u 0.02s 111015e 906544kB
before reportUnresolvedType: 0.1u 0.02s 111015e 906544kB
after reportUnresolvedType: 0.1u 0.02s 111015e 906544kB
before dumpingPerModuleScm : 0.1u 0.02s 111015e 906544kB
after dumpingPerModuleScm : 0.1u 0.02s 111015e 906544kB

Processing ZebuClockDetectFront_94
before constantPropagate: 0.1u 0.02s 111015e 906544kB
after constantPropagate: 0.1u 0.02s 111015e 906544kB
before removeUnusedSignals circuit: 0.1u 0.02s 111015e 906544kB
after removeUnusedSignals circuit: 0.1u 0.02s 111015e 906544kB
before optimize latch enable: 0.1u 0.02s 111015e 906544kB
after optimize latch enable: 0.1u 0.02s 111015e 906544kB
before removeReadAfterMissingWrite: 0.1u 0.02s 111015e 906544kB
after removeReadAfterMissingWrite: 0.1u 0.02s 111015e 906544kB
before undoDimensionalSplitOfMemories: 0.1u 0.02s 111015e 906544kB
after undoDimensionalSplitOfMemories: 0.1u 0.02s 111015e 906544kB
before extractMemories: 0.1u 0.02s 111015e 906544kB
after extractMemories: 0.1u 0.02s 111015e 906544kB
before extractHolds: 0.1u 0.02s 111015e 906544kB
after extractHolds: 0.1u 0.02s 111015e 906544kB
before simplifyAdders: 0.1u 0.02s 111015e 906544kB
after simplifyAdders: 0.1u 0.02s 111015e 906544kB
before optimizeLessThan: 0.1u 0.02s 111015e 906544kB
after optimizeLessThan: 0.1u 0.02s 111015e 906544kB
before reportUnresolvedType: 0.1u 0.02s 111015e 906544kB
after reportUnresolvedType: 0.1u 0.02s 111015e 906544kB
before dumpingPerModuleScm : 0.1u 0.02s 111015e 906544kB
after dumpingPerModuleScm : 0.1u 0.02s 111015e 906544kB

Processing zz_Encrypt_5
before constantPropagate: 0.1u 0.02s 111015e 906544kB
after constantPropagate: 0.1u 0.02s 111015e 906544kB
before removeUnusedSignals circuit: 0.1u 0.02s 111015e 906544kB
after removeUnusedSignals circuit: 0.1u 0.02s 111015e 906544kB
before optimize latch enable: 0.1u 0.02s 111015e 906544kB
after optimize latch enable: 0.1u 0.02s 111015e 906544kB
before removeReadAfterMissingWrite: 0.1u 0.02s 111015e 906544kB
after removeReadAfterMissingWrite: 0.1u 0.02s 111015e 906544kB
before undoDimensionalSplitOfMemories: 0.1u 0.02s 111015e 906544kB
after undoDimensionalSplitOfMemories: 0.1u 0.02s 111015e 906544kB
before extractMemories: 0.1u 0.02s 111015e 906544kB
after extractMemories: 0.1u 0.02s 111015e 906544kB
before extractHolds: 0.1u 0.02s 111015e 906544kB
after extractHolds: 0.11u 0.02s 111019e 906544kB
before simplifyAdders: 0.11u 0.02s 111019e 906544kB
after simplifyAdders: 0.11u 0.02s 111019e 906544kB
before optimizeLessThan: 0.11u 0.02s 111019e 906544kB
after optimizeLessThan: 0.11u 0.02s 111019e 906544kB
before reportUnresolvedType: 0.11u 0.02s 111019e 906544kB
after reportUnresolvedType: 0.11u 0.02s 111019e 906544kB
before dumpingPerModuleScm : 0.11u 0.02s 111019e 906544kB
after dumpingPerModuleScm : 0.11u 0.03s 111019e 906544kB

Processing ZebuClockDetectFront_69
before constantPropagate: 0.11u 0.03s 111019e 906544kB
after constantPropagate: 0.11u 0.03s 111019e 906544kB
before removeUnusedSignals circuit: 0.11u 0.03s 111019e 906544kB
after removeUnusedSignals circuit: 0.11u 0.03s 111019e 906544kB
before optimize latch enable: 0.11u 0.03s 111019e 906544kB
after optimize latch enable: 0.11u 0.03s 111019e 906544kB
before removeReadAfterMissingWrite: 0.11u 0.03s 111019e 906544kB
after removeReadAfterMissingWrite: 0.11u 0.03s 111019e 906544kB
before undoDimensionalSplitOfMemories: 0.11u 0.03s 111019e 906544kB
after undoDimensionalSplitOfMemories: 0.11u 0.03s 111019e 906544kB
before extractMemories: 0.11u 0.03s 111019e 906544kB
after extractMemories: 0.11u 0.03s 111019e 906544kB
before extractHolds: 0.11u 0.03s 111019e 906544kB
after extractHolds: 0.11u 0.03s 111019e 906544kB
before simplifyAdders: 0.11u 0.03s 111019e 906544kB
after simplifyAdders: 0.11u 0.03s 111019e 906544kB
before optimizeLessThan: 0.11u 0.03s 111019e 906544kB
after optimizeLessThan: 0.11u 0.03s 111019e 906544kB
before reportUnresolvedType: 0.11u 0.03s 111019e 906544kB
after reportUnresolvedType: 0.11u 0.03s 111019e 906544kB
before dumpingPerModuleScm : 0.11u 0.03s 111019e 906544kB
after dumpingPerModuleScm : 0.11u 0.03s 111019e 906544kB

Processing alb_mss_dummy_slave
before constantPropagate: 0.11u 0.03s 111019e 906544kB
after constantPropagate: 0.11u 0.03s 111019e 906544kB
before removeUnusedSignals circuit: 0.11u 0.03s 111019e 906544kB
after removeUnusedSignals circuit: 0.11u 0.03s 111019e 906544kB
before optimize latch enable: 0.11u 0.03s 111019e 906544kB
after optimize latch enable: 0.11u 0.03s 111019e 906544kB
before removeReadAfterMissingWrite: 0.11u 0.03s 111019e 906544kB
after removeReadAfterMissingWrite: 0.11u 0.03s 111019e 906544kB
before undoDimensionalSplitOfMemories: 0.11u 0.03s 111019e 906544kB
after undoDimensionalSplitOfMemories: 0.11u 0.03s 111019e 906544kB
before extractMemories: 0.11u 0.03s 111019e 906544kB
after extractMemories: 0.11u 0.03s 111019e 906544kB
before extractHolds: 0.11u 0.03s 111019e 906544kB
after extractHolds: 0.11u 0.03s 111019e 906544kB
before simplifyAdders: 0.11u 0.03s 111019e 906544kB
after simplifyAdders: 0.11u 0.03s 111019e 906544kB
before optimizeLessThan: 0.11u 0.03s 111019e 906544kB
after optimizeLessThan: 0.11u 0.03s 111019e 906544kB
before reportUnresolvedType: 0.11u 0.03s 111019e 906544kB
after reportUnresolvedType: 0.11u 0.03s 111019e 906544kB
before dumpingPerModuleScm : 0.11u 0.03s 111019e 906544kB
after dumpingPerModuleScm : 0.11u 0.03s 111019e 906544kB

Processing alb_mss_mem_ibp_split_0000
before constantPropagate: 0.11u 0.03s 111019e 906544kB
after constantPropagate: 0.11u 0.03s 111019e 906544kB
before removeUnusedSignals circuit: 0.11u 0.03s 111019e 906544kB
after removeUnusedSignals circuit: 0.11u 0.03s 111019e 906544kB
before optimize latch enable: 0.11u 0.03s 111019e 906544kB
after optimize latch enable: 0.11u 0.03s 111019e 906544kB
before removeReadAfterMissingWrite: 0.11u 0.03s 111019e 906544kB
after removeReadAfterMissingWrite: 0.11u 0.03s 111019e 906544kB
before undoDimensionalSplitOfMemories: 0.11u 0.03s 111019e 906544kB
after undoDimensionalSplitOfMemories: 0.11u 0.03s 111019e 906544kB
before extractMemories: 0.11u 0.03s 111019e 906544kB
after extractMemories: 0.11u 0.03s 111019e 906544kB
before extractHolds: 0.11u 0.03s 111019e 906544kB
after extractHolds: 0.11u 0.03s 111019e 906544kB
before simplifyAdders: 0.11u 0.03s 111019e 906544kB
after simplifyAdders: 0.11u 0.03s 111019e 906544kB
before optimizeLessThan: 0.11u 0.03s 111019e 906544kB
after optimizeLessThan: 0.11u 0.03s 111019e 906544kB
before reportUnresolvedType: 0.11u 0.03s 111019e 906544kB
after reportUnresolvedType: 0.11u 0.03s 111019e 906544kB
before dumpingPerModuleScm : 0.11u 0.03s 111019e 906544kB
after dumpingPerModuleScm : 0.11u 0.03s 111019e 906544kB

Processing alb_mss_mem_fifo_0000_0002
before constantPropagate: 0.11u 0.03s 111019e 906544kB
after constantPropagate: 0.11u 0.03s 111019e 906544kB
before removeUnusedSignals circuit: 0.11u 0.03s 111019e 906544kB
after removeUnusedSignals circuit: 0.11u 0.03s 111019e 906544kB
before optimize latch enable: 0.11u 0.03s 111019e 906544kB
after optimize latch enable: 0.11u 0.03s 111019e 906544kB
before removeReadAfterMissingWrite: 0.11u 0.03s 111019e 906544kB
after removeReadAfterMissingWrite: 0.11u 0.03s 111019e 906544kB
before undoDimensionalSplitOfMemories: 0.11u 0.03s 111019e 906544kB
after undoDimensionalSplitOfMemories: 0.11u 0.03s 111019e 906544kB
before extractMemories: 0.11u 0.03s 111019e 906544kB
after extractMemories: 0.11u 0.03s 111019e 906544kB
before extractHolds: 0.11u 0.03s 111019e 906544kB
after extractHolds: 0.11u 0.03s 111019e 906544kB
before simplifyAdders: 0.11u 0.03s 111019e 906544kB
after simplifyAdders: 0.11u 0.03s 111019e 906544kB
before optimizeLessThan: 0.11u 0.03s 111019e 906544kB
after optimizeLessThan: 0.11u 0.03s 111019e 906544kB
before reportUnresolvedType: 0.11u 0.03s 111019e 906544kB
after reportUnresolvedType: 0.11u 0.03s 111019e 906544kB
before dumpingPerModuleScm : 0.11u 0.03s 111019e 906544kB
after dumpingPerModuleScm : 0.11u 0.03s 111019e 906544kB

Processing alb_mss_mem_fifo_0003_0000
before constantPropagate: 0.12u 0.03s 111019e 906544kB
after constantPropagate: 0.12u 0.03s 111019e 906544kB
before removeUnusedSignals circuit: 0.12u 0.03s 111019e 906544kB
after removeUnusedSignals circuit: 0.12u 0.03s 111019e 906544kB
before optimize latch enable: 0.12u 0.03s 111019e 906544kB
after optimize latch enable: 0.12u 0.03s 111019e 906544kB
before removeReadAfterMissingWrite: 0.12u 0.03s 111019e 906544kB
after removeReadAfterMissingWrite: 0.12u 0.03s 111019e 906544kB
before undoDimensionalSplitOfMemories: 0.12u 0.03s 111019e 906544kB
after undoDimensionalSplitOfMemories: 0.12u 0.03s 111019e 906544kB
before extractMemories: 0.12u 0.03s 111019e 906544kB
after extractMemories: 0.12u 0.03s 111019e 906544kB
before extractHolds: 0.12u 0.03s 111019e 906544kB
after extractHolds: 0.12u 0.03s 111018e 906544kB
before simplifyAdders: 0.12u 0.03s 111018e 906544kB
after simplifyAdders: 0.12u 0.03s 111018e 906544kB
before optimizeLessThan: 0.12u 0.03s 111018e 906544kB
after optimizeLessThan: 0.12u 0.03s 111018e 906544kB
before reportUnresolvedType: 0.12u 0.03s 111018e 906544kB
after reportUnresolvedType: 0.12u 0.03s 111018e 906544kB
before dumpingPerModuleScm : 0.12u 0.03s 111018e 906544kB
after dumpingPerModuleScm : 0.12u 0.03s 111018e 906544kB

Processing ZebuClockDetectFront_35
before constantPropagate: 0.12u 0.03s 111018e 906544kB
after constantPropagate: 0.12u 0.03s 111018e 906544kB
before removeUnusedSignals circuit: 0.12u 0.03s 111018e 906544kB
after removeUnusedSignals circuit: 0.12u 0.03s 111018e 906544kB
before optimize latch enable: 0.12u 0.03s 111018e 906544kB
after optimize latch enable: 0.12u 0.03s 111018e 906544kB
before removeReadAfterMissingWrite: 0.12u 0.03s 111018e 906544kB
after removeReadAfterMissingWrite: 0.12u 0.03s 111018e 906544kB
before undoDimensionalSplitOfMemories: 0.12u 0.03s 111018e 906544kB
after undoDimensionalSplitOfMemories: 0.12u 0.03s 111018e 906544kB
before extractMemories: 0.12u 0.03s 111018e 906544kB
after extractMemories: 0.12u 0.03s 111018e 906544kB
before extractHolds: 0.12u 0.03s 111018e 906544kB
after extractHolds: 0.12u 0.03s 111018e 906544kB
before simplifyAdders: 0.12u 0.03s 111018e 906544kB
after simplifyAdders: 0.12u 0.03s 111018e 906544kB
before optimizeLessThan: 0.12u 0.03s 111018e 906544kB
after optimizeLessThan: 0.12u 0.03s 111018e 906544kB
before reportUnresolvedType: 0.12u 0.03s 111018e 906544kB
after reportUnresolvedType: 0.12u 0.03s 111018e 906544kB
before dumpingPerModuleScm : 0.12u 0.03s 111018e 906544kB
after dumpingPerModuleScm : 0.12u 0.03s 111018e 906544kB

Processing zz_Encrypt_10
before constantPropagate: 0.12u 0.03s 111018e 906544kB
after constantPropagate: 0.12u 0.03s 111018e 906544kB
before removeUnusedSignals circuit: 0.12u 0.03s 111018e 906544kB
after removeUnusedSignals circuit: 0.12u 0.03s 111018e 906544kB
before optimize latch enable: 0.12u 0.03s 111018e 906544kB
after optimize latch enable: 0.12u 0.03s 111018e 906544kB
before removeReadAfterMissingWrite: 0.12u 0.03s 111018e 906544kB
after removeReadAfterMissingWrite: 0.12u 0.03s 111018e 906544kB
before undoDimensionalSplitOfMemories: 0.12u 0.03s 111018e 906544kB
after undoDimensionalSplitOfMemories: 0.12u 0.03s 111018e 906544kB
before extractMemories: 0.12u 0.03s 111018e 906544kB
after extractMemories: 0.12u 0.03s 111018e 906544kB
before extractHolds: 0.12u 0.03s 111018e 906544kB
after extractHolds: 0.12u 0.03s 111020e 906544kB
before simplifyAdders: 0.12u 0.03s 111020e 906544kB
after simplifyAdders: 0.12u 0.03s 111020e 906544kB
before optimizeLessThan: 0.12u 0.03s 111020e 906544kB
after optimizeLessThan: 0.12u 0.03s 111020e 906544kB
before reportUnresolvedType: 0.12u 0.03s 111020e 906544kB
after reportUnresolvedType: 0.12u 0.03s 111020e 906544kB
before dumpingPerModuleScm : 0.12u 0.03s 111020e 906544kB
after dumpingPerModuleScm : 0.12u 0.03s 111020e 906544kB

Processing ZebuClockDetectFront_40
before constantPropagate: 0.12u 0.03s 111020e 906544kB
after constantPropagate: 0.12u 0.03s 111020e 906544kB
before removeUnusedSignals circuit: 0.12u 0.03s 111020e 906544kB
after removeUnusedSignals circuit: 0.12u 0.03s 111020e 906544kB
before optimize latch enable: 0.12u 0.03s 111020e 906544kB
after optimize latch enable: 0.12u 0.03s 111020e 906544kB
before removeReadAfterMissingWrite: 0.12u 0.03s 111020e 906544kB
after removeReadAfterMissingWrite: 0.12u 0.03s 111020e 906544kB
before undoDimensionalSplitOfMemories: 0.12u 0.03s 111020e 906544kB
after undoDimensionalSplitOfMemories: 0.12u 0.03s 111020e 906544kB
before extractMemories: 0.12u 0.03s 111020e 906544kB
after extractMemories: 0.12u 0.03s 111020e 906544kB
before extractHolds: 0.12u 0.03s 111020e 906544kB
after extractHolds: 0.12u 0.03s 111020e 906544kB
before simplifyAdders: 0.12u 0.03s 111020e 906544kB
after simplifyAdders: 0.12u 0.03s 111020e 906544kB
before optimizeLessThan: 0.12u 0.03s 111020e 906544kB
after optimizeLessThan: 0.12u 0.03s 111020e 906544kB
before reportUnresolvedType: 0.12u 0.03s 111020e 906544kB
after reportUnresolvedType: 0.12u 0.03s 111020e 906544kB
before dumpingPerModuleScm : 0.12u 0.03s 111020e 906544kB
after dumpingPerModuleScm : 0.12u 0.03s 111020e 906544kB

Processing ZebuClockDetectFront_51
before constantPropagate: 0.12u 0.03s 111020e 906544kB
after constantPropagate: 0.12u 0.03s 111020e 906544kB
before removeUnusedSignals circuit: 0.12u 0.03s 111020e 906544kB
after removeUnusedSignals circuit: 0.12u 0.03s 111020e 906544kB
before optimize latch enable: 0.12u 0.03s 111020e 906544kB
after optimize latch enable: 0.12u 0.03s 111020e 906544kB
before removeReadAfterMissingWrite: 0.12u 0.03s 111020e 906544kB
after removeReadAfterMissingWrite: 0.12u 0.03s 111020e 906544kB
before undoDimensionalSplitOfMemories: 0.12u 0.03s 111020e 906544kB
after undoDimensionalSplitOfMemories: 0.12u 0.03s 111020e 906544kB
before extractMemories: 0.12u 0.03s 111020e 906544kB
after extractMemories: 0.12u 0.03s 111020e 906544kB
before extractHolds: 0.12u 0.03s 111020e 906544kB
after extractHolds: 0.12u 0.03s 111020e 906544kB
before simplifyAdders: 0.12u 0.03s 111020e 906544kB
after simplifyAdders: 0.12u 0.03s 111020e 906544kB
before optimizeLessThan: 0.12u 0.03s 111020e 906544kB
after optimizeLessThan: 0.12u 0.03s 111020e 906544kB
before reportUnresolvedType: 0.12u 0.03s 111020e 906544kB
after reportUnresolvedType: 0.12u 0.03s 111020e 906544kB
before dumpingPerModuleScm : 0.12u 0.03s 111020e 906544kB
after dumpingPerModuleScm : 0.12u 0.03s 111020e 906544kB

Processing ZebuClockDetectFront_8
before constantPropagate: 0.12u 0.03s 111020e 906544kB
after constantPropagate: 0.12u 0.03s 111020e 906544kB
before removeUnusedSignals circuit: 0.12u 0.03s 111020e 906544kB
after removeUnusedSignals circuit: 0.12u 0.03s 111020e 906544kB
before optimize latch enable: 0.12u 0.03s 111020e 906544kB
after optimize latch enable: 0.12u 0.03s 111020e 906544kB
before removeReadAfterMissingWrite: 0.12u 0.03s 111020e 906544kB
after removeReadAfterMissingWrite: 0.12u 0.03s 111020e 906544kB
before undoDimensionalSplitOfMemories: 0.12u 0.03s 111020e 906544kB
after undoDimensionalSplitOfMemories: 0.12u 0.03s 111020e 906544kB
before extractMemories: 0.12u 0.03s 111020e 906544kB
after extractMemories: 0.12u 0.03s 111020e 906544kB
before extractHolds: 0.12u 0.03s 111020e 906544kB
after extractHolds: 0.12u 0.03s 111020e 906544kB
before simplifyAdders: 0.12u 0.03s 111020e 906544kB
after simplifyAdders: 0.12u 0.03s 111020e 906544kB
before optimizeLessThan: 0.12u 0.03s 111020e 906544kB
after optimizeLessThan: 0.12u 0.03s 111020e 906544kB
before reportUnresolvedType: 0.12u 0.03s 111020e 906544kB
after reportUnresolvedType: 0.12u 0.03s 111020e 906544kB
before dumpingPerModuleScm : 0.12u 0.03s 111020e 906544kB
after dumpingPerModuleScm : 0.12u 0.03s 111020e 906544kB

Processing ZebuClockDetectFront_14
before constantPropagate: 0.12u 0.03s 111020e 906544kB
after constantPropagate: 0.12u 0.03s 111020e 906544kB
before removeUnusedSignals circuit: 0.12u 0.03s 111020e 906544kB
after removeUnusedSignals circuit: 0.12u 0.03s 111020e 906544kB
before optimize latch enable: 0.12u 0.03s 111020e 906544kB
after optimize latch enable: 0.12u 0.03s 111020e 906544kB
before removeReadAfterMissingWrite: 0.12u 0.03s 111020e 906544kB
after removeReadAfterMissingWrite: 0.12u 0.03s 111020e 906544kB
before undoDimensionalSplitOfMemories: 0.12u 0.03s 111020e 906544kB
after undoDimensionalSplitOfMemories: 0.12u 0.03s 111020e 906544kB
before extractMemories: 0.12u 0.03s 111020e 906544kB
after extractMemories: 0.12u 0.03s 111020e 906544kB
before extractHolds: 0.12u 0.03s 111020e 906544kB
after extractHolds: 0.12u 0.03s 111020e 906544kB
before simplifyAdders: 0.12u 0.03s 111020e 906544kB
after simplifyAdders: 0.12u 0.03s 111020e 906544kB
before optimizeLessThan: 0.12u 0.03s 111020e 906544kB
after optimizeLessThan: 0.12u 0.03s 111020e 906544kB
before reportUnresolvedType: 0.12u 0.03s 111020e 906544kB
after reportUnresolvedType: 0.12u 0.03s 111020e 906544kB
before dumpingPerModuleScm : 0.12u 0.03s 111020e 906544kB
after dumpingPerModuleScm : 0.12u 0.03s 111020e 906544kB

Processing ZebuClockDetectFront_20
before constantPropagate: 0.12u 0.03s 111020e 906544kB
after constantPropagate: 0.12u 0.03s 111020e 906544kB
before removeUnusedSignals circuit: 0.12u 0.03s 111020e 906544kB
after removeUnusedSignals circuit: 0.12u 0.03s 111020e 906544kB
before optimize latch enable: 0.12u 0.03s 111020e 906544kB
after optimize latch enable: 0.12u 0.03s 111020e 906544kB
before removeReadAfterMissingWrite: 0.12u 0.03s 111020e 906544kB
after removeReadAfterMissingWrite: 0.12u 0.03s 111020e 906544kB
before undoDimensionalSplitOfMemories: 0.12u 0.03s 111020e 906544kB
after undoDimensionalSplitOfMemories: 0.12u 0.03s 111020e 906544kB
before extractMemories: 0.12u 0.03s 111020e 906544kB
after extractMemories: 0.12u 0.03s 111020e 906544kB
before extractHolds: 0.12u 0.03s 111020e 906544kB
after extractHolds: 0.12u 0.03s 111020e 906544kB
before simplifyAdders: 0.12u 0.03s 111020e 906544kB
after simplifyAdders: 0.12u 0.03s 111020e 906544kB
before optimizeLessThan: 0.12u 0.03s 111020e 906544kB
after optimizeLessThan: 0.12u 0.03s 111020e 906544kB
before reportUnresolvedType: 0.12u 0.03s 111020e 906544kB
after reportUnresolvedType: 0.12u 0.03s 111020e 906544kB
before dumpingPerModuleScm : 0.12u 0.03s 111020e 906544kB
after dumpingPerModuleScm : 0.12u 0.03s 111020e 906544kB

Processing ZebuClockDetectFront_27
before constantPropagate: 0.12u 0.03s 111020e 906544kB
after constantPropagate: 0.12u 0.03s 111020e 906544kB
before removeUnusedSignals circuit: 0.12u 0.03s 111020e 906544kB
after removeUnusedSignals circuit: 0.12u 0.03s 111020e 906544kB
before optimize latch enable: 0.12u 0.03s 111020e 906544kB
after optimize latch enable: 0.12u 0.03s 111020e 906544kB
before removeReadAfterMissingWrite: 0.12u 0.03s 111020e 906544kB
after removeReadAfterMissingWrite: 0.12u 0.03s 111020e 906544kB
before undoDimensionalSplitOfMemories: 0.12u 0.03s 111020e 906544kB
after undoDimensionalSplitOfMemories: 0.12u 0.03s 111020e 906544kB
before extractMemories: 0.12u 0.03s 111020e 906544kB
after extractMemories: 0.12u 0.03s 111020e 906544kB
before extractHolds: 0.12u 0.03s 111020e 906544kB
after extractHolds: 0.12u 0.03s 111020e 906544kB
before simplifyAdders: 0.12u 0.03s 111020e 906544kB
after simplifyAdders: 0.12u 0.03s 111020e 906544kB
before optimizeLessThan: 0.12u 0.03s 111020e 906544kB
after optimizeLessThan: 0.12u 0.03s 111020e 906544kB
before reportUnresolvedType: 0.12u 0.03s 111020e 906544kB
after reportUnresolvedType: 0.12u 0.03s 111020e 906544kB
before dumpingPerModuleScm : 0.12u 0.03s 111020e 906544kB
after dumpingPerModuleScm : 0.12u 0.03s 111020e 906544kB

Processing xtor_amba_master_axi3_svs
before constantPropagate: 0.12u 0.03s 111020e 906544kB
after constantPropagate: 0.13u 0.03s 111005e 906544kB
before removeUnusedSignals circuit: 0.13u 0.03s 111005e 906544kB
after removeUnusedSignals circuit: 0.13u 0.03s 111005e 906544kB
before optimize latch enable: 0.13u 0.03s 111005e 906544kB
after optimize latch enable: 0.13u 0.03s 111005e 906544kB
before removeReadAfterMissingWrite: 0.13u 0.03s 111005e 906544kB
after removeReadAfterMissingWrite: 0.13u 0.03s 111005e 906544kB
before undoDimensionalSplitOfMemories: 0.14u 0.03s 111005e 906544kB
after undoDimensionalSplitOfMemories: 0.14u 0.03s 111005e 906544kB
before extractMemories: 0.14u 0.03s 111005e 906544kB
after extractMemories: 0.14u 0.03s 111005e 906544kB
before extractHolds: 0.14u 0.03s 111005e 906544kB
after extractHolds: 0.15u 0.04s 111354e 906544kB
before simplifyAdders: 0.16u 0.04s 111354e 906544kB
after simplifyAdders: 0.16u 0.04s 111354e 906544kB
before optimizeLessThan: 0.16u 0.04s 111354e 906544kB
after optimizeLessThan: 0.16u 0.04s 111354e 906544kB
before reportUnresolvedType: 0.16u 0.04s 111354e 906544kB
after reportUnresolvedType: 0.16u 0.04s 111354e 906544kB
before dumpingPerModuleScm : 0.16u 0.04s 111354e 906544kB
after dumpingPerModuleScm : 0.18u 0.04s 111354e 906544kB

Processing ls_multi_bit_comparator_0002
before constantPropagate: 0.18u 0.04s 111354e 906544kB
after constantPropagate: 0.18u 0.04s 111354e 906544kB
before removeUnusedSignals circuit: 0.18u 0.04s 111354e 906544kB
after removeUnusedSignals circuit: 0.18u 0.04s 111354e 906544kB
before optimize latch enable: 0.18u 0.04s 111354e 906544kB
after optimize latch enable: 0.18u 0.04s 111354e 906544kB
before removeReadAfterMissingWrite: 0.18u 0.04s 111354e 906544kB
after removeReadAfterMissingWrite: 0.18u 0.04s 111354e 906544kB
before undoDimensionalSplitOfMemories: 0.18u 0.04s 111354e 906544kB
after undoDimensionalSplitOfMemories: 0.18u 0.04s 111354e 906544kB
before extractMemories: 0.18u 0.04s 111354e 906544kB
after extractMemories: 0.18u 0.04s 111354e 906544kB
before extractHolds: 0.18u 0.04s 111354e 906544kB
after extractHolds: 0.18u 0.04s 111354e 906544kB
before simplifyAdders: 0.18u 0.04s 111354e 906544kB
after simplifyAdders: 0.18u 0.04s 111354e 906544kB
before optimizeLessThan: 0.18u 0.04s 111354e 906544kB
after optimizeLessThan: 0.18u 0.04s 111354e 906544kB
before reportUnresolvedType: 0.18u 0.04s 111354e 906544kB
after reportUnresolvedType: 0.18u 0.04s 111354e 906544kB
before dumpingPerModuleScm : 0.18u 0.04s 111354e 906544kB
after dumpingPerModuleScm : 0.18u 0.04s 111354e 906544kB

Processing ls_compare_unit_000C
before constantPropagate: 0.18u 0.04s 111354e 906544kB
after constantPropagate: 0.18u 0.04s 111354e 906544kB
before removeUnusedSignals circuit: 0.18u 0.04s 111354e 906544kB
after removeUnusedSignals circuit: 0.18u 0.04s 111354e 906544kB
before optimize latch enable: 0.18u 0.04s 111354e 906544kB
after optimize latch enable: 0.18u 0.04s 111354e 906544kB
before removeReadAfterMissingWrite: 0.18u 0.04s 111354e 906544kB
after removeReadAfterMissingWrite: 0.18u 0.04s 111354e 906544kB
before undoDimensionalSplitOfMemories: 0.18u 0.04s 111354e 906544kB
after undoDimensionalSplitOfMemories: 0.18u 0.04s 111354e 906544kB
before extractMemories: 0.18u 0.04s 111354e 906544kB
after extractMemories: 0.18u 0.04s 111354e 906544kB
before extractHolds: 0.18u 0.04s 111354e 906544kB
after extractHolds: 0.18u 0.04s 111354e 906544kB
before simplifyAdders: 0.18u 0.04s 111354e 906544kB
after simplifyAdders: 0.18u 0.04s 111354e 906544kB
before optimizeLessThan: 0.18u 0.04s 111354e 906544kB
after optimizeLessThan: 0.18u 0.04s 111354e 906544kB
before reportUnresolvedType: 0.18u 0.04s 111354e 906544kB
after reportUnresolvedType: 0.18u 0.04s 111354e 906544kB
before dumpingPerModuleScm : 0.18u 0.04s 111354e 906544kB
after dumpingPerModuleScm : 0.19u 0.04s 111354e 906544kB

Processing clkgate
before constantPropagate: 0.19u 0.04s 111354e 906544kB
after constantPropagate: 0.19u 0.04s 111354e 906544kB
before removeUnusedSignals circuit: 0.19u 0.04s 111354e 906544kB
after removeUnusedSignals circuit: 0.19u 0.04s 111354e 906544kB
before optimize latch enable: 0.19u 0.04s 111354e 906544kB
after optimize latch enable: 0.19u 0.04s 111354e 906544kB
before removeReadAfterMissingWrite: 0.19u 0.04s 111354e 906544kB
after removeReadAfterMissingWrite: 0.19u 0.04s 111354e 906544kB
before undoDimensionalSplitOfMemories: 0.19u 0.04s 111354e 906544kB
after undoDimensionalSplitOfMemories: 0.19u 0.04s 111354e 906544kB
before extractMemories: 0.19u 0.04s 111354e 906544kB
after extractMemories: 0.19u 0.04s 111354e 906544kB
before extractHolds: 0.19u 0.04s 111354e 906544kB
after extractHolds: 0.19u 0.04s 111354e 906544kB
before simplifyAdders: 0.19u 0.04s 111354e 906544kB
after simplifyAdders: 0.19u 0.04s 111354e 906544kB
before optimizeLessThan: 0.19u 0.04s 111354e 906544kB
after optimizeLessThan: 0.19u 0.04s 111354e 906544kB
before reportUnresolvedType: 0.19u 0.04s 111354e 906544kB
after reportUnresolvedType: 0.19u 0.04s 111354e 906544kB
before dumpingPerModuleScm : 0.19u 0.04s 111354e 906544kB
after dumpingPerModuleScm : 0.19u 0.04s 111354e 906544kB

Processing ZebuClockDetectFront_1
before constantPropagate: 0.19u 0.04s 111354e 906544kB
after constantPropagate: 0.19u 0.04s 111354e 906544kB
before removeUnusedSignals circuit: 0.19u 0.04s 111354e 906544kB
after removeUnusedSignals circuit: 0.19u 0.04s 111354e 906544kB
before optimize latch enable: 0.19u 0.04s 111354e 906544kB
after optimize latch enable: 0.19u 0.04s 111354e 906544kB
before removeReadAfterMissingWrite: 0.19u 0.04s 111354e 906544kB
after removeReadAfterMissingWrite: 0.19u 0.04s 111354e 906544kB
before undoDimensionalSplitOfMemories: 0.19u 0.04s 111354e 906544kB
after undoDimensionalSplitOfMemories: 0.19u 0.04s 111354e 906544kB
before extractMemories: 0.19u 0.04s 111354e 906544kB
after extractMemories: 0.19u 0.04s 111354e 906544kB
before extractHolds: 0.19u 0.04s 111354e 906544kB
after extractHolds: 0.19u 0.04s 111354e 906544kB
before simplifyAdders: 0.19u 0.04s 111354e 906544kB
after simplifyAdders: 0.19u 0.04s 111354e 906544kB
before optimizeLessThan: 0.19u 0.04s 111354e 906544kB
after optimizeLessThan: 0.19u 0.04s 111354e 906544kB
before reportUnresolvedType: 0.19u 0.04s 111354e 906544kB
after reportUnresolvedType: 0.19u 0.04s 111354e 906544kB
before dumpingPerModuleScm : 0.19u 0.04s 111354e 906544kB
after dumpingPerModuleScm : 0.19u 0.04s 111354e 906544kB

Processing ZebuClockDetectFront_3
before constantPropagate: 0.19u 0.04s 111354e 906544kB
after constantPropagate: 0.19u 0.04s 111354e 906544kB
before removeUnusedSignals circuit: 0.19u 0.04s 111354e 906544kB
after removeUnusedSignals circuit: 0.19u 0.04s 111354e 906544kB
before optimize latch enable: 0.19u 0.04s 111354e 906544kB
after optimize latch enable: 0.19u 0.04s 111354e 906544kB
before removeReadAfterMissingWrite: 0.19u 0.04s 111354e 906544kB
after removeReadAfterMissingWrite: 0.19u 0.04s 111354e 906544kB
before undoDimensionalSplitOfMemories: 0.19u 0.04s 111354e 906544kB
after undoDimensionalSplitOfMemories: 0.19u 0.04s 111354e 906544kB
before extractMemories: 0.19u 0.04s 111354e 906544kB
after extractMemories: 0.19u 0.04s 111354e 906544kB
before extractHolds: 0.19u 0.04s 111354e 906544kB
after extractHolds: 0.19u 0.04s 111354e 906544kB
before simplifyAdders: 0.19u 0.04s 111354e 906544kB
after simplifyAdders: 0.19u 0.04s 111354e 906544kB
before optimizeLessThan: 0.19u 0.04s 111354e 906544kB
after optimizeLessThan: 0.19u 0.04s 111354e 906544kB
before reportUnresolvedType: 0.19u 0.04s 111354e 906544kB
after reportUnresolvedType: 0.19u 0.04s 111354e 906544kB
before dumpingPerModuleScm : 0.19u 0.04s 111354e 906544kB
after dumpingPerModuleScm : 0.19u 0.04s 111354e 906544kB

Processing iccm_ecc_decoder
before constantPropagate: 0.19u 0.04s 111354e 906544kB
after constantPropagate: 0.19u 0.04s 111354e 906544kB
before removeUnusedSignals circuit: 0.19u 0.04s 111354e 906544kB
after removeUnusedSignals circuit: 0.19u 0.04s 111354e 906544kB
before optimize latch enable: 0.19u 0.04s 111354e 906544kB
after optimize latch enable: 0.19u 0.04s 111354e 906544kB
before removeReadAfterMissingWrite: 0.19u 0.04s 111354e 906544kB
after removeReadAfterMissingWrite: 0.19u 0.04s 111354e 906544kB
before undoDimensionalSplitOfMemories: 0.19u 0.04s 111354e 906544kB
after undoDimensionalSplitOfMemories: 0.19u 0.04s 111354e 906544kB
before extractMemories: 0.19u 0.04s 111354e 906544kB
after extractMemories: 0.19u 0.04s 111354e 906544kB
before extractHolds: 0.19u 0.04s 111354e 906544kB
after extractHolds: 0.19u 0.04s 111354e 906544kB
before simplifyAdders: 0.19u 0.04s 111354e 906544kB
after simplifyAdders: 0.19u 0.04s 111354e 906544kB
before optimizeLessThan: 0.19u 0.04s 111354e 906544kB
after optimizeLessThan: 0.19u 0.04s 111354e 906544kB
before reportUnresolvedType: 0.19u 0.04s 111354e 906544kB
after reportUnresolvedType: 0.19u 0.04s 111354e 906544kB
before dumpingPerModuleScm : 0.19u 0.04s 111354e 906544kB
after dumpingPerModuleScm : 0.19u 0.04s 111354e 906544kB

Processing rl_ifu_icache
before constantPropagate: 0.19u 0.04s 111354e 906544kB
after constantPropagate: 0.19u 0.04s 111354e 906544kB
before removeUnusedSignals circuit: 0.19u 0.04s 111354e 906544kB
after removeUnusedSignals circuit: 0.19u 0.04s 111354e 906544kB
before optimize latch enable: 0.19u 0.04s 111354e 906544kB
after optimize latch enable: 0.19u 0.04s 111354e 906544kB
before removeReadAfterMissingWrite: 0.19u 0.04s 111354e 906544kB
after removeReadAfterMissingWrite: 0.19u 0.04s 111354e 906544kB
before undoDimensionalSplitOfMemories: 0.19u 0.04s 111354e 906544kB
after undoDimensionalSplitOfMemories: 0.19u 0.04s 111354e 906544kB
before extractMemories: 0.19u 0.04s 111354e 906544kB
after extractMemories: 0.19u 0.04s 111354e 906544kB
before extractHolds: 0.19u 0.04s 111354e 906544kB
after extractHolds: 0.2u 0.04s 111368e 906544kB
before simplifyAdders: 0.2u 0.04s 111368e 906544kB
after simplifyAdders: 0.2u 0.04s 111368e 906544kB
before optimizeLessThan: 0.2u 0.04s 111368e 906544kB
after optimizeLessThan: 0.2u 0.04s 111368e 906544kB
before reportUnresolvedType: 0.2u 0.04s 111368e 906544kB
after reportUnresolvedType: 0.2u 0.04s 111368e 906544kB
before dumpingPerModuleScm : 0.2u 0.04s 111368e 906544kB
after dumpingPerModuleScm : 0.21u 0.04s 111368e 906544kB

Processing rl_logic_unit
before constantPropagate: 0.21u 0.04s 111368e 906544kB
after constantPropagate: 0.21u 0.04s 111368e 906544kB
before removeUnusedSignals circuit: 0.21u 0.04s 111368e 906544kB
after removeUnusedSignals circuit: 0.21u 0.04s 111368e 906544kB
before optimize latch enable: 0.21u 0.04s 111368e 906544kB
after optimize latch enable: 0.21u 0.04s 111368e 906544kB
before removeReadAfterMissingWrite: 0.21u 0.04s 111368e 906544kB
after removeReadAfterMissingWrite: 0.21u 0.04s 111368e 906544kB
before undoDimensionalSplitOfMemories: 0.21u 0.04s 111368e 906544kB
after undoDimensionalSplitOfMemories: 0.21u 0.04s 111368e 906544kB
before extractMemories: 0.21u 0.04s 111368e 906544kB
after extractMemories: 0.21u 0.05s 111368e 906544kB
before extractHolds: 0.21u 0.05s 111368e 906544kB
after extractHolds: 0.21u 0.05s 111368e 906544kB
before simplifyAdders: 0.21u 0.05s 111368e 906544kB
after simplifyAdders: 0.21u 0.05s 111368e 906544kB
before optimizeLessThan: 0.21u 0.05s 111368e 906544kB
after optimizeLessThan: 0.21u 0.05s 111368e 906544kB
before reportUnresolvedType: 0.21u 0.05s 111368e 906544kB
after reportUnresolvedType: 0.21u 0.05s 111368e 906544kB
before dumpingPerModuleScm : 0.21u 0.05s 111368e 906544kB
after dumpingPerModuleScm : 0.21u 0.05s 111368e 906544kB

Processing rl_branch
before constantPropagate: 0.21u 0.05s 111368e 906544kB
after constantPropagate: 0.21u 0.05s 111368e 906544kB
before removeUnusedSignals circuit: 0.21u 0.05s 111368e 906544kB
after removeUnusedSignals circuit: 0.21u 0.05s 111368e 906544kB
before optimize latch enable: 0.21u 0.05s 111368e 906544kB
after optimize latch enable: 0.21u 0.05s 111368e 906544kB
before removeReadAfterMissingWrite: 0.21u 0.05s 111368e 906544kB
after removeReadAfterMissingWrite: 0.21u 0.05s 111368e 906544kB
before undoDimensionalSplitOfMemories: 0.21u 0.05s 111368e 906544kB
after undoDimensionalSplitOfMemories: 0.21u 0.05s 111368e 906544kB
before extractMemories: 0.21u 0.05s 111368e 906544kB
after extractMemories: 0.21u 0.05s 111368e 906544kB
before extractHolds: 0.21u 0.05s 111368e 906544kB
after extractHolds: 0.21u 0.05s 111368e 906544kB
before simplifyAdders: 0.21u 0.05s 111368e 906544kB
after simplifyAdders: 0.21u 0.05s 111368e 906544kB
before optimizeLessThan: 0.21u 0.05s 111368e 906544kB
after optimizeLessThan: 0.21u 0.05s 111368e 906544kB
before reportUnresolvedType: 0.21u 0.05s 111368e 906544kB
after reportUnresolvedType: 0.21u 0.05s 111368e 906544kB
before dumpingPerModuleScm : 0.21u 0.05s 111368e 906544kB
after dumpingPerModuleScm : 0.21u 0.05s 111368e 906544kB

Processing rl_wtree_comp312
before constantPropagate: 0.21u 0.05s 111368e 906544kB
after constantPropagate: 0.21u 0.05s 111368e 906544kB
before removeUnusedSignals circuit: 0.21u 0.05s 111368e 906544kB
after removeUnusedSignals circuit: 0.21u 0.05s 111368e 906544kB
before optimize latch enable: 0.21u 0.05s 111368e 906544kB
after optimize latch enable: 0.21u 0.05s 111368e 906544kB
before removeReadAfterMissingWrite: 0.21u 0.05s 111368e 906544kB
after removeReadAfterMissingWrite: 0.21u 0.05s 111368e 906544kB
before undoDimensionalSplitOfMemories: 0.21u 0.05s 111368e 906544kB
after undoDimensionalSplitOfMemories: 0.21u 0.05s 111368e 906544kB
before extractMemories: 0.21u 0.05s 111368e 906544kB
after extractMemories: 0.21u 0.05s 111368e 906544kB
before extractHolds: 0.21u 0.05s 111368e 906544kB
after extractHolds: 0.21u 0.05s 111368e 906544kB
before simplifyAdders: 0.21u 0.05s 111368e 906544kB
after simplifyAdders: 0.21u 0.05s 111368e 906544kB
before optimizeLessThan: 0.21u 0.05s 111368e 906544kB
after optimizeLessThan: 0.21u 0.05s 111368e 906544kB
before reportUnresolvedType: 0.21u 0.05s 111368e 906544kB
after reportUnresolvedType: 0.21u 0.05s 111368e 906544kB
before dumpingPerModuleScm : 0.21u 0.05s 111368e 906544kB
after dumpingPerModuleScm : 0.21u 0.05s 111368e 906544kB

Processing rl_result_bus
before constantPropagate: 0.21u 0.05s 111368e 906544kB
after constantPropagate: 0.21u 0.05s 111368e 906544kB
before removeUnusedSignals circuit: 0.21u 0.05s 111368e 906544kB
after removeUnusedSignals circuit: 0.21u 0.05s 111368e 906544kB
before optimize latch enable: 0.21u 0.05s 111368e 906544kB
after optimize latch enable: 0.21u 0.05s 111368e 906544kB
before removeReadAfterMissingWrite: 0.21u 0.05s 111368e 906544kB
after removeReadAfterMissingWrite: 0.21u 0.05s 111368e 906544kB
before undoDimensionalSplitOfMemories: 0.21u 0.05s 111368e 906544kB
after undoDimensionalSplitOfMemories: 0.21u 0.05s 111368e 906544kB
before extractMemories: 0.21u 0.05s 111368e 906544kB
after extractMemories: 0.21u 0.05s 111368e 906544kB
before extractHolds: 0.21u 0.05s 111368e 906544kB
after extractHolds: 0.21u 0.05s 111368e 906544kB
before simplifyAdders: 0.21u 0.05s 111368e 906544kB
after simplifyAdders: 0.21u 0.05s 111368e 906544kB
before optimizeLessThan: 0.21u 0.05s 111368e 906544kB
after optimizeLessThan: 0.21u 0.05s 111368e 906544kB
before reportUnresolvedType: 0.21u 0.05s 111368e 906544kB
after reportUnresolvedType: 0.21u 0.05s 111368e 906544kB
before dumpingPerModuleScm : 0.21u 0.05s 111368e 906544kB
after dumpingPerModuleScm : 0.21u 0.05s 111368e 906544kB

Processing rl_exu
before constantPropagate: 0.21u 0.05s 111368e 906544kB
after constantPropagate: 0.21u 0.05s 111368e 906544kB
before removeUnusedSignals circuit: 0.21u 0.05s 111368e 906544kB
after removeUnusedSignals circuit: 0.21u 0.05s 111368e 906544kB
before optimize latch enable: 0.21u 0.05s 111368e 906544kB
after optimize latch enable: 0.21u 0.05s 111368e 906544kB
before removeReadAfterMissingWrite: 0.21u 0.05s 111368e 906544kB
after removeReadAfterMissingWrite: 0.21u 0.05s 111368e 906544kB
before undoDimensionalSplitOfMemories: 0.21u 0.05s 111368e 906544kB
after undoDimensionalSplitOfMemories: 0.21u 0.05s 111368e 906544kB
before extractMemories: 0.21u 0.05s 111368e 906544kB
after extractMemories: 0.21u 0.05s 111368e 906544kB
before extractHolds: 0.21u 0.05s 111368e 906544kB
after extractHolds: 0.21u 0.05s 111368e 906544kB
before simplifyAdders: 0.21u 0.05s 111368e 906544kB
after simplifyAdders: 0.21u 0.05s 111368e 906544kB
before optimizeLessThan: 0.21u 0.05s 111368e 906544kB
after optimizeLessThan: 0.21u 0.05s 111368e 906544kB
before reportUnresolvedType: 0.21u 0.05s 111368e 906544kB
after reportUnresolvedType: 0.21u 0.05s 111368e 906544kB
before dumpingPerModuleScm : 0.21u 0.05s 111368e 906544kB
after dumpingPerModuleScm : 0.22u 0.05s 111368e 906544kB

Processing rl_dmp_load_aligner
before constantPropagate: 0.22u 0.05s 111368e 906544kB
after constantPropagate: 0.22u 0.05s 111368e 906544kB
before removeUnusedSignals circuit: 0.22u 0.05s 111368e 906544kB
after removeUnusedSignals circuit: 0.22u 0.05s 111368e 906544kB
before optimize latch enable: 0.22u 0.05s 111368e 906544kB
after optimize latch enable: 0.22u 0.05s 111368e 906544kB
before removeReadAfterMissingWrite: 0.22u 0.05s 111368e 906544kB
after removeReadAfterMissingWrite: 0.22u 0.05s 111368e 906544kB
before undoDimensionalSplitOfMemories: 0.22u 0.05s 111368e 906544kB
after undoDimensionalSplitOfMemories: 0.22u 0.05s 111368e 906544kB
before extractMemories: 0.22u 0.05s 111368e 906544kB
after extractMemories: 0.22u 0.05s 111368e 906544kB
before extractHolds: 0.22u 0.05s 111368e 906544kB
after extractHolds: 0.22u 0.05s 111368e 906544kB
before simplifyAdders: 0.22u 0.05s 111368e 906544kB
after simplifyAdders: 0.22u 0.05s 111368e 906544kB
before optimizeLessThan: 0.22u 0.05s 111368e 906544kB
after optimizeLessThan: 0.22u 0.05s 111368e 906544kB
before reportUnresolvedType: 0.22u 0.05s 111368e 906544kB
after reportUnresolvedType: 0.22u 0.05s 111368e 906544kB
before dumpingPerModuleScm : 0.22u 0.05s 111368e 906544kB
after dumpingPerModuleScm : 0.23u 0.05s 111368e 906544kB

Processing rl_triggers
before constantPropagate: 0.23u 0.05s 111368e 906544kB
after constantPropagate: 0.23u 0.05s 111368e 906544kB
before removeUnusedSignals circuit: 0.23u 0.05s 111368e 906544kB
after removeUnusedSignals circuit: 0.23u 0.05s 111368e 906544kB
before optimize latch enable: 0.23u 0.05s 111368e 906544kB
after optimize latch enable: 0.23u 0.05s 111368e 906544kB
before removeReadAfterMissingWrite: 0.23u 0.05s 111368e 906544kB
after removeReadAfterMissingWrite: 0.23u 0.05s 111368e 906544kB
before undoDimensionalSplitOfMemories: 0.23u 0.05s 111368e 906544kB
after undoDimensionalSplitOfMemories: 0.23u 0.05s 111368e 906544kB
before extractMemories: 0.23u 0.05s 111368e 906544kB
after extractMemories: 0.23u 0.05s 111368e 906544kB
before extractHolds: 0.23u 0.05s 111368e 906544kB
after extractHolds: 0.24u 0.05s 111482e 906544kB
before simplifyAdders: 0.24u 0.05s 111482e 906544kB
after simplifyAdders: 0.24u 0.05s 111482e 906544kB
before optimizeLessThan: 0.24u 0.05s 111482e 906544kB
after optimizeLessThan: 0.24u 0.05s 111482e 906544kB
before reportUnresolvedType: 0.24u 0.05s 111482e 906544kB
after reportUnresolvedType: 0.24u 0.05s 111482e 906544kB
before dumpingPerModuleScm : 0.24u 0.05s 111482e 906544kB
after dumpingPerModuleScm : 0.26u 0.05s 111482e 906544kB

Processing rl_ecc_cnt
before constantPropagate: 0.26u 0.05s 111482e 906544kB
after constantPropagate: 0.26u 0.05s 111482e 906544kB
before removeUnusedSignals circuit: 0.26u 0.05s 111482e 906544kB
after removeUnusedSignals circuit: 0.26u 0.05s 111482e 906544kB
before optimize latch enable: 0.26u 0.05s 111482e 906544kB
after optimize latch enable: 0.26u 0.05s 111482e 906544kB
before removeReadAfterMissingWrite: 0.26u 0.05s 111482e 906544kB
after removeReadAfterMissingWrite: 0.26u 0.05s 111482e 906544kB
before undoDimensionalSplitOfMemories: 0.26u 0.05s 111482e 906544kB
after undoDimensionalSplitOfMemories: 0.26u 0.05s 111482e 906544kB
before extractMemories: 0.26u 0.05s 111482e 906544kB
after extractMemories: 0.26u 0.05s 111482e 906544kB
before extractHolds: 0.26u 0.05s 111482e 906544kB
after extractHolds: 0.26u 0.05s 111482e 906544kB
before simplifyAdders: 0.26u 0.05s 111482e 906544kB
after simplifyAdders: 0.26u 0.05s 111482e 906544kB
before optimizeLessThan: 0.26u 0.05s 111482e 906544kB
after optimizeLessThan: 0.26u 0.05s 111482e 906544kB
before reportUnresolvedType: 0.26u 0.05s 111482e 906544kB
after reportUnresolvedType: 0.26u 0.05s 111482e 906544kB
before dumpingPerModuleScm : 0.26u 0.05s 111482e 906544kB
after dumpingPerModuleScm : 0.26u 0.05s 111482e 906544kB

Processing rl_parity_chk_0001
before constantPropagate: 0.26u 0.05s 111482e 906544kB
after constantPropagate: 0.26u 0.05s 111482e 906544kB
before removeUnusedSignals circuit: 0.26u 0.05s 111482e 906544kB
after removeUnusedSignals circuit: 0.26u 0.05s 111482e 906544kB
before optimize latch enable: 0.26u 0.05s 111482e 906544kB
after optimize latch enable: 0.26u 0.05s 111482e 906544kB
before removeReadAfterMissingWrite: 0.26u 0.05s 111482e 906544kB
after removeReadAfterMissingWrite: 0.26u 0.05s 111482e 906544kB
before undoDimensionalSplitOfMemories: 0.26u 0.05s 111482e 906544kB
after undoDimensionalSplitOfMemories: 0.26u 0.05s 111482e 906544kB
before extractMemories: 0.26u 0.05s 111482e 906544kB
after extractMemories: 0.26u 0.05s 111482e 906544kB
before extractHolds: 0.26u 0.05s 111482e 906544kB
after extractHolds: 0.26u 0.05s 111482e 906544kB
before simplifyAdders: 0.26u 0.05s 111482e 906544kB
after simplifyAdders: 0.26u 0.05s 111482e 906544kB
before optimizeLessThan: 0.26u 0.05s 111482e 906544kB
after optimizeLessThan: 0.26u 0.05s 111482e 906544kB
before reportUnresolvedType: 0.26u 0.05s 111482e 906544kB
after reportUnresolvedType: 0.26u 0.05s 111482e 906544kB
before dumpingPerModuleScm : 0.26u 0.05s 111482e 906544kB
after dumpingPerModuleScm : 0.26u 0.05s 111482e 906544kB

Processing rl_ahb2ibp_0000
before constantPropagate: 0.26u 0.05s 111482e 906544kB
after constantPropagate: 0.26u 0.05s 111482e 906544kB
before removeUnusedSignals circuit: 0.26u 0.05s 111482e 906544kB
after removeUnusedSignals circuit: 0.26u 0.05s 111482e 906544kB
before optimize latch enable: 0.26u 0.05s 111482e 906544kB
after optimize latch enable: 0.26u 0.05s 111482e 906544kB
before removeReadAfterMissingWrite: 0.26u 0.05s 111482e 906544kB
after removeReadAfterMissingWrite: 0.26u 0.05s 111482e 906544kB
before undoDimensionalSplitOfMemories: 0.26u 0.05s 111482e 906544kB
after undoDimensionalSplitOfMemories: 0.26u 0.05s 111482e 906544kB
before extractMemories: 0.26u 0.05s 111482e 906544kB
after extractMemories: 0.26u 0.05s 111482e 906544kB
before extractHolds: 0.26u 0.05s 111482e 906544kB
after extractHolds: 0.26u 0.05s 111482e 906544kB
before simplifyAdders: 0.26u 0.05s 111482e 906544kB
after simplifyAdders: 0.26u 0.05s 111482e 906544kB
before optimizeLessThan: 0.26u 0.05s 111482e 906544kB
after optimizeLessThan: 0.26u 0.05s 111482e 906544kB
before reportUnresolvedType: 0.26u 0.05s 111482e 906544kB
after reportUnresolvedType: 0.26u 0.05s 111482e 906544kB
before dumpingPerModuleScm : 0.26u 0.05s 111482e 906544kB
after dumpingPerModuleScm : 0.27u 0.05s 111482e 906544kB

Processing iprio_arb
before constantPropagate: 0.27u 0.05s 111482e 906544kB
after constantPropagate: 0.27u 0.05s 111482e 906544kB
before removeUnusedSignals circuit: 0.27u 0.05s 111482e 906544kB
after removeUnusedSignals circuit: 0.27u 0.05s 111482e 906544kB
before optimize latch enable: 0.27u 0.05s 111482e 906544kB
after optimize latch enable: 0.27u 0.05s 111482e 906544kB
before removeReadAfterMissingWrite: 0.27u 0.05s 111482e 906544kB
after removeReadAfterMissingWrite: 0.27u 0.05s 111482e 906544kB
before undoDimensionalSplitOfMemories: 0.27u 0.05s 111482e 906544kB
after undoDimensionalSplitOfMemories: 0.27u 0.05s 111482e 906544kB
before extractMemories: 0.27u 0.05s 111482e 906544kB
after extractMemories: 0.27u 0.05s 111482e 906544kB
before extractHolds: 0.27u 0.05s 111482e 906544kB
after extractHolds: 0.27u 0.05s 111482e 906544kB
before simplifyAdders: 0.27u 0.05s 111482e 906544kB
after simplifyAdders: 0.27u 0.05s 111482e 906544kB
before optimizeLessThan: 0.27u 0.05s 111482e 906544kB
after optimizeLessThan: 0.27u 0.05s 111482e 906544kB
before reportUnresolvedType: 0.27u 0.05s 111482e 906544kB
after reportUnresolvedType: 0.27u 0.05s 111482e 906544kB
before dumpingPerModuleScm : 0.27u 0.05s 111482e 906544kB
after dumpingPerModuleScm : 0.27u 0.05s 111482e 906544kB

Processing arcv_timer
before constantPropagate: 0.27u 0.05s 111482e 906544kB
after constantPropagate: 0.27u 0.05s 111482e 906544kB
before removeUnusedSignals circuit: 0.27u 0.05s 111482e 906544kB
after removeUnusedSignals circuit: 0.27u 0.05s 111482e 906544kB
before optimize latch enable: 0.27u 0.05s 111482e 906544kB
after optimize latch enable: 0.27u 0.05s 111482e 906544kB
before removeReadAfterMissingWrite: 0.27u 0.05s 111482e 906544kB
after removeReadAfterMissingWrite: 0.27u 0.05s 111482e 906544kB
before undoDimensionalSplitOfMemories: 0.27u 0.05s 111482e 906544kB
after undoDimensionalSplitOfMemories: 0.27u 0.05s 111482e 906544kB
before extractMemories: 0.27u 0.05s 111482e 906544kB
after extractMemories: 0.27u 0.05s 111482e 906544kB
before extractHolds: 0.27u 0.05s 111482e 906544kB
after extractHolds: 0.27u 0.05s 111484e 906544kB
before simplifyAdders: 0.27u 0.05s 111484e 906544kB
after simplifyAdders: 0.27u 0.05s 111484e 906544kB
before optimizeLessThan: 0.27u 0.05s 111484e 906544kB
after optimizeLessThan: 0.27u 0.05s 111484e 906544kB
before reportUnresolvedType: 0.27u 0.05s 111484e 906544kB
after reportUnresolvedType: 0.27u 0.05s 111484e 906544kB
before dumpingPerModuleScm : 0.27u 0.05s 111484e 906544kB
after dumpingPerModuleScm : 0.27u 0.05s 111484e 906544kB

Processing arcv_watchdog
before constantPropagate: 0.27u 0.05s 111484e 906544kB
after constantPropagate: 0.27u 0.05s 111484e 906544kB
before removeUnusedSignals circuit: 0.27u 0.05s 111484e 906544kB
after removeUnusedSignals circuit: 0.27u 0.05s 111484e 906544kB
before optimize latch enable: 0.27u 0.05s 111484e 906544kB
after optimize latch enable: 0.27u 0.05s 111484e 906544kB
before removeReadAfterMissingWrite: 0.27u 0.05s 111484e 906544kB
after removeReadAfterMissingWrite: 0.27u 0.05s 111484e 906544kB
before undoDimensionalSplitOfMemories: 0.27u 0.05s 111484e 906544kB
after undoDimensionalSplitOfMemories: 0.27u 0.05s 111484e 906544kB
before extractMemories: 0.27u 0.05s 111484e 906544kB
after extractMemories: 0.27u 0.05s 111484e 906544kB
before extractHolds: 0.27u 0.05s 111484e 906544kB
after extractHolds: 0.27u 0.05s 111484e 906544kB
before simplifyAdders: 0.27u 0.05s 111484e 906544kB
after simplifyAdders: 0.27u 0.05s 111484e 906544kB
before optimizeLessThan: 0.27u 0.05s 111484e 906544kB
after optimizeLessThan: 0.27u 0.05s 111484e 906544kB
before reportUnresolvedType: 0.27u 0.05s 111484e 906544kB
after reportUnresolvedType: 0.27u 0.05s 111484e 906544kB
before dumpingPerModuleScm : 0.27u 0.05s 111484e 906544kB
after dumpingPerModuleScm : 0.27u 0.05s 111484e 906544kB

Processing multi_bit_comparator_0000
before constantPropagate: 0.27u 0.05s 111484e 906544kB
after constantPropagate: 0.27u 0.05s 111484e 906544kB
before removeUnusedSignals circuit: 0.27u 0.05s 111484e 906544kB
after removeUnusedSignals circuit: 0.27u 0.05s 111484e 906544kB
before optimize latch enable: 0.27u 0.05s 111484e 906544kB
after optimize latch enable: 0.27u 0.05s 111484e 906544kB
before removeReadAfterMissingWrite: 0.27u 0.05s 111484e 906544kB
after removeReadAfterMissingWrite: 0.27u 0.05s 111484e 906544kB
before undoDimensionalSplitOfMemories: 0.27u 0.05s 111484e 906544kB
after undoDimensionalSplitOfMemories: 0.27u 0.05s 111484e 906544kB
before extractMemories: 0.27u 0.05s 111484e 906544kB
after extractMemories: 0.27u 0.05s 111484e 906544kB
before extractHolds: 0.27u 0.05s 111484e 906544kB
after extractHolds: 0.27u 0.05s 111484e 906544kB
before simplifyAdders: 0.27u 0.05s 111484e 906544kB
after simplifyAdders: 0.27u 0.05s 111484e 906544kB
before optimizeLessThan: 0.27u 0.05s 111484e 906544kB
after optimizeLessThan: 0.27u 0.05s 111484e 906544kB
before reportUnresolvedType: 0.27u 0.05s 111484e 906544kB
after reportUnresolvedType: 0.27u 0.05s 111484e 906544kB
before dumpingPerModuleScm : 0.27u 0.05s 111484e 906544kB
after dumpingPerModuleScm : 0.27u 0.05s 111484e 906544kB

Processing odd_pty_qual_di_dec_wrap_0000
before constantPropagate: 0.27u 0.05s 111484e 906544kB
after constantPropagate: 0.27u 0.05s 111484e 906544kB
before removeUnusedSignals circuit: 0.27u 0.05s 111484e 906544kB
after removeUnusedSignals circuit: 0.27u 0.05s 111484e 906544kB
before optimize latch enable: 0.27u 0.05s 111484e 906544kB
after optimize latch enable: 0.27u 0.05s 111484e 906544kB
before removeReadAfterMissingWrite: 0.27u 0.05s 111484e 906544kB
after removeReadAfterMissingWrite: 0.27u 0.05s 111484e 906544kB
before undoDimensionalSplitOfMemories: 0.27u 0.05s 111484e 906544kB
after undoDimensionalSplitOfMemories: 0.27u 0.05s 111484e 906544kB
before extractMemories: 0.27u 0.05s 111484e 906544kB
after extractMemories: 0.27u 0.05s 111484e 906544kB
before extractHolds: 0.27u 0.05s 111484e 906544kB
after extractHolds: 0.27u 0.05s 111484e 906544kB
before simplifyAdders: 0.27u 0.05s 111484e 906544kB
after simplifyAdders: 0.27u 0.05s 111484e 906544kB
before optimizeLessThan: 0.27u 0.05s 111484e 906544kB
after optimizeLessThan: 0.27u 0.05s 111484e 906544kB
before reportUnresolvedType: 0.27u 0.05s 111484e 906544kB
after reportUnresolvedType: 0.27u 0.05s 111484e 906544kB
before dumpingPerModuleScm : 0.27u 0.05s 111484e 906544kB
after dumpingPerModuleScm : 0.27u 0.05s 111484e 906544kB

Processing odd_pty_enc_0001_0002
before constantPropagate: 0.27u 0.05s 111484e 906544kB
after constantPropagate: 0.27u 0.05s 111484e 906544kB
before removeUnusedSignals circuit: 0.27u 0.05s 111484e 906544kB
after removeUnusedSignals circuit: 0.27u 0.05s 111484e 906544kB
before optimize latch enable: 0.27u 0.05s 111484e 906544kB
after optimize latch enable: 0.27u 0.05s 111484e 906544kB
before removeReadAfterMissingWrite: 0.27u 0.05s 111484e 906544kB
after removeReadAfterMissingWrite: 0.27u 0.05s 111484e 906544kB
before undoDimensionalSplitOfMemories: 0.27u 0.05s 111484e 906544kB
after undoDimensionalSplitOfMemories: 0.27u 0.05s 111484e 906544kB
before extractMemories: 0.27u 0.05s 111484e 906544kB
after extractMemories: 0.27u 0.05s 111484e 906544kB
before extractHolds: 0.27u 0.05s 111484e 906544kB
after extractHolds: 0.27u 0.05s 111484e 906544kB
before simplifyAdders: 0.27u 0.05s 111484e 906544kB
after simplifyAdders: 0.27u 0.05s 111484e 906544kB
before optimizeLessThan: 0.27u 0.05s 111484e 906544kB
after optimizeLessThan: 0.27u 0.05s 111484e 906544kB
before reportUnresolvedType: 0.27u 0.05s 111484e 906544kB
after reportUnresolvedType: 0.27u 0.05s 111484e 906544kB
before dumpingPerModuleScm : 0.27u 0.05s 111484e 906544kB
after dumpingPerModuleScm : 0.27u 0.05s 111484e 906544kB

Processing ic_tag_ram
before constantPropagate: 0.27u 0.05s 111484e 906544kB
after constantPropagate: 0.27u 0.05s 111484e 906544kB
before removeUnusedSignals circuit: 0.27u 0.05s 111484e 906544kB
after removeUnusedSignals circuit: 0.27u 0.05s 111484e 906544kB
before optimize latch enable: 0.27u 0.05s 111484e 906544kB
after optimize latch enable: 0.27u 0.05s 111484e 906544kB
before removeReadAfterMissingWrite: 0.27u 0.05s 111484e 906544kB
after removeReadAfterMissingWrite: 0.27u 0.05s 111484e 906544kB
before undoDimensionalSplitOfMemories: 0.27u 0.05s 111484e 906544kB
after undoDimensionalSplitOfMemories: 0.27u 0.05s 111484e 906544kB
before extractMemories: 0.27u 0.05s 111484e 906544kB
after extractMemories: 0.27u 0.05s 111484e 906544kB
before extractHolds: 0.27u 0.05s 111484e 906544kB
after extractHolds: 0.27u 0.05s 111484e 906544kB
before simplifyAdders: 0.27u 0.05s 111484e 906544kB
after simplifyAdders: 0.27u 0.05s 111484e 906544kB
before optimizeLessThan: 0.27u 0.05s 111484e 906544kB
after optimizeLessThan: 0.27u 0.05s 111484e 906544kB
before reportUnresolvedType: 0.27u 0.05s 111484e 906544kB
after reportUnresolvedType: 0.27u 0.05s 111484e 906544kB
before dumpingPerModuleScm : 0.27u 0.05s 111484e 906544kB
after dumpingPerModuleScm : 0.27u 0.06s 111484e 906544kB

Processing core_chip
before constantPropagate: 0.27u 0.06s 111484e 906544kB
after constantPropagate: 0.27u 0.06s 111484e 906544kB
before removeUnusedSignals circuit: 0.27u 0.06s 111484e 906544kB
after removeUnusedSignals circuit: 0.27u 0.06s 111484e 906544kB
before optimize latch enable: 0.27u 0.06s 111484e 906544kB
after optimize latch enable: 0.27u 0.06s 111484e 906544kB
before removeReadAfterMissingWrite: 0.27u 0.06s 111484e 906544kB
after removeReadAfterMissingWrite: 0.27u 0.06s 111484e 906544kB
before undoDimensionalSplitOfMemories: 0.27u 0.06s 111484e 906544kB
after undoDimensionalSplitOfMemories: 0.27u 0.06s 111484e 906544kB
before extractMemories: 0.27u 0.06s 111484e 906544kB
after extractMemories: 0.27u 0.06s 111484e 906544kB
before extractHolds: 0.27u 0.06s 111484e 906544kB
after extractHolds: 0.27u 0.06s 111484e 906544kB
before simplifyAdders: 0.27u 0.06s 111484e 906544kB
after simplifyAdders: 0.27u 0.06s 111484e 906544kB
before optimizeLessThan: 0.27u 0.06s 111484e 906544kB
after optimizeLessThan: 0.27u 0.06s 111484e 906544kB
before reportUnresolvedType: 0.27u 0.06s 111484e 906544kB
after reportUnresolvedType: 0.27u 0.06s 111484e 906544kB
before dumpingPerModuleScm : 0.27u 0.06s 111484e 906544kB
after dumpingPerModuleScm : 0.27u 0.06s 111484e 906544kB

Processing ZebuClockDetectFront_99
before constantPropagate: 0.27u 0.06s 111484e 906544kB
after constantPropagate: 0.27u 0.06s 111484e 906544kB
before removeUnusedSignals circuit: 0.27u 0.06s 111484e 906544kB
after removeUnusedSignals circuit: 0.27u 0.06s 111484e 906544kB
before optimize latch enable: 0.27u 0.06s 111484e 906544kB
after optimize latch enable: 0.27u 0.06s 111484e 906544kB
before removeReadAfterMissingWrite: 0.27u 0.06s 111484e 906544kB
after removeReadAfterMissingWrite: 0.27u 0.06s 111484e 906544kB
before undoDimensionalSplitOfMemories: 0.27u 0.06s 111484e 906544kB
after undoDimensionalSplitOfMemories: 0.27u 0.06s 111484e 906544kB
before extractMemories: 0.27u 0.06s 111484e 906544kB
after extractMemories: 0.27u 0.06s 111484e 906544kB
before extractHolds: 0.27u 0.06s 111484e 906544kB
after extractHolds: 0.27u 0.06s 111484e 906544kB
before simplifyAdders: 0.27u 0.06s 111484e 906544kB
after simplifyAdders: 0.27u 0.06s 111484e 906544kB
before optimizeLessThan: 0.27u 0.06s 111484e 906544kB
after optimizeLessThan: 0.27u 0.06s 111484e 906544kB
before reportUnresolvedType: 0.27u 0.06s 111484e 906544kB
after reportUnresolvedType: 0.27u 0.06s 111484e 906544kB
before dumpingPerModuleScm : 0.27u 0.06s 111484e 906544kB
after dumpingPerModuleScm : 0.27u 0.06s 111484e 906544kB

Processing ZebuClockDetectFront_102
before constantPropagate: 0.27u 0.06s 111484e 906544kB
after constantPropagate: 0.27u 0.06s 111484e 906544kB
before removeUnusedSignals circuit: 0.27u 0.06s 111484e 906544kB
after removeUnusedSignals circuit: 0.27u 0.06s 111484e 906544kB
before optimize latch enable: 0.27u 0.06s 111484e 906544kB
after optimize latch enable: 0.27u 0.06s 111484e 906544kB
before removeReadAfterMissingWrite: 0.27u 0.06s 111484e 906544kB
after removeReadAfterMissingWrite: 0.28u 0.06s 111484e 906544kB
before undoDimensionalSplitOfMemories: 0.28u 0.06s 111484e 906544kB
after undoDimensionalSplitOfMemories: 0.28u 0.06s 111484e 906544kB
before extractMemories: 0.28u 0.06s 111484e 906544kB
after extractMemories: 0.28u 0.06s 111484e 906544kB
before extractHolds: 0.28u 0.06s 111484e 906544kB
after extractHolds: 0.28u 0.06s 111484e 906544kB
before simplifyAdders: 0.28u 0.06s 111484e 906544kB
after simplifyAdders: 0.28u 0.06s 111484e 906544kB
before optimizeLessThan: 0.28u 0.06s 111484e 906544kB
after optimizeLessThan: 0.28u 0.06s 111484e 906544kB
before reportUnresolvedType: 0.28u 0.06s 111484e 906544kB
after reportUnresolvedType: 0.28u 0.06s 111484e 906544kB
before dumpingPerModuleScm : 0.28u 0.06s 111484e 906544kB
after dumpingPerModuleScm : 0.28u 0.06s 111484e 906544kB

Processing zemi3OutPortBuffer_169_4096_24
before constantPropagate: 0.28u 0.06s 111484e 906544kB
after constantPropagate: 0.28u 0.06s 111484e 906544kB
before removeUnusedSignals circuit: 0.28u 0.06s 111484e 906544kB
after removeUnusedSignals circuit: 0.28u 0.06s 111484e 906544kB
before optimize latch enable: 0.28u 0.06s 111484e 906544kB
after optimize latch enable: 0.28u 0.06s 111484e 906544kB
before removeReadAfterMissingWrite: 0.28u 0.06s 111484e 906544kB
after removeReadAfterMissingWrite: 0.28u 0.06s 111484e 906544kB
before undoDimensionalSplitOfMemories: 0.28u 0.06s 111484e 906544kB
after undoDimensionalSplitOfMemories: 0.28u 0.06s 111484e 906544kB
before extractMemories: 0.28u 0.06s 111484e 906544kB
after extractMemories: 0.31u 0.06s 111919e 906544kB
before extractHolds: 0.31u 0.06s 111484e 906544kB
after extractHolds: 0.31u 0.06s 111494e 906544kB
before simplifyAdders: 0.32u 0.06s 111494e 906544kB
after simplifyAdders: 0.32u 0.06s 111494e 906544kB
before optimizeLessThan: 0.32u 0.06s 111494e 906544kB
after optimizeLessThan: 0.32u 0.06s 111494e 906544kB
before reportUnresolvedType: 0.32u 0.06s 111494e 906544kB
after reportUnresolvedType: 0.32u 0.06s 111494e 906544kB
before dumpingPerModuleScm : 0.32u 0.06s 111494e 906544kB
after dumpingPerModuleScm : 0.32u 0.06s 111494e 906544kB
