
Note-[SM_PME] Processing Module/Entity
  <Message details suppressed due to encrypted design unit>


Note-[SM_IIF] Instance Info
  <Message details suppressed due to encrypted design unit>


Note-[SM_PME] Processing Module/Entity
  Processing: cpu_top_safety_controller Parameterized Name: 
  cpu_top_safety_controller


Note-[SM_IIF] Instance Info
  Instance Count : module 'cpu_top_safety_controller' has 40 instances
  


Note-[SM_PME] Processing Module/Entity
  Processing: mss_bus_switch_slv_ibp_buffer_0001_0000 Parameterized Name: 
  mss_bus_switch_slv_ibp_buffer_0001_0000


Note-[SM_IIF] Instance Info
  Instance Count : module 'mss_bus_switch_slv_ibp_buffer_0001_0000' has 4 
  instances
  


Note-[SM_PME] Processing Module/Entity
  Processing: alb_mss_mem Parameterized Name: alb_mss_mem


Note-[SM_IIF] Instance Info
  Instance Count : module 'alb_mss_mem' has 14 instances
  


Note-[SM_PME] Processing Module/Entity
  Processing: zceiMessageOutPort_4096 Parameterized Name: 
  zceiMessageOutPort_4096


Note-[SM_PME] Processing Module/Entity
  Processing: rl_exu Parameterized Name: rl_exu


Note-[SM_IIF] Instance Info
  Instance Count : module 'rl_exu' has 14 instances
  


Note-[SM_PME] Processing Module/Entity
  Processing: mss_bus_switch_ibpw2ibpn_0001 Parameterized Name: 
  mss_bus_switch_ibpw2ibpn_0001


Note-[SM_IIF] Instance Info
  Instance Count : module 'mss_bus_switch_ibpw2ibpn_0001' has 2 instances
  


Note-[SM_PME] Processing Module/Entity
  Processing: rl_ifu_icache Parameterized Name: rl_ifu_icache


Note-[SM_IIF] Instance Info
  Instance Count : module 'rl_ifu_icache' has 10 instances
  


Note-[SM_PME] Processing Module/Entity
  Processing: rl_ifu_iccm Parameterized Name: rl_ifu_iccm


Note-[SM_IIF] Instance Info
  Instance Count : module 'rl_ifu_iccm' has 5 instances
  


Note-[SM_PME] Processing Module/Entity
  Processing: rl_ibp2ahb Parameterized Name: rl_ibp2ahb


Note-[SM_IIF] Instance Info
  Instance Count : module 'rl_ibp2ahb' has 20 instances
  


Note-[SM_PME] Processing Module/Entity
  Processing: alb_mss_fab_slv_axi_buffer Parameterized Name: 
  alb_mss_fab_slv_axi_buffer


Note-[SM_IIF] Instance Info
  Instance Count : module 'alb_mss_fab_slv_axi_buffer' has 5 instances
  


Note-[SM_PME] Processing Module/Entity
  Processing: mss_bus_switch_fifo_0001_0001 Parameterized Name: 
  mss_bus_switch_fifo_0001_0001


Note-[SM_PME] Processing Module/Entity
  Processing: mss_bus_switch_fifo_0001_0003 Parameterized Name: 
  mss_bus_switch_fifo_0001_0003


Note-[SM_PME] Processing Module/Entity
  Processing: alb_mss_mem_ibp2pack Parameterized Name: alb_mss_mem_ibp2pack


Note-[SM_PME] Processing Module/Entity
  Processing: mss_bus_switch_ibpx2ibpy_0002_0000 Parameterized Name: 
  mss_bus_switch_ibpx2ibpy_0002_0000


Note-[SM_IIF] Instance Info
  Instance Count : module 'mss_bus_switch_ibpx2ibpy_0002_0000' has 2 instances
  


Note-[SM_PME] Processing Module/Entity
  Processing: alb_mss_mem_ctrl Parameterized Name: alb_mss_mem_ctrl


Note-[SM_IIF] Instance Info
  Instance Count : module 'alb_mss_mem_ctrl' has 3 instances
  


Note-[SM_PME] Processing Module/Entity
  Processing: alb_mss_mem_ibp_lat Parameterized Name: alb_mss_mem_ibp_lat


Note-[SM_IIF] Instance Info
  Instance Count : module 'alb_mss_mem_ibp_lat' has 1 instances
  


Note-[SM_PME] Processing Module/Entity
  Processing: alb_mss_fab_ibp2single_0000 Parameterized Name: 
  alb_mss_fab_ibp2single_0000


Note-[SM_IIF] Instance Info
  Instance Count : module 'alb_mss_fab_ibp2single_0000' has 3 instances
  


Note-[SM_PME] Processing Module/Entity
  Processing: alb_mss_mem_pack2ibp Parameterized Name: alb_mss_mem_pack2ibp


Note-[SM_PME] Processing Module/Entity
  Processing: dwt_debug_port Parameterized Name: dwt_debug_port


Note-[SM_PME] Processing Module/Entity
  Processing: rl_dmp_dccm_ibp_wrapper Parameterized Name: 
  rl_dmp_dccm_ibp_wrapper


Note-[SM_PME] Processing Module/Entity
  Processing: rl_complete Parameterized Name: rl_complete


Note-[SM_PME] Processing Module/Entity
  Processing: alb_mss_mem_bypbuf_0000_0002 Parameterized Name: 
  alb_mss_mem_bypbuf_0000_0002


Note-[SM_IIF] Instance Info
  Instance Count : module 'alb_mss_mem_bypbuf_0000_0002' has 1 instances
  


Note-[SM_PME] Processing Module/Entity
  Processing: alb_mss_mem_bypbuf_0000_0004 Parameterized Name: 
  alb_mss_mem_bypbuf_0000_0004


Note-[SM_IIF] Instance Info
  Instance Count : module 'alb_mss_mem_bypbuf_0000_0004' has 1 instances
  


Note-[SM_PME] Processing Module/Entity
  Processing: alb_mss_mem_fifo_0003_0000 Parameterized Name: 
  alb_mss_mem_fifo_0003_0000


Note-[SM_PME] Processing Module/Entity
  Processing: alb_mss_fab_ibp_lat Parameterized Name: alb_mss_fab_ibp_lat


Note-[SM_IIF] Instance Info
  Instance Count : module 'alb_mss_fab_ibp_lat' has 1 instances
  


Note-[SM_PME] Processing Module/Entity
  Processing: ic_data_ram Parameterized Name: ic_data_ram


Note-[SM_IIF] Instance Info
  Instance Count : module 'ic_data_ram' has 1 instances
  


Note-[SM_PME] Processing Module/Entity
  Processing: rl_wtree_32x4 Parameterized Name: rl_wtree_32x4


Note-[SM_IIF] Instance Info
  Instance Count : module 'rl_wtree_32x4' has 36 instances
  


Note-[SM_PME] Processing Module/Entity
  Processing: cpu_safety_monitor Parameterized Name: cpu_safety_monitor


Note-[SM_IIF] Instance Info
  Instance Count : module 'cpu_safety_monitor' has 3 instances
  


Note-[SM_PME] Processing Module/Entity
  Processing: alb_mss_fab_ibp2pack_0003 Parameterized Name: 
  alb_mss_fab_ibp2pack_0003


Note-[SM_PME] Processing Module/Entity
  Processing: alb_mss_fab_fifo_0000_000D Parameterized Name: 
  alb_mss_fab_fifo_0000_000D


Note-[SM_PME] Processing Module/Entity
  Processing: alb_mss_fab_fifo_0003_0001 Parameterized Name: 
  alb_mss_fab_fifo_0003_0001


Note-[SM_PME] Processing Module/Entity
  Processing: fpga_sram_0002 Parameterized Name: fpga_sram_0002


Note-[SM_PME] Processing Module/Entity
  Processing: alb_mss_fab_fifo_0000_0006 Parameterized Name: 
  alb_mss_fab_fifo_0000_0006


Note-[SM_PME] Processing Module/Entity
  Processing: alb_mss_fab_fifo_0007 Parameterized Name: alb_mss_fab_fifo_0007


Note-[SM_PME] Processing Module/Entity
  Processing: alb_mss_mem_bypbuf_0000 Parameterized Name: 
  alb_mss_mem_bypbuf_0000


Note-[SM_IIF] Instance Info
  Instance Count : module 'alb_mss_mem_bypbuf_0000' has 1 instances
  


Note-[SM_PME] Processing Module/Entity
  Processing: alb_mss_fab_bypbuf_0000_0002 Parameterized Name: 
  alb_mss_fab_bypbuf_0000_0002


Note-[SM_IIF] Instance Info
  Instance Count : module 'alb_mss_fab_bypbuf_0000_0002' has 1 instances
  


Note-[SM_PME] Processing Module/Entity
  Processing: rl_dmp_ecc_store_aligner Parameterized Name: 
  rl_dmp_ecc_store_aligner


Note-[SM_PME] Processing Module/Entity
  Processing: alb_mss_fab_fifo_0005_0000 Parameterized Name: 
  alb_mss_fab_fifo_0005_0000


Note-[SM_PME] Processing Module/Entity
  Processing: ls_compare_unit_000B Parameterized Name: ls_compare_unit_000B


Note-[SM_IIF] Instance Info
  Instance Count : module 'ls_compare_unit_000B' has 1 instances
  


Note-[SM_PME] Processing Module/Entity
  Processing: alb_mss_fab_fifo_0000_0012 Parameterized Name: 
  alb_mss_fab_fifo_0000_0012


Note-[SM_PME] Processing Module/Entity
  Processing: alb_mss_fab_fifo_0000_0001 Parameterized Name: 
  alb_mss_fab_fifo_0000_0001


Note-[SM_PME] Processing Module/Entity
  Processing: zceiMessageInPort_180 Parameterized Name: zceiMessageInPort_180


Note-[SM_PME] Processing Module/Entity
  Processing: rl_ifu_iccm_csr Parameterized Name: rl_ifu_iccm_csr


Note-[SM_PME] Processing Module/Entity
  Processing: alb_mss_fab_fifo_0004_0000 Parameterized Name: 
  alb_mss_fab_fifo_0004_0000


Note-[SM_PME] Processing Module/Entity
  Processing: mss_bus_switch_fifo_0000_0003 Parameterized Name: 
  mss_bus_switch_fifo_0000_0003


Note-[SM_PME] Processing Module/Entity
  Processing: ls_compare_unit_0001 Parameterized Name: ls_compare_unit_0001


Note-[SM_IIF] Instance Info
  Instance Count : module 'ls_compare_unit_0001' has 1 instances
  


Note-[SM_PME] Processing Module/Entity
  Processing: alb_mss_clkctrl_ratio_calc Parameterized Name: 
  alb_mss_clkctrl_ratio_calc


Note-[SM_PME] Processing Module/Entity
  Processing: rl_triggers_iso Parameterized Name: rl_triggers_iso


Note-[SM_PME] Processing Module/Entity
  Processing: rl_clock_ctrl Parameterized Name: rl_clock_ctrl


Note-[SM_IIF] Instance Info
  Instance Count : module 'rl_clock_ctrl' has 4 instances
  


Note-[SM_PME] Processing Module/Entity
  Processing: ic_data_ecc_decoder Parameterized Name: ic_data_ecc_decoder


Note-[SM_PME] Processing Module/Entity
  Processing: sfty_dmsi_down_tgt_e2e_wrap_0000 Parameterized Name: 
  sfty_dmsi_down_tgt_e2e_wrap_0000


Note-[SM_IIF] Instance Info
  Instance Count : module 'sfty_dmsi_down_tgt_e2e_wrap_0000' has 4 instances
  


Note-[SM_PME] Processing Module/Entity
  Processing: alb_mss_fab_fifo_0001_0000 Parameterized Name: 
  alb_mss_fab_fifo_0001_0000


Note-[SM_PME] Processing Module/Entity
  Processing: alb_mss_mem_fifo_0000_0003 Parameterized Name: 
  alb_mss_mem_fifo_0000_0003


Note-[SM_PME] Processing Module/Entity
  Processing: mss_bus_switch_fifo_0000_0000 Parameterized Name: 
  mss_bus_switch_fifo_0000_0000


Note-[SM_PME] Processing Module/Entity
  Processing: alb_mss_fab_fifo_0001_0007 Parameterized Name: 
  alb_mss_fab_fifo_0001_0007


Note-[SM_PME] Processing Module/Entity
  Processing: ls_compare_unit_0006 Parameterized Name: ls_compare_unit_0006


Note-[SM_IIF] Instance Info
  Instance Count : module 'ls_compare_unit_0006' has 1 instances
  


Note-[SM_PME] Processing Module/Entity
  Processing: ls_compare_unit_0008 Parameterized Name: ls_compare_unit_0008


Note-[SM_IIF] Instance Info
  Instance Count : module 'ls_compare_unit_0008' has 1 instances
  


Note-[SM_PME] Processing Module/Entity
  <Message details suppressed due to encrypted design unit>


Note-[SM_IIF] Instance Info
  <Message details suppressed due to encrypted design unit>


Note-[SM_PME] Processing Module/Entity
  Processing: zebu_bb_sample_clk_uncond_64_1 Parameterized Name: 
  zebu_bb_sample_clk_uncond_64_1


Note-[SM_PME] Processing Module/Entity
  Processing: alb_mss_fab_fifo_0000_0009 Parameterized Name: 
  alb_mss_fab_fifo_0000_0009


Note-[SM_PME] Processing Module/Entity
  Processing: dwt_tap_controller Parameterized Name: dwt_tap_controller


Note-[SM_PME] Processing Module/Entity
  Processing: ls_compare_unit_000E Parameterized Name: ls_compare_unit_000E


Note-[SM_IIF] Instance Info
  Instance Count : module 'ls_compare_unit_000E' has 1 instances
  


Note-[SM_PME] Processing Module/Entity
  Processing: rl_parity_gen_0000_0001 Parameterized Name: 
  rl_parity_gen_0000_0001


Note-[SM_PME] Processing Module/Entity
  Processing: alb_mss_fab_fifo_0001_0008 Parameterized Name: 
  alb_mss_fab_fifo_0001_0008


Note-[SM_PME] Processing Module/Entity
  Processing: rl_wtree_comp612 Parameterized Name: rl_wtree_comp612


Note-[SM_PME] Processing Module/Entity
  Processing: rl_bitscan_8b Parameterized Name: rl_bitscan_8b


Note-[SM_IIF] Instance Info
  Instance Count : module 'rl_bitscan_8b' has 2 instances
  


Note-[SM_PME] Processing Module/Entity
  Processing: arcv_wd_parity Parameterized Name: arcv_wd_parity


Note-[SM_PME] Processing Module/Entity
  Processing: sr_err_aggr_0000_0001 Parameterized Name: sr_err_aggr_0000_0001


Note-[SM_PME] Processing Module/Entity
  Processing: dwt_reset_ctrl Parameterized Name: dwt_reset_ctrl


Note-[SM_IIF] Instance Info
  Instance Count : module 'dwt_reset_ctrl' has 1 instances
  


Note-[SM_FNL] Fast netlist optimization
  Using fast processing since this is a simple netlist
  


Note-[SM_PME] Processing Module/Entity
  Processing: odd_pty_qual_dec_wrap_0000_0000 Parameterized Name: 
  odd_pty_qual_dec_wrap_0000_0000


Note-[SM_IIF] Instance Info
  Instance Count : module 'odd_pty_qual_dec_wrap_0000_0000' has 1 instances
  


Note-[SM_PME] Processing Module/Entity
  Processing: odd_pty_dec_0001 Parameterized Name: odd_pty_dec_0001


Note-[SM_PME] Processing Module/Entity
  Processing: multi_bit_comparator_0000 Parameterized Name: 
  multi_bit_comparator_0000


Note-[SM_PME] Processing Module/Entity
  Processing: ZebuClockDetectFront_102 Parameterized Name: 
  ZebuClockDetectFront_102


Note-[SM_IIF] Instance Info
  Instance Count : module 'ZebuClockDetectFront_102' has 1 instances
  


Note-[SM_PME] Processing Module/Entity
  Processing: ZebuClockDetectFront_105 Parameterized Name: 
  ZebuClockDetectFront_105


Note-[SM_IIF] Instance Info
  Instance Count : module 'ZebuClockDetectFront_105' has 1 instances
  


Note-[SM_PME] Processing Module/Entity
  Processing: ZebuClockDetectFront_8 Parameterized Name: 
  ZebuClockDetectFront_8


Note-[SM_IIF] Instance Info
  Instance Count : module 'ZebuClockDetectFront_8' has 1 instances
  


Note-[SM_PME] Processing Module/Entity
  Processing: ZebuClockDetectFront_12 Parameterized Name: 
  ZebuClockDetectFront_12


Note-[SM_IIF] Instance Info
  Instance Count : module 'ZebuClockDetectFront_12' has 1 instances
  


Note-[SM_PME] Processing Module/Entity
  Processing: ZebuClockDetectFront_20 Parameterized Name: 
  ZebuClockDetectFront_20


Note-[SM_IIF] Instance Info
  Instance Count : module 'ZebuClockDetectFront_20' has 1 instances
  


Note-[SM_PME] Processing Module/Entity
  Processing: ZebuClockDetectFront_29 Parameterized Name: 
  ZebuClockDetectFront_29


Note-[SM_IIF] Instance Info
  Instance Count : module 'ZebuClockDetectFront_29' has 1 instances
  


Note-[SM_PME] Processing Module/Entity
  Processing: ZebuClockDetectFront_31 Parameterized Name: 
  ZebuClockDetectFront_31


Note-[SM_IIF] Instance Info
  Instance Count : module 'ZebuClockDetectFront_31' has 1 instances
  


Note-[SM_PME] Processing Module/Entity
  Processing: ZebuClockDetectFront_59 Parameterized Name: 
  ZebuClockDetectFront_59


Note-[SM_IIF] Instance Info
  Instance Count : module 'ZebuClockDetectFront_59' has 1 instances
  


Note-[SM_PME] Processing Module/Entity
  Processing: ZebuClockDetectFront_61 Parameterized Name: 
  ZebuClockDetectFront_61


Note-[SM_IIF] Instance Info
  Instance Count : module 'ZebuClockDetectFront_61' has 1 instances
  


Note-[SM_PME] Processing Module/Entity
  Processing: ZebuClockDetectFront_65 Parameterized Name: 
  ZebuClockDetectFront_65


Note-[SM_IIF] Instance Info
  Instance Count : module 'ZebuClockDetectFront_65' has 1 instances
  


Note-[SM_PME] Processing Module/Entity
  Processing: ZebuClockDetectFront_72 Parameterized Name: 
  ZebuClockDetectFront_72


Note-[SM_IIF] Instance Info
  Instance Count : module 'ZebuClockDetectFront_72' has 1 instances
  


Note-[SM_PME] Processing Module/Entity
  Processing: ZebuClockDetectFront_47 Parameterized Name: 
  ZebuClockDetectFront_47


Note-[SM_IIF] Instance Info
  Instance Count : module 'ZebuClockDetectFront_47' has 1 instances
  


Note-[SM_PME] Processing Module/Entity
  Processing: ZebuClockDetectFront_76 Parameterized Name: 
  ZebuClockDetectFront_76


Note-[SM_IIF] Instance Info
  Instance Count : module 'ZebuClockDetectFront_76' has 1 instances
  


Note-[SM_PME] Processing Module/Entity
  Processing: ZebuClockDetectFront_80 Parameterized Name: 
  ZebuClockDetectFront_80


Note-[SM_IIF] Instance Info
  Instance Count : module 'ZebuClockDetectFront_80' has 1 instances
  


Note-[SM_PME] Processing Module/Entity
  Processing: ZebuClockDetectFront_87 Parameterized Name: 
  ZebuClockDetectFront_87


Note-[SM_IIF] Instance Info
  Instance Count : module 'ZebuClockDetectFront_87' has 1 instances
  


Note-[SM_PME] Processing Module/Entity
  Processing: ZebuClockDetectFront_91 Parameterized Name: 
  ZebuClockDetectFront_91


Note-[SM_IIF] Instance Info
  Instance Count : module 'ZebuClockDetectFront_91' has 1 instances
  


Note-[SM_PME] Processing Module/Entity
  Processing: ZebuClockDetectFront_44 Parameterized Name: 
  ZebuClockDetectFront_44


Note-[SM_IIF] Instance Info
  Instance Count : module 'ZebuClockDetectFront_44' has 1 instances
  


Note-[SM_PME] Processing Module/Entity
  Processing: ZebuClockDetectFront_95 Parameterized Name: 
  ZebuClockDetectFront_95


Note-[SM_IIF] Instance Info
  Instance Count : module 'ZebuClockDetectFront_95' has 1 instances
  


Note-[SM_PME] Processing Module/Entity
  Processing: ZebuClockDetectFront_6 Parameterized Name: 
  ZebuClockDetectFront_6


Note-[SM_IIF] Instance Info
  Instance Count : module 'ZebuClockDetectFront_6' has 1 instances
  


Note-[SM_PME] Processing Module/Entity
  Processing: odd_pty_qual_dec_wrap_0000_0001 Parameterized Name: 
  odd_pty_qual_dec_wrap_0000_0001


Note-[SM_IIF] Instance Info
  Instance Count : module 'odd_pty_qual_dec_wrap_0000_0001' has 1 instances
  


Note-[SM_PME] Processing Module/Entity
  Processing: alb_mss_clkctrl_clkgate Parameterized Name: 
  alb_mss_clkctrl_clkgate


Note-[SM_PME] Processing Module/Entity
  Processing: rl_bitscan_4b Parameterized Name: rl_bitscan_4b


Note-[SM_PME] Processing Module/Entity
  Processing: dm_cdc_sync Parameterized Name: dm_cdc_sync


Note-[SM_IIF] Instance Info
  Instance Count : module 'dm_cdc_sync' has 1 instances
  


Note-[SM_FNL] Fast netlist optimization
  Using fast processing since this is a simple netlist
  


Note-[SM_PME] Processing Module/Entity
  Processing: dm_clock_gate Parameterized Name: dm_clock_gate


Note-[SM_PME] Processing Module/Entity
  Processing: UC_VLOG_LIB.rtlClockControl Parameterized Name: rtlClockControl


Note-[SM_EMPTY_DU] Marking empty Module/Entity as blackbox
/remote/sdgregrsnapshot2/NB/linux64_VCS2021.09.2.ZEBU.B4.1/radify-src/unizfe/verilog/rtlClockControl.v, 3
  Module/Entity 'rtlClockControl' is marked as a blackbox because it is empty


Note-[SM_PME] Processing Module/Entity
  Processing: zebu_bb_sample_clk_uncond_sample_2_1 Parameterized Name: 
  zebu_bb_sample_clk_uncond_sample_2_1


Note-[SM_PME] Processing Module/Entity
  Processing: odd_pty_enc_0001_0000 Parameterized Name: odd_pty_enc_0001_0000


Note-[SM_PME] Processing Module/Entity
  Processing: zebu_bb_edge_detector Parameterized Name: zebu_bb_edge_detector


Note-[SM_PME] Processing Module/Entity
  Processing: odd_pty_enc_0001_0002 Parameterized Name: odd_pty_enc_0001_0002


Note-[SM_PME] Processing Module/Entity
  Processing: zebu_bb_sample_clk_uncond_1_1 Parameterized Name: 
  zebu_bb_sample_clk_uncond_1_1


Note-[SM_CHLDRUN_DONE] Child process run completed
  Child process number '6' with process id '2010659'
  is done with synthesis of total '103' modules
  SIMON Child CPU Time        : 1.92 sec
  SIMON Child Wall-Clock Time : 2.23 sec
  SIMON Child Current Memory  : 866 MB
  SIMON Child Peak Memory     : 866 MB
  SIMON Distribution          : 0.60,0.17,0.10,0.00 sec
  End time                    : Wed May 14 18:55:32 2025
  .


Note-[SM_POME] Processing Module/Entity
  Performing post-processing optimizations on Module/Entity: 
  alb_mss_fab_fifo_0001_0000


Note-[SM_POME] Processing Module/Entity
  Performing post-processing optimizations on Module/Entity: 
  alb_mss_fab_bypbuf_0000


Note-[SM_POME] Processing Module/Entity
  Performing post-processing optimizations on Module/Entity: 
  alb_mss_fab_axi2ibp_0001


Note-[SM_POME] Processing Module/Entity
  Performing post-processing optimizations on Module/Entity: 
  alb_mss_fab_fifo_0000_0009


Note-[SM_POME] Processing Module/Entity
  Performing post-processing optimizations on Module/Entity: 
  alb_mss_fab_ibp2pack_0000


Note-[SM_POME] Processing Module/Entity
  Performing post-processing optimizations on Module/Entity: 
  alb_mss_fab_ibp_lat_0000


Note-[SM_POME] Processing Module/Entity
  Performing post-processing optimizations on Module/Entity: 
  mss_bus_switch_fifo_0001


Note-[SM_POME] Processing Module/Entity
  Performing post-processing optimizations on Module/Entity: 
  mss_bus_switch_ibpx2ibpy_0000_0001


Note-[SM_POME] Processing Module/Entity
  Performing post-processing optimizations on Module/Entity: 
  mss_bus_switch_rrobin


Note-[SM_POME] Processing Module/Entity
  Performing post-processing optimizations on Module/Entity: 
  mss_bus_switch_ibp2pack_0002


Note-[SM_POME] Processing Module/Entity
  Performing post-processing optimizations on Module/Entity: 
  mss_bus_switch_fifo_0000_0007


Note-[SM_POME] Processing Module/Entity
  Performing post-processing optimizations on Module/Entity: 
  mss_bus_switch_pack2ibp_0002


Note-[SM_POME] Processing Module/Entity
  Performing post-processing optimizations on Module/Entity: 
  mss_bus_switch_ibp_compr_0000_0001


Note-[SM_POME] Processing Module/Entity
  Performing post-processing optimizations on Module/Entity: 
  alb_mss_fab_fifo_0000_000A


Note-[SM_POME] Processing Module/Entity
  Performing post-processing optimizations on Module/Entity: 
  alb_mss_fab_ibp_buffer_0000_0005


Note-[SM_POME] Processing Module/Entity
  Performing post-processing optimizations on Module/Entity: 
  alb_mss_fab_fifo_0000_0011


Note-[SM_POME] Processing Module/Entity
  Performing post-processing optimizations on Module/Entity: 
  alb_mss_fab_ibp2pack_0004


Note-[SM_POME] Processing Module/Entity
  Performing post-processing optimizations on Module/Entity: 
  alb_mss_fab_bypbuf_0000_0001


Note-[SM_POME] Processing Module/Entity
  Performing post-processing optimizations on Module/Entity: 
  alb_mss_fab_fifo_0008


Note-[SM_POME] Processing Module/Entity
  Performing post-processing optimizations on Module/Entity: 
  alb_mss_fab_fifo_0006_0001


Note-[SM_POME] Processing Module/Entity
  Performing post-processing optimizations on Module/Entity: alb_mss_fab


Note-[SM_POME] Processing Module/Entity
  Performing post-processing optimizations on Module/Entity: 
  ZebuClockDetectFront_87


Note-[SM_POME] Processing Module/Entity
  Performing post-processing optimizations on Module/Entity: 
  ZebuClockDetectFront_94


Note-[SM_POME] Processing Module/Entity
  <Message details suppressed due to encrypted design unit>


Note-[SM_POME] Processing Module/Entity
  Performing post-processing optimizations on Module/Entity: 
  ZebuClockDetectFront_69


Note-[SM_POME] Processing Module/Entity
  Performing post-processing optimizations on Module/Entity: 
  alb_mss_dummy_slave


Note-[SM_POME] Processing Module/Entity
  Performing post-processing optimizations on Module/Entity: 
  alb_mss_mem_ibp_split_0000


Note-[SM_POME] Processing Module/Entity
  Performing post-processing optimizations on Module/Entity: 
  alb_mss_mem_fifo_0000_0002


Note-[SM_POME] Processing Module/Entity
  Performing post-processing optimizations on Module/Entity: 
  alb_mss_mem_fifo_0003_0000


Note-[SM_POME] Processing Module/Entity
  Performing post-processing optimizations on Module/Entity: 
  ZebuClockDetectFront_35


Note-[SM_POME] Processing Module/Entity
  <Message details suppressed due to encrypted design unit>


Note-[SM_POME] Processing Module/Entity
  Performing post-processing optimizations on Module/Entity: 
  ZebuClockDetectFront_40


Note-[SM_POME] Processing Module/Entity
  Performing post-processing optimizations on Module/Entity: 
  ZebuClockDetectFront_51


Note-[SM_POME] Processing Module/Entity
  Performing post-processing optimizations on Module/Entity: 
  ZebuClockDetectFront_8


Note-[SM_POME] Processing Module/Entity
  Performing post-processing optimizations on Module/Entity: 
  ZebuClockDetectFront_14


Note-[SM_POME] Processing Module/Entity
  Performing post-processing optimizations on Module/Entity: 
  ZebuClockDetectFront_20


Note-[SM_POME] Processing Module/Entity
  Performing post-processing optimizations on Module/Entity: 
  ZebuClockDetectFront_27


Note-[SM_POME] Processing Module/Entity
  <Message details suppressed due to encrypted design unit>


Note-[SM_POME] Processing Module/Entity
  Performing post-processing optimizations on Module/Entity: 
  ls_multi_bit_comparator_0002


Note-[SM_POME] Processing Module/Entity
  Performing post-processing optimizations on Module/Entity: 
  ls_compare_unit_000C


Note-[SM_POME] Processing Module/Entity
  Performing post-processing optimizations on Module/Entity: clkgate


Note-[SM_POME] Processing Module/Entity
  Performing post-processing optimizations on Module/Entity: 
  ZebuClockDetectFront_1


Note-[SM_POME] Processing Module/Entity
  Performing post-processing optimizations on Module/Entity: 
  ZebuClockDetectFront_3


Note-[SM_POME] Processing Module/Entity
  Performing post-processing optimizations on Module/Entity: iccm_ecc_decoder


Note-[SM_POME] Processing Module/Entity
  Performing post-processing optimizations on Module/Entity: rl_ifu_icache


Note-[SM_POME] Processing Module/Entity
  Performing post-processing optimizations on Module/Entity: rl_logic_unit


Note-[SM_POME] Processing Module/Entity
  Performing post-processing optimizations on Module/Entity: rl_branch


Note-[SM_POME] Processing Module/Entity
  Performing post-processing optimizations on Module/Entity: rl_wtree_comp312


Note-[SM_POME] Processing Module/Entity
  Performing post-processing optimizations on Module/Entity: rl_result_bus


Note-[SM_POME] Processing Module/Entity
  Performing post-processing optimizations on Module/Entity: rl_exu


Note-[SM_POME] Processing Module/Entity
  Performing post-processing optimizations on Module/Entity: 
  rl_dmp_load_aligner


Note-[SM_POME] Processing Module/Entity
  Performing post-processing optimizations on Module/Entity: rl_triggers


Note-[SM_POME] Processing Module/Entity
  Performing post-processing optimizations on Module/Entity: rl_ecc_cnt


Note-[SM_POME] Processing Module/Entity
  Performing post-processing optimizations on Module/Entity: 
  rl_parity_chk_0001


Note-[SM_POME] Processing Module/Entity
  Performing post-processing optimizations on Module/Entity: rl_ahb2ibp_0000


Note-[SM_POME] Processing Module/Entity
  Performing post-processing optimizations on Module/Entity: iprio_arb


Note-[SM_POME] Processing Module/Entity
  Performing post-processing optimizations on Module/Entity: arcv_timer


Note-[SM_POME] Processing Module/Entity
  Performing post-processing optimizations on Module/Entity: arcv_watchdog


Note-[SM_POME] Processing Module/Entity
  Performing post-processing optimizations on Module/Entity: 
  multi_bit_comparator_0000


Note-[SM_POME] Processing Module/Entity
  Performing post-processing optimizations on Module/Entity: 
  odd_pty_qual_di_dec_wrap_0000


Note-[SM_POME] Processing Module/Entity
  Performing post-processing optimizations on Module/Entity: 
  odd_pty_enc_0001_0002


Note-[SM_POME] Processing Module/Entity
  Performing post-processing optimizations on Module/Entity: ic_tag_ram


Note-[SM_POME] Processing Module/Entity
  Performing post-processing optimizations on Module/Entity: core_chip


Note-[SM_POME] Processing Module/Entity
  Performing post-processing optimizations on Module/Entity: 
  ZebuClockDetectFront_99


Note-[SM_POME] Processing Module/Entity
  Performing post-processing optimizations on Module/Entity: 
  ZebuClockDetectFront_102


Note-[SM_POME] Processing Module/Entity
  Performing post-processing optimizations on Module/Entity: 
  zemi3OutPortBuffer_169_4096_24


Note-[SM_CHLDRUN_DONE] Child process run completed
  Child process number '6' with process id '2010815'
  is done with post-processing optimizations of total '66' modules
  SIMON Child CPU Time        : 0.41 sec
  SIMON Child Wall-Clock Time : 1.49 sec
  SIMON Child Current Memory  : 885 MB
  SIMON Child Peak Memory     : 885 MB
  SIMON Distribution          : 0.00,0.00,0.00,0.05 sec
  End time                    : Wed May 14 18:55:35 2025
  .

