#   step REPORT : Synthesizing module : alb_mss_dummy_slave
#   step REPORT : Synthesizing module : apb_dummy_slave
#   step REPORT : [39.349] Optimizing module : alb_mss_dummy_slave
#   step REPORT : [39.350] Instance count of module alb_mss_dummy_slave is 1
#   step REPORT : [6.1691] Total net count: 367
#   step REPORT : [6.1690] There are 2 levels of combinational cells
#   step REPORT : [6.1689] There are 0 distinct nets driving control pins
#   step REPORT : [6.1696] Total LUT area: 0
#   step REPORT : [6.1884] Renaming SVA module instances in the netlist
#   step REPORT : [6.1882] Renaming special verilog names in the netlist
#   step REPORT : [6.1882] Special names renaming stats:
#   step REPORT : [6.1882] Total time                 : 0.000 seconds
#   step REPORT : [6.1882] Total wires renamed        : 0
#   step REPORT : [6.1882] Total instances renamed    : 0
#   step REPORT : [6.1883] Renaming wires like ports
#   step REPORT : [6.1883] Renamed wires like ports (0 ports)
#   step REPORT : [6.1885] Emitting RTLDB information for the netlist
#   step REPORT : Converting netlist 'alb_mss_dummy_slave' to znl format
#   step STATS :  ----------------------------------------------------------------------------------------------------------------------------------------------------------------------------------------------------------------------------------------------------------------------------------------------
#   step STATS :  |                 reg |                 lut |                bram |                uram |             memsize |              m18x18 |                bufg |                buft |               nbI/O |                nbBB |                nbZV |                nbME |               dsp48 || name
#   step STATS :  ----------------------------------------------------------------------------------------------------------------------------------------------------------------------------------------------------------------------------------------------------------------------------------------------
#   step STATS :  |                   0 |                   0 |                   0 |                   0 |                   0 |                   0 |                   0 |                   0 |                 367 |                   1 |                   0 |                   0 |                   0 || alb_mss_dummy_slave
#   step STATS :  ----------------------------------------------------------------------------------------------------------------------------------------------------------------------------------------------------------------------------------------------------------------------------------------------
#   step REPORT : Writing netlist 'alb_mss_dummy_slave' to 'edif/alb_mss_dummy_slave/alb_mss_dummy_slave.edf.gz'
#   step SERIALIZE : writing netlist 'zmerge' into znl file 'edif/alb_mss_dummy_slave/alb_mss_dummy_slave.edf.gz'
#   step SERIALIZE : #bytes in: 10858, #bytes out: 3636, compression ratio: 2.986249
#   step REPORT : [87.28] Resource usage for alb_mss_dummy_slave: 0.041s 0.0M
