#   step REPORT : Synthesizing module : alb_mss_fab_fifo_0000_0014
#   step REPORT : [39.349] Optimizing module : alb_mss_fab_fifo_0000_0014
#   step REPORT : [39.350] Instance count of module alb_mss_fab_fifo_0000_0014 is 1
#   step REPORT : [6.1691] Total net count: 1052
#   step REPORT : [6.1690] There are 5 levels of combinational cells
#   step REPORT : [6.1689] There are 4 distinct nets driving control pins
#   step REPORT : [6.1695] 2-input LUTs: 6
#   step REPORT : [6.1695] 4-input LUTs: 3
#   step REPORT : [6.1695] 5-input LUTs: 1
#   step REPORT : [6.1695] 6-input LUTs: 146
#   step REPORT : [6.1696] Total LUT area: 156
#   step REPORT : [6.1697] State    : 294
#   step REPORT : [6.1697]   (FF)   : 294
#   step REPORT : [6.1697] +CSA LUTs: 150
#   step REPORT : [6.1884] Renaming SVA module instances in the netlist
#   step REPORT : [6.1882] Renaming special verilog names in the netlist
#   step REPORT : [6.1882] Special names renaming stats:
#   step REPORT : [6.1882] Total time                 : 0.000 seconds
#   step REPORT : [6.1882] Total wires renamed        : 0
#   step REPORT : [6.1882] Total instances renamed    : 0
#   step REPORT : [6.1883] Renaming wires like ports
#   step REPORT : [6.1883] Renamed wires like ports (0 ports)
#   step REPORT : [6.1885] Emitting RTLDB information for the netlist
#   step REPORT : Converting netlist 'alb_mss_fab_fifo_0000_0014' to znl format
#   step STATS :  ----------------------------------------------------------------------------------------------------------------------------------------------------------------------------------------------------------------------------------------------------------------------------------------------
#   step STATS :  |                 reg |                 lut |                bram |                uram |             memsize |              m18x18 |                bufg |                buft |               nbI/O |                nbBB |                nbZV |                nbME |               dsp48 || name
#   step STATS :  ----------------------------------------------------------------------------------------------------------------------------------------------------------------------------------------------------------------------------------------------------------------------------------------------
#   step STATS :  |                 294 |                 306 |                   0 |                   0 |                   0 |                   0 |                   0 |                   0 |                 300 |                   0 |                   0 |                   0 |                   0 || alb_mss_fab_fifo_0000_0014
#   step STATS :  ----------------------------------------------------------------------------------------------------------------------------------------------------------------------------------------------------------------------------------------------------------------------------------------------
#   step REPORT : Writing netlist 'alb_mss_fab_fifo_0000_0014' to 'edif/alb_mss_fab_fifo_0000_0014/alb_mss_fab_fifo_0000_0014.edf.gz'
#   step SERIALIZE : writing netlist 'zmerge' into znl file 'edif/alb_mss_fab_fifo_0000_0014/alb_mss_fab_fifo_0000_0014.edf.gz'
#   step SERIALIZE : #bytes in: 43756, #bytes out: 9371, compression ratio: 4.669299
#   step REPORT : [87.28] Resource usage for alb_mss_fab_fifo_0000_0014: 0.157s 112.2M
