#   step REPORT : Synthesizing module : alb_mss_perfctrl
#   step REPORT : [39.349] Optimizing module : alb_mss_perfctrl
#   step REPORT : [39.350] Instance count of module alb_mss_perfctrl is 1
#   step REPORT : [6.1691] Total net count: 29465
#   step REPORT : [6.1690] There are 12 levels of combinational cells
#   step REPORT : [6.1689] There are 15 distinct nets driving control pins
#   step REPORT : [6.1695] 2-input LUTs: 2139
#   step REPORT : [6.1695] 3-input LUTs: 77
#   step REPORT : [6.1695] 4-input LUTs: 2566
#   step REPORT : [6.1695] 5-input LUTs: 657
#   step REPORT : [6.1695] 6-input LUTs: 640
#   step REPORT : [6.1696] Total LUT area: 6079
#   step REPORT : [6.1697] State    : 3960
#   step REPORT : [6.1697]   (FF)   : 3960
#   step REPORT : [6.1697] CARRY    : 448
#   step REPORT : [6.1697] +CSA LUTs: 7348
#   step REPORT : [6.1884] Renaming SVA module instances in the netlist
#   step REPORT : [6.1882] Renaming special verilog names in the netlist
#   step REPORT : [6.1882] Special names renaming stats:
#   step REPORT : [6.1882] Total time                 : 0.019 seconds
#   step REPORT : [6.1882] Total wires renamed        : 0
#   step REPORT : [6.1882] Total instances renamed    : 0
#   step REPORT : [6.1883] Renaming wires like ports
#   step REPORT : [6.1883] Renamed wires like ports (0 ports)
#   step REPORT : [6.1885] Emitting RTLDB information for the netlist
#   step REPORT : Converting netlist 'alb_mss_perfctrl' to znl format
#   step STATS :  ----------------------------------------------------------------------------------------------------------------------------------------------------------------------------------------------------------------------------------------------------------------------------------------------
#   step STATS :  |                 reg |                 lut |                bram |                uram |             memsize |              m18x18 |                bufg |                buft |               nbI/O |                nbBB |                nbZV |                nbME |               dsp48 || name
#   step STATS :  ----------------------------------------------------------------------------------------------------------------------------------------------------------------------------------------------------------------------------------------------------------------------------------------------
#   step STATS :  |                3960 |               13427 |                   0 |                   0 |                   0 |                   0 |                   0 |                   0 |                 328 |                   0 |                   0 |                   0 |                   0 || alb_mss_perfctrl
#   step STATS :  ----------------------------------------------------------------------------------------------------------------------------------------------------------------------------------------------------------------------------------------------------------------------------------------------
#   step REPORT : Writing netlist 'alb_mss_perfctrl' to 'edif/alb_mss_perfctrl/alb_mss_perfctrl.edf.gz'
#   step SERIALIZE : writing netlist 'zmerge' into znl file 'edif/alb_mss_perfctrl/alb_mss_perfctrl.edf.gz'
#   step SERIALIZE : #bytes in: 999403, #bytes out: 343267, compression ratio: 2.911445
#   step REPORT : [87.28] Resource usage for alb_mss_perfctrl: 3.534s 0.0M
