#   step REPORT : Synthesizing module : alb_mss_clkctrl
### warning in ZFAST : Out of 71 pin types only 69 have names
#   step REPORT : [39.349] Optimizing module : alb_mss_clkctrl
#   step REPORT : [39.350] Instance count of module alb_mss_clkctrl is 1
#   step REPORT : [6.1691] Total net count: 1015
#   step REPORT : [6.1690] There are 7 levels of combinational cells
#   step REPORT : [6.1689] There are 9 distinct nets driving control pins
#   step REPORT : [6.1695] 2-input LUTs: 154
#   step REPORT : [6.1695] 3-input LUTs: 16
#   step REPORT : [6.1695] 4-input LUTs: 22
#   step REPORT : [6.1695] 5-input LUTs: 36
#   step REPORT : [6.1695] 6-input LUTs: 67
#   step REPORT : [6.1696] Total LUT area: 295
#   step REPORT : [6.1697] State    : 291
#   step REPORT : [6.1697]   (FF)   : 291
#   step REPORT : [6.1697] CARRY    : 1
#   step REPORT : [6.1697] +CSA LUTs: 19
#   step REPORT : [6.1884] Renaming SVA module instances in the netlist
#   step REPORT : [6.1882] Renaming special verilog names in the netlist
#   step REPORT : [6.1882] Special names renaming stats:
#   step REPORT : [6.1882] Total time                 : 0.001 seconds
#   step REPORT : [6.1882] Total wires renamed        : 0
#   step REPORT : [6.1882] Total instances renamed    : 0
#   step REPORT : [6.1883] Renaming wires like ports
#   step REPORT : [6.1883] Renamed wires like ports (0 ports)
#   step REPORT : [6.1885] Emitting RTLDB information for the netlist
#   step REPORT : Converting netlist 'alb_mss_clkctrl' to znl format
#   step STATS :  ----------------------------------------------------------------------------------------------------------------------------------------------------------------------------------------------------------------------------------------------------------------------------------------------
#   step STATS :  |                 reg |                 lut |                bram |                uram |             memsize |              m18x18 |                bufg |                buft |               nbI/O |                nbBB |                nbZV |                nbME |               dsp48 || name
#   step STATS :  ----------------------------------------------------------------------------------------------------------------------------------------------------------------------------------------------------------------------------------------------------------------------------------------------
#   step STATS :  |                 291 |                 314 |                   0 |                   0 |                   0 |                   0 |                   0 |                   0 |                 105 |                  27 |                   0 |                   0 |                   0 || alb_mss_clkctrl
#   step STATS :  ----------------------------------------------------------------------------------------------------------------------------------------------------------------------------------------------------------------------------------------------------------------------------------------------
#   step REPORT : Writing netlist 'alb_mss_clkctrl' to 'edif/alb_mss_clkctrl/alb_mss_clkctrl.edf.gz'
#   step SERIALIZE : writing netlist 'zmerge' into znl file 'edif/alb_mss_clkctrl/alb_mss_clkctrl.edf.gz'
#   step SERIALIZE : #bytes in: 34595, #bytes out: 13758, compression ratio: 2.514537
#   step REPORT : [87.28] Resource usage for alb_mss_clkctrl: 0.363s 112.2M
