#   step REPORT : Synthesizing module : alb_mss_mem_ibp_cwbind_0000
#   step REPORT : [39.349] Optimizing module : alb_mss_mem_ibp_cwbind_0000
#   step REPORT : [39.350] Instance count of module alb_mss_mem_ibp_cwbind_0000 is 1
#   step REPORT : [6.1691] Total net count: 854
#   step REPORT : [6.1690] There are 10 levels of combinational cells
#   step REPORT : [6.1689] There are 2 distinct nets driving control pins
#   step REPORT : [6.1695] 2-input LUTs: 5
#   step REPORT : [6.1695] 3-input LUTs: 17
#   step REPORT : [6.1695] 4-input LUTs: 9
#   step REPORT : [6.1695] 5-input LUTs: 8
#   step REPORT : [6.1695] 6-input LUTs: 15
#   step REPORT : [6.1696] Total LUT area: 54
#   step REPORT : [6.1697] State    : 21
#   step REPORT : [6.1697]   (FF)   : 21
#   step REPORT : [6.1697] +CSA LUTs: 47
#   step REPORT : [6.1884] Renaming SVA module instances in the netlist
#   step REPORT : [6.1882] Renaming special verilog names in the netlist
#   step REPORT : [6.1882] Special names renaming stats:
#   step REPORT : [6.1882] Total time                 : 0.000 seconds
#   step REPORT : [6.1882] Total wires renamed        : 0
#   step REPORT : [6.1882] Total instances renamed    : 0
#   step REPORT : [6.1883] Renaming wires like ports
#   step REPORT : [6.1883] Renamed wires like ports (0 ports)
#   step REPORT : [6.1885] Emitting RTLDB information for the netlist
#   step REPORT : Converting netlist 'alb_mss_mem_ibp_cwbind_0000' to znl format
#   step STATS :  ----------------------------------------------------------------------------------------------------------------------------------------------------------------------------------------------------------------------------------------------------------------------------------------------
#   step STATS :  |                 reg |                 lut |                bram |                uram |             memsize |              m18x18 |                bufg |                buft |               nbI/O |                nbBB |                nbZV |                nbME |               dsp48 || name
#   step STATS :  ----------------------------------------------------------------------------------------------------------------------------------------------------------------------------------------------------------------------------------------------------------------------------------------------
#   step STATS :  |                  21 |                 101 |                   0 |                   0 |                   0 |                   0 |                   0 |                   0 |                 683 |                   0 |                   0 |                   0 |                   0 || alb_mss_mem_ibp_cwbind_0000
#   step STATS :  ----------------------------------------------------------------------------------------------------------------------------------------------------------------------------------------------------------------------------------------------------------------------------------------------
#   step REPORT : Writing netlist 'alb_mss_mem_ibp_cwbind_0000' to 'edif/alb_mss_mem_ibp_cwbind_0000/alb_mss_mem_ibp_cwbind_0000.edf.gz'
#   step SERIALIZE : writing netlist 'zmerge' into znl file 'edif/alb_mss_mem_ibp_cwbind_0000/alb_mss_mem_ibp_cwbind_0000.edf.gz'
#   step SERIALIZE : #bytes in: 34056, #bytes out: 10495, compression ratio: 3.244974
#   step REPORT : [87.28] Resource usage for alb_mss_mem_ibp_cwbind_0000: 0.068s 0.0M
