#   step REPORT : Synthesizing module : alb_mss_fab_ibp2single_0000
#   step REPORT : [39.349] Optimizing module : alb_mss_fab_ibp2single_0000
#   step REPORT : [39.350] Instance count of module alb_mss_fab_ibp2single_0000 is 3
#   step REPORT : [6.1691] Total net count: 833
#   step REPORT : [6.1690] There are 8 levels of combinational cells
#   step REPORT : [6.1689] There are 4 distinct nets driving control pins
#   step REPORT : [6.1695] 2-input LUTs: 7
#   step REPORT : [6.1695] 3-input LUTs: 25
#   step REPORT : [6.1695] 4-input LUTs: 21
#   step REPORT : [6.1695] 5-input LUTs: 46
#   step REPORT : [6.1695] 6-input LUTs: 53
#   step REPORT : [6.1696] Total LUT area: 152
#   step REPORT : [6.1697] State    : 58
#   step REPORT : [6.1697]   (FF)   : 58
#   step REPORT : [6.1697] CARRY    : 4
#   step REPORT : [6.1697] +CSA LUTs: 186
#   step REPORT : [6.1884] Renaming SVA module instances in the netlist
#   step REPORT : [6.1882] Renaming special verilog names in the netlist
#   step REPORT : [6.1882] Special names renaming stats:
#   step REPORT : [6.1882] Total time                 : 0.001 seconds
#   step REPORT : [6.1882] Total wires renamed        : 0
#   step REPORT : [6.1882] Total instances renamed    : 0
#   step REPORT : [6.1883] Renaming wires like ports
#   step REPORT : [6.1883] Renamed wires like ports (0 ports)
#   step REPORT : [6.1885] Emitting RTLDB information for the netlist
#   step REPORT : Converting netlist 'alb_mss_fab_ibp2single_0000' to znl format
#   step STATS :  ----------------------------------------------------------------------------------------------------------------------------------------------------------------------------------------------------------------------------------------------------------------------------------------------
#   step STATS :  |                 reg |                 lut |                bram |                uram |             memsize |              m18x18 |                bufg |                buft |               nbI/O |                nbBB |                nbZV |                nbME |               dsp48 || name
#   step STATS :  ----------------------------------------------------------------------------------------------------------------------------------------------------------------------------------------------------------------------------------------------------------------------------------------------
#   step STATS :  |                  58 |                 338 |                   0 |                   0 |                   0 |                   0 |                   0 |                   0 |                 275 |                   3 |                   0 |                   0 |                   0 || alb_mss_fab_ibp2single_0000
#   step STATS :  ----------------------------------------------------------------------------------------------------------------------------------------------------------------------------------------------------------------------------------------------------------------------------------------------
#   step REPORT : Writing netlist 'alb_mss_fab_ibp2single_0000' to 'edif/alb_mss_fab_ibp2single_0000/alb_mss_fab_ibp2single_0000.edf.gz'
#   step SERIALIZE : writing netlist 'zmerge' into znl file 'edif/alb_mss_fab_ibp2single_0000/alb_mss_fab_ibp2single_0000.edf.gz'
#   step SERIALIZE : #bytes in: 31494, #bytes out: 12625, compression ratio: 2.494574
#   step REPORT : [87.28] Resource usage for alb_mss_fab_ibp2single_0000: 0.177s 0.0M
