#   step REPORT : Synthesizing module : alb_mss_fab_fifo_0006_0001
#   step REPORT : [39.349] Optimizing module : alb_mss_fab_fifo_0006_0001
#   step REPORT : [39.350] Instance count of module alb_mss_fab_fifo_0006_0001 is 1
#   step REPORT : [6.1691] Total net count: 616
#   step REPORT : [6.1690] There are 4 levels of combinational cells
#   step REPORT : [6.1689] There are 4 distinct nets driving control pins
#   step REPORT : [6.1695] 2-input LUTs: 3
#   step REPORT : [6.1695] 3-input LUTs: 12
#   step REPORT : [6.1695] 4-input LUTs: 5
#   step REPORT : [6.1695] 5-input LUTs: 92
#   step REPORT : [6.1696] Total LUT area: 112
#   step REPORT : [6.1697] State    : 195
#   step REPORT : [6.1697]   (FF)   : 195
#   step REPORT : [6.1697] +CSA LUTs: 101
#   step REPORT : [6.1884] Renaming SVA module instances in the netlist
#   step REPORT : [6.1882] Renaming special verilog names in the netlist
#   step REPORT : [6.1882] Special names renaming stats:
#   step REPORT : [6.1882] Total time                 : 0.000 seconds
#   step REPORT : [6.1882] Total wires renamed        : 0
#   step REPORT : [6.1882] Total instances renamed    : 0
#   step REPORT : [6.1883] Renaming wires like ports
#   step REPORT : [6.1883] Renamed wires like ports (0 ports)
#   step REPORT : [6.1885] Emitting RTLDB information for the netlist
#   step REPORT : Converting netlist 'alb_mss_fab_fifo_0006_0001' to znl format
#   step STATS :  ----------------------------------------------------------------------------------------------------------------------------------------------------------------------------------------------------------------------------------------------------------------------------------------------
#   step STATS :  |                 reg |                 lut |                bram |                uram |             memsize |              m18x18 |                bufg |                buft |               nbI/O |                nbBB |                nbZV |                nbME |               dsp48 || name
#   step STATS :  ----------------------------------------------------------------------------------------------------------------------------------------------------------------------------------------------------------------------------------------------------------------------------------------------
#   step STATS :  |                 195 |                 213 |                   0 |                   0 |                   0 |                   0 |                   0 |                   0 |                 192 |                   0 |                   0 |                   0 |                   0 || alb_mss_fab_fifo_0006_0001
#   step STATS :  ----------------------------------------------------------------------------------------------------------------------------------------------------------------------------------------------------------------------------------------------------------------------------------------------
#   step REPORT : Writing netlist 'alb_mss_fab_fifo_0006_0001' to 'edif/alb_mss_fab_fifo_0006_0001/alb_mss_fab_fifo_0006_0001.edf.gz'
#   step SERIALIZE : writing netlist 'zmerge' into znl file 'edif/alb_mss_fab_fifo_0006_0001/alb_mss_fab_fifo_0006_0001.edf.gz'
#   step SERIALIZE : #bytes in: 23008, #bytes out: 6747, compression ratio: 3.410108
#   step REPORT : [87.28] Resource usage for alb_mss_fab_fifo_0006_0001: 0.073s 0.0M
