#   step REPORT : Synthesizing module : alb_mss_mem_lat_0000
### warning in ZFAST : Out of 71 pin types only 69 have names
#   step REPORT : [39.349] Optimizing module : alb_mss_mem_lat_0000
#   step REPORT : [39.350] Instance count of module alb_mss_mem_lat_0000 is 1
#   step REPORT : [6.1822] Got memory alb_mss_mem_lat_0000.i_bdel_mem (1024 x 2) with 1 read port(s), 1 write port(s), and 0 RW port(s)
#   step REPORT : [6.1822] Got memory alb_mss_mem_lat_0000.i_rdel_mem (1024 x 131) with 1 read port(s), 1 write port(s), and 0 RW port(s)
#   step REPORT : 
#   step REPORT : +------+-------------+-------+----------+---------------------------+---...
#   step REPORT : | type | total bits  | width |   depth  |           PORTS           | Memory name
#   step REPORT : +------+-------------+-------+----------+---------------------------+---...
#   step REPORT : | zMem |        2048 |     2 |     1024 |  CW: 1   NCW: 0   R: 1    |alb_mss_mem_lat_0000.i_bdel_mem
#   step REPORT : | zMem |      134144 |   131 |     1024 |  CW: 1   NCW: 0   R: 1    |alb_mss_mem_lat_0000.i_rdel_mem
#   step REPORT : +------+-------------+-------+----------+---------------------------+---...
#   step REPORT : 
#   step REPORT : [6.1691] Total net count: 14218
#   step REPORT : [6.1690] There are 19 levels of combinational cells
#   step REPORT : [6.1689] There are 7 distinct nets driving control pins
#   step REPORT : [6.1695] 2-input LUTs: 59
#   step REPORT : [6.1695] 3-input LUTs: 69
#   step REPORT : [6.1695] 4-input LUTs: 13
#   step REPORT : [6.1695] 5-input LUTs: 37
#   step REPORT : [6.1695] 6-input LUTs: 3385
#   step REPORT : [6.1696] Total LUT area: 3563
#   step REPORT : [6.1697] State    : 2149
#   step REPORT : [6.1697]   (FF)   : 2149
#   step REPORT : [6.1697] CARRY    : 8
#   step REPORT : [6.1697] MUXFn    : 18
#   step REPORT : [6.1697] +CSA LUTs: 2894
#   step REPORT : [6.1884] Renaming SVA module instances in the netlist
#   step REPORT : [6.1882] Renaming special verilog names in the netlist
#   step REPORT : [6.1882] Special names renaming stats:
#   step REPORT : [6.1882] Total time                 : 0.006 seconds
#   step REPORT : [6.1882] Total wires renamed        : 0
#   step REPORT : [6.1882] Total instances renamed    : 0
#   step REPORT : [6.1883] Renaming wires like ports
#   step REPORT : [6.1883] Renamed wires like ports (0 ports)
#   step REPORT : [6.1885] Emitting RTLDB information for the netlist
#   step REPORT : Converting netlist 'alb_mss_mem_lat_0000' to znl format
#   step STATS :  ----------------------------------------------------------------------------------------------------------------------------------------------------------------------------------------------------------------------------------------------------------------------------------------------
#   step STATS :  |                 reg |                 lut |                bram |                uram |             memsize |              m18x18 |                bufg |                buft |               nbI/O |                nbBB |                nbZV |                nbME |               dsp48 || name
#   step STATS :  ----------------------------------------------------------------------------------------------------------------------------------------------------------------------------------------------------------------------------------------------------------------------------------------------
#   step STATS :  |                2149 |                6421 |                   0 |                   0 |                   0 |                   0 |                   0 |                   0 |                 698 |                  20 |                   0 |                   0 |                   0 || alb_mss_mem_lat_0000
#   step STATS :  ----------------------------------------------------------------------------------------------------------------------------------------------------------------------------------------------------------------------------------------------------------------------------------------------
#   step REPORT : Writing netlist 'alb_mss_mem_lat_0000' to 'edif/alb_mss_mem_lat_0000/alb_mss_mem_lat_0000.edf.gz'
#   step SERIALIZE : writing netlist 'zmerge' into znl file 'edif/alb_mss_mem_lat_0000/alb_mss_mem_lat_0000.edf.gz'
#   step SERIALIZE : #bytes in: 454735, #bytes out: 142984, compression ratio: 3.180321
#   step REPORT : [87.28] Resource usage for alb_mss_mem_lat_0000: 1.786s 128.2M
