#   step REPORT : Synthesizing module : alb_mss_fab_ibp_buffer_0000_0002
#   step REPORT : Synthesizing module : alb_mss_fab_fifo_0001_0005
#   step REPORT : Synthesizing module : alb_mss_fab_fifo_0001_0009
#   step REPORT : Synthesizing module : alb_mss_fab_fifo_0001_000A
#   step REPORT : Synthesizing module : alb_mss_fab_fifo_0001_0008
#   step REPORT : [39.349] Optimizing module : alb_mss_fab_ibp_buffer_0000_0002
#   step REPORT : [39.350] Instance count of module alb_mss_fab_ibp_buffer_0000_0002 is 1
#   step REPORT : [6.1691] Total net count: 2559
#   step REPORT : [6.1690] There are 11 levels of combinational cells
#   step REPORT : [6.1689] There are 2 distinct nets driving control pins
#   step REPORT : [6.1695] 2-input LUTs: 5
#   step REPORT : [6.1695] 3-input LUTs: 11
#   step REPORT : [6.1695] 4-input LUTs: 16
#   step REPORT : [6.1695] 5-input LUTs: 10
#   step REPORT : [6.1695] 6-input LUTs: 21
#   step REPORT : [6.1696] Total LUT area: 63
#   step REPORT : [6.1697] State    : 28
#   step REPORT : [6.1697]   (FF)   : 28
#   step REPORT : [6.1697] +CSA LUTs: 69
#   step REPORT : [6.1884] Renaming SVA module instances in the netlist
#   step REPORT : [6.1882] Renaming special verilog names in the netlist
#   step REPORT : [6.1882] Special names renaming stats:
#   step REPORT : [6.1882] Total time                 : 0.002 seconds
#   step REPORT : [6.1882] Total wires renamed        : 0
#   step REPORT : [6.1882] Total instances renamed    : 0
#   step REPORT : [6.1883] Renaming wires like ports
#   step REPORT : [6.1883] Renamed wires like ports (0 ports)
#   step REPORT : [6.1885] Emitting RTLDB information for the netlist
#   step REPORT : Converting netlist 'alb_mss_fab_ibp_buffer_0000_0002' to znl format
#   step STATS :  ----------------------------------------------------------------------------------------------------------------------------------------------------------------------------------------------------------------------------------------------------------------------------------------------
#   step STATS :  |                 reg |                 lut |                bram |                uram |             memsize |              m18x18 |                bufg |                buft |               nbI/O |                nbBB |                nbZV |                nbME |               dsp48 || name
#   step STATS :  ----------------------------------------------------------------------------------------------------------------------------------------------------------------------------------------------------------------------------------------------------------------------------------------------
#   step STATS :  |                  28 |                 132 |                   0 |                   0 |                   0 |                   0 |                   0 |                   0 |                2333 |                   0 |                   0 |                   0 |                   0 || alb_mss_fab_ibp_buffer_0000_0002
#   step STATS :  ----------------------------------------------------------------------------------------------------------------------------------------------------------------------------------------------------------------------------------------------------------------------------------------------
#   step REPORT : Writing netlist 'alb_mss_fab_ibp_buffer_0000_0002' to 'edif/alb_mss_fab_ibp_buffer_0000_0002/alb_mss_fab_ibp_buffer_0000_0002.edf.gz'
#   step SERIALIZE : writing netlist 'zmerge' into znl file 'edif/alb_mss_fab_ibp_buffer_0000_0002/alb_mss_fab_ibp_buffer_0000_0002.edf.gz'
#   step SERIALIZE : #bytes in: 102673, #bytes out: 27950, compression ratio: 3.673453
#   step REPORT : [87.28] Resource usage for alb_mss_fab_ibp_buffer_0000_0002: 0.291s 0.0M
