#   step REPORT : Synthesizing module : alb_mss_bus_switch
#   step REPORT : [39.349] Optimizing module : alb_mss_bus_switch
#   step REPORT : [39.350] Instance count of module alb_mss_bus_switch is 1
#   step REPORT : [6.1691] Total net count: 17550
#   step REPORT : [6.1690] There are 9 levels of combinational cells
#   step REPORT : [6.1689] There are 0 distinct nets driving control pins
#   step REPORT : [6.1695] 2-input LUTs: 17
#   step REPORT : [6.1695] 3-input LUTs: 23
#   step REPORT : [6.1695] 4-input LUTs: 10
#   step REPORT : [6.1695] 5-input LUTs: 12
#   step REPORT : [6.1695] 6-input LUTs: 25
#   step REPORT : [6.1696] Total LUT area: 87
#   step REPORT : [6.1884] Renaming SVA module instances in the netlist
#   step REPORT : [6.1882] Renaming special verilog names in the netlist
#   step REPORT : [6.1882] Special names renaming stats:
#   step REPORT : [6.1882] Total time                 : 0.009 seconds
#   step REPORT : [6.1882] Total wires renamed        : 0
#   step REPORT : [6.1882] Total instances renamed    : 0
#   step REPORT : [6.1883] Renaming wires like ports
#   step REPORT : [6.1883] Renamed wires like ports (0 ports)
#   step REPORT : [6.1885] Emitting RTLDB information for the netlist
#   step REPORT : Converting netlist 'alb_mss_bus_switch' to znl format
#   step STATS :  ----------------------------------------------------------------------------------------------------------------------------------------------------------------------------------------------------------------------------------------------------------------------------------------------
#   step STATS :  |                 reg |                 lut |                bram |                uram |             memsize |              m18x18 |                bufg |                buft |               nbI/O |                nbBB |                nbZV |                nbME |               dsp48 || name
#   step STATS :  ----------------------------------------------------------------------------------------------------------------------------------------------------------------------------------------------------------------------------------------------------------------------------------------------
#   step STATS :  |                   0 |                  87 |                   0 |                   0 |                   0 |                   0 |                   0 |                   0 |                2994 |                  14 |                   0 |                   0 |                   0 || alb_mss_bus_switch
#   step STATS :  ----------------------------------------------------------------------------------------------------------------------------------------------------------------------------------------------------------------------------------------------------------------------------------------------
#   step REPORT : Writing netlist 'alb_mss_bus_switch' to 'edif/alb_mss_bus_switch/alb_mss_bus_switch.edf.gz'
#   step SERIALIZE : writing netlist 'zmerge' into znl file 'edif/alb_mss_bus_switch/alb_mss_bus_switch.edf.gz'
#   step SERIALIZE : #bytes in: 685231, #bytes out: 150207, compression ratio: 4.561911
#   step REPORT : [87.28] Resource usage for alb_mss_bus_switch: 1.045s 0.0M
