#   step REPORT : Synthesizing module : arcv_timer
#   step REPORT : [39.349] Optimizing module : arcv_timer
#   step REPORT : [39.350] Instance count of module arcv_timer is 2
#   step REPORT : [6.1691] Total net count: 1281
#   step REPORT : [6.1690] There are 19 levels of combinational cells
#   step REPORT : [6.1689] There are 7 distinct nets driving control pins
#   step REPORT : [6.1695] 2-input LUTs: 9
#   step REPORT : [6.1695] 3-input LUTs: 96
#   step REPORT : [6.1695] 4-input LUTs: 93
#   step REPORT : [6.1695] 5-input LUTs: 95
#   step REPORT : [6.1695] 6-input LUTs: 96
#   step REPORT : [6.1696] Total LUT area: 389
#   step REPORT : [6.1697] State    : 208
#   step REPORT : [6.1697]   (FF)   : 208
#   step REPORT : [6.1697] CARRY    : 14
#   step REPORT : [6.1697] +CSA LUTs: 339
#   step REPORT : [6.1884] Renaming SVA module instances in the netlist
#   step REPORT : [6.1882] Renaming special verilog names in the netlist
#   step REPORT : [6.1882] Special names renaming stats:
#   step REPORT : [6.1882] Total time                 : 0.000 seconds
#   step REPORT : [6.1882] Total wires renamed        : 0
#   step REPORT : [6.1882] Total instances renamed    : 0
#   step REPORT : [6.1883] Renaming wires like ports
#   step REPORT : [6.1883] Renamed wires like ports (0 ports)
#   step REPORT : [6.1885] Emitting RTLDB information for the netlist
#   step REPORT : Converting netlist 'arcv_timer' to znl format
#   step STATS :  ----------------------------------------------------------------------------------------------------------------------------------------------------------------------------------------------------------------------------------------------------------------------------------------------
#   step STATS :  |                 reg |                 lut |                bram |                uram |             memsize |              m18x18 |                bufg |                buft |               nbI/O |                nbBB |                nbZV |                nbME |               dsp48 || name
#   step STATS :  ----------------------------------------------------------------------------------------------------------------------------------------------------------------------------------------------------------------------------------------------------------------------------------------------
#   step STATS :  |                 208 |                 728 |                   0 |                   0 |                   0 |                   0 |                   0 |                   0 |                 204 |                   0 |                   0 |                   0 |                   0 || arcv_timer
#   step STATS :  ----------------------------------------------------------------------------------------------------------------------------------------------------------------------------------------------------------------------------------------------------------------------------------------------
#   step REPORT : Writing netlist 'arcv_timer' to 'edif/arcv_timer/arcv_timer.edf.gz'
#   step SERIALIZE : writing netlist 'zmerge' into znl file 'edif/arcv_timer/arcv_timer.edf.gz'
#   step SERIALIZE : #bytes in: 47929, #bytes out: 20852, compression ratio: 2.298532
#   step REPORT : [87.28] Resource usage for arcv_timer: 0.131s 0.0M
