#   step REPORT : Synthesizing module : arcv_wdt_synch
#   step REPORT : [39.349] Optimizing module : arcv_wdt_synch
#   step REPORT : [39.350] Instance count of module arcv_wdt_synch is 1
#   step REPORT : [6.1691] Total net count: 37
#   step REPORT : [6.1690] There are 4 levels of combinational cells
#   step REPORT : [6.1689] There are 2 distinct nets driving control pins
#   step REPORT : [6.1695] 3-input LUTs: 1
#   step REPORT : [6.1695] 4-input LUTs: 2
#   step REPORT : [6.1695] 5-input LUTs: 1
#   step REPORT : [6.1695] 6-input LUTs: 2
#   step REPORT : [6.1696] Total LUT area: 6
#   step REPORT : [6.1697] State    : 7
#   step REPORT : [6.1697]   (FF)   : 7
#   step REPORT : [6.1697] +CSA LUTs: 5
#   step REPORT : [6.1884] Renaming SVA module instances in the netlist
#   step REPORT : [6.1882] Renaming special verilog names in the netlist
#   step REPORT : [6.1882] Special names renaming stats:
#   step REPORT : [6.1882] Total time                 : 0.000 seconds
#   step REPORT : [6.1882] Total wires renamed        : 0
#   step REPORT : [6.1882] Total instances renamed    : 0
#   step REPORT : [6.1883] Renaming wires like ports
#   step REPORT : [6.1883] Renamed wires like ports (0 ports)
#   step REPORT : [6.1885] Emitting RTLDB information for the netlist
#   step REPORT : Converting netlist 'arcv_wdt_synch' to znl format
#   step STATS :  ----------------------------------------------------------------------------------------------------------------------------------------------------------------------------------------------------------------------------------------------------------------------------------------------
#   step STATS :  |                 reg |                 lut |                bram |                uram |             memsize |              m18x18 |                bufg |                buft |               nbI/O |                nbBB |                nbZV |                nbME |               dsp48 || name
#   step STATS :  ----------------------------------------------------------------------------------------------------------------------------------------------------------------------------------------------------------------------------------------------------------------------------------------------
#   step STATS :  |                   7 |                  11 |                   0 |                   0 |                   0 |                   0 |                   0 |                   0 |                   7 |                   3 |                   0 |                   0 |                   0 || arcv_wdt_synch
#   step STATS :  ----------------------------------------------------------------------------------------------------------------------------------------------------------------------------------------------------------------------------------------------------------------------------------------------
#   step REPORT : Writing netlist 'arcv_wdt_synch' to 'edif/arcv_wdt_synch/arcv_wdt_synch.edf.gz'
#   step SERIALIZE : writing netlist 'zmerge' into znl file 'edif/arcv_wdt_synch/arcv_wdt_synch.edf.gz'
#   step SERIALIZE : #bytes in: 1612, #bytes out: 962, compression ratio: 1.675676
#   step REPORT : [87.28] Resource usage for arcv_wdt_synch: 0.038s 0.0M
