#   step REPORT : Synthesizing module : arcv_timer_synch
#   step REPORT : [39.349] Optimizing module : arcv_timer_synch
#   step REPORT : [39.350] Instance count of module arcv_timer_synch is 1
#   step REPORT : [6.1691] Total net count: 11
#   step REPORT : [6.1690] There are 3 levels of combinational cells
#   step REPORT : [6.1689] There are 2 distinct nets driving control pins
#   step REPORT : [6.1695] 3-input LUTs: 1
#   step REPORT : [6.1696] Total LUT area: 1
#   step REPORT : [6.1697] State    : 1
#   step REPORT : [6.1697]   (FF)   : 1
#   step REPORT : [6.1884] Renaming SVA module instances in the netlist
#   step REPORT : [6.1882] Renaming special verilog names in the netlist
#   step REPORT : [6.1882] Special names renaming stats:
#   step REPORT : [6.1882] Total time                 : 0.000 seconds
#   step REPORT : [6.1882] Total wires renamed        : 0
#   step REPORT : [6.1882] Total instances renamed    : 0
#   step REPORT : [6.1883] Renaming wires like ports
#   step REPORT : [6.1883] Renamed wires like ports (0 ports)
#   step REPORT : [6.1885] Emitting RTLDB information for the netlist
#   step REPORT : Converting netlist 'arcv_timer_synch' to znl format
#   step STATS :  ----------------------------------------------------------------------------------------------------------------------------------------------------------------------------------------------------------------------------------------------------------------------------------------------
#   step STATS :  |                 reg |                 lut |                bram |                uram |             memsize |              m18x18 |                bufg |                buft |               nbI/O |                nbBB |                nbZV |                nbME |               dsp48 || name
#   step STATS :  ----------------------------------------------------------------------------------------------------------------------------------------------------------------------------------------------------------------------------------------------------------------------------------------------
#   step STATS :  |                   1 |                   1 |                   0 |                   0 |                   0 |                   0 |                   0 |                   0 |                   5 |                   2 |                   0 |                   0 |                   0 || arcv_timer_synch
#   step STATS :  ----------------------------------------------------------------------------------------------------------------------------------------------------------------------------------------------------------------------------------------------------------------------------------------------
#   step REPORT : Writing netlist 'arcv_timer_synch' to 'edif/arcv_timer_synch/arcv_timer_synch.edf.gz'
#   step SERIALIZE : writing netlist 'zmerge' into znl file 'edif/arcv_timer_synch/arcv_timer_synch.edf.gz'
#   step SERIALIZE : #bytes in: 693, #bytes out: 490, compression ratio: 1.414286
#   step REPORT : [87.28] Resource usage for arcv_timer_synch: 0.084s 0.0M
