#   step REPORT : Synthesizing module : cpu_safety_monitor
#   step REPORT : [39.349] Optimizing module : cpu_safety_monitor
#   step REPORT : [39.350] Instance count of module cpu_safety_monitor is 1
#   step REPORT : [6.1691] Total net count: 284
#   step REPORT : [6.1690] There are 4 levels of combinational cells
#   step REPORT : [6.1689] There are 0 distinct nets driving control pins
#   step REPORT : [6.1695] 2-input LUTs: 3
#   step REPORT : [6.1695] 3-input LUTs: 4
#   step REPORT : [6.1696] Total LUT area: 7
#   step REPORT : [6.1884] Renaming SVA module instances in the netlist
#   step REPORT : [6.1882] Renaming special verilog names in the netlist
#   step REPORT : [6.1882] Special names renaming stats:
#   step REPORT : [6.1882] Total time                 : 0.000 seconds
#   step REPORT : [6.1882] Total wires renamed        : 0
#   step REPORT : [6.1882] Total instances renamed    : 0
#   step REPORT : [6.1883] Renaming wires like ports
#   step REPORT : [6.1883] Renamed wires like ports (0 ports)
#   step REPORT : [6.1885] Emitting RTLDB information for the netlist
#   step REPORT : Converting netlist 'cpu_safety_monitor' to znl format
#   step STATS :  ----------------------------------------------------------------------------------------------------------------------------------------------------------------------------------------------------------------------------------------------------------------------------------------------
#   step STATS :  |                 reg |                 lut |                bram |                uram |             memsize |              m18x18 |                bufg |                buft |               nbI/O |                nbBB |                nbZV |                nbME |               dsp48 || name
#   step STATS :  ----------------------------------------------------------------------------------------------------------------------------------------------------------------------------------------------------------------------------------------------------------------------------------------------
#   step STATS :  |                   0 |                   7 |                   0 |                   0 |                   0 |                   0 |                   0 |                   0 |                 208 |                   3 |                   0 |                   0 |                   0 || cpu_safety_monitor
#   step STATS :  ----------------------------------------------------------------------------------------------------------------------------------------------------------------------------------------------------------------------------------------------------------------------------------------------
#   step REPORT : Writing netlist 'cpu_safety_monitor' to 'edif/cpu_safety_monitor/cpu_safety_monitor.edf.gz'
#   step SERIALIZE : writing netlist 'zmerge' into znl file 'edif/cpu_safety_monitor/cpu_safety_monitor.edf.gz'
#   step SERIALIZE : #bytes in: 12165, #bytes out: 4043, compression ratio: 3.008904
#   step REPORT : [87.28] Resource usage for cpu_safety_monitor: 0.057s 0.0M
