#   step REPORT : Synthesizing module : dccm_ram
#   step REPORT : [39.349] Optimizing module : dccm_ram
#   step REPORT : [39.350] Instance count of module dccm_ram is 2
#   step REPORT : [6.1691] Total net count: 154
#   step REPORT : [6.1690] There are 3 levels of combinational cells
#   step REPORT : [6.1689] There are 0 distinct nets driving control pins
#   step REPORT : [6.1695] 2-input LUTs: 1
#   step REPORT : [6.1695] 3-input LUTs: 5
#   step REPORT : [6.1696] Total LUT area: 6
#   step REPORT : [6.1884] Renaming SVA module instances in the netlist
#   step REPORT : [6.1882] Renaming special verilog names in the netlist
#   step REPORT : [6.1882] Special names renaming stats:
#   step REPORT : [6.1882] Total time                 : 0.000 seconds
#   step REPORT : [6.1882] Total wires renamed        : 0
#   step REPORT : [6.1882] Total instances renamed    : 0
#   step REPORT : [6.1883] Renaming wires like ports
#   step REPORT : [6.1883] Renamed wires like ports (0 ports)
#   step REPORT : [6.1885] Emitting RTLDB information for the netlist
#   step REPORT : Converting netlist 'dccm_ram' to znl format
#   step STATS :  ----------------------------------------------------------------------------------------------------------------------------------------------------------------------------------------------------------------------------------------------------------------------------------------------
#   step STATS :  |                 reg |                 lut |                bram |                uram |             memsize |              m18x18 |                bufg |                buft |               nbI/O |                nbBB |                nbZV |                nbME |               dsp48 || name
#   step STATS :  ----------------------------------------------------------------------------------------------------------------------------------------------------------------------------------------------------------------------------------------------------------------------------------------------
#   step STATS :  |                   0 |                   6 |                   0 |                   0 |                   0 |                   0 |                   0 |                   0 |                 106 |                   1 |                   0 |                   0 |                   0 || dccm_ram
#   step STATS :  ----------------------------------------------------------------------------------------------------------------------------------------------------------------------------------------------------------------------------------------------------------------------------------------------
#   step REPORT : Writing netlist 'dccm_ram' to 'edif/dccm_ram/dccm_ram.edf.gz'
#   step SERIALIZE : writing netlist 'zmerge' into znl file 'edif/dccm_ram/dccm_ram.edf.gz'
#   step SERIALIZE : #bytes in: 3744, #bytes out: 1641, compression ratio: 2.281536
#   step REPORT : [87.28] Resource usage for dccm_ram: 0.037s 0.0M
