#   step REPORT : Synthesizing module : dm_cgm
#   step REPORT : [39.349] Optimizing module : dm_cgm
#   step REPORT : [39.350] Instance count of module dm_cgm is 1
#   step REPORT : [6.1691] Total net count: 11
#   step REPORT : [6.1690] There are 2 levels of combinational cells
#   step REPORT : [6.1689] There are 2 distinct nets driving control pins
#   step REPORT : [6.1695] 5-input LUTs: 1
#   step REPORT : [6.1696] Total LUT area: 1
#   step REPORT : [6.1697] State    : 4
#   step REPORT : [6.1697]   (FF)   : 4
#   step REPORT : [6.1884] Renaming SVA module instances in the netlist
#   step REPORT : [6.1882] Renaming special verilog names in the netlist
#   step REPORT : [6.1882] Special names renaming stats:
#   step REPORT : [6.1882] Total time                 : 0.000 seconds
#   step REPORT : [6.1882] Total wires renamed        : 0
#   step REPORT : [6.1882] Total instances renamed    : 0
#   step REPORT : [6.1883] Renaming wires like ports
#   step REPORT : [6.1883] Renamed wires like ports (0 ports)
#   step REPORT : [6.1885] Emitting RTLDB information for the netlist
#   step REPORT : Converting netlist 'dm_cgm' to znl format
#   step STATS :  ----------------------------------------------------------------------------------------------------------------------------------------------------------------------------------------------------------------------------------------------------------------------------------------------
#   step STATS :  |                 reg |                 lut |                bram |                uram |             memsize |              m18x18 |                bufg |                buft |               nbI/O |                nbBB |                nbZV |                nbME |               dsp48 || name
#   step STATS :  ----------------------------------------------------------------------------------------------------------------------------------------------------------------------------------------------------------------------------------------------------------------------------------------------
#   step STATS :  |                   4 |                   1 |                   0 |                   0 |                   0 |                   0 |                   0 |                   0 |                   5 |                   1 |                   0 |                   0 |                   0 || dm_cgm
#   step STATS :  ----------------------------------------------------------------------------------------------------------------------------------------------------------------------------------------------------------------------------------------------------------------------------------------------
#   step REPORT : Writing netlist 'dm_cgm' to 'edif/dm_cgm/dm_cgm.edf.gz'
#   step SERIALIZE : writing netlist 'zmerge' into znl file 'edif/dm_cgm/dm_cgm.edf.gz'
#   step SERIALIZE : #bytes in: 568, #bytes out: 435, compression ratio: 1.305747
#   step REPORT : [87.28] Resource usage for dm_cgm: 0.249s 112.2M
