#   step REPORT : Synthesizing module : dm_clock_gate
#   step REPORT : [39.349] Optimizing module : dm_clock_gate
#   step REPORT : [39.350] Instance count of module dm_clock_gate is 1
#   step REPORT : [6.1691] Total net count: 5
#   step REPORT : [6.1690] There are 1 levels of combinational cells
#   step REPORT : [6.1689] There are 1 distinct nets driving control pins
#   step REPORT : [6.1695] 2-input LUTs: 1
#   step REPORT : [6.1696] Total LUT area: 1
#   step REPORT : [6.1697] State    : 1
#   step REPORT : [6.1697]   (Latch): 1
#   step REPORT : [6.1884] Renaming SVA module instances in the netlist
#   step REPORT : [6.1882] Renaming special verilog names in the netlist
#   step REPORT : [6.1882] Special names renaming stats:
#   step REPORT : [6.1882] Total time                 : 0.000 seconds
#   step REPORT : [6.1882] Total wires renamed        : 0
#   step REPORT : [6.1882] Total instances renamed    : 0
#   step REPORT : [6.1883] Renaming wires like ports
#   step REPORT : [6.1883] Renamed wires like ports (0 ports)
#   step REPORT : [6.1885] Emitting RTLDB information for the netlist
#   step REPORT : Converting netlist 'dm_clock_gate' to znl format
#   step STATS :  ----------------------------------------------------------------------------------------------------------------------------------------------------------------------------------------------------------------------------------------------------------------------------------------------
#   step STATS :  |                 reg |                 lut |                bram |                uram |             memsize |              m18x18 |                bufg |                buft |               nbI/O |                nbBB |                nbZV |                nbME |               dsp48 || name
#   step STATS :  ----------------------------------------------------------------------------------------------------------------------------------------------------------------------------------------------------------------------------------------------------------------------------------------------
#   step STATS :  |                   1 |                   1 |                   0 |                   0 |                   0 |                   0 |                   0 |                   0 |                   3 |                   0 |                   0 |                   0 |                   0 || dm_clock_gate
#   step STATS :  ----------------------------------------------------------------------------------------------------------------------------------------------------------------------------------------------------------------------------------------------------------------------------------------------
#   step REPORT : Writing netlist 'dm_clock_gate' to 'edif/dm_clock_gate/dm_clock_gate.edf.gz'
#   step SERIALIZE : writing netlist 'zmerge' into znl file 'edif/dm_clock_gate/dm_clock_gate.edf.gz'
#   step SERIALIZE : #bytes in: 309, #bytes out: 274, compression ratio: 1.127737
#   step REPORT : [87.28] Resource usage for dm_clock_gate: 0.076s 0.0M
