#   step REPORT : Synthesizing module : ic_tag_ecc_encoder
#   step REPORT : [39.349] Optimizing module : ic_tag_ecc_encoder
#   step REPORT : [39.350] Instance count of module ic_tag_ecc_encoder is 2
#   step REPORT : [6.1691] Total net count: 65
#   step REPORT : [6.1690] There are 4 levels of combinational cells
#   step REPORT : [6.1689] There are 0 distinct nets driving control pins
#   step REPORT : [6.1695] 3-input LUTs: 6
#   step REPORT : [6.1695] 4-input LUTs: 6
#   step REPORT : [6.1695] 5-input LUTs: 6
#   step REPORT : [6.1695] 6-input LUTs: 11
#   step REPORT : [6.1696] Total LUT area: 29
#   step REPORT : [6.1884] Renaming SVA module instances in the netlist
#   step REPORT : [6.1882] Renaming special verilog names in the netlist
#   step REPORT : [6.1882] Special names renaming stats:
#   step REPORT : [6.1882] Total time                 : 0.000 seconds
#   step REPORT : [6.1882] Total wires renamed        : 0
#   step REPORT : [6.1882] Total instances renamed    : 0
#   step REPORT : [6.1883] Renaming wires like ports
#   step REPORT : [6.1883] Renamed wires like ports (0 ports)
#   step REPORT : [6.1885] Emitting RTLDB information for the netlist
#   step REPORT : Converting netlist 'ic_tag_ecc_encoder' to znl format
#   step STATS :  ----------------------------------------------------------------------------------------------------------------------------------------------------------------------------------------------------------------------------------------------------------------------------------------------
#   step STATS :  |                 reg |                 lut |                bram |                uram |             memsize |              m18x18 |                bufg |                buft |               nbI/O |                nbBB |                nbZV |                nbME |               dsp48 || name
#   step STATS :  ----------------------------------------------------------------------------------------------------------------------------------------------------------------------------------------------------------------------------------------------------------------------------------------------
#   step STATS :  |                   0 |                  29 |                   0 |                   0 |                   0 |                   0 |                   0 |                   0 |                  36 |                   0 |                   0 |                   0 |                   0 || ic_tag_ecc_encoder
#   step STATS :  ----------------------------------------------------------------------------------------------------------------------------------------------------------------------------------------------------------------------------------------------------------------------------------------------
#   step REPORT : Writing netlist 'ic_tag_ecc_encoder' to 'edif/ic_tag_ecc_encoder/ic_tag_ecc_encoder.edf.gz'
#   step SERIALIZE : writing netlist 'zmerge' into znl file 'edif/ic_tag_ecc_encoder/ic_tag_ecc_encoder.edf.gz'
#   step SERIALIZE : #bytes in: 1966, #bytes out: 1139, compression ratio: 1.726076
#   step REPORT : [87.28] Resource usage for ic_tag_ecc_encoder: 0.074s 0.0M
