#   step REPORT : Synthesizing module : ls_error_register_0000
#   step REPORT : [39.349] Optimizing module : ls_error_register_0000
#   step REPORT : [39.350] Instance count of module ls_error_register_0000 is 1
#   step REPORT : [6.1691] Total net count: 72
#   step REPORT : [6.1690] There are 7 levels of combinational cells
#   step REPORT : [6.1689] There are 2 distinct nets driving control pins
#   step REPORT : [6.1695] 2-input LUTs: 2
#   step REPORT : [6.1695] 3-input LUTs: 2
#   step REPORT : [6.1695] 4-input LUTs: 2
#   step REPORT : [6.1695] 5-input LUTs: 5
#   step REPORT : [6.1695] 6-input LUTs: 4
#   step REPORT : [6.1696] Total LUT area: 15
#   step REPORT : [6.1697] State    : 4
#   step REPORT : [6.1697]   (FF)   : 4
#   step REPORT : [6.1697] +CSA LUTs: 19
#   step REPORT : [6.1884] Renaming SVA module instances in the netlist
#   step REPORT : [6.1882] Renaming special verilog names in the netlist
#   step REPORT : [6.1882] Special names renaming stats:
#   step REPORT : [6.1882] Total time                 : 0.000 seconds
#   step REPORT : [6.1882] Total wires renamed        : 0
#   step REPORT : [6.1882] Total instances renamed    : 0
#   step REPORT : [6.1883] Renaming wires like ports
#   step REPORT : [6.1883] Renamed wires like ports (0 ports)
#   step REPORT : [6.1885] Emitting RTLDB information for the netlist
#   step REPORT : Converting netlist 'ls_error_register_0000' to znl format
#   step STATS :  ----------------------------------------------------------------------------------------------------------------------------------------------------------------------------------------------------------------------------------------------------------------------------------------------
#   step STATS :  |                 reg |                 lut |                bram |                uram |             memsize |              m18x18 |                bufg |                buft |               nbI/O |                nbBB |                nbZV |                nbME |               dsp48 || name
#   step STATS :  ----------------------------------------------------------------------------------------------------------------------------------------------------------------------------------------------------------------------------------------------------------------------------------------------
#   step STATS :  |                   4 |                  34 |                   0 |                   0 |                   0 |                   0 |                   0 |                   0 |                  15 |                   3 |                   0 |                   0 |                   0 || ls_error_register_0000
#   step STATS :  ----------------------------------------------------------------------------------------------------------------------------------------------------------------------------------------------------------------------------------------------------------------------------------------------
#   step REPORT : Writing netlist 'ls_error_register_0000' to 'edif/ls_error_register_0000/ls_error_register_0000.edf.gz'
#   step SERIALIZE : writing netlist 'zmerge' into znl file 'edif/ls_error_register_0000/ls_error_register_0000.edf.gz'
#   step SERIALIZE : #bytes in: 2960, #bytes out: 1633, compression ratio: 1.812615
#   step REPORT : [87.28] Resource usage for ls_error_register_0000: 0.092s 0.0M
