#   step REPORT : Synthesizing module : mss_bus_switch_ibpn2ibpw_0001
#   step REPORT : [39.349] Optimizing module : mss_bus_switch_ibpn2ibpw_0001
#   step REPORT : [39.350] Instance count of module mss_bus_switch_ibpn2ibpw_0001 is 3
#   step REPORT : [6.1691] Total net count: 1292
#   step REPORT : [6.1690] There are 11 levels of combinational cells
#   step REPORT : [6.1689] There are 5 distinct nets driving control pins
#   step REPORT : [6.1695] 2-input LUTs: 49
#   step REPORT : [6.1695] 3-input LUTs: 18
#   step REPORT : [6.1695] 4-input LUTs: 116
#   step REPORT : [6.1695] 5-input LUTs: 50
#   step REPORT : [6.1695] 6-input LUTs: 37
#   step REPORT : [6.1696] Total LUT area: 270
#   step REPORT : [6.1697] State    : 120
#   step REPORT : [6.1697]   (FF)   : 120
#   step REPORT : [6.1697] +CSA LUTs: 186
#   step REPORT : [6.1884] Renaming SVA module instances in the netlist
#   step REPORT : [6.1882] Renaming special verilog names in the netlist
#   step REPORT : [6.1882] Special names renaming stats:
#   step REPORT : [6.1882] Total time                 : 0.000 seconds
#   step REPORT : [6.1882] Total wires renamed        : 0
#   step REPORT : [6.1882] Total instances renamed    : 0
#   step REPORT : [6.1883] Renaming wires like ports
#   step REPORT : [6.1883] Renamed wires like ports (0 ports)
#   step REPORT : [6.1885] Emitting RTLDB information for the netlist
#   step REPORT : Converting netlist 'mss_bus_switch_ibpn2ibpw_0001' to znl format
#   step STATS :  ----------------------------------------------------------------------------------------------------------------------------------------------------------------------------------------------------------------------------------------------------------------------------------------------
#   step STATS :  |                 reg |                 lut |                bram |                uram |             memsize |              m18x18 |                bufg |                buft |               nbI/O |                nbBB |                nbZV |                nbME |               dsp48 || name
#   step STATS :  ----------------------------------------------------------------------------------------------------------------------------------------------------------------------------------------------------------------------------------------------------------------------------------------------
#   step STATS :  |                 120 |                 456 |                   0 |                   0 |                   0 |                   0 |                   0 |                   0 |                 494 |                   2 |                   0 |                   0 |                   0 || mss_bus_switch_ibpn2ibpw_0001
#   step STATS :  ----------------------------------------------------------------------------------------------------------------------------------------------------------------------------------------------------------------------------------------------------------------------------------------------
#   step REPORT : Writing netlist 'mss_bus_switch_ibpn2ibpw_0001' to 'edif/mss_bus_switch_ibpn2ibpw_0001/mss_bus_switch_ibpn2ibpw_0001.edf.gz'
#   step SERIALIZE : writing netlist 'zmerge' into znl file 'edif/mss_bus_switch_ibpn2ibpw_0001/mss_bus_switch_ibpn2ibpw_0001.edf.gz'
#   step SERIALIZE : #bytes in: 45332, #bytes out: 13118, compression ratio: 3.455710
#   step REPORT : [87.28] Resource usage for mss_bus_switch_ibpn2ibpw_0001: 0.088s 0.0M
