#   step REPORT : Synthesizing module : mss_bus_switch_ibpw2ibpn_0001
#   step REPORT : [39.349] Optimizing module : mss_bus_switch_ibpw2ibpn_0001
#   step REPORT : [39.350] Instance count of module mss_bus_switch_ibpw2ibpn_0001 is 1
#   step REPORT : [6.1691] Total net count: 4853
#   step REPORT : [6.1690] There are 14 levels of combinational cells
#   step REPORT : [6.1689] There are 11 distinct nets driving control pins
#   step REPORT : [6.1695] 2-input LUTs: 12
#   step REPORT : [6.1695] 3-input LUTs: 552
#   step REPORT : [6.1695] 4-input LUTs: 240
#   step REPORT : [6.1695] 5-input LUTs: 276
#   step REPORT : [6.1695] 6-input LUTs: 372
#   step REPORT : [6.1696] Total LUT area: 1452
#   step REPORT : [6.1697] State    : 480
#   step REPORT : [6.1697]   (FF)   : 480
#   step REPORT : [6.1697] +CSA LUTs: 1448
#   step REPORT : [6.1884] Renaming SVA module instances in the netlist
#   step REPORT : [6.1882] Renaming special verilog names in the netlist
#   step REPORT : [6.1882] Special names renaming stats:
#   step REPORT : [6.1882] Total time                 : 0.002 seconds
#   step REPORT : [6.1882] Total wires renamed        : 0
#   step REPORT : [6.1882] Total instances renamed    : 0
#   step REPORT : [6.1883] Renaming wires like ports
#   step REPORT : [6.1883] Renamed wires like ports (0 ports)
#   step REPORT : [6.1885] Emitting RTLDB information for the netlist
#   step REPORT : Converting netlist 'mss_bus_switch_ibpw2ibpn_0001' to znl format
#   step STATS :  ----------------------------------------------------------------------------------------------------------------------------------------------------------------------------------------------------------------------------------------------------------------------------------------------
#   step STATS :  |                 reg |                 lut |                bram |                uram |             memsize |              m18x18 |                bufg |                buft |               nbI/O |                nbBB |                nbZV |                nbME |               dsp48 || name
#   step STATS :  ----------------------------------------------------------------------------------------------------------------------------------------------------------------------------------------------------------------------------------------------------------------------------------------------
#   step STATS :  |                 480 |                2900 |                   0 |                   0 |                   0 |                   0 |                   0 |                   0 |                1378 |                   2 |                   0 |                   0 |                   0 || mss_bus_switch_ibpw2ibpn_0001
#   step STATS :  ----------------------------------------------------------------------------------------------------------------------------------------------------------------------------------------------------------------------------------------------------------------------------------------------
#   step REPORT : Writing netlist 'mss_bus_switch_ibpw2ibpn_0001' to 'edif/mss_bus_switch_ibpw2ibpn_0001/mss_bus_switch_ibpw2ibpn_0001.edf.gz'
#   step SERIALIZE : writing netlist 'zmerge' into znl file 'edif/mss_bus_switch_ibpw2ibpn_0001/mss_bus_switch_ibpw2ibpn_0001.edf.gz'
#   step SERIALIZE : #bytes in: 196566, #bytes out: 71148, compression ratio: 2.762776
#   step REPORT : [87.28] Resource usage for mss_bus_switch_ibpw2ibpn_0001: 0.440s 0.0M
