#   step REPORT : Synthesizing module : mss_bus_switch_rrobin
#   step REPORT : [39.349] Optimizing module : mss_bus_switch_rrobin
#   step REPORT : [39.350] Instance count of module mss_bus_switch_rrobin is 9
#   step REPORT : [6.1691] Total net count: 50
#   step REPORT : [6.1690] There are 4 levels of combinational cells
#   step REPORT : [6.1689] There are 2 distinct nets driving control pins
#   step REPORT : [6.1695] 2-input LUTs: 1
#   step REPORT : [6.1695] 3-input LUTs: 3
#   step REPORT : [6.1695] 4-input LUTs: 6
#   step REPORT : [6.1695] 5-input LUTs: 5
#   step REPORT : [6.1696] Total LUT area: 15
#   step REPORT : [6.1697] State    : 4
#   step REPORT : [6.1697]   (FF)   : 4
#   step REPORT : [6.1697] +CSA LUTs: 11
#   step REPORT : [6.1884] Renaming SVA module instances in the netlist
#   step REPORT : [6.1882] Renaming special verilog names in the netlist
#   step REPORT : [6.1882] Special names renaming stats:
#   step REPORT : [6.1882] Total time                 : 0.000 seconds
#   step REPORT : [6.1882] Total wires renamed        : 0
#   step REPORT : [6.1882] Total instances renamed    : 0
#   step REPORT : [6.1883] Renaming wires like ports
#   step REPORT : [6.1883] Renamed wires like ports (0 ports)
#   step REPORT : [6.1885] Emitting RTLDB information for the netlist
#   step REPORT : Converting netlist 'mss_bus_switch_rrobin' to znl format
#   step STATS :  ----------------------------------------------------------------------------------------------------------------------------------------------------------------------------------------------------------------------------------------------------------------------------------------------
#   step STATS :  |                 reg |                 lut |                bram |                uram |             memsize |              m18x18 |                bufg |                buft |               nbI/O |                nbBB |                nbZV |                nbME |               dsp48 || name
#   step STATS :  ----------------------------------------------------------------------------------------------------------------------------------------------------------------------------------------------------------------------------------------------------------------------------------------------
#   step STATS :  |                   4 |                  26 |                   0 |                   0 |                   0 |                   0 |                   0 |                   0 |                  11 |                   0 |                   0 |                   0 |                   0 || mss_bus_switch_rrobin
#   step STATS :  ----------------------------------------------------------------------------------------------------------------------------------------------------------------------------------------------------------------------------------------------------------------------------------------------
#   step REPORT : Writing netlist 'mss_bus_switch_rrobin' to 'edif/mss_bus_switch_rrobin/mss_bus_switch_rrobin.edf.gz'
#   step SERIALIZE : writing netlist 'zmerge' into znl file 'edif/mss_bus_switch_rrobin/mss_bus_switch_rrobin.edf.gz'
#   step SERIALIZE : #bytes in: 1735, #bytes out: 1037, compression ratio: 1.673095
#   step REPORT : [87.28] Resource usage for mss_bus_switch_rrobin: 0.089s 0.0M
