#   step REPORT : Synthesizing module : mss_bus_switch_ibpx2ibpy_0001
#   step REPORT : [39.349] Optimizing module : mss_bus_switch_ibpx2ibpy_0001
#   step REPORT : [39.350] Instance count of module mss_bus_switch_ibpx2ibpy_0001 is 7
#   step REPORT : [6.1691] Total net count: 1454
#   step REPORT : [6.1690] There are 2 levels of combinational cells
#   step REPORT : [6.1689] There are 0 distinct nets driving control pins
#   step REPORT : [6.1696] Total LUT area: 0
#   step REPORT : [6.1884] Renaming SVA module instances in the netlist
#   step REPORT : [6.1882] Renaming special verilog names in the netlist
#   step REPORT : [6.1882] Special names renaming stats:
#   step REPORT : [6.1882] Total time                 : 0.000 seconds
#   step REPORT : [6.1882] Total wires renamed        : 0
#   step REPORT : [6.1882] Total instances renamed    : 0
#   step REPORT : [6.1883] Renaming wires like ports
#   step REPORT : [6.1883] Renamed wires like ports (0 ports)
#   step REPORT : [6.1885] Emitting RTLDB information for the netlist
#   step REPORT : Converting netlist 'mss_bus_switch_ibpx2ibpy_0001' to znl format
#   step STATS :  ----------------------------------------------------------------------------------------------------------------------------------------------------------------------------------------------------------------------------------------------------------------------------------------------
#   step STATS :  |                 reg |                 lut |                bram |                uram |             memsize |              m18x18 |                bufg |                buft |               nbI/O |                nbBB |                nbZV |                nbME |               dsp48 || name
#   step STATS :  ----------------------------------------------------------------------------------------------------------------------------------------------------------------------------------------------------------------------------------------------------------------------------------------------
#   step STATS :  |                   0 |                   0 |                   0 |                   0 |                   0 |                   0 |                   0 |                   0 |                1310 |                   1 |                   0 |                   0 |                   0 || mss_bus_switch_ibpx2ibpy_0001
#   step STATS :  ----------------------------------------------------------------------------------------------------------------------------------------------------------------------------------------------------------------------------------------------------------------------------------------------
#   step REPORT : Writing netlist 'mss_bus_switch_ibpx2ibpy_0001' to 'edif/mss_bus_switch_ibpx2ibpy_0001/mss_bus_switch_ibpx2ibpy_0001.edf.gz'
#   step SERIALIZE : writing netlist 'zmerge' into znl file 'edif/mss_bus_switch_ibpx2ibpy_0001/mss_bus_switch_ibpx2ibpy_0001.edf.gz'
#   step SERIALIZE : #bytes in: 49869, #bytes out: 12200, compression ratio: 4.087623
#   step REPORT : [87.28] Resource usage for mss_bus_switch_ibpx2ibpy_0001: 0.061s 0.0M
