#   step REPORT : Synthesizing module : mss_bus_switch_fifo_0000_0000
#   step REPORT : Synthesizing module : mss_bus_switch_fifo_0000_0001
#   step REPORT : Synthesizing module : mss_bus_switch_fifo_0000_0002
#   step REPORT : Synthesizing module : mss_bus_switch_mst_ibp_buffer_0000
#   step REPORT : Synthesizing module : mss_bus_switch_fifo_0000_0003
#   step REPORT : [39.349] Optimizing module : mss_bus_switch_mst_ibp_buffer_0000
#   step REPORT : [39.350] Instance count of module mss_bus_switch_mst_ibp_buffer_0000 is 7
#   step REPORT : [6.1691] Total net count: 521
#   step REPORT : [6.1690] There are 11 levels of combinational cells
#   step REPORT : [6.1689] There are 2 distinct nets driving control pins
#   step REPORT : [6.1695] 2-input LUTs: 7
#   step REPORT : [6.1695] 3-input LUTs: 9
#   step REPORT : [6.1695] 4-input LUTs: 16
#   step REPORT : [6.1695] 5-input LUTs: 12
#   step REPORT : [6.1695] 6-input LUTs: 20
#   step REPORT : [6.1696] Total LUT area: 64
#   step REPORT : [6.1697] State    : 28
#   step REPORT : [6.1697]   (FF)   : 28
#   step REPORT : [6.1697] +CSA LUTs: 70
#   step REPORT : [6.1884] Renaming SVA module instances in the netlist
#   step REPORT : [6.1882] Renaming special verilog names in the netlist
#   step REPORT : [6.1882] Special names renaming stats:
#   step REPORT : [6.1882] Total time                 : 0.000 seconds
#   step REPORT : [6.1882] Total wires renamed        : 0
#   step REPORT : [6.1882] Total instances renamed    : 0
#   step REPORT : [6.1883] Renaming wires like ports
#   step REPORT : [6.1883] Renamed wires like ports (0 ports)
#   step REPORT : [6.1885] Emitting RTLDB information for the netlist
#   step REPORT : Converting netlist 'mss_bus_switch_mst_ibp_buffer_0000' to znl format
#   step STATS :  ----------------------------------------------------------------------------------------------------------------------------------------------------------------------------------------------------------------------------------------------------------------------------------------------
#   step STATS :  |                 reg |                 lut |                bram |                uram |             memsize |              m18x18 |                bufg |                buft |               nbI/O |                nbBB |                nbZV |                nbME |               dsp48 || name
#   step STATS :  ----------------------------------------------------------------------------------------------------------------------------------------------------------------------------------------------------------------------------------------------------------------------------------------------
#   step STATS :  |                  28 |                 134 |                   0 |                   0 |                   0 |                   0 |                   0 |                   0 |                 293 |                   0 |                   0 |                   0 |                   0 || mss_bus_switch_mst_ibp_buffer_0000
#   step STATS :  ----------------------------------------------------------------------------------------------------------------------------------------------------------------------------------------------------------------------------------------------------------------------------------------------
#   step REPORT : Writing netlist 'mss_bus_switch_mst_ibp_buffer_0000' to 'edif/mss_bus_switch_mst_ibp_buffer_0000/mss_bus_switch_mst_ibp_buffer_0000.edf.gz'
#   step SERIALIZE : writing netlist 'zmerge' into znl file 'edif/mss_bus_switch_mst_ibp_buffer_0000/mss_bus_switch_mst_ibp_buffer_0000.edf.gz'
#   step SERIALIZE : #bytes in: 19554, #bytes out: 6997, compression ratio: 2.794626
#   step REPORT : [87.28] Resource usage for mss_bus_switch_mst_ibp_buffer_0000: 0.069s 0.0M
