#   step REPORT : Synthesizing module : mss_bus_switch_ibpw2ibpn_0000
#   step REPORT : [39.349] Optimizing module : mss_bus_switch_ibpw2ibpn_0000
#   step REPORT : [39.350] Instance count of module mss_bus_switch_ibpw2ibpn_0000 is 7
#   step REPORT : [6.1691] Total net count: 6106
#   step REPORT : [6.1690] There are 23 levels of combinational cells
#   step REPORT : [6.1689] There are 19 distinct nets driving control pins
#   step REPORT : [6.1695] 2-input LUTs: 41
#   step REPORT : [6.1695] 3-input LUTs: 439
#   step REPORT : [6.1695] 4-input LUTs: 378
#   step REPORT : [6.1695] 5-input LUTs: 462
#   step REPORT : [6.1695] 6-input LUTs: 753
#   step REPORT : [6.1696] Total LUT area: 2073
#   step REPORT : [6.1697] State    : 544
#   step REPORT : [6.1697]   (FF)   : 544
#   step REPORT : [6.1697] +CSA LUTs: 2028
#   step REPORT : [6.1884] Renaming SVA module instances in the netlist
#   step REPORT : [6.1882] Renaming special verilog names in the netlist
#   step REPORT : [6.1882] Special names renaming stats:
#   step REPORT : [6.1882] Total time                 : 0.005 seconds
#   step REPORT : [6.1882] Total wires renamed        : 0
#   step REPORT : [6.1882] Total instances renamed    : 0
#   step REPORT : [6.1883] Renaming wires like ports
#   step REPORT : [6.1883] Renamed wires like ports (0 ports)
#   step REPORT : [6.1885] Emitting RTLDB information for the netlist
#   step REPORT : Converting netlist 'mss_bus_switch_ibpw2ibpn_0000' to znl format
#   step STATS :  ----------------------------------------------------------------------------------------------------------------------------------------------------------------------------------------------------------------------------------------------------------------------------------------------
#   step STATS :  |                 reg |                 lut |                bram |                uram |             memsize |              m18x18 |                bufg |                buft |               nbI/O |                nbBB |                nbZV |                nbME |               dsp48 || name
#   step STATS :  ----------------------------------------------------------------------------------------------------------------------------------------------------------------------------------------------------------------------------------------------------------------------------------------------
#   step STATS :  |                 544 |                4101 |                   0 |                   0 |                   0 |                   0 |                   0 |                   0 |                1310 |                   2 |                   0 |                   0 |                   0 || mss_bus_switch_ibpw2ibpn_0000
#   step STATS :  ----------------------------------------------------------------------------------------------------------------------------------------------------------------------------------------------------------------------------------------------------------------------------------------------
#   step REPORT : Writing netlist 'mss_bus_switch_ibpw2ibpn_0000' to 'edif/mss_bus_switch_ibpw2ibpn_0000/mss_bus_switch_ibpw2ibpn_0000.edf.gz'
#   step SERIALIZE : writing netlist 'zmerge' into znl file 'edif/mss_bus_switch_ibpw2ibpn_0000/mss_bus_switch_ibpw2ibpn_0000.edf.gz'
#   step SERIALIZE : #bytes in: 253563, #bytes out: 98879, compression ratio: 2.564377
#   step REPORT : [87.28] Resource usage for mss_bus_switch_ibpw2ibpn_0000: 1.686s 0.0M
