#   step REPORT : Synthesizing module : rl_complete
#   step REPORT : [39.349] Optimizing module : rl_complete
#   step REPORT : [39.350] Instance count of module rl_complete is 2
#   step REPORT : [6.1691] Total net count: 927
#   step REPORT : [6.1690] There are 9 levels of combinational cells
#   step REPORT : [6.1689] There are 6 distinct nets driving control pins
#   step REPORT : [6.1695] 2-input LUTs: 14
#   step REPORT : [6.1695] 3-input LUTs: 28
#   step REPORT : [6.1695] 4-input LUTs: 28
#   step REPORT : [6.1695] 5-input LUTs: 75
#   step REPORT : [6.1695] 6-input LUTs: 55
#   step REPORT : [6.1696] Total LUT area: 200
#   step REPORT : [6.1697] State    : 108
#   step REPORT : [6.1697]   (FF)   : 108
#   step REPORT : [6.1697] CARRY    : 10
#   step REPORT : [6.1697] +CSA LUTs: 128
#   step REPORT : [6.1884] Renaming SVA module instances in the netlist
#   step REPORT : [6.1882] Renaming special verilog names in the netlist
#   step REPORT : [6.1882] Special names renaming stats:
#   step REPORT : [6.1882] Total time                 : 0.000 seconds
#   step REPORT : [6.1882] Total wires renamed        : 0
#   step REPORT : [6.1882] Total instances renamed    : 0
#   step REPORT : [6.1883] Renaming wires like ports
#   step REPORT : [6.1883] Renamed wires like ports (0 ports)
#   step REPORT : [6.1885] Emitting RTLDB information for the netlist
#   step REPORT : Converting netlist 'rl_complete' to znl format
#   step STATS :  ----------------------------------------------------------------------------------------------------------------------------------------------------------------------------------------------------------------------------------------------------------------------------------------------
#   step STATS :  |                 reg |                 lut |                bram |                uram |             memsize |              m18x18 |                bufg |                buft |               nbI/O |                nbBB |                nbZV |                nbME |               dsp48 || name
#   step STATS :  ----------------------------------------------------------------------------------------------------------------------------------------------------------------------------------------------------------------------------------------------------------------------------------------------
#   step STATS :  |                 108 |                 328 |                   0 |                   0 |                   0 |                   0 |                   0 |                   0 |                 393 |                   0 |                   0 |                   0 |                   0 || rl_complete
#   step STATS :  ----------------------------------------------------------------------------------------------------------------------------------------------------------------------------------------------------------------------------------------------------------------------------------------------
#   step REPORT : Writing netlist 'rl_complete' to 'edif/rl_complete/rl_complete.edf.gz'
#   step SERIALIZE : writing netlist 'zmerge' into znl file 'edif/rl_complete/rl_complete.edf.gz'
#   step SERIALIZE : #bytes in: 28171, #bytes out: 12733, compression ratio: 2.212440
#   step REPORT : [87.28] Resource usage for rl_complete: 0.162s 112.2M
