#   step REPORT : Synthesizing module : rl_debug
#   step REPORT : [39.349] Optimizing module : rl_debug
#   step REPORT : [39.350] Instance count of module rl_debug is 2
#   step REPORT : [6.1691] Total net count: 844
#   step REPORT : [6.1690] There are 9 levels of combinational cells
#   step REPORT : [6.1689] There are 5 distinct nets driving control pins
#   step REPORT : [6.1695] 2-input LUTs: 85
#   step REPORT : [6.1695] 3-input LUTs: 49
#   step REPORT : [6.1695] 4-input LUTs: 16
#   step REPORT : [6.1695] 5-input LUTs: 11
#   step REPORT : [6.1695] 6-input LUTs: 19
#   step REPORT : [6.1696] Total LUT area: 180
#   step REPORT : [6.1697] State    : 116
#   step REPORT : [6.1697]   (FF)   : 116
#   step REPORT : [6.1697] CARRY    : 4
#   step REPORT : [6.1697] +CSA LUTs: 91
#   step REPORT : [6.1884] Renaming SVA module instances in the netlist
#   step REPORT : [6.1882] Renaming special verilog names in the netlist
#   step REPORT : [6.1882] Special names renaming stats:
#   step REPORT : [6.1882] Total time                 : 0.000 seconds
#   step REPORT : [6.1882] Total wires renamed        : 0
#   step REPORT : [6.1882] Total instances renamed    : 0
#   step REPORT : [6.1883] Renaming wires like ports
#   step REPORT : [6.1883] Renamed wires like ports (0 ports)
#   step REPORT : [6.1885] Emitting RTLDB information for the netlist
#   step REPORT : Converting netlist 'rl_debug' to znl format
#   step STATS :  ----------------------------------------------------------------------------------------------------------------------------------------------------------------------------------------------------------------------------------------------------------------------------------------------
#   step STATS :  |                 reg |                 lut |                bram |                uram |             memsize |              m18x18 |                bufg |                buft |               nbI/O |                nbBB |                nbZV |                nbME |               dsp48 || name
#   step STATS :  ----------------------------------------------------------------------------------------------------------------------------------------------------------------------------------------------------------------------------------------------------------------------------------------------
#   step STATS :  |                 116 |                 271 |                   0 |                   0 |                   0 |                   0 |                   0 |                   0 |                 269 |                   0 |                   0 |                   0 |                   0 || rl_debug
#   step STATS :  ----------------------------------------------------------------------------------------------------------------------------------------------------------------------------------------------------------------------------------------------------------------------------------------------
#   step REPORT : Writing netlist 'rl_debug' to 'edif/rl_debug/rl_debug.edf.gz'
#   step SERIALIZE : writing netlist 'zmerge' into znl file 'edif/rl_debug/rl_debug.edf.gz'
#   step SERIALIZE : #bytes in: 25762, #bytes out: 9909, compression ratio: 2.599859
#   step REPORT : [87.28] Resource usage for rl_debug: 0.068s 0.0M
