#   step REPORT : Synthesizing module : rl_iesb
#   step REPORT : [39.349] Optimizing module : rl_iesb
#   step REPORT : [39.350] Instance count of module rl_iesb is 2
#   step REPORT : [6.1691] Total net count: 65
#   step REPORT : [6.1690] There are 5 levels of combinational cells
#   step REPORT : [6.1689] There are 2 distinct nets driving control pins
#   step REPORT : [6.1695] 2-input LUTs: 3
#   step REPORT : [6.1695] 3-input LUTs: 5
#   step REPORT : [6.1695] 5-input LUTs: 2
#   step REPORT : [6.1695] 6-input LUTs: 8
#   step REPORT : [6.1696] Total LUT area: 18
#   step REPORT : [6.1697] State    : 6
#   step REPORT : [6.1697]   (FF)   : 6
#   step REPORT : [6.1697] +CSA LUTs: 11
#   step REPORT : [6.1884] Renaming SVA module instances in the netlist
#   step REPORT : [6.1882] Renaming special verilog names in the netlist
#   step REPORT : [6.1882] Special names renaming stats:
#   step REPORT : [6.1882] Total time                 : 0.000 seconds
#   step REPORT : [6.1882] Total wires renamed        : 0
#   step REPORT : [6.1882] Total instances renamed    : 0
#   step REPORT : [6.1883] Renaming wires like ports
#   step REPORT : [6.1883] Renamed wires like ports (0 ports)
#   step REPORT : [6.1885] Emitting RTLDB information for the netlist
#   step REPORT : Converting netlist 'rl_iesb' to znl format
#   step STATS :  ----------------------------------------------------------------------------------------------------------------------------------------------------------------------------------------------------------------------------------------------------------------------------------------------
#   step STATS :  |                 reg |                 lut |                bram |                uram |             memsize |              m18x18 |                bufg |                buft |               nbI/O |                nbBB |                nbZV |                nbME |               dsp48 || name
#   step STATS :  ----------------------------------------------------------------------------------------------------------------------------------------------------------------------------------------------------------------------------------------------------------------------------------------------
#   step STATS :  |                   6 |                  29 |                   0 |                   0 |                   0 |                   0 |                   0 |                   0 |                  19 |                   0 |                   0 |                   0 |                   0 || rl_iesb
#   step STATS :  ----------------------------------------------------------------------------------------------------------------------------------------------------------------------------------------------------------------------------------------------------------------------------------------------
#   step REPORT : Writing netlist 'rl_iesb' to 'edif/rl_iesb/rl_iesb.edf.gz'
#   step SERIALIZE : writing netlist 'zmerge' into znl file 'edif/rl_iesb/rl_iesb.edf.gz'
#   step SERIALIZE : #bytes in: 2292, #bytes out: 1356, compression ratio: 1.690266
#   step REPORT : [87.28] Resource usage for rl_iesb: 0.091s 0.0M
