#   step REPORT : Synthesizing module : rl_ifu_icache
#   step REPORT : [39.349] Optimizing module : rl_ifu_icache
#   step REPORT : [39.350] Instance count of module rl_ifu_icache is 2
#   step REPORT : [6.1691] Total net count: 3073
#   step REPORT : [6.1690] There are 24 levels of combinational cells
#   step REPORT : [6.1689] There are 6 distinct nets driving control pins
#   step REPORT : [6.1695] 2-input LUTs: 124
#   step REPORT : [6.1695] 3-input LUTs: 208
#   step REPORT : [6.1695] 4-input LUTs: 43
#   step REPORT : [6.1695] 5-input LUTs: 128
#   step REPORT : [6.1695] 6-input LUTs: 301
#   step REPORT : [6.1696] Total LUT area: 804
#   step REPORT : [6.1697] State    : 152
#   step REPORT : [6.1697]   (FF)   : 152
#   step REPORT : [6.1697] CARRY    : 3
#   step REPORT : [6.1697] +CSA LUTs: 451
#   step REPORT : [6.1884] Renaming SVA module instances in the netlist
#   step REPORT : [6.1882] Renaming special verilog names in the netlist
#   step REPORT : [6.1882] Special names renaming stats:
#   step REPORT : [6.1882] Total time                 : 0.002 seconds
#   step REPORT : [6.1882] Total wires renamed        : 0
#   step REPORT : [6.1882] Total instances renamed    : 0
#   step REPORT : [6.1883] Renaming wires like ports
#   step REPORT : [6.1883] Renamed wires like ports (0 ports)
#   step REPORT : [6.1885] Emitting RTLDB information for the netlist
#   step REPORT : Converting netlist 'rl_ifu_icache' to znl format
#   step STATS :  ----------------------------------------------------------------------------------------------------------------------------------------------------------------------------------------------------------------------------------------------------------------------------------------------
#   step STATS :  |                 reg |                 lut |                bram |                uram |             memsize |              m18x18 |                bufg |                buft |               nbI/O |                nbBB |                nbZV |                nbME |               dsp48 || name
#   step STATS :  ----------------------------------------------------------------------------------------------------------------------------------------------------------------------------------------------------------------------------------------------------------------------------------------------
#   step STATS :  |                 152 |                1255 |                   0 |                   0 |                   0 |                   0 |                   0 |                   0 |                 859 |                  10 |                   0 |                   0 |                   0 || rl_ifu_icache
#   step STATS :  ----------------------------------------------------------------------------------------------------------------------------------------------------------------------------------------------------------------------------------------------------------------------------------------------
#   step REPORT : Writing netlist 'rl_ifu_icache' to 'edif/rl_ifu_icache/rl_ifu_icache.edf.gz'
#   step SERIALIZE : writing netlist 'zmerge' into znl file 'edif/rl_ifu_icache/rl_ifu_icache.edf.gz'
#   step SERIALIZE : #bytes in: 126746, #bytes out: 46817, compression ratio: 2.707264
#   step REPORT : [87.28] Resource usage for rl_ifu_icache: 0.397s 0.0M
