#   step REPORT : Synthesizing module : rl_pipe_ctrl
#   step REPORT : [39.349] Optimizing module : rl_pipe_ctrl
#   step REPORT : [39.350] Instance count of module rl_pipe_ctrl is 2
#   step REPORT : [6.1691] Total net count: 61
#   step REPORT : [6.1690] There are 6 levels of combinational cells
#   step REPORT : [6.1689] There are 2 distinct nets driving control pins
#   step REPORT : [6.1695] 2-input LUTs: 3
#   step REPORT : [6.1695] 3-input LUTs: 5
#   step REPORT : [6.1695] 4-input LUTs: 3
#   step REPORT : [6.1695] 5-input LUTs: 2
#   step REPORT : [6.1695] 6-input LUTs: 2
#   step REPORT : [6.1696] Total LUT area: 15
#   step REPORT : [6.1697] State    : 6
#   step REPORT : [6.1697]   (FF)   : 6
#   step REPORT : [6.1697] +CSA LUTs: 5
#   step REPORT : [6.1884] Renaming SVA module instances in the netlist
#   step REPORT : [6.1882] Renaming special verilog names in the netlist
#   step REPORT : [6.1882] Special names renaming stats:
#   step REPORT : [6.1882] Total time                 : 0.000 seconds
#   step REPORT : [6.1882] Total wires renamed        : 0
#   step REPORT : [6.1882] Total instances renamed    : 0
#   step REPORT : [6.1883] Renaming wires like ports
#   step REPORT : [6.1883] Renamed wires like ports (0 ports)
#   step REPORT : [6.1885] Emitting RTLDB information for the netlist
#   step REPORT : Converting netlist 'rl_pipe_ctrl' to znl format
#   step STATS :  ----------------------------------------------------------------------------------------------------------------------------------------------------------------------------------------------------------------------------------------------------------------------------------------------
#   step STATS :  |                 reg |                 lut |                bram |                uram |             memsize |              m18x18 |                bufg |                buft |               nbI/O |                nbBB |                nbZV |                nbME |               dsp48 || name
#   step STATS :  ----------------------------------------------------------------------------------------------------------------------------------------------------------------------------------------------------------------------------------------------------------------------------------------------
#   step STATS :  |                   6 |                  20 |                   0 |                   0 |                   0 |                   0 |                   0 |                   0 |                  33 |                   0 |                   0 |                   0 |                   0 || rl_pipe_ctrl
#   step STATS :  ----------------------------------------------------------------------------------------------------------------------------------------------------------------------------------------------------------------------------------------------------------------------------------------------
#   step REPORT : Writing netlist 'rl_pipe_ctrl' to 'edif/rl_pipe_ctrl/rl_pipe_ctrl.edf.gz'
#   step SERIALIZE : writing netlist 'zmerge' into znl file 'edif/rl_pipe_ctrl/rl_pipe_ctrl.edf.gz'
#   step SERIALIZE : #bytes in: 2040, #bytes out: 1281, compression ratio: 1.592506
#   step REPORT : [87.28] Resource usage for rl_pipe_ctrl: 0.038s 0.0M
