#   step REPORT : Synthesizing module : rl_trap
#   step REPORT : [39.349] Optimizing module : rl_trap
#   step REPORT : [39.350] Instance count of module rl_trap is 2
#   step REPORT : [6.1691] Total net count: 726
#   step REPORT : [6.1690] There are 9 levels of combinational cells
#   step REPORT : [6.1689] There are 3 distinct nets driving control pins
#   step REPORT : [6.1695] 2-input LUTs: 109
#   step REPORT : [6.1695] 3-input LUTs: 7
#   step REPORT : [6.1695] 4-input LUTs: 71
#   step REPORT : [6.1695] 5-input LUTs: 21
#   step REPORT : [6.1695] 6-input LUTs: 36
#   step REPORT : [6.1696] Total LUT area: 244
#   step REPORT : [6.1697] State    : 100
#   step REPORT : [6.1697]   (FF)   : 100
#   step REPORT : [6.1697] CARRY    : 1
#   step REPORT : [6.1697] +CSA LUTs: 10
#   step REPORT : [6.1884] Renaming SVA module instances in the netlist
#   step REPORT : [6.1882] Renaming special verilog names in the netlist
#   step REPORT : [6.1882] Special names renaming stats:
#   step REPORT : [6.1882] Total time                 : 0.000 seconds
#   step REPORT : [6.1882] Total wires renamed        : 0
#   step REPORT : [6.1882] Total instances renamed    : 0
#   step REPORT : [6.1883] Renaming wires like ports
#   step REPORT : [6.1883] Renamed wires like ports (0 ports)
#   step REPORT : [6.1885] Emitting RTLDB information for the netlist
#   step REPORT : Converting netlist 'rl_trap' to znl format
#   step STATS :  ----------------------------------------------------------------------------------------------------------------------------------------------------------------------------------------------------------------------------------------------------------------------------------------------
#   step STATS :  |                 reg |                 lut |                bram |                uram |             memsize |              m18x18 |                bufg |                buft |               nbI/O |                nbBB |                nbZV |                nbME |               dsp48 || name
#   step STATS :  ----------------------------------------------------------------------------------------------------------------------------------------------------------------------------------------------------------------------------------------------------------------------------------------------
#   step STATS :  |                 100 |                 254 |                   0 |                   0 |                   0 |                   0 |                   0 |                   0 |                 250 |                   0 |                   0 |                   0 |                   0 || rl_trap
#   step STATS :  ----------------------------------------------------------------------------------------------------------------------------------------------------------------------------------------------------------------------------------------------------------------------------------------------
#   step REPORT : Writing netlist 'rl_trap' to 'edif/rl_trap/rl_trap.edf.gz'
#   step SERIALIZE : writing netlist 'zmerge' into znl file 'edif/rl_trap/rl_trap.edf.gz'
#   step SERIALIZE : #bytes in: 19898, #bytes out: 8848, compression ratio: 2.248870
#   step REPORT : [87.28] Resource usage for rl_trap: 0.068s 0.0M
