#   step REPORT : Synthesizing module : rl_triggers
#   step REPORT : [39.349] Optimizing module : rl_triggers
#   step REPORT : [39.350] Instance count of module rl_triggers is 2
#   step REPORT : [6.1691] Total net count: 4693
#   step REPORT : [6.1690] There are 22 levels of combinational cells
#   step REPORT : [6.1689] There are 11 distinct nets driving control pins
#   step REPORT : [6.1695] 2-input LUTs: 178
#   step REPORT : [6.1695] 3-input LUTs: 91
#   step REPORT : [6.1695] 4-input LUTs: 152
#   step REPORT : [6.1695] 5-input LUTs: 139
#   step REPORT : [6.1695] 6-input LUTs: 1409
#   step REPORT : [6.1696] Total LUT area: 1969
#   step REPORT : [6.1697] State    : 292
#   step REPORT : [6.1697]   (FF)   : 292
#   step REPORT : [6.1697] CARRY    : 40
#   step REPORT : [6.1697] +CSA LUTs: 1605
#   step REPORT : [6.1884] Renaming SVA module instances in the netlist
#   step REPORT : [6.1882] Renaming special verilog names in the netlist
#   step REPORT : [6.1882] Special names renaming stats:
#   step REPORT : [6.1882] Total time                 : 0.003 seconds
#   step REPORT : [6.1882] Total wires renamed        : 0
#   step REPORT : [6.1882] Total instances renamed    : 0
#   step REPORT : [6.1883] Renaming wires like ports
#   step REPORT : [6.1883] Renamed wires like ports (0 ports)
#   step REPORT : [6.1885] Emitting RTLDB information for the netlist
#   step REPORT : Converting netlist 'rl_triggers' to znl format
#   step STATS :  ----------------------------------------------------------------------------------------------------------------------------------------------------------------------------------------------------------------------------------------------------------------------------------------------
#   step STATS :  |                 reg |                 lut |                bram |                uram |             memsize |              m18x18 |                bufg |                buft |               nbI/O |                nbBB |                nbZV |                nbME |               dsp48 || name
#   step STATS :  ----------------------------------------------------------------------------------------------------------------------------------------------------------------------------------------------------------------------------------------------------------------------------------------------
#   step STATS :  |                 292 |                3574 |                   0 |                   0 |                   0 |                   0 |                   0 |                   0 |                 304 |                   1 |                   0 |                   0 |                   0 || rl_triggers
#   step STATS :  ----------------------------------------------------------------------------------------------------------------------------------------------------------------------------------------------------------------------------------------------------------------------------------------------
#   step REPORT : Writing netlist 'rl_triggers' to 'edif/rl_triggers/rl_triggers.edf.gz'
#   step SERIALIZE : writing netlist 'zmerge' into znl file 'edif/rl_triggers/rl_triggers.edf.gz'
#   step SERIALIZE : #bytes in: 182226, #bytes out: 91165, compression ratio: 1.998859
#   step REPORT : [87.28] Resource usage for rl_triggers: 0.808s 0.0M
