#   step REPORT : Synthesizing module : ZebuClockDetectFront_101
#   step REPORT : [39.349] Optimizing module : ZebuClockDetectFront_101
#   step REPORT : [39.350] Instance count of module ZebuClockDetectFront_101 is 1
### warning in ZFAST : (INTERNAL) no module information for net in_p_0
#   step REPORT : [6.1691] Total net count: 8
#   step REPORT : [6.1690] There are 2 levels of combinational cells
#   step REPORT : [6.1689] There are 1 distinct nets driving control pins
#   step REPORT : [6.1695] 2-input LUTs: 1
#   step REPORT : [6.1696] Total LUT area: 1
#   step REPORT : [6.1697] State    : 1
#   step REPORT : [6.1697]   (FF)   : 1
#   step REPORT : [6.1697] +CSA LUTs: 1
#   step REPORT : [6.1884] Renaming SVA module instances in the netlist
#   step REPORT : [6.1882] Renaming special verilog names in the netlist
#   step REPORT : [6.1882] Special names renaming stats:
#   step REPORT : [6.1882] Total time                 : 0.000 seconds
#   step REPORT : [6.1882] Total wires renamed        : 0
#   step REPORT : [6.1882] Total instances renamed    : 0
#   step REPORT : [6.1883] Renaming wires like ports
#   step REPORT : [6.1883] Renamed wires like ports (0 ports)
#   step REPORT : [6.1885] Emitting RTLDB information for the netlist
#   step REPORT : Converting netlist 'ZebuClockDetectFront_101' to znl format
#   step STATS :  ----------------------------------------------------------------------------------------------------------------------------------------------------------------------------------------------------------------------------------------------------------------------------------------------
#   step STATS :  |                 reg |                 lut |                bram |                uram |             memsize |              m18x18 |                bufg |                buft |               nbI/O |                nbBB |                nbZV |                nbME |               dsp48 || name
#   step STATS :  ----------------------------------------------------------------------------------------------------------------------------------------------------------------------------------------------------------------------------------------------------------------------------------------------
#   step STATS :  |                   1 |                   2 |                   0 |                   0 |                   0 |                   0 |                   0 |                   0 |                   3 |                   1 |                   0 |                   0 |                   0 || ZebuClockDetectFront_101
#   step STATS :  ----------------------------------------------------------------------------------------------------------------------------------------------------------------------------------------------------------------------------------------------------------------------------------------------
#   step REPORT : Writing netlist 'ZebuClockDetectFront_101' to 'edif/ZebuClockDetectFront_101/ZebuClockDetectFront_101.edf.gz'
#   step SERIALIZE : writing netlist 'zmerge' into znl file 'edif/ZebuClockDetectFront_101/ZebuClockDetectFront_101.edf.gz'
#   step SERIALIZE : #bytes in: 533, #bytes out: 371, compression ratio: 1.436658
#   step REPORT : [87.28] Resource usage for ZebuClockDetectFront_101: 0.086s 0.0M
