#   step REPORT : Synthesizing module : zz_Encrypt_6
#   step REPORT : Synthesizing module : zz_Encrypt_11
#   step REPORT : Synthesizing module : zz_Encrypt_10
#   step REPORT : [39.349] Optimizing module : zz_Encrypt_6
#   step REPORT : [39.350] Instance count of module zz_Encrypt_6 is 1
#   step REPORT : [6.1691] Total net count: 2122
#   step REPORT : [6.1690] There are 13 levels of combinational cells
#   step REPORT : [6.1689] There are 5 distinct nets driving control pins
#   step REPORT : [6.1695] 2-input LUTs: 636
#   step REPORT : [6.1695] 3-input LUTs: 23
#   step REPORT : [6.1695] 4-input LUTs: 5
#   step REPORT : [6.1695] 5-input LUTs: 11
#   step REPORT : [6.1695] 6-input LUTs: 18
#   step REPORT : [6.1696] Total LUT area: 693
#   step REPORT : [6.1697] State    : 41
#   step REPORT : [6.1697]   (FF)   : 41
#   step REPORT : [6.1697] CARRY    : 4
#   step REPORT : [6.1697] +CSA LUTs: 28
#   step REPORT : [6.1884] Renaming SVA module instances in the netlist
#   step REPORT : [6.1882] Renaming special verilog names in the netlist
#   step REPORT : [6.1882] Special names renaming stats:
#   step REPORT : [6.1882] Total time                 : 0.000 seconds
#   step REPORT : [6.1882] Total wires renamed        : 0
#   step REPORT : [6.1882] Total instances renamed    : 0
#   step REPORT : [6.1883] Renaming wires like ports
#   step REPORT : [6.1883] Renamed wires like ports (639 ports)
#   step REPORT : [6.1885] Emitting RTLDB information for the netlist
#   step REPORT : Converting netlist 'zz_Encrypt_6' to znl format
#   step STATS :  ----------------------------------------------------------------------------------------------------------------------------------------------------------------------------------------------------------------------------------------------------------------------------------------------
#   step STATS :  |                 reg |                 lut |                bram |                uram |             memsize |              m18x18 |                bufg |                buft |               nbI/O |                nbBB |                nbZV |                nbME |               dsp48 || name
#   step STATS :  ----------------------------------------------------------------------------------------------------------------------------------------------------------------------------------------------------------------------------------------------------------------------------------------------
#   step STATS :  |                  41 |                 721 |                   0 |                   0 |                   0 |                   0 |                   0 |                   0 |                 639 |                  10 |                   0 |                   0 |                   0 || zz_Encrypt_6
#   step STATS :  ----------------------------------------------------------------------------------------------------------------------------------------------------------------------------------------------------------------------------------------------------------------------------------------------
#   step REPORT : Writing netlist 'zz_Encrypt_6' to 'edif/zz_Encrypt_6/zz_Encrypt_6.edf.gz'
#   step SERIALIZE : writing netlist 'zmerge' into znl file 'edif/zz_Encrypt_6/zz_Encrypt_6.edf.gz'
#   step SERIALIZE : #bytes in: 56474, #bytes out: 17175, compression ratio: 3.288151
#   step REPORT : [87.28] Resource usage for zz_Encrypt_6: 0.254s 0.0M
