
Processing alb_mss_fab_fifo_0001_0001
before constantPropagate: 0.01u 0s 111053e 906544kB
after constantPropagate: 0.01u 0s 111053e 906544kB
before removeUnusedSignals circuit: 0.01u 0s 111053e 906544kB
after removeUnusedSignals circuit: 0.01u 0s 111053e 906544kB
before optimize latch enable: 0.01u 0s 111053e 906544kB
after optimize latch enable: 0.01u 0s 111053e 906544kB
before removeReadAfterMissingWrite: 0.01u 0s 111053e 906544kB
after removeReadAfterMissingWrite: 0.01u 0s 111053e 906544kB
before undoDimensionalSplitOfMemories: 0.01u 0s 111053e 906544kB
after undoDimensionalSplitOfMemories: 0.01u 0s 111053e 906544kB
before extractMemories: 0.01u 0s 111053e 906544kB
after extractMemories: 0.01u 0s 111053e 906544kB
before extractHolds: 0.01u 0s 111053e 906544kB
after extractHolds: 0.01u 0s 111053e 906544kB
before simplifyAdders: 0.01u 0s 111053e 906544kB
after simplifyAdders: 0.01u 0s 111053e 906544kB
before optimizeLessThan: 0.01u 0.01s 111053e 906544kB
after optimizeLessThan: 0.01u 0.01s 111053e 906544kB
before reportUnresolvedType: 0.01u 0.01s 111053e 906544kB
after reportUnresolvedType: 0.01u 0.01s 111053e 906544kB
before dumpingPerModuleScm : 0.01u 0.01s 111053e 906544kB
after dumpingPerModuleScm : 0.01u 0.01s 111053e 906544kB

Processing alb_mss_fab_axi2ibp_0000
before constantPropagate: 0.01u 0.01s 111053e 906544kB
after constantPropagate: 0.01u 0.01s 111053e 906544kB
before removeUnusedSignals circuit: 0.01u 0.01s 111053e 906544kB
after removeUnusedSignals circuit: 0.01u 0.01s 111053e 906544kB
before optimize latch enable: 0.01u 0.01s 111053e 906544kB
after optimize latch enable: 0.01u 0.01s 111053e 906544kB
before removeReadAfterMissingWrite: 0.01u 0.01s 111053e 906544kB
after removeReadAfterMissingWrite: 0.01u 0.01s 111053e 906544kB
before undoDimensionalSplitOfMemories: 0.01u 0.01s 111053e 906544kB
after undoDimensionalSplitOfMemories: 0.01u 0.01s 111053e 906544kB
before extractMemories: 0.01u 0.01s 111053e 906544kB
after extractMemories: 0.01u 0.01s 111053e 906544kB
before extractHolds: 0.01u 0.01s 111053e 906544kB
after extractHolds: 0.01u 0.01s 111055e 906544kB
before simplifyAdders: 0.01u 0.01s 111055e 906544kB
after simplifyAdders: 0.01u 0.01s 111055e 906544kB
before optimizeLessThan: 0.01u 0.01s 111055e 906544kB
after optimizeLessThan: 0.01u 0.01s 111055e 906544kB
before reportUnresolvedType: 0.01u 0.01s 111055e 906544kB
after reportUnresolvedType: 0.01u 0.01s 111055e 906544kB
before dumpingPerModuleScm : 0.01u 0.01s 111055e 906544kB
after dumpingPerModuleScm : 0.02u 0.01s 111055e 906544kB

Processing alb_mss_fab_fifo_0000_0008
before constantPropagate: 0.02u 0.01s 111055e 906544kB
after constantPropagate: 0.02u 0.01s 111055e 906544kB
before removeUnusedSignals circuit: 0.02u 0.01s 111055e 906544kB
after removeUnusedSignals circuit: 0.02u 0.01s 111055e 906544kB
before optimize latch enable: 0.02u 0.01s 111055e 906544kB
after optimize latch enable: 0.02u 0.01s 111055e 906544kB
before removeReadAfterMissingWrite: 0.02u 0.01s 111055e 906544kB
after removeReadAfterMissingWrite: 0.02u 0.01s 111055e 906544kB
before undoDimensionalSplitOfMemories: 0.02u 0.01s 111055e 906544kB
after undoDimensionalSplitOfMemories: 0.02u 0.01s 111055e 906544kB
before extractMemories: 0.02u 0.01s 111055e 906544kB
after extractMemories: 0.02u 0.01s 111055e 906544kB
before extractHolds: 0.02u 0.01s 111055e 906544kB
after extractHolds: 0.02u 0.01s 111057e 906544kB
before simplifyAdders: 0.02u 0.01s 111057e 906544kB
after simplifyAdders: 0.02u 0.01s 111057e 906544kB
before optimizeLessThan: 0.02u 0.01s 111057e 906544kB
after optimizeLessThan: 0.02u 0.01s 111057e 906544kB
before reportUnresolvedType: 0.02u 0.01s 111057e 906544kB
after reportUnresolvedType: 0.02u 0.01s 111057e 906544kB
before dumpingPerModuleScm : 0.02u 0.01s 111057e 906544kB
after dumpingPerModuleScm : 0.02u 0.01s 111057e 906544kB

Processing alb_mss_fab_fifo_0001_0005
before constantPropagate: 0.02u 0.01s 111057e 906544kB
after constantPropagate: 0.02u 0.01s 111057e 906544kB
before removeUnusedSignals circuit: 0.02u 0.01s 111057e 906544kB
after removeUnusedSignals circuit: 0.02u 0.01s 111057e 906544kB
before optimize latch enable: 0.02u 0.01s 111057e 906544kB
after optimize latch enable: 0.02u 0.01s 111057e 906544kB
before removeReadAfterMissingWrite: 0.02u 0.01s 111057e 906544kB
after removeReadAfterMissingWrite: 0.02u 0.01s 111057e 906544kB
before undoDimensionalSplitOfMemories: 0.02u 0.01s 111057e 906544kB
after undoDimensionalSplitOfMemories: 0.02u 0.01s 111057e 906544kB
before extractMemories: 0.02u 0.01s 111057e 906544kB
after extractMemories: 0.02u 0.01s 111057e 906544kB
before extractHolds: 0.02u 0.01s 111057e 906544kB
after extractHolds: 0.02u 0.01s 111057e 906544kB
before simplifyAdders: 0.02u 0.01s 111057e 906544kB
after simplifyAdders: 0.02u 0.01s 111057e 906544kB
before optimizeLessThan: 0.02u 0.01s 111057e 906544kB
after optimizeLessThan: 0.02u 0.01s 111057e 906544kB
before reportUnresolvedType: 0.02u 0.01s 111057e 906544kB
after reportUnresolvedType: 0.02u 0.01s 111057e 906544kB
before dumpingPerModuleScm : 0.02u 0.01s 111057e 906544kB
after dumpingPerModuleScm : 0.02u 0.01s 111057e 906544kB

Processing alb_mss_fab_fifo_0001_0009
before constantPropagate: 0.02u 0.01s 111057e 906544kB
after constantPropagate: 0.02u 0.01s 111057e 906544kB
before removeUnusedSignals circuit: 0.02u 0.01s 111057e 906544kB
after removeUnusedSignals circuit: 0.02u 0.01s 111057e 906544kB
before optimize latch enable: 0.02u 0.01s 111057e 906544kB
after optimize latch enable: 0.02u 0.01s 111057e 906544kB
before removeReadAfterMissingWrite: 0.02u 0.01s 111057e 906544kB
after removeReadAfterMissingWrite: 0.02u 0.01s 111057e 906544kB
before undoDimensionalSplitOfMemories: 0.02u 0.01s 111057e 906544kB
after undoDimensionalSplitOfMemories: 0.02u 0.01s 111057e 906544kB
before extractMemories: 0.02u 0.01s 111057e 906544kB
after extractMemories: 0.02u 0.01s 111057e 906544kB
before extractHolds: 0.02u 0.01s 111057e 906544kB
after extractHolds: 0.02u 0.01s 111057e 906544kB
before simplifyAdders: 0.02u 0.01s 111057e 906544kB
after simplifyAdders: 0.02u 0.01s 111057e 906544kB
before optimizeLessThan: 0.02u 0.01s 111057e 906544kB
after optimizeLessThan: 0.02u 0.01s 111057e 906544kB
before reportUnresolvedType: 0.02u 0.01s 111057e 906544kB
after reportUnresolvedType: 0.02u 0.01s 111057e 906544kB
before dumpingPerModuleScm : 0.02u 0.01s 111057e 906544kB
after dumpingPerModuleScm : 0.02u 0.01s 111057e 906544kB

Processing mss_bus_switch_ibp2pack
before constantPropagate: 0.02u 0.01s 111057e 906544kB
after constantPropagate: 0.02u 0.01s 111057e 906544kB
before removeUnusedSignals circuit: 0.02u 0.01s 111057e 906544kB
after removeUnusedSignals circuit: 0.02u 0.01s 111057e 906544kB
before optimize latch enable: 0.02u 0.01s 111057e 906544kB
after optimize latch enable: 0.02u 0.01s 111057e 906544kB
before removeReadAfterMissingWrite: 0.02u 0.01s 111057e 906544kB
after removeReadAfterMissingWrite: 0.02u 0.01s 111057e 906544kB
before undoDimensionalSplitOfMemories: 0.02u 0.01s 111057e 906544kB
after undoDimensionalSplitOfMemories: 0.02u 0.01s 111057e 906544kB
before extractMemories: 0.02u 0.01s 111057e 906544kB
after extractMemories: 0.02u 0.01s 111057e 906544kB
before extractHolds: 0.02u 0.01s 111057e 906544kB
after extractHolds: 0.02u 0.01s 111057e 906544kB
before simplifyAdders: 0.02u 0.01s 111057e 906544kB
after simplifyAdders: 0.02u 0.01s 111057e 906544kB
before optimizeLessThan: 0.02u 0.01s 111057e 906544kB
after optimizeLessThan: 0.02u 0.01s 111057e 906544kB
before reportUnresolvedType: 0.02u 0.01s 111057e 906544kB
after reportUnresolvedType: 0.02u 0.01s 111057e 906544kB
before dumpingPerModuleScm : 0.02u 0.01s 111057e 906544kB
after dumpingPerModuleScm : 0.02u 0.01s 111057e 906544kB

Processing mss_bus_switch_ibp_cwbind_0000
before constantPropagate: 0.02u 0.01s 111057e 906544kB
after constantPropagate: 0.02u 0.01s 111057e 906544kB
before removeUnusedSignals circuit: 0.02u 0.01s 111057e 906544kB
after removeUnusedSignals circuit: 0.02u 0.01s 111057e 906544kB
before optimize latch enable: 0.02u 0.01s 111057e 906544kB
after optimize latch enable: 0.02u 0.01s 111057e 906544kB
before removeReadAfterMissingWrite: 0.02u 0.01s 111057e 906544kB
after removeReadAfterMissingWrite: 0.02u 0.01s 111057e 906544kB
before undoDimensionalSplitOfMemories: 0.02u 0.01s 111057e 906544kB
after undoDimensionalSplitOfMemories: 0.02u 0.01s 111057e 906544kB
before extractMemories: 0.02u 0.01s 111057e 906544kB
after extractMemories: 0.02u 0.01s 111057e 906544kB
before extractHolds: 0.02u 0.01s 111057e 906544kB
after extractHolds: 0.02u 0.01s 111057e 906544kB
before simplifyAdders: 0.02u 0.01s 111057e 906544kB
after simplifyAdders: 0.02u 0.01s 111057e 906544kB
before optimizeLessThan: 0.02u 0.01s 111057e 906544kB
after optimizeLessThan: 0.02u 0.01s 111057e 906544kB
before reportUnresolvedType: 0.02u 0.01s 111057e 906544kB
after reportUnresolvedType: 0.02u 0.01s 111057e 906544kB
before dumpingPerModuleScm : 0.02u 0.01s 111057e 906544kB
after dumpingPerModuleScm : 0.02u 0.01s 111057e 906544kB

Processing mss_bus_switch_slv_ibp_buffer_0001_0000
before constantPropagate: 0.02u 0.01s 111057e 906544kB
after constantPropagate: 0.02u 0.01s 111057e 906544kB
before removeUnusedSignals circuit: 0.02u 0.01s 111057e 906544kB
after removeUnusedSignals circuit: 0.02u 0.01s 111057e 906544kB
before optimize latch enable: 0.02u 0.01s 111057e 906544kB
after optimize latch enable: 0.02u 0.01s 111057e 906544kB
before removeReadAfterMissingWrite: 0.02u 0.01s 111057e 906544kB
after removeReadAfterMissingWrite: 0.02u 0.01s 111057e 906544kB
before undoDimensionalSplitOfMemories: 0.03u 0.01s 111057e 906544kB
after undoDimensionalSplitOfMemories: 0.03u 0.01s 111057e 906544kB
before extractMemories: 0.03u 0.01s 111057e 906544kB
after extractMemories: 0.03u 0.01s 111057e 906544kB
before extractHolds: 0.03u 0.01s 111057e 906544kB
after extractHolds: 0.03u 0.01s 111057e 906544kB
before simplifyAdders: 0.03u 0.01s 111057e 906544kB
after simplifyAdders: 0.03u 0.01s 111057e 906544kB
before optimizeLessThan: 0.03u 0.01s 111057e 906544kB
after optimizeLessThan: 0.03u 0.01s 111057e 906544kB
before reportUnresolvedType: 0.03u 0.01s 111057e 906544kB
after reportUnresolvedType: 0.03u 0.01s 111057e 906544kB
before dumpingPerModuleScm : 0.03u 0.01s 111057e 906544kB
after dumpingPerModuleScm : 0.03u 0.01s 111057e 906544kB

Processing mss_bus_switch_pack2ibp
before constantPropagate: 0.03u 0.01s 111057e 906544kB
after constantPropagate: 0.03u 0.01s 111057e 906544kB
before removeUnusedSignals circuit: 0.03u 0.01s 111057e 906544kB
after removeUnusedSignals circuit: 0.03u 0.01s 111057e 906544kB
before optimize latch enable: 0.03u 0.01s 111057e 906544kB
after optimize latch enable: 0.03u 0.01s 111057e 906544kB
before removeReadAfterMissingWrite: 0.03u 0.01s 111057e 906544kB
after removeReadAfterMissingWrite: 0.03u 0.01s 111057e 906544kB
before undoDimensionalSplitOfMemories: 0.03u 0.01s 111057e 906544kB
after undoDimensionalSplitOfMemories: 0.03u 0.01s 111057e 906544kB
before extractMemories: 0.03u 0.01s 111057e 906544kB
after extractMemories: 0.03u 0.01s 111057e 906544kB
before extractHolds: 0.03u 0.01s 111057e 906544kB
after extractHolds: 0.03u 0.01s 111057e 906544kB
before simplifyAdders: 0.03u 0.01s 111057e 906544kB
after simplifyAdders: 0.03u 0.01s 111057e 906544kB
before optimizeLessThan: 0.03u 0.01s 111057e 906544kB
after optimizeLessThan: 0.03u 0.01s 111057e 906544kB
before reportUnresolvedType: 0.03u 0.01s 111057e 906544kB
after reportUnresolvedType: 0.03u 0.01s 111057e 906544kB
before dumpingPerModuleScm : 0.03u 0.01s 111057e 906544kB
after dumpingPerModuleScm : 0.03u 0.01s 111057e 906544kB

Processing mss_bus_switch_ibp2pack_0001
before constantPropagate: 0.03u 0.01s 111057e 906544kB
after constantPropagate: 0.03u 0.01s 111057e 906544kB
before removeUnusedSignals circuit: 0.03u 0.01s 111057e 906544kB
after removeUnusedSignals circuit: 0.03u 0.01s 111057e 906544kB
before optimize latch enable: 0.03u 0.01s 111057e 906544kB
after optimize latch enable: 0.03u 0.01s 111057e 906544kB
before removeReadAfterMissingWrite: 0.03u 0.01s 111057e 906544kB
after removeReadAfterMissingWrite: 0.03u 0.01s 111057e 906544kB
before undoDimensionalSplitOfMemories: 0.03u 0.01s 111057e 906544kB
after undoDimensionalSplitOfMemories: 0.03u 0.01s 111057e 906544kB
before extractMemories: 0.03u 0.01s 111057e 906544kB
after extractMemories: 0.03u 0.01s 111057e 906544kB
before extractHolds: 0.03u 0.01s 111057e 906544kB
after extractHolds: 0.03u 0.01s 111057e 906544kB
before simplifyAdders: 0.03u 0.01s 111057e 906544kB
after simplifyAdders: 0.03u 0.01s 111057e 906544kB
before optimizeLessThan: 0.03u 0.01s 111057e 906544kB
after optimizeLessThan: 0.03u 0.01s 111057e 906544kB
before reportUnresolvedType: 0.03u 0.01s 111057e 906544kB
after reportUnresolvedType: 0.03u 0.01s 111057e 906544kB
before dumpingPerModuleScm : 0.03u 0.01s 111057e 906544kB
after dumpingPerModuleScm : 0.03u 0.02s 111057e 906544kB

Processing mss_bus_switch_pack2ibp_0000
before constantPropagate: 0.03u 0.02s 111057e 906544kB
after constantPropagate: 0.03u 0.02s 111057e 906544kB
before removeUnusedSignals circuit: 0.03u 0.02s 111057e 906544kB
after removeUnusedSignals circuit: 0.03u 0.02s 111057e 906544kB
before optimize latch enable: 0.03u 0.02s 111057e 906544kB
after optimize latch enable: 0.03u 0.02s 111057e 906544kB
before removeReadAfterMissingWrite: 0.03u 0.02s 111057e 906544kB
after removeReadAfterMissingWrite: 0.03u 0.02s 111057e 906544kB
before undoDimensionalSplitOfMemories: 0.03u 0.02s 111057e 906544kB
after undoDimensionalSplitOfMemories: 0.03u 0.02s 111057e 906544kB
before extractMemories: 0.03u 0.02s 111057e 906544kB
after extractMemories: 0.03u 0.02s 111057e 906544kB
before extractHolds: 0.03u 0.02s 111057e 906544kB
after extractHolds: 0.03u 0.02s 111057e 906544kB
before simplifyAdders: 0.03u 0.02s 111057e 906544kB
after simplifyAdders: 0.03u 0.02s 111057e 906544kB
before optimizeLessThan: 0.03u 0.02s 111057e 906544kB
after optimizeLessThan: 0.03u 0.02s 111057e 906544kB
before reportUnresolvedType: 0.03u 0.02s 111057e 906544kB
after reportUnresolvedType: 0.03u 0.02s 111057e 906544kB
before dumpingPerModuleScm : 0.03u 0.02s 111057e 906544kB
after dumpingPerModuleScm : 0.03u 0.02s 111057e 906544kB

Processing mss_bus_switch_fifo_0001_0002
before constantPropagate: 0.03u 0.02s 111057e 906544kB
after constantPropagate: 0.03u 0.02s 111057e 906544kB
before removeUnusedSignals circuit: 0.03u 0.02s 111057e 906544kB
after removeUnusedSignals circuit: 0.03u 0.02s 111057e 906544kB
before optimize latch enable: 0.03u 0.02s 111057e 906544kB
after optimize latch enable: 0.03u 0.02s 111057e 906544kB
before removeReadAfterMissingWrite: 0.03u 0.02s 111057e 906544kB
after removeReadAfterMissingWrite: 0.03u 0.02s 111057e 906544kB
before undoDimensionalSplitOfMemories: 0.03u 0.02s 111057e 906544kB
after undoDimensionalSplitOfMemories: 0.03u 0.02s 111057e 906544kB
before extractMemories: 0.03u 0.02s 111057e 906544kB
after extractMemories: 0.03u 0.02s 111057e 906544kB
before extractHolds: 0.03u 0.02s 111057e 906544kB
after extractHolds: 0.04u 0.02s 111003e 906544kB
before simplifyAdders: 0.04u 0.02s 111003e 906544kB
after simplifyAdders: 0.04u 0.02s 111003e 906544kB
before optimizeLessThan: 0.04u 0.02s 111003e 906544kB
after optimizeLessThan: 0.04u 0.02s 111003e 906544kB
before reportUnresolvedType: 0.04u 0.02s 111003e 906544kB
after reportUnresolvedType: 0.04u 0.02s 111003e 906544kB
before dumpingPerModuleScm : 0.04u 0.02s 111003e 906544kB
after dumpingPerModuleScm : 0.04u 0.02s 111003e 906544kB

Processing mss_bus_switch_ibp2single_0000_0001
before constantPropagate: 0.04u 0.02s 111003e 906544kB
after constantPropagate: 0.04u 0.02s 111003e 906544kB
before removeUnusedSignals circuit: 0.04u 0.02s 111003e 906544kB
after removeUnusedSignals circuit: 0.04u 0.02s 111003e 906544kB
before optimize latch enable: 0.04u 0.02s 111003e 906544kB
after optimize latch enable: 0.04u 0.02s 111003e 906544kB
before removeReadAfterMissingWrite: 0.04u 0.02s 111003e 906544kB
after removeReadAfterMissingWrite: 0.05u 0.02s 111003e 906544kB
before undoDimensionalSplitOfMemories: 0.05u 0.02s 111003e 906544kB
after undoDimensionalSplitOfMemories: 0.05u 0.02s 111003e 906544kB
before extractMemories: 0.05u 0.02s 111003e 906544kB
after extractMemories: 0.05u 0.02s 111003e 906544kB
before extractHolds: 0.05u 0.02s 111003e 906544kB
after extractHolds: 0.05u 0.02s 111004e 906544kB
before simplifyAdders: 0.05u 0.02s 111004e 906544kB
after simplifyAdders: 0.05u 0.02s 111004e 906544kB
before optimizeLessThan: 0.05u 0.02s 111004e 906544kB
after optimizeLessThan: 0.05u 0.02s 111004e 906544kB
before reportUnresolvedType: 0.05u 0.02s 111004e 906544kB
after reportUnresolvedType: 0.05u 0.02s 111004e 906544kB
before dumpingPerModuleScm : 0.05u 0.02s 111004e 906544kB
after dumpingPerModuleScm : 0.05u 0.02s 111004e 906544kB

Processing mss_bus_switch_fifo_0000_0008
before constantPropagate: 0.05u 0.02s 111004e 906544kB
after constantPropagate: 0.05u 0.02s 111004e 906544kB
before removeUnusedSignals circuit: 0.05u 0.02s 111004e 906544kB
after removeUnusedSignals circuit: 0.05u 0.02s 111004e 906544kB
before optimize latch enable: 0.05u 0.02s 111004e 906544kB
after optimize latch enable: 0.05u 0.02s 111004e 906544kB
before removeReadAfterMissingWrite: 0.05u 0.02s 111004e 906544kB
after removeReadAfterMissingWrite: 0.05u 0.02s 111004e 906544kB
before undoDimensionalSplitOfMemories: 0.05u 0.02s 111004e 906544kB
after undoDimensionalSplitOfMemories: 0.05u 0.02s 111004e 906544kB
before extractMemories: 0.05u 0.02s 111004e 906544kB
after extractMemories: 0.05u 0.02s 111004e 906544kB
before extractHolds: 0.05u 0.02s 111004e 906544kB
after extractHolds: 0.05u 0.02s 111004e 906544kB
before simplifyAdders: 0.05u 0.02s 111004e 906544kB
after simplifyAdders: 0.05u 0.02s 111004e 906544kB
before optimizeLessThan: 0.05u 0.02s 111004e 906544kB
after optimizeLessThan: 0.05u 0.02s 111004e 906544kB
before reportUnresolvedType: 0.05u 0.02s 111004e 906544kB
after reportUnresolvedType: 0.05u 0.02s 111004e 906544kB
before dumpingPerModuleScm : 0.05u 0.02s 111004e 906544kB
after dumpingPerModuleScm : 0.05u 0.03s 111004e 906544kB

Processing alb_mss_fab_ibp_buffer_0000_0003
before constantPropagate: 0.05u 0.03s 111004e 906544kB
after constantPropagate: 0.05u 0.03s 111004e 906544kB
before removeUnusedSignals circuit: 0.05u 0.03s 111004e 906544kB
after removeUnusedSignals circuit: 0.05u 0.03s 111004e 906544kB
before optimize latch enable: 0.05u 0.03s 111004e 906544kB
after optimize latch enable: 0.05u 0.03s 111004e 906544kB
before removeReadAfterMissingWrite: 0.05u 0.03s 111004e 906544kB
after removeReadAfterMissingWrite: 0.05u 0.03s 111004e 906544kB
before undoDimensionalSplitOfMemories: 0.05u 0.03s 111004e 906544kB
after undoDimensionalSplitOfMemories: 0.05u 0.03s 111004e 906544kB
before extractMemories: 0.05u 0.03s 111004e 906544kB
after extractMemories: 0.05u 0.03s 111004e 906544kB
before extractHolds: 0.05u 0.03s 111004e 906544kB
after extractHolds: 0.05u 0.03s 111004e 906544kB
before simplifyAdders: 0.05u 0.03s 111004e 906544kB
after simplifyAdders: 0.05u 0.03s 111004e 906544kB
before optimizeLessThan: 0.05u 0.03s 111004e 906544kB
after optimizeLessThan: 0.05u 0.03s 111004e 906544kB
before reportUnresolvedType: 0.05u 0.03s 111004e 906544kB
after reportUnresolvedType: 0.05u 0.03s 111004e 906544kB
before dumpingPerModuleScm : 0.05u 0.03s 111004e 906544kB
after dumpingPerModuleScm : 0.05u 0.03s 111004e 906544kB

Processing alb_mss_fab_pack2ibp_0002
before constantPropagate: 0.06u 0.03s 111004e 906544kB
after constantPropagate: 0.06u 0.03s 111004e 906544kB
before removeUnusedSignals circuit: 0.06u 0.03s 111004e 906544kB
after removeUnusedSignals circuit: 0.06u 0.03s 111004e 906544kB
before optimize latch enable: 0.06u 0.03s 111004e 906544kB
after optimize latch enable: 0.06u 0.03s 111004e 906544kB
before removeReadAfterMissingWrite: 0.06u 0.03s 111004e 906544kB
after removeReadAfterMissingWrite: 0.06u 0.03s 111004e 906544kB
before undoDimensionalSplitOfMemories: 0.06u 0.03s 111004e 906544kB
after undoDimensionalSplitOfMemories: 0.06u 0.03s 111004e 906544kB
before extractMemories: 0.06u 0.03s 111004e 906544kB
after extractMemories: 0.06u 0.03s 111004e 906544kB
before extractHolds: 0.06u 0.03s 111004e 906544kB
after extractHolds: 0.06u 0.03s 111004e 906544kB
before simplifyAdders: 0.06u 0.03s 111004e 906544kB
after simplifyAdders: 0.06u 0.03s 111004e 906544kB
before optimizeLessThan: 0.06u 0.03s 111004e 906544kB
after optimizeLessThan: 0.06u 0.03s 111004e 906544kB
before reportUnresolvedType: 0.06u 0.03s 111004e 906544kB
after reportUnresolvedType: 0.06u 0.03s 111004e 906544kB
before dumpingPerModuleScm : 0.06u 0.03s 111004e 906544kB
after dumpingPerModuleScm : 0.06u 0.03s 111004e 906544kB

Processing alb_mss_fab_fifo_0000_0014
before constantPropagate: 0.06u 0.03s 111004e 906544kB
after constantPropagate: 0.06u 0.03s 111004e 906544kB
before removeUnusedSignals circuit: 0.06u 0.03s 111004e 906544kB
after removeUnusedSignals circuit: 0.06u 0.03s 111004e 906544kB
before optimize latch enable: 0.06u 0.03s 111004e 906544kB
after optimize latch enable: 0.06u 0.03s 111004e 906544kB
before removeReadAfterMissingWrite: 0.06u 0.03s 111004e 906544kB
after removeReadAfterMissingWrite: 0.06u 0.03s 111004e 906544kB
before undoDimensionalSplitOfMemories: 0.06u 0.03s 111004e 906544kB
after undoDimensionalSplitOfMemories: 0.06u 0.03s 111004e 906544kB
before extractMemories: 0.06u 0.03s 111004e 906544kB
after extractMemories: 0.06u 0.03s 111004e 906544kB
before extractHolds: 0.06u 0.03s 111004e 906544kB
after extractHolds: 0.06u 0.03s 111004e 906544kB
before simplifyAdders: 0.06u 0.03s 111004e 906544kB
after simplifyAdders: 0.06u 0.03s 111004e 906544kB
before optimizeLessThan: 0.06u 0.03s 111004e 906544kB
after optimizeLessThan: 0.06u 0.03s 111004e 906544kB
before reportUnresolvedType: 0.06u 0.03s 111004e 906544kB
after reportUnresolvedType: 0.06u 0.03s 111004e 906544kB
before dumpingPerModuleScm : 0.06u 0.03s 111004e 906544kB
after dumpingPerModuleScm : 0.06u 0.03s 111004e 906544kB

Processing alb_mss_fab_ibp_buffer_0000_0009
before constantPropagate: 0.06u 0.03s 111004e 906544kB
after constantPropagate: 0.06u 0.03s 111004e 906544kB
before removeUnusedSignals circuit: 0.06u 0.03s 111004e 906544kB
after removeUnusedSignals circuit: 0.06u 0.03s 111004e 906544kB
before optimize latch enable: 0.06u 0.03s 111004e 906544kB
after optimize latch enable: 0.06u 0.03s 111004e 906544kB
before removeReadAfterMissingWrite: 0.06u 0.03s 111004e 906544kB
after removeReadAfterMissingWrite: 0.06u 0.03s 111004e 906544kB
before undoDimensionalSplitOfMemories: 0.06u 0.03s 111004e 906544kB
after undoDimensionalSplitOfMemories: 0.06u 0.03s 111004e 906544kB
before extractMemories: 0.06u 0.03s 111004e 906544kB
after extractMemories: 0.06u 0.03s 111004e 906544kB
before extractHolds: 0.06u 0.03s 111004e 906544kB
after extractHolds: 0.06u 0.03s 111004e 906544kB
before simplifyAdders: 0.06u 0.03s 111004e 906544kB
after simplifyAdders: 0.06u 0.03s 111004e 906544kB
before optimizeLessThan: 0.06u 0.03s 111004e 906544kB
after optimizeLessThan: 0.06u 0.03s 111004e 906544kB
before reportUnresolvedType: 0.06u 0.03s 111004e 906544kB
after reportUnresolvedType: 0.06u 0.03s 111004e 906544kB
before dumpingPerModuleScm : 0.06u 0.03s 111004e 906544kB
after dumpingPerModuleScm : 0.06u 0.03s 111004e 906544kB

Processing alb_mss_fab_pack2ibp_0004
before constantPropagate: 0.06u 0.03s 111004e 906544kB
after constantPropagate: 0.06u 0.03s 111004e 906544kB
before removeUnusedSignals circuit: 0.06u 0.03s 111004e 906544kB
after removeUnusedSignals circuit: 0.06u 0.03s 111004e 906544kB
before optimize latch enable: 0.06u 0.03s 111004e 906544kB
after optimize latch enable: 0.06u 0.03s 111004e 906544kB
before removeReadAfterMissingWrite: 0.06u 0.03s 111004e 906544kB
after removeReadAfterMissingWrite: 0.06u 0.03s 111004e 906544kB
before undoDimensionalSplitOfMemories: 0.06u 0.03s 111004e 906544kB
after undoDimensionalSplitOfMemories: 0.06u 0.03s 111004e 906544kB
before extractMemories: 0.06u 0.03s 111004e 906544kB
after extractMemories: 0.06u 0.03s 111004e 906544kB
before extractHolds: 0.06u 0.03s 111004e 906544kB
after extractHolds: 0.06u 0.03s 111004e 906544kB
before simplifyAdders: 0.06u 0.03s 111004e 906544kB
after simplifyAdders: 0.06u 0.03s 111004e 906544kB
before optimizeLessThan: 0.06u 0.03s 111004e 906544kB
after optimizeLessThan: 0.06u 0.03s 111004e 906544kB
before reportUnresolvedType: 0.06u 0.03s 111004e 906544kB
after reportUnresolvedType: 0.06u 0.03s 111004e 906544kB
before dumpingPerModuleScm : 0.06u 0.03s 111004e 906544kB
after dumpingPerModuleScm : 0.06u 0.03s 111004e 906544kB

Processing alb_mss_fab_fifo_0005_0000
before constantPropagate: 0.06u 0.03s 111004e 906544kB
after constantPropagate: 0.06u 0.03s 111004e 906544kB
before removeUnusedSignals circuit: 0.06u 0.03s 111004e 906544kB
after removeUnusedSignals circuit: 0.06u 0.03s 111004e 906544kB
before optimize latch enable: 0.06u 0.03s 111004e 906544kB
after optimize latch enable: 0.06u 0.03s 111004e 906544kB
before removeReadAfterMissingWrite: 0.06u 0.03s 111004e 906544kB
after removeReadAfterMissingWrite: 0.06u 0.03s 111004e 906544kB
before undoDimensionalSplitOfMemories: 0.06u 0.03s 111004e 906544kB
after undoDimensionalSplitOfMemories: 0.06u 0.03s 111004e 906544kB
before extractMemories: 0.06u 0.03s 111004e 906544kB
after extractMemories: 0.06u 0.03s 111004e 906544kB
before extractHolds: 0.06u 0.03s 111004e 906544kB
after extractHolds: 0.06u 0.03s 111004e 906544kB
before simplifyAdders: 0.06u 0.03s 111004e 906544kB
after simplifyAdders: 0.06u 0.03s 111004e 906544kB
before optimizeLessThan: 0.06u 0.03s 111004e 906544kB
after optimizeLessThan: 0.06u 0.03s 111004e 906544kB
before reportUnresolvedType: 0.06u 0.03s 111004e 906544kB
after reportUnresolvedType: 0.06u 0.03s 111004e 906544kB
before dumpingPerModuleScm : 0.06u 0.03s 111004e 906544kB
after dumpingPerModuleScm : 0.06u 0.03s 111004e 906544kB

Processing alb_mss_fab_ibp2single_0000_0000
before constantPropagate: 0.06u 0.03s 111004e 906544kB
after constantPropagate: 0.07u 0.03s 111004e 906544kB
before removeUnusedSignals circuit: 0.07u 0.03s 111004e 906544kB
after removeUnusedSignals circuit: 0.07u 0.03s 111004e 906544kB
before optimize latch enable: 0.07u 0.03s 111004e 906544kB
after optimize latch enable: 0.07u 0.03s 111004e 906544kB
before removeReadAfterMissingWrite: 0.07u 0.03s 111004e 906544kB
after removeReadAfterMissingWrite: 0.07u 0.03s 111004e 906544kB
before undoDimensionalSplitOfMemories: 0.07u 0.03s 111004e 906544kB
after undoDimensionalSplitOfMemories: 0.07u 0.03s 111004e 906544kB
before extractMemories: 0.07u 0.03s 111004e 906544kB
after extractMemories: 0.07u 0.03s 111004e 906544kB
before extractHolds: 0.07u 0.03s 111004e 906544kB
after extractHolds: 0.07u 0.03s 111004e 906544kB
before simplifyAdders: 0.07u 0.03s 111004e 906544kB
after simplifyAdders: 0.07u 0.03s 111004e 906544kB
before optimizeLessThan: 0.07u 0.03s 111004e 906544kB
after optimizeLessThan: 0.07u 0.03s 111004e 906544kB
before reportUnresolvedType: 0.07u 0.03s 111004e 906544kB
after reportUnresolvedType: 0.07u 0.03s 111004e 906544kB
before dumpingPerModuleScm : 0.07u 0.03s 111004e 906544kB
after dumpingPerModuleScm : 0.07u 0.03s 111004e 906544kB

Processing alb_mss_fab_mst_axi_buffer
before constantPropagate: 0.07u 0.03s 111004e 906544kB
after constantPropagate: 0.07u 0.03s 111004e 906544kB
before removeUnusedSignals circuit: 0.07u 0.03s 111004e 906544kB
after removeUnusedSignals circuit: 0.07u 0.03s 111004e 906544kB
before optimize latch enable: 0.07u 0.03s 111004e 906544kB
after optimize latch enable: 0.07u 0.03s 111004e 906544kB
before removeReadAfterMissingWrite: 0.07u 0.03s 111004e 906544kB
after removeReadAfterMissingWrite: 0.07u 0.03s 111004e 906544kB
before undoDimensionalSplitOfMemories: 0.07u 0.03s 111004e 906544kB
after undoDimensionalSplitOfMemories: 0.07u 0.03s 111004e 906544kB
before extractMemories: 0.07u 0.03s 111004e 906544kB
after extractMemories: 0.07u 0.03s 111004e 906544kB
before extractHolds: 0.07u 0.03s 111004e 906544kB
after extractHolds: 0.07u 0.03s 111004e 906544kB
before simplifyAdders: 0.07u 0.03s 111004e 906544kB
after simplifyAdders: 0.07u 0.03s 111004e 906544kB
before optimizeLessThan: 0.07u 0.03s 111004e 906544kB
after optimizeLessThan: 0.07u 0.03s 111004e 906544kB
before reportUnresolvedType: 0.07u 0.03s 111004e 906544kB
after reportUnresolvedType: 0.07u 0.03s 111004e 906544kB
before dumpingPerModuleScm : 0.07u 0.03s 111004e 906544kB
after dumpingPerModuleScm : 0.07u 0.03s 111004e 906544kB

Processing alb_mss_clkctrl_clken_gen
before constantPropagate: 0.07u 0.03s 111004e 906544kB
after constantPropagate: 0.07u 0.03s 111004e 906544kB
before removeUnusedSignals circuit: 0.07u 0.03s 111004e 906544kB
after removeUnusedSignals circuit: 0.07u 0.03s 111004e 906544kB
before optimize latch enable: 0.07u 0.03s 111004e 906544kB
after optimize latch enable: 0.07u 0.03s 111004e 906544kB
before removeReadAfterMissingWrite: 0.07u 0.03s 111004e 906544kB
after removeReadAfterMissingWrite: 0.07u 0.03s 111004e 906544kB
before undoDimensionalSplitOfMemories: 0.07u 0.03s 111004e 906544kB
after undoDimensionalSplitOfMemories: 0.07u 0.03s 111004e 906544kB
before extractMemories: 0.07u 0.03s 111004e 906544kB
after extractMemories: 0.07u 0.03s 111004e 906544kB
before extractHolds: 0.07u 0.03s 111004e 906544kB
after extractHolds: 0.07u 0.03s 111007e 906544kB
before simplifyAdders: 0.07u 0.03s 111007e 906544kB
after simplifyAdders: 0.07u 0.03s 111007e 906544kB
before optimizeLessThan: 0.07u 0.03s 111007e 906544kB
after optimizeLessThan: 0.07u 0.03s 111007e 906544kB
before reportUnresolvedType: 0.07u 0.03s 111007e 906544kB
after reportUnresolvedType: 0.07u 0.03s 111007e 906544kB
before dumpingPerModuleScm : 0.07u 0.03s 111007e 906544kB
after dumpingPerModuleScm : 0.08u 0.03s 111007e 906544kB

Processing ZebuClockDetectFront_81
before constantPropagate: 0.08u 0.03s 111007e 906544kB
after constantPropagate: 0.08u 0.03s 111007e 906544kB
before removeUnusedSignals circuit: 0.08u 0.03s 111007e 906544kB
after removeUnusedSignals circuit: 0.08u 0.03s 111007e 906544kB
before optimize latch enable: 0.08u 0.03s 111007e 906544kB
after optimize latch enable: 0.08u 0.03s 111007e 906544kB
before removeReadAfterMissingWrite: 0.08u 0.03s 111007e 906544kB
after removeReadAfterMissingWrite: 0.08u 0.03s 111007e 906544kB
before undoDimensionalSplitOfMemories: 0.08u 0.03s 111007e 906544kB
after undoDimensionalSplitOfMemories: 0.08u 0.03s 111007e 906544kB
before extractMemories: 0.08u 0.03s 111007e 906544kB
after extractMemories: 0.08u 0.03s 111007e 906544kB
before extractHolds: 0.08u 0.03s 111007e 906544kB
after extractHolds: 0.08u 0.03s 111007e 906544kB
before simplifyAdders: 0.08u 0.03s 111007e 906544kB
after simplifyAdders: 0.08u 0.03s 111007e 906544kB
before optimizeLessThan: 0.08u 0.03s 111007e 906544kB
after optimizeLessThan: 0.08u 0.03s 111007e 906544kB
before reportUnresolvedType: 0.08u 0.03s 111007e 906544kB
after reportUnresolvedType: 0.08u 0.03s 111007e 906544kB
before dumpingPerModuleScm : 0.08u 0.03s 111007e 906544kB
after dumpingPerModuleScm : 0.08u 0.03s 111007e 906544kB

Processing ZebuClockDetectFront_86
before constantPropagate: 0.08u 0.03s 111007e 906544kB
after constantPropagate: 0.08u 0.03s 111007e 906544kB
before removeUnusedSignals circuit: 0.08u 0.03s 111007e 906544kB
after removeUnusedSignals circuit: 0.08u 0.03s 111007e 906544kB
before optimize latch enable: 0.08u 0.03s 111007e 906544kB
after optimize latch enable: 0.08u 0.03s 111007e 906544kB
before removeReadAfterMissingWrite: 0.08u 0.03s 111007e 906544kB
after removeReadAfterMissingWrite: 0.08u 0.03s 111007e 906544kB
before undoDimensionalSplitOfMemories: 0.08u 0.03s 111007e 906544kB
after undoDimensionalSplitOfMemories: 0.08u 0.03s 111007e 906544kB
before extractMemories: 0.08u 0.03s 111007e 906544kB
after extractMemories: 0.08u 0.03s 111007e 906544kB
before extractHolds: 0.08u 0.03s 111007e 906544kB
after extractHolds: 0.08u 0.03s 111007e 906544kB
before simplifyAdders: 0.08u 0.03s 111007e 906544kB
after simplifyAdders: 0.08u 0.03s 111007e 906544kB
before optimizeLessThan: 0.08u 0.03s 111007e 906544kB
after optimizeLessThan: 0.08u 0.03s 111007e 906544kB
before reportUnresolvedType: 0.08u 0.03s 111007e 906544kB
after reportUnresolvedType: 0.08u 0.03s 111007e 906544kB
before dumpingPerModuleScm : 0.08u 0.03s 111007e 906544kB
after dumpingPerModuleScm : 0.08u 0.03s 111007e 906544kB

Processing ZebuClockDetectFront_93
before constantPropagate: 0.08u 0.03s 111007e 906544kB
after constantPropagate: 0.08u 0.03s 111007e 906544kB
before removeUnusedSignals circuit: 0.08u 0.03s 111007e 906544kB
after removeUnusedSignals circuit: 0.08u 0.03s 111007e 906544kB
before optimize latch enable: 0.08u 0.03s 111007e 906544kB
after optimize latch enable: 0.08u 0.03s 111007e 906544kB
before removeReadAfterMissingWrite: 0.08u 0.03s 111007e 906544kB
after removeReadAfterMissingWrite: 0.08u 0.03s 111007e 906544kB
before undoDimensionalSplitOfMemories: 0.08u 0.03s 111007e 906544kB
after undoDimensionalSplitOfMemories: 0.08u 0.03s 111007e 906544kB
before extractMemories: 0.08u 0.03s 111007e 906544kB
after extractMemories: 0.08u 0.03s 111007e 906544kB
before extractHolds: 0.08u 0.03s 111007e 906544kB
after extractHolds: 0.08u 0.03s 111007e 906544kB
before simplifyAdders: 0.08u 0.03s 111007e 906544kB
after simplifyAdders: 0.08u 0.03s 111007e 906544kB
before optimizeLessThan: 0.08u 0.03s 111007e 906544kB
after optimizeLessThan: 0.08u 0.03s 111007e 906544kB
before reportUnresolvedType: 0.08u 0.03s 111007e 906544kB
after reportUnresolvedType: 0.08u 0.03s 111007e 906544kB
before dumpingPerModuleScm : 0.08u 0.03s 111007e 906544kB
after dumpingPerModuleScm : 0.08u 0.03s 111007e 906544kB

Processing ZebuClockDetectFront_97
before constantPropagate: 0.08u 0.03s 111007e 906544kB
after constantPropagate: 0.08u 0.03s 111007e 906544kB
before removeUnusedSignals circuit: 0.08u 0.03s 111007e 906544kB
after removeUnusedSignals circuit: 0.08u 0.03s 111007e 906544kB
before optimize latch enable: 0.08u 0.03s 111007e 906544kB
after optimize latch enable: 0.08u 0.03s 111007e 906544kB
before removeReadAfterMissingWrite: 0.08u 0.03s 111007e 906544kB
after removeReadAfterMissingWrite: 0.08u 0.03s 111007e 906544kB
before undoDimensionalSplitOfMemories: 0.08u 0.03s 111007e 906544kB
after undoDimensionalSplitOfMemories: 0.08u 0.03s 111007e 906544kB
before extractMemories: 0.08u 0.03s 111007e 906544kB
after extractMemories: 0.08u 0.03s 111007e 906544kB
before extractHolds: 0.08u 0.03s 111007e 906544kB
after extractHolds: 0.08u 0.03s 111007e 906544kB
before simplifyAdders: 0.08u 0.03s 111007e 906544kB
after simplifyAdders: 0.08u 0.03s 111007e 906544kB
before optimizeLessThan: 0.08u 0.03s 111007e 906544kB
after optimizeLessThan: 0.08u 0.03s 111007e 906544kB
before reportUnresolvedType: 0.08u 0.03s 111007e 906544kB
after reportUnresolvedType: 0.08u 0.03s 111007e 906544kB
before dumpingPerModuleScm : 0.08u 0.03s 111007e 906544kB
after dumpingPerModuleScm : 0.08u 0.03s 111007e 906544kB

Processing ZebuClockDetectFront_58
before constantPropagate: 0.08u 0.03s 111007e 906544kB
after constantPropagate: 0.08u 0.04s 111007e 906544kB
before removeUnusedSignals circuit: 0.08u 0.04s 111007e 906544kB
after removeUnusedSignals circuit: 0.08u 0.04s 111007e 906544kB
before optimize latch enable: 0.08u 0.04s 111007e 906544kB
after optimize latch enable: 0.08u 0.04s 111007e 906544kB
before removeReadAfterMissingWrite: 0.08u 0.04s 111007e 906544kB
after removeReadAfterMissingWrite: 0.08u 0.04s 111007e 906544kB
before undoDimensionalSplitOfMemories: 0.08u 0.04s 111007e 906544kB
after undoDimensionalSplitOfMemories: 0.08u 0.04s 111007e 906544kB
before extractMemories: 0.08u 0.04s 111007e 906544kB
after extractMemories: 0.08u 0.04s 111007e 906544kB
before extractHolds: 0.08u 0.04s 111007e 906544kB
after extractHolds: 0.08u 0.04s 111007e 906544kB
before simplifyAdders: 0.08u 0.04s 111007e 906544kB
after simplifyAdders: 0.08u 0.04s 111007e 906544kB
before optimizeLessThan: 0.08u 0.04s 111007e 906544kB
after optimizeLessThan: 0.08u 0.04s 111007e 906544kB
before reportUnresolvedType: 0.08u 0.04s 111007e 906544kB
after reportUnresolvedType: 0.08u 0.04s 111007e 906544kB
before dumpingPerModuleScm : 0.08u 0.04s 111007e 906544kB
after dumpingPerModuleScm : 0.08u 0.04s 111007e 906544kB

Processing ZebuClockDetectFront_66
before constantPropagate: 0.08u 0.04s 111007e 906544kB
after constantPropagate: 0.08u 0.04s 111007e 906544kB
before removeUnusedSignals circuit: 0.08u 0.04s 111007e 906544kB
after removeUnusedSignals circuit: 0.08u 0.04s 111007e 906544kB
before optimize latch enable: 0.08u 0.04s 111007e 906544kB
after optimize latch enable: 0.08u 0.04s 111007e 906544kB
before removeReadAfterMissingWrite: 0.08u 0.04s 111007e 906544kB
after removeReadAfterMissingWrite: 0.08u 0.04s 111007e 906544kB
before undoDimensionalSplitOfMemories: 0.08u 0.04s 111007e 906544kB
after undoDimensionalSplitOfMemories: 0.08u 0.04s 111007e 906544kB
before extractMemories: 0.08u 0.04s 111007e 906544kB
after extractMemories: 0.08u 0.04s 111007e 906544kB
before extractHolds: 0.08u 0.04s 111007e 906544kB
after extractHolds: 0.08u 0.04s 111007e 906544kB
before simplifyAdders: 0.08u 0.04s 111007e 906544kB
after simplifyAdders: 0.08u 0.04s 111007e 906544kB
before optimizeLessThan: 0.08u 0.04s 111007e 906544kB
after optimizeLessThan: 0.08u 0.04s 111007e 906544kB
before reportUnresolvedType: 0.08u 0.04s 111007e 906544kB
after reportUnresolvedType: 0.08u 0.04s 111007e 906544kB
before dumpingPerModuleScm : 0.08u 0.04s 111007e 906544kB
after dumpingPerModuleScm : 0.08u 0.04s 111007e 906544kB

Processing ZebuClockDetectFront_67
before constantPropagate: 0.08u 0.04s 111007e 906544kB
after constantPropagate: 0.08u 0.04s 111007e 906544kB
before removeUnusedSignals circuit: 0.08u 0.04s 111007e 906544kB
after removeUnusedSignals circuit: 0.08u 0.04s 111007e 906544kB
before optimize latch enable: 0.08u 0.04s 111007e 906544kB
after optimize latch enable: 0.08u 0.04s 111007e 906544kB
before removeReadAfterMissingWrite: 0.08u 0.04s 111007e 906544kB
after removeReadAfterMissingWrite: 0.08u 0.04s 111007e 906544kB
before undoDimensionalSplitOfMemories: 0.08u 0.04s 111007e 906544kB
after undoDimensionalSplitOfMemories: 0.08u 0.04s 111007e 906544kB
before extractMemories: 0.08u 0.04s 111007e 906544kB
after extractMemories: 0.08u 0.04s 111007e 906544kB
before extractHolds: 0.08u 0.04s 111007e 906544kB
after extractHolds: 0.08u 0.04s 111007e 906544kB
before simplifyAdders: 0.08u 0.04s 111007e 906544kB
after simplifyAdders: 0.08u 0.04s 111007e 906544kB
before optimizeLessThan: 0.08u 0.04s 111007e 906544kB
after optimizeLessThan: 0.08u 0.04s 111007e 906544kB
before reportUnresolvedType: 0.08u 0.04s 111007e 906544kB
after reportUnresolvedType: 0.08u 0.04s 111007e 906544kB
before dumpingPerModuleScm : 0.08u 0.04s 111007e 906544kB
after dumpingPerModuleScm : 0.08u 0.04s 111007e 906544kB

Processing xtor_amba_slave_axi3_svs
before constantPropagate: 0.08u 0.04s 111007e 906544kB
after constantPropagate: 0.08u 0.04s 110999e 906544kB
before removeUnusedSignals circuit: 0.08u 0.04s 110999e 906544kB
after removeUnusedSignals circuit: 0.08u 0.04s 110999e 906544kB
before optimize latch enable: 0.08u 0.04s 110999e 906544kB
after optimize latch enable: 0.08u 0.04s 110999e 906544kB
before removeReadAfterMissingWrite: 0.08u 0.04s 110999e 906544kB
after removeReadAfterMissingWrite: 0.09u 0.04s 110999e 906544kB
before undoDimensionalSplitOfMemories: 0.09u 0.04s 110999e 906544kB
after undoDimensionalSplitOfMemories: 0.09u 0.04s 110999e 906544kB
before extractMemories: 0.09u 0.04s 110999e 906544kB
after extractMemories: 0.09u 0.04s 110999e 906544kB
before extractHolds: 0.09u 0.04s 110999e 906544kB
after extractHolds: 0.1u 0.04s 111243e 906544kB
before simplifyAdders: 0.1u 0.04s 111243e 906544kB
after simplifyAdders: 0.1u 0.04s 111243e 906544kB
before optimizeLessThan: 0.1u 0.04s 111243e 906544kB
after optimizeLessThan: 0.1u 0.04s 111243e 906544kB
before reportUnresolvedType: 0.1u 0.04s 111243e 906544kB
after reportUnresolvedType: 0.1u 0.04s 111243e 906544kB
before dumpingPerModuleScm : 0.1u 0.04s 111243e 906544kB
after dumpingPerModuleScm : 0.12u 0.04s 111243e 906544kB

Processing alb_mss_mem_fifo_0000_0001
before constantPropagate: 0.12u 0.04s 111243e 906544kB
after constantPropagate: 0.12u 0.04s 111243e 906544kB
before removeUnusedSignals circuit: 0.12u 0.04s 111243e 906544kB
after removeUnusedSignals circuit: 0.12u 0.04s 111243e 906544kB
before optimize latch enable: 0.12u 0.04s 111243e 906544kB
after optimize latch enable: 0.12u 0.04s 111243e 906544kB
before removeReadAfterMissingWrite: 0.12u 0.04s 111243e 906544kB
after removeReadAfterMissingWrite: 0.12u 0.04s 111243e 906544kB
before undoDimensionalSplitOfMemories: 0.12u 0.04s 111243e 906544kB
after undoDimensionalSplitOfMemories: 0.12u 0.04s 111243e 906544kB
before extractMemories: 0.12u 0.04s 111243e 906544kB
after extractMemories: 0.12u 0.04s 111243e 906544kB
before extractHolds: 0.12u 0.04s 111243e 906544kB
after extractHolds: 0.12u 0.04s 111243e 906544kB
before simplifyAdders: 0.12u 0.04s 111243e 906544kB
after simplifyAdders: 0.12u 0.04s 111243e 906544kB
before optimizeLessThan: 0.12u 0.04s 111243e 906544kB
after optimizeLessThan: 0.12u 0.04s 111243e 906544kB
before reportUnresolvedType: 0.12u 0.04s 111243e 906544kB
after reportUnresolvedType: 0.12u 0.04s 111243e 906544kB
before dumpingPerModuleScm : 0.12u 0.04s 111243e 906544kB
after dumpingPerModuleScm : 0.12u 0.04s 111243e 906544kB

Processing alb_mss_mem_fifo_0003
before constantPropagate: 0.12u 0.04s 111243e 906544kB
after constantPropagate: 0.12u 0.04s 111243e 906544kB
before removeUnusedSignals circuit: 0.12u 0.04s 111243e 906544kB
after removeUnusedSignals circuit: 0.12u 0.04s 111243e 906544kB
before optimize latch enable: 0.12u 0.04s 111243e 906544kB
after optimize latch enable: 0.12u 0.04s 111243e 906544kB
before removeReadAfterMissingWrite: 0.12u 0.04s 111243e 906544kB
after removeReadAfterMissingWrite: 0.12u 0.04s 111243e 906544kB
before undoDimensionalSplitOfMemories: 0.12u 0.04s 111243e 906544kB
after undoDimensionalSplitOfMemories: 0.12u 0.04s 111243e 906544kB
before extractMemories: 0.12u 0.04s 111243e 906544kB
after extractMemories: 0.12u 0.04s 111243e 906544kB
before extractHolds: 0.12u 0.04s 111243e 906544kB
after extractHolds: 0.12u 0.04s 111243e 906544kB
before simplifyAdders: 0.12u 0.04s 111243e 906544kB
after simplifyAdders: 0.13u 0.04s 111243e 906544kB
before optimizeLessThan: 0.13u 0.04s 111243e 906544kB
after optimizeLessThan: 0.13u 0.04s 111243e 906544kB
before reportUnresolvedType: 0.13u 0.04s 111243e 906544kB
after reportUnresolvedType: 0.13u 0.04s 111243e 906544kB
before dumpingPerModuleScm : 0.13u 0.04s 111243e 906544kB
after dumpingPerModuleScm : 0.13u 0.04s 111243e 906544kB

Processing alb_mss_mem
before constantPropagate: 0.13u 0.04s 111243e 906544kB
after constantPropagate: 0.13u 0.04s 111243e 906544kB
before removeUnusedSignals circuit: 0.13u 0.04s 111243e 906544kB
after removeUnusedSignals circuit: 0.13u 0.04s 111243e 906544kB
before optimize latch enable: 0.13u 0.04s 111243e 906544kB
after optimize latch enable: 0.13u 0.04s 111243e 906544kB
before removeReadAfterMissingWrite: 0.13u 0.04s 111243e 906544kB
after removeReadAfterMissingWrite: 0.13u 0.04s 111243e 906544kB
before undoDimensionalSplitOfMemories: 0.13u 0.04s 111243e 906544kB
after undoDimensionalSplitOfMemories: 0.13u 0.04s 111243e 906544kB
before extractMemories: 0.13u 0.04s 111243e 906544kB
after extractMemories: 0.13u 0.04s 111243e 906544kB
before extractHolds: 0.13u 0.04s 111243e 906544kB
after extractHolds: 0.13u 0.04s 111243e 906544kB
before simplifyAdders: 0.13u 0.04s 111243e 906544kB
after simplifyAdders: 0.13u 0.04s 111243e 906544kB
before optimizeLessThan: 0.13u 0.04s 111243e 906544kB
after optimizeLessThan: 0.13u 0.04s 111243e 906544kB
before reportUnresolvedType: 0.13u 0.04s 111243e 906544kB
after reportUnresolvedType: 0.13u 0.04s 111243e 906544kB
before dumpingPerModuleScm : 0.13u 0.04s 111243e 906544kB
after dumpingPerModuleScm : 0.13u 0.04s 111243e 906544kB

Processing ZebuClockDetectFront_42
before constantPropagate: 0.13u 0.04s 111243e 906544kB
after constantPropagate: 0.13u 0.04s 111243e 906544kB
before removeUnusedSignals circuit: 0.13u 0.04s 111243e 906544kB
after removeUnusedSignals circuit: 0.13u 0.04s 111243e 906544kB
before optimize latch enable: 0.13u 0.04s 111243e 906544kB
after optimize latch enable: 0.13u 0.04s 111243e 906544kB
before removeReadAfterMissingWrite: 0.13u 0.04s 111243e 906544kB
after removeReadAfterMissingWrite: 0.13u 0.04s 111243e 906544kB
before undoDimensionalSplitOfMemories: 0.13u 0.04s 111243e 906544kB
after undoDimensionalSplitOfMemories: 0.13u 0.04s 111243e 906544kB
before extractMemories: 0.13u 0.04s 111243e 906544kB
after extractMemories: 0.13u 0.04s 111243e 906544kB
before extractHolds: 0.13u 0.04s 111243e 906544kB
after extractHolds: 0.13u 0.04s 111243e 906544kB
before simplifyAdders: 0.13u 0.04s 111243e 906544kB
after simplifyAdders: 0.13u 0.04s 111243e 906544kB
before optimizeLessThan: 0.13u 0.04s 111243e 906544kB
after optimizeLessThan: 0.13u 0.04s 111243e 906544kB
before reportUnresolvedType: 0.13u 0.04s 111243e 906544kB
after reportUnresolvedType: 0.13u 0.04s 111243e 906544kB
before dumpingPerModuleScm : 0.13u 0.04s 111243e 906544kB
after dumpingPerModuleScm : 0.13u 0.04s 111243e 906544kB

Processing ZebuClockDetectFront_41
before constantPropagate: 0.14u 0.04s 111243e 906544kB
after constantPropagate: 0.14u 0.04s 111243e 906544kB
before removeUnusedSignals circuit: 0.14u 0.04s 111243e 906544kB
after removeUnusedSignals circuit: 0.14u 0.04s 111243e 906544kB
before optimize latch enable: 0.14u 0.04s 111243e 906544kB
after optimize latch enable: 0.14u 0.04s 111243e 906544kB
before removeReadAfterMissingWrite: 0.14u 0.04s 111243e 906544kB
after removeReadAfterMissingWrite: 0.14u 0.04s 111243e 906544kB
before undoDimensionalSplitOfMemories: 0.14u 0.04s 111243e 906544kB
after undoDimensionalSplitOfMemories: 0.14u 0.04s 111243e 906544kB
before extractMemories: 0.14u 0.04s 111243e 906544kB
after extractMemories: 0.14u 0.04s 111243e 906544kB
before extractHolds: 0.14u 0.04s 111243e 906544kB
after extractHolds: 0.14u 0.04s 111243e 906544kB
before simplifyAdders: 0.14u 0.04s 111243e 906544kB
after simplifyAdders: 0.14u 0.04s 111243e 906544kB
before optimizeLessThan: 0.14u 0.04s 111243e 906544kB
after optimizeLessThan: 0.14u 0.04s 111243e 906544kB
before reportUnresolvedType: 0.14u 0.04s 111243e 906544kB
after reportUnresolvedType: 0.14u 0.04s 111243e 906544kB
before dumpingPerModuleScm : 0.14u 0.04s 111243e 906544kB
after dumpingPerModuleScm : 0.14u 0.04s 111243e 906544kB

Processing zz_Encrypt_6
before constantPropagate: 0.14u 0.04s 111243e 906544kB
after constantPropagate: 0.14u 0.04s 111243e 906544kB
before removeUnusedSignals circuit: 0.14u 0.04s 111243e 906544kB
after removeUnusedSignals circuit: 0.14u 0.04s 111243e 906544kB
before optimize latch enable: 0.14u 0.04s 111243e 906544kB
after optimize latch enable: 0.14u 0.04s 111243e 906544kB
before removeReadAfterMissingWrite: 0.14u 0.04s 111243e 906544kB
after removeReadAfterMissingWrite: 0.14u 0.04s 111243e 906544kB
before undoDimensionalSplitOfMemories: 0.14u 0.04s 111243e 906544kB
after undoDimensionalSplitOfMemories: 0.14u 0.04s 111243e 906544kB
before extractMemories: 0.14u 0.04s 111243e 906544kB
after extractMemories: 0.14u 0.04s 111243e 906544kB
before extractHolds: 0.14u 0.04s 111243e 906544kB
after extractHolds: 0.14u 0.04s 111249e 906544kB
before simplifyAdders: 0.14u 0.04s 111249e 906544kB
after simplifyAdders: 0.14u 0.04s 111249e 906544kB
before optimizeLessThan: 0.14u 0.04s 111249e 906544kB
after optimizeLessThan: 0.14u 0.04s 111249e 906544kB
before reportUnresolvedType: 0.14u 0.04s 111249e 906544kB
after reportUnresolvedType: 0.14u 0.04s 111249e 906544kB
before dumpingPerModuleScm : 0.14u 0.04s 111249e 906544kB
after dumpingPerModuleScm : 0.14u 0.04s 111249e 906544kB

Processing ZebuClockDetectFront_53
before constantPropagate: 0.14u 0.04s 111249e 906544kB
after constantPropagate: 0.14u 0.04s 111249e 906544kB
before removeUnusedSignals circuit: 0.14u 0.04s 111249e 906544kB
after removeUnusedSignals circuit: 0.14u 0.04s 111249e 906544kB
before optimize latch enable: 0.14u 0.04s 111249e 906544kB
after optimize latch enable: 0.14u 0.04s 111249e 906544kB
before removeReadAfterMissingWrite: 0.14u 0.04s 111249e 906544kB
after removeReadAfterMissingWrite: 0.14u 0.04s 111249e 906544kB
before undoDimensionalSplitOfMemories: 0.14u 0.04s 111249e 906544kB
after undoDimensionalSplitOfMemories: 0.14u 0.04s 111249e 906544kB
before extractMemories: 0.14u 0.04s 111249e 906544kB
after extractMemories: 0.14u 0.04s 111249e 906544kB
before extractHolds: 0.14u 0.04s 111249e 906544kB
after extractHolds: 0.14u 0.04s 111249e 906544kB
before simplifyAdders: 0.14u 0.04s 111249e 906544kB
after simplifyAdders: 0.14u 0.04s 111249e 906544kB
before optimizeLessThan: 0.14u 0.04s 111249e 906544kB
after optimizeLessThan: 0.14u 0.04s 111249e 906544kB
before reportUnresolvedType: 0.14u 0.04s 111249e 906544kB
after reportUnresolvedType: 0.14u 0.04s 111249e 906544kB
before dumpingPerModuleScm : 0.14u 0.04s 111249e 906544kB
after dumpingPerModuleScm : 0.14u 0.04s 111249e 906544kB

Processing ZebuClockDetectFront_9
before constantPropagate: 0.14u 0.04s 111249e 906544kB
after constantPropagate: 0.14u 0.04s 111249e 906544kB
before removeUnusedSignals circuit: 0.14u 0.04s 111249e 906544kB
after removeUnusedSignals circuit: 0.14u 0.04s 111249e 906544kB
before optimize latch enable: 0.14u 0.04s 111249e 906544kB
after optimize latch enable: 0.14u 0.04s 111249e 906544kB
before removeReadAfterMissingWrite: 0.14u 0.04s 111249e 906544kB
after removeReadAfterMissingWrite: 0.14u 0.04s 111249e 906544kB
before undoDimensionalSplitOfMemories: 0.14u 0.04s 111249e 906544kB
after undoDimensionalSplitOfMemories: 0.14u 0.04s 111249e 906544kB
before extractMemories: 0.14u 0.04s 111249e 906544kB
after extractMemories: 0.14u 0.04s 111249e 906544kB
before extractHolds: 0.14u 0.04s 111249e 906544kB
after extractHolds: 0.14u 0.04s 111249e 906544kB
before simplifyAdders: 0.14u 0.04s 111249e 906544kB
after simplifyAdders: 0.14u 0.04s 111249e 906544kB
before optimizeLessThan: 0.14u 0.04s 111249e 906544kB
after optimizeLessThan: 0.14u 0.04s 111249e 906544kB
before reportUnresolvedType: 0.14u 0.04s 111249e 906544kB
after reportUnresolvedType: 0.14u 0.04s 111249e 906544kB
before dumpingPerModuleScm : 0.14u 0.04s 111249e 906544kB
after dumpingPerModuleScm : 0.14u 0.04s 111249e 906544kB

Processing ZebuClockDetectFront_15
before constantPropagate: 0.14u 0.04s 111249e 906544kB
after constantPropagate: 0.14u 0.04s 111249e 906544kB
before removeUnusedSignals circuit: 0.14u 0.04s 111249e 906544kB
after removeUnusedSignals circuit: 0.14u 0.04s 111249e 906544kB
before optimize latch enable: 0.14u 0.04s 111249e 906544kB
after optimize latch enable: 0.14u 0.04s 111249e 906544kB
before removeReadAfterMissingWrite: 0.14u 0.04s 111249e 906544kB
after removeReadAfterMissingWrite: 0.14u 0.04s 111249e 906544kB
before undoDimensionalSplitOfMemories: 0.14u 0.04s 111249e 906544kB
after undoDimensionalSplitOfMemories: 0.14u 0.04s 111249e 906544kB
before extractMemories: 0.14u 0.04s 111249e 906544kB
after extractMemories: 0.14u 0.05s 111249e 906544kB
before extractHolds: 0.14u 0.05s 111249e 906544kB
after extractHolds: 0.14u 0.05s 111249e 906544kB
before simplifyAdders: 0.14u 0.05s 111249e 906544kB
after simplifyAdders: 0.14u 0.05s 111249e 906544kB
before optimizeLessThan: 0.14u 0.05s 111249e 906544kB
after optimizeLessThan: 0.14u 0.05s 111249e 906544kB
before reportUnresolvedType: 0.14u 0.05s 111249e 906544kB
after reportUnresolvedType: 0.14u 0.05s 111249e 906544kB
before dumpingPerModuleScm : 0.14u 0.05s 111249e 906544kB
after dumpingPerModuleScm : 0.14u 0.05s 111249e 906544kB

Processing ZebuClockDetectFront_21
before constantPropagate: 0.14u 0.05s 111249e 906544kB
after constantPropagate: 0.14u 0.05s 111249e 906544kB
before removeUnusedSignals circuit: 0.14u 0.05s 111249e 906544kB
after removeUnusedSignals circuit: 0.14u 0.05s 111249e 906544kB
before optimize latch enable: 0.14u 0.05s 111249e 906544kB
after optimize latch enable: 0.14u 0.05s 111249e 906544kB
before removeReadAfterMissingWrite: 0.14u 0.05s 111249e 906544kB
after removeReadAfterMissingWrite: 0.14u 0.05s 111249e 906544kB
before undoDimensionalSplitOfMemories: 0.14u 0.05s 111249e 906544kB
after undoDimensionalSplitOfMemories: 0.14u 0.05s 111249e 906544kB
before extractMemories: 0.14u 0.05s 111249e 906544kB
after extractMemories: 0.14u 0.05s 111249e 906544kB
before extractHolds: 0.14u 0.05s 111249e 906544kB
after extractHolds: 0.14u 0.05s 111249e 906544kB
before simplifyAdders: 0.14u 0.05s 111249e 906544kB
after simplifyAdders: 0.14u 0.05s 111249e 906544kB
before optimizeLessThan: 0.14u 0.05s 111249e 906544kB
after optimizeLessThan: 0.14u 0.05s 111249e 906544kB
before reportUnresolvedType: 0.14u 0.05s 111249e 906544kB
after reportUnresolvedType: 0.14u 0.05s 111249e 906544kB
before dumpingPerModuleScm : 0.14u 0.05s 111249e 906544kB
after dumpingPerModuleScm : 0.15u 0.05s 111249e 906544kB

Processing ZebuClockDetectFront_28
before constantPropagate: 0.15u 0.05s 111249e 906544kB
after constantPropagate: 0.15u 0.05s 111249e 906544kB
before removeUnusedSignals circuit: 0.15u 0.05s 111249e 906544kB
after removeUnusedSignals circuit: 0.15u 0.05s 111249e 906544kB
before optimize latch enable: 0.15u 0.05s 111249e 906544kB
after optimize latch enable: 0.15u 0.05s 111249e 906544kB
before removeReadAfterMissingWrite: 0.15u 0.05s 111249e 906544kB
after removeReadAfterMissingWrite: 0.15u 0.05s 111249e 906544kB
before undoDimensionalSplitOfMemories: 0.15u 0.05s 111249e 906544kB
after undoDimensionalSplitOfMemories: 0.15u 0.05s 111249e 906544kB
before extractMemories: 0.15u 0.05s 111249e 906544kB
after extractMemories: 0.15u 0.05s 111249e 906544kB
before extractHolds: 0.15u 0.05s 111249e 906544kB
after extractHolds: 0.15u 0.05s 111249e 906544kB
before simplifyAdders: 0.15u 0.05s 111249e 906544kB
after simplifyAdders: 0.15u 0.05s 111249e 906544kB
before optimizeLessThan: 0.15u 0.05s 111249e 906544kB
after optimizeLessThan: 0.15u 0.05s 111249e 906544kB
before reportUnresolvedType: 0.15u 0.05s 111249e 906544kB
after reportUnresolvedType: 0.15u 0.05s 111249e 906544kB
before dumpingPerModuleScm : 0.15u 0.05s 111249e 906544kB
after dumpingPerModuleScm : 0.15u 0.05s 111249e 906544kB

Processing zebu_axi_xtor
before constantPropagate: 0.15u 0.05s 111249e 906544kB
after constantPropagate: 0.15u 0.05s 111249e 906544kB
before removeUnusedSignals circuit: 0.15u 0.05s 111249e 906544kB
after removeUnusedSignals circuit: 0.15u 0.05s 111249e 906544kB
before optimize latch enable: 0.15u 0.05s 111249e 906544kB
after optimize latch enable: 0.15u 0.05s 111249e 906544kB
before removeReadAfterMissingWrite: 0.15u 0.05s 111249e 906544kB
after removeReadAfterMissingWrite: 0.15u 0.05s 111249e 906544kB
before undoDimensionalSplitOfMemories: 0.15u 0.05s 111249e 906544kB
after undoDimensionalSplitOfMemories: 0.15u 0.05s 111249e 906544kB
before extractMemories: 0.15u 0.05s 111249e 906544kB
after extractMemories: 0.15u 0.05s 111249e 906544kB
before extractHolds: 0.15u 0.05s 111249e 906544kB
after extractHolds: 0.15u 0.05s 111249e 906544kB
before simplifyAdders: 0.15u 0.05s 111249e 906544kB
after simplifyAdders: 0.15u 0.05s 111249e 906544kB
before optimizeLessThan: 0.15u 0.05s 111249e 906544kB
after optimizeLessThan: 0.15u 0.05s 111249e 906544kB
before reportUnresolvedType: 0.15u 0.05s 111249e 906544kB
after reportUnresolvedType: 0.15u 0.05s 111249e 906544kB
before dumpingPerModuleScm : 0.15u 0.05s 111249e 906544kB
after dumpingPerModuleScm : 0.15u 0.05s 111249e 906544kB

Processing arcv_dm
before constantPropagate: 0.15u 0.05s 111249e 906544kB
after constantPropagate: 0.15u 0.05s 111249e 906544kB
before removeUnusedSignals circuit: 0.15u 0.05s 111249e 906544kB
after removeUnusedSignals circuit: 0.15u 0.05s 111249e 906544kB
before optimize latch enable: 0.15u 0.05s 111249e 906544kB
after optimize latch enable: 0.15u 0.05s 111249e 906544kB
before removeReadAfterMissingWrite: 0.15u 0.05s 111249e 906544kB
after removeReadAfterMissingWrite: 0.15u 0.05s 111249e 906544kB
before undoDimensionalSplitOfMemories: 0.16u 0.05s 111249e 906544kB
after undoDimensionalSplitOfMemories: 0.16u 0.05s 111249e 906544kB
before extractMemories: 0.16u 0.05s 111249e 906544kB
after extractMemories: 0.16u 0.05s 111249e 906544kB
before extractHolds: 0.16u 0.05s 111249e 906544kB
after extractHolds: 0.16u 0.05s 111287e 906544kB
before simplifyAdders: 0.16u 0.05s 111287e 906544kB
after simplifyAdders: 0.16u 0.05s 111287e 906544kB
before optimizeLessThan: 0.16u 0.05s 111287e 906544kB
after optimizeLessThan: 0.16u 0.05s 111287e 906544kB
before reportUnresolvedType: 0.16u 0.05s 111287e 906544kB
after reportUnresolvedType: 0.16u 0.05s 111287e 906544kB
before dumpingPerModuleScm : 0.16u 0.05s 111287e 906544kB
after dumpingPerModuleScm : 0.17u 0.05s 111287e 906544kB

Processing dw_dbp
before constantPropagate: 0.17u 0.05s 111287e 906544kB
after constantPropagate: 0.17u 0.05s 111287e 906544kB
before removeUnusedSignals circuit: 0.17u 0.05s 111287e 906544kB
after removeUnusedSignals circuit: 0.17u 0.05s 111287e 906544kB
before optimize latch enable: 0.17u 0.05s 111287e 906544kB
after optimize latch enable: 0.17u 0.05s 111287e 906544kB
before removeReadAfterMissingWrite: 0.17u 0.05s 111287e 906544kB
after removeReadAfterMissingWrite: 0.17u 0.05s 111287e 906544kB
before undoDimensionalSplitOfMemories: 0.17u 0.05s 111287e 906544kB
after undoDimensionalSplitOfMemories: 0.17u 0.05s 111287e 906544kB
before extractMemories: 0.17u 0.05s 111287e 906544kB
after extractMemories: 0.17u 0.05s 111287e 906544kB
before extractHolds: 0.17u 0.05s 111287e 906544kB
after extractHolds: 0.17u 0.05s 111287e 906544kB
before simplifyAdders: 0.17u 0.05s 111287e 906544kB
after simplifyAdders: 0.17u 0.05s 111287e 906544kB
before optimizeLessThan: 0.17u 0.05s 111287e 906544kB
after optimizeLessThan: 0.17u 0.05s 111287e 906544kB
before reportUnresolvedType: 0.17u 0.05s 111287e 906544kB
after reportUnresolvedType: 0.17u 0.05s 111287e 906544kB
before dumpingPerModuleScm : 0.17u 0.05s 111287e 906544kB
after dumpingPerModuleScm : 0.18u 0.05s 111287e 906544kB

Processing rl_cpu_synch_wrap
before constantPropagate: 0.18u 0.05s 111287e 906544kB
after constantPropagate: 0.18u 0.05s 111287e 906544kB
before removeUnusedSignals circuit: 0.18u 0.05s 111287e 906544kB
after removeUnusedSignals circuit: 0.18u 0.05s 111287e 906544kB
before optimize latch enable: 0.18u 0.05s 111287e 906544kB
after optimize latch enable: 0.18u 0.05s 111287e 906544kB
before removeReadAfterMissingWrite: 0.18u 0.05s 111287e 906544kB
after removeReadAfterMissingWrite: 0.18u 0.05s 111287e 906544kB
before undoDimensionalSplitOfMemories: 0.18u 0.05s 111287e 906544kB
after undoDimensionalSplitOfMemories: 0.18u 0.05s 111287e 906544kB
before extractMemories: 0.18u 0.05s 111287e 906544kB
after extractMemories: 0.18u 0.05s 111287e 906544kB
before extractHolds: 0.18u 0.05s 111287e 906544kB
after extractHolds: 0.18u 0.05s 111287e 906544kB
before simplifyAdders: 0.18u 0.05s 111287e 906544kB
after simplifyAdders: 0.18u 0.05s 111287e 906544kB
before optimizeLessThan: 0.18u 0.05s 111287e 906544kB
after optimizeLessThan: 0.18u 0.05s 111287e 906544kB
before reportUnresolvedType: 0.18u 0.05s 111287e 906544kB
after reportUnresolvedType: 0.18u 0.05s 111287e 906544kB
before dumpingPerModuleScm : 0.18u 0.05s 111287e 906544kB
after dumpingPerModuleScm : 0.18u 0.05s 111287e 906544kB

Processing ls_compare_unit_0004
before constantPropagate: 0.18u 0.05s 111287e 906544kB
after constantPropagate: 0.18u 0.05s 111287e 906544kB
before removeUnusedSignals circuit: 0.18u 0.05s 111287e 906544kB
after removeUnusedSignals circuit: 0.18u 0.05s 111287e 906544kB
before optimize latch enable: 0.18u 0.05s 111287e 906544kB
after optimize latch enable: 0.18u 0.05s 111287e 906544kB
before removeReadAfterMissingWrite: 0.18u 0.05s 111287e 906544kB
after removeReadAfterMissingWrite: 0.18u 0.05s 111287e 906544kB
before undoDimensionalSplitOfMemories: 0.18u 0.05s 111287e 906544kB
after undoDimensionalSplitOfMemories: 0.18u 0.05s 111287e 906544kB
before extractMemories: 0.18u 0.05s 111287e 906544kB
after extractMemories: 0.18u 0.05s 111287e 906544kB
before extractHolds: 0.18u 0.05s 111287e 906544kB
after extractHolds: 0.18u 0.05s 111287e 906544kB
before simplifyAdders: 0.18u 0.05s 111287e 906544kB
after simplifyAdders: 0.18u 0.05s 111287e 906544kB
before optimizeLessThan: 0.18u 0.05s 111287e 906544kB
after optimizeLessThan: 0.18u 0.05s 111287e 906544kB
before reportUnresolvedType: 0.18u 0.05s 111287e 906544kB
after reportUnresolvedType: 0.18u 0.05s 111287e 906544kB
before dumpingPerModuleScm : 0.18u 0.05s 111287e 906544kB
after dumpingPerModuleScm : 0.18u 0.05s 111287e 906544kB

Processing ls_multi_bit_comparator_0003
before constantPropagate: 0.18u 0.05s 111287e 906544kB
after constantPropagate: 0.18u 0.05s 111287e 906544kB
before removeUnusedSignals circuit: 0.18u 0.05s 111287e 906544kB
after removeUnusedSignals circuit: 0.18u 0.05s 111287e 906544kB
before optimize latch enable: 0.18u 0.05s 111287e 906544kB
after optimize latch enable: 0.18u 0.05s 111287e 906544kB
before removeReadAfterMissingWrite: 0.18u 0.05s 111287e 906544kB
after removeReadAfterMissingWrite: 0.18u 0.05s 111287e 906544kB
before undoDimensionalSplitOfMemories: 0.18u 0.05s 111287e 906544kB
after undoDimensionalSplitOfMemories: 0.18u 0.05s 111287e 906544kB
before extractMemories: 0.18u 0.05s 111287e 906544kB
after extractMemories: 0.18u 0.05s 111287e 906544kB
before extractHolds: 0.18u 0.05s 111287e 906544kB
after extractHolds: 0.18u 0.05s 111287e 906544kB
before simplifyAdders: 0.18u 0.05s 111287e 906544kB
after simplifyAdders: 0.18u 0.05s 111287e 906544kB
before optimizeLessThan: 0.18u 0.05s 111287e 906544kB
after optimizeLessThan: 0.18u 0.05s 111287e 906544kB
before reportUnresolvedType: 0.18u 0.05s 111287e 906544kB
after reportUnresolvedType: 0.18u 0.05s 111287e 906544kB
before dumpingPerModuleScm : 0.18u 0.05s 111287e 906544kB
after dumpingPerModuleScm : 0.18u 0.05s 111287e 906544kB

Processing simple_parity
before constantPropagate: 0.18u 0.05s 111287e 906544kB
after constantPropagate: 0.18u 0.05s 111287e 906544kB
before removeUnusedSignals circuit: 0.18u 0.05s 111287e 906544kB
after removeUnusedSignals circuit: 0.18u 0.05s 111287e 906544kB
before optimize latch enable: 0.18u 0.05s 111287e 906544kB
after optimize latch enable: 0.18u 0.05s 111287e 906544kB
before removeReadAfterMissingWrite: 0.18u 0.05s 111287e 906544kB
after removeReadAfterMissingWrite: 0.18u 0.05s 111287e 906544kB
before undoDimensionalSplitOfMemories: 0.18u 0.05s 111287e 906544kB
after undoDimensionalSplitOfMemories: 0.18u 0.05s 111287e 906544kB
before extractMemories: 0.18u 0.05s 111287e 906544kB
after extractMemories: 0.18u 0.05s 111287e 906544kB
before extractHolds: 0.18u 0.05s 111287e 906544kB
after extractHolds: 0.18u 0.05s 111287e 906544kB
before simplifyAdders: 0.18u 0.05s 111287e 906544kB
after simplifyAdders: 0.18u 0.05s 111287e 906544kB
before optimizeLessThan: 0.18u 0.05s 111287e 906544kB
after optimizeLessThan: 0.18u 0.05s 111287e 906544kB
before reportUnresolvedType: 0.18u 0.05s 111287e 906544kB
after reportUnresolvedType: 0.18u 0.05s 111287e 906544kB
before dumpingPerModuleScm : 0.18u 0.05s 111287e 906544kB
after dumpingPerModuleScm : 0.18u 0.05s 111287e 906544kB

Processing rl_reset_ctrl_wrap
before constantPropagate: 0.18u 0.05s 111287e 906544kB
after constantPropagate: 0.18u 0.05s 111287e 906544kB
before removeUnusedSignals circuit: 0.18u 0.05s 111287e 906544kB
after removeUnusedSignals circuit: 0.18u 0.05s 111287e 906544kB
before optimize latch enable: 0.18u 0.05s 111287e 906544kB
after optimize latch enable: 0.18u 0.05s 111287e 906544kB
before removeReadAfterMissingWrite: 0.18u 0.05s 111287e 906544kB
after removeReadAfterMissingWrite: 0.18u 0.05s 111287e 906544kB
before undoDimensionalSplitOfMemories: 0.18u 0.05s 111287e 906544kB
after undoDimensionalSplitOfMemories: 0.18u 0.05s 111287e 906544kB
before extractMemories: 0.18u 0.05s 111287e 906544kB
after extractMemories: 0.18u 0.05s 111287e 906544kB
before extractHolds: 0.18u 0.05s 111287e 906544kB
after extractHolds: 0.18u 0.05s 111287e 906544kB
before simplifyAdders: 0.18u 0.05s 111287e 906544kB
after simplifyAdders: 0.18u 0.05s 111287e 906544kB
before optimizeLessThan: 0.18u 0.05s 111287e 906544kB
after optimizeLessThan: 0.18u 0.05s 111287e 906544kB
before reportUnresolvedType: 0.18u 0.05s 111287e 906544kB
after reportUnresolvedType: 0.18u 0.05s 111287e 906544kB
before dumpingPerModuleScm : 0.18u 0.05s 111287e 906544kB
after dumpingPerModuleScm : 0.18u 0.05s 111287e 906544kB

Processing ZebuClockDetectFront_7
before constantPropagate: 0.18u 0.05s 111287e 906544kB
after constantPropagate: 0.18u 0.05s 111287e 906544kB
before removeUnusedSignals circuit: 0.18u 0.05s 111287e 906544kB
after removeUnusedSignals circuit: 0.18u 0.05s 111287e 906544kB
before optimize latch enable: 0.18u 0.05s 111287e 906544kB
after optimize latch enable: 0.18u 0.05s 111287e 906544kB
before removeReadAfterMissingWrite: 0.18u 0.05s 111287e 906544kB
after removeReadAfterMissingWrite: 0.18u 0.05s 111287e 906544kB
before undoDimensionalSplitOfMemories: 0.18u 0.05s 111287e 906544kB
after undoDimensionalSplitOfMemories: 0.18u 0.05s 111287e 906544kB
before extractMemories: 0.18u 0.05s 111287e 906544kB
after extractMemories: 0.18u 0.05s 111287e 906544kB
before extractHolds: 0.18u 0.05s 111287e 906544kB
after extractHolds: 0.18u 0.05s 111287e 906544kB
before simplifyAdders: 0.18u 0.05s 111287e 906544kB
after simplifyAdders: 0.18u 0.05s 111287e 906544kB
before optimizeLessThan: 0.18u 0.05s 111287e 906544kB
after optimizeLessThan: 0.18u 0.05s 111287e 906544kB
before reportUnresolvedType: 0.18u 0.05s 111287e 906544kB
after reportUnresolvedType: 0.18u 0.05s 111287e 906544kB
before dumpingPerModuleScm : 0.18u 0.05s 111287e 906544kB
after dumpingPerModuleScm : 0.18u 0.05s 111287e 906544kB

Processing rl_ifu_id_ctrl
before constantPropagate: 0.18u 0.05s 111287e 906544kB
after constantPropagate: 0.18u 0.05s 111287e 906544kB
before removeUnusedSignals circuit: 0.18u 0.05s 111287e 906544kB
after removeUnusedSignals circuit: 0.18u 0.05s 111287e 906544kB
before optimize latch enable: 0.18u 0.05s 111287e 906544kB
after optimize latch enable: 0.18u 0.06s 111287e 906544kB
before removeReadAfterMissingWrite: 0.18u 0.06s 111287e 906544kB
after removeReadAfterMissingWrite: 0.18u 0.06s 111287e 906544kB
before undoDimensionalSplitOfMemories: 0.18u 0.06s 111287e 906544kB
after undoDimensionalSplitOfMemories: 0.18u 0.06s 111287e 906544kB
before extractMemories: 0.18u 0.06s 111287e 906544kB
after extractMemories: 0.18u 0.06s 111287e 906544kB
before extractHolds: 0.18u 0.06s 111287e 906544kB
after extractHolds: 0.18u 0.06s 111287e 906544kB
before simplifyAdders: 0.18u 0.06s 111287e 906544kB
after simplifyAdders: 0.18u 0.06s 111287e 906544kB
before optimizeLessThan: 0.18u 0.06s 111287e 906544kB
after optimizeLessThan: 0.18u 0.06s 111287e 906544kB
before reportUnresolvedType: 0.18u 0.06s 111287e 906544kB
after reportUnresolvedType: 0.18u 0.06s 111287e 906544kB
before dumpingPerModuleScm : 0.18u 0.06s 111287e 906544kB
after dumpingPerModuleScm : 0.18u 0.06s 111287e 906544kB

Processing rl_ifu_icache_rf
before constantPropagate: 0.18u 0.06s 111287e 906544kB
after constantPropagate: 0.18u 0.06s 111287e 906544kB
before removeUnusedSignals circuit: 0.18u 0.06s 111287e 906544kB
after removeUnusedSignals circuit: 0.18u 0.06s 111287e 906544kB
before optimize latch enable: 0.18u 0.06s 111287e 906544kB
after optimize latch enable: 0.18u 0.06s 111287e 906544kB
before removeReadAfterMissingWrite: 0.18u 0.06s 111287e 906544kB
after removeReadAfterMissingWrite: 0.18u 0.06s 111287e 906544kB
before undoDimensionalSplitOfMemories: 0.18u 0.06s 111287e 906544kB
after undoDimensionalSplitOfMemories: 0.18u 0.06s 111287e 906544kB
before extractMemories: 0.18u 0.06s 111287e 906544kB
after extractMemories: 0.18u 0.06s 111287e 906544kB
before extractHolds: 0.18u 0.06s 111287e 906544kB
after extractHolds: 0.18u 0.06s 111288e 906544kB
before simplifyAdders: 0.18u 0.06s 111288e 906544kB
after simplifyAdders: 0.18u 0.06s 111288e 906544kB
before optimizeLessThan: 0.18u 0.06s 111288e 906544kB
after optimizeLessThan: 0.18u 0.06s 111288e 906544kB
before reportUnresolvedType: 0.18u 0.06s 111288e 906544kB
after reportUnresolvedType: 0.18u 0.06s 111288e 906544kB
before dumpingPerModuleScm : 0.18u 0.06s 111288e 906544kB
after dumpingPerModuleScm : 0.19u 0.06s 111288e 906544kB

Processing rl_ifu
before constantPropagate: 0.19u 0.06s 111288e 906544kB
after constantPropagate: 0.19u 0.06s 111288e 906544kB
before removeUnusedSignals circuit: 0.19u 0.06s 111288e 906544kB
after removeUnusedSignals circuit: 0.19u 0.06s 111288e 906544kB
before optimize latch enable: 0.19u 0.06s 111288e 906544kB
after optimize latch enable: 0.19u 0.06s 111288e 906544kB
before removeReadAfterMissingWrite: 0.19u 0.06s 111288e 906544kB
after removeReadAfterMissingWrite: 0.19u 0.06s 111288e 906544kB
before undoDimensionalSplitOfMemories: 0.19u 0.06s 111288e 906544kB
after undoDimensionalSplitOfMemories: 0.19u 0.06s 111288e 906544kB
before extractMemories: 0.19u 0.06s 111288e 906544kB
after extractMemories: 0.19u 0.06s 111288e 906544kB
before extractHolds: 0.19u 0.06s 111288e 906544kB
after extractHolds: 0.19u 0.06s 111288e 906544kB
before simplifyAdders: 0.19u 0.06s 111288e 906544kB
after simplifyAdders: 0.19u 0.06s 111288e 906544kB
before optimizeLessThan: 0.19u 0.06s 111288e 906544kB
after optimizeLessThan: 0.19u 0.06s 111288e 906544kB
before reportUnresolvedType: 0.19u 0.06s 111288e 906544kB
after reportUnresolvedType: 0.19u 0.06s 111288e 906544kB
before dumpingPerModuleScm : 0.19u 0.06s 111288e 906544kB
after dumpingPerModuleScm : 0.19u 0.06s 111288e 906544kB

Processing rl_maskgen
before constantPropagate: 0.19u 0.06s 111288e 906544kB
after constantPropagate: 0.19u 0.06s 111288e 906544kB
before removeUnusedSignals circuit: 0.19u 0.06s 111288e 906544kB
after removeUnusedSignals circuit: 0.19u 0.06s 111288e 906544kB
before optimize latch enable: 0.19u 0.06s 111288e 906544kB
after optimize latch enable: 0.19u 0.06s 111288e 906544kB
before removeReadAfterMissingWrite: 0.19u 0.06s 111288e 906544kB
after removeReadAfterMissingWrite: 0.19u 0.06s 111288e 906544kB
before undoDimensionalSplitOfMemories: 0.19u 0.06s 111288e 906544kB
after undoDimensionalSplitOfMemories: 0.19u 0.06s 111288e 906544kB
before extractMemories: 0.19u 0.06s 111288e 906544kB
after extractMemories: 0.19u 0.06s 111288e 906544kB
before extractHolds: 0.19u 0.06s 111288e 906544kB
after extractHolds: 0.19u 0.06s 111288e 906544kB
before simplifyAdders: 0.19u 0.06s 111288e 906544kB
after simplifyAdders: 0.19u 0.06s 111288e 906544kB
before optimizeLessThan: 0.19u 0.06s 111288e 906544kB
after optimizeLessThan: 0.19u 0.06s 111288e 906544kB
before reportUnresolvedType: 0.19u 0.06s 111288e 906544kB
after reportUnresolvedType: 0.19u 0.06s 111288e 906544kB
before dumpingPerModuleScm : 0.19u 0.06s 111288e 906544kB
after dumpingPerModuleScm : 0.2u 0.06s 111288e 906544kB

Processing rl_alu_data_path
before constantPropagate: 0.2u 0.06s 111288e 906544kB
after constantPropagate: 0.2u 0.06s 111288e 906544kB
before removeUnusedSignals circuit: 0.2u 0.06s 111288e 906544kB
after removeUnusedSignals circuit: 0.2u 0.06s 111288e 906544kB
before optimize latch enable: 0.2u 0.06s 111288e 906544kB
after optimize latch enable: 0.2u 0.06s 111288e 906544kB
before removeReadAfterMissingWrite: 0.2u 0.06s 111288e 906544kB
after removeReadAfterMissingWrite: 0.2u 0.06s 111288e 906544kB
before undoDimensionalSplitOfMemories: 0.2u 0.06s 111288e 906544kB
after undoDimensionalSplitOfMemories: 0.2u 0.06s 111288e 906544kB
before extractMemories: 0.2u 0.06s 111288e 906544kB
after extractMemories: 0.2u 0.06s 111288e 906544kB
before extractHolds: 0.2u 0.06s 111288e 906544kB
after extractHolds: 0.2u 0.06s 111288e 906544kB
before simplifyAdders: 0.2u 0.06s 111288e 906544kB
after simplifyAdders: 0.2u 0.06s 111288e 906544kB
before optimizeLessThan: 0.2u 0.06s 111288e 906544kB
after optimizeLessThan: 0.2u 0.06s 111288e 906544kB
before reportUnresolvedType: 0.2u 0.06s 111288e 906544kB
after reportUnresolvedType: 0.2u 0.06s 111288e 906544kB
before dumpingPerModuleScm : 0.2u 0.06s 111288e 906544kB
after dumpingPerModuleScm : 0.2u 0.06s 111288e 906544kB

Processing rl_wtree_comp222
before constantPropagate: 0.2u 0.06s 111288e 906544kB
after constantPropagate: 0.2u 0.06s 111288e 906544kB
before removeUnusedSignals circuit: 0.2u 0.06s 111288e 906544kB
after removeUnusedSignals circuit: 0.2u 0.06s 111288e 906544kB
before optimize latch enable: 0.2u 0.06s 111288e 906544kB
after optimize latch enable: 0.2u 0.06s 111288e 906544kB
before removeReadAfterMissingWrite: 0.2u 0.06s 111288e 906544kB
after removeReadAfterMissingWrite: 0.2u 0.06s 111288e 906544kB
before undoDimensionalSplitOfMemories: 0.2u 0.06s 111288e 906544kB
after undoDimensionalSplitOfMemories: 0.2u 0.06s 111288e 906544kB
before extractMemories: 0.2u 0.06s 111288e 906544kB
after extractMemories: 0.2u 0.06s 111288e 906544kB
before extractHolds: 0.2u 0.06s 111288e 906544kB
after extractHolds: 0.2u 0.06s 111288e 906544kB
before simplifyAdders: 0.2u 0.06s 111288e 906544kB
after simplifyAdders: 0.2u 0.06s 111288e 906544kB
before optimizeLessThan: 0.2u 0.06s 111288e 906544kB
after optimizeLessThan: 0.2u 0.06s 111288e 906544kB
before reportUnresolvedType: 0.2u 0.06s 111288e 906544kB
after reportUnresolvedType: 0.2u 0.06s 111288e 906544kB
before dumpingPerModuleScm : 0.2u 0.06s 111288e 906544kB
after dumpingPerModuleScm : 0.2u 0.06s 111288e 906544kB

Processing rl_pipe_ctrl
before constantPropagate: 0.2u 0.06s 111288e 906544kB
after constantPropagate: 0.2u 0.06s 111288e 906544kB
before removeUnusedSignals circuit: 0.2u 0.06s 111288e 906544kB
after removeUnusedSignals circuit: 0.2u 0.06s 111288e 906544kB
before optimize latch enable: 0.2u 0.06s 111288e 906544kB
after optimize latch enable: 0.2u 0.06s 111288e 906544kB
before removeReadAfterMissingWrite: 0.2u 0.06s 111288e 906544kB
after removeReadAfterMissingWrite: 0.2u 0.06s 111288e 906544kB
before undoDimensionalSplitOfMemories: 0.2u 0.06s 111288e 906544kB
after undoDimensionalSplitOfMemories: 0.2u 0.06s 111288e 906544kB
before extractMemories: 0.2u 0.06s 111288e 906544kB
after extractMemories: 0.2u 0.06s 111288e 906544kB
before extractHolds: 0.2u 0.06s 111288e 906544kB
after extractHolds: 0.2u 0.06s 111288e 906544kB
before simplifyAdders: 0.2u 0.06s 111288e 906544kB
after simplifyAdders: 0.2u 0.06s 111288e 906544kB
before optimizeLessThan: 0.2u 0.06s 111288e 906544kB
after optimizeLessThan: 0.2u 0.06s 111288e 906544kB
before reportUnresolvedType: 0.2u 0.06s 111288e 906544kB
after reportUnresolvedType: 0.2u 0.06s 111288e 906544kB
before dumpingPerModuleScm : 0.2u 0.06s 111288e 906544kB
after dumpingPerModuleScm : 0.2u 0.06s 111288e 906544kB

Processing rl_debug
before constantPropagate: 0.2u 0.06s 111288e 906544kB
after constantPropagate: 0.2u 0.06s 111288e 906544kB
before removeUnusedSignals circuit: 0.2u 0.06s 111288e 906544kB
after removeUnusedSignals circuit: 0.2u 0.06s 111288e 906544kB
before optimize latch enable: 0.2u 0.06s 111288e 906544kB
after optimize latch enable: 0.2u 0.06s 111288e 906544kB
before removeReadAfterMissingWrite: 0.2u 0.06s 111288e 906544kB
after removeReadAfterMissingWrite: 0.2u 0.06s 111288e 906544kB
before undoDimensionalSplitOfMemories: 0.2u 0.06s 111288e 906544kB
after undoDimensionalSplitOfMemories: 0.2u 0.06s 111288e 906544kB
before extractMemories: 0.2u 0.06s 111288e 906544kB
after extractMemories: 0.21u 0.06s 111288e 906544kB
before extractHolds: 0.21u 0.06s 111288e 906544kB
after extractHolds: 0.21u 0.06s 111302e 906544kB
before simplifyAdders: 0.21u 0.06s 111302e 906544kB
after simplifyAdders: 0.21u 0.06s 111302e 906544kB
before optimizeLessThan: 0.21u 0.06s 111302e 906544kB
after optimizeLessThan: 0.21u 0.06s 111302e 906544kB
before reportUnresolvedType: 0.21u 0.06s 111302e 906544kB
after reportUnresolvedType: 0.21u 0.06s 111302e 906544kB
before dumpingPerModuleScm : 0.21u 0.06s 111302e 906544kB
after dumpingPerModuleScm : 0.21u 0.06s 111302e 906544kB

Processing rl_simple_fifo
before constantPropagate: 0.21u 0.06s 111302e 906544kB
after constantPropagate: 0.21u 0.06s 111302e 906544kB
before removeUnusedSignals circuit: 0.21u 0.06s 111302e 906544kB
after removeUnusedSignals circuit: 0.21u 0.06s 111302e 906544kB
before optimize latch enable: 0.21u 0.06s 111302e 906544kB
after optimize latch enable: 0.21u 0.06s 111302e 906544kB
before removeReadAfterMissingWrite: 0.21u 0.06s 111302e 906544kB
after removeReadAfterMissingWrite: 0.21u 0.06s 111302e 906544kB
before undoDimensionalSplitOfMemories: 0.21u 0.06s 111302e 906544kB
after undoDimensionalSplitOfMemories: 0.21u 0.06s 111302e 906544kB
before extractMemories: 0.21u 0.06s 111302e 906544kB
after extractMemories: 0.21u 0.06s 111302e 906544kB
before extractHolds: 0.21u 0.06s 111302e 906544kB
after extractHolds: 0.21u 0.06s 111319e 906544kB
before simplifyAdders: 0.21u 0.06s 111319e 906544kB
after simplifyAdders: 0.21u 0.06s 111319e 906544kB
before optimizeLessThan: 0.21u 0.06s 111319e 906544kB
after optimizeLessThan: 0.21u 0.06s 111319e 906544kB
before reportUnresolvedType: 0.21u 0.06s 111319e 906544kB
after reportUnresolvedType: 0.21u 0.06s 111319e 906544kB
before dumpingPerModuleScm : 0.21u 0.06s 111319e 906544kB
after dumpingPerModuleScm : 0.21u 0.06s 111319e 906544kB

Processing rl_triggers_iso
before constantPropagate: 0.21u 0.06s 111319e 906544kB
after constantPropagate: 0.21u 0.06s 111319e 906544kB
before removeUnusedSignals circuit: 0.21u 0.06s 111319e 906544kB
after removeUnusedSignals circuit: 0.21u 0.06s 111319e 906544kB
before optimize latch enable: 0.21u 0.06s 111319e 906544kB
after optimize latch enable: 0.21u 0.06s 111319e 906544kB
before removeReadAfterMissingWrite: 0.21u 0.06s 111319e 906544kB
after removeReadAfterMissingWrite: 0.21u 0.06s 111319e 906544kB
before undoDimensionalSplitOfMemories: 0.21u 0.06s 111319e 906544kB
after undoDimensionalSplitOfMemories: 0.21u 0.06s 111319e 906544kB
before extractMemories: 0.21u 0.06s 111319e 906544kB
after extractMemories: 0.21u 0.06s 111319e 906544kB
before extractHolds: 0.21u 0.06s 111319e 906544kB
after extractHolds: 0.21u 0.06s 111319e 906544kB
before simplifyAdders: 0.21u 0.06s 111319e 906544kB
after simplifyAdders: 0.21u 0.06s 111319e 906544kB
before optimizeLessThan: 0.21u 0.06s 111319e 906544kB
after optimizeLessThan: 0.21u 0.06s 111319e 906544kB
before reportUnresolvedType: 0.21u 0.06s 111319e 906544kB
after reportUnresolvedType: 0.21u 0.06s 111319e 906544kB
before dumpingPerModuleScm : 0.21u 0.06s 111319e 906544kB
after dumpingPerModuleScm : 0.21u 0.06s 111319e 906544kB

Processing sr_err_aggr_0000_0001
before constantPropagate: 0.21u 0.06s 111319e 906544kB
after constantPropagate: 0.21u 0.06s 111319e 906544kB
before removeUnusedSignals circuit: 0.21u 0.06s 111319e 906544kB
after removeUnusedSignals circuit: 0.21u 0.06s 111319e 906544kB
before optimize latch enable: 0.21u 0.06s 111319e 906544kB
after optimize latch enable: 0.21u 0.06s 111319e 906544kB
before removeReadAfterMissingWrite: 0.21u 0.06s 111319e 906544kB
after removeReadAfterMissingWrite: 0.21u 0.06s 111319e 906544kB
before undoDimensionalSplitOfMemories: 0.21u 0.06s 111319e 906544kB
after undoDimensionalSplitOfMemories: 0.21u 0.06s 111319e 906544kB
before extractMemories: 0.21u 0.06s 111319e 906544kB
after extractMemories: 0.21u 0.06s 111319e 906544kB
before extractHolds: 0.21u 0.06s 111319e 906544kB
after extractHolds: 0.21u 0.06s 111319e 906544kB
before simplifyAdders: 0.21u 0.06s 111319e 906544kB
after simplifyAdders: 0.21u 0.06s 111319e 906544kB
before optimizeLessThan: 0.21u 0.06s 111319e 906544kB
after optimizeLessThan: 0.21u 0.06s 111319e 906544kB
before reportUnresolvedType: 0.21u 0.06s 111319e 906544kB
after reportUnresolvedType: 0.21u 0.06s 111319e 906544kB
before dumpingPerModuleScm : 0.21u 0.06s 111319e 906544kB
after dumpingPerModuleScm : 0.21u 0.06s 111319e 906544kB

Processing odd_pty_dec_0002
before constantPropagate: 0.21u 0.06s 111319e 906544kB
after constantPropagate: 0.21u 0.06s 111319e 906544kB
before removeUnusedSignals circuit: 0.21u 0.06s 111319e 906544kB
after removeUnusedSignals circuit: 0.21u 0.06s 111319e 906544kB
before optimize latch enable: 0.21u 0.06s 111319e 906544kB
after optimize latch enable: 0.21u 0.06s 111319e 906544kB
before removeReadAfterMissingWrite: 0.21u 0.06s 111319e 906544kB
after removeReadAfterMissingWrite: 0.21u 0.06s 111319e 906544kB
before undoDimensionalSplitOfMemories: 0.21u 0.06s 111319e 906544kB
after undoDimensionalSplitOfMemories: 0.21u 0.06s 111319e 906544kB
before extractMemories: 0.21u 0.06s 111319e 906544kB
after extractMemories: 0.21u 0.06s 111319e 906544kB
before extractHolds: 0.21u 0.06s 111319e 906544kB
after extractHolds: 0.21u 0.06s 111319e 906544kB
before simplifyAdders: 0.21u 0.06s 111319e 906544kB
after simplifyAdders: 0.21u 0.06s 111319e 906544kB
before optimizeLessThan: 0.21u 0.06s 111319e 906544kB
after optimizeLessThan: 0.21u 0.06s 111319e 906544kB
before reportUnresolvedType: 0.21u 0.06s 111319e 906544kB
after reportUnresolvedType: 0.21u 0.06s 111319e 906544kB
before dumpingPerModuleScm : 0.21u 0.06s 111319e 906544kB
after dumpingPerModuleScm : 0.21u 0.06s 111319e 906544kB

Processing rl_parity_gen_0000_0000
before constantPropagate: 0.21u 0.06s 111319e 906544kB
after constantPropagate: 0.21u 0.06s 111319e 906544kB
before removeUnusedSignals circuit: 0.21u 0.06s 111319e 906544kB
after removeUnusedSignals circuit: 0.21u 0.06s 111319e 906544kB
before optimize latch enable: 0.21u 0.06s 111319e 906544kB
after optimize latch enable: 0.21u 0.06s 111319e 906544kB
before removeReadAfterMissingWrite: 0.21u 0.06s 111319e 906544kB
after removeReadAfterMissingWrite: 0.21u 0.06s 111319e 906544kB
before undoDimensionalSplitOfMemories: 0.21u 0.06s 111319e 906544kB
after undoDimensionalSplitOfMemories: 0.21u 0.06s 111319e 906544kB
before extractMemories: 0.21u 0.06s 111319e 906544kB
after extractMemories: 0.21u 0.06s 111319e 906544kB
before extractHolds: 0.21u 0.06s 111319e 906544kB
after extractHolds: 0.21u 0.06s 111319e 906544kB
before simplifyAdders: 0.21u 0.06s 111319e 906544kB
after simplifyAdders: 0.21u 0.06s 111319e 906544kB
before optimizeLessThan: 0.21u 0.06s 111319e 906544kB
after optimizeLessThan: 0.21u 0.06s 111319e 906544kB
before reportUnresolvedType: 0.21u 0.06s 111319e 906544kB
after reportUnresolvedType: 0.21u 0.06s 111319e 906544kB
before dumpingPerModuleScm : 0.21u 0.06s 111319e 906544kB
after dumpingPerModuleScm : 0.21u 0.06s 111319e 906544kB

Processing rl_parity_gen_0002
before constantPropagate: 0.21u 0.06s 111319e 906544kB
after constantPropagate: 0.21u 0.06s 111319e 906544kB
before removeUnusedSignals circuit: 0.21u 0.06s 111319e 906544kB
after removeUnusedSignals circuit: 0.21u 0.06s 111319e 906544kB
before optimize latch enable: 0.21u 0.06s 111319e 906544kB
after optimize latch enable: 0.21u 0.06s 111319e 906544kB
before removeReadAfterMissingWrite: 0.21u 0.06s 111319e 906544kB
after removeReadAfterMissingWrite: 0.21u 0.06s 111319e 906544kB
before undoDimensionalSplitOfMemories: 0.21u 0.06s 111319e 906544kB
after undoDimensionalSplitOfMemories: 0.21u 0.06s 111319e 906544kB
before extractMemories: 0.21u 0.06s 111319e 906544kB
after extractMemories: 0.21u 0.06s 111319e 906544kB
before extractHolds: 0.21u 0.06s 111319e 906544kB
after extractHolds: 0.21u 0.06s 111319e 906544kB
before simplifyAdders: 0.21u 0.06s 111319e 906544kB
after simplifyAdders: 0.21u 0.06s 111319e 906544kB
before optimizeLessThan: 0.21u 0.06s 111319e 906544kB
after optimizeLessThan: 0.21u 0.06s 111319e 906544kB
before reportUnresolvedType: 0.21u 0.06s 111319e 906544kB
after reportUnresolvedType: 0.21u 0.06s 111319e 906544kB
before dumpingPerModuleScm : 0.21u 0.06s 111319e 906544kB
after dumpingPerModuleScm : 0.21u 0.06s 111319e 906544kB

Processing rl_parity_chk_0002_0001
before constantPropagate: 0.21u 0.06s 111319e 906544kB
after constantPropagate: 0.21u 0.06s 111319e 906544kB
before removeUnusedSignals circuit: 0.21u 0.06s 111319e 906544kB
after removeUnusedSignals circuit: 0.21u 0.06s 111319e 906544kB
before optimize latch enable: 0.21u 0.06s 111319e 906544kB
after optimize latch enable: 0.21u 0.06s 111319e 906544kB
before removeReadAfterMissingWrite: 0.21u 0.06s 111319e 906544kB
after removeReadAfterMissingWrite: 0.21u 0.06s 111319e 906544kB
before undoDimensionalSplitOfMemories: 0.21u 0.06s 111319e 906544kB
after undoDimensionalSplitOfMemories: 0.21u 0.06s 111319e 906544kB
before extractMemories: 0.21u 0.06s 111319e 906544kB
after extractMemories: 0.21u 0.06s 111319e 906544kB
before extractHolds: 0.21u 0.06s 111319e 906544kB
after extractHolds: 0.21u 0.06s 111319e 906544kB
before simplifyAdders: 0.21u 0.06s 111319e 906544kB
after simplifyAdders: 0.21u 0.06s 111319e 906544kB
before optimizeLessThan: 0.21u 0.06s 111319e 906544kB
after optimizeLessThan: 0.21u 0.06s 111319e 906544kB
before reportUnresolvedType: 0.21u 0.06s 111319e 906544kB
after reportUnresolvedType: 0.21u 0.06s 111319e 906544kB
before dumpingPerModuleScm : 0.21u 0.06s 111319e 906544kB
after dumpingPerModuleScm : 0.22u 0.06s 111319e 906544kB

Processing rl_soft_reset_aux
before constantPropagate: 0.22u 0.06s 111319e 906544kB
after constantPropagate: 0.22u 0.06s 111319e 906544kB
before removeUnusedSignals circuit: 0.22u 0.06s 111319e 906544kB
after removeUnusedSignals circuit: 0.22u 0.06s 111319e 906544kB
before optimize latch enable: 0.22u 0.06s 111319e 906544kB
after optimize latch enable: 0.22u 0.06s 111319e 906544kB
before removeReadAfterMissingWrite: 0.22u 0.06s 111319e 906544kB
after removeReadAfterMissingWrite: 0.22u 0.06s 111319e 906544kB
before undoDimensionalSplitOfMemories: 0.22u 0.06s 111319e 906544kB
after undoDimensionalSplitOfMemories: 0.22u 0.06s 111319e 906544kB
before extractMemories: 0.22u 0.06s 111319e 906544kB
after extractMemories: 0.22u 0.06s 111319e 906544kB
before extractHolds: 0.22u 0.06s 111319e 906544kB
after extractHolds: 0.22u 0.06s 111319e 906544kB
before simplifyAdders: 0.22u 0.06s 111319e 906544kB
after simplifyAdders: 0.22u 0.06s 111319e 906544kB
before optimizeLessThan: 0.22u 0.06s 111319e 906544kB
after optimizeLessThan: 0.22u 0.06s 111319e 906544kB
before reportUnresolvedType: 0.22u 0.06s 111319e 906544kB
after reportUnresolvedType: 0.22u 0.06s 111319e 906544kB
before dumpingPerModuleScm : 0.22u 0.06s 111319e 906544kB
after dumpingPerModuleScm : 0.22u 0.06s 111319e 906544kB

Processing arcv_watchdog_csr
before constantPropagate: 0.22u 0.06s 111319e 906544kB
after constantPropagate: 0.22u 0.06s 111319e 906544kB
before removeUnusedSignals circuit: 0.22u 0.06s 111319e 906544kB
after removeUnusedSignals circuit: 0.22u 0.06s 111319e 906544kB
before optimize latch enable: 0.22u 0.06s 111319e 906544kB
after optimize latch enable: 0.22u 0.06s 111319e 906544kB
before removeReadAfterMissingWrite: 0.22u 0.06s 111319e 906544kB
after removeReadAfterMissingWrite: 0.22u 0.06s 111319e 906544kB
before undoDimensionalSplitOfMemories: 0.22u 0.06s 111319e 906544kB
after undoDimensionalSplitOfMemories: 0.22u 0.06s 111319e 906544kB
before extractMemories: 0.22u 0.06s 111319e 906544kB
after extractMemories: 0.22u 0.06s 111319e 906544kB
before extractHolds: 0.22u 0.06s 111319e 906544kB
after extractHolds: 0.22u 0.06s 111319e 906544kB
before simplifyAdders: 0.22u 0.06s 111319e 906544kB
after simplifyAdders: 0.22u 0.06s 111319e 906544kB
before optimizeLessThan: 0.22u 0.06s 111319e 906544kB
after optimizeLessThan: 0.22u 0.06s 111319e 906544kB
before reportUnresolvedType: 0.22u 0.06s 111319e 906544kB
after reportUnresolvedType: 0.22u 0.06s 111319e 906544kB
before dumpingPerModuleScm : 0.22u 0.06s 111319e 906544kB
after dumpingPerModuleScm : 0.22u 0.06s 111319e 906544kB

Processing rl_cpu_top
before constantPropagate: 0.22u 0.06s 111319e 906544kB
after constantPropagate: 0.22u 0.06s 111319e 906544kB
before removeUnusedSignals circuit: 0.22u 0.06s 111319e 906544kB
after removeUnusedSignals circuit: 0.22u 0.06s 111319e 906544kB
before optimize latch enable: 0.22u 0.06s 111319e 906544kB
after optimize latch enable: 0.22u 0.06s 111319e 906544kB
before removeReadAfterMissingWrite: 0.22u 0.06s 111319e 906544kB
after removeReadAfterMissingWrite: 0.22u 0.06s 111319e 906544kB
before undoDimensionalSplitOfMemories: 0.22u 0.06s 111319e 906544kB
after undoDimensionalSplitOfMemories: 0.22u 0.06s 111319e 906544kB
before extractMemories: 0.22u 0.06s 111319e 906544kB
after extractMemories: 0.22u 0.06s 111319e 906544kB
before extractHolds: 0.22u 0.06s 111319e 906544kB
after extractHolds: 0.22u 0.06s 111319e 906544kB
before simplifyAdders: 0.22u 0.06s 111319e 906544kB
after simplifyAdders: 0.22u 0.06s 111319e 906544kB
before optimizeLessThan: 0.22u 0.06s 111319e 906544kB
after optimizeLessThan: 0.22u 0.06s 111319e 906544kB
before reportUnresolvedType: 0.22u 0.06s 111319e 906544kB
after reportUnresolvedType: 0.22u 0.06s 111319e 906544kB
before dumpingPerModuleScm : 0.22u 0.06s 111319e 906544kB
after dumpingPerModuleScm : 0.23u 0.06s 111319e 906544kB

Processing odd_pty_enc_0001_0001
before constantPropagate: 0.23u 0.06s 111319e 906544kB
after constantPropagate: 0.23u 0.06s 111319e 906544kB
before removeUnusedSignals circuit: 0.23u 0.06s 111319e 906544kB
after removeUnusedSignals circuit: 0.23u 0.06s 111319e 906544kB
before optimize latch enable: 0.23u 0.06s 111319e 906544kB
after optimize latch enable: 0.23u 0.06s 111319e 906544kB
before removeReadAfterMissingWrite: 0.23u 0.06s 111319e 906544kB
after removeReadAfterMissingWrite: 0.23u 0.06s 111319e 906544kB
before undoDimensionalSplitOfMemories: 0.23u 0.06s 111319e 906544kB
after undoDimensionalSplitOfMemories: 0.23u 0.06s 111319e 906544kB
before extractMemories: 0.23u 0.06s 111319e 906544kB
after extractMemories: 0.23u 0.06s 111319e 906544kB
before extractHolds: 0.23u 0.06s 111319e 906544kB
after extractHolds: 0.23u 0.06s 111319e 906544kB
before simplifyAdders: 0.23u 0.06s 111319e 906544kB
after simplifyAdders: 0.23u 0.06s 111319e 906544kB
before optimizeLessThan: 0.23u 0.06s 111319e 906544kB
after optimizeLessThan: 0.23u 0.06s 111319e 906544kB
before reportUnresolvedType: 0.23u 0.06s 111319e 906544kB
after reportUnresolvedType: 0.23u 0.06s 111319e 906544kB
before dumpingPerModuleScm : 0.23u 0.06s 111319e 906544kB
after dumpingPerModuleScm : 0.23u 0.06s 111319e 906544kB

Processing ls_sfty_mnt_diag_ctrl_0000
before constantPropagate: 0.23u 0.06s 111319e 906544kB
after constantPropagate: 0.23u 0.06s 111319e 906544kB
before removeUnusedSignals circuit: 0.23u 0.06s 111319e 906544kB
after removeUnusedSignals circuit: 0.23u 0.06s 111319e 906544kB
before optimize latch enable: 0.23u 0.06s 111319e 906544kB
after optimize latch enable: 0.23u 0.06s 111319e 906544kB
before removeReadAfterMissingWrite: 0.23u 0.06s 111319e 906544kB
after removeReadAfterMissingWrite: 0.23u 0.06s 111319e 906544kB
before undoDimensionalSplitOfMemories: 0.23u 0.06s 111319e 906544kB
after undoDimensionalSplitOfMemories: 0.23u 0.06s 111319e 906544kB
before extractMemories: 0.23u 0.06s 111319e 906544kB
after extractMemories: 0.23u 0.06s 111319e 906544kB
before extractHolds: 0.23u 0.06s 111319e 906544kB
after extractHolds: 0.23u 0.06s 111319e 906544kB
before simplifyAdders: 0.23u 0.06s 111319e 906544kB
after simplifyAdders: 0.23u 0.06s 111319e 906544kB
before optimizeLessThan: 0.23u 0.06s 111319e 906544kB
after optimizeLessThan: 0.23u 0.06s 111319e 906544kB
before reportUnresolvedType: 0.23u 0.06s 111319e 906544kB
after reportUnresolvedType: 0.23u 0.06s 111319e 906544kB
before dumpingPerModuleScm : 0.23u 0.06s 111319e 906544kB
after dumpingPerModuleScm : 0.23u 0.06s 111319e 906544kB

Processing rl_srams
before constantPropagate: 0.23u 0.06s 111319e 906544kB
after constantPropagate: 0.23u 0.06s 111319e 906544kB
before removeUnusedSignals circuit: 0.23u 0.06s 111319e 906544kB
after removeUnusedSignals circuit: 0.23u 0.06s 111319e 906544kB
before optimize latch enable: 0.23u 0.06s 111319e 906544kB
after optimize latch enable: 0.23u 0.06s 111319e 906544kB
before removeReadAfterMissingWrite: 0.23u 0.06s 111319e 906544kB
after removeReadAfterMissingWrite: 0.23u 0.06s 111319e 906544kB
before undoDimensionalSplitOfMemories: 0.23u 0.06s 111319e 906544kB
after undoDimensionalSplitOfMemories: 0.23u 0.06s 111319e 906544kB
before extractMemories: 0.23u 0.06s 111319e 906544kB
after extractMemories: 0.23u 0.06s 111319e 906544kB
before extractHolds: 0.23u 0.06s 111319e 906544kB
after extractHolds: 0.23u 0.06s 111319e 906544kB
before simplifyAdders: 0.23u 0.06s 111319e 906544kB
after simplifyAdders: 0.23u 0.06s 111319e 906544kB
before optimizeLessThan: 0.23u 0.06s 111319e 906544kB
after optimizeLessThan: 0.23u 0.06s 111319e 906544kB
before reportUnresolvedType: 0.23u 0.06s 111319e 906544kB
after reportUnresolvedType: 0.23u 0.06s 111319e 906544kB
before dumpingPerModuleScm : 0.23u 0.06s 111319e 906544kB
after dumpingPerModuleScm : 0.24u 0.06s 111319e 906544kB

Processing ZebuClockDetectFront_104
before constantPropagate: 0.24u 0.06s 111319e 906544kB
after constantPropagate: 0.24u 0.06s 111319e 906544kB
before removeUnusedSignals circuit: 0.24u 0.06s 111319e 906544kB
after removeUnusedSignals circuit: 0.24u 0.06s 111319e 906544kB
before optimize latch enable: 0.24u 0.06s 111319e 906544kB
after optimize latch enable: 0.24u 0.06s 111319e 906544kB
before removeReadAfterMissingWrite: 0.24u 0.06s 111319e 906544kB
after removeReadAfterMissingWrite: 0.24u 0.06s 111319e 906544kB
before undoDimensionalSplitOfMemories: 0.24u 0.06s 111319e 906544kB
after undoDimensionalSplitOfMemories: 0.24u 0.06s 111319e 906544kB
before extractMemories: 0.24u 0.06s 111319e 906544kB
after extractMemories: 0.24u 0.06s 111319e 906544kB
before extractHolds: 0.24u 0.06s 111319e 906544kB
after extractHolds: 0.24u 0.06s 111319e 906544kB
before simplifyAdders: 0.24u 0.06s 111319e 906544kB
after simplifyAdders: 0.24u 0.06s 111319e 906544kB
before optimizeLessThan: 0.24u 0.06s 111319e 906544kB
after optimizeLessThan: 0.24u 0.06s 111319e 906544kB
before reportUnresolvedType: 0.24u 0.06s 111319e 906544kB
after reportUnresolvedType: 0.24u 0.06s 111319e 906544kB
before dumpingPerModuleScm : 0.24u 0.06s 111319e 906544kB
after dumpingPerModuleScm : 0.24u 0.06s 111319e 906544kB

Processing zebu_top
before constantPropagate: 0.24u 0.06s 111319e 906544kB
after constantPropagate: 0.24u 0.06s 111319e 906544kB
before removeUnusedSignals circuit: 0.24u 0.06s 111319e 906544kB
after removeUnusedSignals circuit: 0.24u 0.06s 111319e 906544kB
before optimize latch enable: 0.24u 0.06s 111319e 906544kB
after optimize latch enable: 0.24u 0.06s 111319e 906544kB
before removeReadAfterMissingWrite: 0.24u 0.06s 111319e 906544kB
after removeReadAfterMissingWrite: 0.24u 0.06s 111319e 906544kB
before undoDimensionalSplitOfMemories: 0.24u 0.06s 111319e 906544kB
after undoDimensionalSplitOfMemories: 0.24u 0.06s 111319e 906544kB
before extractMemories: 0.24u 0.06s 111319e 906544kB
after extractMemories: 0.24u 0.06s 111319e 906544kB
before extractHolds: 0.24u 0.06s 111319e 906544kB
after extractHolds: 0.24u 0.06s 111319e 906544kB
before simplifyAdders: 0.24u 0.06s 111319e 906544kB
after simplifyAdders: 0.24u 0.06s 111319e 906544kB
before optimizeLessThan: 0.24u 0.06s 111319e 906544kB
after optimizeLessThan: 0.24u 0.06s 111319e 906544kB
before reportUnresolvedType: 0.24u 0.06s 111319e 906544kB
after reportUnresolvedType: 0.24u 0.06s 111319e 906544kB
before dumpingPerModuleScm : 0.24u 0.06s 111319e 906544kB
after dumpingPerModuleScm : 0.24u 0.06s 111319e 906544kB
