
Processing alb_mss_perfctrl
before buildCfgFromIStructural: 0.01u 0s 31e 877100kB
Before processing instances: 0.01u 0.01s 216e 877100kB
After processing instances: 0.01u 0.01s 216e 877100kB
before processing cont assigns: 0.01u 0.01s 216e 877100kB
after processing cont assigns: 0.01u 0.01s 236e 877100kB
before processing processes: 0.01u 0.01s 236e 877100kB
after processing processes: 0.14u 0.01s 2857e 877100kB
after buildCfgFromIStructural: 0.14u 0.01s 2873e 877100kB
before ns->mergeSimpleProcesses: 0.14u 0.01s 2873e 877100kB
after ns->mergeSimpleProcesses: 0.14u 0.01s 2873e 877100kB
before ns->splitPartialWrites: 0.14u 0.01s 2873e 877100kB
after ns->splitPartialWrites: 0.14u 0.01s 2873e 877100kB
before removeUnneededLatches: 0.14u 0.01s 2873e 877100kB
after removeUnneededLatches: 0.15u 0.01s 2873e 877100kB
before printMsgForBothBAandNBAAccrossProcess: 0.15u 0.01s 2873e 877100kB
after printMsgForBothBAandNBAAccrossProcess: 0.15u 0.01s 2873e 877100kB
after other NameScope processing: 0.15u 0.01s 2873e 877100kB
before rebuildInstGraph: 0.15u 0.01s 2875e 877100kB
  before addAllInScope: 0.15u 0.01s 2875e 877100kB
  after addAllInScope: 0.15u 0.01s 2875e 877100kB
after rebuildInstGraph: 0.15u 0.01s 2875e 877100kB
before markTristateCones : 0.15u 0.01s 2875e 877100kB
after markTristateCones : 0.15u 0.01s 2875e 877100kB
after scheduling: 0.17u 0.01s 3333e 877100kB
after model->finalize: 0.2u 0.01s 3675e 877100kB
before attribute propagation: 0.21u 0.01s 4655e 877100kB
after attribute propagation: 0.21u 0.01s 4655e 877100kB
before constantPropagate: 0.21u 0.01s 4655e 877100kB
after constantPropagate: 0.21u 0.01s 4557e 877100kB
before removeUnusedSignals circuit: 0.21u 0.01s 4557e 877100kB
after removeUnusedSignals circuit: 0.21u 0.01s 4557e 877100kB
before optimize latch enable: 0.21u 0.01s 4557e 877100kB
after optimize latch enable: 0.21u 0.01s 4557e 877100kB
after circuit->load: 0.21u 0.01s 4557e 877100kB

Processing xtor_t32Jtag_svs
before buildCfgFromIStructural: 0.21u 0.01s 2659e 877100kB
Before processing instances: 0.21u 0.01s 3059e 877100kB
After processing instances: 0.22u 0.01s 3216e 877100kB
before processing cont assigns: 0.22u 0.01s 3216e 877100kB
after processing cont assigns: 0.22u 0.01s 3365e 877100kB
before processing processes: 0.22u 0.01s 3365e 877100kB
after processing processes: 0.29u 0.01s 5231e 877100kB
after buildCfgFromIStructural: 0.29u 0.01s 5252e 877100kB
before ns->mergeSimpleProcesses: 0.29u 0.01s 5252e 877100kB
after ns->mergeSimpleProcesses: 0.29u 0.01s 5265e 877100kB
before ns->splitPartialWrites: 0.29u 0.01s 5265e 877100kB
after ns->splitPartialWrites: 0.31u 0.01s 5305e 877100kB
before removeUnneededLatches: 0.31u 0.01s 5305e 877100kB
after removeUnneededLatches: 0.32u 0.01s 5305e 877100kB
before printMsgForBothBAandNBAAccrossProcess: 0.32u 0.01s 5305e 877100kB
after printMsgForBothBAandNBAAccrossProcess: 0.32u 0.02s 5305e 877100kB
after other NameScope processing: 0.34u 0.02s 5770e 878552kB
before rebuildInstGraph: 0.35u 0.02s 5944e 880136kB
  before addAllInScope: 0.35u 0.02s 5944e 880136kB
  after addAllInScope: 0.35u 0.02s 5944e 880268kB
after rebuildInstGraph: 0.35u 0.02s 5944e 880412kB
before makeSequentialsCuttable: 0.35u 0.02s 5944e 880412kB
after makeSequentialsCuttable: 0.37u 0.02s 6095e 880412kB
before markTristateCones : 0.37u 0.02s 6097e 880412kB
after markTristateCones : 0.37u 0.02s 6097e 880412kB
after scheduling: 0.39u 0.02s 7387e 880412kB
after model->finalize: 0.42u 0.02s 7921e 880412kB
before attribute propagation: 0.47u 0.02s 9137e 880412kB
after attribute propagation: 0.47u 0.02s 9137e 880412kB
before constantPropagate: 0.47u 0.02s 9137e 880412kB
after constantPropagate: 0.48u 0.02s 9074e 880412kB
before removeUnusedSignals circuit: 0.48u 0.02s 9074e 880412kB
after removeUnusedSignals circuit: 0.48u 0.02s 9074e 880412kB
before optimize latch enable: 0.48u 0.02s 9074e 880412kB
after optimize latch enable: 0.48u 0.02s 9074e 880412kB
after circuit->load: 0.48u 0.02s 9074e 880412kB

Processing mss_bus_switch_ibp2pack_0000
before buildCfgFromIStructural: 0.49u 0.02s 5804e 880412kB
Before processing instances: 0.49u 0.02s 5910e 880412kB
After processing instances: 0.49u 0.02s 5910e 880412kB
before processing cont assigns: 0.49u 0.02s 5910e 880412kB
after processing cont assigns: 0.49u 0.02s 5962e 880412kB
before processing processes: 0.49u 0.02s 5962e 880412kB
after processing processes: 0.49u 0.02s 5962e 880412kB
after buildCfgFromIStructural: 0.49u 0.02s 5973e 880412kB
before ns->mergeSimpleProcesses: 0.49u 0.02s 5973e 880412kB
after ns->mergeSimpleProcesses: 0.49u 0.02s 5973e 880412kB
before ns->splitPartialWrites: 0.49u 0.02s 5973e 880412kB
after ns->splitPartialWrites: 0.49u 0.02s 5973e 880412kB
before removeUnneededLatches: 0.49u 0.02s 5973e 880412kB
after removeUnneededLatches: 0.49u 0.02s 5973e 880412kB
before printMsgForBothBAandNBAAccrossProcess: 0.49u 0.02s 5973e 880412kB
after printMsgForBothBAandNBAAccrossProcess: 0.49u 0.02s 5973e 880412kB
after other NameScope processing: 0.49u 0.02s 5973e 880412kB
before rebuildInstGraph: 0.49u 0.02s 6007e 880412kB
  before addAllInScope: 0.49u 0.02s 6007e 880412kB
  after addAllInScope: 0.49u 0.02s 6007e 880412kB
after rebuildInstGraph: 0.49u 0.02s 6007e 880412kB
before markTristateCones : 0.49u 0.02s 6007e 880412kB
after markTristateCones : 0.49u 0.02s 6007e 880412kB
after scheduling: 0.49u 0.02s 6166e 880412kB
after model->finalize: 0.49u 0.02s 6349e 880412kB
before attribute propagation: 0.49u 0.02s 6387e 880412kB
after attribute propagation: 0.49u 0.02s 6387e 880412kB
before constantPropagate: 0.49u 0.02s 6387e 880412kB
after constantPropagate: 0.49u 0.02s 6387e 880412kB
before removeUnusedSignals circuit: 0.49u 0.02s 6387e 880412kB
after removeUnusedSignals circuit: 0.49u 0.02s 6387e 880412kB
before optimize latch enable: 0.49u 0.02s 6387e 880412kB
after optimize latch enable: 0.49u 0.02s 6387e 880412kB
after circuit->load: 0.49u 0.02s 6387e 880412kB

Processing mss_bus_switch_ibp_compr_0000_0001
before buildCfgFromIStructural: 0.49u 0.02s 5912e 880412kB
Before processing instances: 0.49u 0.02s 6082e 880412kB
After processing instances: 0.49u 0.02s 6106e 880412kB
before processing cont assigns: 0.49u 0.02s 6106e 880412kB
after processing cont assigns: 0.52u 0.02s 6521e 880412kB
before processing processes: 0.52u 0.02s 6521e 880412kB
after processing processes: 0.54u 0.02s 6786e 880412kB
after buildCfgFromIStructural: 0.54u 0.02s 6806e 880412kB
before ns->mergeSimpleProcesses: 0.54u 0.02s 6806e 880412kB
after ns->mergeSimpleProcesses: 0.54u 0.02s 6831e 880412kB
before ns->splitPartialWrites: 0.54u 0.02s 6831e 880412kB
after ns->splitPartialWrites: 0.54u 0.02s 6842e 880412kB
before removeUnneededLatches: 0.54u 0.02s 6842e 880412kB
after removeUnneededLatches: 0.54u 0.02s 6842e 880412kB
before printMsgForBothBAandNBAAccrossProcess: 0.54u 0.02s 6842e 880412kB
after printMsgForBothBAandNBAAccrossProcess: 0.54u 0.02s 6842e 880412kB
after other NameScope processing: 0.55u 0.02s 6853e 880412kB
before rebuildInstGraph: 0.56u 0.02s 7052e 880412kB
  before addAllInScope: 0.56u 0.02s 7052e 880412kB
  after addAllInScope: 0.56u 0.02s 7052e 880412kB
after rebuildInstGraph: 0.56u 0.02s 7052e 880412kB
before markTristateCones : 0.56u 0.02s 7053e 880412kB
after markTristateCones : 0.56u 0.02s 7053e 880412kB
after scheduling: 0.57u 0.02s 7335e 880412kB
after model->finalize: 0.58u 0.02s 7663e 880412kB
before attribute propagation: 0.58u 0.02s 7806e 880412kB
after attribute propagation: 0.58u 0.02s 7806e 880412kB
before constantPropagate: 0.58u 0.02s 7806e 880412kB
after constantPropagate: 0.58u 0.02s 7806e 880412kB
before removeUnusedSignals circuit: 0.58u 0.02s 7806e 880412kB
after removeUnusedSignals circuit: 0.58u 0.02s 7806e 880412kB
before optimize latch enable: 0.58u 0.02s 7806e 880412kB
after optimize latch enable: 0.58u 0.02s 7806e 880412kB
after circuit->load: 0.58u 0.02s 7806e 880412kB

Processing dw_dbp
before buildCfgFromIStructural: 0.58u 0.02s 7009e 880412kB
Before processing instances: 0.58u 0.02s 7265e 880412kB
After processing instances: 0.59u 0.02s 7375e 880412kB
before processing cont assigns: 0.59u 0.02s 7375e 880412kB
after processing cont assigns: 0.59u 0.02s 7603e 880412kB
before processing processes: 0.59u 0.02s 7603e 880412kB
after processing processes: 0.6u 0.02s 8083e 880412kB
after buildCfgFromIStructural: 0.6u 0.02s 8089e 880412kB
before ns->mergeSimpleProcesses: 0.6u 0.02s 8089e 880412kB
after ns->mergeSimpleProcesses: 0.6u 0.02s 8089e 880412kB
before ns->splitPartialWrites: 0.6u 0.02s 8089e 880412kB
after ns->splitPartialWrites: 0.61u 0.02s 8089e 880412kB
before removeUnneededLatches: 0.61u 0.02s 8089e 880412kB
after removeUnneededLatches: 0.61u 0.02s 8089e 880412kB
before printMsgForBothBAandNBAAccrossProcess: 0.61u 0.02s 8089e 880412kB
after printMsgForBothBAandNBAAccrossProcess: 0.61u 0.02s 8089e 880412kB
after other NameScope processing: 0.61u 0.02s 8089e 880412kB
before rebuildInstGraph: 0.61u 0.02s 8153e 880412kB
  before addAllInScope: 0.61u 0.02s 8153e 880412kB
  after addAllInScope: 0.61u 0.02s 8153e 880412kB
after rebuildInstGraph: 0.61u 0.02s 8153e 880412kB
before markTristateCones : 0.61u 0.02s 8153e 880412kB
after markTristateCones : 0.61u 0.02s 8153e 880412kB
after scheduling: 0.62u 0.02s 8867e 880412kB
after model->finalize: 0.63u 0.02s 9217e 880412kB
before attribute propagation: 0.63u 0.02s 9542e 880412kB
after attribute propagation: 0.63u 0.02s 9542e 880412kB
before constantPropagate: 0.63u 0.02s 9542e 880412kB
after constantPropagate: 0.64u 0.02s 9490e 880412kB
before removeUnusedSignals circuit: 0.64u 0.02s 9490e 880412kB
after removeUnusedSignals circuit: 0.64u 0.02s 9490e 880412kB
before optimize latch enable: 0.64u 0.02s 9490e 880412kB
after optimize latch enable: 0.64u 0.02s 9490e 880412kB
after circuit->load: 0.64u 0.02s 9490e 880412kB

Processing mss_bus_switch_ibp_split_0000
before buildCfgFromIStructural: 0.64u 0.02s 8054e 880412kB
Before processing instances: 0.64u 0.02s 8203e 880412kB
After processing instances: 0.64u 0.02s 8215e 880412kB
before processing cont assigns: 0.64u 0.02s 8215e 880412kB
after processing cont assigns: 0.68u 0.02s 8848e 880412kB
before processing processes: 0.68u 0.02s 8848e 880412kB
after processing processes: 0.69u 0.02s 9073e 880412kB
after buildCfgFromIStructural: 0.69u 0.02s 9090e 880412kB
before ns->mergeSimpleProcesses: 0.69u 0.02s 9090e 880412kB
after ns->mergeSimpleProcesses: 0.69u 0.02s 9083e 880412kB
before ns->splitPartialWrites: 0.69u 0.02s 9083e 880412kB
after ns->splitPartialWrites: 0.69u 0.02s 9083e 880412kB
before removeUnneededLatches: 0.69u 0.02s 9083e 880412kB
after removeUnneededLatches: 0.69u 0.02s 9083e 880412kB
before printMsgForBothBAandNBAAccrossProcess: 0.69u 0.02s 9083e 880412kB
after printMsgForBothBAandNBAAccrossProcess: 0.69u 0.02s 9083e 880412kB
after other NameScope processing: 0.7u 0.02s 9092e 880412kB
before rebuildInstGraph: 0.71u 0.02s 9276e 880412kB
  before addAllInScope: 0.71u 0.02s 9276e 880412kB
  after addAllInScope: 0.71u 0.02s 9276e 880412kB
after rebuildInstGraph: 0.71u 0.02s 9276e 880412kB
before markTristateCones : 0.71u 0.02s 9277e 880412kB
after markTristateCones : 0.71u 0.02s 9277e 880412kB
after scheduling: 0.71u 0.02s 9518e 880412kB
after model->finalize: 0.72u 0.02s 9830e 880412kB
before attribute propagation: 0.73u 0.02s 9901e 880412kB
after attribute propagation: 0.73u 0.02s 9901e 880412kB
before constantPropagate: 0.73u 0.02s 9901e 880412kB
after constantPropagate: 0.73u 0.02s 9901e 880412kB
before removeUnusedSignals circuit: 0.73u 0.02s 9901e 880412kB
after removeUnusedSignals circuit: 0.73u 0.02s 9901e 880412kB
before optimize latch enable: 0.73u 0.02s 9901e 880412kB
after optimize latch enable: 0.73u 0.02s 9901e 880412kB
after circuit->load: 0.73u 0.02s 9901e 880412kB

Processing mss_bus_switch_mst_ibp_buffer_0000_0001
before buildCfgFromIStructural: 0.73u 0.02s 9244e 880412kB
Before processing instances: 0.73u 0.02s 9392e 880412kB
After processing instances: 0.73u 0.02s 9448e 880412kB
before processing cont assigns: 0.73u 0.02s 9448e 880412kB
after processing cont assigns: 0.73u 0.02s 9608e 880412kB
before processing processes: 0.73u 0.02s 9608e 880412kB
after processing processes: 0.73u 0.02s 9655e 880412kB
after buildCfgFromIStructural: 0.73u 0.02s 9662e 880412kB
before ns->mergeSimpleProcesses: 0.73u 0.02s 9662e 880412kB
after ns->mergeSimpleProcesses: 0.73u 0.02s 9662e 880412kB
before ns->splitPartialWrites: 0.73u 0.02s 9662e 880412kB
after ns->splitPartialWrites: 0.73u 0.02s 9662e 880412kB
before removeUnneededLatches: 0.73u 0.02s 9662e 880412kB
after removeUnneededLatches: 0.73u 0.02s 9662e 880412kB
before printMsgForBothBAandNBAAccrossProcess: 0.73u 0.02s 9662e 880412kB
after printMsgForBothBAandNBAAccrossProcess: 0.73u 0.02s 9662e 880412kB
after other NameScope processing: 0.73u 0.02s 9662e 880412kB
before rebuildInstGraph: 0.74u 0.02s 9730e 880412kB
  before addAllInScope: 0.74u 0.02s 9730e 880412kB
  after addAllInScope: 0.74u 0.02s 9730e 880412kB
after rebuildInstGraph: 0.74u 0.02s 9730e 880412kB
before markTristateCones : 0.74u 0.02s 9730e 880412kB
after markTristateCones : 0.74u 0.02s 9730e 880412kB
after scheduling: 0.74u 0.02s 9992e 880412kB
after model->finalize: 0.74u 0.02s 10120e 880412kB
before attribute propagation: 0.75u 0.02s 10178e 880412kB
after attribute propagation: 0.75u 0.02s 10178e 880412kB
before constantPropagate: 0.75u 0.02s 10178e 880412kB
after constantPropagate: 0.75u 0.02s 10178e 880412kB
before removeUnusedSignals circuit: 0.75u 0.02s 10178e 880412kB
after removeUnusedSignals circuit: 0.75u 0.02s 10178e 880412kB
before optimize latch enable: 0.75u 0.02s 10178e 880412kB
after optimize latch enable: 0.75u 0.02s 10178e 880412kB
after circuit->load: 0.75u 0.02s 10178e 880412kB

Processing arcv_dm
before buildCfgFromIStructural: 0.75u 0.02s 9590e 880412kB
Before processing instances: 0.75u 0.03s 9905e 880412kB
After processing instances: 0.75u 0.03s 9939e 880412kB
before processing cont assigns: 0.75u 0.03s 9939e 880412kB
after processing cont assigns: 0.76u 0.03s 10345e 880412kB
before processing processes: 0.76u 0.03s 10345e 880412kB
after processing processes: 0.8u 0.03s 11845e 880412kB
after buildCfgFromIStructural: 0.8u 0.03s 11861e 880412kB
before ns->mergeSimpleProcesses: 0.8u 0.03s 11861e 880412kB
after ns->mergeSimpleProcesses: 0.8u 0.03s 11861e 880412kB
before ns->splitPartialWrites: 0.8u 0.03s 11861e 880412kB
after ns->splitPartialWrites: 0.81u 0.03s 11912e 880412kB
before removeUnneededLatches: 0.81u 0.03s 11912e 880412kB
after removeUnneededLatches: 0.81u 0.03s 11912e 880412kB
before printMsgForBothBAandNBAAccrossProcess: 0.81u 0.03s 11912e 880412kB
after printMsgForBothBAandNBAAccrossProcess: 0.81u 0.03s 11912e 880412kB
after other NameScope processing: 0.81u 0.03s 11912e 880412kB
before rebuildInstGraph: 0.82u 0.03s 12084e 882128kB
  before addAllInScope: 0.82u 0.03s 12084e 882264kB
  after addAllInScope: 0.82u 0.03s 12084e 882264kB
after rebuildInstGraph: 0.82u 0.03s 12084e 882264kB
before markTristateCones : 0.82u 0.03s 12084e 882264kB
after markTristateCones : 0.82u 0.03s 12084e 882264kB
after scheduling: 0.84u 0.03s 12694e 882264kB
after model->finalize: 0.86u 0.03s 13223e 882264kB
before attribute propagation: 0.88u 0.03s 14300e 882264kB
after attribute propagation: 0.88u 0.03s 14300e 882264kB
before constantPropagate: 0.88u 0.03s 14300e 882264kB
after constantPropagate: 0.88u 0.03s 14082e 882264kB
before removeUnusedSignals circuit: 0.88u 0.03s 14082e 882264kB
after removeUnusedSignals circuit: 0.88u 0.03s 14082e 882264kB
before optimize latch enable: 0.88u 0.03s 14082e 882264kB
after optimize latch enable: 0.88u 0.03s 14082e 882264kB
after circuit->load: 0.88u 0.03s 14082e 882264kB

Processing alb_mss_fab_ahbl2ibp_0000
before buildCfgFromIStructural: 0.89u 0.03s 11641e 882264kB
Before processing instances: 0.89u 0.03s 11841e 882264kB
After processing instances: 0.89u 0.03s 11877e 882264kB
before processing cont assigns: 0.89u 0.03s 11877e 882264kB
after processing cont assigns: 0.89u 0.03s 12155e 882264kB
before processing processes: 0.89u 0.03s 12155e 882264kB
after processing processes: 0.91u 0.03s 12542e 882264kB
after buildCfgFromIStructural: 0.91u 0.03s 12550e 882264kB
before ns->mergeSimpleProcesses: 0.91u 0.03s 12550e 882264kB
after ns->mergeSimpleProcesses: 0.91u 0.03s 12550e 882264kB
before ns->splitPartialWrites: 0.91u 0.03s 12550e 882264kB
after ns->splitPartialWrites: 0.91u 0.03s 12550e 882264kB
before removeUnneededLatches: 0.91u 0.03s 12550e 882264kB
after removeUnneededLatches: 0.91u 0.03s 12548e 882264kB
before printMsgForBothBAandNBAAccrossProcess: 0.91u 0.03s 12548e 882264kB
after printMsgForBothBAandNBAAccrossProcess: 0.91u 0.03s 12548e 882264kB
after other NameScope processing: 0.91u 0.03s 12560e 882264kB
before rebuildInstGraph: 0.92u 0.03s 12665e 882264kB
  before addAllInScope: 0.92u 0.03s 12665e 882264kB
  after addAllInScope: 0.92u 0.03s 12665e 882264kB
after rebuildInstGraph: 0.92u 0.03s 12665e 882264kB
before markTristateCones : 0.92u 0.03s 12665e 882264kB
after markTristateCones : 0.92u 0.03s 12665e 882264kB
after scheduling: 0.93u 0.03s 13141e 882264kB
after model->finalize: 0.94u 0.03s 13494e 882264kB
before attribute propagation: 0.95u 0.03s 13756e 882264kB
after attribute propagation: 0.95u 0.03s 13756e 882264kB
before constantPropagate: 0.95u 0.03s 13756e 882264kB
after constantPropagate: 0.95u 0.03s 13724e 882264kB
before removeUnusedSignals circuit: 0.95u 0.03s 13724e 882264kB
after removeUnusedSignals circuit: 0.95u 0.03s 13724e 882264kB
before optimize latch enable: 0.95u 0.03s 13724e 882264kB
after optimize latch enable: 0.95u 0.03s 13724e 882264kB
after circuit->load: 0.95u 0.03s 13724e 882264kB

Processing mss_bus_switch_ibp2single_0000_0000
before buildCfgFromIStructural: 0.95u 0.03s 12494e 882264kB
Before processing instances: 0.95u 0.03s 12656e 882264kB
After processing instances: 0.95u 0.03s 12674e 882264kB
before processing cont assigns: 0.95u 0.03s 12674e 882264kB
after processing cont assigns: 0.95u 0.03s 12979e 882264kB
before processing processes: 0.95u 0.03s 12979e 882264kB
after processing processes: 0.96u 0.03s 13076e 882264kB
after buildCfgFromIStructural: 0.96u 0.03s 13084e 882264kB
before ns->mergeSimpleProcesses: 0.96u 0.03s 13084e 882264kB
after ns->mergeSimpleProcesses: 0.96u 0.03s 13084e 882264kB
before ns->splitPartialWrites: 0.96u 0.03s 13084e 882264kB
after ns->splitPartialWrites: 0.96u 0.03s 13084e 882264kB
before removeUnneededLatches: 0.96u 0.03s 13084e 882264kB
after removeUnneededLatches: 0.96u 0.03s 13084e 882264kB
before printMsgForBothBAandNBAAccrossProcess: 0.96u 0.03s 13084e 882264kB
after printMsgForBothBAandNBAAccrossProcess: 0.96u 0.03s 13084e 882264kB
after other NameScope processing: 0.96u 0.03s 13084e 882264kB
before rebuildInstGraph: 0.97u 0.04s 13179e 882264kB
  before addAllInScope: 0.97u 0.04s 13179e 882264kB
  after addAllInScope: 0.97u 0.04s 13179e 882264kB
after rebuildInstGraph: 0.97u 0.04s 13179e 882264kB
before markTristateCones : 0.97u 0.04s 13180e 882264kB
after markTristateCones : 0.97u 0.04s 13180e 882264kB
after scheduling: 0.98u 0.04s 13675e 882264kB
after model->finalize: 0.99u 0.04s 14084e 882264kB
before attribute propagation: 0.99u 0.04s 14299e 882264kB
after attribute propagation: 0.99u 0.04s 14299e 882264kB
before constantPropagate: 0.99u 0.04s 14299e 882264kB
after constantPropagate: 0.99u 0.04s 14299e 882264kB
before removeUnusedSignals circuit: 0.99u 0.04s 14299e 882264kB
after removeUnusedSignals circuit: 0.99u 0.04s 14299e 882264kB
before optimize latch enable: 0.99u 0.04s 14299e 882264kB
after optimize latch enable: 0.99u 0.04s 14299e 882264kB
after circuit->load: 0.99u 0.04s 14299e 882264kB

Processing alb_mss_clkctrl
before buildCfgFromIStructural: 0.99u 0.04s 13138e 882264kB
Before processing instances: 0.99u 0.04s 13381e 882264kB
After processing instances: 1u 0.04s 13406e 882264kB
before processing cont assigns: 1u 0.04s 13406e 882264kB
after processing cont assigns: 1u 0.04s 13643e 882264kB
before processing processes: 1u 0.04s 13643e 882264kB
after processing processes: 1.04u 0.04s 15075e 882924kB
after buildCfgFromIStructural: 1.04u 0.04s 15078e 882924kB
before ns->mergeSimpleProcesses: 1.04u 0.04s 15078e 882924kB
after ns->mergeSimpleProcesses: 1.04u 0.04s 15078e 882924kB
before ns->splitPartialWrites: 1.04u 0.04s 15078e 882924kB
after ns->splitPartialWrites: 1.04u 0.04s 15078e 882924kB
before removeUnneededLatches: 1.04u 0.04s 15078e 882924kB
after removeUnneededLatches: 1.04u 0.04s 15078e 882924kB
before printMsgForBothBAandNBAAccrossProcess: 1.04u 0.04s 15078e 882924kB
after printMsgForBothBAandNBAAccrossProcess: 1.04u 0.04s 15078e 882924kB
after other NameScope processing: 1.04u 0.04s 15078e 882924kB
before rebuildInstGraph: 1.05u 0.04s 15138e 883848kB
  before addAllInScope: 1.05u 0.04s 15138e 883848kB
  after addAllInScope: 1.05u 0.04s 15138e 883980kB
after rebuildInstGraph: 1.05u 0.04s 15138e 883980kB
before markTristateCones : 1.05u 0.04s 15138e 883980kB
after markTristateCones : 1.05u 0.04s 15138e 883980kB
after scheduling: 1.06u 0.04s 15831e 883980kB
after model->finalize: 1.08u 0.04s 16172e 883980kB
before attribute propagation: 1.1u 0.04s 17114e 883980kB
after attribute propagation: 1.1u 0.04s 17114e 883980kB
before constantPropagate: 1.1u 0.04s 17114e 883980kB
after constantPropagate: 1.11u 0.04s 16816e 883980kB
before removeUnusedSignals circuit: 1.11u 0.04s 16816e 883980kB
after removeUnusedSignals circuit: 1.11u 0.04s 16816e 883980kB
before optimize latch enable: 1.11u 0.04s 16816e 883980kB
after optimize latch enable: 1.11u 0.04s 16816e 883980kB
after circuit->load: 1.11u 0.04s 16816e 883980kB

Processing rl_srams
before buildCfgFromIStructural: 1.11u 0.04s 14571e 883980kB
Before processing instances: 1.11u 0.04s 14610e 883980kB
After processing instances: 1.11u 0.04s 14642e 883980kB
before processing cont assigns: 1.11u 0.04s 14642e 883980kB
after processing cont assigns: 1.11u 0.04s 14642e 883980kB
before processing processes: 1.11u 0.04s 14642e 883980kB
after processing processes: 1.11u 0.04s 14642e 883980kB
after buildCfgFromIStructural: 1.11u 0.04s 14649e 883980kB
before ns->mergeSimpleProcesses: 1.11u 0.04s 14649e 883980kB
after ns->mergeSimpleProcesses: 1.11u 0.04s 14649e 883980kB
before ns->splitPartialWrites: 1.11u 0.04s 14649e 883980kB
after ns->splitPartialWrites: 1.11u 0.04s 14649e 883980kB
before removeUnneededLatches: 1.11u 0.04s 14649e 883980kB
after removeUnneededLatches: 1.11u 0.04s 14649e 883980kB
before printMsgForBothBAandNBAAccrossProcess: 1.11u 0.04s 14649e 883980kB
after printMsgForBothBAandNBAAccrossProcess: 1.11u 0.04s 14649e 883980kB
after other NameScope processing: 1.11u 0.04s 14649e 883980kB
before markTristateCones : 1.11u 0.04s 14649e 883980kB
after markTristateCones : 1.11u 0.04s 14649e 883980kB
after scheduling: 1.11u 0.04s 14829e 883980kB
after model->finalize: 1.11u 0.04s 14898e 883980kB
before attribute propagation: 1.11u 0.04s 14913e 883980kB
after attribute propagation: 1.11u 0.04s 14913e 883980kB
before constantPropagate: 1.11u 0.04s 14913e 883980kB
after constantPropagate: 1.11u 0.04s 14913e 883980kB
before removeUnusedSignals circuit: 1.11u 0.04s 14913e 883980kB
after removeUnusedSignals circuit: 1.11u 0.04s 14913e 883980kB
before optimize latch enable: 1.11u 0.04s 14913e 883980kB
after optimize latch enable: 1.11u 0.04s 14913e 883980kB
after circuit->load: 1.11u 0.04s 14913e 883980kB

Processing rl_ifu_icache_ctl
before buildCfgFromIStructural: 1.11u 0.04s 14660e 883980kB
Before processing instances: 1.11u 0.04s 14764e 883980kB
After processing instances: 1.11u 0.04s 14764e 883980kB
before processing cont assigns: 1.11u 0.04s 14764e 883980kB
after processing cont assigns: 1.11u 0.04s 14805e 883980kB
before processing processes: 1.11u 0.04s 14805e 883980kB
after processing processes: 1.13u 0.04s 15646e 883980kB
after buildCfgFromIStructural: 1.14u 0.04s 15653e 883980kB
before ns->mergeSimpleProcesses: 1.14u 0.04s 15653e 883980kB
after ns->mergeSimpleProcesses: 1.14u 0.04s 15653e 883980kB
before ns->splitPartialWrites: 1.14u 0.04s 15653e 883980kB
after ns->splitPartialWrites: 1.14u 0.04s 15653e 883980kB
before removeUnneededLatches: 1.14u 0.04s 15653e 883980kB
after removeUnneededLatches: 1.14u 0.04s 15653e 883980kB
before printMsgForBothBAandNBAAccrossProcess: 1.14u 0.04s 15653e 883980kB
after printMsgForBothBAandNBAAccrossProcess: 1.14u 0.04s 15653e 883980kB
after other NameScope processing: 1.14u 0.04s 15653e 883980kB
before rebuildInstGraph: 1.14u 0.04s 15665e 883980kB
  before addAllInScope: 1.14u 0.04s 15665e 883980kB
  after addAllInScope: 1.14u 0.05s 15665e 883980kB
after rebuildInstGraph: 1.14u 0.05s 15665e 883980kB
before markTristateCones : 1.14u 0.05s 15665e 883980kB
after markTristateCones : 1.14u 0.05s 15665e 883980kB
after scheduling: 1.15u 0.05s 15987e 883980kB
after model->finalize: 1.16u 0.05s 16216e 883980kB
before attribute propagation: 1.16u 0.05s 16584e 883980kB
after attribute propagation: 1.16u 0.05s 16584e 883980kB
before constantPropagate: 1.16u 0.05s 16584e 883980kB
after constantPropagate: 1.17u 0.05s 16442e 883980kB
before removeUnusedSignals circuit: 1.17u 0.05s 16442e 883980kB
after removeUnusedSignals circuit: 1.17u 0.05s 16442e 883980kB
before optimize latch enable: 1.17u 0.05s 16442e 883980kB
after optimize latch enable: 1.17u 0.05s 16442e 883980kB
after circuit->load: 1.17u 0.05s 16442e 883980kB

Processing alb_mss_fab_ibp_buffer_0000_0007
before buildCfgFromIStructural: 1.17u 0.05s 15478e 883980kB
Before processing instances: 1.17u 0.05s 15564e 883980kB
After processing instances: 1.17u 0.05s 15612e 883980kB
before processing cont assigns: 1.17u 0.05s 15612e 883980kB
after processing cont assigns: 1.17u 0.05s 15770e 883980kB
before processing processes: 1.17u 0.05s 15770e 883980kB
after processing processes: 1.17u 0.05s 15812e 883980kB
after buildCfgFromIStructural: 1.17u 0.05s 15819e 883980kB
before ns->mergeSimpleProcesses: 1.17u 0.05s 15819e 883980kB
after ns->mergeSimpleProcesses: 1.17u 0.05s 15819e 883980kB
before ns->splitPartialWrites: 1.17u 0.05s 15819e 883980kB
after ns->splitPartialWrites: 1.17u 0.05s 15819e 883980kB
before removeUnneededLatches: 1.17u 0.05s 15819e 883980kB
after removeUnneededLatches: 1.17u 0.05s 15819e 883980kB
before printMsgForBothBAandNBAAccrossProcess: 1.17u 0.05s 15819e 883980kB
after printMsgForBothBAandNBAAccrossProcess: 1.17u 0.05s 15819e 883980kB
after other NameScope processing: 1.17u 0.05s 15819e 883980kB
before rebuildInstGraph: 1.18u 0.05s 15887e 883980kB
  before addAllInScope: 1.18u 0.05s 15887e 883980kB
  after addAllInScope: 1.18u 0.05s 15887e 883980kB
after rebuildInstGraph: 1.18u 0.05s 15887e 883980kB
before markTristateCones : 1.18u 0.05s 15887e 883980kB
after markTristateCones : 1.18u 0.05s 15887e 883980kB
after scheduling: 1.18u 0.05s 16150e 883980kB
after model->finalize: 1.18u 0.05s 16158e 883980kB
before attribute propagation: 1.19u 0.05s 16125e 883980kB
after attribute propagation: 1.19u 0.05s 16125e 883980kB
before constantPropagate: 1.19u 0.05s 16125e 883980kB
after constantPropagate: 1.19u 0.05s 16125e 883980kB
before removeUnusedSignals circuit: 1.19u 0.05s 16125e 883980kB
after removeUnusedSignals circuit: 1.19u 0.05s 16125e 883980kB
before optimize latch enable: 1.19u 0.05s 16125e 883980kB
after optimize latch enable: 1.19u 0.05s 16125e 883980kB
after circuit->load: 1.19u 0.05s 16125e 883980kB

Processing alb_mss_fab_ibp_buffer_0000_0004
before buildCfgFromIStructural: 1.19u 0.05s 15539e 883980kB
Before processing instances: 1.19u 0.05s 15619e 883980kB
After processing instances: 1.19u 0.05s 15667e 883980kB
before processing cont assigns: 1.19u 0.05s 15667e 883980kB
after processing cont assigns: 1.19u 0.05s 15825e 883980kB
before processing processes: 1.19u 0.05s 15825e 883980kB
after processing processes: 1.19u 0.05s 15867e 883980kB
after buildCfgFromIStructural: 1.19u 0.05s 15874e 883980kB
before ns->mergeSimpleProcesses: 1.19u 0.05s 15874e 883980kB
after ns->mergeSimpleProcesses: 1.19u 0.05s 15874e 883980kB
before ns->splitPartialWrites: 1.19u 0.05s 15874e 883980kB
after ns->splitPartialWrites: 1.2u 0.05s 15874e 883980kB
before removeUnneededLatches: 1.2u 0.05s 15874e 883980kB
after removeUnneededLatches: 1.2u 0.05s 15874e 883980kB
before printMsgForBothBAandNBAAccrossProcess: 1.2u 0.05s 15874e 883980kB
after printMsgForBothBAandNBAAccrossProcess: 1.2u 0.05s 15874e 883980kB
after other NameScope processing: 1.2u 0.05s 15874e 883980kB
before rebuildInstGraph: 1.2u 0.05s 15942e 883980kB
  before addAllInScope: 1.2u 0.05s 15942e 883980kB
  after addAllInScope: 1.2u 0.05s 15942e 883980kB
after rebuildInstGraph: 1.2u 0.05s 15942e 883980kB
before markTristateCones : 1.2u 0.05s 15942e 883980kB
after markTristateCones : 1.2u 0.05s 15942e 883980kB
after scheduling: 1.2u 0.05s 16205e 883980kB
after model->finalize: 1.21u 0.05s 16201e 883980kB
before attribute propagation: 1.21u 0.05s 16158e 883980kB
after attribute propagation: 1.21u 0.05s 16158e 883980kB
before constantPropagate: 1.21u 0.05s 16158e 883980kB
after constantPropagate: 1.21u 0.05s 16158e 883980kB
before removeUnusedSignals circuit: 1.21u 0.05s 16158e 883980kB
after removeUnusedSignals circuit: 1.21u 0.05s 16158e 883980kB
before optimize latch enable: 1.21u 0.05s 16158e 883980kB
after optimize latch enable: 1.21u 0.05s 16158e 883980kB
after circuit->load: 1.21u 0.05s 16158e 883980kB

Processing zceiMessageOutPort_640
before attribute propagation: 1.21u 0.05s 15584e 883980kB
after attribute propagation: 1.21u 0.05s 15584e 883980kB
before constantPropagate: 1.21u 0.05s 15584e 883980kB
after constantPropagate: 1.21u 0.05s 15584e 883980kB
before removeUnusedSignals circuit: 1.21u 0.05s 15584e 883980kB
after removeUnusedSignals circuit: 1.21u 0.05s 15584e 883980kB
before optimize latch enable: 1.21u 0.05s 15584e 883980kB
after optimize latch enable: 1.21u 0.05s 15584e 883980kB
before removeReadAfterMissingWrite: 1.21u 0.05s 15584e 883980kB
after removeReadAfterMissingWrite: 1.21u 0.05s 15584e 883980kB
before undoDimensionalSplitOfMemories: 1.21u 0.05s 15584e 883980kB
after undoDimensionalSplitOfMemories: 1.21u 0.05s 15584e 883980kB
before extractMemories: 1.21u 0.05s 15584e 883980kB
after extractMemories: 1.21u 0.05s 15584e 883980kB
before extractHolds: 1.21u 0.05s 15584e 883980kB
after extractHolds: 1.21u 0.05s 15584e 883980kB
before simplifyAdders: 1.21u 0.05s 15584e 883980kB
after simplifyAdders: 1.21u 0.05s 15584e 883980kB
before optimizeLessThan: 1.21u 0.05s 15584e 883980kB
after optimizeLessThan: 1.21u 0.05s 15584e 883980kB
before reportUnresolvedType: 1.21u 0.05s 15584e 883980kB
after reportUnresolvedType: 1.21u 0.05s 15584e 883980kB

Processing ls_multi_bit_comparator_0005
before buildCfgFromIStructural: 1.21u 0.05s 15578e 883980kB
Before processing instances: 1.21u 0.05s 15588e 883980kB
After processing instances: 1.21u 0.05s 15588e 883980kB
before processing cont assigns: 1.21u 0.05s 15588e 883980kB
after processing cont assigns: 1.38u 0.05s 21196e 885828kB
before processing processes: 1.38u 0.05s 21196e 885828kB
after processing processes: 1.38u 0.05s 21196e 885828kB
after buildCfgFromIStructural: 1.38u 0.05s 21198e 885828kB
before ns->mergeSimpleProcesses: 1.38u 0.05s 21198e 885828kB
after ns->mergeSimpleProcesses: 1.38u 0.05s 21198e 885828kB
before ns->splitPartialWrites: 1.38u 0.05s 21198e 885828kB
after ns->splitPartialWrites: 1.88u 0.05s 22462e 885828kB
before removeUnneededLatches: 1.88u 0.05s 22462e 885828kB
after removeUnneededLatches: 1.88u 0.05s 22462e 885828kB
before printMsgForBothBAandNBAAccrossProcess: 1.88u 0.05s 22462e 885828kB
after printMsgForBothBAandNBAAccrossProcess: 1.88u 0.05s 22462e 885828kB
after other NameScope processing: 1.88u 0.05s 22462e 885828kB
before rebuildInstGraph: 1.89u 0.05s 23226e 885828kB
  before addAllInScope: 1.89u 0.05s 23226e 885960kB
  after addAllInScope: 1.89u 0.05s 23226e 885960kB
after rebuildInstGraph: 1.89u 0.05s 23226e 885960kB
before markTristateCones : 1.89u 0.05s 23226e 885960kB
after markTristateCones : 1.89u 0.05s 23226e 885960kB
after scheduling: 1.91u 0.05s 21408e 885960kB
after model->finalize: 1.94u 0.05s 23198e 885960kB
before attribute propagation: 1.95u 0.05s 23962e 885960kB
after attribute propagation: 1.95u 0.05s 23962e 885960kB
before constantPropagate: 1.95u 0.05s 23962e 885960kB
after constantPropagate: 1.95u 0.05s 23962e 885960kB
before removeUnusedSignals circuit: 1.95u 0.05s 23962e 885960kB
after removeUnusedSignals circuit: 1.95u 0.05s 23962e 885960kB
before optimize latch enable: 1.95u 0.05s 23962e 885960kB
after optimize latch enable: 1.95u 0.05s 23962e 885960kB
after circuit->load: 1.95u 0.05s 23962e 885960kB

Processing rl_parity_chk_0002_0003
before buildCfgFromIStructural: 1.95u 0.05s 21642e 885960kB
Before processing instances: 1.95u 0.05s 21652e 885960kB
After processing instances: 1.95u 0.05s 21652e 885960kB
before processing cont assigns: 1.95u 0.05s 21652e 885960kB
after processing cont assigns: 1.95u 0.05s 21656e 885960kB
before processing processes: 1.95u 0.05s 21656e 885960kB
after processing processes: 1.95u 0.05s 21679e 885960kB
after buildCfgFromIStructural: 1.95u 0.05s 21680e 885960kB
before ns->mergeSimpleProcesses: 1.95u 0.05s 21680e 885960kB
after ns->mergeSimpleProcesses: 1.95u 0.05s 21680e 885960kB
before ns->splitPartialWrites: 1.95u 0.05s 21680e 885960kB
after ns->splitPartialWrites: 1.95u 0.05s 21680e 885960kB
before removeUnneededLatches: 1.95u 0.05s 21680e 885960kB
after removeUnneededLatches: 1.95u 0.05s 21680e 885960kB
before printMsgForBothBAandNBAAccrossProcess: 1.95u 0.05s 21680e 885960kB
after printMsgForBothBAandNBAAccrossProcess: 1.95u 0.05s 21680e 885960kB
after other NameScope processing: 1.95u 0.05s 21680e 885960kB
before rebuildInstGraph: 1.95u 0.05s 21684e 885960kB
  before addAllInScope: 1.95u 0.05s 21684e 885960kB
  after addAllInScope: 1.95u 0.05s 21684e 885960kB
after rebuildInstGraph: 1.95u 0.05s 21684e 885960kB
before markTristateCones : 1.95u 0.05s 21684e 885960kB
after markTristateCones : 1.95u 0.05s 21684e 885960kB
after scheduling: 1.95u 0.05s 21706e 885960kB
after model->finalize: 1.95u 0.05s 21730e 885960kB
before attribute propagation: 1.95u 0.05s 21734e 885960kB
after attribute propagation: 1.95u 0.05s 21734e 885960kB
before constantPropagate: 1.95u 0.05s 21734e 885960kB
after constantPropagate: 1.95u 0.05s 21734e 885960kB
before removeUnusedSignals circuit: 1.95u 0.05s 21734e 885960kB
after removeUnusedSignals circuit: 1.95u 0.05s 21734e 885960kB
before optimize latch enable: 1.95u 0.05s 21734e 885960kB
after optimize latch enable: 1.95u 0.05s 21734e 885960kB
after circuit->load: 1.95u 0.05s 21734e 885960kB

Processing e2e_edc32_1stg_qual_chk_wrap_0000
before buildCfgFromIStructural: 1.95u 0.05s 21678e 886208kB
Before processing instances: 1.95u 0.05s 21684e 886208kB
After processing instances: 1.95u 0.05s 21687e 886208kB
before processing cont assigns: 1.95u 0.05s 21687e 886208kB
after processing cont assigns: 1.95u 0.05s 21690e 886208kB
before processing processes: 1.95u 0.05s 21690e 886208kB
after processing processes: 1.95u 0.05s 21690e 886208kB
after buildCfgFromIStructural: 1.95u 0.05s 21691e 886208kB
before ns->mergeSimpleProcesses: 1.95u 0.05s 21691e 886208kB
after ns->mergeSimpleProcesses: 1.95u 0.05s 21691e 886208kB
before ns->splitPartialWrites: 1.95u 0.05s 21691e 886208kB
after ns->splitPartialWrites: 1.95u 0.05s 21691e 886208kB
before removeUnneededLatches: 1.95u 0.05s 21691e 886208kB
after removeUnneededLatches: 1.95u 0.05s 21691e 886208kB
before printMsgForBothBAandNBAAccrossProcess: 1.95u 0.05s 21691e 886208kB
after printMsgForBothBAandNBAAccrossProcess: 1.95u 0.05s 21691e 886208kB
after other NameScope processing: 1.95u 0.05s 21691e 886208kB
before rebuildInstGraph: 1.95u 0.05s 21693e 886208kB
  before addAllInScope: 1.95u 0.05s 21693e 886208kB
  after addAllInScope: 1.95u 0.05s 21693e 886208kB
after rebuildInstGraph: 1.95u 0.05s 21693e 886208kB
before markTristateCones : 1.95u 0.05s 21693e 886208kB
after markTristateCones : 1.95u 0.05s 21693e 886208kB
after scheduling: 1.95u 0.05s 21715e 886208kB
after model->finalize: 1.95u 0.05s 21728e 886208kB
before attribute propagation: 1.95u 0.05s 21732e 886208kB
after attribute propagation: 1.95u 0.05s 21732e 886208kB
before constantPropagate: 1.95u 0.05s 21732e 886208kB
after constantPropagate: 1.95u 0.05s 21732e 886208kB
before removeUnusedSignals circuit: 1.95u 0.05s 21732e 886208kB
after removeUnusedSignals circuit: 1.95u 0.05s 21732e 886208kB
before optimize latch enable: 1.95u 0.05s 21732e 886208kB
after optimize latch enable: 1.95u 0.05s 21732e 886208kB
after circuit->load: 1.95u 0.05s 21732e 886208kB

Processing ls_multi_bit_comparator_0006
before buildCfgFromIStructural: 1.95u 0.05s 21691e 886208kB
Before processing instances: 1.95u 0.05s 21699e 886208kB
After processing instances: 1.95u 0.05s 21699e 886208kB
before processing cont assigns: 1.95u 0.05s 21699e 886208kB
after processing cont assigns: 1.96u 0.05s 22013e 886208kB
before processing processes: 1.96u 0.05s 22013e 886208kB
after processing processes: 1.96u 0.05s 22013e 886208kB
after buildCfgFromIStructural: 1.96u 0.05s 22015e 886208kB
before ns->mergeSimpleProcesses: 1.96u 0.05s 22015e 886208kB
after ns->mergeSimpleProcesses: 1.96u 0.05s 22015e 886208kB
before ns->splitPartialWrites: 1.96u 0.05s 22015e 886208kB
after ns->splitPartialWrites: 1.97u 0.05s 22065e 886208kB
before removeUnneededLatches: 1.97u 0.05s 22065e 886208kB
after removeUnneededLatches: 1.97u 0.05s 22065e 886208kB
before printMsgForBothBAandNBAAccrossProcess: 1.97u 0.05s 22065e 886208kB
after printMsgForBothBAandNBAAccrossProcess: 1.97u 0.05s 22065e 886208kB
after other NameScope processing: 1.97u 0.05s 22065e 886208kB
before rebuildInstGraph: 1.97u 0.05s 22109e 886208kB
  before addAllInScope: 1.97u 0.05s 22109e 886208kB
  after addAllInScope: 1.97u 0.05s 22109e 886208kB
after rebuildInstGraph: 1.97u 0.05s 22109e 886208kB
before markTristateCones : 1.97u 0.05s 22109e 886208kB
after markTristateCones : 1.97u 0.05s 22109e 886208kB
after scheduling: 1.97u 0.05s 22031e 886208kB
after model->finalize: 1.97u 0.05s 22067e 886208kB
before attribute propagation: 1.97u 0.05s 22095e 886208kB
after attribute propagation: 1.97u 0.05s 22095e 886208kB
before constantPropagate: 1.97u 0.05s 22095e 886208kB
after constantPropagate: 1.97u 0.05s 22095e 886208kB
before removeUnusedSignals circuit: 1.97u 0.05s 22095e 886208kB
after removeUnusedSignals circuit: 1.97u 0.05s 22095e 886208kB
before optimize latch enable: 1.97u 0.05s 22095e 886208kB
after optimize latch enable: 1.97u 0.05s 22095e 886208kB
after circuit->load: 1.97u 0.05s 22095e 886208kB

Processing ls_compare_unit_0007
before buildCfgFromIStructural: 1.97u 0.05s 21935e 886208kB
Before processing instances: 1.97u 0.05s 21959e 886208kB
After processing instances: 1.97u 0.05s 21963e 886208kB
before processing cont assigns: 1.97u 0.05s 21963e 886208kB
after processing cont assigns: 1.98u 0.05s 21980e 886208kB
before processing processes: 1.98u 0.05s 21980e 886208kB
after processing processes: 1.98u 0.05s 21980e 886208kB
after buildCfgFromIStructural: 1.98u 0.05s 21980e 886208kB
before ns->mergeSimpleProcesses: 1.98u 0.05s 21980e 886208kB
after ns->mergeSimpleProcesses: 1.98u 0.05s 21980e 886208kB
before ns->splitPartialWrites: 1.98u 0.05s 21980e 886208kB
after ns->splitPartialWrites: 1.98u 0.05s 21980e 886208kB
before removeUnneededLatches: 1.98u 0.05s 21980e 886208kB
after removeUnneededLatches: 1.98u 0.05s 21980e 886208kB
before printMsgForBothBAandNBAAccrossProcess: 1.98u 0.05s 21980e 886208kB
after printMsgForBothBAandNBAAccrossProcess: 1.98u 0.05s 21980e 886208kB
after other NameScope processing: 1.98u 0.05s 21980e 886208kB
before rebuildInstGraph: 1.98u 0.05s 21991e 886208kB
  before addAllInScope: 1.98u 0.05s 21991e 886208kB
  after addAllInScope: 1.98u 0.05s 21991e 886208kB
after rebuildInstGraph: 1.98u 0.05s 21991e 886208kB
before markTristateCones : 1.98u 0.05s 21991e 886208kB
after markTristateCones : 1.98u 0.05s 21991e 886208kB
after scheduling: 1.98u 0.05s 22034e 886208kB
after model->finalize: 1.98u 0.05s 22068e 886208kB
before attribute propagation: 1.98u 0.05s 22074e 886208kB
after attribute propagation: 1.98u 0.05s 22074e 886208kB
before constantPropagate: 1.98u 0.05s 22074e 886208kB
after constantPropagate: 1.98u 0.05s 22074e 886208kB
before removeUnusedSignals circuit: 1.98u 0.05s 22074e 886208kB
after removeUnusedSignals circuit: 1.98u 0.05s 22074e 886208kB
before optimize latch enable: 1.98u 0.05s 22074e 886208kB
after optimize latch enable: 1.98u 0.05s 22074e 886208kB
after circuit->load: 1.98u 0.05s 22074e 886208kB

Processing zebu_bb_sample_clk_uncond_24_1
before attribute propagation: 1.98u 0.05s 21982e 886208kB
after attribute propagation: 1.98u 0.05s 21982e 886208kB
before constantPropagate: 1.98u 0.05s 21982e 886208kB
after constantPropagate: 1.98u 0.05s 21982e 886208kB
before removeUnusedSignals circuit: 1.98u 0.05s 21982e 886208kB
after removeUnusedSignals circuit: 1.98u 0.05s 21982e 886208kB
before optimize latch enable: 1.98u 0.05s 21982e 886208kB
after optimize latch enable: 1.98u 0.05s 21982e 886208kB
before removeReadAfterMissingWrite: 1.98u 0.05s 21982e 886208kB
after removeReadAfterMissingWrite: 1.98u 0.05s 21982e 886208kB
before undoDimensionalSplitOfMemories: 1.98u 0.05s 21982e 886208kB
after undoDimensionalSplitOfMemories: 1.98u 0.05s 21982e 886208kB
before extractMemories: 1.98u 0.05s 21982e 886208kB
after extractMemories: 1.98u 0.05s 21982e 886208kB
before extractHolds: 1.98u 0.05s 21982e 886208kB
after extractHolds: 1.98u 0.05s 21982e 886208kB
before simplifyAdders: 1.98u 0.05s 21982e 886208kB
after simplifyAdders: 1.98u 0.05s 21982e 886208kB
before optimizeLessThan: 1.98u 0.05s 21982e 886208kB
after optimizeLessThan: 1.98u 0.05s 21982e 886208kB
before reportUnresolvedType: 1.98u 0.05s 21982e 886208kB
after reportUnresolvedType: 1.98u 0.05s 21982e 886208kB

Processing sr_err_aggr_0000
before buildCfgFromIStructural: 1.98u 0.05s 21979e 886208kB
Before processing instances: 1.98u 0.05s 21995e 886208kB
After processing instances: 1.98u 0.05s 21995e 886208kB
before processing cont assigns: 1.98u 0.05s 21995e 886208kB
after processing cont assigns: 1.98u 0.05s 22000e 886208kB
before processing processes: 1.98u 0.05s 22000e 886208kB
after processing processes: 1.98u 0.05s 22010e 886208kB
after buildCfgFromIStructural: 1.98u 0.05s 22012e 886208kB
before ns->mergeSimpleProcesses: 1.98u 0.05s 22012e 886208kB
after ns->mergeSimpleProcesses: 1.98u 0.05s 22012e 886208kB
before ns->splitPartialWrites: 1.98u 0.05s 22012e 886208kB
after ns->splitPartialWrites: 1.98u 0.05s 22012e 886208kB
before removeUnneededLatches: 1.98u 0.05s 22012e 886208kB
after removeUnneededLatches: 1.98u 0.05s 22012e 886208kB
before printMsgForBothBAandNBAAccrossProcess: 1.98u 0.05s 22012e 886208kB
after printMsgForBothBAandNBAAccrossProcess: 1.98u 0.05s 22012e 886208kB
after other NameScope processing: 1.98u 0.05s 22012e 886208kB
before rebuildInstGraph: 1.98u 0.05s 22016e 886208kB
  before addAllInScope: 1.98u 0.05s 22016e 886208kB
  after addAllInScope: 1.98u 0.05s 22016e 886208kB
after rebuildInstGraph: 1.98u 0.05s 22016e 886208kB
before markTristateCones : 1.98u 0.05s 22016e 886208kB
after markTristateCones : 1.98u 0.05s 22016e 886208kB
after scheduling: 1.98u 0.05s 22041e 886208kB
after model->finalize: 1.98u 0.05s 22069e 886208kB
before attribute propagation: 1.98u 0.05s 22075e 886208kB
after attribute propagation: 1.98u 0.05s 22075e 886208kB
before constantPropagate: 1.98u 0.05s 22075e 886208kB
after constantPropagate: 1.98u 0.05s 22075e 886208kB
before removeUnusedSignals circuit: 1.98u 0.05s 22075e 886208kB
after removeUnusedSignals circuit: 1.98u 0.05s 22075e 886208kB
before optimize latch enable: 1.98u 0.05s 22075e 886208kB
after optimize latch enable: 1.98u 0.05s 22075e 886208kB
after circuit->load: 1.98u 0.05s 22075e 886208kB

Processing zebu_bb_gdelay
before attribute propagation: 1.98u 0.05s 22001e 886208kB
after attribute propagation: 1.98u 0.05s 22001e 886208kB
before constantPropagate: 1.98u 0.05s 22001e 886208kB
after constantPropagate: 1.98u 0.05s 22001e 886208kB
before removeUnusedSignals circuit: 1.98u 0.05s 22001e 886208kB
after removeUnusedSignals circuit: 1.98u 0.05s 22001e 886208kB
before optimize latch enable: 1.98u 0.05s 22001e 886208kB
after optimize latch enable: 1.98u 0.05s 22001e 886208kB
before removeReadAfterMissingWrite: 1.98u 0.05s 22001e 886208kB
after removeReadAfterMissingWrite: 1.98u 0.05s 22001e 886208kB
before undoDimensionalSplitOfMemories: 1.98u 0.05s 22001e 886208kB
after undoDimensionalSplitOfMemories: 1.98u 0.05s 22001e 886208kB
before extractMemories: 1.98u 0.05s 22001e 886208kB
after extractMemories: 1.98u 0.05s 22001e 886208kB
before extractHolds: 1.98u 0.05s 22001e 886208kB
after extractHolds: 1.98u 0.05s 22001e 886208kB
before simplifyAdders: 1.98u 0.05s 22001e 886208kB
after simplifyAdders: 1.98u 0.05s 22001e 886208kB
before optimizeLessThan: 1.98u 0.05s 22001e 886208kB
after optimizeLessThan: 1.98u 0.05s 22001e 886208kB
before reportUnresolvedType: 1.98u 0.05s 22001e 886208kB
after reportUnresolvedType: 1.98u 0.05s 22001e 886208kB

Processing odd_pty_qual_di_dec_wrap_0000
before buildCfgFromIStructural: 1.98u 0.05s 21999e 886208kB
Before processing instances: 1.98u 0.05s 22010e 886208kB
After processing instances: 1.98u 0.05s 22024e 886208kB
before processing cont assigns: 1.98u 0.05s 22024e 886208kB
after processing cont assigns: 1.99u 0.05s 22032e 886208kB
before processing processes: 1.99u 0.05s 22032e 886208kB
after processing processes: 1.99u 0.05s 22032e 886208kB
after buildCfgFromIStructural: 1.99u 0.05s 22033e 886208kB
before ns->mergeSimpleProcesses: 1.99u 0.05s 22033e 886208kB
after ns->mergeSimpleProcesses: 1.99u 0.05s 22033e 886208kB
before ns->splitPartialWrites: 1.99u 0.05s 22033e 886208kB
after ns->splitPartialWrites: 1.99u 0.05s 22035e 886208kB
before removeUnneededLatches: 1.99u 0.05s 22035e 886208kB
after removeUnneededLatches: 1.99u 0.05s 22035e 886208kB
before printMsgForBothBAandNBAAccrossProcess: 1.99u 0.05s 22035e 886208kB
after printMsgForBothBAandNBAAccrossProcess: 1.99u 0.05s 22035e 886208kB
after other NameScope processing: 1.99u 0.05s 22035e 886208kB
before rebuildInstGraph: 1.99u 0.05s 22046e 886208kB
  before addAllInScope: 1.99u 0.05s 22046e 886208kB
  after addAllInScope: 1.99u 0.05s 22046e 886208kB
after rebuildInstGraph: 1.99u 0.05s 22046e 886208kB
before markTristateCones : 1.99u 0.05s 22046e 886208kB
after markTristateCones : 1.99u 0.05s 22046e 886208kB
after scheduling: 1.99u 0.05s 22073e 886208kB
after model->finalize: 1.99u 0.05s 22099e 886208kB
before attribute propagation: 1.99u 0.05s 22105e 886208kB
after attribute propagation: 1.99u 0.05s 22105e 886208kB
before constantPropagate: 1.99u 0.05s 22105e 886208kB
after constantPropagate: 1.99u 0.05s 22105e 886208kB
before removeUnusedSignals circuit: 1.99u 0.05s 22105e 886208kB
after removeUnusedSignals circuit: 1.99u 0.05s 22105e 886208kB
before optimize latch enable: 1.99u 0.05s 22105e 886208kB
after optimize latch enable: 1.99u 0.05s 22105e 886208kB
after circuit->load: 1.99u 0.05s 22105e 886208kB

Processing odd_pty_qual_di_dec_wrap_0000_0001
before buildCfgFromIStructural: 1.99u 0.05s 22038e 886208kB
Before processing instances: 1.99u 0.05s 22046e 886208kB
After processing instances: 1.99u 0.05s 22060e 886208kB
before processing cont assigns: 1.99u 0.05s 22060e 886208kB
after processing cont assigns: 1.99u 0.05s 22068e 886208kB
before processing processes: 1.99u 0.05s 22068e 886208kB
after processing processes: 1.99u 0.05s 22068e 886208kB
after buildCfgFromIStructural: 1.99u 0.05s 22069e 886208kB
before ns->mergeSimpleProcesses: 1.99u 0.05s 22069e 886208kB
after ns->mergeSimpleProcesses: 1.99u 0.05s 22069e 886208kB
before ns->splitPartialWrites: 1.99u 0.05s 22069e 886208kB
after ns->splitPartialWrites: 1.99u 0.05s 22069e 886208kB
before removeUnneededLatches: 1.99u 0.05s 22069e 886208kB
after removeUnneededLatches: 1.99u 0.05s 22069e 886208kB
before printMsgForBothBAandNBAAccrossProcess: 1.99u 0.05s 22069e 886208kB
after printMsgForBothBAandNBAAccrossProcess: 1.99u 0.05s 22069e 886208kB
after other NameScope processing: 1.99u 0.05s 22069e 886208kB
before rebuildInstGraph: 1.99u 0.05s 22080e 886208kB
  before addAllInScope: 1.99u 0.05s 22080e 886208kB
  after addAllInScope: 1.99u 0.05s 22080e 886208kB
after rebuildInstGraph: 1.99u 0.05s 22080e 886208kB
before markTristateCones : 1.99u 0.05s 22080e 886208kB
after markTristateCones : 1.99u 0.05s 22080e 886208kB
after scheduling: 1.99u 0.05s 22108e 886208kB
after model->finalize: 1.99u 0.05s 22118e 886208kB
before attribute propagation: 1.99u 0.05s 22108e 886208kB
after attribute propagation: 1.99u 0.05s 22108e 886208kB
before constantPropagate: 1.99u 0.05s 22108e 886208kB
after constantPropagate: 1.99u 0.05s 22108e 886208kB
before removeUnusedSignals circuit: 1.99u 0.05s 22108e 886208kB
after removeUnusedSignals circuit: 1.99u 0.05s 22108e 886208kB
before optimize latch enable: 1.99u 0.05s 22108e 886208kB
after optimize latch enable: 1.99u 0.05s 22108e 886208kB
after circuit->load: 1.99u 0.05s 22108e 886208kB

Processing dwt_reset_ctrl_0000
before buildCfgFromIStructural: 1.99u 0.05s 22041e 886208kB
Before processing instances: 1.99u 0.05s 22050e 886208kB
After processing instances: 1.99u 0.05s 22054e 886208kB
before processing cont assigns: 1.99u 0.05s 22054e 886208kB
after processing cont assigns: 1.99u 0.05s 22062e 886208kB
before processing processes: 1.99u 0.05s 22062e 886208kB
after processing processes: 1.99u 0.05s 22062e 886208kB
after buildCfgFromIStructural: 1.99u 0.05s 22062e 886208kB
before printMsgForBothBAandNBAAccrossProcess: 1.99u 0.05s 22062e 886208kB
after printMsgForBothBAandNBAAccrossProcess: 1.99u 0.05s 22062e 886208kB
after other NameScope processing: 1.99u 0.05s 22067e 886208kB
before markTristateCones : 1.99u 0.05s 22067e 886208kB
after markTristateCones : 1.99u 0.05s 22067e 886208kB
after scheduling: 1.99u 0.05s 22084e 886208kB
after model->finalize: 1.99u 0.05s 22087e 886208kB
before attribute propagation: 2u 0.05s 22080e 886208kB
after attribute propagation: 2u 0.05s 22080e 886208kB
before constantPropagate: 2u 0.05s 22080e 886208kB
after constantPropagate: 2u 0.05s 22080e 886208kB
before removeUnusedSignals circuit: 2u 0.05s 22080e 886208kB
after removeUnusedSignals circuit: 2u 0.05s 22080e 886208kB
before optimize latch enable: 2u 0.05s 22080e 886208kB
after optimize latch enable: 2u 0.05s 22080e 886208kB
after circuit->load: 2u 0.05s 22080e 886208kB

Processing ls_multi_bit_comparator_0003
before buildCfgFromIStructural: 2u 0.06s 22055e 886208kB
Before processing instances: 2u 0.06s 22062e 886208kB
After processing instances: 2u 0.06s 22062e 886208kB
before processing cont assigns: 2u 0.06s 22062e 886208kB
after processing cont assigns: 2u 0.06s 22102e 886208kB
before processing processes: 2u 0.06s 22102e 886208kB
after processing processes: 2u 0.06s 22102e 886208kB
after buildCfgFromIStructural: 2u 0.06s 22103e 886208kB
before ns->mergeSimpleProcesses: 2u 0.06s 22103e 886208kB
after ns->mergeSimpleProcesses: 2u 0.06s 22103e 886208kB
before ns->splitPartialWrites: 2u 0.06s 22103e 886208kB
after ns->splitPartialWrites: 2u 0.06s 22103e 886208kB
before removeUnneededLatches: 2u 0.06s 22103e 886208kB
after removeUnneededLatches: 2u 0.06s 22103e 886208kB
before printMsgForBothBAandNBAAccrossProcess: 2u 0.06s 22103e 886208kB
after printMsgForBothBAandNBAAccrossProcess: 2u 0.06s 22103e 886208kB
after other NameScope processing: 2u 0.06s 22103e 886208kB
before rebuildInstGraph: 2u 0.06s 22107e 886208kB
  before addAllInScope: 2u 0.06s 22107e 886208kB
  after addAllInScope: 2u 0.06s 22107e 886208kB
after rebuildInstGraph: 2u 0.06s 22107e 886208kB
before markTristateCones : 2u 0.06s 22107e 886208kB
after markTristateCones : 2u 0.06s 22107e 886208kB
after scheduling: 2u 0.06s 22124e 886208kB
after model->finalize: 2u 0.06s 22146e 886208kB
before attribute propagation: 2u 0.06s 22150e 886208kB
after attribute propagation: 2u 0.06s 22150e 886208kB
before constantPropagate: 2u 0.06s 22150e 886208kB
after constantPropagate: 2u 0.06s 22150e 886208kB
before removeUnusedSignals circuit: 2u 0.06s 22150e 886208kB
after removeUnusedSignals circuit: 2u 0.06s 22150e 886208kB
before optimize latch enable: 2u 0.06s 22150e 886208kB
after optimize latch enable: 2u 0.06s 22150e 886208kB
after circuit->load: 2u 0.06s 22150e 886208kB

Processing ZebuClockDetectFront_101
before buildCfgFromIStructural: 2u 0.06s 22100e 886208kB
Before processing instances: 2u 0.06s 22106e 886208kB
After processing instances: 2u 0.06s 22111e 886208kB
before processing cont assigns: 2u 0.06s 22111e 886208kB
after processing cont assigns: 2u 0.06s 22113e 886208kB
before processing processes: 2u 0.06s 22113e 886208kB
after processing processes: 2u 0.06s 22115e 886208kB
after buildCfgFromIStructural: 2u 0.06s 22115e 886208kB
before ns->mergeSimpleProcesses: 2u 0.06s 22115e 886208kB
after ns->mergeSimpleProcesses: 2u 0.06s 22115e 886208kB
before ns->splitPartialWrites: 2u 0.06s 22115e 886208kB
after ns->splitPartialWrites: 2u 0.06s 22115e 886208kB
before removeUnneededLatches: 2u 0.06s 22115e 886208kB
after removeUnneededLatches: 2u 0.06s 22115e 886208kB
before printMsgForBothBAandNBAAccrossProcess: 2u 0.06s 22115e 886208kB
after printMsgForBothBAandNBAAccrossProcess: 2u 0.06s 22115e 886208kB
after other NameScope processing: 2u 0.06s 22115e 886208kB
before rebuildInstGraph: 2u 0.06s 22118e 886208kB
  before addAllInScope: 2u 0.06s 22118e 886208kB
  after addAllInScope: 2u 0.06s 22118e 886208kB
after rebuildInstGraph: 2u 0.06s 22118e 886208kB
before markTristateCones : 2u 0.06s 22118e 886208kB
after markTristateCones : 2u 0.06s 22118e 886208kB
after scheduling: 2u 0.06s 22137e 886208kB
after model->finalize: 2u 0.06s 22145e 886208kB
before attribute propagation: 2u 0.06s 22143e 886208kB
after attribute propagation: 2u 0.06s 22143e 886208kB
before constantPropagate: 2u 0.06s 22143e 886208kB
after constantPropagate: 2u 0.06s 22143e 886208kB
before removeUnusedSignals circuit: 2u 0.06s 22143e 886208kB
after removeUnusedSignals circuit: 2u 0.06s 22143e 886208kB
before optimize latch enable: 2u 0.06s 22143e 886208kB
after optimize latch enable: 2u 0.06s 22143e 886208kB
after circuit->load: 2u 0.06s 22143e 886208kB

Processing ZebuClockDetectFront_15
before buildCfgFromIStructural: 2u 0.06s 22115e 886208kB
Before processing instances: 2u 0.06s 22117e 886208kB
After processing instances: 2u 0.06s 22122e 886208kB
before processing cont assigns: 2u 0.06s 22122e 886208kB
after processing cont assigns: 2u 0.06s 22124e 886208kB
before processing processes: 2u 0.06s 22124e 886208kB
after processing processes: 2u 0.06s 22126e 886208kB
after buildCfgFromIStructural: 2u 0.06s 22126e 886208kB
before ns->mergeSimpleProcesses: 2u 0.06s 22126e 886208kB
after ns->mergeSimpleProcesses: 2u 0.06s 22126e 886208kB
before ns->splitPartialWrites: 2u 0.06s 22126e 886208kB
after ns->splitPartialWrites: 2u 0.06s 22126e 886208kB
before removeUnneededLatches: 2u 0.06s 22126e 886208kB
after removeUnneededLatches: 2u 0.06s 22126e 886208kB
before printMsgForBothBAandNBAAccrossProcess: 2u 0.06s 22126e 886208kB
after printMsgForBothBAandNBAAccrossProcess: 2u 0.06s 22126e 886208kB
after other NameScope processing: 2u 0.06s 22126e 886208kB
before rebuildInstGraph: 2u 0.06s 22129e 886208kB
  before addAllInScope: 2u 0.06s 22129e 886208kB
  after addAllInScope: 2u 0.06s 22129e 886208kB
after rebuildInstGraph: 2u 0.06s 22129e 886208kB
before markTristateCones : 2u 0.06s 22129e 886208kB
after markTristateCones : 2u 0.06s 22129e 886208kB
after scheduling: 2u 0.06s 22148e 886208kB
after model->finalize: 2u 0.06s 22148e 886208kB
before attribute propagation: 2u 0.06s 22144e 886208kB
after attribute propagation: 2u 0.06s 22144e 886208kB
before constantPropagate: 2u 0.06s 22144e 886208kB
after constantPropagate: 2u 0.06s 22144e 886208kB
before removeUnusedSignals circuit: 2u 0.06s 22144e 886208kB
after removeUnusedSignals circuit: 2u 0.06s 22144e 886208kB
before optimize latch enable: 2u 0.06s 22144e 886208kB
after optimize latch enable: 2u 0.06s 22144e 886208kB
after circuit->load: 2u 0.06s 22144e 886208kB

Processing ZebuClockDetectFront_21
before buildCfgFromIStructural: 2u 0.06s 22116e 886208kB
Before processing instances: 2u 0.06s 22121e 886208kB
After processing instances: 2u 0.06s 22126e 886208kB
before processing cont assigns: 2u 0.06s 22126e 886208kB
after processing cont assigns: 2u 0.06s 22128e 886208kB
before processing processes: 2u 0.06s 22128e 886208kB
after processing processes: 2u 0.06s 22130e 886208kB
after buildCfgFromIStructural: 2u 0.06s 22130e 886208kB
before ns->mergeSimpleProcesses: 2u 0.06s 22130e 886208kB
after ns->mergeSimpleProcesses: 2u 0.06s 22130e 886208kB
before ns->splitPartialWrites: 2u 0.06s 22130e 886208kB
after ns->splitPartialWrites: 2u 0.06s 22130e 886208kB
before removeUnneededLatches: 2u 0.06s 22130e 886208kB
after removeUnneededLatches: 2u 0.06s 22130e 886208kB
before printMsgForBothBAandNBAAccrossProcess: 2u 0.06s 22130e 886208kB
after printMsgForBothBAandNBAAccrossProcess: 2u 0.06s 22130e 886208kB
after other NameScope processing: 2u 0.06s 22130e 886208kB
before rebuildInstGraph: 2u 0.06s 22133e 886208kB
  before addAllInScope: 2u 0.06s 22133e 886208kB
  after addAllInScope: 2u 0.06s 22133e 886208kB
after rebuildInstGraph: 2u 0.06s 22133e 886208kB
before markTristateCones : 2u 0.06s 22133e 886208kB
after markTristateCones : 2u 0.06s 22133e 886208kB
after scheduling: 2u 0.06s 22152e 886208kB
after model->finalize: 2u 0.06s 22159e 886208kB
before attribute propagation: 2u 0.06s 22155e 886208kB
after attribute propagation: 2u 0.06s 22155e 886208kB
before constantPropagate: 2u 0.06s 22155e 886208kB
after constantPropagate: 2u 0.06s 22155e 886208kB
before removeUnusedSignals circuit: 2.01u 0.06s 22155e 886208kB
after removeUnusedSignals circuit: 2.01u 0.06s 22155e 886208kB
before optimize latch enable: 2.01u 0.06s 22155e 886208kB
after optimize latch enable: 2.01u 0.06s 22155e 886208kB
after circuit->load: 2.01u 0.06s 22155e 886208kB

Processing ZebuClockDetectFront_30
before buildCfgFromIStructural: 2.01u 0.06s 22127e 886208kB
Before processing instances: 2.01u 0.06s 22129e 886208kB
After processing instances: 2.01u 0.06s 22134e 886208kB
before processing cont assigns: 2.01u 0.06s 22134e 886208kB
after processing cont assigns: 2.01u 0.06s 22136e 886208kB
before processing processes: 2.01u 0.06s 22136e 886208kB
after processing processes: 2.01u 0.06s 22138e 886208kB
after buildCfgFromIStructural: 2.01u 0.06s 22138e 886208kB
before ns->mergeSimpleProcesses: 2.01u 0.06s 22138e 886208kB
after ns->mergeSimpleProcesses: 2.01u 0.06s 22138e 886208kB
before ns->splitPartialWrites: 2.01u 0.06s 22138e 886208kB
after ns->splitPartialWrites: 2.01u 0.06s 22138e 886208kB
before removeUnneededLatches: 2.01u 0.06s 22138e 886208kB
after removeUnneededLatches: 2.01u 0.06s 22138e 886208kB
before printMsgForBothBAandNBAAccrossProcess: 2.01u 0.06s 22138e 886208kB
after printMsgForBothBAandNBAAccrossProcess: 2.01u 0.06s 22138e 886208kB
after other NameScope processing: 2.01u 0.06s 22138e 886208kB
before rebuildInstGraph: 2.01u 0.06s 22141e 886208kB
  before addAllInScope: 2.01u 0.06s 22141e 886208kB
  after addAllInScope: 2.01u 0.06s 22141e 886208kB
after rebuildInstGraph: 2.01u 0.06s 22141e 886208kB
before markTristateCones : 2.01u 0.06s 22141e 886208kB
after markTristateCones : 2.01u 0.06s 22141e 886208kB
after scheduling: 2.01u 0.06s 22160e 886208kB
after model->finalize: 2.01u 0.06s 22160e 886208kB
before attribute propagation: 2.01u 0.06s 22155e 886208kB
after attribute propagation: 2.01u 0.06s 22155e 886208kB
before constantPropagate: 2.01u 0.06s 22155e 886208kB
after constantPropagate: 2.01u 0.06s 22155e 886208kB
before removeUnusedSignals circuit: 2.01u 0.06s 22155e 886208kB
after removeUnusedSignals circuit: 2.01u 0.06s 22155e 886208kB
before optimize latch enable: 2.01u 0.06s 22155e 886208kB
after optimize latch enable: 2.01u 0.06s 22155e 886208kB
after circuit->load: 2.01u 0.06s 22155e 886208kB

Processing ZebuClockDetectFront_33
before buildCfgFromIStructural: 2.01u 0.06s 22127e 886208kB
Before processing instances: 2.01u 0.06s 22129e 886208kB
After processing instances: 2.01u 0.06s 22134e 886208kB
before processing cont assigns: 2.01u 0.06s 22134e 886208kB
after processing cont assigns: 2.01u 0.06s 22136e 886208kB
before processing processes: 2.01u 0.06s 22136e 886208kB
after processing processes: 2.01u 0.06s 22138e 886208kB
after buildCfgFromIStructural: 2.01u 0.06s 22138e 886208kB
before ns->mergeSimpleProcesses: 2.01u 0.06s 22138e 886208kB
after ns->mergeSimpleProcesses: 2.01u 0.06s 22138e 886208kB
before ns->splitPartialWrites: 2.01u 0.06s 22138e 886208kB
after ns->splitPartialWrites: 2.01u 0.06s 22138e 886208kB
before removeUnneededLatches: 2.01u 0.06s 22138e 886208kB
after removeUnneededLatches: 2.01u 0.06s 22138e 886208kB
before printMsgForBothBAandNBAAccrossProcess: 2.01u 0.06s 22138e 886208kB
after printMsgForBothBAandNBAAccrossProcess: 2.01u 0.06s 22138e 886208kB
after other NameScope processing: 2.01u 0.06s 22138e 886208kB
before rebuildInstGraph: 2.01u 0.06s 22141e 886208kB
  before addAllInScope: 2.01u 0.06s 22141e 886208kB
  after addAllInScope: 2.01u 0.06s 22141e 886208kB
after rebuildInstGraph: 2.01u 0.06s 22141e 886208kB
before markTristateCones : 2.01u 0.06s 22141e 886208kB
after markTristateCones : 2.01u 0.06s 22141e 886208kB
after scheduling: 2.01u 0.06s 22160e 886208kB
after model->finalize: 2.01u 0.06s 22160e 886208kB
before attribute propagation: 2.01u 0.06s 22155e 886208kB
after attribute propagation: 2.01u 0.06s 22155e 886208kB
before constantPropagate: 2.01u 0.06s 22155e 886208kB
after constantPropagate: 2.01u 0.06s 22155e 886208kB
before removeUnusedSignals circuit: 2.01u 0.06s 22155e 886208kB
after removeUnusedSignals circuit: 2.01u 0.06s 22155e 886208kB
before optimize latch enable: 2.01u 0.06s 22155e 886208kB
after optimize latch enable: 2.01u 0.06s 22155e 886208kB
after circuit->load: 2.01u 0.06s 22155e 886208kB

Processing ZebuClockDetectFront_66
before buildCfgFromIStructural: 2.01u 0.06s 22127e 886208kB
Before processing instances: 2.01u 0.06s 22129e 886208kB
After processing instances: 2.01u 0.06s 22134e 886208kB
before processing cont assigns: 2.01u 0.06s 22134e 886208kB
after processing cont assigns: 2.01u 0.06s 22136e 886208kB
before processing processes: 2.01u 0.06s 22136e 886208kB
after processing processes: 2.01u 0.06s 22138e 886208kB
after buildCfgFromIStructural: 2.01u 0.06s 22138e 886208kB
before ns->mergeSimpleProcesses: 2.01u 0.06s 22138e 886208kB
after ns->mergeSimpleProcesses: 2.01u 0.06s 22138e 886208kB
before ns->splitPartialWrites: 2.01u 0.06s 22138e 886208kB
after ns->splitPartialWrites: 2.01u 0.06s 22138e 886208kB
before removeUnneededLatches: 2.01u 0.06s 22138e 886208kB
after removeUnneededLatches: 2.01u 0.06s 22138e 886208kB
before printMsgForBothBAandNBAAccrossProcess: 2.01u 0.06s 22138e 886208kB
after printMsgForBothBAandNBAAccrossProcess: 2.01u 0.06s 22138e 886208kB
after other NameScope processing: 2.01u 0.06s 22138e 886208kB
before rebuildInstGraph: 2.01u 0.06s 22141e 886208kB
  before addAllInScope: 2.01u 0.06s 22141e 886208kB
  after addAllInScope: 2.01u 0.06s 22141e 886208kB
after rebuildInstGraph: 2.01u 0.06s 22141e 886208kB
before markTristateCones : 2.01u 0.06s 22141e 886208kB
after markTristateCones : 2.01u 0.06s 22141e 886208kB
after scheduling: 2.01u 0.06s 22160e 886208kB
after model->finalize: 2.01u 0.06s 22160e 886208kB
before attribute propagation: 2.01u 0.06s 22156e 886208kB
after attribute propagation: 2.01u 0.06s 22156e 886208kB
before constantPropagate: 2.01u 0.06s 22156e 886208kB
after constantPropagate: 2.01u 0.06s 22156e 886208kB
before removeUnusedSignals circuit: 2.01u 0.06s 22156e 886208kB
after removeUnusedSignals circuit: 2.01u 0.06s 22156e 886208kB
before optimize latch enable: 2.01u 0.06s 22156e 886208kB
after optimize latch enable: 2.01u 0.06s 22156e 886208kB
after circuit->load: 2.01u 0.06s 22156e 886208kB

Processing ZebuClockDetectFront_73
before buildCfgFromIStructural: 2.01u 0.06s 22128e 886208kB
Before processing instances: 2.01u 0.06s 22130e 886208kB
After processing instances: 2.01u 0.06s 22135e 886208kB
before processing cont assigns: 2.01u 0.06s 22135e 886208kB
after processing cont assigns: 2.01u 0.06s 22137e 886208kB
before processing processes: 2.01u 0.06s 22137e 886208kB
after processing processes: 2.01u 0.06s 22139e 886208kB
after buildCfgFromIStructural: 2.01u 0.06s 22139e 886208kB
before ns->mergeSimpleProcesses: 2.01u 0.06s 22139e 886208kB
after ns->mergeSimpleProcesses: 2.01u 0.06s 22139e 886208kB
before ns->splitPartialWrites: 2.01u 0.06s 22139e 886208kB
after ns->splitPartialWrites: 2.01u 0.06s 22139e 886208kB
before removeUnneededLatches: 2.01u 0.06s 22139e 886208kB
after removeUnneededLatches: 2.01u 0.06s 22139e 886208kB
before printMsgForBothBAandNBAAccrossProcess: 2.01u 0.06s 22139e 886208kB
after printMsgForBothBAandNBAAccrossProcess: 2.01u 0.06s 22139e 886208kB
after other NameScope processing: 2.01u 0.06s 22139e 886208kB
before rebuildInstGraph: 2.01u 0.06s 22142e 886208kB
  before addAllInScope: 2.01u 0.06s 22142e 886208kB
  after addAllInScope: 2.01u 0.06s 22142e 886208kB
after rebuildInstGraph: 2.01u 0.06s 22142e 886208kB
before markTristateCones : 2.01u 0.06s 22142e 886208kB
after markTristateCones : 2.01u 0.06s 22142e 886208kB
after scheduling: 2.01u 0.06s 22161e 886208kB
after model->finalize: 2.01u 0.06s 22161e 886208kB
before attribute propagation: 2.01u 0.06s 22156e 886208kB
after attribute propagation: 2.01u 0.06s 22156e 886208kB
before constantPropagate: 2.01u 0.06s 22156e 886208kB
after constantPropagate: 2.01u 0.06s 22156e 886208kB
before removeUnusedSignals circuit: 2.01u 0.06s 22156e 886208kB
after removeUnusedSignals circuit: 2.01u 0.06s 22156e 886208kB
before optimize latch enable: 2.01u 0.06s 22156e 886208kB
after optimize latch enable: 2.01u 0.06s 22156e 886208kB
after circuit->load: 2.01u 0.06s 22156e 886208kB

Processing ZebuClockDetectFront_36
before buildCfgFromIStructural: 2.01u 0.06s 22128e 886208kB
Before processing instances: 2.01u 0.06s 22130e 886208kB
After processing instances: 2.01u 0.06s 22135e 886208kB
before processing cont assigns: 2.01u 0.06s 22135e 886208kB
after processing cont assigns: 2.01u 0.06s 22137e 886208kB
before processing processes: 2.01u 0.06s 22137e 886208kB
after processing processes: 2.01u 0.06s 22139e 886208kB
after buildCfgFromIStructural: 2.01u 0.06s 22139e 886208kB
before ns->mergeSimpleProcesses: 2.01u 0.06s 22139e 886208kB
after ns->mergeSimpleProcesses: 2.01u 0.06s 22139e 886208kB
before ns->splitPartialWrites: 2.01u 0.06s 22139e 886208kB
after ns->splitPartialWrites: 2.01u 0.06s 22139e 886208kB
before removeUnneededLatches: 2.01u 0.06s 22139e 886208kB
after removeUnneededLatches: 2.01u 0.06s 22139e 886208kB
before printMsgForBothBAandNBAAccrossProcess: 2.01u 0.06s 22139e 886208kB
after printMsgForBothBAandNBAAccrossProcess: 2.01u 0.06s 22139e 886208kB
after other NameScope processing: 2.01u 0.06s 22139e 886208kB
before rebuildInstGraph: 2.01u 0.06s 22142e 886208kB
  before addAllInScope: 2.01u 0.06s 22142e 886208kB
  after addAllInScope: 2.01u 0.06s 22142e 886208kB
after rebuildInstGraph: 2.01u 0.06s 22142e 886208kB
before markTristateCones : 2.01u 0.06s 22142e 886208kB
after markTristateCones : 2.01u 0.06s 22142e 886208kB
after scheduling: 2.01u 0.06s 22161e 886208kB
after model->finalize: 2.01u 0.06s 22161e 886208kB
before attribute propagation: 2.01u 0.06s 22156e 886208kB
after attribute propagation: 2.01u 0.06s 22156e 886208kB
before constantPropagate: 2.01u 0.06s 22156e 886208kB
after constantPropagate: 2.01u 0.06s 22156e 886208kB
before removeUnusedSignals circuit: 2.01u 0.06s 22156e 886208kB
after removeUnusedSignals circuit: 2.01u 0.06s 22156e 886208kB
before optimize latch enable: 2.01u 0.06s 22156e 886208kB
after optimize latch enable: 2.01u 0.06s 22156e 886208kB
after circuit->load: 2.01u 0.06s 22156e 886208kB

Processing ZebuClockDetectFront_39
before buildCfgFromIStructural: 2.01u 0.06s 22128e 886208kB
Before processing instances: 2.01u 0.06s 22130e 886208kB
After processing instances: 2.01u 0.06s 22135e 886208kB
before processing cont assigns: 2.01u 0.06s 22135e 886208kB
after processing cont assigns: 2.01u 0.06s 22137e 886208kB
before processing processes: 2.01u 0.06s 22137e 886208kB
after processing processes: 2.01u 0.06s 22139e 886208kB
after buildCfgFromIStructural: 2.01u 0.06s 22139e 886208kB
before ns->mergeSimpleProcesses: 2.01u 0.06s 22139e 886208kB
after ns->mergeSimpleProcesses: 2.01u 0.06s 22139e 886208kB
before ns->splitPartialWrites: 2.01u 0.06s 22139e 886208kB
after ns->splitPartialWrites: 2.01u 0.06s 22139e 886208kB
before removeUnneededLatches: 2.01u 0.06s 22139e 886208kB
after removeUnneededLatches: 2.01u 0.06s 22139e 886208kB
before printMsgForBothBAandNBAAccrossProcess: 2.01u 0.06s 22139e 886208kB
after printMsgForBothBAandNBAAccrossProcess: 2.01u 0.06s 22139e 886208kB
after other NameScope processing: 2.01u 0.06s 22139e 886208kB
before rebuildInstGraph: 2.01u 0.06s 22142e 886208kB
  before addAllInScope: 2.01u 0.06s 22142e 886208kB
  after addAllInScope: 2.01u 0.06s 22142e 886208kB
after rebuildInstGraph: 2.01u 0.06s 22142e 886208kB
before markTristateCones : 2.01u 0.06s 22142e 886208kB
after markTristateCones : 2.01u 0.06s 22142e 886208kB
after scheduling: 2.01u 0.06s 22161e 886208kB
after model->finalize: 2.01u 0.06s 22161e 886208kB
before attribute propagation: 2.01u 0.06s 22156e 886208kB
after attribute propagation: 2.01u 0.06s 22156e 886208kB
before constantPropagate: 2.01u 0.06s 22156e 886208kB
after constantPropagate: 2.01u 0.06s 22156e 886208kB
before removeUnusedSignals circuit: 2.01u 0.06s 22156e 886208kB
after removeUnusedSignals circuit: 2.01u 0.06s 22156e 886208kB
before optimize latch enable: 2.01u 0.06s 22156e 886208kB
after optimize latch enable: 2.01u 0.06s 22156e 886208kB
after circuit->load: 2.01u 0.06s 22156e 886208kB

Processing ZebuClockDetectFront_49
before buildCfgFromIStructural: 2.01u 0.06s 22128e 886208kB
Before processing instances: 2.02u 0.06s 22130e 886208kB
After processing instances: 2.02u 0.06s 22135e 886208kB
before processing cont assigns: 2.02u 0.06s 22135e 886208kB
after processing cont assigns: 2.02u 0.06s 22137e 886208kB
before processing processes: 2.02u 0.06s 22137e 886208kB
after processing processes: 2.02u 0.06s 22139e 886208kB
after buildCfgFromIStructural: 2.02u 0.06s 22139e 886208kB
before ns->mergeSimpleProcesses: 2.02u 0.06s 22139e 886208kB
after ns->mergeSimpleProcesses: 2.02u 0.06s 22139e 886208kB
before ns->splitPartialWrites: 2.02u 0.06s 22139e 886208kB
after ns->splitPartialWrites: 2.02u 0.06s 22139e 886208kB
before removeUnneededLatches: 2.02u 0.06s 22139e 886208kB
after removeUnneededLatches: 2.02u 0.06s 22139e 886208kB
before printMsgForBothBAandNBAAccrossProcess: 2.02u 0.06s 22139e 886208kB
after printMsgForBothBAandNBAAccrossProcess: 2.02u 0.06s 22139e 886208kB
after other NameScope processing: 2.02u 0.06s 22139e 886208kB
before rebuildInstGraph: 2.02u 0.06s 22142e 886208kB
  before addAllInScope: 2.02u 0.06s 22142e 886208kB
  after addAllInScope: 2.02u 0.06s 22142e 886208kB
after rebuildInstGraph: 2.02u 0.06s 22142e 886208kB
before markTristateCones : 2.02u 0.06s 22142e 886208kB
after markTristateCones : 2.02u 0.06s 22142e 886208kB
after scheduling: 2.02u 0.06s 22161e 886208kB
after model->finalize: 2.02u 0.06s 22161e 886208kB
before attribute propagation: 2.02u 0.06s 22156e 886208kB
after attribute propagation: 2.02u 0.06s 22156e 886208kB
before constantPropagate: 2.02u 0.06s 22156e 886208kB
after constantPropagate: 2.02u 0.06s 22156e 886208kB
before removeUnusedSignals circuit: 2.02u 0.06s 22156e 886208kB
after removeUnusedSignals circuit: 2.02u 0.06s 22156e 886208kB
before optimize latch enable: 2.02u 0.06s 22156e 886208kB
after optimize latch enable: 2.02u 0.06s 22156e 886208kB
after circuit->load: 2.02u 0.06s 22156e 886208kB

Processing ZebuClockDetectFront_56
before buildCfgFromIStructural: 2.02u 0.06s 22128e 886208kB
Before processing instances: 2.02u 0.06s 22130e 886208kB
After processing instances: 2.02u 0.06s 22135e 886208kB
before processing cont assigns: 2.02u 0.06s 22135e 886208kB
after processing cont assigns: 2.02u 0.06s 22137e 886208kB
before processing processes: 2.02u 0.06s 22137e 886208kB
after processing processes: 2.02u 0.06s 22139e 886208kB
after buildCfgFromIStructural: 2.02u 0.06s 22139e 886208kB
before ns->mergeSimpleProcesses: 2.02u 0.06s 22139e 886208kB
after ns->mergeSimpleProcesses: 2.02u 0.06s 22139e 886208kB
before ns->splitPartialWrites: 2.02u 0.06s 22139e 886208kB
after ns->splitPartialWrites: 2.02u 0.06s 22139e 886208kB
before removeUnneededLatches: 2.02u 0.06s 22139e 886208kB
after removeUnneededLatches: 2.02u 0.06s 22139e 886208kB
before printMsgForBothBAandNBAAccrossProcess: 2.02u 0.06s 22139e 886208kB
after printMsgForBothBAandNBAAccrossProcess: 2.02u 0.06s 22139e 886208kB
after other NameScope processing: 2.02u 0.06s 22139e 886208kB
before rebuildInstGraph: 2.02u 0.06s 22142e 886208kB
  before addAllInScope: 2.02u 0.06s 22142e 886208kB
  after addAllInScope: 2.02u 0.06s 22142e 886208kB
after rebuildInstGraph: 2.02u 0.06s 22142e 886208kB
before markTristateCones : 2.02u 0.06s 22142e 886208kB
after markTristateCones : 2.02u 0.06s 22142e 886208kB
after scheduling: 2.02u 0.06s 22161e 886208kB
after model->finalize: 2.02u 0.06s 22161e 886208kB
before attribute propagation: 2.02u 0.06s 22156e 886208kB
after attribute propagation: 2.02u 0.06s 22156e 886208kB
before constantPropagate: 2.02u 0.06s 22156e 886208kB
after constantPropagate: 2.02u 0.06s 22156e 886208kB
before removeUnusedSignals circuit: 2.02u 0.06s 22156e 886208kB
after removeUnusedSignals circuit: 2.02u 0.06s 22156e 886208kB
before optimize latch enable: 2.02u 0.06s 22156e 886208kB
after optimize latch enable: 2.02u 0.06s 22156e 886208kB
after circuit->load: 2.02u 0.06s 22156e 886208kB

Processing ZebuClockDetectFront_81
before buildCfgFromIStructural: 2.02u 0.06s 22128e 886208kB
Before processing instances: 2.02u 0.06s 22130e 886208kB
After processing instances: 2.02u 0.06s 22135e 886208kB
before processing cont assigns: 2.02u 0.06s 22135e 886208kB
after processing cont assigns: 2.02u 0.06s 22137e 886208kB
before processing processes: 2.02u 0.06s 22137e 886208kB
after processing processes: 2.02u 0.06s 22139e 886208kB
after buildCfgFromIStructural: 2.02u 0.06s 22139e 886208kB
before ns->mergeSimpleProcesses: 2.02u 0.06s 22139e 886208kB
after ns->mergeSimpleProcesses: 2.02u 0.06s 22139e 886208kB
before ns->splitPartialWrites: 2.02u 0.06s 22139e 886208kB
after ns->splitPartialWrites: 2.02u 0.06s 22139e 886208kB
before removeUnneededLatches: 2.02u 0.06s 22139e 886208kB
after removeUnneededLatches: 2.02u 0.06s 22139e 886208kB
before printMsgForBothBAandNBAAccrossProcess: 2.02u 0.06s 22139e 886208kB
after printMsgForBothBAandNBAAccrossProcess: 2.02u 0.06s 22139e 886208kB
after other NameScope processing: 2.02u 0.06s 22139e 886208kB
before rebuildInstGraph: 2.02u 0.06s 22142e 886208kB
  before addAllInScope: 2.02u 0.06s 22142e 886208kB
  after addAllInScope: 2.02u 0.06s 22142e 886208kB
after rebuildInstGraph: 2.02u 0.06s 22142e 886208kB
before markTristateCones : 2.02u 0.06s 22142e 886208kB
after markTristateCones : 2.02u 0.06s 22142e 886208kB
after scheduling: 2.02u 0.06s 22161e 886208kB
after model->finalize: 2.02u 0.06s 22161e 886208kB
before attribute propagation: 2.02u 0.06s 22156e 886208kB
after attribute propagation: 2.02u 0.06s 22156e 886208kB
before constantPropagate: 2.02u 0.06s 22156e 886208kB
after constantPropagate: 2.02u 0.06s 22156e 886208kB
before removeUnusedSignals circuit: 2.02u 0.06s 22156e 886208kB
after removeUnusedSignals circuit: 2.02u 0.06s 22156e 886208kB
before optimize latch enable: 2.02u 0.06s 22156e 886208kB
after optimize latch enable: 2.02u 0.06s 22156e 886208kB
after circuit->load: 2.02u 0.06s 22156e 886208kB

Processing ZebuClockDetectFront_42
before buildCfgFromIStructural: 2.02u 0.06s 22128e 886208kB
Before processing instances: 2.02u 0.06s 22130e 886208kB
After processing instances: 2.02u 0.06s 22135e 886208kB
before processing cont assigns: 2.02u 0.06s 22135e 886208kB
after processing cont assigns: 2.02u 0.06s 22137e 886208kB
before processing processes: 2.02u 0.06s 22137e 886208kB
after processing processes: 2.02u 0.06s 22139e 886208kB
after buildCfgFromIStructural: 2.02u 0.06s 22139e 886208kB
before ns->mergeSimpleProcesses: 2.02u 0.06s 22139e 886208kB
after ns->mergeSimpleProcesses: 2.02u 0.06s 22139e 886208kB
before ns->splitPartialWrites: 2.02u 0.06s 22139e 886208kB
after ns->splitPartialWrites: 2.02u 0.06s 22139e 886208kB
before removeUnneededLatches: 2.02u 0.06s 22139e 886208kB
after removeUnneededLatches: 2.02u 0.06s 22139e 886208kB
before printMsgForBothBAandNBAAccrossProcess: 2.03u 0.06s 22139e 886208kB
after printMsgForBothBAandNBAAccrossProcess: 2.03u 0.06s 22139e 886208kB
after other NameScope processing: 2.03u 0.06s 22139e 886208kB
before rebuildInstGraph: 2.03u 0.06s 22142e 886208kB
  before addAllInScope: 2.03u 0.06s 22142e 886208kB
  after addAllInScope: 2.03u 0.06s 22142e 886208kB
after rebuildInstGraph: 2.03u 0.06s 22142e 886208kB
before markTristateCones : 2.03u 0.06s 22142e 886208kB
after markTristateCones : 2.03u 0.06s 22142e 886688kB
after scheduling: 2.03u 0.06s 22161e 886688kB
after model->finalize: 2.03u 0.06s 22161e 886688kB
before attribute propagation: 2.03u 0.06s 22156e 886688kB
after attribute propagation: 2.03u 0.06s 22156e 886688kB
before constantPropagate: 2.03u 0.06s 22156e 886688kB
after constantPropagate: 2.03u 0.06s 22156e 886688kB
before removeUnusedSignals circuit: 2.03u 0.06s 22156e 886688kB
after removeUnusedSignals circuit: 2.03u 0.06s 22156e 886688kB
before optimize latch enable: 2.03u 0.06s 22156e 886688kB
after optimize latch enable: 2.03u 0.06s 22156e 886688kB
after circuit->load: 2.03u 0.06s 22156e 886688kB

Processing ZebuClockDetectFront_7
before buildCfgFromIStructural: 2.03u 0.06s 22128e 886688kB
Before processing instances: 2.03u 0.06s 22130e 886688kB
After processing instances: 2.03u 0.06s 22135e 886688kB
before processing cont assigns: 2.03u 0.06s 22135e 886688kB
after processing cont assigns: 2.03u 0.06s 22137e 886688kB
before processing processes: 2.03u 0.06s 22137e 886688kB
after processing processes: 2.03u 0.06s 22139e 886688kB
after buildCfgFromIStructural: 2.03u 0.06s 22139e 886688kB
before ns->mergeSimpleProcesses: 2.03u 0.06s 22139e 886688kB
after ns->mergeSimpleProcesses: 2.03u 0.06s 22139e 886688kB
before ns->splitPartialWrites: 2.03u 0.06s 22139e 886688kB
after ns->splitPartialWrites: 2.03u 0.06s 22139e 886688kB
before removeUnneededLatches: 2.03u 0.06s 22139e 886688kB
after removeUnneededLatches: 2.03u 0.06s 22139e 886688kB
before printMsgForBothBAandNBAAccrossProcess: 2.03u 0.06s 22139e 886688kB
after printMsgForBothBAandNBAAccrossProcess: 2.03u 0.06s 22139e 886688kB
after other NameScope processing: 2.03u 0.06s 22139e 886688kB
before rebuildInstGraph: 2.03u 0.06s 22142e 886688kB
  before addAllInScope: 2.03u 0.06s 22142e 886688kB
  after addAllInScope: 2.03u 0.06s 22142e 886688kB
after rebuildInstGraph: 2.03u 0.06s 22142e 886688kB
before markTristateCones : 2.03u 0.06s 22142e 886688kB
after markTristateCones : 2.03u 0.06s 22142e 886688kB
after scheduling: 2.03u 0.06s 22161e 886688kB
after model->finalize: 2.03u 0.06s 22161e 886688kB
before attribute propagation: 2.03u 0.06s 22156e 886688kB
after attribute propagation: 2.03u 0.06s 22156e 886688kB
before constantPropagate: 2.03u 0.06s 22156e 886688kB
after constantPropagate: 2.03u 0.06s 22156e 886688kB
before removeUnusedSignals circuit: 2.03u 0.06s 22156e 886688kB
after removeUnusedSignals circuit: 2.03u 0.06s 22156e 886688kB
before optimize latch enable: 2.03u 0.06s 22156e 886688kB
after optimize latch enable: 2.03u 0.06s 22156e 886688kB
after circuit->load: 2.03u 0.06s 22156e 886688kB

Processing DWbb_bcm99
before buildCfgFromIStructural: 2.03u 0.06s 22128e 886688kB
Before processing instances: 2.03u 0.06s 22135e 886688kB
After processing instances: 2.03u 0.06s 22135e 886688kB
before processing cont assigns: 2.03u 0.06s 22135e 886688kB
after processing cont assigns: 2.03u 0.06s 22136e 886688kB
before processing processes: 2.03u 0.06s 22136e 886688kB
after processing processes: 2.03u 0.06s 22152e 886688kB
after buildCfgFromIStructural: 2.03u 0.06s 22152e 886688kB
before ns->mergeSimpleProcesses: 2.03u 0.06s 22152e 886688kB
after ns->mergeSimpleProcesses: 2.03u 0.06s 22152e 886688kB
before ns->splitPartialWrites: 2.03u 0.06s 22152e 886688kB
after ns->splitPartialWrites: 2.03u 0.06s 22152e 886688kB
before removeUnneededLatches: 2.03u 0.06s 22152e 886688kB
after removeUnneededLatches: 2.03u 0.06s 22152e 886688kB
before printMsgForBothBAandNBAAccrossProcess: 2.03u 0.06s 22152e 886688kB
after printMsgForBothBAandNBAAccrossProcess: 2.03u 0.06s 22152e 886688kB
after other NameScope processing: 2.03u 0.06s 22152e 886688kB
before rebuildInstGraph: 2.03u 0.06s 22153e 886688kB
  before addAllInScope: 2.03u 0.06s 22153e 886688kB
  after addAllInScope: 2.03u 0.06s 22153e 886688kB
after rebuildInstGraph: 2.03u 0.06s 22153e 886688kB
before markTristateCones : 2.03u 0.06s 22153e 886688kB
after markTristateCones : 2.03u 0.06s 22153e 886688kB
after scheduling: 2.03u 0.06s 22179e 886688kB
after model->finalize: 2.03u 0.06s 22200e 886688kB
before attribute propagation: 2.03u 0.06s 22205e 886688kB
after attribute propagation: 2.03u 0.06s 22205e 886688kB
before constantPropagate: 2.03u 0.06s 22205e 886688kB
after constantPropagate: 2.03u 0.06s 22205e 886688kB
before removeUnusedSignals circuit: 2.03u 0.06s 22205e 886688kB
after removeUnusedSignals circuit: 2.03u 0.06s 22205e 886688kB
before optimize latch enable: 2.03u 0.06s 22205e 886688kB
after optimize latch enable: 2.03u 0.06s 22205e 886688kB
after circuit->load: 2.03u 0.06s 22205e 886688kB

Processing zebu_bb_sample_clk_uncond_7_1
before attribute propagation: 2.03u 0.06s 22150e 886688kB
after attribute propagation: 2.03u 0.06s 22150e 886688kB
before constantPropagate: 2.03u 0.06s 22150e 886688kB
after constantPropagate: 2.03u 0.06s 22150e 886688kB
before removeUnusedSignals circuit: 2.03u 0.06s 22150e 886688kB
after removeUnusedSignals circuit: 2.03u 0.06s 22150e 886688kB
before optimize latch enable: 2.03u 0.06s 22150e 886688kB
after optimize latch enable: 2.03u 0.06s 22150e 886688kB
before removeReadAfterMissingWrite: 2.03u 0.06s 22150e 886688kB
after removeReadAfterMissingWrite: 2.03u 0.06s 22150e 886688kB
before undoDimensionalSplitOfMemories: 2.03u 0.06s 22150e 886688kB
after undoDimensionalSplitOfMemories: 2.03u 0.06s 22150e 886688kB
before extractMemories: 2.03u 0.06s 22150e 886688kB
after extractMemories: 2.03u 0.06s 22150e 886688kB
before extractHolds: 2.03u 0.06s 22150e 886688kB
after extractHolds: 2.03u 0.06s 22150e 886688kB
before simplifyAdders: 2.03u 0.06s 22150e 886688kB
after simplifyAdders: 2.03u 0.06s 22150e 886688kB
before optimizeLessThan: 2.03u 0.06s 22150e 886688kB
after optimizeLessThan: 2.03u 0.06s 22150e 886688kB
before reportUnresolvedType: 2.03u 0.06s 22150e 886688kB
after reportUnresolvedType: 2.03u 0.06s 22150e 886688kB

Processing clkgate
before buildCfgFromIStructural: 2.04u 0.06s 22147e 886688kB
Before processing instances: 2.04u 0.06s 22151e 886688kB
After processing instances: 2.04u 0.06s 22151e 886688kB
before processing cont assigns: 2.04u 0.06s 22151e 886688kB
after processing cont assigns: 2.04u 0.07s 22153e 886688kB
before processing processes: 2.04u 0.07s 22153e 886688kB
after processing processes: 2.04u 0.07s 22166e 886688kB
after buildCfgFromIStructural: 2.04u 0.07s 22166e 886688kB
before ns->mergeSimpleProcesses: 2.04u 0.07s 22166e 886688kB
after ns->mergeSimpleProcesses: 2.04u 0.07s 22166e 886688kB
before ns->splitPartialWrites: 2.04u 0.07s 22166e 886688kB
after ns->splitPartialWrites: 2.04u 0.07s 22166e 886688kB
before removeUnneededLatches: 2.04u 0.07s 22166e 886688kB
after removeUnneededLatches: 2.04u 0.07s 22166e 886688kB
before printMsgForBothBAandNBAAccrossProcess: 2.04u 0.07s 22166e 886688kB
after printMsgForBothBAandNBAAccrossProcess: 2.04u 0.07s 22166e 886688kB
after other NameScope processing: 2.04u 0.07s 22166e 886688kB
before rebuildInstGraph: 2.04u 0.07s 22166e 886688kB
  before addAllInScope: 2.04u 0.07s 22166e 886688kB
  after addAllInScope: 2.04u 0.07s 22166e 886688kB
after rebuildInstGraph: 2.04u 0.07s 22166e 886688kB
before markTristateCones : 2.04u 0.07s 22166e 886688kB
after markTristateCones : 2.04u 0.07s 22166e 886688kB
after scheduling: 2.04u 0.07s 22180e 886688kB
after model->finalize: 2.04u 0.07s 22193e 886688kB
before attribute propagation: 2.04u 0.07s 22198e 886688kB
after attribute propagation: 2.04u 0.07s 22198e 886688kB
before constantPropagate: 2.04u 0.07s 22198e 886688kB
after constantPropagate: 2.04u 0.07s 22198e 886688kB
before removeUnusedSignals circuit: 2.04u 0.07s 22198e 886688kB
after removeUnusedSignals circuit: 2.04u 0.07s 22198e 886688kB
before optimize latch enable: 2.04u 0.07s 22198e 886688kB
after optimize latch enable: 2.04u 0.07s 22198e 886688kB
after circuit->load: 2.04u 0.07s 22198e 886688kB

Processing ls_cdc_sync_0000
before buildCfgFromIStructural: 2.04u 0.07s 22166e 886688kB
Before processing instances: 2.04u 0.07s 22174e 886688kB
After processing instances: 2.04u 0.07s 22181e 886688kB
before processing cont assigns: 2.04u 0.07s 22181e 886688kB
after processing cont assigns: 2.04u 0.07s 22181e 886688kB
before processing processes: 2.04u 0.07s 22181e 886688kB
after processing processes: 2.04u 0.07s 22181e 886688kB
after buildCfgFromIStructural: 2.04u 0.07s 22181e 886688kB
before printMsgForBothBAandNBAAccrossProcess: 2.04u 0.07s 22181e 886688kB
after printMsgForBothBAandNBAAccrossProcess: 2.04u 0.07s 22181e 886688kB
after other NameScope processing: 2.04u 0.07s 22181e 886688kB
before markTristateCones : 2.04u 0.07s 22181e 886688kB
after markTristateCones : 2.04u 0.07s 22181e 886688kB
after scheduling: 2.04u 0.07s 22198e 886688kB
after model->finalize: 2.04u 0.07s 22202e 886688kB
before attribute propagation: 2.04u 0.07s 22204e 886688kB
after attribute propagation: 2.04u 0.07s 22204e 886688kB
before constantPropagate: 2.04u 0.07s 22204e 886688kB
after constantPropagate: 2.04u 0.07s 22204e 886688kB
before removeUnusedSignals circuit: 2.04u 0.07s 22204e 886688kB
after removeUnusedSignals circuit: 2.04u 0.07s 22204e 886688kB
before optimize latch enable: 2.04u 0.07s 22204e 886688kB
after optimize latch enable: 2.04u 0.07s 22204e 886688kB
after circuit->load: 2.04u 0.07s 22204e 886688kB

Processing odd_pty_dec_wrap_0000
before buildCfgFromIStructural: 2.04u 0.07s 22176e 886688kB
Before processing instances: 2.04u 0.07s 22181e 886688kB
After processing instances: 2.04u 0.07s 22184e 886688kB
before processing cont assigns: 2.04u 0.07s 22184e 886688kB
after processing cont assigns: 2.04u 0.07s 22184e 886688kB
before processing processes: 2.04u 0.07s 22184e 886688kB
after processing processes: 2.04u 0.07s 22184e 886688kB
after buildCfgFromIStructural: 2.04u 0.07s 22185e 886688kB
before ns->mergeSimpleProcesses: 2.04u 0.07s 22185e 886688kB
after ns->mergeSimpleProcesses: 2.04u 0.07s 22185e 886688kB
before ns->splitPartialWrites: 2.04u 0.07s 22185e 886688kB
after ns->splitPartialWrites: 2.04u 0.07s 22185e 886688kB
before removeUnneededLatches: 2.04u 0.07s 22185e 886688kB
after removeUnneededLatches: 2.04u 0.07s 22185e 886688kB
before printMsgForBothBAandNBAAccrossProcess: 2.04u 0.07s 22185e 886688kB
after printMsgForBothBAandNBAAccrossProcess: 2.04u 0.07s 22185e 886688kB
after other NameScope processing: 2.04u 0.07s 22185e 886688kB
before markTristateCones : 2.04u 0.07s 22185e 886688kB
after markTristateCones : 2.04u 0.07s 22185e 886688kB
after scheduling: 2.04u 0.07s 22198e 886688kB
after model->finalize: 2.04u 0.07s 22201e 886688kB
before attribute propagation: 2.04u 0.07s 22200e 886688kB
after attribute propagation: 2.04u 0.07s 22200e 886688kB
before constantPropagate: 2.04u 0.07s 22200e 886688kB
after constantPropagate: 2.04u 0.07s 22200e 886688kB
before removeUnusedSignals circuit: 2.04u 0.07s 22200e 886688kB
after removeUnusedSignals circuit: 2.04u 0.07s 22200e 886688kB
before optimize latch enable: 2.04u 0.07s 22200e 886688kB
after optimize latch enable: 2.04u 0.07s 22200e 886688kB
after circuit->load: 2.04u 0.07s 22200e 886688kB

Processing eVe_initial
before attribute propagation: 2.04u 0.07s 22181e 886688kB
after attribute propagation: 2.04u 0.07s 22181e 886688kB
before constantPropagate: 2.04u 0.07s 22181e 886688kB
after constantPropagate: 2.04u 0.07s 22181e 886688kB
before removeUnusedSignals circuit: 2.04u 0.07s 22181e 886688kB
after removeUnusedSignals circuit: 2.04u 0.07s 22181e 886688kB
before optimize latch enable: 2.04u 0.07s 22181e 886688kB
after optimize latch enable: 2.04u 0.07s 22181e 886688kB
before removeReadAfterMissingWrite: 2.04u 0.07s 22181e 886688kB
after removeReadAfterMissingWrite: 2.04u 0.07s 22181e 886688kB
before undoDimensionalSplitOfMemories: 2.04u 0.07s 22181e 886688kB
after undoDimensionalSplitOfMemories: 2.04u 0.07s 22181e 886688kB
before extractMemories: 2.04u 0.07s 22181e 886688kB
after extractMemories: 2.04u 0.07s 22181e 886688kB
before extractHolds: 2.04u 0.07s 22181e 886688kB
after extractHolds: 2.04u 0.07s 22181e 886688kB
before simplifyAdders: 2.04u 0.07s 22181e 886688kB
after simplifyAdders: 2.04u 0.07s 22181e 886688kB
before optimizeLessThan: 2.04u 0.07s 22181e 886688kB
after optimizeLessThan: 2.04u 0.07s 22181e 886688kB
before reportUnresolvedType: 2.04u 0.07s 22181e 886688kB
after reportUnresolvedType: 2.04u 0.07s 22181e 886688kB
