################################################################################
# Fanout Report for memory: alb_mss_mem_lat_0000_ZMEM_i_rdel_mem
################################################################################


#  GENERAL STATISTICS:  ########################################################
# Number of Wires driving pure clock fanout:                                   2
# Number of Wires driving pure data  fanout:                                 311
# Number of Wires driving both clock and data fanout:                          0
# Number of Wires without any load:                                          244

###########################################################  FANOUT HISTOGRAM:  
# Number of wires whose fanout is in [     1,       1] :                  288
# Number of wires whose fanout is in [     2,       3] :                    0
# Number of wires whose fanout is in [     4,       7] :                   21
# Number of wires whose fanout is in [     8,      15] :                    2
# Number of wires whose fanout is in [    16,      31] :                    0
# Number of wires whose fanout is in [    32,      63] :                    1
# Number of wires whose fanout is in [    64,     127] :                    0
# Number of wires whose fanout is in [   128,     255] :                    1
# Number of wires whose fanout is in [   256,     511] :                    0
# Number of wires whose fanout is in [   512,    1023] :                    0
# Number of wires whose fanout is in [  1024,    2047] :                    0
# Number of wires whose fanout is in [  2048,    4095] :                    0
# Number of wires whose fanout is in [  4096,    8191] :                    0
# Number of wires whose fanout is in [  8192,   16383] :                    0
# Number of wires whose fanout is in [ 16384,   32767] :                    0
# Number of wires whose fanout is in [ 32768,   65535] :                    0
# Number of wires whose fanout is in [ 65536,  131071] :                    0
# Number of wires whose fanout is in [131072,  262143] :                    0
# Number of wires whose fanout is in [262144,  524287] :                    0
# Number of wires whose fanout is in [524288, 1048575] :                    0

##########################################################  FANOUT TOP SCORES:  
# Displaying all the wires whose fanout is greater than 128.
#     245  #  alb_mss_mem_lat_0000_ZMEM_i_rdel_mem.alb_mss_mem_lat_0000_ZMEM_i_rdel_mem_add_gnd  #

