                                 module           user(s)         system(s)             nodes            vm(kb)              file
                         DWbb_bcm00_maj                 0                 0            105155            901992 Child3/fullStats.post.log
                        DWbb_bcm21_0000                 0                 0            104896            901992 Child1/fullStats.post.log
                    DWbb_bcm21_atv_0000                 0                 0            104800            901992 Child5/fullStats.post.log
                    DWbb_bcm21_atv_0001                 0                 0            104896            901992 Child1/fullStats.post.log
                             DWbb_bcm99                 0                 0            104929            901992 Child6/fullStats.post.log
                 ZebuClockDetectFront_0                 0                 0            104929            901992 Child6/fullStats.post.log
                 ZebuClockDetectFront_1                 0                 0            104850            901992 Child4/fullStats.post.log
                ZebuClockDetectFront_10                 0                 0            104800            901992 Child5/fullStats.post.log
                ZebuClockDetectFront_11                 0                 0            104883            901992 Child2/fullStats.post.log
                ZebuClockDetectFront_12                 0                 0            104929            901992 Child7/fullStats.post.log
                ZebuClockDetectFront_13                 0                 0            104504            901992 Child0/fullStats.post.log
                ZebuClockDetectFront_14                 0                 0            104929            901992 Child7/fullStats.post.log
                ZebuClockDetectFront_15                 0                 0            104929            901992 Child6/fullStats.post.log
                ZebuClockDetectFront_16                 0                 0            104896            901992 Child1/fullStats.post.log
                ZebuClockDetectFront_17                 0                 0            104800            901992 Child5/fullStats.post.log
                ZebuClockDetectFront_18                 0                 0            104883            901992 Child2/fullStats.post.log
                ZebuClockDetectFront_19                 0                 0            104504            901992 Child0/fullStats.post.log
                 ZebuClockDetectFront_2                 0                 0            104896            901992 Child1/fullStats.post.log
                ZebuClockDetectFront_20                 0                 0            104929            901992 Child7/fullStats.post.log
                ZebuClockDetectFront_21                 0                 0            104794            901992 Child4/fullStats.post.log
                ZebuClockDetectFront_22                 0                 0            104504            901992 Child0/fullStats.post.log
                ZebuClockDetectFront_23                 0                 0            104929            901992 Child6/fullStats.post.log
                ZebuClockDetectFront_24                 0                 0            104896            901992 Child1/fullStats.post.log
                ZebuClockDetectFront_25                 0                 0            104800            901992 Child5/fullStats.post.log
                ZebuClockDetectFront_26                 0                 0            104883            901992 Child2/fullStats.post.log
                ZebuClockDetectFront_27                 0                 0            104929            901992 Child7/fullStats.post.log
                ZebuClockDetectFront_28                 0                 0            104794            901992 Child4/fullStats.post.log
                ZebuClockDetectFront_29                 0                 0            105154            901992 Child3/fullStats.post.log
                 ZebuClockDetectFront_3                 0                 0            104890            901992 Child2/fullStats.post.log
                ZebuClockDetectFront_30                 0                 0            104504            901992 Child0/fullStats.post.log
                ZebuClockDetectFront_31                 0                 0            104929            901992 Child6/fullStats.post.log
                ZebuClockDetectFront_32                 0                 0            104896            901992 Child1/fullStats.post.log
                ZebuClockDetectFront_33                 0                 0            104800            901992 Child5/fullStats.post.log
                ZebuClockDetectFront_34                 0                 0            104883            901992 Child2/fullStats.post.log
                ZebuClockDetectFront_35                 0                 0            104492            901992 Child0/fullStats.post.log
                ZebuClockDetectFront_36                 0                 0            104876            901992 Child2/fullStats.post.log
                ZebuClockDetectFront_37                 0                 0            104800            901992 Child5/fullStats.post.log
                ZebuClockDetectFront_38                 0                 0            104929            901992 Child7/fullStats.post.log
                ZebuClockDetectFront_39                 0                 0            105045            901992 Child3/fullStats.post.log
                 ZebuClockDetectFront_4                 0                 0            104881            901992 Child5/fullStats.post.log
                ZebuClockDetectFront_40                 0                 0            104504            901992 Child0/fullStats.post.log
                ZebuClockDetectFront_41                 0                 0            104929            901992 Child6/fullStats.post.log
                ZebuClockDetectFront_42                 0                 0            104929            901992 Child6/fullStats.post.log
                ZebuClockDetectFront_43                 0                 0            104876            901992 Child2/fullStats.post.log
                ZebuClockDetectFront_44                 0                 0            104800            901992 Child5/fullStats.post.log
                ZebuClockDetectFront_45                 0                 0            104929            901992 Child7/fullStats.post.log
                ZebuClockDetectFront_46                 0                 0            105045            901992 Child3/fullStats.post.log
                ZebuClockDetectFront_47                 0                 0            104800            901992 Child5/fullStats.post.log
                ZebuClockDetectFront_48                 0                 0            104929            901992 Child7/fullStats.post.log
                ZebuClockDetectFront_49                 0                 0            104800            901992 Child5/fullStats.post.log
                 ZebuClockDetectFront_5                 0                 0            105260            901992 Child7/fullStats.post.log
                ZebuClockDetectFront_50                 0                 0            105045            901992 Child3/fullStats.post.log
                ZebuClockDetectFront_51                 0                 0            104504            901992 Child0/fullStats.post.log
                ZebuClockDetectFront_52                 0                 0            104929            901992 Child6/fullStats.post.log
                ZebuClockDetectFront_53                 0                 0            104896            901992 Child1/fullStats.post.log
                ZebuClockDetectFront_54                 0                 0            104929            901992 Child7/fullStats.post.log
                ZebuClockDetectFront_55                 0                 0            104883            901992 Child2/fullStats.post.log
                ZebuClockDetectFront_56                 0                 0            104800            901992 Child5/fullStats.post.log
                ZebuClockDetectFront_57                 0                 0            104897            901992 Child1/fullStats.post.log
                ZebuClockDetectFront_58                 0                 0            104857            901992 Child4/fullStats.post.log
                ZebuClockDetectFront_59                 0                 0            104516            901992 Child0/fullStats.post.log
                 ZebuClockDetectFront_6                 0                 0            104504            901992 Child0/fullStats.post.log
                ZebuClockDetectFront_60                 0                 0            105010            901992 Child2/fullStats.post.log
                ZebuClockDetectFront_61                 0                 0            104923            901992 Child6/fullStats.post.log
                ZebuClockDetectFront_62                 0                 0            105164            901992 Child3/fullStats.post.log
                ZebuClockDetectFront_63                 0                 0            105288            901992 Child7/fullStats.post.log
                ZebuClockDetectFront_64                 0                 0            104801            901992 Child5/fullStats.post.log
                ZebuClockDetectFront_65                 0                 0            104897            901992 Child1/fullStats.post.log
                ZebuClockDetectFront_66                 0                 0            104857            901992 Child4/fullStats.post.log
                 ZebuClockDetectFront_7                 0                 0            104929            901992 Child6/fullStats.post.log
                 ZebuClockDetectFront_8                 0                 0            104896            901992 Child1/fullStats.post.log
                 ZebuClockDetectFront_9                 0                 0            104929            901992 Child7/fullStats.post.log
                     alb_mss_bus_switch                 0                 0            104912            901992 Child3/fullStats.post.log
                        alb_mss_clkctrl                 0                 0            105045            901992 Child3/fullStats.post.log
              alb_mss_clkctrl_clken_gen                 0                 0            104686            901992 Child0/fullStats.post.log
                alb_mss_clkctrl_clkgate                 0                 0            104831            901992 Child2/fullStats.post.log
                 alb_mss_clkctrl_clkgen                 0                 0            104940            901992 Child6/fullStats.post.log
             alb_mss_clkctrl_ratio_calc                 0                 0            104918            901992 Child4/fullStats.post.log
                       alb_mss_ext_stub                 0                 0            104800            901992 Child5/fullStats.post.log
                            alb_mss_fab                 0                 0            104930            901992 Child7/fullStats.post.log
              alb_mss_fab_ahbl2ibp_0000                 0                 0            104936            901992 Child4/fullStats.post.log
               alb_mss_fab_axi2ibp_0000                 0                 0            104922            901992 Child0/fullStats.post.log
               alb_mss_fab_axi2ibp_0001                 0                 0            104913            901992 Child2/fullStats.post.log
             alb_mss_fab_axi2ibp_rrobin                 0                 0            104920            901992 Child0/fullStats.post.log
               alb_mss_fab_bus_lat_0000                 0                 0            104922            901992 Child3/fullStats.post.log
          alb_mss_fab_bus_lat_0000_0000                 0                 0            104933            901992 Child7/fullStats.post.log
                alb_mss_fab_bypbuf_0000                 0                 0            104922            901992 Child2/fullStats.post.log
           alb_mss_fab_bypbuf_0000_0000                 0                 0            104898            901992 Child4/fullStats.post.log
           alb_mss_fab_bypbuf_0000_0001                 0                 0            104912            901992 Child3/fullStats.post.log
                  alb_mss_fab_fifo_0000                 0                 0            104922            901992 Child1/fullStats.post.log
             alb_mss_fab_fifo_0000_0000                 0                 0            104922            901992 Child2/fullStats.post.log
             alb_mss_fab_fifo_0000_0001                 0                 0            104922            901992 Child3/fullStats.post.log
             alb_mss_fab_fifo_0000_0002                 0                 0            104908            901992 Child5/fullStats.post.log
             alb_mss_fab_fifo_0000_0003                 0                 0            104938            901992 Child4/fullStats.post.log
             alb_mss_fab_fifo_0000_0004                 0                 0            104911            901992 Child3/fullStats.post.log
             alb_mss_fab_fifo_0000_0005                 0                 0            104922            901992 Child7/fullStats.post.log
             alb_mss_fab_fifo_0000_0006                 0                 0            104924            901992 Child0/fullStats.post.log
             alb_mss_fab_fifo_0000_0007                 0                 0            104922            901992 Child1/fullStats.post.log
             alb_mss_fab_fifo_0000_0008                 0                 0            104938            901992 Child4/fullStats.post.log
             alb_mss_fab_fifo_0000_0009                 0                 0            104913            901992 Child2/fullStats.post.log
             alb_mss_fab_fifo_0000_000A                 0                 0            104887            901992 Child1/fullStats.post.log
             alb_mss_fab_fifo_0000_000B                 0                 0            104898            901992 Child4/fullStats.post.log
             alb_mss_fab_fifo_0000_000C                 0                 0            104688            901992 Child0/fullStats.post.log
             alb_mss_fab_fifo_0000_000D                 0                 0            104922            901992 Child6/fullStats.post.log
             alb_mss_fab_fifo_0000_000E                 0                 0            104898            901992 Child4/fullStats.post.log
             alb_mss_fab_fifo_0000_000F                 0                 0            104831            901992 Child2/fullStats.post.log
             alb_mss_fab_fifo_0000_0010                 0                 0            104934            901992 Child7/fullStats.post.log
             alb_mss_fab_fifo_0000_0011                 0                 0            104799            901992 Child5/fullStats.post.log
                  alb_mss_fab_fifo_0001                 0                 0            104920            901992 Child5/fullStats.post.log
             alb_mss_fab_fifo_0001_0000                 0                 0            104920            901992 Child6/fullStats.post.log
             alb_mss_fab_fifo_0001_0001                 0                 0            104920            901992 Child7/fullStats.post.log
             alb_mss_fab_fifo_0001_0002                 0                 0            104920            901992 Child0/fullStats.post.log
             alb_mss_fab_fifo_0001_0003                 0                 0            104920            901992 Child7/fullStats.post.log
             alb_mss_fab_fifo_0001_0004                 0                 0            104920            901992 Child6/fullStats.post.log
             alb_mss_fab_fifo_0001_0005                 0                 0            104922            901992 Child7/fullStats.post.log
             alb_mss_fab_fifo_0001_0006                 0                 0            104920            901992 Child6/fullStats.post.log
             alb_mss_fab_fifo_0001_0007                 0                 0            104922            901992 Child7/fullStats.post.log
             alb_mss_fab_fifo_0001_0008                 0                 0            104922            901992 Child1/fullStats.post.log
             alb_mss_fab_fifo_0001_0009                 0                 0            104938            901992 Child4/fullStats.post.log
             alb_mss_fab_fifo_0001_000A                 0                 0            104913            901992 Child2/fullStats.post.log
                  alb_mss_fab_fifo_0002                 0                 0            104906            901992 Child5/fullStats.post.log
             alb_mss_fab_fifo_0002_0000                 0                 0            104911            901992 Child3/fullStats.post.log
             alb_mss_fab_fifo_0002_0001                 0                 0            104911            901992 Child2/fullStats.post.log
                  alb_mss_fab_fifo_0003                 0                 0            104887            901992 Child1/fullStats.post.log
             alb_mss_fab_fifo_0003_0000                 0                 0            104831            901992 Child2/fullStats.post.log
                  alb_mss_fab_fifo_0004                 0                 0            104934            901992 Child7/fullStats.post.log
             alb_mss_fab_fifo_0004_0000                 0                 0            104682            901992 Child0/fullStats.post.log
                  alb_mss_fab_fifo_0005                 0                 0            104922            901992 Child6/fullStats.post.log
             alb_mss_fab_fifo_0005_0000                 0                 0            104831            901992 Child2/fullStats.post.log
                  alb_mss_fab_fifo_0006                 0                 0            104886            901992 Child1/fullStats.post.log
                  alb_mss_fab_fifo_0007                 0                 0            104909            901992 Child3/fullStats.post.log
                  alb_mss_fab_fifo_0008                 0                 0            104930            901992 Child7/fullStats.post.log
                  alb_mss_fab_fifo_0009                 0                 0            104938            901992 Child6/fullStats.post.log
                   alb_mss_fab_ibp2ahbl                 0                 0            104800            901992 Child5/fullStats.post.log
               alb_mss_fab_ibp2ahbl_sel                 0                 0            104831            901992 Child2/fullStats.post.log
                    alb_mss_fab_ibp2apb                 0                 0            104918            901992 Child4/fullStats.post.log
               alb_mss_fab_ibp2apb_0000                 0                 0            104920            901992 Child3/fullStats.post.log
                   alb_mss_fab_ibp2pack                 0                 0            104906            901992 Child5/fullStats.post.log
              alb_mss_fab_ibp2pack_0000                 0                 0            104922            901992 Child1/fullStats.post.log
              alb_mss_fab_ibp2pack_0001                 0                 0            104831            901992 Child2/fullStats.post.log
              alb_mss_fab_ibp2pack_0002                 0                 0            104934            901992 Child7/fullStats.post.log
              alb_mss_fab_ibp2pack_0003                 0                 0            104912            901992 Child3/fullStats.post.log
            alb_mss_fab_ibp2single_0000                 0                 0            104800            901992 Child5/fullStats.post.log
       alb_mss_fab_ibp2single_0000_0000                 0                 0            104683            901992 Child0/fullStats.post.log
       alb_mss_fab_ibp2single_0000_0001                 0                 0            104886            901992 Child1/fullStats.post.log
            alb_mss_fab_ibp_buffer_0000                 0                 0            104920            901992 Child6/fullStats.post.log
       alb_mss_fab_ibp_buffer_0000_0000                 0                 0            104908            901992 Child5/fullStats.post.log
       alb_mss_fab_ibp_buffer_0000_0001                 0                 0            104924            901992 Child0/fullStats.post.log
       alb_mss_fab_ibp_buffer_0000_0002                 0                 0            104908            901992 Child5/fullStats.post.log
       alb_mss_fab_ibp_buffer_0000_0003                 0                 0            104831            901992 Child2/fullStats.post.log
       alb_mss_fab_ibp_buffer_0000_0004                 0                 0            104887            901992 Child1/fullStats.post.log
       alb_mss_fab_ibp_buffer_0000_0005                 0                 0            104799            901992 Child5/fullStats.post.log
       alb_mss_fab_ibp_buffer_0000_0006                 0                 0            104922            901992 Child6/fullStats.post.log
       alb_mss_fab_ibp_buffer_0000_0007                 0                 0            104887            901992 Child1/fullStats.post.log
       alb_mss_fab_ibp_buffer_0000_0008                 0                 0            104922            901992 Child6/fullStats.post.log
                    alb_mss_fab_ibp_lat                 0                 0            104908            901992 Child5/fullStats.post.log
               alb_mss_fab_ibp_lat_0000                 0                 0            104924            901992 Child0/fullStats.post.log
                   alb_mss_fab_pack2ibp                 0                 0            104911            901992 Child3/fullStats.post.log
              alb_mss_fab_pack2ibp_0000                 0                 0            104920            901992 Child6/fullStats.post.log
              alb_mss_fab_pack2ibp_0001                 0                 0            104688            901992 Child0/fullStats.post.log
              alb_mss_fab_pack2ibp_0002                 0                 0            104799            901992 Child5/fullStats.post.log
              alb_mss_fab_pack2ibp_0003                 0                 0            104688            901992 Child0/fullStats.post.log
                alb_mss_fab_single2ahbl                 0                 0            104926            901992 Child6/fullStats.post.log
         alb_mss_fab_single2sparse_0000                 0                 0            104909            901992 Child4/fullStats.post.log
             alb_mss_fab_slv_axi_buffer                 0                 0            104922            901992 Child1/fullStats.post.log
        alb_mss_fab_slv_axi_buffer_0000                 0                 0            104922            901992 Child1/fullStats.post.log
                 alb_mss_fpga_sram_0000                 0                 0            104855            901992 Child1/fullStats.post.log
                            alb_mss_mem                 0                 0            104929            901992 Child6/fullStats.post.log
                alb_mss_mem_bypbuf_0000                 0                 0            104930            901992 Child7/fullStats.post.log
           alb_mss_mem_bypbuf_0000_0000                 0                 0            104831            901992 Child2/fullStats.post.log
           alb_mss_mem_bypbuf_0000_0001                 0                 0            104930            901992 Child7/fullStats.post.log
           alb_mss_mem_bypbuf_0000_0002                 0                 0            104890            901992 Child1/fullStats.post.log
           alb_mss_mem_bypbuf_0000_0003                 0                 0            105045            901992 Child3/fullStats.post.log
           alb_mss_mem_bypbuf_0000_0004                 0                 0            104800            901992 Child5/fullStats.post.log
                    alb_mss_mem_clkgate                 0                 0            105045            901992 Child3/fullStats.post.log
                       alb_mss_mem_ctrl                 0                 0            104929            901992 Child7/fullStats.post.log
                  alb_mss_mem_fifo_0000                 0                 0            104918            901992 Child4/fullStats.post.log
             alb_mss_mem_fifo_0000_0000                 0                 0            104800            901992 Child5/fullStats.post.log
             alb_mss_mem_fifo_0000_0001                 0                 0            104495            901992 Child0/fullStats.post.log
             alb_mss_mem_fifo_0000_0002                 0                 0            104800            901992 Child5/fullStats.post.log
             alb_mss_mem_fifo_0000_0003                 0                 0            104890            901992 Child1/fullStats.post.log
                  alb_mss_mem_fifo_0001                 0                 0            104495            901992 Child0/fullStats.post.log
                  alb_mss_mem_fifo_0002                 0                 0            104929            901992 Child6/fullStats.post.log
                  alb_mss_mem_fifo_0003                 0                 0            104492            901992 Child0/fullStats.post.log
             alb_mss_mem_fifo_0003_0000                 0                 0            104929            901992 Child7/fullStats.post.log
                   alb_mss_mem_ibp2pack                 0                 0            104930            901992 Child7/fullStats.post.log
            alb_mss_mem_ibp2single_0000                 0                 0            105045            901992 Child3/fullStats.post.log
                    alb_mss_mem_ibp_buf                 0                 0            104940            901992 Child6/fullStats.post.log
            alb_mss_mem_ibp_bypbuf_0000                 0                 0            104929            901992 Child6/fullStats.post.log
            alb_mss_mem_ibp_cwbind_0000                 0                 0            104876            901992 Child2/fullStats.post.log
              alb_mss_mem_ibp_excl_0000                 0                 0            104794            901992 Child4/fullStats.post.log
                    alb_mss_mem_ibp_lat                 0                 0            104890            901992 Child1/fullStats.post.log
             alb_mss_mem_ibp_split_0000                 0                 0            104800            901992 Child5/fullStats.post.log
                   alb_mss_mem_lat_0000                 0                 0            104876            901992 Child2/fullStats.post.log
                      alb_mss_mem_model                 0                 0            105045            901992 Child3/fullStats.post.log
                   alb_mss_mem_pack2ibp                 0                 0            105045            901992 Child3/fullStats.post.log
                       alb_mss_perfctrl                 0                 0            104890            901992 Child1/fullStats.post.log
                         apb_master_ap0                 0                 0            105260            901992 Child7/fullStats.post.log
                            archipelago                 0                 0            105010            901992 Child2/fullStats.post.log
                                arcv_dm                 0                 0            104850            901992 Child4/fullStats.post.log
                            arcv_dm_top                 0                 0            105256            901992 Child7/fullStats.post.log
                      arcv_dm_top_stubs                 0                 0                 0                 0 
                       arcv_imsic_clint                 0                 0            105051            901992 Child4/fullStats.post.log
                             arcv_timer                 0                 0            104946            901992 Child6/fullStats.post.log
                       arcv_timer_synch                 0                 0            104929            901992 Child6/fullStats.post.log
                          arcv_watchdog                 0                 0            104897            901992 Child1/fullStats.post.log
                      arcv_watchdog_csr                 0                 0            104545            901992 Child0/fullStats.post.log
                     arcv_watchdog_ctrl                 0                 0            105164            901992 Child3/fullStats.post.log
                         arcv_wd_parity                 0                 0            104893            901992 Child5/fullStats.post.log
                    arcv_wd_parity_0000                 0                 0            105288            901992 Child7/fullStats.post.log
                    arcv_wd_parity_0001                 0                 0            104893            901992 Child5/fullStats.post.log
                    arcv_wd_parity_0002                 0                 0            105010            901992 Child2/fullStats.post.log
                         arcv_wdt_synch                 0                 0            105260            901992 Child7/fullStats.post.log
                            bvci_to_axi                 0                 0            104929            901992 Child6/fullStats.post.log
                         cdc_synch_wrap                 0                 0            104850            901992 Child4/fullStats.post.log
                                clkgate                 0                 0            104890            901992 Child2/fullStats.post.log
                    clockDelayPort_0000                 0                 0            105288            901992 Child7/fullStats.post.log
                              core_chip                 0                 0            105164            901992 Child3/fullStats.post.log
                               core_sys                 0                 0            104801            901992 Child5/fullStats.post.log
                     cpu_safety_monitor                 0                 0            105288            901992 Child7/fullStats.post.log
              cpu_top_safety_controller                 0                 0            105164            901992 Child3/fullStats.post.log
                               dccm_ram                 0                 0            105288            901992 Child7/fullStats.post.log
                            dm_cdc_sync                 0                 0            104883            901992 Child2/fullStats.post.log
                                 dm_cgm                 0                 0            104504            901992 Child0/fullStats.post.log
                          dm_clock_gate                 0                 0            104929            901992 Child6/fullStats.post.log
                                dm_hmst                 0                 0            104883            901992 Child2/fullStats.post.log
                                 dw_dbp                 0                 0            104504            901992 Child0/fullStats.post.log
                        dw_dbp_cdc_sync                 0                 0            104504            901992 Child0/fullStats.post.log
                           dw_dbp_stubs                 0                 0            105154            901992 Child3/fullStats.post.log
                         dwt_debug_port                 0                 0            104878            901992 Child5/fullStats.post.log
                          dwt_jtag_port                 0                 0            105154            901992 Child3/fullStats.post.log
                         dwt_reset_ctrl                 0                 0            104929            901992 Child6/fullStats.post.log
                    dwt_reset_ctrl_0000                 0                 0            104896            901992 Child1/fullStats.post.log
                       dwt_sys_clk_sync                 0                 0            104890            901992 Child2/fullStats.post.log
                     dwt_tap_controller                 0                 0            104850            901992 Child4/fullStats.post.log
                     e2e_edc32_1stg_chk                 0                 0            104545            901992 Child0/fullStats.post.log
      e2e_edc32_1stg_qual_chk_wrap_0000                 0                 0            104893            901992 Child5/fullStats.post.log
                            eVe_initial                 0                 0                 0                 0 
                      err_inj_ctrl_0000                 0                 0            104890            901992 Child2/fullStats.post.log
                         fpga_sram_0000                 0                 0            104801            901992 Child5/fullStats.post.log
                         fpga_sram_0001                 0                 0            104857            901992 Child4/fullStats.post.log
                         fpga_sram_0002                 0                 0            104516            901992 Child0/fullStats.post.log
                    fpga_sram_0002_0000                 0                 0            104923            901992 Child6/fullStats.post.log
                    ic_data_ecc_decoder                 0                 0            104890            901992 Child2/fullStats.post.log
                    ic_data_ecc_encoder                 0                 0            104515            901992 Child0/fullStats.post.log
                            ic_data_ram                 0                 0            105010            901992 Child2/fullStats.post.log
                     ic_tag_ecc_decoder                 0                 0            104896            901992 Child1/fullStats.post.log
                     ic_tag_ecc_encoder                 0                 0            104850            901992 Child4/fullStats.post.log
                             ic_tag_ram                 0                 0            105051            901992 Child4/fullStats.post.log
                              iccm0_ram                 0                 0            105164            901992 Child3/fullStats.post.log
                       iccm_ecc_decoder                 0                 0            104890            901992 Child2/fullStats.post.log
                       iccm_ecc_encoder                 0                 0            104896            901992 Child1/fullStats.post.log
                            io_pad_ring                 0                 0            104920            901992 Child0/fullStats.post.log
                              iprio_arb                 0                 0            105155            901992 Child3/fullStats.post.log
                         iprio_arb_4to1                 0                 0            105010            901992 Child2/fullStats.post.log
                            ls_cdc_sync                 0                 0            104883            901992 Child2/fullStats.post.log
                       ls_cdc_sync_0000                 0                 0            104890            901992 Child2/fullStats.post.log
                   ls_compare_unit_0000                 0                 0            105154            901992 Child3/fullStats.post.log
                   ls_compare_unit_0001                 0                 0            104850            901992 Child4/fullStats.post.log
                   ls_compare_unit_0002                 0                 0            104878            901992 Child5/fullStats.post.log
                   ls_compare_unit_0003                 0                 0            104929            901992 Child6/fullStats.post.log
                   ls_compare_unit_0004                 0                 0            104896            901992 Child1/fullStats.post.log
                   ls_compare_unit_0005                 0                 0            104890            901992 Child2/fullStats.post.log
                   ls_compare_unit_0006                 0                 0            104890            901992 Child2/fullStats.post.log
                   ls_compare_unit_0007                 0                 0            104850            901992 Child4/fullStats.post.log
                   ls_compare_unit_0008                 0                 0            104878            901992 Child5/fullStats.post.log
                   ls_compare_unit_0009                 0                 0            105260            901992 Child7/fullStats.post.log
                   ls_compare_unit_000A                 0                 0            104850            901992 Child4/fullStats.post.log
                   ls_compare_unit_000B                 0                 0            104896            901992 Child1/fullStats.post.log
                   ls_compare_unit_000C                 0                 0            104890            901992 Child2/fullStats.post.log
                   ls_compare_unit_000D                 0                 0            104878            901992 Child5/fullStats.post.log
                   ls_compare_unit_000E                 0                 0            105260            901992 Child7/fullStats.post.log
                   ls_compare_unit_000F                 0                 0            104850            901992 Child4/fullStats.post.log
                 ls_error_register_0000                 0                 0            104896            901992 Child1/fullStats.post.log
           ls_multi_bit_comparator_0000                 0                 0            104504            901992 Child0/fullStats.post.log
           ls_multi_bit_comparator_0001                 0                 0            105260            901992 Child7/fullStats.post.log
           ls_multi_bit_comparator_0002                 0                 0            105154            901992 Child3/fullStats.post.log
           ls_multi_bit_comparator_0003                 0                 0            104504            901992 Child0/fullStats.post.log
           ls_multi_bit_comparator_0004                 0                 0            104929            901992 Child6/fullStats.post.log
           ls_multi_bit_comparator_0005                 0                 0            105154            901992 Child3/fullStats.post.log
           ls_multi_bit_comparator_0006                 0                 0            104504            901992 Child0/fullStats.post.log
                  ls_sfty_mnt_diag_ctrl                 0                 0            104545            901992 Child0/fullStats.post.log
             ls_sfty_mnt_diag_ctrl_0000                 0                 0            104946            901992 Child6/fullStats.post.log
        mss_bus_switch_default_slv_0000                 0                 0            104920            901992 Child6/fullStats.post.log
                mss_bus_switch_dw32_slv                 0                 0            104922            901992 Child3/fullStats.post.log
               mss_bus_switch_dw512_slv                 0                 0            104922            901992 Child3/fullStats.post.log
               mss_bus_switch_fifo_0000                 0                 0            104938            901992 Child4/fullStats.post.log
          mss_bus_switch_fifo_0000_0000                 0                 0            104913            901992 Child2/fullStats.post.log
          mss_bus_switch_fifo_0000_0001                 0                 0            104920            901992 Child6/fullStats.post.log
          mss_bus_switch_fifo_0000_0002                 0                 0            104922            901992 Child3/fullStats.post.log
          mss_bus_switch_fifo_0000_0003                 0                 0            104938            901992 Child4/fullStats.post.log
          mss_bus_switch_fifo_0000_0004                 0                 0            104933            901992 Child7/fullStats.post.log
          mss_bus_switch_fifo_0000_0005                 0                 0            104871            901992 Child0/fullStats.post.log
          mss_bus_switch_fifo_0000_0006                 0                 0            104887            901992 Child1/fullStats.post.log
          mss_bus_switch_fifo_0000_0007                 0                 0            104688            901992 Child0/fullStats.post.log
               mss_bus_switch_fifo_0001                 0                 0            104871            901992 Child0/fullStats.post.log
          mss_bus_switch_fifo_0001_0000                 0                 0            104875            901992 Child0/fullStats.post.log
          mss_bus_switch_fifo_0001_0001                 0                 0            104887            901992 Child4/fullStats.post.log
          mss_bus_switch_fifo_0001_0002                 0                 0            104688            901992 Child0/fullStats.post.log
          mss_bus_switch_fifo_0001_0003                 0                 0            104887            901992 Child1/fullStats.post.log
          mss_bus_switch_fifo_0001_0004                 0                 0            104831            901992 Child2/fullStats.post.log
                mss_bus_switch_ibp2ibps                 0                 0            104920            901992 Child6/fullStats.post.log
           mss_bus_switch_ibp2ibps_0000                 0                 0            104799            901992 Child5/fullStats.post.log
                mss_bus_switch_ibp2pack                 0                 0            104922            901992 Child1/fullStats.post.log
           mss_bus_switch_ibp2pack_0000                 0                 0            104908            901992 Child5/fullStats.post.log
           mss_bus_switch_ibp2pack_0001                 0                 0            104913            901992 Child2/fullStats.post.log
           mss_bus_switch_ibp2pack_0002                 0                 0            104688            901992 Child0/fullStats.post.log
         mss_bus_switch_ibp2single_0000                 0                 0            104923            901992 Child1/fullStats.post.log
    mss_bus_switch_ibp2single_0000_0000                 0                 0            104934            901992 Child7/fullStats.post.log
          mss_bus_switch_ibp_compr_0000                 0                 0            104938            901992 Child1/fullStats.post.log
     mss_bus_switch_ibp_compr_0000_0000                 0                 0            104898            901992 Child4/fullStats.post.log
         mss_bus_switch_ibp_cwbind_0000                 0                 0            104920            901992 Child6/fullStats.post.log
    mss_bus_switch_ibp_cwbind_0000_0000                 0                 0            104920            901992 Child6/fullStats.post.log
           mss_bus_switch_ibp_dw128_mst                 0                 0            104799            901992 Child5/fullStats.post.log
            mss_bus_switch_ibp_dw32_mst                 0                 0            104922            901992 Child3/fullStats.post.log
          mss_bus_switch_ibp_split_0000                 0                 0            104922            901992 Child1/fullStats.post.log
     mss_bus_switch_ibp_split_0000_0000                 0                 0            104913            901992 Child2/fullStats.post.log
          mss_bus_switch_ibpn2ibpw_0000                 0                 0            104883            901992 Child4/fullStats.post.log
          mss_bus_switch_ibpw2ibpn_0000                 0                 0            104799            901992 Child5/fullStats.post.log
          mss_bus_switch_ibpw2ibpn_0001                 0                 0            104909            901992 Child3/fullStats.post.log
          mss_bus_switch_ibpx2ibpy_0000                 0                 0            104933            901992 Child7/fullStats.post.log
     mss_bus_switch_ibpx2ibpy_0000_0000                 0                 0            104938            901992 Child4/fullStats.post.log
     mss_bus_switch_ibpx2ibpy_0000_0001                 0                 0            104908            901992 Child5/fullStats.post.log
          mss_bus_switch_ibpx2ibpy_0001                 0                 0            104922            901992 Child3/fullStats.post.log
     mss_bus_switch_ibpx2ibpy_0001_0000                 0                 0            104887            901992 Child1/fullStats.post.log
          mss_bus_switch_ibpx2ibpy_0002                 0                 0            104920            901992 Child6/fullStats.post.log
     mss_bus_switch_mst_ibp_buffer_0000                 0                 0            104913            901992 Child2/fullStats.post.log
mss_bus_switch_mst_ibp_buffer_0000_0000                 0                 0            104934            901992 Child7/fullStats.post.log
                mss_bus_switch_pack2ibp                 0                 0            104933            901992 Child7/fullStats.post.log
           mss_bus_switch_pack2ibp_0000                 0                 0            104920            901992 Child6/fullStats.post.log
           mss_bus_switch_pack2ibp_0001                 0                 0            104799            901992 Child5/fullStats.post.log
                  mss_bus_switch_rrobin                 0                 0            104933            901992 Child7/fullStats.post.log
     mss_bus_switch_slv_ibp_buffer_0000                 0                 0            104908            901992 Child5/fullStats.post.log
mss_bus_switch_slv_ibp_buffer_0000_0000                 0                 0            104922            901992 Child1/fullStats.post.log
     mss_bus_switch_slv_ibp_buffer_0001                 0                 0            104913            901992 Child2/fullStats.post.log
mss_bus_switch_slv_ibp_buffer_0001_0000                 0                 0            104938            901992 Child4/fullStats.post.log
              multi_bit_comparator_0000                 0                 0            104893            901992 Child5/fullStats.post.log
                            odd_pty_dec                 0                 0            105288            901992 Child7/fullStats.post.log
                       odd_pty_dec_0000                 0                 0            104933            901992 Child4/fullStats.post.log
                       odd_pty_dec_0001                 0                 0            104545            901992 Child0/fullStats.post.log
                       odd_pty_dec_0002                 0                 0            105010            901992 Child2/fullStats.post.log
                       odd_pty_dec_0003                 0                 0            105051            901992 Child4/fullStats.post.log
                  odd_pty_dec_wrap_0000                 0                 0            104943            901992 Child6/fullStats.post.log
               odd_pty_di_dec_wrap_0000                 0                 0            105010            901992 Child2/fullStats.post.log
                       odd_pty_enc_0000                 0                 0            104943            901992 Child6/fullStats.post.log
                       odd_pty_enc_0001                 0                 0            105155            901992 Child3/fullStats.post.log
                  odd_pty_enc_0001_0000                 0                 0            104897            901992 Child1/fullStats.post.log
                  odd_pty_enc_0001_0001                 0                 0            104893            901992 Child5/fullStats.post.log
                  odd_pty_enc_0001_0002                 0                 0            105051            901992 Child4/fullStats.post.log
             odd_pty_qual_dec_wrap_0000                 0                 0            104893            901992 Child5/fullStats.post.log
        odd_pty_qual_dec_wrap_0000_0000                 0                 0            105288            901992 Child7/fullStats.post.log
        odd_pty_qual_dec_wrap_0000_0001                 0                 0            104943            901992 Child6/fullStats.post.log
          odd_pty_qual_di_dec_wrap_0000                 0                 0            104545            901992 Child0/fullStats.post.log
     odd_pty_qual_di_dec_wrap_0000_0000                 0                 0            104897            901992 Child1/fullStats.post.log
     odd_pty_qual_di_dec_wrap_0000_0001                 0                 0            105288            901992 Child7/fullStats.post.log
                              reset_fsm                 0                 0            104881            901992 Child5/fullStats.post.log
                        reset_handshake                 0                 0            104881            901992 Child5/fullStats.post.log
                          rl_adder_0000                 0                 0            105155            901992 Child3/fullStats.post.log
                        rl_ahb2ibp_0000                 0                 0            105010            901992 Child2/fullStats.post.log
                        rl_ahb2ibp_0001                 0                 0            105155            901992 Child3/fullStats.post.log
                                 rl_alu                 0                 0            104885            901992 Child5/fullStats.post.log
                       rl_alu_data_path                 0                 0            104935            901992 Child6/fullStats.post.log
                             rl_bitscan                 0                 0            104896            901992 Child1/fullStats.post.log
                         rl_bitscan_16b                 0                 0            104850            901992 Child4/fullStats.post.log
                         rl_bitscan_32b                 0                 0            104850            901992 Child4/fullStats.post.log
                          rl_bitscan_4b                 0                 0            104515            901992 Child0/fullStats.post.log
                          rl_bitscan_8b                 0                 0            104890            901992 Child2/fullStats.post.log
                              rl_branch                 0                 0            105155            901992 Child3/fullStats.post.log
                              rl_bypass                 0                 0            104890            901992 Child2/fullStats.post.log
                           rl_byte_unit                 0                 0            105274            901992 Child7/fullStats.post.log
                          rl_clock_ctrl                 0                 0            104881            901992 Child5/fullStats.post.log
                            rl_complete                 0                 0            104935            901992 Child6/fullStats.post.log
                                rl_core                 0                 0            104897            901992 Child1/fullStats.post.log
                      rl_cpu_misc_synch                 0                 0            104878            901992 Child5/fullStats.post.log
                      rl_cpu_synch_wrap                 0                 0            104896            901992 Child1/fullStats.post.log
                             rl_cpu_top                 0                 0            104946            901992 Child6/fullStats.post.log
                                 rl_csr                 0                 0            104545            901992 Child0/fullStats.post.log
                               rl_debug                 0                 0            105286            901992 Child7/fullStats.post.log
                             rl_decoder                 0                 0            104896            901992 Child1/fullStats.post.log
                            rl_dispatch                 0                 0            104885            901992 Child5/fullStats.post.log
                                 rl_dmp                 0                 0            104893            901992 Child5/fullStats.post.log
                             rl_dmp_amo                 0                 0            105260            901992 Child7/fullStats.post.log
                             rl_dmp_csr                 0                 0            105155            901992 Child3/fullStats.post.log
                             rl_dmp_cwb                 0                 0            104850            901992 Child4/fullStats.post.log
                            rl_dmp_dccm                 0                 0            105288            901992 Child7/fullStats.post.log
                rl_dmp_dccm_ecc_decoder                 0                 0            105155            901992 Child3/fullStats.post.log
                rl_dmp_dccm_ecc_encoder                 0                 0            105286            901992 Child7/fullStats.post.log
                rl_dmp_dccm_ibp_wrapper                 0                 0            104943            901992 Child6/fullStats.post.log
               rl_dmp_ecc_store_aligner                 0                 0            104885            901992 Child5/fullStats.post.log
                    rl_dmp_load_aligner                 0                 0            104885            901992 Child5/fullStats.post.log
                             rl_dmp_lsq                 0                 0            104896            901992 Child1/fullStats.post.log
                    rl_dmp_lsq_cmd_port                 0                 0            104895            901992 Child2/fullStats.post.log
                        rl_dmp_lsq_fifo                 0                 0            104933            901992 Child4/fullStats.post.log
                   rl_dmp_store_aligner                 0                 0            104545            901992 Child0/fullStats.post.log
                             rl_ecc_cnt                 0                 0            104893            901992 Child5/fullStats.post.log
                                rl_epmp                 0                 0            104933            901992 Child4/fullStats.post.log
                                 rl_exu                 0                 0            104896            901992 Child1/fullStats.post.log
                            rl_halt_mgr                 0                 0            105155            901992 Child3/fullStats.post.log
                                 rl_hpm                 0                 0            105154            901992 Child3/fullStats.post.log
                             rl_ibp2ahb                 0                 0            104893            901992 Child5/fullStats.post.log
                            rl_ibp2mmio                 0                 0            104933            901992 Child4/fullStats.post.log
                  rl_ibp_target_wrapper                 0                 0            104897            901992 Child1/fullStats.post.log
                                rl_iesb                 0                 0            104850            901992 Child4/fullStats.post.log
                                 rl_ifu                 0                 0            104935            901992 Child6/fullStats.post.log
                           rl_ifu_align                 0                 0            104515            901992 Child0/fullStats.post.log
                         rl_ifu_fetcher                 0                 0            104515            901992 Child0/fullStats.post.log
                          rl_ifu_icache                 0                 0            105274            901992 Child7/fullStats.post.log
                      rl_ifu_icache_ctl                 0                 0            104883            901992 Child5/fullStats.post.log
                       rl_ifu_icache_rf                 0                 0            105155            901992 Child3/fullStats.post.log
                            rl_ifu_iccm                 0                 0            104935            901992 Child6/fullStats.post.log
                        rl_ifu_iccm_csr                 0                 0            104881            901992 Child5/fullStats.post.log
                         rl_ifu_id_ctrl                 0                 0            104850            901992 Child4/fullStats.post.log
                          rl_logic_unit                 0                 0            105155            901992 Child3/fullStats.post.log
                             rl_maskgen                 0                 0            104935            901992 Child6/fullStats.post.log
                        rl_mmio_ahb2ibp                 0                 0            104943            901992 Child6/fullStats.post.log
                                 rl_mpy                 0                 0            105274            901992 Child7/fullStats.post.log
                     rl_parity_chk_0000                 0                 0            105288            901992 Child7/fullStats.post.log
                     rl_parity_chk_0001                 0                 0            104545            901992 Child0/fullStats.post.log
                     rl_parity_chk_0002                 0                 0            105010            901992 Child2/fullStats.post.log
                rl_parity_chk_0002_0000                 0                 0            104933            901992 Child4/fullStats.post.log
                rl_parity_chk_0002_0001                 0                 0            104897            901992 Child1/fullStats.post.log
                rl_parity_chk_0002_0002                 0                 0            105288            901992 Child7/fullStats.post.log
                rl_parity_chk_0002_0003                 0                 0            104545            901992 Child0/fullStats.post.log
                     rl_parity_gen_0000                 0                 0            105288            901992 Child7/fullStats.post.log
                rl_parity_gen_0000_0000                 0                 0            104943            901992 Child6/fullStats.post.log
                rl_parity_gen_0000_0001                 0                 0            105155            901992 Child3/fullStats.post.log
                rl_parity_gen_0000_0002                 0                 0            104933            901992 Child4/fullStats.post.log
                rl_parity_gen_0000_0003                 0                 0            104897            901992 Child1/fullStats.post.log
                     rl_parity_gen_0001                 0                 0            105010            901992 Child2/fullStats.post.log
                     rl_parity_gen_0002                 0                 0            105155            901992 Child3/fullStats.post.log
                         rl_per_ibp2ahb                 0                 0            104943            901992 Child6/fullStats.post.log
                           rl_pipe_ctrl                 0                 0            104896            901992 Child1/fullStats.post.log
                                 rl_pma                 0                 0            105288            901992 Child7/fullStats.post.log
                             rl_pma_hit                 0                 0            105288            901992 Child7/fullStats.post.log
                                 rl_pmp                 0                 0            104545            901992 Child0/fullStats.post.log
                             rl_pmp_hit                 0                 0            105288            901992 Child7/fullStats.post.log
                          rl_predecoder                 0                 0            105155            901992 Child3/fullStats.post.log
                             rl_ras_top                 0                 0            104545            901992 Child0/fullStats.post.log
                             rl_regfile                 0                 0            104850            901992 Child4/fullStats.post.log
                          rl_reset_ctrl                 0                 0            105260            901992 Child7/fullStats.post.log
                    rl_reset_ctrl_synch                 0                 0            105260            901992 Child7/fullStats.post.log
                     rl_reset_ctrl_wrap                 0                 0            104504            901992 Child0/fullStats.post.log
                          rl_result_bus                 0                 0            104885            901992 Child5/fullStats.post.log
                            rl_sfty_csr                 0                 0            104897            901992 Child1/fullStats.post.log
          rl_sfty_ibp_tgt_e2e_wrap_0000                 0                 0            105010            901992 Child2/fullStats.post.log
                   rl_sfty_mnt_err_aggr                 0                 0            104897            901992 Child1/fullStats.post.log
                  rl_sfty_mnt_reg_agent                 0                 0            104545            901992 Child0/fullStats.post.log
                        rl_shifter_0000                 0                 0            105155            901992 Child3/fullStats.post.log
                         rl_simple_fifo                 0                 0            104868            901992 Child4/fullStats.post.log
                      rl_soft_reset_aux                 0                 0            104933            901992 Child4/fullStats.post.log
                             rl_special                 0                 0            104891            901992 Child2/fullStats.post.log
                               rl_srams                 0                 0            104897            901992 Child1/fullStats.post.log
                                rl_trap                 0                 0            104895            901992 Child2/fullStats.post.log
                            rl_triggers                 0                 0            105010            901992 Child2/fullStats.post.log
                        rl_triggers_iso                 0                 0            104943            901992 Child6/fullStats.post.log
                             rl_uop_seq                 0                 0            104896            901992 Child1/fullStats.post.log
                          rl_wtree_32x4                 0                 0            104935            901992 Child6/fullStats.post.log
                       rl_wtree_comp222                 0                 0            104935            901992 Child6/fullStats.post.log
                       rl_wtree_comp302                 0                 0            105274            901992 Child7/fullStats.post.log
                       rl_wtree_comp312                 0                 0            105155            901992 Child3/fullStats.post.log
                       rl_wtree_comp402                 0                 0            104515            901992 Child0/fullStats.post.log
                       rl_wtree_comp432                 0                 0            104885            901992 Child5/fullStats.post.log
                       rl_wtree_comp522                 0                 0            104890            901992 Child2/fullStats.post.log
                       rl_wtree_comp612                 0                 0            104850            901992 Child4/fullStats.post.log
                       rl_wtree_comp622                 0                 0            104896            901992 Child1/fullStats.post.log
                        rtlClockControl                 0                 0                 0                 0 
                        safety_iso_sync                 0                 0            105154            901992 Child3/fullStats.post.log
       sfty_dmsi_down_tgt_e2e_wrap_0000                 0                 0            105288            901992 Child7/fullStats.post.log
             sfty_ibp_ini_e2e_wrap_0000                 0                 0            105155            901992 Child3/fullStats.post.log
                          simple_parity                 0                 0            104929            901992 Child6/fullStats.post.log
                     simple_parity_0000                 0                 0            104850            901992 Child4/fullStats.post.log
                       single_bit_syncP                 0                 0            105154            901992 Child3/fullStats.post.log
                       sr_err_aggr_0000                 0                 0            104933            901992 Child4/fullStats.post.log
                  sr_err_aggr_0000_0000                 0                 0            104893            901992 Child5/fullStats.post.log
                  sr_err_aggr_0000_0001                 0                 0            104545            901992 Child0/fullStats.post.log
                  sr_err_aggr_0000_0002                 0                 0            105288            901992 Child7/fullStats.post.log
                  sr_err_aggr_0000_0003                 0                 0            105288            901992 Child7/fullStats.post.log
              xtor_amba_master_axi3_svs                 0                 0            105256            901992 Child7/fullStats.post.log
                       xtor_t32Jtag_svs                 0                 0            104919            901992 Child5/fullStats.post.log
                      zceiMessageInPort                 0                 0                 0                 0 
                    zceiMessageInPort_1                 0                 0                 0                 0 
                  zceiMessageInPort_150                 0                 0                 0                 0 
                  zceiMessageInPort_160                 0                 0                 0                 0 
                    zceiMessageInPort_2                 0                 0                 0                 0 
                 zceiMessageInPort_2516                 0                 0                 0                 0 
                   zceiMessageInPort_35                 0                 0                 0                 0 
                    zceiMessageInPort_6                 0                 0                 0                 0 
                   zceiMessageInPort_64                 0                 0                 0                 0 
                     zceiMessageOutPort                 0                 0                 0                 0 
                   zceiMessageOutPort_1                 0                 0                 0                 0 
                 zceiMessageOutPort_128                 0                 0                 0                 0 
                   zceiMessageOutPort_2                 0                 0                 0                 0 
                   zceiMessageOutPort_3                 0                 0                 0                 0 
                  zceiMessageOutPort_33                 0                 0                 0                 0 
                zceiMessageOutPort_4096                 0                 0                 0                 0 
                 zceiMessageOutPort_544                 0                 0                 0                 0 
                  zceiMessageOutPort_64                 0                 0                 0                 0 
                 zceiMessageOutPort_640                 0                 0                 0                 0 
                  zceiMessageOutPort_65                 0                 0                 0                 0 
                   zceiMessageOutPort_8                 0                 0                 0                 0 
                            zceiTrigger                 0                 0                 0                 0 
                          zebu_axi_xtor                 0                 0            104794            901992 Child4/fullStats.post.log
                      zebu_bb_add_zview                 0                 0                 0                 0 
               zebu_bb_async_reset_cond                 0                 0                 0                 0 
              zebu_bb_clockDelayPort_24                 0                 0                 0                 0 
   zebu_bb_dpi_mcp_fake_edge_detector_2                 0                 0                 0                 0 
                  zebu_bb_edge_detector                 0                 0                 0                 0 
      zebu_bb_front_ed_clk_edge_P_1_U_1                 0                 0                 0                 0 
                         zebu_bb_gdelay                 0                 0                 0                 0 
         zebu_bb_mcp_fake_edge_detector                 0                 0                 0                 0 
                        zebu_bb_mem_sco                 0                 0                 0                 0 
          zebu_bb_sample_clk_uncond_1_1                 0                 0                 0                 0 
         zebu_bb_sample_clk_uncond_24_1                 0                 0                 0                 0 
         zebu_bb_sample_clk_uncond_32_1                 0                 0                 0                 0 
         zebu_bb_sample_clk_uncond_64_1                 0                 0                 0                 0 
         zebu_bb_sample_clk_uncond_66_1                 0                 0                 0                 0 
          zebu_bb_sample_clk_uncond_7_1                 0                 0                 0                 0 
  zebu_bb_sample_clk_uncond_sample_12_1                 0                 0                 0                 0 
   zebu_bb_sample_clk_uncond_sample_1_1                 0                 0                 0                 0 
   zebu_bb_sample_clk_uncond_sample_2_1                 0                 0                 0                 0 
   zebu_bb_sample_clk_uncond_sample_4_1                 0                 0                 0                 0 
   zebu_bb_sample_clk_uncond_sample_5_1                 0                 0                 0                 0 
  zebu_bb_sample_clk_uncond_sample_64_1                 0                 0                 0                 0 
            zebu_bb_stop_driver_clock_2                 0                 0                 0                 0 
                    zebu_bb_ts_cur_time                 0                 0                 0                 0 
          zebu_reqsig_clock_driverclock                 0                 0                 0                 0 
                      zebu_time_capture                 0                 0            104953            901992 Child6/fullStats.post.log
                               zebu_top                 0                 0            104516            901992 Child0/fullStats.post.log
             zebu_ts_orion_tick_clk_mod                 0                 0            105166            901992 Child3/fullStats.post.log
           zemi3OutPortArbiter_2_608_op                 0                 0            104929            901992 Child6/fullStats.post.log
            zemi3OutPortArbiter_2_96_op                 0                 0            104504            901992 Child0/fullStats.post.log
         zemi3OutPortBuffer_169_4096_24                 0                 0            105022            901992 Child2/fullStats.post.log
                           zz_Encrypt_1                 0                 0            104918            901992 Child1/fullStats.post.log
                           zz_Encrypt_2                 0                 0            104504            901992 Child0/fullStats.post.log
                           zz_Encrypt_3                 0                 0            104504            901992 Child0/fullStats.post.log
                           zz_Encrypt_4                 0                 0            105154            901992 Child3/fullStats.post.log
                           zz_Encrypt_5                 0                 0            104883            901992 Child2/fullStats.post.log
                           zz_Encrypt_6                 0                 0            104896            901992 Child1/fullStats.post.log
