
                                    ZeBu (R)
                                 zEquiGenerator

            Version S-2021.09-T-20240508 for linux64 - May 08, 2024 

                    Copyright (c) 2002 - 2024 Synopsys, Inc.
   This software and the associated documentation are proprietary to Synopsys,
 Inc. This software may only be used in accordance with the terms and conditions
 of a written license agreement with Synopsys, Inc. All other use, reproduction,
   or distribution of this software is strictly prohibited.  Licensed Products
     communicate with Synopsys servers for the purpose of providing software
    updates, detecting software piracy and verifying that customers are using
    Licensed Products in conformity with the applicable License Key for such
  Licensed Products. Synopsys will use information gathered in connection with
    this process to deliver software updates and pursue software pirates and
                                   infringers.

 Inclusivity & Diversity - Visit SolvNetPlus to read the "Synopsys Statement on
            Inclusivity and Diversity" (Refer to article 000036315 at
                        https://solvnetplus.synopsys.com)

# zEquiGenerator -l backend_default_Zrdb_Equi.log -i tools/zDB/zTopBuild_equi.edf.gz 

# start time is Wed May 14 18:59:04 2025




# Build Date : May  7 2024 - 21:33:08
# ---------------------------System Context--------------------------- 
# Cpu        30 x bogomips - 5000.00 INTEL(R) XEON(R) GOLD 6548Y+
#            Load: 3.91 5.90 5.84 5/851 923567
#            Hostname: us01zebu-4587-002   OS: Linux 4.18.0-425.3.1.el8.x86_64
# Memory     Total: 987467 MB Free: 897308 MB
#            Swap space: 104447 MB Free Swap space: 102414 MB
#            VmSize: 149 MB VmPeak: 149 MB
# Disk Space Total: 5000 GB Available: 553 GB Used: 4447 GB
#            Free inodes: 11741378
# Stack                                Soft Limit           Hard Limit  
#            Max stack size            unlimited            unlimited            bytes     
# -------------------------------------------------------------------- 


#   step ZRDB : 
# begin time is Wed May 14 18:59:04 2025

# zEquiGenerator -l backend_default_Zrdb_Equi.log -i tools/zDB/zTopBuild_equi.edf.gz

#   step ZRDB : Using 30 threads (maximum is 30).
#   step RDB : Run the Equi Builder...
#   exec summary : Total memory: 152780 kB - RSS memory: 94072 kB - Data memory: 84996 kB
#   step RDB : Netlist loading...
#   step EDIF LOADER : reading EDIF file '/slowfs/us01dwslow023/fpga/lianghao/zebu_install/ZEBU/VCS2021.09.2.ZEBU.B4/07052024/INSTALL/ZEBU/zebu/S-2021.09-2-TZ-20240507_Full64/etc/libXilinx.edif.gz'
#   step RDB : Netlist loaded
#   step RDB : Netlist loaded in 1.1 s
#   exec summary : Total memory: 768452 kB - RSS memory: 473704 kB - Data memory: 473736 kB
#   step DATABASE : Referencing nodes (top instances)
#   step DATABASE : 1 nodes referenced in 0 seconds. Total of 0 referenced nodes.
#   exec summary : Total memory: 769476 kB - RSS memory: 474888 kB - Data memory: 474760 kB
#   step WB : Initializing whiteboard
#   step WB : Starting
#   step Building WB : Starting
#   step Building WB : Done in     elapsed:0.4 s    user:0.8 s    system:0.1 s     %cpu:278.35       load:3.91       fm:896008 m      vm:870 m     vm:+119 m      um:465 m       um:+2 m
#   step WB : Done in     elapsed:0.6 s   user:0.25 s    system:0.2 s     %cpu:519.23       load:3.91       fm:895985 m     vm:1382 m     vm:+631 m      um:477 m      um:+14 m
#   exec summary : Total memory: 1415732 kB - RSS memory: 488528 kB - Data memory: 1120904 kB
#   step HW : Starting
#   step HW : Done in       elapsed:0 s      user:0 s      system:0 s       %cpu:0.00       load:3.91       fm:895985 m     vm:1382 m       vm:+0 m      um:477 m       um:+0 m
#   step RDB : Whiteboard build in 0.1 s - 868276 instances, 1102491 wires
#   exec summary : Total memory: 1415732 kB - RSS memory: 488528 kB - Data memory: 1120904 kB
#   exec summary : Total memory: 1422516 kB - RSS memory: 496488 kB - Data memory: 1127688 kB
#   step RDB : Get System modules...
#   step RDB : System modules identified in 0.0 s
#   exec summary : Total memory: 1422516 kB - RSS memory: 496488 kB - Data memory: 1127688 kB
#   step RDB : Explore hierarchicaly the modules from the top module 'zebu_top' to down
### warning in GateMapping [GTMP0003W] : Unknown simulation macro 'zebu_force_inject_lib/zebu_force_inject_undriven'.
................................................### warning in GateMapping [GTMP0003W] : Unknown simulation macro 'lib_run_man/ts_runman2_24'.
.............### warning in GateMapping [GTMP0003W] : Unknown simulation macro 'lib_driver_boxes/rtlClockControl'.
### warning in GateMapping [GTMP0003W] : Unknown simulation macro 'lib_driver_boxes/zebu_bb_ts_rtl_clock'.
...................











#   step RDB : Modules explored in 1.1 s
#   exec summary : Total memory: 1490036 kB - RSS memory: 572768 kB - Data memory: 1195208 kB
#   step stat : ----------------------------------------------------------------------
#   step stat : All gates Mapped in 0.0 s
#   step stat : ----------------------------------------------------------------------
#   step RDB : Equi Builder finished
#   step RDB : Equi built in 2.3 s
#   step DATABASE : Saving database to path './nofpga/zrdb'
#   step DB LOAD : Loading names
#   step DB LOAD : Names loaded in 0 seconds
#   step DATABASE : Time stamp of the generated database is Wed May 14 18:59:07 2025
#   step DICTIONARY : Indexing database names
#   step DICTIONARY : Adjusted to 32768 names per chunk
#   step DICTIONARY : Saving 328815 dictionary entries
#   step FILE : Opening file './nofpga/zrdb/dictionary/names.zrdb' in write mode
#   step FILE : Opening file './nofpga/zrdb/dictionary/0/0.zrdb' in write mode
#   step DICTIONARY : Chunk 0 contains 32768 dictionary entries
#   step FILE : Opening file './nofpga/zrdb/dictionary/0/1.zrdb' in write mode
#   step DICTIONARY : Chunk 1 contains 32768 dictionary entries
#   step FILE : Opening file './nofpga/zrdb/dictionary/0/2.zrdb' in write mode
#   step DICTIONARY : Chunk 2 contains 32768 dictionary entries
#   step FILE : Opening file './nofpga/zrdb/dictionary/0/3.zrdb' in write mode
#   step DICTIONARY : Chunk 3 contains 32768 dictionary entries
#   step FILE : Opening file './nofpga/zrdb/dictionary/0/4.zrdb' in write mode
#   step DICTIONARY : Chunk 4 contains 32768 dictionary entries
#   step FILE : Opening file './nofpga/zrdb/dictionary/0/5.zrdb' in write mode
#   step DICTIONARY : Chunk 5 contains 32768 dictionary entries
#   step FILE : Opening file './nofpga/zrdb/dictionary/0/6.zrdb' in write mode
#   step DICTIONARY : Chunk 6 contains 32768 dictionary entries
#   step FILE : Opening file './nofpga/zrdb/dictionary/0/7.zrdb' in write mode
#   step DICTIONARY : Chunk 7 contains 32768 dictionary entries
#   step FILE : Opening file './nofpga/zrdb/dictionary/0/8.zrdb' in write mode
#   step DICTIONARY : Chunk 8 contains 32768 dictionary entries
#   step FILE : Opening file './nofpga/zrdb/dictionary/0/9.zrdb' in write mode
#   step DICTIONARY : Chunk 9 contains 32768 dictionary entries
#   step FILE : Opening file './nofpga/zrdb/dictionary/0/10.zrdb' in write mode
#   step DICTIONARY : Chunk 10 contains 1135 dictionary entries
#   step DICTIONARY : Saved 328815 dictionary entries in 0 seconds
#   step FILE : Opening file './nofpga/zrdb/coords.zrdb' in write mode
#   step DB SAVE : Saving coordinates to file './nofpga/zrdb/coords.zrdb'
#   step COORDS : Serializing coordinates table : start
#   step COORDS : Serializing coordinates table : finished in 0 seconds
#   step DB SAVE : Saving memories to file './nofpga/zrdb/mems.zrdb'
#   step MEMS : Saving memories to file './nofpga/zrdb/mems.zrdb'
#   step MEMS : Serializing memories table : start
#   step FILE : Opening file './nofpga/zrdb/mems.zrdb' in write mode
#   step MEMS : Updating indexes
#   step MEMS : Serializing memories table : finished in 0 seconds
#   step MEMS : Memories saved
#   step DB SAVE : Saving stamp in file './nofpga/zrdb/stamp.zrdb'
#   step FILE : Opening file './nofpga/zrdb/stamp.zrdb' in write mode
#   step DB SAVE : Stamp saved
#   step FILE : Opening file './nofpga/zrdb/zrdb.xref' in write mode
#   step ZTREEDB : Serializing tree in file ./nofpga/zrdb/tree.zrdb.
#   step FILE : Opening file './nofpga/zrdb/tree.zrdb' in write mode
#   step TREE : Serializing database
#   step TREE : Serializing Chips ...
#   step TREE : Serializing tree : start
#   step TREE : Serializing tree : done in 0 seconds
#   step TREE : Serializing database : done in 0 seconds
#   step DATABASE : Closing tree
#   step DATABASE : Whole database saved in 1 seconds
#   step EQUI DB : Saving equi database to path './nofpga/zrdb'
#   step EQUI DB : Finishing load
#   step EQUI DB : Nothing to load
#   step EQUI DB : Saving to path './nofpga/zrdb'
#   step EQUI DB : Opening file 1/8 : './nofpga/zrdb/0_equis.zrdb'
#   step FILE : Opening file './nofpga/zrdb/0_equis.zrdb' in write mode
#   step EQUI DB : Opening file 2/8 : './nofpga/zrdb/1_equis.zrdb'
#   step FILE : Opening file './nofpga/zrdb/1_equis.zrdb' in write mode
#   step EQUI DB : Opening file 3/8 : './nofpga/zrdb/2_equis.zrdb'
#   step FILE : Opening file './nofpga/zrdb/2_equis.zrdb' in write mode
#   step EQUI DB : Opening file 4/8 : './nofpga/zrdb/3_equis.zrdb'
#   step FILE : Opening file './nofpga/zrdb/3_equis.zrdb' in write mode
#   step EQUI DB : Opening file 5/8 : './nofpga/zrdb/4_equis.zrdb'
#   step FILE : Opening file './nofpga/zrdb/4_equis.zrdb' in write mode
#   step EQUI DB : Opening file 6/8 : './nofpga/zrdb/5_equis.zrdb'
#   step FILE : Opening file './nofpga/zrdb/5_equis.zrdb' in write mode
#   step EQUI DB : Opening file 7/8 : './nofpga/zrdb/6_equis.zrdb'
#   step FILE : Opening file './nofpga/zrdb/6_equis.zrdb' in write mode
#   step EQUI DB : Opening file 8/8 : './nofpga/zrdb/7_equis.zrdb'
#   step FILE : Opening file './nofpga/zrdb/7_equis.zrdb' in write mode
#   step DB : Writing index for './nofpga/zrdb/0_equis.zrdb' (234 entries)
#   step DB : Writing index for './nofpga/zrdb/4_equis.zrdb' (248 entries)
#   step DB : Writing index for './nofpga/zrdb/3_equis.zrdb' (251 entries)
#   step DB : Writing index for './nofpga/zrdb/6_equis.zrdb' (232 entries)
#   step DB : Wrote index for './nofpga/zrdb/4_equis.zrdb' in 0 seconds
#   step DB : Wrote index for './nofpga/zrdb/3_equis.zrdb' in 0 seconds
#   step DB : Wrote index for './nofpga/zrdb/6_equis.zrdb' in 0 seconds
#   step DB : Writing index for './nofpga/zrdb/7_equis.zrdb' (235 entries)
#   step DB : Wrote index for './nofpga/zrdb/7_equis.zrdb' in 0 seconds
#   step DB : Writing index for './nofpga/zrdb/5_equis.zrdb' (240 entries)
#   step DB : Wrote index for './nofpga/zrdb/5_equis.zrdb' in 0 seconds
#   step DB : Writing index for './nofpga/zrdb/1_equis.zrdb' (257 entries)
#   step DB : Wrote index for './nofpga/zrdb/1_equis.zrdb' in 0 seconds
#   step DB : Writing index for './nofpga/zrdb/2_equis.zrdb' (223 entries)
#   step DB : Wrote index for './nofpga/zrdb/2_equis.zrdb' in 0 seconds
#   step DB : Wrote index for './nofpga/zrdb/0_equis.zrdb' in 0 seconds
#   step DB : Database './nofpga/zrdb/4_equis.zrdb' closed
#   step DB : Database './nofpga/zrdb/3_equis.zrdb' closed
#   step DB : Database './nofpga/zrdb/6_equis.zrdb' closed
#   step DB : Database './nofpga/zrdb/7_equis.zrdb' closed
#   step DB : Database './nofpga/zrdb/5_equis.zrdb' closed
#   step DB : Database './nofpga/zrdb/2_equis.zrdb' closed
#   step DB : Database './nofpga/zrdb/1_equis.zrdb' closed
#   step DB : Database './nofpga/zrdb/0_equis.zrdb' closed
#   step EQUI DB : Serialized 529579 entries in 0 seconds
#   step DB : Closing database
#   step ZTREEDB : Closing auxillary signal databases
#   step ZTREEDB : Closed auxillary signal databases : 0 seconds
#   step ZTREEDB : Freeing allocated memory
#   step ZTREEDB : Freed allocated memory : 0 seconds
#   step DB : Closed database : 0 seconds
#   exec summary : Total memory: 1519676 kB - RSS memory: 600108 kB - Data memory: 1224848 kB
#   step browsing : Total approximate work time is 4.15 s

#   exec summary :    4 warnings,    0 syntax errors,    0 fatal errors,    0 internal errors
#   exec summary : wall clock 0m4s, user 0m19.490s, sys 0m7.559s
#   exec summary : Total memory: 1519676 kB - RSS memory: 600108 kB - Data memory: 1224848 kB
#   exec summary : Successful execution

# end time is Wed May 14 18:59:08 2025
