5 0 0
11 1 0
20 0 0
27 0 0
36 0 0
44 0 0
48 0 0
56 0 0
66 0 0
76 0 0
83 0 0
92 0 0
97 0 0
105 0 0
111 0 0
119 0 0
127 0 0
137 0 0
147 0 0
156 0 0
159 0 0
162 0 0
169 0 0
178 0 0
180 0 0
187 0 0
195 0 0
197 0 0
210 0 0
214 0 0
224 0 0
233 0 0
242 0 0
251 0 0
258 0 0
265 0 0
273 0 0
281 0 0
288 0 0
289 0 0
296 0 0
302 0 0
308 0 0
315 0 0
323 0 0
332 0 0
334 0 0
335 0 0
337 0 0
351 0 0
359 0 0
368 0 0
379 0 0
387 0 0
395 0 0
405 0 0
414 1 0
424 0 0
432 0 0
439 0 0
446 0 0
453 0 0
462 0 0
463 0 0
474 0 0
484 0 0
492 0 0
502 0 0
517 0 0
526 0 0
533 0 0
541 0 0
549 0 0
557 0 0
565 0 0
-1 0 0
-4 0 0
