
Processing alb_mss_fab_fifo_0001
before constantPropagate: 0.01u 0.01s 111053e 906544kB
after constantPropagate: 0.01u 0.01s 111053e 906544kB
before removeUnusedSignals circuit: 0.01u 0.01s 111053e 906544kB
after removeUnusedSignals circuit: 0.01u 0.01s 111053e 906544kB
before optimize latch enable: 0.01u 0.01s 111053e 906544kB
after optimize latch enable: 0.01u 0.01s 111053e 906544kB
before removeReadAfterMissingWrite: 0.01u 0.01s 111053e 906544kB
after removeReadAfterMissingWrite: 0.01u 0.01s 111053e 906544kB
before undoDimensionalSplitOfMemories: 0.01u 0.01s 111053e 906544kB
after undoDimensionalSplitOfMemories: 0.01u 0.01s 111053e 906544kB
before extractMemories: 0.01u 0.01s 111053e 906544kB
after extractMemories: 0.01u 0.01s 111053e 906544kB
before extractHolds: 0.01u 0.01s 111053e 906544kB
after extractHolds: 0.01u 0.01s 111053e 906544kB
before simplifyAdders: 0.01u 0.01s 111053e 906544kB
after simplifyAdders: 0.01u 0.01s 111053e 906544kB
before optimizeLessThan: 0.01u 0.01s 111053e 906544kB
after optimizeLessThan: 0.01u 0.01s 111053e 906544kB
before reportUnresolvedType: 0.01u 0.01s 111053e 906544kB
after reportUnresolvedType: 0.01u 0.01s 111053e 906544kB
before dumpingPerModuleScm : 0.01u 0.01s 111053e 906544kB
after dumpingPerModuleScm : 0.01u 0.01s 111053e 906544kB

Processing alb_mss_fab_fifo_0002
before constantPropagate: 0.01u 0.01s 111053e 906544kB
after constantPropagate: 0.01u 0.01s 111053e 906544kB
before removeUnusedSignals circuit: 0.01u 0.01s 111053e 906544kB
after removeUnusedSignals circuit: 0.01u 0.01s 111053e 906544kB
before optimize latch enable: 0.01u 0.01s 111053e 906544kB
after optimize latch enable: 0.01u 0.01s 111053e 906544kB
before removeReadAfterMissingWrite: 0.01u 0.01s 111053e 906544kB
after removeReadAfterMissingWrite: 0.01u 0.01s 111053e 906544kB
before undoDimensionalSplitOfMemories: 0.01u 0.01s 111053e 906544kB
after undoDimensionalSplitOfMemories: 0.01u 0.01s 111053e 906544kB
before extractMemories: 0.01u 0.01s 111053e 906544kB
after extractMemories: 0.01u 0.01s 111053e 906544kB
before extractHolds: 0.01u 0.01s 111053e 906544kB
after extractHolds: 0.01u 0.01s 111039e 906544kB
before simplifyAdders: 0.01u 0.01s 111039e 906544kB
after simplifyAdders: 0.01u 0.01s 111039e 906544kB
before optimizeLessThan: 0.01u 0.01s 111039e 906544kB
after optimizeLessThan: 0.01u 0.01s 111039e 906544kB
before reportUnresolvedType: 0.01u 0.01s 111039e 906544kB
after reportUnresolvedType: 0.01u 0.01s 111039e 906544kB
before dumpingPerModuleScm : 0.01u 0.01s 111039e 906544kB
after dumpingPerModuleScm : 0.01u 0.01s 111039e 906544kB

Processing alb_mss_fab_ibp2pack
before constantPropagate: 0.01u 0.01s 111039e 906544kB
after constantPropagate: 0.01u 0.01s 111039e 906544kB
before removeUnusedSignals circuit: 0.01u 0.01s 111039e 906544kB
after removeUnusedSignals circuit: 0.01u 0.01s 111039e 906544kB
before optimize latch enable: 0.01u 0.01s 111039e 906544kB
after optimize latch enable: 0.01u 0.01s 111039e 906544kB
before removeReadAfterMissingWrite: 0.01u 0.01s 111039e 906544kB
after removeReadAfterMissingWrite: 0.01u 0.01s 111039e 906544kB
before undoDimensionalSplitOfMemories: 0.01u 0.01s 111039e 906544kB
after undoDimensionalSplitOfMemories: 0.01u 0.01s 111039e 906544kB
before extractMemories: 0.01u 0.01s 111039e 906544kB
after extractMemories: 0.01u 0.01s 111039e 906544kB
before extractHolds: 0.01u 0.01s 111039e 906544kB
after extractHolds: 0.01u 0.01s 111039e 906544kB
before simplifyAdders: 0.01u 0.01s 111039e 906544kB
after simplifyAdders: 0.01u 0.01s 111039e 906544kB
before optimizeLessThan: 0.01u 0.01s 111039e 906544kB
after optimizeLessThan: 0.01u 0.01s 111039e 906544kB
before reportUnresolvedType: 0.01u 0.01s 111039e 906544kB
after reportUnresolvedType: 0.01u 0.01s 111039e 906544kB
before dumpingPerModuleScm : 0.01u 0.01s 111039e 906544kB
after dumpingPerModuleScm : 0.01u 0.01s 111039e 906544kB

Processing alb_mss_fab_fifo_0000_0007
before constantPropagate: 0.01u 0.01s 111039e 906544kB
after constantPropagate: 0.01u 0.01s 111039e 906544kB
before removeUnusedSignals circuit: 0.01u 0.01s 111039e 906544kB
after removeUnusedSignals circuit: 0.01u 0.01s 111039e 906544kB
before optimize latch enable: 0.01u 0.01s 111039e 906544kB
after optimize latch enable: 0.01u 0.01s 111039e 906544kB
before removeReadAfterMissingWrite: 0.01u 0.01s 111039e 906544kB
after removeReadAfterMissingWrite: 0.01u 0.01s 111039e 906544kB
before undoDimensionalSplitOfMemories: 0.01u 0.01s 111039e 906544kB
after undoDimensionalSplitOfMemories: 0.01u 0.01s 111039e 906544kB
before extractMemories: 0.01u 0.01s 111039e 906544kB
after extractMemories: 0.01u 0.01s 111039e 906544kB
before extractHolds: 0.01u 0.01s 111039e 906544kB
after extractHolds: 0.01u 0.01s 111041e 906544kB
before simplifyAdders: 0.01u 0.01s 111041e 906544kB
after simplifyAdders: 0.01u 0.01s 111041e 906544kB
before optimizeLessThan: 0.01u 0.01s 111041e 906544kB
after optimizeLessThan: 0.01u 0.01s 111041e 906544kB
before reportUnresolvedType: 0.01u 0.01s 111041e 906544kB
after reportUnresolvedType: 0.01u 0.01s 111041e 906544kB
before dumpingPerModuleScm : 0.01u 0.01s 111041e 906544kB
after dumpingPerModuleScm : 0.01u 0.01s 111041e 906544kB

Processing alb_mss_fab_ibp_buffer_0000_0001
before constantPropagate: 0.01u 0.01s 111041e 906544kB
after constantPropagate: 0.01u 0.01s 111041e 906544kB
before removeUnusedSignals circuit: 0.01u 0.01s 111041e 906544kB
after removeUnusedSignals circuit: 0.01u 0.01s 111041e 906544kB
before optimize latch enable: 0.02u 0.01s 111041e 906544kB
after optimize latch enable: 0.02u 0.01s 111041e 906544kB
before removeReadAfterMissingWrite: 0.02u 0.01s 111041e 906544kB
after removeReadAfterMissingWrite: 0.02u 0.01s 111041e 906544kB
before undoDimensionalSplitOfMemories: 0.02u 0.01s 111041e 906544kB
after undoDimensionalSplitOfMemories: 0.02u 0.01s 111041e 906544kB
before extractMemories: 0.02u 0.01s 111041e 906544kB
after extractMemories: 0.02u 0.01s 111041e 906544kB
before extractHolds: 0.02u 0.01s 111041e 906544kB
after extractHolds: 0.02u 0.01s 111041e 906544kB
before simplifyAdders: 0.02u 0.01s 111041e 906544kB
after simplifyAdders: 0.02u 0.01s 111041e 906544kB
before optimizeLessThan: 0.02u 0.01s 111041e 906544kB
after optimizeLessThan: 0.02u 0.01s 111041e 906544kB
before reportUnresolvedType: 0.02u 0.01s 111041e 906544kB
after reportUnresolvedType: 0.02u 0.01s 111041e 906544kB
before dumpingPerModuleScm : 0.02u 0.01s 111041e 906544kB
after dumpingPerModuleScm : 0.02u 0.01s 111041e 906544kB

Processing alb_mss_fab_bus_lat_0000_0000
before constantPropagate: 0.02u 0.01s 111041e 906544kB
after constantPropagate: 0.02u 0.01s 111041e 906544kB
before removeUnusedSignals circuit: 0.02u 0.01s 111041e 906544kB
after removeUnusedSignals circuit: 0.02u 0.01s 111041e 906544kB
before optimize latch enable: 0.02u 0.01s 111041e 906544kB
after optimize latch enable: 0.02u 0.01s 111041e 906544kB
before removeReadAfterMissingWrite: 0.02u 0.01s 111041e 906544kB
after removeReadAfterMissingWrite: 0.02u 0.01s 111041e 906544kB
before undoDimensionalSplitOfMemories: 0.02u 0.01s 111041e 906544kB
after undoDimensionalSplitOfMemories: 0.02u 0.01s 111041e 906544kB
before extractMemories: 0.02u 0.01s 111041e 906544kB
after extractMemories: 0.02u 0.01s 111041e 906544kB
before extractHolds: 0.02u 0.01s 111041e 906544kB
after extractHolds: 0.02u 0.01s 111052e 906544kB
before simplifyAdders: 0.02u 0.01s 111052e 906544kB
after simplifyAdders: 0.02u 0.01s 111052e 906544kB
before optimizeLessThan: 0.02u 0.01s 111052e 906544kB
after optimizeLessThan: 0.02u 0.01s 111052e 906544kB
before reportUnresolvedType: 0.02u 0.01s 111052e 906544kB
after reportUnresolvedType: 0.02u 0.01s 111052e 906544kB
before dumpingPerModuleScm : 0.02u 0.01s 111052e 906544kB
after dumpingPerModuleScm : 0.02u 0.01s 111052e 906544kB

Processing mss_bus_switch_fifo_0000_0000
before constantPropagate: 0.02u 0.01s 111052e 906544kB
after constantPropagate: 0.02u 0.01s 111052e 906544kB
before removeUnusedSignals circuit: 0.02u 0.01s 111052e 906544kB
after removeUnusedSignals circuit: 0.02u 0.01s 111052e 906544kB
before optimize latch enable: 0.02u 0.01s 111052e 906544kB
after optimize latch enable: 0.02u 0.01s 111052e 906544kB
before removeReadAfterMissingWrite: 0.02u 0.01s 111052e 906544kB
after removeReadAfterMissingWrite: 0.02u 0.01s 111052e 906544kB
before undoDimensionalSplitOfMemories: 0.02u 0.01s 111052e 906544kB
after undoDimensionalSplitOfMemories: 0.02u 0.01s 111052e 906544kB
before extractMemories: 0.02u 0.01s 111052e 906544kB
after extractMemories: 0.02u 0.01s 111052e 906544kB
before extractHolds: 0.02u 0.01s 111052e 906544kB
after extractHolds: 0.02u 0.01s 111052e 906544kB
before simplifyAdders: 0.02u 0.01s 111052e 906544kB
after simplifyAdders: 0.02u 0.01s 111052e 906544kB
before optimizeLessThan: 0.02u 0.01s 111052e 906544kB
after optimizeLessThan: 0.02u 0.01s 111052e 906544kB
before reportUnresolvedType: 0.02u 0.01s 111052e 906544kB
after reportUnresolvedType: 0.02u 0.01s 111052e 906544kB
before dumpingPerModuleScm : 0.02u 0.01s 111052e 906544kB
after dumpingPerModuleScm : 0.02u 0.01s 111052e 906544kB

Processing mss_bus_switch_slv_ibp_buffer_0001
before constantPropagate: 0.02u 0.01s 111052e 906544kB
after constantPropagate: 0.02u 0.01s 111052e 906544kB
before removeUnusedSignals circuit: 0.02u 0.01s 111052e 906544kB
after removeUnusedSignals circuit: 0.02u 0.01s 111052e 906544kB
before optimize latch enable: 0.02u 0.01s 111052e 906544kB
after optimize latch enable: 0.02u 0.01s 111052e 906544kB
before removeReadAfterMissingWrite: 0.02u 0.01s 111052e 906544kB
after removeReadAfterMissingWrite: 0.02u 0.01s 111052e 906544kB
before undoDimensionalSplitOfMemories: 0.02u 0.01s 111052e 906544kB
after undoDimensionalSplitOfMemories: 0.02u 0.01s 111052e 906544kB
before extractMemories: 0.02u 0.01s 111052e 906544kB
after extractMemories: 0.02u 0.01s 111052e 906544kB
before extractHolds: 0.02u 0.01s 111052e 906544kB
after extractHolds: 0.02u 0.01s 111052e 906544kB
before simplifyAdders: 0.02u 0.01s 111052e 906544kB
after simplifyAdders: 0.02u 0.01s 111052e 906544kB
before optimizeLessThan: 0.02u 0.01s 111052e 906544kB
after optimizeLessThan: 0.02u 0.01s 111052e 906544kB
before reportUnresolvedType: 0.02u 0.01s 111052e 906544kB
after reportUnresolvedType: 0.02u 0.01s 111052e 906544kB
before dumpingPerModuleScm : 0.02u 0.01s 111052e 906544kB
after dumpingPerModuleScm : 0.02u 0.01s 111052e 906544kB

Processing mss_bus_switch_ibp_cwbind_0000_0000
before constantPropagate: 0.03u 0.01s 111052e 906544kB
after constantPropagate: 0.03u 0.01s 111052e 906544kB
before removeUnusedSignals circuit: 0.03u 0.01s 111052e 906544kB
after removeUnusedSignals circuit: 0.03u 0.01s 111052e 906544kB
before optimize latch enable: 0.03u 0.01s 111052e 906544kB
after optimize latch enable: 0.03u 0.01s 111052e 906544kB
before removeReadAfterMissingWrite: 0.03u 0.01s 111052e 906544kB
after removeReadAfterMissingWrite: 0.03u 0.01s 111052e 906544kB
before undoDimensionalSplitOfMemories: 0.03u 0.01s 111052e 906544kB
after undoDimensionalSplitOfMemories: 0.03u 0.01s 111052e 906544kB
before extractMemories: 0.03u 0.01s 111052e 906544kB
after extractMemories: 0.03u 0.01s 111052e 906544kB
before extractHolds: 0.03u 0.01s 111052e 906544kB
after extractHolds: 0.03u 0.01s 111052e 906544kB
before simplifyAdders: 0.03u 0.01s 111052e 906544kB
after simplifyAdders: 0.03u 0.01s 111052e 906544kB
before optimizeLessThan: 0.03u 0.01s 111052e 906544kB
after optimizeLessThan: 0.03u 0.01s 111052e 906544kB
before reportUnresolvedType: 0.03u 0.01s 111052e 906544kB
after reportUnresolvedType: 0.03u 0.01s 111052e 906544kB
before dumpingPerModuleScm : 0.03u 0.01s 111052e 906544kB
after dumpingPerModuleScm : 0.03u 0.01s 111052e 906544kB

Processing mss_bus_switch_ibpx2ibpy_0001
before constantPropagate: 0.03u 0.01s 111052e 906544kB
after constantPropagate: 0.03u 0.01s 111052e 906544kB
before removeUnusedSignals circuit: 0.03u 0.01s 111052e 906544kB
after removeUnusedSignals circuit: 0.03u 0.01s 111052e 906544kB
before optimize latch enable: 0.03u 0.01s 111052e 906544kB
after optimize latch enable: 0.03u 0.01s 111052e 906544kB
before removeReadAfterMissingWrite: 0.03u 0.01s 111052e 906544kB
after removeReadAfterMissingWrite: 0.03u 0.01s 111052e 906544kB
before undoDimensionalSplitOfMemories: 0.03u 0.01s 111052e 906544kB
after undoDimensionalSplitOfMemories: 0.03u 0.01s 111052e 906544kB
before extractMemories: 0.03u 0.01s 111052e 906544kB
after extractMemories: 0.03u 0.01s 111052e 906544kB
before extractHolds: 0.03u 0.01s 111052e 906544kB
after extractHolds: 0.03u 0.01s 111052e 906544kB
before simplifyAdders: 0.03u 0.01s 111052e 906544kB
after simplifyAdders: 0.03u 0.01s 111052e 906544kB
before optimizeLessThan: 0.03u 0.01s 111052e 906544kB
after optimizeLessThan: 0.03u 0.01s 111052e 906544kB
before reportUnresolvedType: 0.03u 0.01s 111052e 906544kB
after reportUnresolvedType: 0.03u 0.01s 111052e 906544kB
before dumpingPerModuleScm : 0.03u 0.01s 111052e 906544kB
after dumpingPerModuleScm : 0.03u 0.01s 111052e 906544kB

Processing mss_bus_switch_pack2ibp_0001
before constantPropagate: 0.03u 0.01s 111052e 906544kB
after constantPropagate: 0.03u 0.01s 111052e 906544kB
before removeUnusedSignals circuit: 0.03u 0.01s 111052e 906544kB
after removeUnusedSignals circuit: 0.03u 0.01s 111052e 906544kB
before optimize latch enable: 0.03u 0.01s 111052e 906544kB
after optimize latch enable: 0.03u 0.01s 111052e 906544kB
before removeReadAfterMissingWrite: 0.03u 0.01s 111052e 906544kB
after removeReadAfterMissingWrite: 0.03u 0.01s 111052e 906544kB
before undoDimensionalSplitOfMemories: 0.03u 0.01s 111052e 906544kB
after undoDimensionalSplitOfMemories: 0.03u 0.01s 111052e 906544kB
before extractMemories: 0.03u 0.01s 111052e 906544kB
after extractMemories: 0.03u 0.01s 111052e 906544kB
before extractHolds: 0.03u 0.01s 111052e 906544kB
after extractHolds: 0.03u 0.01s 111052e 906544kB
before simplifyAdders: 0.03u 0.01s 111052e 906544kB
after simplifyAdders: 0.03u 0.01s 111052e 906544kB
before optimizeLessThan: 0.03u 0.01s 111052e 906544kB
after optimizeLessThan: 0.03u 0.01s 111052e 906544kB
before reportUnresolvedType: 0.03u 0.01s 111052e 906544kB
after reportUnresolvedType: 0.03u 0.01s 111052e 906544kB
before dumpingPerModuleScm : 0.03u 0.01s 111052e 906544kB
after dumpingPerModuleScm : 0.03u 0.01s 111052e 906544kB

Processing mss_bus_switch_fifo_0000_0006
before constantPropagate: 0.03u 0.01s 111052e 906544kB
after constantPropagate: 0.03u 0.01s 111052e 906544kB
before removeUnusedSignals circuit: 0.03u 0.01s 111052e 906544kB
after removeUnusedSignals circuit: 0.03u 0.01s 111052e 906544kB
before optimize latch enable: 0.03u 0.01s 111052e 906544kB
after optimize latch enable: 0.03u 0.01s 111052e 906544kB
before removeReadAfterMissingWrite: 0.03u 0.01s 111052e 906544kB
after removeReadAfterMissingWrite: 0.03u 0.01s 111052e 906544kB
before undoDimensionalSplitOfMemories: 0.03u 0.01s 111052e 906544kB
after undoDimensionalSplitOfMemories: 0.03u 0.01s 111052e 906544kB
before extractMemories: 0.03u 0.01s 111052e 906544kB
after extractMemories: 0.03u 0.01s 111052e 906544kB
before extractHolds: 0.03u 0.01s 111052e 906544kB
after extractHolds: 0.03u 0.01s 111052e 906544kB
before simplifyAdders: 0.03u 0.01s 111052e 906544kB
after simplifyAdders: 0.03u 0.01s 111052e 906544kB
before optimizeLessThan: 0.03u 0.01s 111052e 906544kB
after optimizeLessThan: 0.03u 0.01s 111052e 906544kB
before reportUnresolvedType: 0.03u 0.01s 111052e 906544kB
after reportUnresolvedType: 0.03u 0.01s 111052e 906544kB
before dumpingPerModuleScm : 0.03u 0.01s 111052e 906544kB
after dumpingPerModuleScm : 0.03u 0.01s 111052e 906544kB

Processing mss_bus_switch_ibpn2ibpw_0001
before constantPropagate: 0.03u 0.01s 111052e 906544kB
after constantPropagate: 0.03u 0.01s 111052e 906544kB
before removeUnusedSignals circuit: 0.03u 0.01s 111052e 906544kB
after removeUnusedSignals circuit: 0.03u 0.01s 111052e 906544kB
before optimize latch enable: 0.03u 0.01s 111052e 906544kB
after optimize latch enable: 0.03u 0.01s 111052e 906544kB
before removeReadAfterMissingWrite: 0.03u 0.01s 111052e 906544kB
after removeReadAfterMissingWrite: 0.03u 0.01s 111052e 906544kB
before undoDimensionalSplitOfMemories: 0.03u 0.01s 111052e 906544kB
after undoDimensionalSplitOfMemories: 0.03u 0.01s 111052e 906544kB
before extractMemories: 0.03u 0.01s 111052e 906544kB
after extractMemories: 0.03u 0.01s 111052e 906544kB
before extractHolds: 0.03u 0.01s 111052e 906544kB
after extractHolds: 0.03u 0.01s 111044e 906544kB
before simplifyAdders: 0.03u 0.01s 111044e 906544kB
after simplifyAdders: 0.03u 0.01s 111044e 906544kB
before optimizeLessThan: 0.03u 0.01s 111044e 906544kB
after optimizeLessThan: 0.03u 0.01s 111044e 906544kB
before reportUnresolvedType: 0.03u 0.01s 111044e 906544kB
after reportUnresolvedType: 0.03u 0.01s 111044e 906544kB
before dumpingPerModuleScm : 0.03u 0.01s 111044e 906544kB
after dumpingPerModuleScm : 0.04u 0.01s 111044e 906544kB

Processing mss_bus_switch_ibpx2ibpy_0001_0001
before constantPropagate: 0.04u 0.01s 111044e 906544kB
after constantPropagate: 0.04u 0.01s 111044e 906544kB
before removeUnusedSignals circuit: 0.04u 0.01s 111044e 906544kB
after removeUnusedSignals circuit: 0.04u 0.01s 111044e 906544kB
before optimize latch enable: 0.04u 0.01s 111044e 906544kB
after optimize latch enable: 0.04u 0.01s 111044e 906544kB
before removeReadAfterMissingWrite: 0.04u 0.01s 111044e 906544kB
after removeReadAfterMissingWrite: 0.04u 0.01s 111044e 906544kB
before undoDimensionalSplitOfMemories: 0.04u 0.01s 111044e 906544kB
after undoDimensionalSplitOfMemories: 0.04u 0.01s 111044e 906544kB
before extractMemories: 0.04u 0.01s 111044e 906544kB
after extractMemories: 0.04u 0.01s 111044e 906544kB
before extractHolds: 0.04u 0.01s 111044e 906544kB
after extractHolds: 0.04u 0.01s 111044e 906544kB
before simplifyAdders: 0.04u 0.01s 111044e 906544kB
after simplifyAdders: 0.04u 0.01s 111044e 906544kB
before optimizeLessThan: 0.04u 0.01s 111044e 906544kB
after optimizeLessThan: 0.04u 0.01s 111044e 906544kB
before reportUnresolvedType: 0.04u 0.01s 111044e 906544kB
after reportUnresolvedType: 0.04u 0.01s 111044e 906544kB
before dumpingPerModuleScm : 0.04u 0.01s 111044e 906544kB
after dumpingPerModuleScm : 0.04u 0.01s 111044e 906544kB

Processing mss_bus_switch_default_slv_0000
before constantPropagate: 0.04u 0.01s 111044e 906544kB
after constantPropagate: 0.04u 0.01s 111044e 906544kB
before removeUnusedSignals circuit: 0.04u 0.01s 111044e 906544kB
after removeUnusedSignals circuit: 0.04u 0.01s 111044e 906544kB
before optimize latch enable: 0.04u 0.01s 111044e 906544kB
after optimize latch enable: 0.04u 0.01s 111044e 906544kB
before removeReadAfterMissingWrite: 0.04u 0.01s 111044e 906544kB
after removeReadAfterMissingWrite: 0.04u 0.01s 111044e 906544kB
before undoDimensionalSplitOfMemories: 0.04u 0.01s 111044e 906544kB
after undoDimensionalSplitOfMemories: 0.04u 0.01s 111044e 906544kB
before extractMemories: 0.04u 0.01s 111044e 906544kB
after extractMemories: 0.04u 0.01s 111044e 906544kB
before extractHolds: 0.04u 0.01s 111044e 906544kB
after extractHolds: 0.04u 0.01s 111044e 906544kB
before simplifyAdders: 0.04u 0.01s 111044e 906544kB
after simplifyAdders: 0.04u 0.01s 111044e 906544kB
before optimizeLessThan: 0.04u 0.01s 111044e 906544kB
after optimizeLessThan: 0.04u 0.01s 111044e 906544kB
before reportUnresolvedType: 0.04u 0.01s 111044e 906544kB
after reportUnresolvedType: 0.04u 0.01s 111044e 906544kB
before dumpingPerModuleScm : 0.04u 0.01s 111044e 906544kB
after dumpingPerModuleScm : 0.04u 0.01s 111044e 906544kB

Processing alb_mss_fab_ibp2pack_0002
before constantPropagate: 0.04u 0.01s 111044e 906544kB
after constantPropagate: 0.04u 0.01s 111044e 906544kB
before removeUnusedSignals circuit: 0.04u 0.01s 111044e 906544kB
after removeUnusedSignals circuit: 0.04u 0.01s 111044e 906544kB
before optimize latch enable: 0.04u 0.01s 111044e 906544kB
after optimize latch enable: 0.04u 0.01s 111044e 906544kB
before removeReadAfterMissingWrite: 0.04u 0.01s 111044e 906544kB
after removeReadAfterMissingWrite: 0.04u 0.01s 111044e 906544kB
before undoDimensionalSplitOfMemories: 0.04u 0.01s 111044e 906544kB
after undoDimensionalSplitOfMemories: 0.04u 0.01s 111044e 906544kB
before extractMemories: 0.04u 0.01s 111044e 906544kB
after extractMemories: 0.04u 0.01s 111044e 906544kB
before extractHolds: 0.04u 0.01s 111044e 906544kB
after extractHolds: 0.04u 0.01s 111044e 906544kB
before simplifyAdders: 0.04u 0.01s 111044e 906544kB
after simplifyAdders: 0.04u 0.01s 111044e 906544kB
before optimizeLessThan: 0.04u 0.01s 111044e 906544kB
after optimizeLessThan: 0.04u 0.02s 111044e 906544kB
before reportUnresolvedType: 0.04u 0.02s 111044e 906544kB
after reportUnresolvedType: 0.04u 0.02s 111044e 906544kB
before dumpingPerModuleScm : 0.04u 0.02s 111044e 906544kB
after dumpingPerModuleScm : 0.04u 0.02s 111044e 906544kB

Processing alb_mss_fab_ibp_buffer_0000_0006
before constantPropagate: 0.04u 0.02s 111044e 906544kB
after constantPropagate: 0.04u 0.02s 111044e 906544kB
before removeUnusedSignals circuit: 0.04u 0.02s 111044e 906544kB
after removeUnusedSignals circuit: 0.04u 0.02s 111044e 906544kB
before optimize latch enable: 0.04u 0.02s 111044e 906544kB
after optimize latch enable: 0.04u 0.02s 111044e 906544kB
before removeReadAfterMissingWrite: 0.04u 0.02s 111044e 906544kB
after removeReadAfterMissingWrite: 0.04u 0.02s 111044e 906544kB
before undoDimensionalSplitOfMemories: 0.04u 0.02s 111044e 906544kB
after undoDimensionalSplitOfMemories: 0.04u 0.02s 111044e 906544kB
before extractMemories: 0.04u 0.02s 111044e 906544kB
after extractMemories: 0.04u 0.02s 111044e 906544kB
before extractHolds: 0.04u 0.02s 111044e 906544kB
after extractHolds: 0.04u 0.02s 111044e 906544kB
before simplifyAdders: 0.04u 0.02s 111044e 906544kB
after simplifyAdders: 0.04u 0.02s 111044e 906544kB
before optimizeLessThan: 0.04u 0.02s 111044e 906544kB
after optimizeLessThan: 0.04u 0.02s 111044e 906544kB
before reportUnresolvedType: 0.04u 0.02s 111044e 906544kB
after reportUnresolvedType: 0.04u 0.02s 111044e 906544kB
before dumpingPerModuleScm : 0.04u 0.02s 111044e 906544kB
after dumpingPerModuleScm : 0.04u 0.02s 111044e 906544kB

Processing alb_mss_fab_fifo_0000_0015
before constantPropagate: 0.04u 0.02s 111044e 906544kB
after constantPropagate: 0.05u 0.02s 111044e 906544kB
before removeUnusedSignals circuit: 0.05u 0.02s 111044e 906544kB
after removeUnusedSignals circuit: 0.05u 0.02s 111044e 906544kB
before optimize latch enable: 0.05u 0.02s 111044e 906544kB
after optimize latch enable: 0.05u 0.02s 111044e 906544kB
before removeReadAfterMissingWrite: 0.05u 0.02s 111044e 906544kB
after removeReadAfterMissingWrite: 0.05u 0.02s 111044e 906544kB
before undoDimensionalSplitOfMemories: 0.05u 0.02s 111044e 906544kB
after undoDimensionalSplitOfMemories: 0.05u 0.02s 111044e 906544kB
before extractMemories: 0.05u 0.02s 111044e 906544kB
after extractMemories: 0.05u 0.02s 111044e 906544kB
before extractHolds: 0.05u 0.02s 111044e 906544kB
after extractHolds: 0.05u 0.02s 111044e 906544kB
before simplifyAdders: 0.05u 0.02s 111044e 906544kB
after simplifyAdders: 0.05u 0.02s 111044e 906544kB
before optimizeLessThan: 0.05u 0.02s 111044e 906544kB
after optimizeLessThan: 0.05u 0.02s 111044e 906544kB
before reportUnresolvedType: 0.05u 0.02s 111044e 906544kB
after reportUnresolvedType: 0.05u 0.02s 111044e 906544kB
before dumpingPerModuleScm : 0.05u 0.02s 111044e 906544kB
after dumpingPerModuleScm : 0.05u 0.02s 111044e 906544kB

Processing alb_mss_fab_fifo_0004
before constantPropagate: 0.05u 0.02s 111044e 906544kB
after constantPropagate: 0.05u 0.02s 111044e 906544kB
before removeUnusedSignals circuit: 0.05u 0.02s 111044e 906544kB
after removeUnusedSignals circuit: 0.05u 0.02s 111044e 906544kB
before optimize latch enable: 0.05u 0.02s 111044e 906544kB
after optimize latch enable: 0.05u 0.02s 111044e 906544kB
before removeReadAfterMissingWrite: 0.05u 0.02s 111044e 906544kB
after removeReadAfterMissingWrite: 0.05u 0.02s 111044e 906544kB
before undoDimensionalSplitOfMemories: 0.05u 0.02s 111044e 906544kB
after undoDimensionalSplitOfMemories: 0.05u 0.02s 111044e 906544kB
before extractMemories: 0.05u 0.02s 111044e 906544kB
after extractMemories: 0.05u 0.02s 111044e 906544kB
before extractHolds: 0.05u 0.02s 111044e 906544kB
after extractHolds: 0.05u 0.02s 111038e 906544kB
before simplifyAdders: 0.05u 0.02s 111038e 906544kB
after simplifyAdders: 0.05u 0.02s 111038e 906544kB
before optimizeLessThan: 0.05u 0.02s 111038e 906544kB
after optimizeLessThan: 0.05u 0.02s 111038e 906544kB
before reportUnresolvedType: 0.05u 0.02s 111038e 906544kB
after reportUnresolvedType: 0.05u 0.02s 111038e 906544kB
before dumpingPerModuleScm : 0.05u 0.02s 111038e 906544kB
after dumpingPerModuleScm : 0.05u 0.02s 111038e 906544kB

Processing alb_mss_fab_single2ahbl
before constantPropagate: 0.05u 0.02s 111038e 906544kB
after constantPropagate: 0.05u 0.02s 111038e 906544kB
before removeUnusedSignals circuit: 0.05u 0.02s 111038e 906544kB
after removeUnusedSignals circuit: 0.05u 0.02s 111038e 906544kB
before optimize latch enable: 0.05u 0.02s 111038e 906544kB
after optimize latch enable: 0.05u 0.02s 111038e 906544kB
before removeReadAfterMissingWrite: 0.05u 0.02s 111038e 906544kB
after removeReadAfterMissingWrite: 0.05u 0.02s 111038e 906544kB
before undoDimensionalSplitOfMemories: 0.05u 0.02s 111038e 906544kB
after undoDimensionalSplitOfMemories: 0.05u 0.02s 111038e 906544kB
before extractMemories: 0.05u 0.02s 111038e 906544kB
after extractMemories: 0.05u 0.02s 111038e 906544kB
before extractHolds: 0.05u 0.02s 111038e 906544kB
after extractHolds: 0.05u 0.02s 111042e 906544kB
before simplifyAdders: 0.05u 0.02s 111042e 906544kB
after simplifyAdders: 0.05u 0.02s 111042e 906544kB
before optimizeLessThan: 0.05u 0.02s 111042e 906544kB
after optimizeLessThan: 0.05u 0.02s 111042e 906544kB
before reportUnresolvedType: 0.05u 0.02s 111042e 906544kB
after reportUnresolvedType: 0.05u 0.02s 111042e 906544kB
before dumpingPerModuleScm : 0.05u 0.02s 111042e 906544kB
after dumpingPerModuleScm : 0.05u 0.02s 111042e 906544kB

Processing alb_mss_fab_fifo_0009
before constantPropagate: 0.05u 0.02s 111042e 906544kB
after constantPropagate: 0.05u 0.02s 111042e 906544kB
before removeUnusedSignals circuit: 0.05u 0.02s 111042e 906544kB
after removeUnusedSignals circuit: 0.05u 0.02s 111042e 906544kB
before optimize latch enable: 0.05u 0.02s 111042e 906544kB
after optimize latch enable: 0.05u 0.02s 111042e 906544kB
before removeReadAfterMissingWrite: 0.05u 0.02s 111042e 906544kB
after removeReadAfterMissingWrite: 0.05u 0.02s 111042e 906544kB
before undoDimensionalSplitOfMemories: 0.05u 0.02s 111042e 906544kB
after undoDimensionalSplitOfMemories: 0.05u 0.02s 111042e 906544kB
before extractMemories: 0.06u 0.02s 111042e 906544kB
after extractMemories: 0.06u 0.02s 111042e 906544kB
before extractHolds: 0.06u 0.02s 111042e 906544kB
after extractHolds: 0.06u 0.02s 111045e 906544kB
before simplifyAdders: 0.06u 0.02s 111045e 906544kB
after simplifyAdders: 0.06u 0.02s 111045e 906544kB
before optimizeLessThan: 0.06u 0.02s 111045e 906544kB
after optimizeLessThan: 0.06u 0.02s 111045e 906544kB
before reportUnresolvedType: 0.06u 0.02s 111045e 906544kB
after reportUnresolvedType: 0.06u 0.02s 111045e 906544kB
before dumpingPerModuleScm : 0.06u 0.02s 111045e 906544kB
after dumpingPerModuleScm : 0.06u 0.02s 111045e 906544kB

Processing alb_mss_fab_fifo_0003_0001
before constantPropagate: 0.06u 0.02s 111045e 906544kB
after constantPropagate: 0.06u 0.02s 111045e 906544kB
before removeUnusedSignals circuit: 0.06u 0.02s 111045e 906544kB
after removeUnusedSignals circuit: 0.06u 0.02s 111045e 906544kB
before optimize latch enable: 0.06u 0.02s 111045e 906544kB
after optimize latch enable: 0.06u 0.02s 111045e 906544kB
before removeReadAfterMissingWrite: 0.06u 0.02s 111045e 906544kB
after removeReadAfterMissingWrite: 0.06u 0.02s 111045e 906544kB
before undoDimensionalSplitOfMemories: 0.06u 0.02s 111045e 906544kB
after undoDimensionalSplitOfMemories: 0.06u 0.02s 111045e 906544kB
before extractMemories: 0.06u 0.02s 111045e 906544kB
after extractMemories: 0.06u 0.02s 111045e 906544kB
before extractHolds: 0.06u 0.02s 111045e 906544kB
after extractHolds: 0.06u 0.02s 111045e 906544kB
before simplifyAdders: 0.06u 0.02s 111045e 906544kB
after simplifyAdders: 0.06u 0.02s 111045e 906544kB
before optimizeLessThan: 0.06u 0.02s 111045e 906544kB
after optimizeLessThan: 0.06u 0.02s 111045e 906544kB
before reportUnresolvedType: 0.06u 0.02s 111045e 906544kB
after reportUnresolvedType: 0.06u 0.02s 111045e 906544kB
before dumpingPerModuleScm : 0.06u 0.02s 111045e 906544kB
after dumpingPerModuleScm : 0.06u 0.02s 111045e 906544kB

Processing alb_mss_fab_ibp2axi
before constantPropagate: 0.06u 0.02s 111045e 906544kB
after constantPropagate: 0.06u 0.03s 111045e 906544kB
before removeUnusedSignals circuit: 0.06u 0.03s 111045e 906544kB
after removeUnusedSignals circuit: 0.06u 0.03s 111045e 906544kB
before optimize latch enable: 0.06u 0.03s 111045e 906544kB
after optimize latch enable: 0.06u 0.03s 111045e 906544kB
before removeReadAfterMissingWrite: 0.06u 0.03s 111045e 906544kB
after removeReadAfterMissingWrite: 0.06u 0.03s 111045e 906544kB
before undoDimensionalSplitOfMemories: 0.06u 0.03s 111045e 906544kB
after undoDimensionalSplitOfMemories: 0.06u 0.03s 111045e 906544kB
before extractMemories: 0.06u 0.03s 111045e 906544kB
after extractMemories: 0.06u 0.03s 111045e 906544kB
before extractHolds: 0.06u 0.03s 111045e 906544kB
after extractHolds: 0.06u 0.03s 111045e 906544kB
before simplifyAdders: 0.06u 0.03s 111045e 906544kB
after simplifyAdders: 0.06u 0.03s 111045e 906544kB
before optimizeLessThan: 0.06u 0.03s 111045e 906544kB
after optimizeLessThan: 0.06u 0.03s 111045e 906544kB
before reportUnresolvedType: 0.06u 0.03s 111045e 906544kB
after reportUnresolvedType: 0.06u 0.03s 111045e 906544kB
before dumpingPerModuleScm : 0.06u 0.03s 111045e 906544kB
after dumpingPerModuleScm : 0.06u 0.03s 111045e 906544kB

Processing alb_mss_clkctrl_ratio_calc
before constantPropagate: 0.06u 0.03s 111045e 906544kB
after constantPropagate: 0.06u 0.03s 111045e 906544kB
before removeUnusedSignals circuit: 0.06u 0.03s 111045e 906544kB
after removeUnusedSignals circuit: 0.06u 0.03s 111045e 906544kB
before optimize latch enable: 0.06u 0.03s 111045e 906544kB
after optimize latch enable: 0.06u 0.03s 111045e 906544kB
before removeReadAfterMissingWrite: 0.06u 0.03s 111045e 906544kB
after removeReadAfterMissingWrite: 0.06u 0.03s 111045e 906544kB
before undoDimensionalSplitOfMemories: 0.06u 0.03s 111045e 906544kB
after undoDimensionalSplitOfMemories: 0.06u 0.03s 111045e 906544kB
before extractMemories: 0.06u 0.03s 111045e 906544kB
after extractMemories: 0.06u 0.03s 111045e 906544kB
before extractHolds: 0.06u 0.03s 111045e 906544kB
after extractHolds: 0.06u 0.03s 111045e 906544kB
before simplifyAdders: 0.06u 0.03s 111045e 906544kB
after simplifyAdders: 0.06u 0.03s 111045e 906544kB
before optimizeLessThan: 0.06u 0.03s 111045e 906544kB
after optimizeLessThan: 0.06u 0.03s 111045e 906544kB
before reportUnresolvedType: 0.06u 0.03s 111045e 906544kB
after reportUnresolvedType: 0.06u 0.03s 111045e 906544kB
before dumpingPerModuleScm : 0.06u 0.03s 111045e 906544kB
after dumpingPerModuleScm : 0.06u 0.03s 111045e 906544kB

Processing apb_dummy_slave
before constantPropagate: 0.06u 0.03s 111045e 906544kB
after constantPropagate: 0.06u 0.03s 111045e 906544kB
before removeUnusedSignals circuit: 0.06u 0.03s 111045e 906544kB
after removeUnusedSignals circuit: 0.06u 0.03s 111045e 906544kB
before optimize latch enable: 0.06u 0.03s 111045e 906544kB
after optimize latch enable: 0.06u 0.03s 111045e 906544kB
before removeReadAfterMissingWrite: 0.06u 0.03s 111045e 906544kB
after removeReadAfterMissingWrite: 0.06u 0.03s 111045e 906544kB
before undoDimensionalSplitOfMemories: 0.06u 0.03s 111045e 906544kB
after undoDimensionalSplitOfMemories: 0.06u 0.03s 111045e 906544kB
before extractMemories: 0.06u 0.03s 111045e 906544kB
after extractMemories: 0.06u 0.03s 111045e 906544kB
before extractHolds: 0.06u 0.03s 111045e 906544kB
after extractHolds: 0.06u 0.03s 111045e 906544kB
before simplifyAdders: 0.06u 0.03s 111045e 906544kB
after simplifyAdders: 0.06u 0.03s 111045e 906544kB
before optimizeLessThan: 0.06u 0.03s 111045e 906544kB
after optimizeLessThan: 0.06u 0.03s 111045e 906544kB
before reportUnresolvedType: 0.06u 0.03s 111045e 906544kB
after reportUnresolvedType: 0.06u 0.03s 111045e 906544kB
before dumpingPerModuleScm : 0.06u 0.03s 111045e 906544kB
after dumpingPerModuleScm : 0.06u 0.03s 111045e 906544kB

Processing ZebuClockDetectFront_82
before constantPropagate: 0.06u 0.03s 111045e 906544kB
after constantPropagate: 0.06u 0.03s 111045e 906544kB
before removeUnusedSignals circuit: 0.06u 0.03s 111045e 906544kB
after removeUnusedSignals circuit: 0.06u 0.03s 111045e 906544kB
before optimize latch enable: 0.06u 0.03s 111045e 906544kB
after optimize latch enable: 0.06u 0.03s 111045e 906544kB
before removeReadAfterMissingWrite: 0.06u 0.03s 111045e 906544kB
after removeReadAfterMissingWrite: 0.06u 0.03s 111045e 906544kB
before undoDimensionalSplitOfMemories: 0.06u 0.03s 111045e 906544kB
after undoDimensionalSplitOfMemories: 0.06u 0.03s 111045e 906544kB
before extractMemories: 0.06u 0.03s 111045e 906544kB
after extractMemories: 0.06u 0.03s 111045e 906544kB
before extractHolds: 0.06u 0.03s 111045e 906544kB
after extractHolds: 0.06u 0.03s 111045e 906544kB
before simplifyAdders: 0.06u 0.03s 111045e 906544kB
after simplifyAdders: 0.06u 0.03s 111045e 906544kB
before optimizeLessThan: 0.06u 0.03s 111045e 906544kB
after optimizeLessThan: 0.06u 0.03s 111045e 906544kB
before reportUnresolvedType: 0.06u 0.03s 111045e 906544kB
after reportUnresolvedType: 0.06u 0.03s 111045e 906544kB
before dumpingPerModuleScm : 0.06u 0.03s 111045e 906544kB
after dumpingPerModuleScm : 0.07u 0.03s 111045e 906544kB

Processing ZebuClockDetectFront_89
before constantPropagate: 0.07u 0.03s 111045e 906544kB
after constantPropagate: 0.07u 0.03s 111045e 906544kB
before removeUnusedSignals circuit: 0.07u 0.03s 111045e 906544kB
after removeUnusedSignals circuit: 0.07u 0.03s 111045e 906544kB
before optimize latch enable: 0.07u 0.03s 111045e 906544kB
after optimize latch enable: 0.07u 0.03s 111045e 906544kB
before removeReadAfterMissingWrite: 0.07u 0.03s 111045e 906544kB
after removeReadAfterMissingWrite: 0.07u 0.03s 111045e 906544kB
before undoDimensionalSplitOfMemories: 0.07u 0.03s 111045e 906544kB
after undoDimensionalSplitOfMemories: 0.07u 0.03s 111045e 906544kB
before extractMemories: 0.07u 0.03s 111045e 906544kB
after extractMemories: 0.07u 0.03s 111045e 906544kB
before extractHolds: 0.07u 0.03s 111045e 906544kB
after extractHolds: 0.07u 0.03s 111045e 906544kB
before simplifyAdders: 0.07u 0.03s 111045e 906544kB
after simplifyAdders: 0.07u 0.03s 111045e 906544kB
before optimizeLessThan: 0.07u 0.03s 111045e 906544kB
after optimizeLessThan: 0.07u 0.03s 111045e 906544kB
before reportUnresolvedType: 0.07u 0.03s 111045e 906544kB
after reportUnresolvedType: 0.07u 0.03s 111045e 906544kB
before dumpingPerModuleScm : 0.07u 0.03s 111045e 906544kB
after dumpingPerModuleScm : 0.07u 0.03s 111045e 906544kB

Processing zz_Encrypt_2
before constantPropagate: 0.07u 0.03s 111045e 906544kB
after constantPropagate: 0.07u 0.03s 111045e 906544kB
before removeUnusedSignals circuit: 0.07u 0.03s 111045e 906544kB
after removeUnusedSignals circuit: 0.07u 0.03s 111045e 906544kB
before optimize latch enable: 0.07u 0.03s 111045e 906544kB
after optimize latch enable: 0.07u 0.03s 111045e 906544kB
before removeReadAfterMissingWrite: 0.07u 0.03s 111045e 906544kB
after removeReadAfterMissingWrite: 0.07u 0.03s 111045e 906544kB
before undoDimensionalSplitOfMemories: 0.07u 0.03s 111045e 906544kB
after undoDimensionalSplitOfMemories: 0.07u 0.03s 111045e 906544kB
before extractMemories: 0.07u 0.03s 111045e 906544kB
after extractMemories: 0.07u 0.03s 111064e 906544kB
before extractHolds: 0.07u 0.03s 111060e 906544kB
after extractHolds: 0.07u 0.03s 111109e 906544kB
before simplifyAdders: 0.07u 0.03s 111109e 906544kB
after simplifyAdders: 0.07u 0.03s 111109e 906544kB
before optimizeLessThan: 0.07u 0.03s 111109e 906544kB
after optimizeLessThan: 0.07u 0.03s 111109e 906544kB
before reportUnresolvedType: 0.07u 0.03s 111109e 906544kB
after reportUnresolvedType: 0.07u 0.03s 111109e 906544kB
before dumpingPerModuleScm : 0.07u 0.03s 111109e 906544kB
after dumpingPerModuleScm : 0.07u 0.03s 111109e 906544kB

Processing ZebuClockDetectFront_57
before constantPropagate: 0.07u 0.03s 111109e 906544kB
after constantPropagate: 0.07u 0.03s 111109e 906544kB
before removeUnusedSignals circuit: 0.07u 0.03s 111109e 906544kB
after removeUnusedSignals circuit: 0.07u 0.03s 111109e 906544kB
before optimize latch enable: 0.07u 0.03s 111109e 906544kB
after optimize latch enable: 0.07u 0.03s 111109e 906544kB
before removeReadAfterMissingWrite: 0.07u 0.03s 111109e 906544kB
after removeReadAfterMissingWrite: 0.07u 0.03s 111109e 906544kB
before undoDimensionalSplitOfMemories: 0.07u 0.03s 111109e 906544kB
after undoDimensionalSplitOfMemories: 0.07u 0.03s 111109e 906544kB
before extractMemories: 0.07u 0.03s 111109e 906544kB
after extractMemories: 0.07u 0.03s 111109e 906544kB
before extractHolds: 0.07u 0.03s 111109e 906544kB
after extractHolds: 0.07u 0.03s 111109e 906544kB
before simplifyAdders: 0.07u 0.03s 111109e 906544kB
after simplifyAdders: 0.07u 0.03s 111109e 906544kB
before optimizeLessThan: 0.07u 0.03s 111109e 906544kB
after optimizeLessThan: 0.07u 0.03s 111109e 906544kB
before reportUnresolvedType: 0.07u 0.03s 111109e 906544kB
after reportUnresolvedType: 0.07u 0.03s 111109e 906544kB
before dumpingPerModuleScm : 0.07u 0.03s 111109e 906544kB
after dumpingPerModuleScm : 0.07u 0.03s 111109e 906544kB

Processing ZebuClockDetectFront_61
before constantPropagate: 0.07u 0.03s 111109e 906544kB
after constantPropagate: 0.07u 0.03s 111109e 906544kB
before removeUnusedSignals circuit: 0.07u 0.03s 111109e 906544kB
after removeUnusedSignals circuit: 0.07u 0.03s 111109e 906544kB
before optimize latch enable: 0.07u 0.03s 111109e 906544kB
after optimize latch enable: 0.07u 0.03s 111109e 906544kB
before removeReadAfterMissingWrite: 0.07u 0.03s 111109e 906544kB
after removeReadAfterMissingWrite: 0.07u 0.03s 111109e 906544kB
before undoDimensionalSplitOfMemories: 0.07u 0.03s 111109e 906544kB
after undoDimensionalSplitOfMemories: 0.07u 0.03s 111109e 906544kB
before extractMemories: 0.07u 0.03s 111109e 906544kB
after extractMemories: 0.07u 0.03s 111109e 906544kB
before extractHolds: 0.07u 0.03s 111109e 906544kB
after extractHolds: 0.07u 0.03s 111109e 906544kB
before simplifyAdders: 0.07u 0.03s 111109e 906544kB
after simplifyAdders: 0.07u 0.03s 111109e 906544kB
before optimizeLessThan: 0.07u 0.03s 111109e 906544kB
after optimizeLessThan: 0.07u 0.03s 111109e 906544kB
before reportUnresolvedType: 0.07u 0.03s 111109e 906544kB
after reportUnresolvedType: 0.07u 0.03s 111109e 906544kB
before dumpingPerModuleScm : 0.07u 0.03s 111109e 906544kB
after dumpingPerModuleScm : 0.07u 0.03s 111109e 906544kB

Processing ZebuClockDetectFront_71
before constantPropagate: 0.07u 0.03s 111109e 906544kB
after constantPropagate: 0.07u 0.03s 111109e 906544kB
before removeUnusedSignals circuit: 0.07u 0.03s 111109e 906544kB
after removeUnusedSignals circuit: 0.07u 0.03s 111109e 906544kB
before optimize latch enable: 0.07u 0.03s 111109e 906544kB
after optimize latch enable: 0.07u 0.03s 111109e 906544kB
before removeReadAfterMissingWrite: 0.07u 0.03s 111109e 906544kB
after removeReadAfterMissingWrite: 0.07u 0.03s 111109e 906544kB
before undoDimensionalSplitOfMemories: 0.07u 0.03s 111109e 906544kB
after undoDimensionalSplitOfMemories: 0.07u 0.03s 111109e 906544kB
before extractMemories: 0.07u 0.03s 111109e 906544kB
after extractMemories: 0.07u 0.03s 111109e 906544kB
before extractHolds: 0.07u 0.03s 111109e 906544kB
after extractHolds: 0.07u 0.03s 111109e 906544kB
before simplifyAdders: 0.07u 0.03s 111109e 906544kB
after simplifyAdders: 0.07u 0.03s 111109e 906544kB
before optimizeLessThan: 0.07u 0.03s 111109e 906544kB
after optimizeLessThan: 0.07u 0.03s 111109e 906544kB
before reportUnresolvedType: 0.07u 0.03s 111109e 906544kB
after reportUnresolvedType: 0.07u 0.03s 111109e 906544kB
before dumpingPerModuleScm : 0.07u 0.03s 111109e 906544kB
after dumpingPerModuleScm : 0.07u 0.03s 111109e 906544kB

Processing alb_mss_mem_fifo_0000
before constantPropagate: 0.07u 0.03s 111109e 906544kB
after constantPropagate: 0.07u 0.03s 111109e 906544kB
before removeUnusedSignals circuit: 0.07u 0.03s 111109e 906544kB
after removeUnusedSignals circuit: 0.07u 0.03s 111109e 906544kB
before optimize latch enable: 0.07u 0.03s 111109e 906544kB
after optimize latch enable: 0.07u 0.03s 111109e 906544kB
before removeReadAfterMissingWrite: 0.07u 0.03s 111109e 906544kB
after removeReadAfterMissingWrite: 0.07u 0.03s 111109e 906544kB
before undoDimensionalSplitOfMemories: 0.07u 0.03s 111109e 906544kB
after undoDimensionalSplitOfMemories: 0.07u 0.03s 111109e 906544kB
before extractMemories: 0.07u 0.03s 111109e 906544kB
after extractMemories: 0.07u 0.03s 111109e 906544kB
before extractHolds: 0.07u 0.03s 111109e 906544kB
after extractHolds: 0.07u 0.03s 111109e 906544kB
before simplifyAdders: 0.07u 0.03s 111109e 906544kB
after simplifyAdders: 0.07u 0.03s 111109e 906544kB
before optimizeLessThan: 0.07u 0.03s 111109e 906544kB
after optimizeLessThan: 0.07u 0.03s 111109e 906544kB
before reportUnresolvedType: 0.07u 0.03s 111109e 906544kB
after reportUnresolvedType: 0.07u 0.03s 111109e 906544kB
before dumpingPerModuleScm : 0.07u 0.03s 111109e 906544kB
after dumpingPerModuleScm : 0.07u 0.03s 111109e 906544kB

Processing alb_mss_mem_pack2ibp
before constantPropagate: 0.07u 0.03s 111109e 906544kB
after constantPropagate: 0.07u 0.03s 111109e 906544kB
before removeUnusedSignals circuit: 0.07u 0.03s 111109e 906544kB
after removeUnusedSignals circuit: 0.07u 0.03s 111109e 906544kB
before optimize latch enable: 0.07u 0.03s 111109e 906544kB
after optimize latch enable: 0.07u 0.03s 111109e 906544kB
before removeReadAfterMissingWrite: 0.07u 0.03s 111109e 906544kB
after removeReadAfterMissingWrite: 0.07u 0.03s 111109e 906544kB
before undoDimensionalSplitOfMemories: 0.07u 0.03s 111109e 906544kB
after undoDimensionalSplitOfMemories: 0.07u 0.03s 111109e 906544kB
before extractMemories: 0.07u 0.03s 111109e 906544kB
after extractMemories: 0.07u 0.03s 111109e 906544kB
before extractHolds: 0.07u 0.03s 111109e 906544kB
after extractHolds: 0.07u 0.03s 111109e 906544kB
before simplifyAdders: 0.07u 0.03s 111109e 906544kB
after simplifyAdders: 0.07u 0.03s 111109e 906544kB
before optimizeLessThan: 0.07u 0.03s 111109e 906544kB
after optimizeLessThan: 0.07u 0.03s 111109e 906544kB
before reportUnresolvedType: 0.07u 0.03s 111109e 906544kB
after reportUnresolvedType: 0.07u 0.03s 111109e 906544kB
before dumpingPerModuleScm : 0.07u 0.03s 111109e 906544kB
after dumpingPerModuleScm : 0.07u 0.03s 111109e 906544kB

Processing alb_mss_mem_fifo_0000_0003
before constantPropagate: 0.08u 0.03s 111109e 906544kB
after constantPropagate: 0.08u 0.03s 111109e 906544kB
before removeUnusedSignals circuit: 0.08u 0.03s 111109e 906544kB
after removeUnusedSignals circuit: 0.08u 0.03s 111109e 906544kB
before optimize latch enable: 0.08u 0.03s 111109e 906544kB
after optimize latch enable: 0.08u 0.03s 111109e 906544kB
before removeReadAfterMissingWrite: 0.08u 0.03s 111109e 906544kB
after removeReadAfterMissingWrite: 0.08u 0.03s 111109e 906544kB
before undoDimensionalSplitOfMemories: 0.08u 0.03s 111109e 906544kB
after undoDimensionalSplitOfMemories: 0.08u 0.03s 111109e 906544kB
before extractMemories: 0.08u 0.03s 111109e 906544kB
after extractMemories: 0.08u 0.03s 111109e 906544kB
before extractHolds: 0.08u 0.03s 111109e 906544kB
after extractHolds: 0.08u 0.03s 111109e 906544kB
before simplifyAdders: 0.08u 0.03s 111109e 906544kB
after simplifyAdders: 0.08u 0.03s 111109e 906544kB
before optimizeLessThan: 0.08u 0.03s 111109e 906544kB
after optimizeLessThan: 0.08u 0.03s 111109e 906544kB
before reportUnresolvedType: 0.08u 0.03s 111109e 906544kB
after reportUnresolvedType: 0.08u 0.03s 111109e 906544kB
before dumpingPerModuleScm : 0.08u 0.03s 111109e 906544kB
after dumpingPerModuleScm : 0.08u 0.03s 111109e 906544kB

Processing alb_mss_mem_ctrl
before constantPropagate: 0.08u 0.03s 111109e 906544kB
after constantPropagate: 0.08u 0.03s 111109e 906544kB
before removeUnusedSignals circuit: 0.08u 0.03s 111109e 906544kB
after removeUnusedSignals circuit: 0.08u 0.03s 111109e 906544kB
before optimize latch enable: 0.08u 0.03s 111109e 906544kB
after optimize latch enable: 0.08u 0.03s 111109e 906544kB
before removeReadAfterMissingWrite: 0.08u 0.03s 111109e 906544kB
after removeReadAfterMissingWrite: 0.08u 0.03s 111109e 906544kB
before undoDimensionalSplitOfMemories: 0.08u 0.03s 111109e 906544kB
after undoDimensionalSplitOfMemories: 0.08u 0.03s 111109e 906544kB
before extractMemories: 0.08u 0.03s 111109e 906544kB
after extractMemories: 0.08u 0.03s 111109e 906544kB
before extractHolds: 0.08u 0.03s 111109e 906544kB
after extractHolds: 0.08u 0.03s 111109e 906544kB
before simplifyAdders: 0.08u 0.03s 111109e 906544kB
after simplifyAdders: 0.08u 0.03s 111109e 906544kB
before optimizeLessThan: 0.08u 0.03s 111109e 906544kB
after optimizeLessThan: 0.08u 0.03s 111109e 906544kB
before reportUnresolvedType: 0.08u 0.03s 111109e 906544kB
after reportUnresolvedType: 0.08u 0.03s 111109e 906544kB
before dumpingPerModuleScm : 0.08u 0.03s 111109e 906544kB
after dumpingPerModuleScm : 0.08u 0.04s 111109e 906544kB

Processing ZebuClockDetectFront_37
before constantPropagate: 0.08u 0.04s 111109e 906544kB
after constantPropagate: 0.08u 0.04s 111109e 906544kB
before removeUnusedSignals circuit: 0.08u 0.04s 111109e 906544kB
after removeUnusedSignals circuit: 0.08u 0.04s 111109e 906544kB
before optimize latch enable: 0.08u 0.04s 111109e 906544kB
after optimize latch enable: 0.08u 0.04s 111109e 906544kB
before removeReadAfterMissingWrite: 0.08u 0.04s 111109e 906544kB
after removeReadAfterMissingWrite: 0.08u 0.04s 111109e 906544kB
before undoDimensionalSplitOfMemories: 0.08u 0.04s 111109e 906544kB
after undoDimensionalSplitOfMemories: 0.08u 0.04s 111109e 906544kB
before extractMemories: 0.08u 0.04s 111109e 906544kB
after extractMemories: 0.08u 0.04s 111109e 906544kB
before extractHolds: 0.08u 0.04s 111109e 906544kB
after extractHolds: 0.08u 0.04s 111109e 906544kB
before simplifyAdders: 0.08u 0.04s 111109e 906544kB
after simplifyAdders: 0.08u 0.04s 111109e 906544kB
before optimizeLessThan: 0.08u 0.04s 111109e 906544kB
after optimizeLessThan: 0.08u 0.04s 111109e 906544kB
before reportUnresolvedType: 0.08u 0.04s 111109e 906544kB
after reportUnresolvedType: 0.08u 0.04s 111109e 906544kB
before dumpingPerModuleScm : 0.08u 0.04s 111109e 906544kB
after dumpingPerModuleScm : 0.08u 0.04s 111109e 906544kB

Processing ZebuClockDetectFront_44
before constantPropagate: 0.08u 0.04s 111109e 906544kB
after constantPropagate: 0.08u 0.04s 111109e 906544kB
before removeUnusedSignals circuit: 0.08u 0.04s 111109e 906544kB
after removeUnusedSignals circuit: 0.08u 0.04s 111109e 906544kB
before optimize latch enable: 0.08u 0.04s 111109e 906544kB
after optimize latch enable: 0.08u 0.04s 111109e 906544kB
before removeReadAfterMissingWrite: 0.08u 0.04s 111109e 906544kB
after removeReadAfterMissingWrite: 0.08u 0.04s 111109e 906544kB
before undoDimensionalSplitOfMemories: 0.08u 0.04s 111109e 906544kB
after undoDimensionalSplitOfMemories: 0.08u 0.04s 111109e 906544kB
before extractMemories: 0.08u 0.04s 111109e 906544kB
after extractMemories: 0.08u 0.04s 111109e 906544kB
before extractHolds: 0.08u 0.04s 111109e 906544kB
after extractHolds: 0.08u 0.04s 111109e 906544kB
before simplifyAdders: 0.08u 0.04s 111109e 906544kB
after simplifyAdders: 0.08u 0.04s 111109e 906544kB
before optimizeLessThan: 0.08u 0.04s 111109e 906544kB
after optimizeLessThan: 0.08u 0.04s 111109e 906544kB
before reportUnresolvedType: 0.08u 0.04s 111109e 906544kB
after reportUnresolvedType: 0.08u 0.04s 111109e 906544kB
before dumpingPerModuleScm : 0.08u 0.04s 111109e 906544kB
after dumpingPerModuleScm : 0.08u 0.04s 111109e 906544kB

Processing ZebuClockDetectFront_48
before constantPropagate: 0.08u 0.04s 111109e 906544kB
after constantPropagate: 0.08u 0.04s 111109e 906544kB
before removeUnusedSignals circuit: 0.08u 0.04s 111109e 906544kB
after removeUnusedSignals circuit: 0.08u 0.04s 111109e 906544kB
before optimize latch enable: 0.08u 0.04s 111109e 906544kB
after optimize latch enable: 0.08u 0.04s 111109e 906544kB
before removeReadAfterMissingWrite: 0.08u 0.04s 111109e 906544kB
after removeReadAfterMissingWrite: 0.08u 0.04s 111109e 906544kB
before undoDimensionalSplitOfMemories: 0.08u 0.04s 111109e 906544kB
after undoDimensionalSplitOfMemories: 0.08u 0.04s 111109e 906544kB
before extractMemories: 0.08u 0.04s 111109e 906544kB
after extractMemories: 0.08u 0.04s 111109e 906544kB
before extractHolds: 0.08u 0.04s 111109e 906544kB
after extractHolds: 0.08u 0.04s 111109e 906544kB
before simplifyAdders: 0.08u 0.04s 111109e 906544kB
after simplifyAdders: 0.08u 0.04s 111109e 906544kB
before optimizeLessThan: 0.08u 0.04s 111109e 906544kB
after optimizeLessThan: 0.08u 0.04s 111109e 906544kB
before reportUnresolvedType: 0.08u 0.04s 111109e 906544kB
after reportUnresolvedType: 0.08u 0.04s 111109e 906544kB
before dumpingPerModuleScm : 0.08u 0.04s 111109e 906544kB
after dumpingPerModuleScm : 0.08u 0.04s 111109e 906544kB

Processing ZebuClockDetectFront_55
before constantPropagate: 0.08u 0.04s 111109e 906544kB
after constantPropagate: 0.08u 0.04s 111109e 906544kB
before removeUnusedSignals circuit: 0.08u 0.04s 111109e 906544kB
after removeUnusedSignals circuit: 0.08u 0.04s 111109e 906544kB
before optimize latch enable: 0.08u 0.04s 111109e 906544kB
after optimize latch enable: 0.08u 0.04s 111109e 906544kB
before removeReadAfterMissingWrite: 0.08u 0.04s 111109e 906544kB
after removeReadAfterMissingWrite: 0.08u 0.04s 111109e 906544kB
before undoDimensionalSplitOfMemories: 0.08u 0.04s 111109e 906544kB
after undoDimensionalSplitOfMemories: 0.08u 0.04s 111109e 906544kB
before extractMemories: 0.08u 0.04s 111109e 906544kB
after extractMemories: 0.08u 0.04s 111109e 906544kB
before extractHolds: 0.08u 0.04s 111109e 906544kB
after extractHolds: 0.08u 0.04s 111109e 906544kB
before simplifyAdders: 0.08u 0.04s 111109e 906544kB
after simplifyAdders: 0.08u 0.04s 111109e 906544kB
before optimizeLessThan: 0.08u 0.04s 111109e 906544kB
after optimizeLessThan: 0.08u 0.04s 111109e 906544kB
before reportUnresolvedType: 0.08u 0.04s 111109e 906544kB
after reportUnresolvedType: 0.08u 0.04s 111109e 906544kB
before dumpingPerModuleScm : 0.08u 0.04s 111109e 906544kB
after dumpingPerModuleScm : 0.08u 0.04s 111109e 906544kB

Processing ZebuClockDetectFront_56
before constantPropagate: 0.08u 0.04s 111109e 906544kB
after constantPropagate: 0.08u 0.04s 111109e 906544kB
before removeUnusedSignals circuit: 0.08u 0.04s 111109e 906544kB
after removeUnusedSignals circuit: 0.08u 0.04s 111109e 906544kB
before optimize latch enable: 0.08u 0.04s 111109e 906544kB
after optimize latch enable: 0.08u 0.04s 111109e 906544kB
before removeReadAfterMissingWrite: 0.08u 0.04s 111109e 906544kB
after removeReadAfterMissingWrite: 0.08u 0.04s 111109e 906544kB
before undoDimensionalSplitOfMemories: 0.08u 0.04s 111109e 906544kB
after undoDimensionalSplitOfMemories: 0.09u 0.04s 111109e 906544kB
before extractMemories: 0.09u 0.04s 111109e 906544kB
after extractMemories: 0.09u 0.04s 111109e 906544kB
before extractHolds: 0.09u 0.04s 111109e 906544kB
after extractHolds: 0.09u 0.04s 111109e 906544kB
before simplifyAdders: 0.09u 0.04s 111109e 906544kB
after simplifyAdders: 0.09u 0.04s 111109e 906544kB
before optimizeLessThan: 0.09u 0.04s 111109e 906544kB
after optimizeLessThan: 0.09u 0.04s 111109e 906544kB
before reportUnresolvedType: 0.09u 0.04s 111109e 906544kB
after reportUnresolvedType: 0.09u 0.04s 111109e 906544kB
before dumpingPerModuleScm : 0.09u 0.04s 111109e 906544kB
after dumpingPerModuleScm : 0.09u 0.04s 111109e 906544kB

Processing ZebuClockDetectFront_11
before constantPropagate: 0.09u 0.04s 111109e 906544kB
after constantPropagate: 0.09u 0.04s 111109e 906544kB
before removeUnusedSignals circuit: 0.09u 0.04s 111109e 906544kB
after removeUnusedSignals circuit: 0.09u 0.04s 111109e 906544kB
before optimize latch enable: 0.09u 0.04s 111109e 906544kB
after optimize latch enable: 0.09u 0.04s 111109e 906544kB
before removeReadAfterMissingWrite: 0.09u 0.04s 111109e 906544kB
after removeReadAfterMissingWrite: 0.09u 0.04s 111109e 906544kB
before undoDimensionalSplitOfMemories: 0.09u 0.04s 111109e 906544kB
after undoDimensionalSplitOfMemories: 0.09u 0.04s 111109e 906544kB
before extractMemories: 0.09u 0.04s 111109e 906544kB
after extractMemories: 0.09u 0.04s 111109e 906544kB
before extractHolds: 0.09u 0.04s 111109e 906544kB
after extractHolds: 0.09u 0.04s 111109e 906544kB
before simplifyAdders: 0.09u 0.04s 111109e 906544kB
after simplifyAdders: 0.09u 0.04s 111109e 906544kB
before optimizeLessThan: 0.09u 0.04s 111109e 906544kB
after optimizeLessThan: 0.09u 0.04s 111109e 906544kB
before reportUnresolvedType: 0.09u 0.04s 111109e 906544kB
after reportUnresolvedType: 0.09u 0.04s 111109e 906544kB
before dumpingPerModuleScm : 0.09u 0.04s 111109e 906544kB
after dumpingPerModuleScm : 0.09u 0.04s 111109e 906544kB

Processing ZebuClockDetectFront_17
before constantPropagate: 0.09u 0.04s 111109e 906544kB
after constantPropagate: 0.09u 0.04s 111109e 906544kB
before removeUnusedSignals circuit: 0.09u 0.04s 111109e 906544kB
after removeUnusedSignals circuit: 0.09u 0.04s 111109e 906544kB
before optimize latch enable: 0.09u 0.04s 111109e 906544kB
after optimize latch enable: 0.09u 0.04s 111109e 906544kB
before removeReadAfterMissingWrite: 0.09u 0.04s 111109e 906544kB
after removeReadAfterMissingWrite: 0.09u 0.04s 111109e 906544kB
before undoDimensionalSplitOfMemories: 0.09u 0.04s 111109e 906544kB
after undoDimensionalSplitOfMemories: 0.09u 0.04s 111109e 906544kB
before extractMemories: 0.09u 0.04s 111109e 906544kB
after extractMemories: 0.09u 0.04s 111109e 906544kB
before extractHolds: 0.09u 0.04s 111109e 906544kB
after extractHolds: 0.09u 0.04s 111109e 906544kB
before simplifyAdders: 0.09u 0.04s 111109e 906544kB
after simplifyAdders: 0.09u 0.04s 111109e 906544kB
before optimizeLessThan: 0.09u 0.04s 111109e 906544kB
after optimizeLessThan: 0.09u 0.04s 111109e 906544kB
before reportUnresolvedType: 0.09u 0.04s 111109e 906544kB
after reportUnresolvedType: 0.09u 0.04s 111109e 906544kB
before dumpingPerModuleScm : 0.09u 0.04s 111109e 906544kB
after dumpingPerModuleScm : 0.09u 0.04s 111109e 906544kB

Processing ZebuClockDetectFront_23
before constantPropagate: 0.09u 0.04s 111109e 906544kB
after constantPropagate: 0.09u 0.04s 111109e 906544kB
before removeUnusedSignals circuit: 0.09u 0.04s 111109e 906544kB
after removeUnusedSignals circuit: 0.09u 0.04s 111109e 906544kB
before optimize latch enable: 0.09u 0.04s 111109e 906544kB
after optimize latch enable: 0.09u 0.04s 111109e 906544kB
before removeReadAfterMissingWrite: 0.09u 0.04s 111109e 906544kB
after removeReadAfterMissingWrite: 0.09u 0.04s 111109e 906544kB
before undoDimensionalSplitOfMemories: 0.09u 0.04s 111109e 906544kB
after undoDimensionalSplitOfMemories: 0.09u 0.04s 111109e 906544kB
before extractMemories: 0.09u 0.04s 111109e 906544kB
after extractMemories: 0.09u 0.04s 111109e 906544kB
before extractHolds: 0.09u 0.04s 111109e 906544kB
after extractHolds: 0.09u 0.04s 111109e 906544kB
before simplifyAdders: 0.09u 0.04s 111109e 906544kB
after simplifyAdders: 0.09u 0.04s 111109e 906544kB
before optimizeLessThan: 0.09u 0.04s 111109e 906544kB
after optimizeLessThan: 0.09u 0.04s 111109e 906544kB
before reportUnresolvedType: 0.09u 0.04s 111109e 906544kB
after reportUnresolvedType: 0.09u 0.04s 111109e 906544kB
before dumpingPerModuleScm : 0.09u 0.04s 111109e 906544kB
after dumpingPerModuleScm : 0.09u 0.04s 111109e 906544kB

Processing ZebuClockDetectFront_30
before constantPropagate: 0.09u 0.04s 111109e 906544kB
after constantPropagate: 0.09u 0.04s 111109e 906544kB
before removeUnusedSignals circuit: 0.09u 0.04s 111109e 906544kB
after removeUnusedSignals circuit: 0.09u 0.04s 111109e 906544kB
before optimize latch enable: 0.09u 0.04s 111109e 906544kB
after optimize latch enable: 0.09u 0.04s 111109e 906544kB
before removeReadAfterMissingWrite: 0.09u 0.04s 111109e 906544kB
after removeReadAfterMissingWrite: 0.09u 0.04s 111109e 906544kB
before undoDimensionalSplitOfMemories: 0.09u 0.04s 111109e 906544kB
after undoDimensionalSplitOfMemories: 0.09u 0.04s 111109e 906544kB
before extractMemories: 0.09u 0.04s 111109e 906544kB
after extractMemories: 0.09u 0.04s 111109e 906544kB
before extractHolds: 0.09u 0.04s 111109e 906544kB
after extractHolds: 0.09u 0.04s 111109e 906544kB
before simplifyAdders: 0.09u 0.04s 111109e 906544kB
after simplifyAdders: 0.09u 0.04s 111109e 906544kB
before optimizeLessThan: 0.09u 0.04s 111109e 906544kB
after optimizeLessThan: 0.09u 0.04s 111109e 906544kB
before reportUnresolvedType: 0.09u 0.04s 111109e 906544kB
after reportUnresolvedType: 0.09u 0.04s 111109e 906544kB
before dumpingPerModuleScm : 0.09u 0.04s 111109e 906544kB
after dumpingPerModuleScm : 0.09u 0.04s 111109e 906544kB

Processing dm_clock_gate
before constantPropagate: 0.09u 0.04s 111109e 906544kB
after constantPropagate: 0.09u 0.04s 111109e 906544kB
before removeUnusedSignals circuit: 0.09u 0.04s 111109e 906544kB
after removeUnusedSignals circuit: 0.09u 0.04s 111109e 906544kB
before optimize latch enable: 0.09u 0.04s 111109e 906544kB
after optimize latch enable: 0.09u 0.04s 111109e 906544kB
before removeReadAfterMissingWrite: 0.09u 0.04s 111109e 906544kB
after removeReadAfterMissingWrite: 0.09u 0.04s 111109e 906544kB
before undoDimensionalSplitOfMemories: 0.09u 0.04s 111109e 906544kB
after undoDimensionalSplitOfMemories: 0.09u 0.04s 111109e 906544kB
before extractMemories: 0.09u 0.04s 111109e 906544kB
after extractMemories: 0.09u 0.04s 111109e 906544kB
before extractHolds: 0.09u 0.04s 111109e 906544kB
after extractHolds: 0.09u 0.04s 111109e 906544kB
before simplifyAdders: 0.09u 0.04s 111109e 906544kB
after simplifyAdders: 0.09u 0.04s 111109e 906544kB
before optimizeLessThan: 0.09u 0.04s 111109e 906544kB
after optimizeLessThan: 0.09u 0.04s 111109e 906544kB
before reportUnresolvedType: 0.09u 0.04s 111109e 906544kB
after reportUnresolvedType: 0.09u 0.04s 111109e 906544kB
before dumpingPerModuleScm : 0.09u 0.04s 111109e 906544kB
after dumpingPerModuleScm : 0.09u 0.04s 111109e 906544kB

Processing safety_iso_sync
before constantPropagate: 0.09u 0.04s 111109e 906544kB
after constantPropagate: 0.09u 0.04s 111109e 906544kB
before removeUnusedSignals circuit: 0.09u 0.04s 111109e 906544kB
after removeUnusedSignals circuit: 0.09u 0.04s 111109e 906544kB
before optimize latch enable: 0.09u 0.04s 111109e 906544kB
after optimize latch enable: 0.09u 0.04s 111109e 906544kB
before removeReadAfterMissingWrite: 0.09u 0.04s 111109e 906544kB
after removeReadAfterMissingWrite: 0.09u 0.04s 111109e 906544kB
before undoDimensionalSplitOfMemories: 0.09u 0.04s 111109e 906544kB
after undoDimensionalSplitOfMemories: 0.09u 0.04s 111109e 906544kB
before extractMemories: 0.09u 0.04s 111109e 906544kB
after extractMemories: 0.09u 0.04s 111109e 906544kB
before extractHolds: 0.09u 0.04s 111109e 906544kB
after extractHolds: 0.09u 0.04s 111109e 906544kB
before simplifyAdders: 0.09u 0.04s 111109e 906544kB
after simplifyAdders: 0.09u 0.04s 111109e 906544kB
before optimizeLessThan: 0.09u 0.04s 111109e 906544kB
after optimizeLessThan: 0.09u 0.04s 111109e 906544kB
before reportUnresolvedType: 0.09u 0.04s 111109e 906544kB
after reportUnresolvedType: 0.09u 0.04s 111109e 906544kB
before dumpingPerModuleScm : 0.09u 0.04s 111109e 906544kB
after dumpingPerModuleScm : 0.09u 0.04s 111109e 906544kB

Processing dw_dbp_cdc_sync
before constantPropagate: 0.09u 0.04s 111109e 906544kB
after constantPropagate: 0.09u 0.04s 111109e 906544kB
before removeUnusedSignals circuit: 0.09u 0.04s 111109e 906544kB
after removeUnusedSignals circuit: 0.09u 0.04s 111109e 906544kB
before optimize latch enable: 0.09u 0.04s 111109e 906544kB
after optimize latch enable: 0.09u 0.04s 111109e 906544kB
before removeReadAfterMissingWrite: 0.09u 0.04s 111109e 906544kB
after removeReadAfterMissingWrite: 0.09u 0.04s 111109e 906544kB
before undoDimensionalSplitOfMemories: 0.09u 0.04s 111109e 906544kB
after undoDimensionalSplitOfMemories: 0.09u 0.04s 111109e 906544kB
before extractMemories: 0.09u 0.04s 111109e 906544kB
after extractMemories: 0.09u 0.04s 111109e 906544kB
before extractHolds: 0.09u 0.04s 111109e 906544kB
after extractHolds: 0.09u 0.04s 111109e 906544kB
before simplifyAdders: 0.09u 0.04s 111109e 906544kB
after simplifyAdders: 0.09u 0.04s 111109e 906544kB
before optimizeLessThan: 0.09u 0.04s 111109e 906544kB
after optimizeLessThan: 0.09u 0.04s 111109e 906544kB
before reportUnresolvedType: 0.09u 0.04s 111109e 906544kB
after reportUnresolvedType: 0.09u 0.04s 111109e 906544kB
before dumpingPerModuleScm : 0.09u 0.04s 111109e 906544kB
after dumpingPerModuleScm : 0.09u 0.04s 111109e 906544kB

Processing dwt_reset_ctrl
before constantPropagate: 0.09u 0.04s 111109e 906544kB
after constantPropagate: 0.09u 0.04s 111109e 906544kB
before removeUnusedSignals circuit: 0.09u 0.04s 111109e 906544kB
after removeUnusedSignals circuit: 0.09u 0.04s 111109e 906544kB
before optimize latch enable: 0.09u 0.04s 111109e 906544kB
after optimize latch enable: 0.09u 0.04s 111109e 906544kB
before removeReadAfterMissingWrite: 0.09u 0.04s 111109e 906544kB
after removeReadAfterMissingWrite: 0.09u 0.04s 111109e 906544kB
before undoDimensionalSplitOfMemories: 0.09u 0.04s 111109e 906544kB
after undoDimensionalSplitOfMemories: 0.09u 0.04s 111109e 906544kB
before extractMemories: 0.09u 0.04s 111109e 906544kB
after extractMemories: 0.09u 0.04s 111109e 906544kB
before extractHolds: 0.09u 0.04s 111109e 906544kB
after extractHolds: 0.09u 0.04s 111109e 906544kB
before simplifyAdders: 0.09u 0.04s 111109e 906544kB
after simplifyAdders: 0.09u 0.04s 111109e 906544kB
before optimizeLessThan: 0.09u 0.04s 111109e 906544kB
after optimizeLessThan: 0.09u 0.04s 111109e 906544kB
before reportUnresolvedType: 0.09u 0.04s 111109e 906544kB
after reportUnresolvedType: 0.09u 0.04s 111109e 906544kB
before dumpingPerModuleScm : 0.09u 0.04s 111109e 906544kB
after dumpingPerModuleScm : 0.09u 0.04s 111109e 906544kB

Processing dwt_debug_port
before constantPropagate: 0.09u 0.04s 111109e 906544kB
after constantPropagate: 0.09u 0.04s 111109e 906544kB
before removeUnusedSignals circuit: 0.09u 0.04s 111109e 906544kB
after removeUnusedSignals circuit: 0.09u 0.04s 111109e 906544kB
before optimize latch enable: 0.09u 0.04s 111109e 906544kB
after optimize latch enable: 0.09u 0.04s 111109e 906544kB
before removeReadAfterMissingWrite: 0.09u 0.04s 111109e 906544kB
after removeReadAfterMissingWrite: 0.09u 0.04s 111109e 906544kB
before undoDimensionalSplitOfMemories: 0.09u 0.04s 111109e 906544kB
after undoDimensionalSplitOfMemories: 0.09u 0.04s 111109e 906544kB
before extractMemories: 0.1u 0.04s 111109e 906544kB
after extractMemories: 0.1u 0.04s 111109e 906544kB
before extractHolds: 0.1u 0.04s 111109e 906544kB
after extractHolds: 0.1u 0.04s 111187e 906544kB
before simplifyAdders: 0.1u 0.04s 111187e 906544kB
after simplifyAdders: 0.1u 0.04s 111187e 906544kB
before optimizeLessThan: 0.1u 0.04s 111187e 906544kB
after optimizeLessThan: 0.1u 0.04s 111187e 906544kB
before reportUnresolvedType: 0.1u 0.04s 111187e 906544kB
after reportUnresolvedType: 0.11u 0.04s 111187e 906544kB
before dumpingPerModuleScm : 0.11u 0.04s 111187e 906544kB
after dumpingPerModuleScm : 0.11u 0.04s 111187e 906544kB

Processing arcv_wdt_synch
before constantPropagate: 0.11u 0.04s 111187e 906544kB
after constantPropagate: 0.11u 0.04s 111187e 906544kB
before removeUnusedSignals circuit: 0.11u 0.04s 111187e 906544kB
after removeUnusedSignals circuit: 0.11u 0.04s 111187e 906544kB
before optimize latch enable: 0.11u 0.04s 111187e 906544kB
after optimize latch enable: 0.11u 0.04s 111187e 906544kB
before removeReadAfterMissingWrite: 0.11u 0.04s 111187e 906544kB
after removeReadAfterMissingWrite: 0.11u 0.04s 111187e 906544kB
before undoDimensionalSplitOfMemories: 0.11u 0.04s 111187e 906544kB
after undoDimensionalSplitOfMemories: 0.11u 0.04s 111187e 906544kB
before extractMemories: 0.11u 0.04s 111187e 906544kB
after extractMemories: 0.11u 0.04s 111187e 906544kB
before extractHolds: 0.11u 0.04s 111187e 906544kB
after extractHolds: 0.11u 0.04s 111187e 906544kB
before simplifyAdders: 0.11u 0.04s 111187e 906544kB
after simplifyAdders: 0.11u 0.04s 111187e 906544kB
before optimizeLessThan: 0.11u 0.04s 111187e 906544kB
after optimizeLessThan: 0.11u 0.04s 111187e 906544kB
before reportUnresolvedType: 0.11u 0.04s 111187e 906544kB
after reportUnresolvedType: 0.11u 0.04s 111187e 906544kB
before dumpingPerModuleScm : 0.11u 0.04s 111187e 906544kB
after dumpingPerModuleScm : 0.11u 0.04s 111187e 906544kB

Processing ls_compare_unit_0003
before constantPropagate: 0.11u 0.04s 111187e 906544kB
after constantPropagate: 0.11u 0.04s 111187e 906544kB
before removeUnusedSignals circuit: 0.11u 0.04s 111187e 906544kB
after removeUnusedSignals circuit: 0.11u 0.04s 111187e 906544kB
before optimize latch enable: 0.11u 0.04s 111187e 906544kB
after optimize latch enable: 0.11u 0.04s 111187e 906544kB
before removeReadAfterMissingWrite: 0.11u 0.04s 111187e 906544kB
after removeReadAfterMissingWrite: 0.11u 0.04s 111187e 906544kB
before undoDimensionalSplitOfMemories: 0.11u 0.04s 111187e 906544kB
after undoDimensionalSplitOfMemories: 0.11u 0.04s 111187e 906544kB
before extractMemories: 0.11u 0.04s 111187e 906544kB
after extractMemories: 0.11u 0.04s 111187e 906544kB
before extractHolds: 0.11u 0.04s 111187e 906544kB
after extractHolds: 0.11u 0.04s 111187e 906544kB
before simplifyAdders: 0.11u 0.04s 111187e 906544kB
after simplifyAdders: 0.11u 0.04s 111187e 906544kB
before optimizeLessThan: 0.11u 0.04s 111187e 906544kB
after optimizeLessThan: 0.11u 0.04s 111187e 906544kB
before reportUnresolvedType: 0.11u 0.04s 111187e 906544kB
after reportUnresolvedType: 0.11u 0.04s 111187e 906544kB
before dumpingPerModuleScm : 0.11u 0.04s 111187e 906544kB
after dumpingPerModuleScm : 0.11u 0.04s 111187e 906544kB

Processing ls_compare_unit_000A
before constantPropagate: 0.11u 0.04s 111187e 906544kB
after constantPropagate: 0.11u 0.04s 111187e 906544kB
before removeUnusedSignals circuit: 0.11u 0.04s 111187e 906544kB
after removeUnusedSignals circuit: 0.11u 0.04s 111187e 906544kB
before optimize latch enable: 0.11u 0.04s 111187e 906544kB
after optimize latch enable: 0.11u 0.04s 111187e 906544kB
before removeReadAfterMissingWrite: 0.11u 0.04s 111187e 906544kB
after removeReadAfterMissingWrite: 0.11u 0.04s 111187e 906544kB
before undoDimensionalSplitOfMemories: 0.11u 0.04s 111187e 906544kB
after undoDimensionalSplitOfMemories: 0.11u 0.04s 111187e 906544kB
before extractMemories: 0.11u 0.04s 111187e 906544kB
after extractMemories: 0.11u 0.04s 111187e 906544kB
before extractHolds: 0.11u 0.04s 111187e 906544kB
after extractHolds: 0.11u 0.04s 111187e 906544kB
before simplifyAdders: 0.11u 0.04s 111187e 906544kB
after simplifyAdders: 0.11u 0.04s 111187e 906544kB
before optimizeLessThan: 0.11u 0.04s 111187e 906544kB
after optimizeLessThan: 0.11u 0.04s 111187e 906544kB
before reportUnresolvedType: 0.11u 0.04s 111187e 906544kB
after reportUnresolvedType: 0.11u 0.04s 111187e 906544kB
before dumpingPerModuleScm : 0.11u 0.04s 111187e 906544kB
after dumpingPerModuleScm : 0.11u 0.04s 111187e 906544kB

Processing ls_error_register_0000
before constantPropagate: 0.11u 0.04s 111187e 906544kB
after constantPropagate: 0.11u 0.04s 111187e 906544kB
before removeUnusedSignals circuit: 0.11u 0.04s 111187e 906544kB
after removeUnusedSignals circuit: 0.11u 0.04s 111187e 906544kB
before optimize latch enable: 0.11u 0.04s 111187e 906544kB
after optimize latch enable: 0.11u 0.04s 111187e 906544kB
before removeReadAfterMissingWrite: 0.11u 0.04s 111187e 906544kB
after removeReadAfterMissingWrite: 0.11u 0.04s 111187e 906544kB
before undoDimensionalSplitOfMemories: 0.11u 0.04s 111187e 906544kB
after undoDimensionalSplitOfMemories: 0.11u 0.04s 111187e 906544kB
before extractMemories: 0.11u 0.04s 111187e 906544kB
after extractMemories: 0.11u 0.04s 111187e 906544kB
before extractHolds: 0.11u 0.04s 111187e 906544kB
after extractHolds: 0.11u 0.04s 111187e 906544kB
before simplifyAdders: 0.11u 0.04s 111187e 906544kB
after simplifyAdders: 0.11u 0.04s 111187e 906544kB
before optimizeLessThan: 0.11u 0.04s 111187e 906544kB
after optimizeLessThan: 0.11u 0.04s 111187e 906544kB
before reportUnresolvedType: 0.11u 0.04s 111187e 906544kB
after reportUnresolvedType: 0.11u 0.04s 111187e 906544kB
before dumpingPerModuleScm : 0.11u 0.04s 111187e 906544kB
after dumpingPerModuleScm : 0.11u 0.05s 111187e 906544kB

Processing ZebuClockDetectFront_0
before constantPropagate: 0.11u 0.05s 111187e 906544kB
after constantPropagate: 0.11u 0.05s 111187e 906544kB
before removeUnusedSignals circuit: 0.11u 0.05s 111187e 906544kB
after removeUnusedSignals circuit: 0.11u 0.05s 111187e 906544kB
before optimize latch enable: 0.11u 0.05s 111187e 906544kB
after optimize latch enable: 0.11u 0.05s 111187e 906544kB
before removeReadAfterMissingWrite: 0.11u 0.05s 111187e 906544kB
after removeReadAfterMissingWrite: 0.11u 0.05s 111187e 906544kB
before undoDimensionalSplitOfMemories: 0.11u 0.05s 111187e 906544kB
after undoDimensionalSplitOfMemories: 0.11u 0.05s 111187e 906544kB
before extractMemories: 0.11u 0.05s 111187e 906544kB
after extractMemories: 0.11u 0.05s 111187e 906544kB
before extractHolds: 0.11u 0.05s 111187e 906544kB
after extractHolds: 0.11u 0.05s 111187e 906544kB
before simplifyAdders: 0.11u 0.05s 111187e 906544kB
after simplifyAdders: 0.11u 0.05s 111187e 906544kB
before optimizeLessThan: 0.11u 0.05s 111187e 906544kB
after optimizeLessThan: 0.11u 0.05s 111187e 906544kB
before reportUnresolvedType: 0.11u 0.05s 111187e 906544kB
after reportUnresolvedType: 0.11u 0.05s 111187e 906544kB
before dumpingPerModuleScm : 0.11u 0.05s 111187e 906544kB
after dumpingPerModuleScm : 0.12u 0.05s 111187e 906544kB

Processing rl_ifu_fetcher
before constantPropagate: 0.12u 0.05s 111187e 906544kB
after constantPropagate: 0.12u 0.05s 111187e 906544kB
before removeUnusedSignals circuit: 0.12u 0.05s 111187e 906544kB
after removeUnusedSignals circuit: 0.12u 0.05s 111187e 906544kB
before optimize latch enable: 0.12u 0.05s 111187e 906544kB
after optimize latch enable: 0.12u 0.05s 111187e 906544kB
before removeReadAfterMissingWrite: 0.12u 0.05s 111187e 906544kB
after removeReadAfterMissingWrite: 0.12u 0.05s 111187e 906544kB
before undoDimensionalSplitOfMemories: 0.12u 0.05s 111187e 906544kB
after undoDimensionalSplitOfMemories: 0.12u 0.05s 111187e 906544kB
before extractMemories: 0.12u 0.05s 111187e 906544kB
after extractMemories: 0.12u 0.05s 111187e 906544kB
before extractHolds: 0.12u 0.05s 111187e 906544kB
after extractHolds: 0.12u 0.05s 111191e 906544kB
before simplifyAdders: 0.12u 0.05s 111191e 906544kB
after simplifyAdders: 0.12u 0.05s 111191e 906544kB
before optimizeLessThan: 0.12u 0.05s 111191e 906544kB
after optimizeLessThan: 0.12u 0.05s 111191e 906544kB
before reportUnresolvedType: 0.12u 0.05s 111191e 906544kB
after reportUnresolvedType: 0.12u 0.05s 111191e 906544kB
before dumpingPerModuleScm : 0.12u 0.05s 111191e 906544kB
after dumpingPerModuleScm : 0.12u 0.05s 111191e 906544kB

Processing ic_data_ecc_decoder
before constantPropagate: 0.12u 0.05s 111191e 906544kB
after constantPropagate: 0.12u 0.05s 111191e 906544kB
before removeUnusedSignals circuit: 0.12u 0.05s 111191e 906544kB
after removeUnusedSignals circuit: 0.12u 0.05s 111191e 906544kB
before optimize latch enable: 0.12u 0.05s 111191e 906544kB
after optimize latch enable: 0.12u 0.05s 111191e 906544kB
before removeReadAfterMissingWrite: 0.12u 0.05s 111191e 906544kB
after removeReadAfterMissingWrite: 0.12u 0.05s 111191e 906544kB
before undoDimensionalSplitOfMemories: 0.12u 0.05s 111191e 906544kB
after undoDimensionalSplitOfMemories: 0.12u 0.05s 111191e 906544kB
before extractMemories: 0.12u 0.05s 111191e 906544kB
after extractMemories: 0.12u 0.05s 111191e 906544kB
before extractHolds: 0.12u 0.05s 111191e 906544kB
after extractHolds: 0.12u 0.05s 111191e 906544kB
before simplifyAdders: 0.12u 0.05s 111191e 906544kB
after simplifyAdders: 0.12u 0.05s 111191e 906544kB
before optimizeLessThan: 0.12u 0.05s 111191e 906544kB
after optimizeLessThan: 0.12u 0.05s 111191e 906544kB
before reportUnresolvedType: 0.12u 0.05s 111191e 906544kB
after reportUnresolvedType: 0.12u 0.05s 111191e 906544kB
before dumpingPerModuleScm : 0.12u 0.05s 111191e 906544kB
after dumpingPerModuleScm : 0.12u 0.05s 111191e 906544kB

Processing rl_bypass
before constantPropagate: 0.12u 0.05s 111191e 906544kB
after constantPropagate: 0.12u 0.05s 111191e 906544kB
before removeUnusedSignals circuit: 0.12u 0.05s 111191e 906544kB
after removeUnusedSignals circuit: 0.12u 0.05s 111191e 906544kB
before optimize latch enable: 0.12u 0.05s 111191e 906544kB
after optimize latch enable: 0.12u 0.05s 111191e 906544kB
before removeReadAfterMissingWrite: 0.12u 0.05s 111191e 906544kB
after removeReadAfterMissingWrite: 0.12u 0.05s 111191e 906544kB
before undoDimensionalSplitOfMemories: 0.12u 0.05s 111191e 906544kB
after undoDimensionalSplitOfMemories: 0.12u 0.05s 111191e 906544kB
before extractMemories: 0.12u 0.05s 111191e 906544kB
after extractMemories: 0.12u 0.05s 111191e 906544kB
before extractHolds: 0.12u 0.05s 111191e 906544kB
after extractHolds: 0.12u 0.05s 111191e 906544kB
before simplifyAdders: 0.12u 0.05s 111191e 906544kB
after simplifyAdders: 0.12u 0.05s 111191e 906544kB
before optimizeLessThan: 0.12u 0.05s 111191e 906544kB
after optimizeLessThan: 0.12u 0.05s 111191e 906544kB
before reportUnresolvedType: 0.12u 0.05s 111191e 906544kB
after reportUnresolvedType: 0.12u 0.05s 111191e 906544kB
before dumpingPerModuleScm : 0.12u 0.05s 111191e 906544kB
after dumpingPerModuleScm : 0.12u 0.05s 111191e 906544kB

Processing rl_bitscan_16b
before constantPropagate: 0.12u 0.05s 111191e 906544kB
after constantPropagate: 0.12u 0.05s 111191e 906544kB
before removeUnusedSignals circuit: 0.12u 0.05s 111191e 906544kB
after removeUnusedSignals circuit: 0.12u 0.05s 111191e 906544kB
before optimize latch enable: 0.12u 0.05s 111191e 906544kB
after optimize latch enable: 0.12u 0.05s 111191e 906544kB
before removeReadAfterMissingWrite: 0.12u 0.05s 111191e 906544kB
after removeReadAfterMissingWrite: 0.12u 0.05s 111191e 906544kB
before undoDimensionalSplitOfMemories: 0.12u 0.05s 111191e 906544kB
after undoDimensionalSplitOfMemories: 0.12u 0.05s 111191e 906544kB
before extractMemories: 0.12u 0.05s 111191e 906544kB
after extractMemories: 0.12u 0.05s 111191e 906544kB
before extractHolds: 0.12u 0.05s 111191e 906544kB
after extractHolds: 0.12u 0.05s 111191e 906544kB
before simplifyAdders: 0.12u 0.05s 111191e 906544kB
after simplifyAdders: 0.12u 0.05s 111191e 906544kB
before optimizeLessThan: 0.12u 0.05s 111191e 906544kB
after optimizeLessThan: 0.12u 0.05s 111191e 906544kB
before reportUnresolvedType: 0.12u 0.05s 111191e 906544kB
after reportUnresolvedType: 0.12u 0.05s 111191e 906544kB
before dumpingPerModuleScm : 0.13u 0.05s 111191e 906544kB
after dumpingPerModuleScm : 0.13u 0.05s 111191e 906544kB

Processing rl_wtree_comp522
before constantPropagate: 0.13u 0.05s 111191e 906544kB
after constantPropagate: 0.13u 0.05s 111191e 906544kB
before removeUnusedSignals circuit: 0.13u 0.05s 111191e 906544kB
after removeUnusedSignals circuit: 0.13u 0.05s 111191e 906544kB
before optimize latch enable: 0.13u 0.05s 111191e 906544kB
after optimize latch enable: 0.13u 0.05s 111191e 906544kB
before removeReadAfterMissingWrite: 0.13u 0.05s 111191e 906544kB
after removeReadAfterMissingWrite: 0.13u 0.05s 111191e 906544kB
before undoDimensionalSplitOfMemories: 0.13u 0.05s 111191e 906544kB
after undoDimensionalSplitOfMemories: 0.13u 0.05s 111191e 906544kB
before extractMemories: 0.13u 0.05s 111191e 906544kB
after extractMemories: 0.13u 0.05s 111191e 906544kB
before extractHolds: 0.13u 0.05s 111191e 906544kB
after extractHolds: 0.13u 0.05s 111191e 906544kB
before simplifyAdders: 0.13u 0.05s 111191e 906544kB
after simplifyAdders: 0.13u 0.05s 111191e 906544kB
before optimizeLessThan: 0.13u 0.05s 111191e 906544kB
after optimizeLessThan: 0.13u 0.05s 111191e 906544kB
before reportUnresolvedType: 0.13u 0.05s 111191e 906544kB
after reportUnresolvedType: 0.13u 0.05s 111191e 906544kB
before dumpingPerModuleScm : 0.13u 0.05s 111191e 906544kB
after dumpingPerModuleScm : 0.13u 0.05s 111191e 906544kB

Processing rl_bitscan_32b
before constantPropagate: 0.13u 0.05s 111191e 906544kB
after constantPropagate: 0.13u 0.05s 111191e 906544kB
before removeUnusedSignals circuit: 0.13u 0.05s 111191e 906544kB
after removeUnusedSignals circuit: 0.13u 0.05s 111191e 906544kB
before optimize latch enable: 0.13u 0.05s 111191e 906544kB
after optimize latch enable: 0.13u 0.05s 111191e 906544kB
before removeReadAfterMissingWrite: 0.13u 0.05s 111191e 906544kB
after removeReadAfterMissingWrite: 0.13u 0.05s 111191e 906544kB
before undoDimensionalSplitOfMemories: 0.13u 0.05s 111191e 906544kB
after undoDimensionalSplitOfMemories: 0.13u 0.05s 111191e 906544kB
before extractMemories: 0.13u 0.05s 111191e 906544kB
after extractMemories: 0.13u 0.05s 111191e 906544kB
before extractHolds: 0.13u 0.05s 111191e 906544kB
after extractHolds: 0.13u 0.05s 111191e 906544kB
before simplifyAdders: 0.13u 0.05s 111191e 906544kB
after simplifyAdders: 0.13u 0.05s 111191e 906544kB
before optimizeLessThan: 0.13u 0.05s 111191e 906544kB
after optimizeLessThan: 0.13u 0.05s 111191e 906544kB
before reportUnresolvedType: 0.13u 0.05s 111191e 906544kB
after reportUnresolvedType: 0.13u 0.05s 111191e 906544kB
before dumpingPerModuleScm : 0.13u 0.05s 111191e 906544kB
after dumpingPerModuleScm : 0.13u 0.05s 111191e 906544kB

Processing rl_complete
before constantPropagate: 0.13u 0.05s 111191e 906544kB
after constantPropagate: 0.13u 0.05s 111191e 906544kB
before removeUnusedSignals circuit: 0.13u 0.05s 111191e 906544kB
after removeUnusedSignals circuit: 0.13u 0.05s 111191e 906544kB
before optimize latch enable: 0.13u 0.05s 111191e 906544kB
after optimize latch enable: 0.13u 0.05s 111191e 906544kB
before removeReadAfterMissingWrite: 0.13u 0.05s 111191e 906544kB
after removeReadAfterMissingWrite: 0.13u 0.05s 111191e 906544kB
before undoDimensionalSplitOfMemories: 0.13u 0.05s 111191e 906544kB
after undoDimensionalSplitOfMemories: 0.13u 0.05s 111191e 906544kB
before extractMemories: 0.13u 0.05s 111191e 906544kB
after extractMemories: 0.13u 0.05s 111191e 906544kB
before extractHolds: 0.13u 0.05s 111191e 906544kB
after extractHolds: 0.13u 0.05s 111191e 906544kB
before simplifyAdders: 0.13u 0.05s 111191e 906544kB
after simplifyAdders: 0.13u 0.05s 111191e 906544kB
before optimizeLessThan: 0.13u 0.05s 111191e 906544kB
after optimizeLessThan: 0.13u 0.05s 111191e 906544kB
before reportUnresolvedType: 0.13u 0.05s 111191e 906544kB
after reportUnresolvedType: 0.13u 0.05s 111191e 906544kB
before dumpingPerModuleScm : 0.13u 0.05s 111191e 906544kB
after dumpingPerModuleScm : 0.13u 0.05s 111191e 906544kB

Processing rl_dmp_dccm
before constantPropagate: 0.13u 0.05s 111191e 906544kB
after constantPropagate: 0.13u 0.05s 111191e 906544kB
before removeUnusedSignals circuit: 0.13u 0.05s 111191e 906544kB
after removeUnusedSignals circuit: 0.13u 0.05s 111191e 906544kB
before optimize latch enable: 0.13u 0.05s 111191e 906544kB
after optimize latch enable: 0.13u 0.05s 111191e 906544kB
before removeReadAfterMissingWrite: 0.13u 0.05s 111191e 906544kB
after removeReadAfterMissingWrite: 0.13u 0.05s 111191e 906544kB
before undoDimensionalSplitOfMemories: 0.13u 0.05s 111191e 906544kB
after undoDimensionalSplitOfMemories: 0.13u 0.05s 111191e 906544kB
before extractMemories: 0.13u 0.05s 111191e 906544kB
after extractMemories: 0.13u 0.05s 111191e 906544kB
before extractHolds: 0.13u 0.05s 111191e 906544kB
after extractHolds: 0.13u 0.05s 111192e 906544kB
before simplifyAdders: 0.13u 0.05s 111192e 906544kB
after simplifyAdders: 0.13u 0.05s 111192e 906544kB
before optimizeLessThan: 0.13u 0.05s 111192e 906544kB
after optimizeLessThan: 0.13u 0.05s 111192e 906544kB
before reportUnresolvedType: 0.13u 0.05s 111192e 906544kB
after reportUnresolvedType: 0.13u 0.05s 111192e 906544kB
before dumpingPerModuleScm : 0.13u 0.05s 111192e 906544kB
after dumpingPerModuleScm : 0.14u 0.05s 111192e 906544kB

Processing rl_dmp_csr
before constantPropagate: 0.14u 0.05s 111192e 906544kB
after constantPropagate: 0.14u 0.05s 111192e 906544kB
before removeUnusedSignals circuit: 0.14u 0.05s 111192e 906544kB
after removeUnusedSignals circuit: 0.14u 0.05s 111192e 906544kB
before optimize latch enable: 0.14u 0.05s 111192e 906544kB
after optimize latch enable: 0.14u 0.05s 111192e 906544kB
before removeReadAfterMissingWrite: 0.14u 0.05s 111192e 906544kB
after removeReadAfterMissingWrite: 0.14u 0.05s 111192e 906544kB
before undoDimensionalSplitOfMemories: 0.14u 0.05s 111192e 906544kB
after undoDimensionalSplitOfMemories: 0.14u 0.05s 111192e 906544kB
before extractMemories: 0.14u 0.05s 111192e 906544kB
after extractMemories: 0.14u 0.05s 111192e 906544kB
before extractHolds: 0.14u 0.05s 111192e 906544kB
after extractHolds: 0.14u 0.05s 111192e 906544kB
before simplifyAdders: 0.14u 0.05s 111192e 906544kB
after simplifyAdders: 0.14u 0.05s 111192e 906544kB
before optimizeLessThan: 0.14u 0.05s 111192e 906544kB
after optimizeLessThan: 0.14u 0.05s 111192e 906544kB
before reportUnresolvedType: 0.14u 0.05s 111192e 906544kB
after reportUnresolvedType: 0.14u 0.05s 111192e 906544kB
before dumpingPerModuleScm : 0.14u 0.05s 111192e 906544kB
after dumpingPerModuleScm : 0.14u 0.05s 111192e 906544kB

Processing rl_dmp
before constantPropagate: 0.14u 0.05s 111192e 906544kB
after constantPropagate: 0.14u 0.05s 111192e 906544kB
before removeUnusedSignals circuit: 0.14u 0.05s 111192e 906544kB
after removeUnusedSignals circuit: 0.14u 0.05s 111192e 906544kB
before optimize latch enable: 0.14u 0.05s 111192e 906544kB
after optimize latch enable: 0.14u 0.05s 111192e 906544kB
before removeReadAfterMissingWrite: 0.14u 0.05s 111192e 906544kB
after removeReadAfterMissingWrite: 0.14u 0.05s 111192e 906544kB
before undoDimensionalSplitOfMemories: 0.14u 0.05s 111192e 906544kB
after undoDimensionalSplitOfMemories: 0.14u 0.05s 111192e 906544kB
before extractMemories: 0.14u 0.05s 111192e 906544kB
after extractMemories: 0.14u 0.05s 111192e 906544kB
before extractHolds: 0.14u 0.05s 111192e 906544kB
after extractHolds: 0.14u 0.05s 111200e 906544kB
before simplifyAdders: 0.15u 0.05s 111200e 906544kB
after simplifyAdders: 0.15u 0.05s 111200e 906544kB
before optimizeLessThan: 0.15u 0.05s 111200e 906544kB
after optimizeLessThan: 0.15u 0.05s 111200e 906544kB
before reportUnresolvedType: 0.15u 0.05s 111200e 906544kB
after reportUnresolvedType: 0.15u 0.05s 111200e 906544kB
before dumpingPerModuleScm : 0.15u 0.05s 111200e 906544kB
after dumpingPerModuleScm : 0.16u 0.05s 111200e 906544kB

Processing sr_err_aggr_0000_0000
before constantPropagate: 0.16u 0.05s 111200e 906544kB
after constantPropagate: 0.16u 0.05s 111200e 906544kB
before removeUnusedSignals circuit: 0.16u 0.05s 111200e 906544kB
after removeUnusedSignals circuit: 0.16u 0.05s 111200e 906544kB
before optimize latch enable: 0.16u 0.05s 111200e 906544kB
after optimize latch enable: 0.16u 0.05s 111200e 906544kB
before removeReadAfterMissingWrite: 0.16u 0.05s 111200e 906544kB
after removeReadAfterMissingWrite: 0.16u 0.05s 111200e 906544kB
before undoDimensionalSplitOfMemories: 0.16u 0.05s 111200e 906544kB
after undoDimensionalSplitOfMemories: 0.16u 0.05s 111200e 906544kB
before extractMemories: 0.16u 0.05s 111200e 906544kB
after extractMemories: 0.16u 0.05s 111200e 906544kB
before extractHolds: 0.16u 0.05s 111200e 906544kB
after extractHolds: 0.16u 0.05s 111200e 906544kB
before simplifyAdders: 0.16u 0.05s 111200e 906544kB
after simplifyAdders: 0.16u 0.05s 111200e 906544kB
before optimizeLessThan: 0.16u 0.05s 111200e 906544kB
after optimizeLessThan: 0.16u 0.05s 111200e 906544kB
before reportUnresolvedType: 0.16u 0.05s 111200e 906544kB
after reportUnresolvedType: 0.16u 0.05s 111200e 906544kB
before dumpingPerModuleScm : 0.16u 0.05s 111200e 906544kB
after dumpingPerModuleScm : 0.16u 0.05s 111200e 906544kB

Processing odd_pty_qual_dec_wrap_0000_0000
before constantPropagate: 0.16u 0.05s 111200e 906544kB
after constantPropagate: 0.16u 0.05s 111200e 906544kB
before removeUnusedSignals circuit: 0.16u 0.05s 111200e 906544kB
after removeUnusedSignals circuit: 0.16u 0.05s 111200e 906544kB
before optimize latch enable: 0.16u 0.05s 111200e 906544kB
after optimize latch enable: 0.16u 0.05s 111200e 906544kB
before removeReadAfterMissingWrite: 0.16u 0.05s 111200e 906544kB
after removeReadAfterMissingWrite: 0.16u 0.05s 111200e 906544kB
before undoDimensionalSplitOfMemories: 0.16u 0.05s 111200e 906544kB
after undoDimensionalSplitOfMemories: 0.16u 0.05s 111200e 906544kB
before extractMemories: 0.16u 0.05s 111200e 906544kB
after extractMemories: 0.16u 0.05s 111200e 906544kB
before extractHolds: 0.16u 0.05s 111200e 906544kB
after extractHolds: 0.16u 0.05s 111200e 906544kB
before simplifyAdders: 0.16u 0.05s 111200e 906544kB
after simplifyAdders: 0.16u 0.05s 111200e 906544kB
before optimizeLessThan: 0.16u 0.05s 111200e 906544kB
after optimizeLessThan: 0.16u 0.05s 111200e 906544kB
before reportUnresolvedType: 0.16u 0.05s 111200e 906544kB
after reportUnresolvedType: 0.16u 0.05s 111200e 906544kB
before dumpingPerModuleScm : 0.16u 0.05s 111200e 906544kB
after dumpingPerModuleScm : 0.16u 0.05s 111200e 906544kB

Processing rl_parity_gen_0000
before constantPropagate: 0.16u 0.05s 111200e 906544kB
after constantPropagate: 0.16u 0.05s 111200e 906544kB
before removeUnusedSignals circuit: 0.16u 0.05s 111200e 906544kB
after removeUnusedSignals circuit: 0.16u 0.05s 111200e 906544kB
before optimize latch enable: 0.16u 0.05s 111200e 906544kB
after optimize latch enable: 0.16u 0.05s 111200e 906544kB
before removeReadAfterMissingWrite: 0.16u 0.05s 111200e 906544kB
after removeReadAfterMissingWrite: 0.16u 0.05s 111200e 906544kB
before undoDimensionalSplitOfMemories: 0.16u 0.05s 111200e 906544kB
after undoDimensionalSplitOfMemories: 0.16u 0.05s 111200e 906544kB
before extractMemories: 0.16u 0.05s 111200e 906544kB
after extractMemories: 0.16u 0.05s 111200e 906544kB
before extractHolds: 0.16u 0.05s 111200e 906544kB
after extractHolds: 0.16u 0.05s 111200e 906544kB
before simplifyAdders: 0.16u 0.05s 111200e 906544kB
after simplifyAdders: 0.16u 0.05s 111200e 906544kB
before optimizeLessThan: 0.16u 0.05s 111200e 906544kB
after optimizeLessThan: 0.16u 0.05s 111200e 906544kB
before reportUnresolvedType: 0.16u 0.05s 111200e 906544kB
after reportUnresolvedType: 0.16u 0.05s 111200e 906544kB
before dumpingPerModuleScm : 0.16u 0.05s 111200e 906544kB
after dumpingPerModuleScm : 0.16u 0.06s 111200e 906544kB

Processing rl_per_ibp2ahb
before constantPropagate: 0.16u 0.06s 111200e 906544kB
after constantPropagate: 0.16u 0.06s 111200e 906544kB
before removeUnusedSignals circuit: 0.16u 0.06s 111200e 906544kB
after removeUnusedSignals circuit: 0.16u 0.06s 111200e 906544kB
before optimize latch enable: 0.16u 0.06s 111200e 906544kB
after optimize latch enable: 0.16u 0.06s 111200e 906544kB
before removeReadAfterMissingWrite: 0.16u 0.06s 111200e 906544kB
after removeReadAfterMissingWrite: 0.16u 0.06s 111200e 906544kB
before undoDimensionalSplitOfMemories: 0.16u 0.06s 111200e 906544kB
after undoDimensionalSplitOfMemories: 0.16u 0.06s 111200e 906544kB
before extractMemories: 0.16u 0.06s 111200e 906544kB
after extractMemories: 0.17u 0.06s 111200e 906544kB
before extractHolds: 0.17u 0.06s 111200e 906544kB
after extractHolds: 0.17u 0.06s 111200e 906544kB
before simplifyAdders: 0.17u 0.06s 111200e 906544kB
after simplifyAdders: 0.17u 0.06s 111200e 906544kB
before optimizeLessThan: 0.17u 0.06s 111200e 906544kB
after optimizeLessThan: 0.17u 0.06s 111200e 906544kB
before reportUnresolvedType: 0.17u 0.06s 111200e 906544kB
after reportUnresolvedType: 0.17u 0.06s 111200e 906544kB
before dumpingPerModuleScm : 0.17u 0.06s 111200e 906544kB
after dumpingPerModuleScm : 0.17u 0.06s 111200e 906544kB

Processing iprio_arb_4to1
before constantPropagate: 0.17u 0.06s 111200e 906544kB
after constantPropagate: 0.17u 0.06s 111200e 906544kB
before removeUnusedSignals circuit: 0.17u 0.06s 111200e 906544kB
after removeUnusedSignals circuit: 0.17u 0.06s 111200e 906544kB
before optimize latch enable: 0.17u 0.06s 111200e 906544kB
after optimize latch enable: 0.17u 0.06s 111200e 906544kB
before removeReadAfterMissingWrite: 0.17u 0.06s 111200e 906544kB
after removeReadAfterMissingWrite: 0.17u 0.06s 111200e 906544kB
before undoDimensionalSplitOfMemories: 0.17u 0.06s 111200e 906544kB
after undoDimensionalSplitOfMemories: 0.17u 0.06s 111200e 906544kB
before extractMemories: 0.17u 0.06s 111200e 906544kB
after extractMemories: 0.17u 0.06s 111200e 906544kB
before extractHolds: 0.17u 0.06s 111200e 906544kB
after extractHolds: 0.17u 0.06s 111200e 906544kB
before simplifyAdders: 0.17u 0.06s 111200e 906544kB
after simplifyAdders: 0.17u 0.06s 111200e 906544kB
before optimizeLessThan: 0.17u 0.06s 111200e 906544kB
after optimizeLessThan: 0.17u 0.06s 111200e 906544kB
before reportUnresolvedType: 0.17u 0.06s 111200e 906544kB
after reportUnresolvedType: 0.17u 0.06s 111200e 906544kB
before dumpingPerModuleScm : 0.17u 0.06s 111200e 906544kB
after dumpingPerModuleScm : 0.17u 0.06s 111200e 906544kB

Processing arcv_watchdog_ctrl
before constantPropagate: 0.17u 0.06s 111200e 906544kB
after constantPropagate: 0.17u 0.06s 111200e 906544kB
before removeUnusedSignals circuit: 0.17u 0.06s 111200e 906544kB
after removeUnusedSignals circuit: 0.17u 0.06s 111200e 906544kB
before optimize latch enable: 0.17u 0.06s 111200e 906544kB
after optimize latch enable: 0.17u 0.06s 111200e 906544kB
before removeReadAfterMissingWrite: 0.17u 0.06s 111200e 906544kB
after removeReadAfterMissingWrite: 0.17u 0.06s 111200e 906544kB
before undoDimensionalSplitOfMemories: 0.17u 0.06s 111200e 906544kB
after undoDimensionalSplitOfMemories: 0.17u 0.06s 111200e 906544kB
before extractMemories: 0.17u 0.06s 111200e 906544kB
after extractMemories: 0.17u 0.06s 111200e 906544kB
before extractHolds: 0.18u 0.06s 111200e 906544kB
after extractHolds: 0.18u 0.06s 111206e 906544kB
before simplifyAdders: 0.18u 0.06s 111206e 906544kB
after simplifyAdders: 0.18u 0.06s 111206e 906544kB
before optimizeLessThan: 0.18u 0.06s 111206e 906544kB
after optimizeLessThan: 0.18u 0.06s 111206e 906544kB
before reportUnresolvedType: 0.18u 0.06s 111206e 906544kB
after reportUnresolvedType: 0.18u 0.06s 111206e 906544kB
before dumpingPerModuleScm : 0.18u 0.06s 111206e 906544kB
after dumpingPerModuleScm : 0.18u 0.06s 111206e 906544kB

Processing odd_pty_di_dec_wrap_0000
before constantPropagate: 0.18u 0.06s 111206e 906544kB
after constantPropagate: 0.18u 0.06s 111206e 906544kB
before removeUnusedSignals circuit: 0.18u 0.06s 111206e 906544kB
after removeUnusedSignals circuit: 0.18u 0.06s 111206e 906544kB
before optimize latch enable: 0.18u 0.06s 111206e 906544kB
after optimize latch enable: 0.18u 0.06s 111206e 906544kB
before removeReadAfterMissingWrite: 0.18u 0.06s 111206e 906544kB
after removeReadAfterMissingWrite: 0.18u 0.06s 111206e 906544kB
before undoDimensionalSplitOfMemories: 0.18u 0.06s 111206e 906544kB
after undoDimensionalSplitOfMemories: 0.18u 0.06s 111206e 906544kB
before extractMemories: 0.18u 0.06s 111206e 906544kB
after extractMemories: 0.18u 0.06s 111206e 906544kB
before extractHolds: 0.18u 0.06s 111206e 906544kB
after extractHolds: 0.18u 0.06s 111206e 906544kB
before simplifyAdders: 0.18u 0.06s 111206e 906544kB
after simplifyAdders: 0.18u 0.06s 111206e 906544kB
before optimizeLessThan: 0.18u 0.06s 111206e 906544kB
after optimizeLessThan: 0.18u 0.06s 111206e 906544kB
before reportUnresolvedType: 0.18u 0.06s 111206e 906544kB
after reportUnresolvedType: 0.18u 0.06s 111206e 906544kB
before dumpingPerModuleScm : 0.18u 0.06s 111206e 906544kB
after dumpingPerModuleScm : 0.18u 0.06s 111206e 906544kB

Processing rl_sfty_mnt_reg_agent
before constantPropagate: 0.18u 0.06s 111206e 906544kB
after constantPropagate: 0.18u 0.06s 111206e 906544kB
before removeUnusedSignals circuit: 0.18u 0.06s 111206e 906544kB
after removeUnusedSignals circuit: 0.18u 0.06s 111206e 906544kB
before optimize latch enable: 0.18u 0.06s 111206e 906544kB
after optimize latch enable: 0.18u 0.06s 111206e 906544kB
before removeReadAfterMissingWrite: 0.18u 0.06s 111206e 906544kB
after removeReadAfterMissingWrite: 0.18u 0.06s 111206e 906544kB
before undoDimensionalSplitOfMemories: 0.18u 0.06s 111206e 906544kB
after undoDimensionalSplitOfMemories: 0.18u 0.06s 111206e 906544kB
before extractMemories: 0.18u 0.06s 111206e 906544kB
after extractMemories: 0.18u 0.06s 111206e 906544kB
before extractHolds: 0.18u 0.06s 111206e 906544kB
after extractHolds: 0.18u 0.06s 111206e 906544kB
before simplifyAdders: 0.18u 0.06s 111206e 906544kB
after simplifyAdders: 0.18u 0.06s 111206e 906544kB
before optimizeLessThan: 0.18u 0.06s 111206e 906544kB
after optimizeLessThan: 0.18u 0.06s 111206e 906544kB
before reportUnresolvedType: 0.18u 0.06s 111206e 906544kB
after reportUnresolvedType: 0.18u 0.06s 111206e 906544kB
before dumpingPerModuleScm : 0.18u 0.06s 111206e 906544kB
after dumpingPerModuleScm : 0.18u 0.06s 111206e 906544kB

Processing fpga_sram_0002
before constantPropagate: 0.18u 0.06s 111206e 906544kB
after constantPropagate: 0.18u 0.06s 111206e 906544kB
before removeUnusedSignals circuit: 0.18u 0.06s 111206e 906544kB
after removeUnusedSignals circuit: 0.18u 0.06s 111206e 906544kB
before optimize latch enable: 0.18u 0.06s 111206e 906544kB
after optimize latch enable: 0.18u 0.06s 111206e 906544kB
before removeReadAfterMissingWrite: 0.18u 0.06s 111206e 906544kB
after removeReadAfterMissingWrite: 0.18u 0.06s 111206e 906544kB
before undoDimensionalSplitOfMemories: 0.18u 0.06s 111206e 906544kB
after undoDimensionalSplitOfMemories: 0.18u 0.06s 111206e 906544kB
before extractMemories: 0.18u 0.06s 111206e 906544kB
after extractMemories: 0.2u 0.06s 111338e 906544kB
before extractHolds: 0.2u 0.06s 111177e 906544kB
after extractHolds: 0.2u 0.06s 111177e 906544kB
before simplifyAdders: 0.2u 0.06s 111177e 906544kB
after simplifyAdders: 0.2u 0.06s 111177e 906544kB
before optimizeLessThan: 0.2u 0.06s 111177e 906544kB
after optimizeLessThan: 0.2u 0.06s 111177e 906544kB
before reportUnresolvedType: 0.2u 0.06s 111177e 906544kB
after reportUnresolvedType: 0.2u 0.06s 111177e 906544kB
before dumpingPerModuleScm : 0.2u 0.06s 111177e 906544kB
after dumpingPerModuleScm : 0.2u 0.06s 111177e 906544kB

Processing clockDelayPort_0000
before constantPropagate: 0.2u 0.06s 111177e 906544kB
after constantPropagate: 0.2u 0.06s 111177e 906544kB
before removeUnusedSignals circuit: 0.2u 0.06s 111177e 906544kB
after removeUnusedSignals circuit: 0.2u 0.06s 111177e 906544kB
before optimize latch enable: 0.2u 0.06s 111177e 906544kB
after optimize latch enable: 0.2u 0.06s 111177e 906544kB
before removeReadAfterMissingWrite: 0.2u 0.06s 111177e 906544kB
after removeReadAfterMissingWrite: 0.2u 0.06s 111177e 906544kB
before undoDimensionalSplitOfMemories: 0.2u 0.06s 111177e 906544kB
after undoDimensionalSplitOfMemories: 0.21u 0.06s 111177e 906544kB
before extractMemories: 0.21u 0.06s 111177e 906544kB
after extractMemories: 0.21u 0.06s 111177e 906544kB
before extractHolds: 0.21u 0.06s 111177e 906544kB
after extractHolds: 0.21u 0.06s 111177e 906544kB
before simplifyAdders: 0.21u 0.06s 111177e 906544kB
after simplifyAdders: 0.21u 0.06s 111177e 906544kB
before optimizeLessThan: 0.21u 0.06s 111177e 906544kB
after optimizeLessThan: 0.21u 0.06s 111177e 906544kB
before reportUnresolvedType: 0.21u 0.06s 111177e 906544kB
after reportUnresolvedType: 0.21u 0.06s 111177e 906544kB
before dumpingPerModuleScm : 0.21u 0.06s 111177e 906544kB
after dumpingPerModuleScm : 0.21u 0.06s 111177e 906544kB

Processing ZebuClockDetectFront_105
before constantPropagate: 0.21u 0.06s 111177e 906544kB
after constantPropagate: 0.21u 0.06s 111177e 906544kB
before removeUnusedSignals circuit: 0.21u 0.06s 111177e 906544kB
after removeUnusedSignals circuit: 0.21u 0.06s 111177e 906544kB
before optimize latch enable: 0.21u 0.06s 111177e 906544kB
after optimize latch enable: 0.21u 0.06s 111177e 906544kB
before removeReadAfterMissingWrite: 0.21u 0.06s 111177e 906544kB
after removeReadAfterMissingWrite: 0.21u 0.06s 111177e 906544kB
before undoDimensionalSplitOfMemories: 0.21u 0.06s 111177e 906544kB
after undoDimensionalSplitOfMemories: 0.21u 0.06s 111177e 906544kB
before extractMemories: 0.21u 0.06s 111177e 906544kB
after extractMemories: 0.21u 0.06s 111177e 906544kB
before extractHolds: 0.21u 0.06s 111177e 906544kB
after extractHolds: 0.21u 0.06s 111177e 906544kB
before simplifyAdders: 0.21u 0.06s 111177e 906544kB
after simplifyAdders: 0.21u 0.06s 111177e 906544kB
before optimizeLessThan: 0.21u 0.06s 111177e 906544kB
after optimizeLessThan: 0.21u 0.06s 111177e 906544kB
before reportUnresolvedType: 0.21u 0.06s 111177e 906544kB
after reportUnresolvedType: 0.21u 0.06s 111177e 906544kB
before dumpingPerModuleScm : 0.21u 0.06s 111177e 906544kB
after dumpingPerModuleScm : 0.21u 0.07s 111177e 906544kB
