     |  [info] - #      : 
                             /slowfs/us01dwslow023/fpga/lianghao/zebu_install/VCS/VCS2021.09.2.ZEBU.B4/07052024/INSTALL/VCS/vcs/S-2021.09-2-TZ-20240507_Full64/linux64/bin/zGenerateRhinoFsdb

                   Copyright (c) 2019 - 2025 Synopsys, Inc.
     This software and the associated documentation are proprietary to Synopsys
, Inc. This software may only be used in accordance with the terms and conditions
  of a written license agreement with Synopsys, Inc. All other use, reproduction,
              or distribution of this software is strictly prohibited.

# CommandLine  : /slowfs/us01dwslow023/fpga/lianghao/zebu_install/VCS/VCS2021.09.2.ZEBU.B4/07052024/INSTALL/VCS/vcs/S-2021.09-2-TZ-20240507_Full64/linux64/bin/zGenerateRhinoFsdb -z . -l zGenerateRhinoFsdb.log 

# Start Time   : Wed May 14 18:56:30 2025

# Memory Stats :  (VM Peak:124M, Size:124M, RSS:84M, Data:68M)


     |  [info] - #      : Reading the Serializing VCS Version
     |  [info] - #      : Deserializing names dictionary
     |  [info] - #      : Deserializing libraries
     |  [info] - #      : Deserializing RTL
     |  [info] - #      : Deserializing Gate
     |  [info] - #      : Deserializing design object
     |  [info] - #      : Populating Dfs Table
     |  [info] - #      : [INFO] Loaded design from /remote/sdgedt/tools/reem/ZebuS5_newslave/zebu_ifx_mini_rattle_6649a592_20250509/build/zcui.work/design/synth_Default_RTL_Group/RTLDB
     |  [info] - #      : [INFO] Running Wave Assignment and dumping of novas.fsdb.
     |  [info] - #      : Wed May 14 18:56:30 2025 : [INFO] Starting Enumeration of Wave IDs 
     |  [info] - #      : Running WaveAssign traversal.
     |  [info] - #      : WaveAssign traversal finished without errors.
     |  [info] - #      : Running WaveAssign range merging.
     |  [info] - #      : WaveAssign range merging finished without errors.
     |  [info] - #      : Dumping Fsdb header.
     |  [info] - #      : Wed May 14 18:56:31 2025 : [INFO] Enumeration of Wave IDs Ended
     |  [info] - #      : [INFO] Enumerated 476201 Wave IDs
