

                                    ZeBu (R)
                                      zFe

           Version S-2021.09-2-T-20240508 for linux64 - May 08, 2024 

                    Copyright (c) 2002 - 2024 Synopsys, Inc.
   This software and the associated documentation are proprietary to Synopsys,
 Inc. This software may only be used in accordance with the terms and conditions
 of a written license agreement with Synopsys, Inc. All other use, reproduction,
   or distribution of this software is strictly prohibited.  Licensed Products
     communicate with Synopsys servers for the purpose of providing software
    updates, detecting software piracy and verifying that customers are using
    Licensed Products in conformity with the applicable License Key for such
  Licensed Products. Synopsys will use information gathered in connection with
    this process to deliver software updates and pursue software pirates and
                                   infringers.

 Inclusivity & Diversity - Visit SolvNetPlus to read the "Synopsys Statement on
            Inclusivity and Diversity" (Refer to article 000036315 at
                        https://solvnetplus.synopsys.com)



#   info : #----------------------------------------------------------------
#   info : Setup
#   info : #----------------------------------------------------------------
# command line is /slowfs/us01dwslow023/fpga/lianghao/zebu_install/ZEBU/VCS2021.09.2.ZEBU.B4/07052024/INSTALL/ZEBU/zebu/S-2021.09-2-TZ-20240507_Full64/bin/zFe compile_hdr.tcl script/Bundle_32_synp.tcl -log Bundle_32.log -zlog 1 
# start time is Wed May 14 18:56:30 EEST 2025
#   step Setup : CVS $Revision: #4 $
#   step Setup : CVS $Date: 2024/02/21 $
#   step Setup : Tcl executable is /slowfs/us01dwslow023/fpga/lianghao/zebu_install/ZEBU/VCS2021.09.2.ZEBU.B4/07052024/INSTALL/ZEBU/zebu/S-2021.09-2-TZ-20240507_Full64/bin/ztclsh
#   step Setup : Tcl version is 8.6
#   step Setup : Tcl patch level is 8.6.6
#   step Setup : Tcl library directory is /slowfs/us01dwslow023/fpga/lianghao/zebu_install/ZEBU/VCS2021.09.2.ZEBU.B4/07052024/INSTALL/ZEBU/zebu/S-2021.09-2-TZ-20240507_Full64/tcl/tcl8.6
#   step Setup : execing Tcl status is 1
#   step Setup : execing passed (something written to stderr, which is why Tcl status was 1)
#   step Setup : Path to zFe is /slowfs/us01dwslow023/fpga/lianghao/zebu_install/ZEBU/VCS2021.09.2.ZEBU.B4/07052024/INSTALL/ZEBU/zebu/S-2021.09-2-TZ-20240507_Full64/bin
#   step Setup : zFe's current directory is /remote/sdgedt/tools/reem/ZebuS5_newslave/zebu_ifx_mini_rattle_6649a592_20250509/build/zcui.work/design/synth_Default_RTL_Group
#   step Setup : 'which zfast' is /slowfs/us01dwslow023/fpga/lianghao/zebu_install/ZEBU/VCS2021.09.2.ZEBU.B4/07052024/INSTALL/ZEBU/zebu/S-2021.09-2-TZ-20240507_Full64/bin/zfast
#   step Setup : 'which zCui' is /slowfs/us01dwslow023/fpga/lianghao/zebu_install/ZEBU/VCS2021.09.2.ZEBU.B4/07052024/INSTALL/ZEBU/zebu/S-2021.09-2-TZ-20240507_Full64/bin/zCui
#   step Setup : pid_hostname is 436040_odcbench-00003-0035.static.us01-p10.synopsys.com_6824bd2e 
#   step Setup : Environment variable ZEBU_ROOT is /slowfs/us01dwslow023/fpga/lianghao/zebu_install/ZEBU/VCS2021.09.2.ZEBU.B4/07052024/INSTALL/ZEBU/zebu/S-2021.09-2-TZ-20240507_Full64
#   step Setup : Have set the data path to /slowfs/us01dwslow023/fpga/lianghao/zebu_install/ZEBU/VCS2021.09.2.ZEBU.B4/07052024/INSTALL/ZEBU/zebu/S-2021.09-2-TZ-20240507_Full64
#   step Setup : Environment variable THARAS_ROOT has been set to /slowfs/us01dwslow023/fpga/lianghao/zebu_install/ZEBU/VCS2021.09.2.ZEBU.B4/07052024/INSTALL/ZEBU/zebu/S-2021.09-2-TZ-20240507_Full64, because it was not set.
#   step Setup : Environment variable HCS_USECONFIG has been set to vcs, because it was not set.
#   step Setup : Environment variable EVE_VHDL_PACKAGE_ROOT has been set to /slowfs/us01dwslow023/fpga/lianghao/zebu_install/ZEBU/VCS2021.09.2.ZEBU.B4/07052024/INSTALL/ZEBU/zebu/S-2021.09-2-TZ-20240507_Full64/etc/vhs/vhdl/vhdl_packages/x86_64, because it was not set.
#   step Setup : Environment variable VHDL_PDIR has been set to /slowfs/us01dwslow023/fpga/lianghao/zebu_install/ZEBU/VCS2021.09.2.ZEBU.B4/07052024/INSTALL/ZEBU/zebu/S-2021.09-2-TZ-20240507_Full64/etc/vhs/vhdl/vhdl_packages/x86_64, because it was not set.
#   step Setup : Environment variable JAGUAR_HOME has been set to ., because it was not set.
#   step Setup : Debug flag = 0
#   step Setup : Attribute files read: /slowfs/us01dwslow023/fpga/lianghao/zebu_install/ZEBU/VCS2021.09.2.ZEBU.B4/07052024/INSTALL/ZEBU/zebu/S-2021.09-2-TZ-20240507_Full64/etc/vhs/hcsrc.zfs
#   step Setup : Debug flag = 0
#   step Setup : Attribute files read: /slowfs/us01dwslow023/fpga/lianghao/zebu_install/ZEBU/VCS2021.09.2.ZEBU.B4/07052024/INSTALL/ZEBU/zebu/S-2021.09-2-TZ-20240507_Full64/etc/vhs/hcsrc.zfs
     /slowfs/us01dwslow023/fpga/lianghao/zebu_install/ZEBU/VCS2021.09.2.ZEBU.B4/07052024/INSTALL/ZEBU/zebu/S-2021.09-2-TZ-20240507_Full64/etc/vhs/hcsrc.zcui
#   step Setup : Sourcing file concat_Bundle_32_log_436040_odcbench-00003-0035.static.us01-p10.synopsys.com_6824bd2e
#   step Setup :         NEXT CALL to cmn::option fe_hcsrc /slowfs/us01dwslow023/fpga/lianghao/zebu_install/ ...
#   step Setup : Start of copy of file /slowfs/us01dwslow023/fpga/lianghao/zebu_install/ZEBU/VCS2021.09.2.ZEBU.B4/07052024/INSTALL/ZEBU/zebu/S-2021.09-2-TZ-20240507_Full64/etc/vhs/hcsrc.zcui, which has user attributes.
#-------------------------------------------------------------------------------
# Copyright (c) 2014 Synopsys Emulation and Verification
#-------------------------------------------------------------------------------

# Variables for zCui

ZmemDirectory = zmem
XcuiDirectory = xcui

# Use of zlog as log files
Error:MtfDll = libtclzlog.so
Error:MtfName = zfastlog
Error:FpcName = setLogFile

# Compress edif files
Compile:CompressEDIF = true

# Keep spaces in escaped names.
Compile:NoSpaceInEdifNames = false

# Name for readmem.dump file produced by zFast.
Compile:ReadmemDump = readmem_zfast.dump

# Do not write ZFS_RNAME_SHOW attributes.
Compile:PrintZdbProperty = false

# Leave UseCarry4 unset for vtx7 and vtx8.
# zfast can distinguish between true, false, and unset,
# and when unset, can choose different defaults for UC1 vs UC2.
# Compile:UseCarry4=true
(onset Technology
   (switch -nocase (get Technology)
      "vtx5"
         (block
            (set Compile:UseCarry4 false)
         )
      "vtx6"
         (block
            (set Compile:UseCarry4 false)
         )
   )
)

#limit of 4 selector bits (up to MUXF8, as in Virtex7
Compile:Expand:EncMuxLimit = 4

# Support new tristate macros (zebu_PULLUP, zebu_PULLDOWN, zebu_KEEPER) 
Compile:OptimizePullMacros = true
#   step Setup : End of copy of file /slowfs/us01dwslow023/fpga/lianghao/zebu_install/ZEBU/VCS2021.09.2.ZEBU.B4/07052024/INSTALL/ZEBU/zebu/S-2021.09-2-TZ-20240507_Full64/etc/vhs/hcsrc.zcui
#   step Setup : Debug flag = 0
#   step Setup : Attribute files read: /slowfs/us01dwslow023/fpga/lianghao/zebu_install/ZEBU/VCS2021.09.2.ZEBU.B4/07052024/INSTALL/ZEBU/zebu/S-2021.09-2-TZ-20240507_Full64/etc/vhs/hcsrc.zfs
     /slowfs/us01dwslow023/fpga/lianghao/zebu_install/ZEBU/VCS2021.09.2.ZEBU.B4/07052024/INSTALL/ZEBU/zebu/S-2021.09-2-TZ-20240507_Full64/etc/vhs/hcsrc.zcui
     /slowfs/us01dwslow023/fpga/lianghao/zebu_install/ZEBU/VCS2021.09.2.ZEBU.B4/07052024/INSTALL/ZEBU/zebu/S-2021.09-2-TZ-20240507_Full64/etc/vhs/hcsrc.zcui
#   step Setup :         NEXT CALL to cmn::option fe_hcsrc /remote/sdgedt/tools/reem/ZebuS5_newslave/zebu_if ...
#   step Setup : Start of copy of file /remote/sdgedt/tools/reem/ZebuS5_newslave/zebu_ifx_mini_rattle_6649a592_20250509/build/zcui.work/utf_generatefiles/global_utf.hcsrc, which has user attributes.
Compile:DPI:Enable=true
Compile:CCall:SupportDollarDisplay=true
@Compile:DPI:ImplementAsProbe=false
UceSynth=true
Compile:SimplifySenseExpr=true
hcs:sva=true
Compile:Sva:FullModeAll=false
Compile:SVA:InfiniteRange=20
Internal:DumpMacroBodies=false
Compile:UseVFS=false
# Begin global optimization options
Zview=reg
# End optimization options
#   step Setup : End of copy of file /remote/sdgedt/tools/reem/ZebuS5_newslave/zebu_ifx_mini_rattle_6649a592_20250509/build/zcui.work/utf_generatefiles/global_utf.hcsrc
#   step Setup : Debug flag = 0
#   step Setup : Attribute files read: /slowfs/us01dwslow023/fpga/lianghao/zebu_install/ZEBU/VCS2021.09.2.ZEBU.B4/07052024/INSTALL/ZEBU/zebu/S-2021.09-2-TZ-20240507_Full64/etc/vhs/hcsrc.zfs
     /slowfs/us01dwslow023/fpga/lianghao/zebu_install/ZEBU/VCS2021.09.2.ZEBU.B4/07052024/INSTALL/ZEBU/zebu/S-2021.09-2-TZ-20240507_Full64/etc/vhs/hcsrc.zcui
     /slowfs/us01dwslow023/fpga/lianghao/zebu_install/ZEBU/VCS2021.09.2.ZEBU.B4/07052024/INSTALL/ZEBU/zebu/S-2021.09-2-TZ-20240507_Full64/etc/vhs/hcsrc.zcui
     /remote/sdgedt/tools/reem/ZebuS5_newslave/zebu_ifx_mini_rattle_6649a592_20250509/build/zcui.work/utf_generatefiles/global_utf.hcsrc
#   step Setup :         NEXT CALL to cmn::option fe_hcsrc /remote/sdgedt/tools/reem/ZebuS5_newslave/zebu_if ...
#   step Setup : Start of copy of file /remote/sdgedt/tools/reem/ZebuS5_newslave/zebu_ifx_mini_rattle_6649a592_20250509/build/zcui.work/utf_generatefiles/new_global_utf_config.hcsrc, which has user attributes.
# /slowfs/us01dwslow023/fpga/lianghao/zebu_install/ZEBU/VCS2021.09.2.ZEBU.B4/07052024/INSTALL/ZEBU/zebu/S-2021.09-2-TZ-20240507_Full64/etc/utf/default_commands.utf 37
# /slowfs/us01dwslow023/fpga/lianghao/zebu_install/ZEBU/VCS2021.09.2.ZEBU.B4/07052024/INSTALL/ZEBU/zebu/S-2021.09-2-TZ-20240507_Full64/etc/utf/default_commands.utf 37
# ???
Zview=dump
Compile:ConvertStrength=1
Compile:ConvertMos=1
Compile:ConvertTranif=1
#   step Setup : End of copy of file /remote/sdgedt/tools/reem/ZebuS5_newslave/zebu_ifx_mini_rattle_6649a592_20250509/build/zcui.work/utf_generatefiles/new_global_utf_config.hcsrc
#   step Setup : Debug flag = 0
#   step Setup : Attribute files read: /slowfs/us01dwslow023/fpga/lianghao/zebu_install/ZEBU/VCS2021.09.2.ZEBU.B4/07052024/INSTALL/ZEBU/zebu/S-2021.09-2-TZ-20240507_Full64/etc/vhs/hcsrc.zfs
     /slowfs/us01dwslow023/fpga/lianghao/zebu_install/ZEBU/VCS2021.09.2.ZEBU.B4/07052024/INSTALL/ZEBU/zebu/S-2021.09-2-TZ-20240507_Full64/etc/vhs/hcsrc.zcui
     /slowfs/us01dwslow023/fpga/lianghao/zebu_install/ZEBU/VCS2021.09.2.ZEBU.B4/07052024/INSTALL/ZEBU/zebu/S-2021.09-2-TZ-20240507_Full64/etc/vhs/hcsrc.zcui
     /remote/sdgedt/tools/reem/ZebuS5_newslave/zebu_ifx_mini_rattle_6649a592_20250509/build/zcui.work/utf_generatefiles/global_utf.hcsrc
     /remote/sdgedt/tools/reem/ZebuS5_newslave/zebu_ifx_mini_rattle_6649a592_20250509/build/zcui.work/utf_generatefiles/new_global_utf_config.hcsrc
#   step Setup :         NEXT CALL to cmn::option fe_hcsrc /remote/sdgedt/tools/reem/ZebuS5_newslave/zebu_if ...
#   step Setup : Start of copy of file /remote/sdgedt/tools/reem/ZebuS5_newslave/zebu_ifx_mini_rattle_6649a592_20250509/build/zcui.work/design/synth_Default_RTL_Group/dut.hcsrc, which has user attributes.
#   step Setup : End of copy of file /remote/sdgedt/tools/reem/ZebuS5_newslave/zebu_ifx_mini_rattle_6649a592_20250509/build/zcui.work/design/synth_Default_RTL_Group/dut.hcsrc
#   step Setup : Debug flag = 0
#   step Setup : Attribute files read: /slowfs/us01dwslow023/fpga/lianghao/zebu_install/ZEBU/VCS2021.09.2.ZEBU.B4/07052024/INSTALL/ZEBU/zebu/S-2021.09-2-TZ-20240507_Full64/etc/vhs/hcsrc.zfs
     /slowfs/us01dwslow023/fpga/lianghao/zebu_install/ZEBU/VCS2021.09.2.ZEBU.B4/07052024/INSTALL/ZEBU/zebu/S-2021.09-2-TZ-20240507_Full64/etc/vhs/hcsrc.zcui
     /slowfs/us01dwslow023/fpga/lianghao/zebu_install/ZEBU/VCS2021.09.2.ZEBU.B4/07052024/INSTALL/ZEBU/zebu/S-2021.09-2-TZ-20240507_Full64/etc/vhs/hcsrc.zcui
     /remote/sdgedt/tools/reem/ZebuS5_newslave/zebu_ifx_mini_rattle_6649a592_20250509/build/zcui.work/utf_generatefiles/global_utf.hcsrc
     /remote/sdgedt/tools/reem/ZebuS5_newslave/zebu_ifx_mini_rattle_6649a592_20250509/build/zcui.work/utf_generatefiles/new_global_utf_config.hcsrc
     /remote/sdgedt/tools/reem/ZebuS5_newslave/zebu_ifx_mini_rattle_6649a592_20250509/build/zcui.work/design/synth_Default_RTL_Group/dut.hcsrc
#   step Setup :         NEXT CALL to cmn::option fe_hcsrc hcsrc.iba
#   step Setup : Start of copy of file hcsrc.iba, which has user attributes.
TILEC=true
Esx:UnNamedBlockPrefix=(unnamed$$$$_)


Compile:InseparableModules = ( rl_wtree_comp612 mss_bus_switch_ibp2pack_0002 mss_bus_switch_fifo_0000_0000 mss_bus_switch_fifo_0000_0005 mss_bus_switch_fifo_0000 alb_mss_fab_ibp2pack_0000 apb_dummy_slave alb_mss_fab_fifo_0001_0007 alb_mss_fab_ibp2pack mss_bus_switch_ibp2pack_0000 alb_mss_fab_fifo_0001_0006 rl_wtree_comp312 odd_pty_qual_dec_wrap_0000_0000 mss_bus_switch_ibpx2ibpy_0000_0001 mss_bus_switch_fifo_0000_0003 odd_pty_dec_0000 odd_pty_qual_dec_wrap_0000 alb_mss_mem_ibp2pack mss_bus_switch_fifo_0000_0009 alb_mss_fab_fifo_0001 ls_compare_unit_0003 alb_mss_mem_pack2ibp ls_compare_unit_0008 mss_bus_switch_pack2ibp_0001 mss_bus_switch_pack2ibp ls_compare_unit_0007 odd_pty_dec_0002 zz_Encrypt_3 odd_pty_enc_0001_0002 ls_compare_unit_0006 odd_pty_dec mss_bus_switch_fifo_0000_0007 alb_mss_fab_fifo_0001_0004 odd_pty_enc_0001_0001 alb_mss_fab_pack2ibp_0003 zz_Encrypt_13 ls_compare_unit_000F odd_pty_enc_0001_0000 zz_Encrypt_10 rl_wtree_comp432 mss_bus_switch_ibpx2ibpy_0000 mss_bus_switch_fifo_0000_0001 mss_bus_switch_fifo_0000_0006 alb_mss_fab_fifo_0001_0002 alb_mss_fab_pack2ibp_0001 alb_mss_fab_ibp2pack_0003 alb_mss_fab_fifo_0001_0009 DWbb_bcm00_maj rl_wtree_comp522 rl_wtree_comp302 alb_mss_fab_fifo_0001_0008 odd_pty_enc_0001 mss_bus_switch_ibp2pack_0003 odd_pty_qual_di_dec_wrap_0000_0001 mss_bus_switch_fifo_0000_0004 odd_pty_di_dec_wrap_0000 alb_mss_fab_ibp2pack_0001 odd_pty_enc_0000 odd_pty_qual_di_dec_wrap_0000 alb_mss_fab_pack2ibp mss_bus_switch_ibp2pack_0001 odd_pty_qual_di_dec_wrap_0000_0000 multi_bit_comparator_0000 ls_multi_bit_comparator_0006 mss_bus_switch_fifo_0000_0002 alb_mss_fab_fifo_0001_0000 mss_bus_switch_ibp2pack odd_pty_qual_dec_wrap_0000_0001 ls_multi_bit_comparator_0002 mss_bus_switch_pack2ibp_0002 odd_pty_dec_0003 zz_Encrypt_4 zz_Encrypt_14 alb_mss_fab_fifo_0001_0005 odd_pty_dec_wrap_0000 alb_mss_mem_ibp_split_0000 mss_bus_switch_pack2ibp_0000 odd_pty_dec_0001 mss_bus_switch_ibpx2ibpy_0000_0000 alb_mss_fab_fifo_0001_0003 alb_mss_fab_pack2ibp_0004 zz_Encrypt_15 ls_compare_unit_000E mss_bus_switch_fifo_0000_0008 rl_wtree_comp222 dw_dbp_stubs rl_logic_unit mss_bus_switch_ibp_cwbind_0000_0000 ls_multi_bit_comparator_0001 alb_mss_fab_pack2ibp_0002 alb_mss_fab_ibp2pack_0004 ls_multi_bit_comparator_0003 rl_wtree_comp622 rl_wtree_comp402 mss_bus_switch_ibp_cwbind_0000 alb_mss_fab_pack2ibp_0000 alb_mss_fab_fifo_0001_000A alb_mss_fab_ibp2pack_0002 zz_Encrypt_11 alb_mss_fab_fifo_0001_0001 )
#   step Setup : End of copy of file hcsrc.iba
#   step Setup : Debug flag = 0
#   step Setup : Attribute files read: /slowfs/us01dwslow023/fpga/lianghao/zebu_install/ZEBU/VCS2021.09.2.ZEBU.B4/07052024/INSTALL/ZEBU/zebu/S-2021.09-2-TZ-20240507_Full64/etc/vhs/hcsrc.zfs
     /slowfs/us01dwslow023/fpga/lianghao/zebu_install/ZEBU/VCS2021.09.2.ZEBU.B4/07052024/INSTALL/ZEBU/zebu/S-2021.09-2-TZ-20240507_Full64/etc/vhs/hcsrc.zcui
     /slowfs/us01dwslow023/fpga/lianghao/zebu_install/ZEBU/VCS2021.09.2.ZEBU.B4/07052024/INSTALL/ZEBU/zebu/S-2021.09-2-TZ-20240507_Full64/etc/vhs/hcsrc.zcui
     /remote/sdgedt/tools/reem/ZebuS5_newslave/zebu_ifx_mini_rattle_6649a592_20250509/build/zcui.work/utf_generatefiles/global_utf.hcsrc
     /remote/sdgedt/tools/reem/ZebuS5_newslave/zebu_ifx_mini_rattle_6649a592_20250509/build/zcui.work/utf_generatefiles/new_global_utf_config.hcsrc
     /remote/sdgedt/tools/reem/ZebuS5_newslave/zebu_ifx_mini_rattle_6649a592_20250509/build/zcui.work/design/synth_Default_RTL_Group/dut.hcsrc
     hcsrc.iba
#   step Setup :         NEXT CALL to cmn::option phase synthesis
#   info : #----------------------------------------------------------------
#   info : Synth
#   info : #----------------------------------------------------------------
#   step Synth :         NEXT CALL to fs::simple_compile -technology vtx8 -mode block_based -version NewMixe ...
#   step Synth : Deleting edif_tmp/edif/DWbb_bcm21_0000/DWbb_bcm21_0000.edf.gz
#   step Synth : Deleting edif_tmp/edif/DWbb_bcm21_0000/DWbb_bcm21_0000.edf.gz_subedifs
#   step Synth : Deleting zdpi/DWbb_bcm21_0000_ccall.cc
#   step Synth : Deleting zdpi/DWbb_bcm21_0000_ccall.h
#   step Synth : Deleting edif_tmp/edif/mss_bus_switch_ibpx2ibpy_0001_0000/mss_bus_switch_ibpx2ibpy_0001_0000.edf.gz
#   step Synth : Deleting edif_tmp/edif/mss_bus_switch_ibpx2ibpy_0001_0000/mss_bus_switch_ibpx2ibpy_0001_0000.edf.gz_subedifs
#   step Synth : Deleting zdpi/mss_bus_switch_ibpx2ibpy_0001_0000_ccall.cc
#   step Synth : Deleting zdpi/mss_bus_switch_ibpx2ibpy_0001_0000_ccall.h
#   step Synth : Deleting edif_tmp/edif/rl_cpu_misc_synch/rl_cpu_misc_synch.edf.gz
#   step Synth : Deleting edif_tmp/edif/rl_cpu_misc_synch/rl_cpu_misc_synch.edf.gz_subedifs
#   step Synth : Deleting zdpi/rl_cpu_misc_synch_ccall.cc
#   step Synth : Deleting zdpi/rl_cpu_misc_synch_ccall.h
#   step Synth : Deleting edif_tmp/edif/mss_bus_switch_ibpx2ibpy_0002_0000/mss_bus_switch_ibpx2ibpy_0002_0000.edf.gz
#   step Synth : Deleting edif_tmp/edif/mss_bus_switch_ibpx2ibpy_0002_0000/mss_bus_switch_ibpx2ibpy_0002_0000.edf.gz_subedifs
#   step Synth : Deleting zdpi/mss_bus_switch_ibpx2ibpy_0002_0000_ccall.cc
#   step Synth : Deleting zdpi/mss_bus_switch_ibpx2ibpy_0002_0000_ccall.h
#   step Synth : Deleting edif_tmp/edif/mss_bus_switch_ibpx2ibpy_0002/mss_bus_switch_ibpx2ibpy_0002.edf.gz
#   step Synth : Deleting edif_tmp/edif/mss_bus_switch_ibpx2ibpy_0002/mss_bus_switch_ibpx2ibpy_0002.edf.gz_subedifs
#   step Synth : Deleting zdpi/mss_bus_switch_ibpx2ibpy_0002_ccall.cc
#   step Synth : Deleting zdpi/mss_bus_switch_ibpx2ibpy_0002_ccall.h
#   step Synth : Deleting edif_tmp/edif/alb_mss_fab_ibp2axi_rg/alb_mss_fab_ibp2axi_rg.edf.gz
#   step Synth : Deleting edif_tmp/edif/alb_mss_fab_ibp2axi_rg/alb_mss_fab_ibp2axi_rg.edf.gz_subedifs
#   step Synth : Deleting zdpi/alb_mss_fab_ibp2axi_rg_ccall.cc
#   step Synth : Deleting zdpi/alb_mss_fab_ibp2axi_rg_ccall.h
#   step Synth : Deleting edif_tmp/edif/archipelago/archipelago.edf.gz
#   step Synth : Deleting edif_tmp/edif/archipelago/archipelago.edf.gz_subedifs
#   step Synth : Deleting zdpi/archipelago_ccall.cc
#   step Synth : Deleting zdpi/archipelago_ccall.h
#   step Synth : Deleting edif_tmp/edif/rl_parity_gen_0002/rl_parity_gen_0002.edf.gz
#   step Synth : Deleting edif_tmp/edif/rl_parity_gen_0002/rl_parity_gen_0002.edf.gz_subedifs
#   step Synth : Deleting zdpi/rl_parity_gen_0002_ccall.cc
#   step Synth : Deleting zdpi/rl_parity_gen_0002_ccall.h
#   step Synth : Deleting edif_tmp/edif/rl_srams/rl_srams.edf.gz
#   step Synth : Deleting edif_tmp/edif/rl_srams/rl_srams.edf.gz_subedifs
#   step Synth : Deleting zdpi/rl_srams_ccall.cc
#   step Synth : Deleting zdpi/rl_srams_ccall.h
#   step Synth : Deleting edif_tmp/edif/rl_ras_top/rl_ras_top.edf.gz
#   step Synth : Deleting edif_tmp/edif/rl_ras_top/rl_ras_top.edf.gz_subedifs
#   step Synth : Deleting zdpi/rl_ras_top_ccall.cc
#   step Synth : Deleting zdpi/rl_ras_top_ccall.h
#   step Synth : Deleting edif_tmp/edif/mss_bus_switch_ibpx2ibpy_0001/mss_bus_switch_ibpx2ibpy_0001.edf.gz
#   step Synth : Deleting edif_tmp/edif/mss_bus_switch_ibpx2ibpy_0001/mss_bus_switch_ibpx2ibpy_0001.edf.gz_subedifs
#   step Synth : Deleting zdpi/mss_bus_switch_ibpx2ibpy_0001_ccall.cc
#   step Synth : Deleting zdpi/mss_bus_switch_ibpx2ibpy_0001_ccall.h
#   step Synth : Deleting edif_tmp/edif/mss_bus_switch_ibpx2ibpy_0001_0001/mss_bus_switch_ibpx2ibpy_0001_0001.edf.gz
#   step Synth : Deleting edif_tmp/edif/mss_bus_switch_ibpx2ibpy_0001_0001/mss_bus_switch_ibpx2ibpy_0001_0001.edf.gz_subedifs
#   step Synth : Deleting zdpi/mss_bus_switch_ibpx2ibpy_0001_0001_ccall.cc
#   step Synth : Deleting zdpi/mss_bus_switch_ibpx2ibpy_0001_0001_ccall.h
#   step Synth : Deleting edif_tmp/edif/alb_mss_dummy_slave/alb_mss_dummy_slave.edf.gz
#   step Synth : Deleting edif_tmp/edif/alb_mss_dummy_slave/alb_mss_dummy_slave.edf.gz_subedifs
#   step Synth : Deleting zdpi/alb_mss_dummy_slave_ccall.cc
#   step Synth : Deleting zdpi/alb_mss_dummy_slave_ccall.h
#   step Synth : Deleting edif_tmp/edif/alb_mss_ext_stub/alb_mss_ext_stub.edf.gz
#   step Synth : Deleting edif_tmp/edif/alb_mss_ext_stub/alb_mss_ext_stub.edf.gz_subedifs
#   step Synth : Deleting zdpi/alb_mss_ext_stub_ccall.cc
#   step Synth : Deleting zdpi/alb_mss_ext_stub_ccall.h
#   step Synth : Deleting edif_tmp/edif/alb_mss_fab_ibp2ahbl_sel/alb_mss_fab_ibp2ahbl_sel.edf.gz
#   step Synth : Deleting edif_tmp/edif/alb_mss_fab_ibp2ahbl_sel/alb_mss_fab_ibp2ahbl_sel.edf.gz_subedifs
#   step Synth : Deleting zdpi/alb_mss_fab_ibp2ahbl_sel_ccall.cc
#   step Synth : Deleting zdpi/alb_mss_fab_ibp2ahbl_sel_ccall.h
#   step Synth : Deleting edif/DWbb_bcm21_0000/DWbb_bcm21_0000.edf.gz
#   step Synth : Deleting edif/mss_bus_switch_ibpx2ibpy_0001_0000/mss_bus_switch_ibpx2ibpy_0001_0000.edf.gz
#   step Synth : Deleting edif/rl_cpu_misc_synch/rl_cpu_misc_synch.edf.gz
#   step Synth : Deleting edif/mss_bus_switch_ibpx2ibpy_0002_0000/mss_bus_switch_ibpx2ibpy_0002_0000.edf.gz
#   step Synth : Deleting edif/mss_bus_switch_ibpx2ibpy_0002/mss_bus_switch_ibpx2ibpy_0002.edf.gz
#   step Synth : Deleting edif/alb_mss_fab_ibp2axi_rg/alb_mss_fab_ibp2axi_rg.edf.gz
#   step Synth : Deleting edif/archipelago/archipelago.edf.gz
#   step Synth : Deleting edif/rl_parity_gen_0002/rl_parity_gen_0002.edf.gz
#   step Synth : Deleting edif/rl_srams/rl_srams.edf.gz
#   step Synth : Deleting edif/rl_ras_top/rl_ras_top.edf.gz
#   step Synth : Deleting edif/mss_bus_switch_ibpx2ibpy_0001/mss_bus_switch_ibpx2ibpy_0001.edf.gz
#   step Synth : Deleting edif/mss_bus_switch_ibpx2ibpy_0001_0001/mss_bus_switch_ibpx2ibpy_0001_0001.edf.gz
#   step Synth : Deleting edif/alb_mss_dummy_slave/alb_mss_dummy_slave.edf.gz
#   step Synth : Deleting edif/alb_mss_ext_stub/alb_mss_ext_stub.edf.gz
#   step Synth : Deleting edif/alb_mss_fab_ibp2ahbl_sel/alb_mss_fab_ibp2ahbl_sel.edf.gz
#   step Synth : Execing the following command:
#   step Synth :    zfast +hcs+atf work_dir_Bundle_32_log_436040_odcbench-00003-0035.static.us01-p10.synopsys.com_6824bd2e/hcsrc_zfast_01.parsed_args
#   step ALWAYS : 

                                    ZeBu (R)
                                     zfast

           Version S-2021.09-2-T-20240508 for linux64 - May 08, 2024 

                    Copyright (c) 2002 - 2024 Synopsys, Inc.
   This software and the associated documentation are proprietary to Synopsys,
 Inc. This software may only be used in accordance with the terms and conditions
 of a written license agreement with Synopsys, Inc. All other use, reproduction,
   or distribution of this software is strictly prohibited.  Licensed Products
     communicate with Synopsys servers for the purpose of providing software
    updates, detecting software piracy and verifying that customers are using
    Licensed Products in conformity with the applicable License Key for such
  Licensed Products. Synopsys will use information gathered in connection with
    this process to deliver software updates and pursue software pirates and
                                   infringers.

 Inclusivity & Diversity - Visit SolvNetPlus to read the "Synopsys Statement on
            Inclusivity and Diversity" (Refer to article 000036315 at
                        https://solvnetplus.synopsys.com)

#   step REPORT : Synthesizing module : alb_mss_fab_ibp2ahbl_sel
#   step REPORT : Synthesizing module : alb_mss_ext_stub
#   step REPORT : Synthesizing module : alb_mss_dummy_slave
#   step REPORT : Synthesizing module : apb_dummy_slave
#   step REPORT : Synthesizing module : mss_bus_switch_ibpx2ibpy_0001_0001
#   step REPORT : Synthesizing module : mss_bus_switch_ibpx2ibpy_0001
#   step REPORT : Synthesizing module : rl_ras_top
#   step REPORT : Synthesizing module : rl_srams
#   step REPORT : Synthesizing module : rl_parity_gen_0002
#   step REPORT : Synthesizing module : archipelago
#   step REPORT : Synthesizing module : alb_mss_fab_ibp2axi_rg
#   step REPORT : Synthesizing module : mss_bus_switch_ibpx2ibpy_0002
#   step REPORT : Synthesizing module : mss_bus_switch_ibpx2ibpy_0002_0000
#   step REPORT : Synthesizing module : mss_bus_switch_ibpx2ibpy_0001_0000
#   step REPORT : Synthesizing module : rl_cpu_misc_synch
#   step REPORT : Synthesizing module : DWbb_bcm21_0000
### warning in ZFAST : Out of 71 pin types only 69 have names
#   step REPORT : [39.349] Optimizing module : alb_mss_fab_ibp2ahbl_sel
#   step REPORT : [39.350] Instance count of module alb_mss_fab_ibp2ahbl_sel is 3
#   step REPORT : [6.1691] Total net count: 247
#   step REPORT : [6.1690] There are 2 levels of combinational cells
#   step REPORT : [6.1689] There are 0 distinct nets driving control pins
#   step REPORT : [6.1696] Total LUT area: 0
#   step REPORT : [6.1884] Renaming SVA module instances in the netlist
#   step REPORT : [6.1882] Renaming special verilog names in the netlist
#   step REPORT : [6.1882] Special names renaming stats:
#   step REPORT : [6.1882] Total time                 : 0.000 seconds
#   step REPORT : [6.1882] Total wires renamed        : 0
#   step REPORT : [6.1882] Total instances renamed    : 0
#   step REPORT : [6.1883] Renaming wires like ports
#   step REPORT : [6.1883] Renamed wires like ports (0 ports)
#   step REPORT : [6.1885] Emitting RTLDB information for the netlist
#   step REPORT : Converting netlist 'alb_mss_fab_ibp2ahbl_sel' to znl format
#   step STATS :  ----------------------------------------------------------------------------------------------------------------------------------------------------------------------------------------------------------------------------------------------------------------------------------------------
#   step STATS :  |                 reg |                 lut |                bram |                uram |             memsize |              m18x18 |                bufg |                buft |               nbI/O |                nbBB |                nbZV |                nbME |               dsp48 || name
#   step STATS :  ----------------------------------------------------------------------------------------------------------------------------------------------------------------------------------------------------------------------------------------------------------------------------------------------
#   step STATS :  |                   0 |                   0 |                   0 |                   0 |                   0 |                   0 |                   0 |                   0 |                 245 |                   1 |                   0 |                   0 |                   0 || alb_mss_fab_ibp2ahbl_sel
#   step STATS :  ----------------------------------------------------------------------------------------------------------------------------------------------------------------------------------------------------------------------------------------------------------------------------------------------
#   step REPORT : Writing netlist 'alb_mss_fab_ibp2ahbl_sel' to 'edif/alb_mss_fab_ibp2ahbl_sel/alb_mss_fab_ibp2ahbl_sel.edf.gz'
#   step SERIALIZE : writing netlist 'zmerge' into znl file 'edif/alb_mss_fab_ibp2ahbl_sel/alb_mss_fab_ibp2ahbl_sel.edf.gz'
#   step SERIALIZE : #bytes in: 7192, #bytes out: 2679, compression ratio: 2.684584
#   step REPORT : [87.28] Resource usage for alb_mss_fab_ibp2ahbl_sel: 0.112s 112.2M
#   step REPORT : [39.349] Optimizing module : alb_mss_ext_stub
#   step REPORT : [39.350] Instance count of module alb_mss_ext_stub is 1
#   step REPORT : [6.1691] Total net count: 316
#   step REPORT : [6.1690] There are 1 levels of combinational cells
#   step REPORT : [6.1689] There are 0 distinct nets driving control pins
#   step REPORT : [6.1696] Total LUT area: 0
#   step REPORT : [6.1884] Renaming SVA module instances in the netlist
#   step REPORT : [6.1882] Renaming special verilog names in the netlist
#   step REPORT : [6.1882] Special names renaming stats:
#   step REPORT : [6.1882] Total time                 : 0.000 seconds
#   step REPORT : [6.1882] Total wires renamed        : 0
#   step REPORT : [6.1882] Total instances renamed    : 0
#   step REPORT : [6.1883] Renaming wires like ports
#   step REPORT : [6.1883] Renamed wires like ports (0 ports)
#   step REPORT : [6.1885] Emitting RTLDB information for the netlist
#   step REPORT : Converting netlist 'alb_mss_ext_stub' to znl format
#   step STATS :  ----------------------------------------------------------------------------------------------------------------------------------------------------------------------------------------------------------------------------------------------------------------------------------------------
#   step STATS :  |                 reg |                 lut |                bram |                uram |             memsize |              m18x18 |                bufg |                buft |               nbI/O |                nbBB |                nbZV |                nbME |               dsp48 || name
#   step STATS :  ----------------------------------------------------------------------------------------------------------------------------------------------------------------------------------------------------------------------------------------------------------------------------------------------
#   step STATS :  |                   0 |                   0 |                   0 |                   0 |                   0 |                   0 |                   0 |                   0 |                 316 |                   0 |                   0 |                   0 |                   0 || alb_mss_ext_stub
#   step STATS :  ----------------------------------------------------------------------------------------------------------------------------------------------------------------------------------------------------------------------------------------------------------------------------------------------
#   step REPORT : Writing netlist 'alb_mss_ext_stub' to 'edif/alb_mss_ext_stub/alb_mss_ext_stub.edf.gz'
#   step SERIALIZE : writing netlist 'zmerge' into znl file 'edif/alb_mss_ext_stub/alb_mss_ext_stub.edf.gz'
#   step SERIALIZE : #bytes in: 14178, #bytes out: 4472, compression ratio: 3.170393
#   step REPORT : [87.28] Resource usage for alb_mss_ext_stub: 0.037s 0.0M
#   step REPORT : [39.349] Optimizing module : alb_mss_dummy_slave
#   step REPORT : [39.350] Instance count of module alb_mss_dummy_slave is 1
#   step REPORT : [6.1691] Total net count: 367
#   step REPORT : [6.1690] There are 2 levels of combinational cells
#   step REPORT : [6.1689] There are 0 distinct nets driving control pins
#   step REPORT : [6.1696] Total LUT area: 0
#   step REPORT : [6.1884] Renaming SVA module instances in the netlist
#   step REPORT : [6.1882] Renaming special verilog names in the netlist
#   step REPORT : [6.1882] Special names renaming stats:
#   step REPORT : [6.1882] Total time                 : 0.000 seconds
#   step REPORT : [6.1882] Total wires renamed        : 0
#   step REPORT : [6.1882] Total instances renamed    : 0
#   step REPORT : [6.1883] Renaming wires like ports
#   step REPORT : [6.1883] Renamed wires like ports (0 ports)
#   step REPORT : [6.1885] Emitting RTLDB information for the netlist
#   step REPORT : Converting netlist 'alb_mss_dummy_slave' to znl format
#   step STATS :  ----------------------------------------------------------------------------------------------------------------------------------------------------------------------------------------------------------------------------------------------------------------------------------------------
#   step STATS :  |                 reg |                 lut |                bram |                uram |             memsize |              m18x18 |                bufg |                buft |               nbI/O |                nbBB |                nbZV |                nbME |               dsp48 || name
#   step STATS :  ----------------------------------------------------------------------------------------------------------------------------------------------------------------------------------------------------------------------------------------------------------------------------------------------
#   step STATS :  |                   0 |                   0 |                   0 |                   0 |                   0 |                   0 |                   0 |                   0 |                 367 |                   1 |                   0 |                   0 |                   0 || alb_mss_dummy_slave
#   step STATS :  ----------------------------------------------------------------------------------------------------------------------------------------------------------------------------------------------------------------------------------------------------------------------------------------------
#   step REPORT : Writing netlist 'alb_mss_dummy_slave' to 'edif/alb_mss_dummy_slave/alb_mss_dummy_slave.edf.gz'
#   step SERIALIZE : writing netlist 'zmerge' into znl file 'edif/alb_mss_dummy_slave/alb_mss_dummy_slave.edf.gz'
#   step SERIALIZE : #bytes in: 10858, #bytes out: 3636, compression ratio: 2.986249
#   step REPORT : [87.28] Resource usage for alb_mss_dummy_slave: 0.041s 0.0M
#   step REPORT : [39.349] Optimizing module : mss_bus_switch_ibpx2ibpy_0001_0001
#   step REPORT : [39.350] Instance count of module mss_bus_switch_ibpx2ibpy_0001_0001 is 1
#   step REPORT : [6.1691] Total net count: 1862
#   step REPORT : [6.1690] There are 2 levels of combinational cells
#   step REPORT : [6.1689] There are 0 distinct nets driving control pins
#   step REPORT : [6.1696] Total LUT area: 0
#   step REPORT : [6.1884] Renaming SVA module instances in the netlist
#   step REPORT : [6.1882] Renaming special verilog names in the netlist
#   step REPORT : [6.1882] Special names renaming stats:
#   step REPORT : [6.1882] Total time                 : 0.000 seconds
#   step REPORT : [6.1882] Total wires renamed        : 0
#   step REPORT : [6.1882] Total instances renamed    : 0
#   step REPORT : [6.1883] Renaming wires like ports
#   step REPORT : [6.1883] Renamed wires like ports (0 ports)
#   step REPORT : [6.1885] Emitting RTLDB information for the netlist
#   step REPORT : Converting netlist 'mss_bus_switch_ibpx2ibpy_0001_0001' to znl format
#   step STATS :  ----------------------------------------------------------------------------------------------------------------------------------------------------------------------------------------------------------------------------------------------------------------------------------------------
#   step STATS :  |                 reg |                 lut |                bram |                uram |             memsize |              m18x18 |                bufg |                buft |               nbI/O |                nbBB |                nbZV |                nbME |               dsp48 || name
#   step STATS :  ----------------------------------------------------------------------------------------------------------------------------------------------------------------------------------------------------------------------------------------------------------------------------------------------
#   step STATS :  |                   0 |                   0 |                   0 |                   0 |                   0 |                   0 |                   0 |                   0 |                1514 |                   1 |                   0 |                   0 |                   0 || mss_bus_switch_ibpx2ibpy_0001_0001
#   step STATS :  ----------------------------------------------------------------------------------------------------------------------------------------------------------------------------------------------------------------------------------------------------------------------------------------------
#   step REPORT : Writing netlist 'mss_bus_switch_ibpx2ibpy_0001_0001' to 'edif/mss_bus_switch_ibpx2ibpy_0001_0001/mss_bus_switch_ibpx2ibpy_0001_0001.edf.gz'
#   step SERIALIZE : writing netlist 'zmerge' into znl file 'edif/mss_bus_switch_ibpx2ibpy_0001_0001/mss_bus_switch_ibpx2ibpy_0001_0001.edf.gz'
#   step SERIALIZE : #bytes in: 69736, #bytes out: 16373, compression ratio: 4.259207
#   step REPORT : [87.28] Resource usage for mss_bus_switch_ibpx2ibpy_0001_0001: 0.072s 0.0M
#   step REPORT : [39.349] Optimizing module : mss_bus_switch_ibpx2ibpy_0001
#   step REPORT : [39.350] Instance count of module mss_bus_switch_ibpx2ibpy_0001 is 7
#   step REPORT : [6.1691] Total net count: 1454
#   step REPORT : [6.1690] There are 2 levels of combinational cells
#   step REPORT : [6.1689] There are 0 distinct nets driving control pins
#   step REPORT : [6.1696] Total LUT area: 0
#   step REPORT : [6.1884] Renaming SVA module instances in the netlist
#   step REPORT : [6.1882] Renaming special verilog names in the netlist
#   step REPORT : [6.1882] Special names renaming stats:
#   step REPORT : [6.1882] Total time                 : 0.000 seconds
#   step REPORT : [6.1882] Total wires renamed        : 0
#   step REPORT : [6.1882] Total instances renamed    : 0
#   step REPORT : [6.1883] Renaming wires like ports
#   step REPORT : [6.1883] Renamed wires like ports (0 ports)
#   step REPORT : [6.1885] Emitting RTLDB information for the netlist
#   step REPORT : Converting netlist 'mss_bus_switch_ibpx2ibpy_0001' to znl format
#   step STATS :  ----------------------------------------------------------------------------------------------------------------------------------------------------------------------------------------------------------------------------------------------------------------------------------------------
#   step STATS :  |                 reg |                 lut |                bram |                uram |             memsize |              m18x18 |                bufg |                buft |               nbI/O |                nbBB |                nbZV |                nbME |               dsp48 || name
#   step STATS :  ----------------------------------------------------------------------------------------------------------------------------------------------------------------------------------------------------------------------------------------------------------------------------------------------
#   step STATS :  |                   0 |                   0 |                   0 |                   0 |                   0 |                   0 |                   0 |                   0 |                1310 |                   1 |                   0 |                   0 |                   0 || mss_bus_switch_ibpx2ibpy_0001
#   step STATS :  ----------------------------------------------------------------------------------------------------------------------------------------------------------------------------------------------------------------------------------------------------------------------------------------------
#   step REPORT : Writing netlist 'mss_bus_switch_ibpx2ibpy_0001' to 'edif/mss_bus_switch_ibpx2ibpy_0001/mss_bus_switch_ibpx2ibpy_0001.edf.gz'
#   step SERIALIZE : writing netlist 'zmerge' into znl file 'edif/mss_bus_switch_ibpx2ibpy_0001/mss_bus_switch_ibpx2ibpy_0001.edf.gz'
#   step SERIALIZE : #bytes in: 49869, #bytes out: 12200, compression ratio: 4.087623
#   step REPORT : [87.28] Resource usage for mss_bus_switch_ibpx2ibpy_0001: 0.061s 0.0M
#   step REPORT : [39.349] Optimizing module : rl_ras_top
#   step REPORT : [39.350] Instance count of module rl_ras_top is 2
#   step REPORT : [6.1691] Total net count: 329
#   step REPORT : [6.1690] There are 2 levels of combinational cells
#   step REPORT : [6.1689] There are 0 distinct nets driving control pins
#   step REPORT : [6.1696] Total LUT area: 0
#   step REPORT : [6.1884] Renaming SVA module instances in the netlist
#   step REPORT : [6.1882] Renaming special verilog names in the netlist
#   step REPORT : [6.1882] Special names renaming stats:
#   step REPORT : [6.1882] Total time                 : 0.000 seconds
#   step REPORT : [6.1882] Total wires renamed        : 0
#   step REPORT : [6.1882] Total instances renamed    : 0
#   step REPORT : [6.1883] Renaming wires like ports
#   step REPORT : [6.1883] Renamed wires like ports (0 ports)
#   step REPORT : [6.1885] Emitting RTLDB information for the netlist
#   step REPORT : Converting netlist 'rl_ras_top' to znl format
#   step STATS :  ----------------------------------------------------------------------------------------------------------------------------------------------------------------------------------------------------------------------------------------------------------------------------------------------
#   step STATS :  |                 reg |                 lut |                bram |                uram |             memsize |              m18x18 |                bufg |                buft |               nbI/O |                nbBB |                nbZV |                nbME |               dsp48 || name
#   step STATS :  ----------------------------------------------------------------------------------------------------------------------------------------------------------------------------------------------------------------------------------------------------------------------------------------------
#   step STATS :  |                   0 |                   0 |                   0 |                   0 |                   0 |                   0 |                   0 |                   0 |                 262 |                   2 |                   0 |                   0 |                   0 || rl_ras_top
#   step STATS :  ----------------------------------------------------------------------------------------------------------------------------------------------------------------------------------------------------------------------------------------------------------------------------------------------
#   step REPORT : Writing netlist 'rl_ras_top' to 'edif/rl_ras_top/rl_ras_top.edf.gz'
#   step SERIALIZE : writing netlist 'zmerge' into znl file 'edif/rl_ras_top/rl_ras_top.edf.gz'
#   step SERIALIZE : #bytes in: 10931, #bytes out: 3423, compression ratio: 3.193398
#   step REPORT : [87.28] Resource usage for rl_ras_top: 0.038s 0.0M
#   step REPORT : [39.349] Optimizing module : rl_srams
#   step REPORT : [39.350] Instance count of module rl_srams is 1
#   step REPORT : [6.1691] Total net count: 753
#   step REPORT : [6.1690] There are 1 levels of combinational cells
#   step REPORT : [6.1689] There are 0 distinct nets driving control pins
#   step REPORT : [6.1696] Total LUT area: 0
#   step REPORT : [6.1884] Renaming SVA module instances in the netlist
#   step REPORT : [6.1882] Renaming special verilog names in the netlist
#   step REPORT : [6.1882] Special names renaming stats:
#   step REPORT : [6.1882] Total time                 : 0.000 seconds
#   step REPORT : [6.1882] Total wires renamed        : 0
#   step REPORT : [6.1882] Total instances renamed    : 0
#   step REPORT : [6.1883] Renaming wires like ports
#   step REPORT : [6.1883] Renamed wires like ports (0 ports)
#   step REPORT : [6.1885] Emitting RTLDB information for the netlist
#   step REPORT : Converting netlist 'rl_srams' to znl format
#   step STATS :  ----------------------------------------------------------------------------------------------------------------------------------------------------------------------------------------------------------------------------------------------------------------------------------------------
#   step STATS :  |                 reg |                 lut |                bram |                uram |             memsize |              m18x18 |                bufg |                buft |               nbI/O |                nbBB |                nbZV |                nbME |               dsp48 || name
#   step STATS :  ----------------------------------------------------------------------------------------------------------------------------------------------------------------------------------------------------------------------------------------------------------------------------------------------
#   step STATS :  |                   0 |                   0 |                   0 |                   0 |                   0 |                   0 |                   0 |                   0 |                 751 |                   5 |                   0 |                   0 |                   0 || rl_srams
#   step STATS :  ----------------------------------------------------------------------------------------------------------------------------------------------------------------------------------------------------------------------------------------------------------------------------------------------
#   step REPORT : Writing netlist 'rl_srams' to 'edif/rl_srams/rl_srams.edf.gz'
#   step SERIALIZE : writing netlist 'zmerge' into znl file 'edif/rl_srams/rl_srams.edf.gz'
#   step SERIALIZE : #bytes in: 22496, #bytes out: 6283, compression ratio: 3.580455
#   step REPORT : [87.28] Resource usage for rl_srams: 0.047s 0.0M
#   step REPORT : [39.349] Optimizing module : rl_parity_gen_0002
#   step REPORT : [39.350] Instance count of module rl_parity_gen_0002 is 6
#   step REPORT : [6.1691] Total net count: 2
#   step REPORT : [6.1690] There are 1 levels of combinational cells
#   step REPORT : [6.1689] There are 0 distinct nets driving control pins
#   step REPORT : [6.1696] Total LUT area: 0
#   step REPORT : [6.1884] Renaming SVA module instances in the netlist
#   step REPORT : [6.1882] Renaming special verilog names in the netlist
#   step REPORT : [6.1882] Special names renaming stats:
#   step REPORT : [6.1882] Total time                 : 0.000 seconds
#   step REPORT : [6.1882] Total wires renamed        : 0
#   step REPORT : [6.1882] Total instances renamed    : 0
#   step REPORT : [6.1883] Renaming wires like ports
#   step REPORT : [6.1883] Renamed wires like ports (0 ports)
#   step REPORT : [6.1885] Emitting RTLDB information for the netlist
#   step REPORT : Converting netlist 'rl_parity_gen_0002' to znl format
#   step STATS :  ----------------------------------------------------------------------------------------------------------------------------------------------------------------------------------------------------------------------------------------------------------------------------------------------
#   step STATS :  |                 reg |                 lut |                bram |                uram |             memsize |              m18x18 |                bufg |                buft |               nbI/O |                nbBB |                nbZV |                nbME |               dsp48 || name
#   step STATS :  ----------------------------------------------------------------------------------------------------------------------------------------------------------------------------------------------------------------------------------------------------------------------------------------------
#   step STATS :  |                   0 |                   0 |                   0 |                   0 |                   0 |                   0 |                   0 |                   0 |                   2 |                   0 |                   0 |                   0 |                   0 || rl_parity_gen_0002
#   step STATS :  ----------------------------------------------------------------------------------------------------------------------------------------------------------------------------------------------------------------------------------------------------------------------------------------------
#   step REPORT : Writing netlist 'rl_parity_gen_0002' to 'edif/rl_parity_gen_0002/rl_parity_gen_0002.edf.gz'
#   step SERIALIZE : writing netlist 'zmerge' into znl file 'edif/rl_parity_gen_0002/rl_parity_gen_0002.edf.gz'
#   step SERIALIZE : #bytes in: 286, #bytes out: 243, compression ratio: 1.176955
#   step REPORT : [87.28] Resource usage for rl_parity_gen_0002: 0.033s 0.0M
#   step REPORT : [39.349] Optimizing module : archipelago
#   step REPORT : [39.350] Instance count of module archipelago is 1
#   step REPORT : [6.1691] Total net count: 2371
#   step REPORT : [6.1690] There are 2 levels of combinational cells
#   step REPORT : [6.1689] There are 0 distinct nets driving control pins
#   step REPORT : [6.1696] Total LUT area: 0
#   step REPORT : [6.1884] Renaming SVA module instances in the netlist
#   step REPORT : [6.1882] Renaming special verilog names in the netlist
#   step REPORT : [6.1882] Special names renaming stats:
#   step REPORT : [6.1882] Total time                 : 0.001 seconds
#   step REPORT : [6.1882] Total wires renamed        : 0
#   step REPORT : [6.1882] Total instances renamed    : 0
#   step REPORT : [6.1883] Renaming wires like ports
#   step REPORT : [6.1883] Renamed wires like ports (0 ports)
#   step REPORT : [6.1885] Emitting RTLDB information for the netlist
#   step REPORT : Converting netlist 'archipelago' to znl format
#   step STATS :  ----------------------------------------------------------------------------------------------------------------------------------------------------------------------------------------------------------------------------------------------------------------------------------------------
#   step STATS :  |                 reg |                 lut |                bram |                uram |             memsize |              m18x18 |                bufg |                buft |               nbI/O |                nbBB |                nbZV |                nbME |               dsp48 || name
#   step STATS :  ----------------------------------------------------------------------------------------------------------------------------------------------------------------------------------------------------------------------------------------------------------------------------------------------
#   step STATS :  |                   0 |                   0 |                   0 |                   0 |                   0 |                   0 |                   0 |                   0 |                1193 |                   5 |                   0 |                   0 |                   0 || archipelago
#   step STATS :  ----------------------------------------------------------------------------------------------------------------------------------------------------------------------------------------------------------------------------------------------------------------------------------------------
#   step REPORT : Writing netlist 'archipelago' to 'edif/archipelago/archipelago.edf.gz'
#   step SERIALIZE : writing netlist 'zmerge' into znl file 'edif/archipelago/archipelago.edf.gz'
#   step SERIALIZE : #bytes in: 92406, #bytes out: 25091, compression ratio: 3.682834
#   step REPORT : [87.28] Resource usage for archipelago: 0.095s 0.0M
#   step REPORT : [39.349] Optimizing module : alb_mss_fab_ibp2axi_rg
#   step REPORT : [39.350] Instance count of module alb_mss_fab_ibp2axi_rg is 1
#   step REPORT : [6.1691] Total net count: 578
#   step REPORT : [6.1690] There are 1 levels of combinational cells
#   step REPORT : [6.1689] There are 0 distinct nets driving control pins
#   step REPORT : [6.1696] Total LUT area: 0
#   step REPORT : [6.1884] Renaming SVA module instances in the netlist
#   step REPORT : [6.1882] Renaming special verilog names in the netlist
#   step REPORT : [6.1882] Special names renaming stats:
#   step REPORT : [6.1882] Total time                 : 0.000 seconds
#   step REPORT : [6.1882] Total wires renamed        : 0
#   step REPORT : [6.1882] Total instances renamed    : 0
#   step REPORT : [6.1883] Renaming wires like ports
#   step REPORT : [6.1883] Renamed wires like ports (0 ports)
#   step REPORT : [6.1885] Emitting RTLDB information for the netlist
#   step REPORT : Converting netlist 'alb_mss_fab_ibp2axi_rg' to znl format
#   step STATS :  ----------------------------------------------------------------------------------------------------------------------------------------------------------------------------------------------------------------------------------------------------------------------------------------------
#   step STATS :  |                 reg |                 lut |                bram |                uram |             memsize |              m18x18 |                bufg |                buft |               nbI/O |                nbBB |                nbZV |                nbME |               dsp48 || name
#   step STATS :  ----------------------------------------------------------------------------------------------------------------------------------------------------------------------------------------------------------------------------------------------------------------------------------------------
#   step STATS :  |                   0 |                   0 |                   0 |                   0 |                   0 |                   0 |                   0 |                   0 |                 577 |                   1 |                   0 |                   0 |                   0 || alb_mss_fab_ibp2axi_rg
#   step STATS :  ----------------------------------------------------------------------------------------------------------------------------------------------------------------------------------------------------------------------------------------------------------------------------------------------
#   step REPORT : Writing netlist 'alb_mss_fab_ibp2axi_rg' to 'edif/alb_mss_fab_ibp2axi_rg/alb_mss_fab_ibp2axi_rg.edf.gz'
#   step SERIALIZE : writing netlist 'zmerge' into znl file 'edif/alb_mss_fab_ibp2axi_rg/alb_mss_fab_ibp2axi_rg.edf.gz'
#   step SERIALIZE : #bytes in: 16436, #bytes out: 5552, compression ratio: 2.960375
#   step REPORT : [87.28] Resource usage for alb_mss_fab_ibp2axi_rg: 0.046s 0.0M
#   step REPORT : [39.349] Optimizing module : mss_bus_switch_ibpx2ibpy_0002
#   step REPORT : [39.350] Instance count of module mss_bus_switch_ibpx2ibpy_0002 is 3
#   step REPORT : [6.1691] Total net count: 570
#   step REPORT : [6.1690] There are 2 levels of combinational cells
#   step REPORT : [6.1689] There are 0 distinct nets driving control pins
#   step REPORT : [6.1696] Total LUT area: 0
#   step REPORT : [6.1884] Renaming SVA module instances in the netlist
#   step REPORT : [6.1882] Renaming special verilog names in the netlist
#   step REPORT : [6.1882] Special names renaming stats:
#   step REPORT : [6.1882] Total time                 : 0.000 seconds
#   step REPORT : [6.1882] Total wires renamed        : 0
#   step REPORT : [6.1882] Total instances renamed    : 0
#   step REPORT : [6.1883] Renaming wires like ports
#   step REPORT : [6.1883] Renamed wires like ports (0 ports)
#   step REPORT : [6.1885] Emitting RTLDB information for the netlist
#   step REPORT : Converting netlist 'mss_bus_switch_ibpx2ibpy_0002' to znl format
#   step STATS :  ----------------------------------------------------------------------------------------------------------------------------------------------------------------------------------------------------------------------------------------------------------------------------------------------
#   step STATS :  |                 reg |                 lut |                bram |                uram |             memsize |              m18x18 |                bufg |                buft |               nbI/O |                nbBB |                nbZV |                nbME |               dsp48 || name
#   step STATS :  ----------------------------------------------------------------------------------------------------------------------------------------------------------------------------------------------------------------------------------------------------------------------------------------------
#   step STATS :  |                   0 |                   0 |                   0 |                   0 |                   0 |                   0 |                   0 |                   0 |                 358 |                   2 |                   0 |                   0 |                   0 || mss_bus_switch_ibpx2ibpy_0002
#   step STATS :  ----------------------------------------------------------------------------------------------------------------------------------------------------------------------------------------------------------------------------------------------------------------------------------------------
#   step REPORT : Writing netlist 'mss_bus_switch_ibpx2ibpy_0002' to 'edif/mss_bus_switch_ibpx2ibpy_0002/mss_bus_switch_ibpx2ibpy_0002.edf.gz'
#   step SERIALIZE : writing netlist 'zmerge' into znl file 'edif/mss_bus_switch_ibpx2ibpy_0002/mss_bus_switch_ibpx2ibpy_0002.edf.gz'
#   step SERIALIZE : #bytes in: 20043, #bytes out: 4751, compression ratio: 4.218691
#   step REPORT : [87.28] Resource usage for mss_bus_switch_ibpx2ibpy_0002: 0.045s 0.0M
#   step REPORT : [39.349] Optimizing module : mss_bus_switch_ibpx2ibpy_0002_0000
#   step REPORT : [39.350] Instance count of module mss_bus_switch_ibpx2ibpy_0002_0000 is 3
#   step REPORT : [6.1691] Total net count: 842
#   step REPORT : [6.1690] There are 2 levels of combinational cells
#   step REPORT : [6.1689] There are 0 distinct nets driving control pins
#   step REPORT : [6.1696] Total LUT area: 0
#   step REPORT : [6.1884] Renaming SVA module instances in the netlist
#   step REPORT : [6.1882] Renaming special verilog names in the netlist
#   step REPORT : [6.1882] Special names renaming stats:
#   step REPORT : [6.1882] Total time                 : 0.000 seconds
#   step REPORT : [6.1882] Total wires renamed        : 0
#   step REPORT : [6.1882] Total instances renamed    : 0
#   step REPORT : [6.1883] Renaming wires like ports
#   step REPORT : [6.1883] Renamed wires like ports (0 ports)
#   step REPORT : [6.1885] Emitting RTLDB information for the netlist
#   step REPORT : Converting netlist 'mss_bus_switch_ibpx2ibpy_0002_0000' to znl format
#   step STATS :  ----------------------------------------------------------------------------------------------------------------------------------------------------------------------------------------------------------------------------------------------------------------------------------------------
#   step STATS :  |                 reg |                 lut |                bram |                uram |             memsize |              m18x18 |                bufg |                buft |               nbI/O |                nbBB |                nbZV |                nbME |               dsp48 || name
#   step STATS :  ----------------------------------------------------------------------------------------------------------------------------------------------------------------------------------------------------------------------------------------------------------------------------------------------
#   step STATS :  |                   0 |                   0 |                   0 |                   0 |                   0 |                   0 |                   0 |                   0 |                 494 |                   2 |                   0 |                   0 |                   0 || mss_bus_switch_ibpx2ibpy_0002_0000
#   step STATS :  ----------------------------------------------------------------------------------------------------------------------------------------------------------------------------------------------------------------------------------------------------------------------------------------------
#   step REPORT : Writing netlist 'mss_bus_switch_ibpx2ibpy_0002_0000' to 'edif/mss_bus_switch_ibpx2ibpy_0002_0000/mss_bus_switch_ibpx2ibpy_0002_0000.edf.gz'
#   step SERIALIZE : writing netlist 'zmerge' into znl file 'edif/mss_bus_switch_ibpx2ibpy_0002_0000/mss_bus_switch_ibpx2ibpy_0002_0000.edf.gz'
#   step SERIALIZE : #bytes in: 30010, #bytes out: 6871, compression ratio: 4.367632
#   step REPORT : [87.28] Resource usage for mss_bus_switch_ibpx2ibpy_0002_0000: 0.051s 0.0M
#   step REPORT : [39.349] Optimizing module : mss_bus_switch_ibpx2ibpy_0001_0000
#   step REPORT : [39.350] Instance count of module mss_bus_switch_ibpx2ibpy_0001_0000 is 1
#   step REPORT : [6.1691] Total net count: 1590
#   step REPORT : [6.1690] There are 2 levels of combinational cells
#   step REPORT : [6.1689] There are 0 distinct nets driving control pins
#   step REPORT : [6.1696] Total LUT area: 0
#   step REPORT : [6.1884] Renaming SVA module instances in the netlist
#   step REPORT : [6.1882] Renaming special verilog names in the netlist
#   step REPORT : [6.1882] Special names renaming stats:
#   step REPORT : [6.1882] Total time                 : 0.000 seconds
#   step REPORT : [6.1882] Total wires renamed        : 0
#   step REPORT : [6.1882] Total instances renamed    : 0
#   step REPORT : [6.1883] Renaming wires like ports
#   step REPORT : [6.1883] Renamed wires like ports (0 ports)
#   step REPORT : [6.1885] Emitting RTLDB information for the netlist
#   step REPORT : Converting netlist 'mss_bus_switch_ibpx2ibpy_0001_0000' to znl format
#   step STATS :  ----------------------------------------------------------------------------------------------------------------------------------------------------------------------------------------------------------------------------------------------------------------------------------------------
#   step STATS :  |                 reg |                 lut |                bram |                uram |             memsize |              m18x18 |                bufg |                buft |               nbI/O |                nbBB |                nbZV |                nbME |               dsp48 || name
#   step STATS :  ----------------------------------------------------------------------------------------------------------------------------------------------------------------------------------------------------------------------------------------------------------------------------------------------
#   step STATS :  |                   0 |                   0 |                   0 |                   0 |                   0 |                   0 |                   0 |                   0 |                1378 |                   1 |                   0 |                   0 |                   0 || mss_bus_switch_ibpx2ibpy_0001_0000
#   step STATS :  ----------------------------------------------------------------------------------------------------------------------------------------------------------------------------------------------------------------------------------------------------------------------------------------------
#   step REPORT : Writing netlist 'mss_bus_switch_ibpx2ibpy_0001_0000' to 'edif/mss_bus_switch_ibpx2ibpy_0001_0000/mss_bus_switch_ibpx2ibpy_0001_0000.edf.gz'
#   step SERIALIZE : writing netlist 'zmerge' into znl file 'edif/mss_bus_switch_ibpx2ibpy_0001_0000/mss_bus_switch_ibpx2ibpy_0001_0000.edf.gz'
#   step SERIALIZE : #bytes in: 56425, #bytes out: 13602, compression ratio: 4.148287
#   step REPORT : [87.28] Resource usage for mss_bus_switch_ibpx2ibpy_0001_0000: 0.065s 0.0M
#   step REPORT : [39.349] Optimizing module : rl_cpu_misc_synch
#   step REPORT : [39.350] Instance count of module rl_cpu_misc_synch is 1
#   step REPORT : [6.1691] Total net count: 19
#   step REPORT : [6.1690] There are 2 levels of combinational cells
#   step REPORT : [6.1689] There are 0 distinct nets driving control pins
#   step REPORT : [6.1695] 5-input LUTs: 1
#   step REPORT : [6.1696] Total LUT area: 1
#   step REPORT : [6.1884] Renaming SVA module instances in the netlist
#   step REPORT : [6.1882] Renaming special verilog names in the netlist
#   step REPORT : [6.1882] Special names renaming stats:
#   step REPORT : [6.1882] Total time                 : 0.000 seconds
#   step REPORT : [6.1882] Total wires renamed        : 0
#   step REPORT : [6.1882] Total instances renamed    : 0
#   step REPORT : [6.1883] Renaming wires like ports
#   step REPORT : [6.1883] Renamed wires like ports (0 ports)
#   step REPORT : [6.1885] Emitting RTLDB information for the netlist
#   step REPORT : Converting netlist 'rl_cpu_misc_synch' to znl format
#   step STATS :  ----------------------------------------------------------------------------------------------------------------------------------------------------------------------------------------------------------------------------------------------------------------------------------------------
#   step STATS :  |                 reg |                 lut |                bram |                uram |             memsize |              m18x18 |                bufg |                buft |               nbI/O |                nbBB |                nbZV |                nbME |               dsp48 || name
#   step STATS :  ----------------------------------------------------------------------------------------------------------------------------------------------------------------------------------------------------------------------------------------------------------------------------------------------
#   step STATS :  |                   0 |                   1 |                   0 |                   0 |                   0 |                   0 |                   0 |                   0 |                  13 |                   5 |                   0 |                   0 |                   0 || rl_cpu_misc_synch
#   step STATS :  ----------------------------------------------------------------------------------------------------------------------------------------------------------------------------------------------------------------------------------------------------------------------------------------------
#   step REPORT : Writing netlist 'rl_cpu_misc_synch' to 'edif/rl_cpu_misc_synch/rl_cpu_misc_synch.edf.gz'
#   step SERIALIZE : writing netlist 'zmerge' into znl file 'edif/rl_cpu_misc_synch/rl_cpu_misc_synch.edf.gz'
#   step SERIALIZE : #bytes in: 936, #bytes out: 509, compression ratio: 1.838900
#   step REPORT : [87.28] Resource usage for rl_cpu_misc_synch: 0.033s 0.0M
#   step REPORT : [39.349] Optimizing module : DWbb_bcm21_0000
#   step REPORT : [39.350] Instance count of module DWbb_bcm21_0000 is 45
#   step REPORT : [6.1691] Total net count: 6
#   step REPORT : [6.1690] There are 2 levels of combinational cells
#   step REPORT : [6.1689] There are 0 distinct nets driving control pins
#   step REPORT : [6.1696] Total LUT area: 0
#   step REPORT : [6.1884] Renaming SVA module instances in the netlist
#   step REPORT : [6.1882] Renaming special verilog names in the netlist
#   step REPORT : [6.1882] Special names renaming stats:
#   step REPORT : [6.1882] Total time                 : 0.000 seconds
#   step REPORT : [6.1882] Total wires renamed        : 0
#   step REPORT : [6.1882] Total instances renamed    : 0
#   step REPORT : [6.1883] Renaming wires like ports
#   step REPORT : [6.1883] Renamed wires like ports (0 ports)
#   step REPORT : [6.1885] Emitting RTLDB information for the netlist
#   step REPORT : Converting netlist 'DWbb_bcm21_0000' to znl format
#   step STATS :  ----------------------------------------------------------------------------------------------------------------------------------------------------------------------------------------------------------------------------------------------------------------------------------------------
#   step STATS :  |                 reg |                 lut |                bram |                uram |             memsize |              m18x18 |                bufg |                buft |               nbI/O |                nbBB |                nbZV |                nbME |               dsp48 || name
#   step STATS :  ----------------------------------------------------------------------------------------------------------------------------------------------------------------------------------------------------------------------------------------------------------------------------------------------
#   step STATS :  |                   0 |                   0 |                   0 |                   0 |                   0 |                   0 |                   0 |                   0 |                   4 |                   1 |                   0 |                   0 |                   0 || DWbb_bcm21_0000
#   step STATS :  ----------------------------------------------------------------------------------------------------------------------------------------------------------------------------------------------------------------------------------------------------------------------------------------------
#   step REPORT : Writing netlist 'DWbb_bcm21_0000' to 'edif/DWbb_bcm21_0000/DWbb_bcm21_0000.edf.gz'
#   step SERIALIZE : writing netlist 'zmerge' into znl file 'edif/DWbb_bcm21_0000/DWbb_bcm21_0000.edf.gz'
#   step SERIALIZE : #bytes in: 486, #bytes out: 358, compression ratio: 1.357542
#   step REPORT : [87.28] Resource usage for DWbb_bcm21_0000: 0.032s 0.0M
#   step Synth : execing Tcl status is 0
#   step Synth : execing passed (nothing written to stderr)
#   step Synth : Deleting synthesis_log_dir/DWbb_bcm21_0000.log
#   step Synth : Deleting synthesis_log_dir/mss_bus_switch_ibpx2ibpy_0001_0000.log
#   step Synth : Deleting synthesis_log_dir/rl_cpu_misc_synch.log
#   step Synth : Deleting synthesis_log_dir/mss_bus_switch_ibpx2ibpy_0002_0000.log
#   step Synth : Deleting synthesis_log_dir/mss_bus_switch_ibpx2ibpy_0002.log
#   step Synth : Deleting synthesis_log_dir/alb_mss_fab_ibp2axi_rg.log
#   step Synth : Deleting synthesis_log_dir/archipelago.log
#   step Synth : Deleting synthesis_log_dir/rl_parity_gen_0002.log
#   step Synth : Deleting synthesis_log_dir/rl_srams.log
#   step Synth : Deleting synthesis_log_dir/rl_ras_top.log
#   step Synth : Deleting synthesis_log_dir/mss_bus_switch_ibpx2ibpy_0001.log
#   step Synth : Deleting synthesis_log_dir/mss_bus_switch_ibpx2ibpy_0001_0001.log
#   step Synth : Deleting synthesis_log_dir/alb_mss_dummy_slave.log
#   step Synth : Deleting synthesis_log_dir/alb_mss_ext_stub.log
#   step Synth : Deleting synthesis_log_dir/alb_mss_fab_ibp2ahbl_sel.log
#   step Synth : RhinoDB status is set by default value: rhino_default_status:1.
#   step Synth : Using zCreateNameDB from /slowfs/us01dwslow023/fpga/lianghao/zebu_install/VCS/VCS2021.09.2.ZEBU.B4/07052024/INSTALL/VCS/vcs/S-2021.09-2-TZ-20240507_Full64/bin/zCreateNameDB for RhinoDB population.
#   step Synth : Deleting Bundle_32_mods.list
#   step Synth : Running RhinoDB gate population on 15 modules. To skip this step please set SNPS_RHINODB_INTERNAL_3STEP_DISABLE env var.
#   step Synth : Execing the following command:
#   step Synth :    /slowfs/us01dwslow023/fpga/lianghao/zebu_install/VCS/VCS2021.09.2.ZEBU.B4/07052024/INSTALL/VCS/vcs/S-2021.09-2-TZ-20240507_Full64/bin/zCreateNameDB -bundle Bundle_32,DWbb_bcm21_0000,mss_bus_switch_ibpx2ibpy_0001_0000,rl_cpu_misc_synch,mss_bus_switch_ibpx2ibpy_0002_0000,mss_bus_switch_ibpx2ibpy_0002,alb_mss_fab_ibp2axi_rg,archipelago,rl_parity_gen_0002,rl_srams,rl_ras_top,mss_bus_switch_ibpx2ibpy_0001,mss_bus_switch_ibpx2ibpy_0001_0001,alb_mss_dummy_slave,alb_mss_ext_stub,alb_mss_fab_ibp2ahbl_sel,  -v -X show_times -z /remote/sdgedt/tools/reem/ZebuS5_newslave/zebu_ifx_mini_rattle_6649a592_20250509/build/zcui.work/design/synth_Default_RTL_Group
#   step Synth : execing Tcl status is 0
#   step Synth : execing passed (nothing written to stderr)
#   step Synth : Synthesis called the following command: '/slowfs/us01dwslow023/fpga/lianghao/zebu_install/VCS/VCS2021.09.2.ZEBU.B4/07052024/INSTALL/VCS/vcs/S-2021.09-2-TZ-20240507_Full64/bin/zCreateNameDB -bundle Bundle_32,DWbb_bcm21_0000,mss_bus_switch_ibpx2ibpy_0001_0000,rl_cpu_misc_synch,mss_bus_switch_ibpx2ibpy_0002_0000,mss_bus_switch_ibpx2ibpy_0002,alb_mss_fab_ibp2axi_rg,archipelago,rl_parity_gen_0002,rl_srams,rl_ras_top,mss_bus_switch_ibpx2ibpy_0001,mss_bus_switch_ibpx2ibpy_0001_0001,alb_mss_dummy_slave,alb_mss_ext_stub,alb_mss_fab_ibp2ahbl_sel,  -v -X show_times -z /remote/sdgedt/tools/reem/ZebuS5_newslave/zebu_ifx_mini_rattle_6649a592_20250509/build/zcui.work/design/synth_Default_RTL_Group'
#   step Synth : Deleting work_dir_Bundle_32_log_436040_odcbench-00003-0035.static.us01-p10.synopsys.com_6824bd2e
#   step Synth : Sourcing file concat_Bundle_32_log_436040_odcbench-00003-0035.static.us01-p10.synopsys.com_6824bd2e returned the result string '0'
#   step Synth : Sourcing file concat_Bundle_32_log_436040_odcbench-00003-0035.static.us01-p10.synopsys.com_6824bd2e has completed.
#   step Synth : Deleting concat_Bundle_32_log_436040_odcbench-00003-0035.static.us01-p10.synopsys.com_6824bd2e

#   step exec summary : time 0m3.65491s
#   exec summary : Total memory: 147000 kB minimum 
#   exec summary : Successful execution

# end time is Wed May 14 18:56:33 EEST 2025
