2 0 0
14 0 0
17 0 0
20 1 1584
43 0 0
47 0 0
49 0 0
50 0 0
52 0 0
59 0 0
72 0 660
75 0 0
84 0 0
85 0 0
88 0 0
90 0 1584
99 0 792
123 0 0
131 0 0
135 0 0
140 0 0
147 0 0
153 0 0
157 0 0
158 0 0
159 0 0
162 0 0
167 0 396
170 0 0
173 0 0
178 0 0
186 0 0
192 0 0
196 0 0
201 0 0
204 1 0
207 0 0
209 0 264
214 0 0
217 0 304
220 0 0
223 0 528
232 0 0
238 0 0
241 0 0
247 0 0
250 0 132
253 0 0
260 0 0
262 0 0
264 0 0
268 0 0
271 0 0
272 0 0
273 0 0
275 0 0
277 0 132
280 0 0
281 0 1056
293 0 0
298 0 0
301 0 0
308 0 0
313 0 0
320 0 0
323 0 0
326 0 0
331 0 0
337 0 0
342 0 0
346 0 0
351 0 0
353 0 0
357 0 0
361 0 0
363 0 132
374 0 0
385 0 132
391 0 0
394 0 0
396 0 132
424 0 0
432 0 0
440 0 852
448 0 0
453 0 0
457 0 0
462 0 0
472 0 0
479 0 0
486 0 0
496 0 0
499 0 0
507 0 0
515 0 0
527 0 0
530 0 0
-1 0 0
-4 0 0
