0::io_pad_ring::zebu_top
1::alb_mss_fab_fifo_0000::zebu_top
2::alb_mss_fab_fifo_0000_0000::zebu_top
3::alb_mss_fab_fifo_0000_0001::zebu_top
4::alb_mss_fab_ahbl2ibp_0000::zebu_top
5::alb_mss_fab_fifo_0001::zebu_top
6::alb_mss_fab_fifo_0001_0000::zebu_top
7::alb_mss_fab_fifo_0001_0001::zebu_top
8::alb_mss_fab_fifo_0001_0002::zebu_top
9::alb_mss_fab_slv_axi_buffer::zebu_top
10::alb_mss_fab_axi2ibp_rrobin::zebu_top
11::alb_mss_fab_fifo_0002::zebu_top
12::alb_mss_fab_bypbuf_0000::zebu_top
13::alb_mss_fab_fifo_0002_0000::zebu_top
14::alb_mss_fab_fifo_0002_0001::zebu_top
15::alb_mss_fab_axi2ibp_0000::zebu_top
16::alb_mss_fab_fifo_0001_0003::zebu_top
17::alb_mss_fab_fifo_0001_0004::zebu_top
18::alb_mss_fab_slv_axi_buffer_0000::zebu_top
19::alb_mss_fab_axi2ibp_0001::zebu_top
20::alb_mss_fab_ibp2pack::zebu_top
21::alb_mss_fab_fifo_0000_0002::zebu_top
22::alb_mss_fab_fifo_0000_0003::zebu_top
23::alb_mss_fab_fifo_0000_0004::zebu_top
24::alb_mss_fab_fifo_0000_0005::zebu_top
25::alb_mss_fab_ibp_buffer_0000::zebu_top
26::alb_mss_fab_fifo_0000_0006::zebu_top
27::alb_mss_fab_fifo_0000_0007::zebu_top
28::alb_mss_fab_fifo_0000_0008::zebu_top
29::alb_mss_fab_fifo_0000_0009::zebu_top
30::alb_mss_fab_ibp_buffer_0000_0000::zebu_top
31::alb_mss_fab_pack2ibp::zebu_top
32::alb_mss_fab_fifo_0001_0005::zebu_top
33::alb_mss_fab_fifo_0001_0006::zebu_top
34::alb_mss_fab_fifo_0001_0007::zebu_top
35::alb_mss_fab_fifo_0001_0008::zebu_top
36::alb_mss_fab_ibp_buffer_0000_0001::zebu_top
37::alb_mss_fab_ibp2pack_0000::zebu_top
38::alb_mss_fab_fifo_0001_0009::zebu_top
39::alb_mss_fab_fifo_0001_000A::zebu_top
40::alb_mss_fab_ibp_buffer_0000_0002::zebu_top
41::alb_mss_fab_pack2ibp_0000::zebu_top
42::alb_mss_fab_bus_lat_0000::zebu_top
43::alb_mss_fab_ibp_lat::zebu_top
44::alb_mss_fab_bus_lat_0000_0000::zebu_top
45::alb_mss_fab_ibp_lat_0000::zebu_top
46::mss_bus_switch_ibp2pack::zebu_top
47::mss_bus_switch_fifo_0000::zebu_top
48::mss_bus_switch_fifo_0000_0000::zebu_top
49::mss_bus_switch_fifo_0000_0001::zebu_top
50::mss_bus_switch_fifo_0000_0002::zebu_top
51::mss_bus_switch_slv_ibp_buffer_0000::zebu_top
52::mss_bus_switch_ibpx2ibpy_0000::zebu_top
53::mss_bus_switch_fifo_0001::zebu_top
54::mss_bus_switch_ibp_split_0000::zebu_top
55::mss_bus_switch_fifo_0000_0003::zebu_top
56::mss_bus_switch_slv_ibp_buffer_0001::zebu_top
57::mss_bus_switch_ibp_cwbind_0000::zebu_top
58::mss_bus_switch_dw32_slv::zebu_top
59::mss_bus_switch_ibp2pack_0000::zebu_top
60::mss_bus_switch_fifo_0000_0004::zebu_top
61::mss_bus_switch_fifo_0000_0005::zebu_top
62::mss_bus_switch_slv_ibp_buffer_0000_0000::zebu_top
63::mss_bus_switch_ibpx2ibpy_0000_0000::zebu_top
64::mss_bus_switch_ibp_split_0000_0000::zebu_top
65::mss_bus_switch_slv_ibp_buffer_0001_0000::zebu_top
66::mss_bus_switch_ibp_cwbind_0000_0000::zebu_top
67::mss_bus_switch_dw512_slv::zebu_top
68::mss_bus_switch_ibpx2ibpy_0000_0001::zebu_top
69::mss_bus_switch_pack2ibp::zebu_top
70::mss_bus_switch_fifo_0001_0000::zebu_top
71::mss_bus_switch_ibp2single_0000::zebu_top
72::mss_bus_switch_ibp2pack_0001::zebu_top
73::mss_bus_switch_ibp2ibps::zebu_top
74::mss_bus_switch_fifo_0001_0001::zebu_top
75::mss_bus_switch_ibpw2ibpn_0000::zebu_top
76::mss_bus_switch_ibpx2ibpy_0001::zebu_top
77::mss_bus_switch_rrobin::zebu_top
78::mss_bus_switch_fifo_0001_0002::zebu_top
79::mss_bus_switch_ibp_compr_0000::zebu_top
80::mss_bus_switch_mst_ibp_buffer_0000::zebu_top
81::mss_bus_switch_pack2ibp_0000::zebu_top
82::mss_bus_switch_ibp_dw32_mst::zebu_top
83::mss_bus_switch_fifo_0001_0003::zebu_top
84::mss_bus_switch_ibpn2ibpw_0000::zebu_top
85::mss_bus_switch_pack2ibp_0001::zebu_top
86::mss_bus_switch_ibp2single_0000_0000::zebu_top
87::mss_bus_switch_ibp2pack_0002::zebu_top
88::mss_bus_switch_ibp2ibps_0000::zebu_top
89::mss_bus_switch_ibpx2ibpy_0002::zebu_top
90::mss_bus_switch_fifo_0001_0004::zebu_top
91::mss_bus_switch_ibpw2ibpn_0001::zebu_top
92::mss_bus_switch_ibpx2ibpy_0001_0000::zebu_top
93::mss_bus_switch_ibp_compr_0000_0000::zebu_top
94::mss_bus_switch_fifo_0000_0006::zebu_top
95::mss_bus_switch_fifo_0000_0007::zebu_top
96::mss_bus_switch_mst_ibp_buffer_0000_0000::zebu_top
97::mss_bus_switch_ibp_dw128_mst::zebu_top
98::mss_bus_switch_default_slv_0000::zebu_top
99::alb_mss_bus_switch::zebu_top
100::alb_mss_fab_ibp2pack_0001::zebu_top
101::alb_mss_fab_fifo_0000_000A::zebu_top
102::alb_mss_fab_ibp_buffer_0000_0003::zebu_top
103::alb_mss_fab_fifo_0000_000B::zebu_top
104::alb_mss_fab_ibp_buffer_0000_0004::zebu_top
105::alb_mss_fab_pack2ibp_0001::zebu_top
106::alb_mss_fab_ibp2pack_0002::zebu_top
107::alb_mss_fab_fifo_0000_000C::zebu_top
108::alb_mss_fab_ibp_buffer_0000_0005::zebu_top
109::alb_mss_fab_fifo_0000_000D::zebu_top
110::alb_mss_fab_ibp_buffer_0000_0006::zebu_top
111::alb_mss_fab_pack2ibp_0002::zebu_top
112::alb_mss_fab_ibp2pack_0003::zebu_top
113::alb_mss_fab_fifo_0000_000E::zebu_top
114::alb_mss_fab_fifo_0000_000F::zebu_top
115::alb_mss_fab_ibp_buffer_0000_0007::zebu_top
116::alb_mss_fab_fifo_0000_0010::zebu_top
117::alb_mss_fab_fifo_0000_0011::zebu_top
118::alb_mss_fab_ibp_buffer_0000_0008::zebu_top
119::alb_mss_fab_pack2ibp_0003::zebu_top
120::alb_mss_fab_fifo_0003::zebu_top
121::alb_mss_fab_bypbuf_0000_0000::zebu_top
122::alb_mss_fab_fifo_0003_0000::zebu_top
123::alb_mss_fab_bypbuf_0000_0001::zebu_top
124::alb_mss_fab_fifo_0004::zebu_top
125::alb_mss_fab_ibp2single_0000::zebu_top
126::alb_mss_fab_fifo_0005::zebu_top
127::alb_mss_fab_fifo_0005_0000::zebu_top
128::alb_mss_fab_fifo_0004_0000::zebu_top
129::alb_mss_fab_single2sparse_0000::zebu_top
130::alb_mss_fab_fifo_0006::zebu_top
131::alb_mss_fab_fifo_0007::zebu_top
132::alb_mss_fab_fifo_0008::zebu_top
133::alb_mss_fab_single2ahbl::zebu_top
134::alb_mss_fab_ibp2ahbl::zebu_top
135::alb_mss_fab_ibp2ahbl_sel::zebu_top
136::alb_mss_fab_fifo_0009::zebu_top
137::alb_mss_fab_ibp2single_0000_0000::zebu_top
138::alb_mss_fab_ibp2apb::zebu_top
139::alb_mss_fab_ibp2single_0000_0001::zebu_top
140::alb_mss_fab_ibp2apb_0000::zebu_top
141::alb_mss_fab::zebu_top
142::alb_mss_ext_stub::zebu_top
143::alb_mss_clkctrl_clkgate::zebu_top
144::alb_mss_clkctrl_clkgen::zebu_top
145::alb_mss_clkctrl_clken_gen::zebu_top
146::alb_mss_clkctrl_ratio_calc::zebu_top
147::alb_mss_clkctrl::zebu_top
148::alb_mss_perfctrl::zebu_top
149::alb_mss_mem_fifo_0000::zebu_top
150::alb_mss_mem_bypbuf_0000::zebu_top
151::alb_mss_mem_fifo_0000_0000::zebu_top
152::alb_mss_mem_bypbuf_0000_0000::zebu_top
153::alb_mss_mem_ibp_buf::zebu_top
154::alb_mss_mem_fifo_0001::zebu_top
155::alb_mss_mem_ibp_excl_0000::zebu_top
156::alb_mss_mem_ibp2pack::zebu_top
157::alb_mss_mem_ibp_split_0000::zebu_top
158::alb_mss_mem_pack2ibp::zebu_top
159::alb_mss_mem_lat_0000::zebu_top
160::alb_mss_mem_ibp_lat::zebu_top
161::alb_mss_mem_fifo_0002::zebu_top
162::alb_mss_mem_ibp2single_0000::zebu_top
163::alb_mss_mem_fifo_0000_0001::zebu_top
164::alb_mss_mem_bypbuf_0000_0001::zebu_top
165::alb_mss_mem_fifo_0000_0002::zebu_top
166::alb_mss_mem_bypbuf_0000_0002::zebu_top
167::alb_mss_mem_fifo_0000_0003::zebu_top
168::alb_mss_mem_bypbuf_0000_0003::zebu_top
169::alb_mss_mem_ibp_bypbuf_0000::zebu_top
170::alb_mss_mem_ibp_cwbind_0000::zebu_top
171::alb_mss_mem_fifo_0003::zebu_top
172::alb_mss_mem_fifo_0003_0000::zebu_top
173::alb_mss_mem_bypbuf_0000_0004::zebu_top
174::alb_mss_mem_ctrl::zebu_top
175::alb_mss_fpga_sram_0000::zebu_top
176::alb_mss_mem_model::zebu_top
177::alb_mss_mem_clkgate::zebu_top
178::alb_mss_mem::zebu_top
179::ZebuClockDetectFront_35::zebu_top
180::ZebuClockDetectFront_36::zebu_top
181::ZebuClockDetectFront_37::zebu_top
182::ZebuClockDetectFront_38::zebu_top
183::ZebuClockDetectFront_39::zebu_top
184::zz_Encrypt_1::zebu_top
185::zz_Encrypt_3::zebu_top
186::zz_Encrypt_2::zebu_top
187::ZebuClockDetectFront_42::zebu_top
188::ZebuClockDetectFront_43::zebu_top
189::ZebuClockDetectFront_44::zebu_top
190::ZebuClockDetectFront_45::zebu_top
191::ZebuClockDetectFront_46::zebu_top
192::zz_Encrypt_6::zebu_top
193::ZebuClockDetectFront_40::zebu_top
194::ZebuClockDetectFront_41::zebu_top
195::zz_Encrypt_5::zebu_top
196::ZebuClockDetectFront_47::zebu_top
197::ZebuClockDetectFront_48::zebu_top
198::ZebuClockDetectFront_49::zebu_top
199::ZebuClockDetectFront_50::zebu_top
200::ZebuClockDetectFront_51::zebu_top
201::ZebuClockDetectFront_52::zebu_top
202::ZebuClockDetectFront_53::zebu_top
203::ZebuClockDetectFront_54::zebu_top
204::ZebuClockDetectFront_55::zebu_top
205::ZebuClockDetectFront_56::zebu_top
206::zz_Encrypt_4::zebu_top
207::zemi3OutPortArbiter_2_96_op::zebu_top
208::zemi3OutPortArbiter_2_608_op::zebu_top
209::ZebuClockDetectFront_8::zebu_top
210::ZebuClockDetectFront_9::zebu_top
211::ZebuClockDetectFront_10::zebu_top
212::ZebuClockDetectFront_11::zebu_top
213::ZebuClockDetectFront_12::zebu_top
214::ZebuClockDetectFront_13::zebu_top
215::ZebuClockDetectFront_14::zebu_top
216::ZebuClockDetectFront_15::zebu_top
217::ZebuClockDetectFront_16::zebu_top
218::ZebuClockDetectFront_17::zebu_top
219::ZebuClockDetectFront_18::zebu_top
220::ZebuClockDetectFront_19::zebu_top
221::ZebuClockDetectFront_20::zebu_top
222::ZebuClockDetectFront_21::zebu_top
223::ZebuClockDetectFront_22::zebu_top
224::ZebuClockDetectFront_23::zebu_top
225::ZebuClockDetectFront_24::zebu_top
226::ZebuClockDetectFront_25::zebu_top
227::ZebuClockDetectFront_26::zebu_top
228::ZebuClockDetectFront_27::zebu_top
229::ZebuClockDetectFront_28::zebu_top
230::ZebuClockDetectFront_29::zebu_top
231::ZebuClockDetectFront_30::zebu_top
232::ZebuClockDetectFront_31::zebu_top
233::ZebuClockDetectFront_32::zebu_top
234::ZebuClockDetectFront_33::zebu_top
235::ZebuClockDetectFront_34::zebu_top
236::xtor_amba_master_axi3_svs::zebu_top
237::zebu_axi_xtor::zebu_top
238::dw_dbp_stubs::zebu_top
239::dm_clock_gate::zebu_top
240::dm_cgm::zebu_top
241::DWbb_bcm99::zebu_top
242::DWbb_bcm21_0000::zebu_top
243::DWbb_bcm21_atv_0000::zebu_top
244::dm_cdc_sync::zebu_top
245::dm_hmst::zebu_top
246::arcv_dm::zebu_top
247::ls_cdc_sync::zebu_top
248::safety_iso_sync::zebu_top
249::arcv_dm_top::zebu_top
250::dw_dbp_cdc_sync::zebu_top
251::dwt_reset_ctrl::zebu_top
252::dwt_reset_ctrl_0000::zebu_top
253::dwt_debug_port::zebu_top
254::dwt_sys_clk_sync::zebu_top
255::dwt_tap_controller::zebu_top
256::dwt_jtag_port::zebu_top
257::apb_master_ap0::zebu_top
258::bvci_to_axi::zebu_top
259::dw_dbp::zebu_top
260::DWbb_bcm21_atv_0001::zebu_top
261::ls_cdc_sync_0000::zebu_top
262::single_bit_syncP::zebu_top
263::cdc_synch_wrap::zebu_top
264::rl_reset_ctrl_synch::zebu_top
265::rl_cpu_misc_synch::zebu_top
266::arcv_timer_synch::zebu_top
267::arcv_wdt_synch::zebu_top
268::rl_cpu_synch_wrap::zebu_top
269::err_inj_ctrl_0000::zebu_top
270::ls_multi_bit_comparator_0000::zebu_top
271::ls_compare_unit_0000::zebu_top
272::ls_compare_unit_0001::zebu_top
273::ls_compare_unit_0002::zebu_top
274::ls_multi_bit_comparator_0001::zebu_top
275::ls_compare_unit_0003::zebu_top
276::ls_compare_unit_0004::zebu_top
277::ls_compare_unit_0005::zebu_top
278::ls_multi_bit_comparator_0002::zebu_top
279::ls_compare_unit_0006::zebu_top
280::ls_multi_bit_comparator_0003::zebu_top
281::ls_compare_unit_0007::zebu_top
282::ls_compare_unit_0008::zebu_top
283::ls_compare_unit_0009::zebu_top
284::ls_compare_unit_000A::zebu_top
285::ls_multi_bit_comparator_0004::zebu_top
286::ls_compare_unit_000B::zebu_top
287::ls_compare_unit_000C::zebu_top
288::ls_multi_bit_comparator_0005::zebu_top
289::ls_compare_unit_000D::zebu_top
290::ls_compare_unit_000E::zebu_top
291::ls_multi_bit_comparator_0006::zebu_top
292::ls_compare_unit_000F::zebu_top
293::simple_parity::zebu_top
294::simple_parity_0000::zebu_top
295::ls_error_register_0000::zebu_top
296::clkgate::zebu_top
297::rl_clock_ctrl::zebu_top
298::reset_fsm::zebu_top
299::reset_handshake::zebu_top
300::rl_reset_ctrl::zebu_top
301::rl_reset_ctrl_wrap::zebu_top
302::rl_hpm::zebu_top
303::ZebuClockDetectFront_0::zebu_top
304::ZebuClockDetectFront_1::zebu_top
305::ZebuClockDetectFront_2::zebu_top
306::ZebuClockDetectFront_3::zebu_top
307::ZebuClockDetectFront_4::zebu_top
308::ZebuClockDetectFront_5::zebu_top
309::ZebuClockDetectFront_6::zebu_top
310::ZebuClockDetectFront_7::zebu_top
311::rl_ifu_fetcher::zebu_top
312::rl_ifu_id_ctrl::zebu_top
313::iccm_ecc_encoder::zebu_top
314::iccm_ecc_decoder::zebu_top
315::rl_ifu_iccm_csr::zebu_top
316::rl_dmp_amo::zebu_top
317::rl_ifu_iccm::zebu_top
318::ic_data_ecc_encoder::zebu_top
319::ic_tag_ecc_encoder::zebu_top
320::ic_tag_ecc_decoder::zebu_top
321::ic_data_ecc_decoder::zebu_top
322::rl_ifu_icache_rf::zebu_top
323::rl_ifu_icache_ctl::zebu_top
324::rl_ifu_icache::zebu_top
325::rl_predecoder::zebu_top
326::rl_ifu_align::zebu_top
327::rl_ifu::zebu_top
328::rl_regfile::zebu_top
329::rl_decoder::zebu_top
330::rl_bypass::zebu_top
331::rl_uop_seq::zebu_top
332::rl_dispatch::zebu_top
333::rl_adder_0000::zebu_top
334::rl_maskgen::zebu_top
335::rl_logic_unit::zebu_top
336::rl_shifter_0000::zebu_top
337::rl_byte_unit::zebu_top
338::rl_bitscan_4b::zebu_top
339::rl_bitscan_8b::zebu_top
340::rl_bitscan_16b::zebu_top
341::rl_bitscan::zebu_top
342::rl_alu_data_path::zebu_top
343::rl_alu::zebu_top
344::rl_branch::zebu_top
345::rl_wtree_comp302::zebu_top
346::rl_wtree_comp402::zebu_top
347::rl_wtree_comp612::zebu_top
348::rl_wtree_comp522::zebu_top
349::rl_wtree_comp622::zebu_top
350::rl_wtree_comp432::zebu_top
351::rl_wtree_comp222::zebu_top
352::rl_wtree_comp312::zebu_top
353::rl_wtree_32x4::zebu_top
354::rl_mpy::zebu_top
355::rl_bitscan_32b::zebu_top
356::rl_csr::zebu_top
357::rl_special::zebu_top
358::rl_pipe_ctrl::zebu_top
359::rl_result_bus::zebu_top
360::rl_debug::zebu_top
361::rl_halt_mgr::zebu_top
362::rl_complete::zebu_top
363::rl_iesb::zebu_top
364::rl_trap::zebu_top
365::rl_exu::zebu_top
366::rl_dmp_ecc_store_aligner::zebu_top
367::rl_dmp_dccm_ecc_encoder::zebu_top
368::rl_dmp_dccm_ecc_decoder::zebu_top
369::rl_dmp_dccm::zebu_top
370::rl_dmp_dccm_ibp_wrapper::zebu_top
371::rl_dmp_store_aligner::zebu_top
372::rl_dmp_cwb::zebu_top
373::rl_dmp_lsq_cmd_port::zebu_top
374::rl_simple_fifo::zebu_top
375::rl_dmp_lsq_fifo::zebu_top
376::rl_dmp_lsq::zebu_top
377::rl_dmp_load_aligner::zebu_top
378::rl_dmp_csr::zebu_top
379::rl_dmp::zebu_top
380::rl_pmp_hit::zebu_top
381::rl_pmp::zebu_top
382::rl_epmp::zebu_top
383::rl_pma_hit::zebu_top
384::rl_pma::zebu_top
385::rl_triggers_iso::zebu_top
386::rl_triggers::zebu_top
387::DWbb_bcm00_maj::zebu_top
388::rl_sfty_csr::zebu_top
389::sr_err_aggr_0000::zebu_top
390::sr_err_aggr_0000_0000::zebu_top
391::sr_err_aggr_0000_0001::zebu_top
392::odd_pty_enc_0000::zebu_top
393::odd_pty_dec::zebu_top
394::odd_pty_dec_wrap_0000::zebu_top
395::odd_pty_enc_0001::zebu_top
396::odd_pty_enc_0001_0000::zebu_top
397::odd_pty_dec_0000::zebu_top
398::odd_pty_qual_dec_wrap_0000::zebu_top
399::odd_pty_dec_0001::zebu_top
400::odd_pty_qual_dec_wrap_0000_0000::zebu_top
401::odd_pty_dec_0002::zebu_top
402::odd_pty_qual_dec_wrap_0000_0001::zebu_top
403::sfty_ibp_ini_e2e_wrap_0000::zebu_top
404::rl_ibp2mmio::zebu_top
405::rl_ibp_target_wrapper::zebu_top
406::rl_ecc_cnt::zebu_top
407::rl_ras_top::zebu_top
408::rl_parity_gen_0000::zebu_top
409::rl_parity_gen_0001::zebu_top
410::rl_parity_gen_0000_0000::zebu_top
411::rl_parity_gen_0000_0001::zebu_top
412::rl_parity_gen_0000_0002::zebu_top
413::rl_parity_gen_0000_0003::zebu_top
414::rl_parity_chk_0000::zebu_top
415::rl_parity_chk_0001::zebu_top
416::rl_parity_chk_0002::zebu_top
417::rl_ibp2ahb::zebu_top
418::rl_per_ibp2ahb::zebu_top
419::rl_parity_gen_0002::zebu_top
420::rl_parity_chk_0002_0000::zebu_top
421::rl_parity_chk_0002_0001::zebu_top
422::rl_parity_chk_0002_0002::zebu_top
423::rl_parity_chk_0002_0003::zebu_top
424::rl_ahb2ibp_0000::zebu_top
425::rl_ahb2ibp_0001::zebu_top
426::rl_mmio_ahb2ibp::zebu_top
427::rl_soft_reset_aux::zebu_top
428::rl_core::zebu_top
429::sr_err_aggr_0000_0002::zebu_top
430::e2e_edc32_1stg_chk::zebu_top
431::e2e_edc32_1stg_qual_chk_wrap_0000::zebu_top
432::sfty_dmsi_down_tgt_e2e_wrap_0000::zebu_top
433::iprio_arb_4to1::zebu_top
434::iprio_arb::zebu_top
435::arcv_imsic_clint::zebu_top
436::arcv_timer::zebu_top
437::arcv_watchdog_csr::zebu_top
438::arcv_wd_parity::zebu_top
439::arcv_wd_parity_0000::zebu_top
440::arcv_wd_parity_0001::zebu_top
441::arcv_wd_parity_0002::zebu_top
442::arcv_watchdog_ctrl::zebu_top
443::arcv_watchdog::zebu_top
444::rl_cpu_top::zebu_top
445::cpu_top_safety_controller::zebu_top
446::ls_sfty_mnt_diag_ctrl::zebu_top
447::sr_err_aggr_0000_0003::zebu_top
448::multi_bit_comparator_0000::zebu_top
449::odd_pty_di_dec_wrap_0000::zebu_top
450::odd_pty_qual_di_dec_wrap_0000::zebu_top
451::odd_pty_qual_di_dec_wrap_0000_0000::zebu_top
452::odd_pty_dec_0003::zebu_top
453::odd_pty_qual_di_dec_wrap_0000_0001::zebu_top
454::odd_pty_enc_0001_0001::zebu_top
455::odd_pty_enc_0001_0002::zebu_top
456::rl_sfty_ibp_tgt_e2e_wrap_0000::zebu_top
457::rl_sfty_mnt_reg_agent::zebu_top
458::rl_sfty_mnt_err_aggr::zebu_top
459::ls_sfty_mnt_diag_ctrl_0000::zebu_top
460::cpu_safety_monitor::zebu_top
461::fpga_sram_0000::zebu_top
462::ic_tag_ram::zebu_top
463::fpga_sram_0001::zebu_top
464::ic_data_ram::zebu_top
465::fpga_sram_0002::zebu_top
466::iccm0_ram::zebu_top
467::fpga_sram_0002_0000::zebu_top
468::dccm_ram::zebu_top
469::rl_srams::zebu_top
470::archipelago::zebu_top
471::core_sys::zebu_top
472::core_chip::zebu_top
473::clockDelayPort_0000::zebu_top
474::ZebuClockDetectFront_57::zebu_top
475::ZebuClockDetectFront_58::zebu_top
476::ZebuClockDetectFront_59::zebu_top
477::ZebuClockDetectFront_60::zebu_top
478::ZebuClockDetectFront_61::zebu_top
479::ZebuClockDetectFront_62::zebu_top
480::ZebuClockDetectFront_63::zebu_top
481::ZebuClockDetectFront_64::zebu_top
482::ZebuClockDetectFront_65::zebu_top
483::ZebuClockDetectFront_66::zebu_top
484::xtor_t32Jtag_svs::zebu_top
485::zemi3OutPortBuffer_169_4096_24::zebu_top
486::zebu_time_capture::zebu_top
487::zebu_ts_orion_tick_clk_mod::zebu_top
488::zebu_top::zebu_top
