0::z_vcs_DPI_package::0
1::zebu_top::0
2::core_chip::0
3::clockDelayPort_0000::0
4::xtor_t32Jtag_svs::0
5::zceiTrigger::0
6::zebu_time_capture::0
7::zebu_ts_orion_tick_clk_mod::0
8::eVe_initial::0
9::io_pad_ring::0
10::core_sys::0
11::rtlClockControl::0
12::zebu_bb_clockDelayPort_24::0
13::zebu_bb_add_zview::0
14::zebu_reqsig_clock_driverclock::0
15::zceiMessageInPort_1::0
16::zceiMessageOutPort_64::0
17::zceiMessageInPort_64::0
18::zceiMessageInPort_160::0
19::zceiMessageInPort::0
20::zceiMessageOutPort_1::0
21::zceiMessageInPort_35::0
22::zceiMessageOutPort_8::0
23::zceiMessageOutPort_33::0
24::zceiMessageOutPort_2::0
25::zceiMessageInPort_6::0
26::zceiMessageOutPort_3::0
27::zebu_bb_stop_driver_clock_2::0
28::ZebuClockDetectFront_57::0
29::zebu_bb_edge_detector::0
30::ZebuClockDetectFront_58::0
31::zebu_bb_mcp_fake_edge_detector::0
32::zebu_bb_dpi_mcp_fake_edge_detector_2::0
33::ZebuClockDetectFront_59::0
34::ZebuClockDetectFront_60::0
35::ZebuClockDetectFront_61::0
36::ZebuClockDetectFront_62::0
37::ZebuClockDetectFront_63::0
38::ZebuClockDetectFront_64::0
39::ZebuClockDetectFront_65::0
40::ZebuClockDetectFront_66::0
41::zebu_bb_sample_clk_uncond_sample_5_1::0
42::zebu_bb_sample_clk_uncond_sample_12_1::0
43::zebu_bb_async_reset_cond::0
44::zebu_bb_sample_clk_uncond_1_1::0
45::zebu_bb_sample_clk_uncond_7_1::0
46::zebu_bb_sample_clk_uncond_32_1::0
47::zebu_bb_sample_clk_uncond_64_1::0
48::zebu_bb_sample_clk_uncond_66_1::0
49::zebu_bb_sample_clk_uncond_sample_1_1::0
50::zebu_bb_sample_clk_uncond_sample_64_1::0
51::zebu_bb_gdelay::0
52::zemi3OutPortBuffer_169_4096_24::0
53::zceiMessageInPort_2::0
54::zceiMessageOutPort_128::0
55::zceiMessageOutPort_4096::0
56::zebu_bb_ts_cur_time::0
57::zebu_bb_sample_clk_uncond_sample_2_1::0
58::zebu_bb_sample_clk_uncond_24_1::0
59::arcv_dm_top_stubs::0
60::alb_mss_fab::0
61::alb_mss_ext_stub::0
62::alb_mss_clkctrl::0
63::alb_mss_perfctrl::0
64::alb_mss_mem::0
65::zebu_axi_xtor::0
66::dw_dbp_stubs::0
67::archipelago::0
68::zebu_bb_front_ed_clk_edge_P_1_U_1::0
69::alb_mss_fab_ahbl2ibp_0000::0
70::alb_mss_fab_axi2ibp_0000::0
71::alb_mss_fab_axi2ibp_0001::0
72::alb_mss_fab_ibp2pack::0
73::alb_mss_fab_ibp_buffer_0000::0
74::alb_mss_fab_ibp_buffer_0000_0000::0
75::alb_mss_fab_pack2ibp::0
76::alb_mss_fab_ibp_buffer_0000_0001::0
77::alb_mss_fab_ibp2pack_0000::0
78::alb_mss_fab_ibp_buffer_0000_0002::0
79::alb_mss_fab_pack2ibp_0000::0
80::alb_mss_fab_ibp_lat::0
81::alb_mss_fab_ibp_lat_0000::0
82::alb_mss_bus_switch::0
83::alb_mss_fab_ibp2pack_0001::0
84::alb_mss_fab_ibp_buffer_0000_0003::0
85::alb_mss_fab_ibp_buffer_0000_0004::0
86::alb_mss_fab_pack2ibp_0001::0
87::alb_mss_fab_ibp2pack_0002::0
88::alb_mss_fab_ibp_buffer_0000_0005::0
89::alb_mss_fab_ibp_buffer_0000_0006::0
90::alb_mss_fab_pack2ibp_0002::0
91::alb_mss_fab_ibp2pack_0003::0
92::alb_mss_fab_ibp_buffer_0000_0007::0
93::alb_mss_fab_ibp_buffer_0000_0008::0
94::alb_mss_fab_pack2ibp_0003::0
95::alb_mss_fab_ibp2ahbl_sel::0
96::alb_mss_fab_ibp2apb::0
97::alb_mss_fab_ibp2apb_0000::0
98::alb_mss_clkctrl_clkgen::0
99::alb_mss_clkctrl_clken_gen::0
100::alb_mss_clkctrl_ratio_calc::0
101::alb_mss_mem_ibp_buf::0
102::alb_mss_mem_ibp_excl_0000::0
103::alb_mss_mem_ibp2pack::0
104::alb_mss_mem_ibp_split_0000::0
105::alb_mss_mem_pack2ibp::0
106::alb_mss_mem_ibp_lat::0
107::alb_mss_mem_ibp2single_0000::0
108::alb_mss_mem_ibp_bypbuf_0000::0
109::alb_mss_mem_ibp_cwbind_0000::0
110::alb_mss_mem_ctrl::0
111::alb_mss_mem_model::0
112::alb_mss_mem_clkgate::0
113::xtor_amba_master_axi3_svs::0
114::arcv_dm_top::0
115::dw_dbp::0
116::cpu_top_safety_controller::0
117::cpu_safety_monitor::0
118::rl_srams::0
119::alb_mss_fab_fifo_0000::0
120::alb_mss_fab_fifo_0000_0000::0
121::alb_mss_fab_fifo_0000_0001::0
122::alb_mss_fab_slv_axi_buffer::0
123::alb_mss_fab_axi2ibp_rrobin::0
124::alb_mss_fab_bypbuf_0000::0
125::alb_mss_fab_fifo_0002_0000::0
126::alb_mss_fab_fifo_0002_0001::0
127::alb_mss_fab_slv_axi_buffer_0000::0
128::alb_mss_fab_fifo_0000_0002::0
129::alb_mss_fab_fifo_0000_0003::0
130::alb_mss_fab_fifo_0000_0004::0
131::alb_mss_fab_fifo_0000_0005::0
132::alb_mss_fab_fifo_0000_0006::0
133::alb_mss_fab_fifo_0000_0007::0
134::alb_mss_fab_fifo_0000_0008::0
135::alb_mss_fab_fifo_0000_0009::0
136::alb_mss_fab_fifo_0001_0005::0
137::alb_mss_fab_fifo_0001_0006::0
138::alb_mss_fab_fifo_0001_0007::0
139::alb_mss_fab_fifo_0001_0008::0
140::alb_mss_fab_fifo_0001_0009::0
141::alb_mss_fab_fifo_0001_000A::0
142::alb_mss_fab_bus_lat_0000::0
143::alb_mss_fab_bus_lat_0000_0000::0
144::mss_bus_switch_dw32_slv::0
145::mss_bus_switch_dw512_slv::0
146::mss_bus_switch_ibp_dw32_mst::0
147::mss_bus_switch_ibp_dw128_mst::0
148::mss_bus_switch_default_slv_0000::0
149::alb_mss_fab_fifo_0000_000A::0
150::alb_mss_fab_fifo_0000_000B::0
151::alb_mss_fab_fifo_0000_000C::0
152::alb_mss_fab_fifo_0000_000D::0
153::alb_mss_fab_fifo_0000_000E::0
154::alb_mss_fab_fifo_0000_000F::0
155::alb_mss_fab_fifo_0000_0010::0
156::alb_mss_fab_fifo_0000_0011::0
157::alb_mss_fab_ibp2ahbl::0
158::alb_mss_fab_ibp2single_0000_0000::0
159::alb_mss_fab_ibp2single_0000_0001::0
160::alb_mss_clkctrl_clkgate::0
161::alb_mss_mem_bypbuf_0000::0
162::alb_mss_mem_bypbuf_0000_0000::0
163::alb_mss_mem_fifo_0001::0
164::alb_mss_mem_lat_0000::0
165::alb_mss_mem_fifo_0002::0
166::alb_mss_mem_bypbuf_0000_0001::0
167::alb_mss_mem_bypbuf_0000_0002::0
168::alb_mss_mem_bypbuf_0000_0003::0
169::alb_mss_mem_fifo_0003::0
170::alb_mss_mem_bypbuf_0000_0004::0
171::alb_mss_fpga_sram_0000::0
172::zz_Encrypt_1::0
173::zz_Encrypt_5::0
174::zz_Encrypt_4::0
175::zemi3OutPortArbiter_2_96_op::0
176::zemi3OutPortArbiter_2_608_op::0
177::zceiMessageOutPort_544::0
178::zceiMessageOutPort::0
179::zceiMessageOutPort_640::0
180::ZebuClockDetectFront_8::0
181::ZebuClockDetectFront_9::0
182::ZebuClockDetectFront_10::0
183::ZebuClockDetectFront_11::0
184::ZebuClockDetectFront_12::0
185::ZebuClockDetectFront_13::0
186::ZebuClockDetectFront_14::0
187::ZebuClockDetectFront_15::0
188::ZebuClockDetectFront_16::0
189::ZebuClockDetectFront_17::0
190::ZebuClockDetectFront_18::0
191::ZebuClockDetectFront_19::0
192::ZebuClockDetectFront_20::0
193::ZebuClockDetectFront_21::0
194::ZebuClockDetectFront_22::0
195::ZebuClockDetectFront_23::0
196::ZebuClockDetectFront_24::0
197::ZebuClockDetectFront_25::0
198::ZebuClockDetectFront_26::0
199::ZebuClockDetectFront_27::0
200::ZebuClockDetectFront_28::0
201::ZebuClockDetectFront_29::0
202::ZebuClockDetectFront_30::0
203::ZebuClockDetectFront_31::0
204::ZebuClockDetectFront_32::0
205::ZebuClockDetectFront_33::0
206::ZebuClockDetectFront_34::0
207::dm_cgm::0
208::dm_cdc_sync::0
209::arcv_dm::0
210::safety_iso_sync::0
211::dwt_reset_ctrl::0
212::dw_dbp_cdc_sync::0
213::dwt_reset_ctrl_0000::0
214::dwt_jtag_port::0
215::apb_master_ap0::0
216::bvci_to_axi::0
217::rl_cpu_synch_wrap::0
218::err_inj_ctrl_0000::0
219::ls_compare_unit_0000::0
220::ls_compare_unit_0001::0
221::ls_compare_unit_0002::0
222::ls_compare_unit_0003::0
223::ls_compare_unit_0004::0
224::ls_compare_unit_0005::0
225::ls_compare_unit_0006::0
226::ls_compare_unit_0007::0
227::ls_compare_unit_0008::0
228::ls_compare_unit_0009::0
229::ls_compare_unit_000A::0
230::ls_compare_unit_000B::0
231::ls_compare_unit_000C::0
232::ls_compare_unit_000D::0
233::ls_compare_unit_000E::0
234::ls_compare_unit_000F::0
235::ls_error_register_0000::0
236::clkgate::0
237::rl_cpu_top::0
238::rl_sfty_mnt_reg_agent::0
239::rl_sfty_mnt_err_aggr::0
240::ls_sfty_mnt_diag_ctrl_0000::0
241::ic_tag_ram::0
242::ic_data_ram::0
243::iccm0_ram::0
244::dccm_ram::0
245::alb_mss_fab_fifo_0001::0
246::alb_mss_fab_fifo_0001_0000::0
247::alb_mss_fab_fifo_0001_0001::0
248::alb_mss_fab_fifo_0001_0002::0
249::alb_mss_fab_fifo_0002::0
250::alb_mss_fab_fifo_0001_0003::0
251::alb_mss_fab_fifo_0001_0004::0
252::mss_bus_switch_ibp2pack::0
253::mss_bus_switch_slv_ibp_buffer_0000::0
254::mss_bus_switch_ibpx2ibpy_0000::0
255::mss_bus_switch_ibp_split_0000::0
256::mss_bus_switch_slv_ibp_buffer_0001::0
257::mss_bus_switch_ibp_cwbind_0000::0
258::mss_bus_switch_ibp2pack_0000::0
259::mss_bus_switch_slv_ibp_buffer_0000_0000::0
260::mss_bus_switch_ibpx2ibpy_0000_0000::0
261::mss_bus_switch_ibp_split_0000_0000::0
262::mss_bus_switch_slv_ibp_buffer_0001_0000::0
263::mss_bus_switch_ibp_cwbind_0000_0000::0
264::mss_bus_switch_ibpx2ibpy_0000_0001::0
265::mss_bus_switch_ibp2ibps::0
266::mss_bus_switch_ibpx2ibpy_0001::0
267::mss_bus_switch_ibp_compr_0000::0
268::mss_bus_switch_mst_ibp_buffer_0000::0
269::mss_bus_switch_pack2ibp_0000::0
270::mss_bus_switch_ibpx2ibpy_0002::0
271::mss_bus_switch_ibpx2ibpy_0001_0000::0
272::mss_bus_switch_ibp_compr_0000_0000::0
273::mss_bus_switch_mst_ibp_buffer_0000_0000::0
274::mss_bus_switch_pack2ibp_0001::0
275::alb_mss_fab_bypbuf_0000_0000::0
276::alb_mss_fab_bypbuf_0000_0001::0
277::alb_mss_fab_ibp2single_0000::0
278::alb_mss_fab_single2sparse_0000::0
279::alb_mss_fab_single2ahbl::0
280::alb_mss_fab_fifo_0009::0
281::alb_mss_mem_fifo_0000::0
282::alb_mss_mem_fifo_0000_0000::0
283::alb_mss_mem_fifo_0000_0001::0
284::alb_mss_mem_fifo_0000_0002::0
285::alb_mss_mem_fifo_0000_0003::0
286::alb_mss_mem_fifo_0003_0000::0
287::zceiMessageInPort_150::0
288::ZebuClockDetectFront_35::0
289::ZebuClockDetectFront_36::0
290::ZebuClockDetectFront_37::0
291::zebu_bb_mem_sco::0
292::ZebuClockDetectFront_38::0
293::ZebuClockDetectFront_39::0
294::zz_Encrypt_2::0
295::zz_Encrypt_6::0
296::ZebuClockDetectFront_40::0
297::ZebuClockDetectFront_41::0
298::zceiMessageOutPort_65::0
299::ZebuClockDetectFront_47::0
300::ZebuClockDetectFront_48::0
301::ZebuClockDetectFront_49::0
302::ZebuClockDetectFront_50::0
303::ZebuClockDetectFront_51::0
304::ZebuClockDetectFront_52::0
305::ZebuClockDetectFront_53::0
306::ZebuClockDetectFront_54::0
307::ZebuClockDetectFront_55::0
308::ZebuClockDetectFront_56::0
309::zebu_bb_sample_clk_uncond_sample_4_1::0
310::dm_clock_gate::0
311::DWbb_bcm21_atv_0000::0
312::dm_hmst::0
313::ls_cdc_sync::0
314::dwt_debug_port::0
315::dwt_sys_clk_sync::0
316::dwt_tap_controller::0
317::rl_reset_ctrl_synch::0
318::rl_cpu_misc_synch::0
319::arcv_timer_synch::0
320::arcv_wdt_synch::0
321::ls_multi_bit_comparator_0000::0
322::ls_multi_bit_comparator_0001::0
323::ls_multi_bit_comparator_0002::0
324::ls_multi_bit_comparator_0003::0
325::ls_multi_bit_comparator_0004::0
326::ls_multi_bit_comparator_0005::0
327::ls_multi_bit_comparator_0006::0
328::simple_parity::0
329::simple_parity_0000::0
330::rl_clock_ctrl::0
331::rl_reset_ctrl_wrap::0
332::rl_core::0
333::sfty_dmsi_down_tgt_e2e_wrap_0000::0
334::arcv_imsic_clint::0
335::arcv_timer::0
336::arcv_watchdog::0
337::rl_sfty_ibp_tgt_e2e_wrap_0000::0
338::fpga_sram_0000::0
339::fpga_sram_0001::0
340::fpga_sram_0002::0
341::fpga_sram_0002_0000::0
342::mss_bus_switch_fifo_0000::0
343::mss_bus_switch_fifo_0000_0000::0
344::mss_bus_switch_fifo_0000_0001::0
345::mss_bus_switch_fifo_0000_0002::0
346::mss_bus_switch_fifo_0001::0
347::mss_bus_switch_fifo_0000_0003::0
348::mss_bus_switch_fifo_0000_0004::0
349::mss_bus_switch_fifo_0000_0005::0
350::mss_bus_switch_pack2ibp::0
351::mss_bus_switch_ibp2single_0000::0
352::mss_bus_switch_ibp2pack_0001::0
353::mss_bus_switch_ibpw2ibpn_0000::0
354::mss_bus_switch_rrobin::0
355::mss_bus_switch_fifo_0001_0002::0
356::mss_bus_switch_ibpn2ibpw_0000::0
357::mss_bus_switch_ibp2ibps_0000::0
358::mss_bus_switch_ibpw2ibpn_0001::0
359::mss_bus_switch_fifo_0000_0006::0
360::mss_bus_switch_fifo_0000_0007::0
361::alb_mss_fab_fifo_0003::0
362::alb_mss_fab_fifo_0003_0000::0
363::alb_mss_fab_fifo_0004::0
364::alb_mss_fab_fifo_0005::0
365::alb_mss_fab_fifo_0005_0000::0
366::alb_mss_fab_fifo_0004_0000::0
367::alb_mss_fab_fifo_0006::0
368::alb_mss_fab_fifo_0007::0
369::alb_mss_fab_fifo_0008::0
370::zz_Encrypt_3::0
371::zceiMessageInPort_2516::0
372::ZebuClockDetectFront_42::0
373::ZebuClockDetectFront_43::0
374::ZebuClockDetectFront_44::0
375::ZebuClockDetectFront_45::0
376::ZebuClockDetectFront_46::0
377::DWbb_bcm21_0000::0
378::ls_cdc_sync_0000::0
379::cdc_synch_wrap::0
380::rl_reset_ctrl::0
381::rl_hpm::0
382::rl_ifu::0
383::rl_exu::0
384::rl_dmp::0
385::rl_epmp::0
386::rl_pma::0
387::rl_triggers::0
388::rl_sfty_csr::0
389::sfty_ibp_ini_e2e_wrap_0000::0
390::rl_ibp2mmio::0
391::rl_ras_top::0
392::rl_ibp2ahb::0
393::rl_per_ibp2ahb::0
394::rl_ahb2ibp_0000::0
395::rl_ahb2ibp_0001::0
396::rl_mmio_ahb2ibp::0
397::rl_soft_reset_aux::0
398::sr_err_aggr_0000_0002::0
399::odd_pty_enc_0000::0
400::odd_pty_dec_wrap_0000::0
401::e2e_edc32_1stg_qual_chk_wrap_0000::0
402::iprio_arb::0
403::arcv_watchdog_csr::0
404::arcv_watchdog_ctrl::0
405::ls_sfty_mnt_diag_ctrl::0
406::sr_err_aggr_0000::0
407::sr_err_aggr_0000_0003::0
408::sr_err_aggr_0000_0001::0
409::odd_pty_di_dec_wrap_0000::0
410::odd_pty_qual_di_dec_wrap_0000::0
411::odd_pty_qual_di_dec_wrap_0000_0000::0
412::odd_pty_qual_di_dec_wrap_0000_0001::0
413::odd_pty_enc_0001_0001::0
414::odd_pty_enc_0001::0
415::odd_pty_enc_0001_0002::0
416::mss_bus_switch_fifo_0001_0000::0
417::mss_bus_switch_fifo_0001_0001::0
418::mss_bus_switch_fifo_0001_0003::0
419::mss_bus_switch_ibp2single_0000_0000::0
420::mss_bus_switch_ibp2pack_0002::0
421::mss_bus_switch_fifo_0001_0004::0
422::DWbb_bcm99::0
423::DWbb_bcm21_atv_0001::0
424::single_bit_syncP::0
425::reset_fsm::0
426::reset_handshake::0
427::rl_ifu_fetcher::0
428::rl_ifu_id_ctrl::0
429::rl_ifu_iccm::0
430::rl_ifu_icache::0
431::rl_ifu_align::0
432::rl_regfile::0
433::rl_dispatch::0
434::rl_alu::0
435::rl_branch::0
436::rl_mpy::0
437::rl_csr::0
438::rl_special::0
439::rl_pipe_ctrl::0
440::rl_result_bus::0
441::rl_debug::0
442::rl_halt_mgr::0
443::rl_complete::0
444::rl_iesb::0
445::rl_trap::0
446::rl_dmp_ecc_store_aligner::0
447::rl_dmp_dccm::0
448::rl_dmp_dccm_ibp_wrapper::0
449::rl_dmp_store_aligner::0
450::rl_dmp_cwb::0
451::rl_dmp_lsq::0
452::rl_dmp_load_aligner::0
453::rl_dmp_csr::0
454::rl_dmp_amo::0
455::rl_pmp::0
456::rl_pma_hit::0
457::rl_triggers_iso::0
458::DWbb_bcm00_maj::0
459::sr_err_aggr_0000_0000::0
460::odd_pty_enc_0001_0000::0
461::odd_pty_qual_dec_wrap_0000::0
462::odd_pty_qual_dec_wrap_0000_0000::0
463::odd_pty_qual_dec_wrap_0000_0001::0
464::rl_ibp_target_wrapper::0
465::rl_ecc_cnt::0
466::rl_parity_gen_0000::0
467::rl_parity_gen_0001::0
468::rl_parity_gen_0000_0000::0
469::rl_parity_gen_0000_0001::0
470::rl_parity_gen_0000_0002::0
471::rl_parity_gen_0000_0003::0
472::rl_parity_chk_0000::0
473::rl_parity_chk_0001::0
474::rl_parity_chk_0002::0
475::rl_parity_gen_0002::0
476::rl_parity_chk_0002_0000::0
477::rl_parity_chk_0002_0001::0
478::rl_parity_chk_0002_0002::0
479::rl_parity_chk_0002_0003::0
480::odd_pty_dec::0
481::e2e_edc32_1stg_chk::0
482::iprio_arb_4to1::0
483::arcv_wd_parity::0
484::arcv_wd_parity_0000::0
485::arcv_wd_parity_0001::0
486::arcv_wd_parity_0002::0
487::multi_bit_comparator_0000::0
488::odd_pty_dec_0001::0
489::odd_pty_dec_0003::0
490::ZebuClockDetectFront_0::0
491::ZebuClockDetectFront_1::0
492::ZebuClockDetectFront_2::0
493::ZebuClockDetectFront_3::0
494::ZebuClockDetectFront_4::0
495::ZebuClockDetectFront_5::0
496::ZebuClockDetectFront_6::0
497::ZebuClockDetectFront_7::0
498::iccm_ecc_encoder::0
499::iccm_ecc_decoder::0
500::rl_ifu_iccm_csr::0
501::ic_data_ecc_encoder::0
502::ic_tag_ecc_encoder::0
503::ic_tag_ecc_decoder::0
504::ic_data_ecc_decoder::0
505::rl_ifu_icache_rf::0
506::rl_ifu_icache_ctl::0
507::rl_predecoder::0
508::rl_decoder::0
509::rl_bypass::0
510::rl_uop_seq::0
511::rl_alu_data_path::0
512::rl_wtree_32x4::0
513::rl_bitscan_32b::0
514::rl_dmp_dccm_ecc_encoder::0
515::rl_dmp_dccm_ecc_decoder::0
516::rl_dmp_lsq_cmd_port::0
517::rl_dmp_lsq_fifo::0
518::rl_pmp_hit::0
519::odd_pty_dec_0000::0
520::odd_pty_dec_0002::0
521::rl_adder_0000::0
522::rl_maskgen::0
523::rl_logic_unit::0
524::rl_shifter_0000::0
525::rl_byte_unit::0
526::rl_bitscan::0
527::rl_wtree_comp302::0
528::rl_wtree_comp402::0
529::rl_wtree_comp612::0
530::rl_wtree_comp522::0
531::rl_wtree_comp622::0
532::rl_wtree_comp432::0
533::rl_wtree_comp222::0
534::rl_wtree_comp312::0
535::rl_bitscan_16b::0
536::rl_simple_fifo::0
537::rl_bitscan_8b::0
538::rl_bitscan_4b::0
