0::z_vcs_DPI_package::0
1::mss_bus_switch_dw512_slv::0
2::alb_mss_fab::0
3::xtor_amba_master_axi3_svs::0
4::alb_mss_bus_switch::0
5::zz_Encrypt_6::0
6::mss_bus_switch_ibp_split_0000_0000::0
7::alb_mss_perfctrl::0
8::cpu_top_safety_controller::0
9::rl_hpm::0
10::mss_bus_switch_ibp_dw128_mst::0
11::rl_core::0
12::zebu_time_capture::0
13::alb_mss_mem_lat_0000::0
14::alb_mss_fab_slv_axi_buffer_0000::0
15::mss_bus_switch_dw32_slv::0
16::xtor_t32Jtag_svs::0
17::mss_bus_switch_slv_ibp_buffer_0000_0000::0
18::alb_mss_fab_ibp_buffer_0000_0002::0
19::mss_bus_switch_slv_ibp_buffer_0001_0000::0
20::rl_csr::0
21::alb_mss_fab_axi2ibp_0001::0
22::alb_mss_mem::0
23::mss_bus_switch_ibp2ibps::0
24::mss_bus_switch_ibp_dw32_mst::0
25::zemi3OutPortBuffer_169_4096_24::0
26::zceiMessageOutPort_4096::0
27::mss_bus_switch_ibpw2ibpn_0001::0
28::rl_exu::0
29::rl_cpu_top::0
30::mss_bus_switch_ibpw2ibpn_0000::0
31::rl_dmp::0
32::alb_mss_mem_ibp_excl_0000::0
33::core_sys::0
34::alb_mss_fab_bus_lat_0000_0000::0
35::arcv_imsic_clint::0
36::rl_pmp::0
37::mss_bus_switch_ibp2pack_0000::0
38::alb_mss_fab_ibp2pack_0000::0
39::mss_bus_switch_ibp2pack_0001::0
40::mss_bus_switch_ibp2single_0000::0
41::rl_ifu_icache::0
42::mss_bus_switch_ibp_compr_0000_0000::0
43::archipelago::0
44::zz_Encrypt_4::0
45::zceiMessageInPort_2516::0
46::alb_mss_fab_ibp_lat_0000::0
47::alb_mss_fab_pack2ibp_0000::0
48::mss_bus_switch_pack2ibp::0
49::mss_bus_switch_ibpx2ibpy_0000_0000::0
50::mss_bus_switch_ibp_cwbind_0000_0000::0
51::rl_regfile::0
52::dw_dbp::0
53::rl_ifu::0
54::zemi3OutPortArbiter_2_608_op::0
55::mss_bus_switch_ibpx2ibpy_0001_0000::0
56::rl_triggers::0
57::mss_bus_switch_ibp_split_0000::0
58::alb_mss_fab_axi2ibp_0000::0
59::rl_ifu_iccm::0
60::alb_mss_fab_ibp_buffer_0000_0007::0
61::alb_mss_fab_ibp_buffer_0000_0008::0
62::mss_bus_switch_mst_ibp_buffer_0000_0000::0
63::alb_mss_mem_ibp_bypbuf_0000::0
64::mss_bus_switch_ibpx2ibpy_0001::0
65::zz_Encrypt_5::0
66::mss_bus_switch_ibp2ibps_0000::0
67::arcv_dm::0
68::mss_bus_switch_ibp_compr_0000::0
69::bvci_to_axi::0
70::zebu_axi_xtor::0
71::rl_dispatch::0
72::mss_bus_switch_ibp2single_0000_0000::0
73::rl_ibp2ahb::0
74::rl_dmp_lsq::0
75::rl_dmp_dccm::0
76::alb_mss_fab_fifo_0001_0003::0
77::rl_ecc_cnt::0
78::alb_mss_fab_fifo_0001_0009::0
79::mss_bus_switch_fifo_0000_0004::0
80::alb_mss_mem_ibp2single_0000::0
81::rl_ifu_align::0
82::mss_bus_switch_ibpn2ibpw_0000::0
83::alb_mss_fab_fifo_0001_0004::0
84::alb_mss_fab_fifo_0001_000A::0
85::mss_bus_switch_fifo_0000_0005::0
86::alb_mss_fab_ahbl2ibp_0000::0
87::rl_decoder::0
88::alb_mss_fab_slv_axi_buffer::0
89::rl_mpy::0
90::mss_bus_switch_fifo_0001_0001::0
91::rl_pma::0
92::rl_ibp2mmio::0
93::mss_bus_switch_fifo_0001_0004::0
94::alb_mss_fab_single2ahbl::0
95::mss_bus_switch_fifo_0001_0003::0
96::mss_bus_switch_fifo_0001_0002::0
97::rl_debug::0
98::mss_bus_switch_fifo_0001::0
99::mss_bus_switch_fifo_0001_0000::0
100::alb_mss_mem_fifo_0001::0
101::zz_Encrypt_1::0
102::alb_mss_mem_ibp_buf::0
103::alb_mss_fab_ibp2pack_0003::0
104::mss_bus_switch_ibp2pack_0002::0
105::alb_mss_mem_ibp2pack::0
106::alb_mss_fab_single2sparse_0000::0
107::mss_bus_switch_ibpx2ibpy_0002::0
108::alb_mss_fab_ibp2ahbl::0
109::alb_mss_clkctrl::0
110::alb_mss_mem_ctrl::0
111::alb_mss_mem_ibp_cwbind_0000::0
112::alb_mss_mem_ibp_lat::0
113::rl_srams::0
114::rl_ifu_icache_ctl::0
115::mss_bus_switch_slv_ibp_buffer_0000::0
116::alb_mss_fab_ibp2single_0000::0
117::alb_mss_fab_pack2ibp_0003::0
118::mss_bus_switch_pack2ibp_0001::0
119::alb_mss_fab_ibp_buffer_0000::0
120::alb_mss_fab_ibp_buffer_0000_0000::0
121::alb_mss_fab_ibp_buffer_0000_0001::0
122::mss_bus_switch_slv_ibp_buffer_0001::0
123::mss_bus_switch_mst_ibp_buffer_0000::0
124::alb_mss_mem_pack2ibp::0
125::alb_mss_fpga_sram_0000::0
126::rl_alu_data_path::0
127::alb_mss_mem_ibp_split_0000::0
128::rl_dmp_lsq_fifo::0
129::apb_master_ap0::0
130::dwt_debug_port::0
131::alb_mss_fab_ibp_buffer_0000_0005::0
132::alb_mss_fab_ibp_buffer_0000_0006::0
133::dwt_sys_clk_sync::0
134::alb_mss_fab_ibp_buffer_0000_0003::0
135::alb_mss_fab_ibp_buffer_0000_0004::0
136::rl_per_ibp2ahb::0
137::zceiMessageOutPort_640::0
138::ls_multi_bit_comparator_0005::0
139::rl_ifu_icache_rf::0
140::rl_ahb2ibp_0000::0
141::alb_mss_fab_fifo_0000_000E::0
142::alb_mss_fab_fifo_0000_0010::0
143::rl_mmio_ahb2ibp::0
144::arcv_timer::0
145::rl_ahb2ibp_0001::0
146::alb_mss_mem_bypbuf_0000_0000::0
147::rl_dmp_dccm_ibp_wrapper::0
148::fpga_sram_0001::0
149::alb_mss_fab_bus_lat_0000::0
150::alb_mss_fab_ibp2single_0000_0001::0
151::rl_dmp_cwb::0
152::alb_mss_fab_fifo_0000_000F::0
153::alb_mss_fab_fifo_0000_0011::0
154::alb_mss_fab_ibp2single_0000_0000::0
155::rl_complete::0
156::arcv_dm_top::0
157::alb_mss_mem_bypbuf_0000_0002::0
158::zceiMessageOutPort_544::0
159::alb_mss_mem_bypbuf_0000_0004::0
160::rl_bypass::0
161::alb_mss_fab_fifo_0002::0
162::alb_mss_mem_fifo_0000_0000::0
163::arcv_watchdog_ctrl::0
164::alb_mss_mem_fifo_0003_0000::0
165::alb_mss_mem_fifo_0000_0002::0
166::dm_hmst::0
167::alb_mss_ext_stub::0
168::alb_mss_fab_ibp2apb_0000::0
169::alb_mss_fab_ibp2apb::0
170::alb_mss_fab_ibp_lat::0
171::ls_compare_unit_000D::0
172::rl_soft_reset_aux::0
173::err_inj_ctrl_0000::0
174::ic_data_ram::0
175::rl_trap::0
176::rl_uop_seq::0
177::fpga_sram_0000::0
178::rl_ifu_fetcher::0
179::rl_wtree_32x4::0
180::zemi3OutPortArbiter_2_96_op::0
181::mss_bus_switch_ibp2pack::0
182::alb_mss_fab_ibp2pack::0
183::rl_ras_top::0
184::dwt_jtag_port::0
185::zebu_top::0
186::rl_branch::0
187::rl_sfty_mnt_err_aggr::0
188::rl_sfty_ibp_tgt_e2e_wrap_0000::0
189::cpu_safety_monitor::0
190::rl_alu::0
191::alb_mss_fab_fifo_0006::0
192::alb_mss_fab_pack2ibp::0
193::alb_mss_fab_ibp2pack_0002::0
194::mss_bus_switch_pack2ibp_0000::0
195::alb_mss_fab_ibp2pack_0001::0
196::mss_bus_switch_ibpx2ibpy_0000::0
197::arcv_watchdog_csr::0
198::rl_sfty_mnt_reg_agent::0
199::rl_result_bus::0
200::mss_bus_switch_ibpx2ibpy_0000_0001::0
201::mss_bus_switch_ibp_cwbind_0000::0
202::fpga_sram_0002::0
203::fpga_sram_0002_0000::0
204::rl_epmp::0
205::ls_multi_bit_comparator_0004::0
206::arcv_watchdog::0
207::mss_bus_switch_fifo_0000_0006::0
208::alb_mss_fab_pack2ibp_0002::0
209::alb_mss_fab_pack2ibp_0001::0
210::alb_mss_mem_model::0
211::alb_mss_fab_fifo_0002_0001::0
212::ic_tag_ram::0
213::rl_ibp_target_wrapper::0
214::alb_mss_fab_fifo_0000_0002::0
215::alb_mss_fab_fifo_0000_0006::0
216::alb_mss_fab_fifo_0003::0
217::alb_mss_fab_fifo_0005::0
218::alb_mss_fab_fifo_0008::0
219::alb_mss_fab_fifo_0002_0000::0
220::alb_mss_fab_ibp2ahbl_sel::0
221::mss_bus_switch_fifo_0000_0007::0
222::sfty_ibp_ini_e2e_wrap_0000::0
223::alb_mss_fab_fifo_0007::0
224::alb_mss_mem_fifo_0000::0
225::clockDelayPort_0000::0
226::alb_mss_fab_fifo_0000::0
227::ls_compare_unit_000C::0
228::alb_mss_fab_bypbuf_0000::0
229::alb_mss_mem_bypbuf_0000::0
230::rl_dmp_lsq_cmd_port::0
231::rl_dmp_ecc_store_aligner::0
232::rl_shifter_0000::0
233::alb_mss_mem_fifo_0000_0001::0
234::alb_mss_fab_fifo_0003_0000::0
235::alb_mss_mem_bypbuf_0000_0001::0
236::rl_sfty_csr::0
237::alb_mss_fab_fifo_0005_0000::0
238::iprio_arb::0
239::mss_bus_switch_default_slv_0000::0
240::ls_compare_unit_000B::0
241::rl_dmp_csr::0
242::alb_mss_fab_bypbuf_0000_0000::0
243::alb_mss_fab_fifo_0000_000C::0
244::alb_mss_fab_fifo_0000_000D::0
245::alb_mss_fab_fifo_0000_000A::0
246::alb_mss_fab_fifo_0000_000B::0
247::rl_logic_unit::0
248::rl_special::0
249::alb_mss_fab_fifo_0000_0003::0
250::alb_mss_fab_fifo_0000_0007::0
251::alb_mss_fab_fifo_0000_0000::0
252::alb_mss_fab_fifo_0000_0001::0
253::alb_mss_fab_fifo_0000_0004::0
254::alb_mss_fab_fifo_0000_0008::0
255::ls_sfty_mnt_diag_ctrl::0
256::alb_mss_fab_bypbuf_0000_0001::0
257::zceiMessageInPort_160::0
258::ls_multi_bit_comparator_0000::0
259::rl_ifu_iccm_csr::0
260::mss_bus_switch_fifo_0000::0
261::rl_bitscan::0
262::alb_mss_fab_fifo_0001::0
263::iccm0_ram::0
264::dccm_ram::0
265::alb_mss_fab_fifo_0004_0000::0
266::ls_compare_unit_0002::0
267::zceiMessageInPort_150::0
268::ls_compare_unit_0004::0
269::ls_sfty_mnt_diag_ctrl_0000::0
270::alb_mss_fab_fifo_0004::0
271::ls_compare_unit_0000::0
272::alb_mss_fab_fifo_0001_0005::0
273::mss_bus_switch_fifo_0000_0003::0
274::rl_halt_mgr::0
275::ls_compare_unit_0001::0
276::ls_compare_unit_0009::0
277::alb_mss_clkctrl_ratio_calc::0
278::alb_mss_fab_fifo_0009::0
279::alb_mss_mem_fifo_0002::0
280::rl_triggers_iso::0
281::iccm_ecc_decoder::0
282::rl_dmp_dccm_ecc_decoder::0
283::rl_clock_ctrl::0
284::zceiMessageOutPort_128::0
285::zebu_bb_sample_clk_uncond_sample_64_1::0
286::ls_compare_unit_0005::0
287::rl_dmp_amo::0
288::ic_data_ecc_decoder::0
289::ls_compare_unit_000A::0
290::rl_pmp_hit::0
291::rl_byte_unit::0
292::alb_mss_mem_fifo_0003::0
293::rl_dmp_store_aligner::0
294::rl_dmp_load_aligner::0
295::rl_adder_0000::0
296::sfty_dmsi_down_tgt_e2e_wrap_0000::0
297::rl_maskgen::0
298::alb_mss_fab_fifo_0001_0000::0
299::zebu_bb_clockDelayPort_24::0
300::alb_mss_fab_fifo_0001_0001::0
301::alb_mss_mem_fifo_0000_0003::0
302::rl_predecoder::0
303::alb_mss_fab_fifo_0001_0006::0
304::mss_bus_switch_fifo_0000_0000::0
305::ic_tag_ecc_decoder::0
306::alb_mss_fab_fifo_0001_0007::0
307::mss_bus_switch_fifo_0000_0001::0
308::rl_cpu_synch_wrap::0
309::ls_error_register_0000::0
310::ls_compare_unit_0006::0
311::io_pad_ring::0
312::ls_multi_bit_comparator_0002::0
313::rl_ifu_id_ctrl::0
314::ls_compare_unit_0008::0
315::rl_pipe_ctrl::0
316::zz_Encrypt_2::0
317::rl_pma_hit::0
318::arcv_wd_parity_0001::0
319::zceiMessageOutPort_65::0
320::zceiMessageOutPort_64::0
321::zceiMessageInPort_64::0
322::zebu_bb_sample_clk_uncond_66_1::0
323::zebu_bb_sample_clk_uncond_64_1::0
324::alb_mss_fab_fifo_0000_0005::0
325::alb_mss_fab_fifo_0000_0009::0
326::rl_iesb::0
327::iccm_ecc_encoder::0
328::rl_dmp_dccm_ecc_encoder::0
329::zebu_bb_add_zview::0
330::zebu_bb_ts_cur_time::0
331::iprio_arb_4to1::0
332::ic_data_ecc_encoder::0
333::rl_reset_ctrl_synch::0
334::e2e_edc32_1stg_chk::0
335::dwt_tap_controller::0
336::core_chip::0
337::rl_bitscan_32b::0
338::ls_compare_unit_000F::0
339::rl_reset_ctrl::0
340::rl_parity_chk_0002_0000::0
341::rl_parity_chk_0002::0
342::rl_parity_chk_0002_0003::0
343::rl_parity_chk_0002_0001::0
344::rl_parity_chk_0002_0002::0
345::e2e_edc32_1stg_qual_chk_wrap_0000::0
346::rl_parity_gen_0000_0000::0
347::rl_parity_gen_0000::0
348::rl_parity_chk_0001::0
349::ls_multi_bit_comparator_0006::0
350::rl_reset_ctrl_wrap::0
351::rl_parity_gen_0000_0002::0
352::rl_parity_chk_0000::0
353::ic_tag_ecc_encoder::0
354::ls_compare_unit_000E::0
355::arcv_wdt_synch::0
356::zz_Encrypt_3::0
357::rl_parity_gen_0000_0001::0
358::alb_mss_clkctrl_clkgen::0
359::ls_compare_unit_0003::0
360::rl_parity_gen_0000_0003::0
361::zceiMessageInPort_35::0
362::rl_parity_gen_0001::0
363::alb_mss_mem_bypbuf_0000_0003::0
364::alb_mss_fab_fifo_0001_0002::0
365::rl_parity_gen_0002::0
366::zceiMessageOutPort_33::0
367::zceiMessageInPort::0
368::zceiMessageOutPort::0
369::rl_cpu_misc_synch::0
370::ls_compare_unit_0007::0
371::rl_bitscan_16b::0
372::zceiTrigger::0
373::zebu_bb_sample_clk_uncond_32_1::0
374::safety_iso_sync::0
375::reset_fsm::0
376::alb_mss_fab_fifo_0001_0008::0
377::mss_bus_switch_fifo_0000_0002::0
378::rl_wtree_comp622::0
379::alb_mss_clkctrl_clken_gen::0
380::zebu_bb_sample_clk_uncond_sample_12_1::0
381::zebu_bb_sample_clk_uncond_24_1::0
382::mss_bus_switch_rrobin::0
383::sr_err_aggr_0000::0
384::rl_wtree_comp612::0
385::rl_wtree_comp522::0
386::rl_wtree_comp432::0
387::single_bit_syncP::0
388::zebu_bb_gdelay::0
389::ls_multi_bit_comparator_0001::0
390::odd_pty_qual_di_dec_wrap_0000::0
391::rl_bitscan_8b::0
392::DWbb_bcm21_atv_0001::0
393::arcv_wd_parity::0
394::sr_err_aggr_0000_0001::0
395::odd_pty_qual_di_dec_wrap_0000_0001::0
396::alb_mss_fab_axi2ibp_rrobin::0
397::dm_cgm::0
398::arcv_timer_synch::0
399::simple_parity_0000::0
400::sr_err_aggr_0000_0000::0
401::arcv_wd_parity_0000::0
402::rl_simple_fifo::0
403::dwt_reset_ctrl::0
404::dwt_reset_ctrl_0000::0
405::odd_pty_qual_di_dec_wrap_0000_0000::0
406::odd_pty_qual_dec_wrap_0000_0000::0
407::simple_parity::0
408::sr_err_aggr_0000_0002::0
409::rl_wtree_comp402::0
410::rl_wtree_comp222::0
411::rl_wtree_comp312::0
412::odd_pty_di_dec_wrap_0000::0
413::odd_pty_dec_0001::0
414::ls_multi_bit_comparator_0003::0
415::DWbb_bcm21_0000::0
416::sr_err_aggr_0000_0003::0
417::multi_bit_comparator_0000::0
418::zebu_bb_sample_clk_uncond_sample_5_1::0
419::zceiMessageOutPort_8::0
420::ZebuClockDetectFront_57::0
421::ZebuClockDetectFront_58::0
422::ZebuClockDetectFront_59::0
423::ZebuClockDetectFront_60::0
424::ZebuClockDetectFront_61::0
425::ZebuClockDetectFront_62::0
426::ZebuClockDetectFront_63::0
427::ZebuClockDetectFront_64::0
428::ZebuClockDetectFront_65::0
429::ZebuClockDetectFront_66::0
430::ZebuClockDetectFront_8::0
431::ZebuClockDetectFront_9::0
432::ZebuClockDetectFront_10::0
433::ZebuClockDetectFront_11::0
434::ZebuClockDetectFront_12::0
435::ZebuClockDetectFront_13::0
436::ZebuClockDetectFront_14::0
437::ZebuClockDetectFront_15::0
438::ZebuClockDetectFront_16::0
439::ZebuClockDetectFront_17::0
440::ZebuClockDetectFront_18::0
441::ZebuClockDetectFront_19::0
442::ZebuClockDetectFront_20::0
443::ZebuClockDetectFront_21::0
444::ZebuClockDetectFront_22::0
445::ZebuClockDetectFront_23::0
446::ZebuClockDetectFront_24::0
447::ZebuClockDetectFront_25::0
448::ZebuClockDetectFront_26::0
449::ZebuClockDetectFront_27::0
450::ZebuClockDetectFront_28::0
451::ZebuClockDetectFront_29::0
452::ZebuClockDetectFront_30::0
453::ZebuClockDetectFront_31::0
454::ZebuClockDetectFront_32::0
455::ZebuClockDetectFront_33::0
456::ZebuClockDetectFront_34::0
457::ZebuClockDetectFront_35::0
458::ZebuClockDetectFront_36::0
459::ZebuClockDetectFront_37::0
460::ZebuClockDetectFront_38::0
461::ZebuClockDetectFront_39::0
462::ZebuClockDetectFront_40::0
463::ZebuClockDetectFront_41::0
464::ZebuClockDetectFront_47::0
465::ZebuClockDetectFront_48::0
466::ZebuClockDetectFront_49::0
467::ZebuClockDetectFront_50::0
468::ZebuClockDetectFront_51::0
469::ZebuClockDetectFront_52::0
470::ZebuClockDetectFront_53::0
471::ZebuClockDetectFront_54::0
472::ZebuClockDetectFront_55::0
473::ZebuClockDetectFront_56::0
474::ZebuClockDetectFront_42::0
475::ZebuClockDetectFront_43::0
476::ZebuClockDetectFront_44::0
477::ZebuClockDetectFront_45::0
478::ZebuClockDetectFront_46::0
479::odd_pty_qual_dec_wrap_0000::0
480::ZebuClockDetectFront_0::0
481::ZebuClockDetectFront_1::0
482::ZebuClockDetectFront_2::0
483::ZebuClockDetectFront_3::0
484::ZebuClockDetectFront_4::0
485::ZebuClockDetectFront_5::0
486::ZebuClockDetectFront_6::0
487::ZebuClockDetectFront_7::0
488::zebu_bb_sample_clk_uncond_sample_4_1::0
489::odd_pty_enc_0001::0
490::DWbb_bcm99::0
491::odd_pty_qual_dec_wrap_0000_0001::0
492::odd_pty_dec_0003::0
493::zceiMessageInPort_6::0
494::alb_mss_mem_clkgate::0
495::alb_mss_clkctrl_clkgate::0
496::DWbb_bcm21_atv_0000::0
497::cdc_synch_wrap::0
498::reset_handshake::0
499::arcv_wd_parity_0002::0
500::odd_pty_dec_0000::0
501::rl_wtree_comp302::0
502::rl_bitscan_4b::0
503::zebu_bb_sample_clk_uncond_7_1::0
504::dw_dbp_stubs::0
505::zebu_bb_front_ed_clk_edge_P_1_U_1::0
506::odd_pty_dec_0002::0
507::dm_cdc_sync::0
508::dw_dbp_cdc_sync::0
509::clkgate::0
510::dm_clock_gate::0
511::ls_cdc_sync::0
512::ls_cdc_sync_0000::0
513::DWbb_bcm00_maj::0
514::odd_pty_dec::0
515::zebu_ts_orion_tick_clk_mod::0
516::rtlClockControl::0
517::zceiMessageOutPort_3::0
518::zebu_bb_sample_clk_uncond_sample_2_1::0
519::zebu_bb_mem_sco::0
520::odd_pty_enc_0001_0000::0
521::zceiMessageOutPort_2::0
522::zceiMessageInPort_2::0
523::odd_pty_dec_wrap_0000::0
524::odd_pty_enc_0001_0001::0
525::zceiMessageInPort_1::0
526::zceiMessageOutPort_1::0
527::zebu_bb_edge_detector::0
528::zebu_bb_sample_clk_uncond_sample_1_1::0
529::odd_pty_enc_0001_0002::0
530::odd_pty_enc_0000::0
531::zebu_bb_mcp_fake_edge_detector::0
532::zebu_bb_dpi_mcp_fake_edge_detector_2::0
533::zebu_bb_async_reset_cond::0
534::zebu_bb_sample_clk_uncond_1_1::0
535::eVe_initial::0
536::zebu_reqsig_clock_driverclock::0
537::zebu_bb_stop_driver_clock_2::0
538::arcv_dm_top_stubs::0
