
Note-[SM_PME] Processing Module/Entity
  Processing: mss_bus_switch_dw512_slv Parameterized Name: 
  mss_bus_switch_dw512_slv


Note-[SM_IIF] Instance Info
  Instance Count : module 'mss_bus_switch_dw512_slv' has 19 instances
  


Note-[SM_PME] Processing Module/Entity
  Processing: rl_hpm Parameterized Name: rl_hpm


Note-[SM_PME] Processing Module/Entity
  Processing: mss_bus_switch_ibp2pack_0000 Parameterized Name: 
  mss_bus_switch_ibp2pack_0000


Note-[SM_PME] Processing Module/Entity
  Processing: mss_bus_switch_ibp2pack_0001 Parameterized Name: 
  mss_bus_switch_ibp2pack_0001


Note-[SM_PME] Processing Module/Entity
  Processing: mss_bus_switch_ibp_compr_0000_0000 Parameterized Name: 
  mss_bus_switch_ibp_compr_0000_0000


Note-[SM_IIF] Instance Info
  Instance Count : module 'mss_bus_switch_ibp_compr_0000_0000' has 4 instances
  


Note-[SM_PME] Processing Module/Entity
  Processing: rl_ifu Parameterized Name: rl_ifu


Note-[SM_IIF] Instance Info
  Instance Count : module 'rl_ifu' has 5 instances
  


Note-[SM_PME] Processing Module/Entity
  Processing: alb_mss_fab_axi2ibp_0000 Parameterized Name: 
  alb_mss_fab_axi2ibp_0000


Note-[SM_IIF] Instance Info
  Instance Count : module 'alb_mss_fab_axi2ibp_0000' has 8 instances
  


Note-[SM_PME] Processing Module/Entity
  Processing: mss_bus_switch_ibp2ibps_0000 Parameterized Name: 
  mss_bus_switch_ibp2ibps_0000


Note-[SM_IIF] Instance Info
  Instance Count : module 'mss_bus_switch_ibp2ibps_0000' has 3 instances
  


Note-[SM_PME] Processing Module/Entity
  Processing: bvci_to_axi Parameterized Name: bvci_to_axi


Note-[SM_PME] Processing Module/Entity
  Processing: alb_mss_fab_fifo_0001_0009 Parameterized Name: 
  alb_mss_fab_fifo_0001_0009


Note-[SM_PME] Processing Module/Entity
  Processing: mss_bus_switch_fifo_0000_0004 Parameterized Name: 
  mss_bus_switch_fifo_0000_0004


Note-[SM_PME] Processing Module/Entity
  Processing: rl_ifu_align Parameterized Name: rl_ifu_align


Note-[SM_IIF] Instance Info
  Instance Count : module 'rl_ifu_align' has 1 instances
  


Note-[SM_PME] Processing Module/Entity
  Processing: rl_decoder Parameterized Name: rl_decoder


Note-[SM_PME] Processing Module/Entity
  Processing: alb_mss_fab_ibp2pack_0003 Parameterized Name: 
  alb_mss_fab_ibp2pack_0003


Note-[SM_PME] Processing Module/Entity
  Processing: alb_mss_mem_ibp2pack Parameterized Name: alb_mss_mem_ibp2pack


Note-[SM_PME] Processing Module/Entity
  Processing: alb_mss_mem_ctrl Parameterized Name: alb_mss_mem_ctrl


Note-[SM_IIF] Instance Info
  Instance Count : module 'alb_mss_mem_ctrl' has 3 instances
  


Note-[SM_PME] Processing Module/Entity
  Processing: rl_ifu_icache_ctl Parameterized Name: rl_ifu_icache_ctl


Note-[SM_PME] Processing Module/Entity
  Processing: dwt_debug_port Parameterized Name: dwt_debug_port


Note-[SM_PME] Processing Module/Entity
  Processing: alb_mss_mem_bypbuf_0000_0000 Parameterized Name: 
  alb_mss_mem_bypbuf_0000_0000


Note-[SM_IIF] Instance Info
  Instance Count : module 'alb_mss_mem_bypbuf_0000_0000' has 1 instances
  


Note-[SM_PME] Processing Module/Entity
  Processing: fpga_sram_0001 Parameterized Name: fpga_sram_0001


Note-[SM_PME] Processing Module/Entity
  Processing: dm_hmst Parameterized Name: dm_hmst


Note-[SM_PME] Processing Module/Entity
  Processing: rl_wtree_32x4 Parameterized Name: rl_wtree_32x4


Note-[SM_IIF] Instance Info
  Instance Count : module 'rl_wtree_32x4' has 36 instances
  


Note-[SM_PME] Processing Module/Entity
  Processing: rl_alu Parameterized Name: rl_alu


Note-[SM_IIF] Instance Info
  Instance Count : module 'rl_alu' has 1 instances
  


Note-[SM_PME] Processing Module/Entity
  Processing: mss_bus_switch_pack2ibp_0000 Parameterized Name: 
  mss_bus_switch_pack2ibp_0000


Note-[SM_PME] Processing Module/Entity
  Processing: rl_sfty_mnt_reg_agent Parameterized Name: rl_sfty_mnt_reg_agent


Note-[SM_IIF] Instance Info
  Instance Count : module 'rl_sfty_mnt_reg_agent' has 1 instances
  


Note-[SM_PME] Processing Module/Entity
  Processing: alb_mss_mem_model Parameterized Name: alb_mss_mem_model


Note-[SM_IIF] Instance Info
  Instance Count : module 'alb_mss_mem_model' has 1 instances
  


Note-[SM_PME] Processing Module/Entity
  Processing: alb_mss_fab_fifo_0002_0001 Parameterized Name: 
  alb_mss_fab_fifo_0002_0001


Note-[SM_PME] Processing Module/Entity
  Processing: alb_mss_mem_fifo_0000 Parameterized Name: alb_mss_mem_fifo_0000


Note-[SM_PME] Processing Module/Entity
  Processing: rl_dmp_lsq_cmd_port Parameterized Name: rl_dmp_lsq_cmd_port


Note-[SM_PME] Processing Module/Entity
  Processing: alb_mss_fab_fifo_0005_0000 Parameterized Name: 
  alb_mss_fab_fifo_0005_0000


Note-[SM_PME] Processing Module/Entity
  Processing: alb_mss_fab_fifo_0000_000C Parameterized Name: 
  alb_mss_fab_fifo_0000_000C


Note-[SM_PME] Processing Module/Entity
  Processing: alb_mss_fab_fifo_0000_0000 Parameterized Name: 
  alb_mss_fab_fifo_0000_0000


Note-[SM_PME] Processing Module/Entity
  Processing: alb_mss_fab_bypbuf_0000_0001 Parameterized Name: 
  alb_mss_fab_bypbuf_0000_0001


Note-[SM_IIF] Instance Info
  Instance Count : module 'alb_mss_fab_bypbuf_0000_0001' has 1 instances
  


Note-[SM_PME] Processing Module/Entity
  Processing: rl_ifu_iccm_csr Parameterized Name: rl_ifu_iccm_csr


Note-[SM_PME] Processing Module/Entity
  Processing: alb_mss_fab_fifo_0004_0000 Parameterized Name: 
  alb_mss_fab_fifo_0004_0000


Note-[SM_PME] Processing Module/Entity
  Processing: ls_compare_unit_0009 Parameterized Name: ls_compare_unit_0009


Note-[SM_IIF] Instance Info
  Instance Count : module 'ls_compare_unit_0009' has 1 instances
  


Note-[SM_PME] Processing Module/Entity
  Processing: alb_mss_fab_fifo_0009 Parameterized Name: alb_mss_fab_fifo_0009


Note-[SM_PME] Processing Module/Entity
  Processing: rl_clock_ctrl Parameterized Name: rl_clock_ctrl


Note-[SM_IIF] Instance Info
  Instance Count : module 'rl_clock_ctrl' has 4 instances
  


Note-[SM_PME] Processing Module/Entity
  Processing: rl_pmp_hit Parameterized Name: rl_pmp_hit


Note-[SM_PME] Processing Module/Entity
  Processing: alb_mss_mem_fifo_0003 Parameterized Name: alb_mss_mem_fifo_0003


Note-[SM_PME] Processing Module/Entity
  Processing: rl_predecoder Parameterized Name: rl_predecoder


Note-[SM_PME] Processing Module/Entity
  Processing: arcv_wd_parity_0001 Parameterized Name: arcv_wd_parity_0001


Note-[SM_PME] Processing Module/Entity
  Processing: zceiMessageInPort_64 Parameterized Name: zceiMessageInPort_64


Note-[SM_PME] Processing Module/Entity
  Processing: alb_mss_fab_fifo_0000_0009 Parameterized Name: 
  alb_mss_fab_fifo_0000_0009


Note-[SM_PME] Processing Module/Entity
  Processing: dwt_tap_controller Parameterized Name: dwt_tap_controller


Note-[SM_PME] Processing Module/Entity
  Processing: rl_parity_gen_0000 Parameterized Name: rl_parity_gen_0000


Note-[SM_PME] Processing Module/Entity
  <Message details suppressed due to encrypted design unit>


Note-[SM_PME] Processing Module/Entity
  Processing: alb_mss_fab_fifo_0001_0002 Parameterized Name: 
  alb_mss_fab_fifo_0001_0002


Note-[SM_PME] Processing Module/Entity
  Processing: UC_VLOG_LIB.zceiTrigger Parameterized Name: zceiTrigger


Note-[SM_EMPTY_DU] Marking empty Module/Entity as blackbox
/remote/sdgregrsnapshot2/NB/linux64_VCS2021.09.2.ZEBU.B4.1/radify-src/unizfe/verilog/zceiTrigger.v, 4
  Module/Entity 'zceiTrigger' is marked as a blackbox because it is empty


Note-[SM_PME] Processing Module/Entity
  Processing: zebu_bb_sample_clk_uncond_32_1 Parameterized Name: 
  zebu_bb_sample_clk_uncond_32_1


Note-[SM_PME] Processing Module/Entity
  Processing: reset_fsm Parameterized Name: reset_fsm


Note-[SM_PME] Processing Module/Entity
  Processing: rl_wtree_comp612 Parameterized Name: rl_wtree_comp612


Note-[SM_PME] Processing Module/Entity
  Processing: sr_err_aggr_0000_0000 Parameterized Name: sr_err_aggr_0000_0000


Note-[SM_PME] Processing Module/Entity
  Processing: dwt_reset_ctrl Parameterized Name: dwt_reset_ctrl


Note-[SM_IIF] Instance Info
  Instance Count : module 'dwt_reset_ctrl' has 1 instances
  


Note-[SM_FNL] Fast netlist optimization
  Using fast processing since this is a simple netlist
  


Note-[SM_PME] Processing Module/Entity
  Processing: odd_pty_qual_di_dec_wrap_0000_0000 Parameterized Name: 
  odd_pty_qual_di_dec_wrap_0000_0000


Note-[SM_IIF] Instance Info
  Instance Count : module 'odd_pty_qual_di_dec_wrap_0000_0000' has 3 instances
  


Note-[SM_PME] Processing Module/Entity
  Processing: odd_pty_di_dec_wrap_0000 Parameterized Name: 
  odd_pty_di_dec_wrap_0000


Note-[SM_IIF] Instance Info
  Instance Count : module 'odd_pty_di_dec_wrap_0000' has 3 instances
  


Note-[SM_PME] Processing Module/Entity
  Processing: sr_err_aggr_0000_0003 Parameterized Name: sr_err_aggr_0000_0003


Note-[SM_PME] Processing Module/Entity
  Processing: ZebuClockDetectFront_59 Parameterized Name: 
  ZebuClockDetectFront_59


Note-[SM_IIF] Instance Info
  Instance Count : module 'ZebuClockDetectFront_59' has 1 instances
  


Note-[SM_PME] Processing Module/Entity
  Processing: ZebuClockDetectFront_66 Parameterized Name: 
  ZebuClockDetectFront_66


Note-[SM_IIF] Instance Info
  Instance Count : module 'ZebuClockDetectFront_66' has 1 instances
  


Note-[SM_PME] Processing Module/Entity
  Processing: ZebuClockDetectFront_9 Parameterized Name: 
  ZebuClockDetectFront_9


Note-[SM_IIF] Instance Info
  Instance Count : module 'ZebuClockDetectFront_9' has 1 instances
  


Note-[SM_PME] Processing Module/Entity
  Processing: ZebuClockDetectFront_15 Parameterized Name: 
  ZebuClockDetectFront_15


Note-[SM_IIF] Instance Info
  Instance Count : module 'ZebuClockDetectFront_15' has 1 instances
  


Note-[SM_PME] Processing Module/Entity
  Processing: ZebuClockDetectFront_21 Parameterized Name: 
  ZebuClockDetectFront_21


Note-[SM_IIF] Instance Info
  Instance Count : module 'ZebuClockDetectFront_21' has 1 instances
  


Note-[SM_PME] Processing Module/Entity
  Processing: ZebuClockDetectFront_28 Parameterized Name: 
  ZebuClockDetectFront_28


Note-[SM_IIF] Instance Info
  Instance Count : module 'ZebuClockDetectFront_28' has 1 instances
  


Note-[SM_PME] Processing Module/Entity
  Processing: ZebuClockDetectFront_32 Parameterized Name: 
  ZebuClockDetectFront_32


Note-[SM_IIF] Instance Info
  Instance Count : module 'ZebuClockDetectFront_32' has 1 instances
  


Note-[SM_PME] Processing Module/Entity
  Processing: ZebuClockDetectFront_37 Parameterized Name: 
  ZebuClockDetectFront_37


Note-[SM_IIF] Instance Info
  Instance Count : module 'ZebuClockDetectFront_37' has 1 instances
  


Note-[SM_PME] Processing Module/Entity
  Processing: ZebuClockDetectFront_48 Parameterized Name: 
  ZebuClockDetectFront_48


Note-[SM_IIF] Instance Info
  Instance Count : module 'ZebuClockDetectFront_48' has 1 instances
  


Note-[SM_PME] Processing Module/Entity
  Processing: ZebuClockDetectFront_52 Parameterized Name: 
  ZebuClockDetectFront_52


Note-[SM_IIF] Instance Info
  Instance Count : module 'ZebuClockDetectFront_52' has 1 instances
  


Note-[SM_PME] Processing Module/Entity
  Processing: ZebuClockDetectFront_42 Parameterized Name: 
  ZebuClockDetectFront_42


Note-[SM_IIF] Instance Info
  Instance Count : module 'ZebuClockDetectFront_42' has 1 instances
  


Note-[SM_PME] Processing Module/Entity
  Processing: ZebuClockDetectFront_46 Parameterized Name: 
  ZebuClockDetectFront_46


Note-[SM_IIF] Instance Info
  Instance Count : module 'ZebuClockDetectFront_46' has 1 instances
  


Note-[SM_PME] Processing Module/Entity
  Processing: ZebuClockDetectFront_3 Parameterized Name: 
  ZebuClockDetectFront_3


Note-[SM_IIF] Instance Info
  Instance Count : module 'ZebuClockDetectFront_3' has 1 instances
  


Note-[SM_PME] Processing Module/Entity
  Processing: DWbb_bcm99 Parameterized Name: DWbb_bcm99


Note-[SM_PME] Processing Module/Entity
  Processing: cdc_synch_wrap Parameterized Name: cdc_synch_wrap


Note-[SM_IIF] Instance Info
  Instance Count : module 'cdc_synch_wrap' has 1 instances
  


Note-[SM_FNL] Fast netlist optimization
  Using fast processing since this is a simple netlist
  


Note-[SM_PME] Processing Module/Entity
  Processing: reset_handshake Parameterized Name: reset_handshake


Note-[SM_PME] Processing Module/Entity
  Processing: ls_cdc_sync_0000 Parameterized Name: ls_cdc_sync_0000


Note-[SM_IIF] Instance Info
  Instance Count : module 'ls_cdc_sync_0000' has 1 instances
  


Note-[SM_FNL] Fast netlist optimization
  Using fast processing since this is a simple netlist
  


Note-[SM_PME] Processing Module/Entity
  Processing: odd_pty_enc_0001_0000 Parameterized Name: odd_pty_enc_0001_0000


Note-[SM_PME] Processing Module/Entity
  Processing: zebu_bb_sample_clk_uncond_sample_1_1 Parameterized Name: 
  zebu_bb_sample_clk_uncond_sample_1_1


Note-[SM_PME] Processing Module/Entity
  Processing: odd_pty_enc_0001_0002 Parameterized Name: odd_pty_enc_0001_0002


Note-[SM_CHLDRUN_DONE] Child process run completed
  Child process number '0' with process id '2250049'
  is done with synthesis of total '77' modules
  SIMON Child CPU Time        : 1.78 sec
  SIMON Child Wall-Clock Time : 1.85 sec
  SIMON Child Current Memory  : 864 MB
  SIMON Child Peak Memory     : 864 MB
  SIMON Distribution          : 0.67,0.12,0.09,0.00 sec
  End time                    : Tue May 13 18:28:49 2025
  .


Note-[SM_POME] Processing Module/Entity
  Performing post-processing optimizations on Module/Entity: io_pad_ring


Note-[SM_POME] Processing Module/Entity
  Performing post-processing optimizations on Module/Entity: 
  alb_mss_fab_fifo_0001_0002


Note-[SM_POME] Processing Module/Entity
  Performing post-processing optimizations on Module/Entity: 
  alb_mss_fab_axi2ibp_rrobin


Note-[SM_POME] Processing Module/Entity
  Performing post-processing optimizations on Module/Entity: 
  alb_mss_fab_axi2ibp_0000


Note-[SM_POME] Processing Module/Entity
  Performing post-processing optimizations on Module/Entity: 
  alb_mss_fab_fifo_0000_0006


Note-[SM_POME] Processing Module/Entity
  Performing post-processing optimizations on Module/Entity: 
  alb_mss_fab_ibp_buffer_0000_0001


Note-[SM_POME] Processing Module/Entity
  Performing post-processing optimizations on Module/Entity: 
  alb_mss_fab_ibp_lat_0000


Note-[SM_POME] Processing Module/Entity
  Performing post-processing optimizations on Module/Entity: 
  mss_bus_switch_fifo_0001


Note-[SM_POME] Processing Module/Entity
  Performing post-processing optimizations on Module/Entity: 
  mss_bus_switch_fifo_0000_0005


Note-[SM_POME] Processing Module/Entity
  Performing post-processing optimizations on Module/Entity: 
  mss_bus_switch_fifo_0001_0000


Note-[SM_POME] Processing Module/Entity
  Performing post-processing optimizations on Module/Entity: 
  mss_bus_switch_fifo_0001_0002


Note-[SM_POME] Processing Module/Entity
  Performing post-processing optimizations on Module/Entity: 
  mss_bus_switch_ibp2pack_0002


Note-[SM_POME] Processing Module/Entity
  Performing post-processing optimizations on Module/Entity: 
  mss_bus_switch_fifo_0000_0007


Note-[SM_POME] Processing Module/Entity
  Performing post-processing optimizations on Module/Entity: 
  alb_mss_fab_pack2ibp_0001


Note-[SM_POME] Processing Module/Entity
  Performing post-processing optimizations on Module/Entity: 
  alb_mss_fab_fifo_0000_000C


Note-[SM_POME] Processing Module/Entity
  Performing post-processing optimizations on Module/Entity: 
  alb_mss_fab_pack2ibp_0003


Note-[SM_POME] Processing Module/Entity
  Performing post-processing optimizations on Module/Entity: 
  alb_mss_fab_fifo_0004_0000


Note-[SM_POME] Processing Module/Entity
  Performing post-processing optimizations on Module/Entity: 
  alb_mss_fab_ibp2single_0000_0000


Note-[SM_POME] Processing Module/Entity
  Performing post-processing optimizations on Module/Entity: 
  alb_mss_clkctrl_clken_gen


Note-[SM_POME] Processing Module/Entity
  Performing post-processing optimizations on Module/Entity: 
  alb_mss_mem_fifo_0001


Note-[SM_POME] Processing Module/Entity
  Performing post-processing optimizations on Module/Entity: 
  alb_mss_mem_fifo_0000_0001


Note-[SM_POME] Processing Module/Entity
  Performing post-processing optimizations on Module/Entity: 
  alb_mss_mem_fifo_0003


Note-[SM_POME] Processing Module/Entity
  Performing post-processing optimizations on Module/Entity: 
  ZebuClockDetectFront_35


Note-[SM_POME] Processing Module/Entity
  <Message details suppressed due to encrypted design unit>


Note-[SM_MEM_INFO] Module has inferred memories
/global/apps/zebu_vs_2023.03-SP1//vlog/vcs/xtor_amba_master_axi3_svs.sv, 676
  <Message details suppressed due to encrypted design unit>


Note-[SM_POME] Processing Module/Entity
  <Message details suppressed due to encrypted design unit>


Note-[SM_POME] Processing Module/Entity
  Performing post-processing optimizations on Module/Entity: 
  ZebuClockDetectFront_40


Note-[SM_POME] Processing Module/Entity
  Performing post-processing optimizations on Module/Entity: 
  ZebuClockDetectFront_51


Note-[SM_POME] Processing Module/Entity
  <Message details suppressed due to encrypted design unit>


Note-[SM_POME] Processing Module/Entity
  Performing post-processing optimizations on Module/Entity: 
  ZebuClockDetectFront_13


Note-[SM_POME] Processing Module/Entity
  Performing post-processing optimizations on Module/Entity: 
  ZebuClockDetectFront_19


Note-[SM_POME] Processing Module/Entity
  Performing post-processing optimizations on Module/Entity: 
  ZebuClockDetectFront_22


Note-[SM_POME] Processing Module/Entity
  Performing post-processing optimizations on Module/Entity: 
  ZebuClockDetectFront_30


Note-[SM_POME] Processing Module/Entity
  Performing post-processing optimizations on Module/Entity: dm_cgm


Note-[SM_POME] Processing Module/Entity
  Performing post-processing optimizations on Module/Entity: dw_dbp_cdc_sync


Note-[SM_POME] Processing Module/Entity
  Performing post-processing optimizations on Module/Entity: dw_dbp


Note-[SM_POME] Processing Module/Entity
  Performing post-processing optimizations on Module/Entity: 
  ls_multi_bit_comparator_0000


Note-[SM_POME] Processing Module/Entity
  Performing post-processing optimizations on Module/Entity: 
  ls_multi_bit_comparator_0003


Note-[SM_POME] Processing Module/Entity
  Performing post-processing optimizations on Module/Entity: 
  ls_multi_bit_comparator_0006


Note-[SM_POME] Processing Module/Entity
  Performing post-processing optimizations on Module/Entity: 
  rl_reset_ctrl_wrap


Note-[SM_POME] Processing Module/Entity
  Performing post-processing optimizations on Module/Entity: 
  ZebuClockDetectFront_6


Note-[SM_POME] Processing Module/Entity
  Performing post-processing optimizations on Module/Entity: rl_ifu_fetcher


Note-[SM_POME] Processing Module/Entity
  Performing post-processing optimizations on Module/Entity: 
  ic_data_ecc_encoder


Note-[SM_POME] Processing Module/Entity
  Performing post-processing optimizations on Module/Entity: rl_ifu_align


Note-[SM_POME] Processing Module/Entity
  Performing post-processing optimizations on Module/Entity: rl_bitscan_4b


Note-[SM_POME] Processing Module/Entity
  Performing post-processing optimizations on Module/Entity: rl_wtree_comp402


Note-[SM_POME] Processing Module/Entity
  Performing post-processing optimizations on Module/Entity: rl_csr


Note-[SM_POME] Processing Module/Entity
  Performing post-processing optimizations on Module/Entity: 
  rl_dmp_store_aligner


Note-[SM_POME] Processing Module/Entity
  Performing post-processing optimizations on Module/Entity: rl_pmp


Note-[SM_POME] Processing Module/Entity
  Performing post-processing optimizations on Module/Entity: 
  sr_err_aggr_0000_0001


Note-[SM_POME] Processing Module/Entity
  Performing post-processing optimizations on Module/Entity: odd_pty_dec_0001


Note-[SM_POME] Processing Module/Entity
  Performing post-processing optimizations on Module/Entity: rl_ras_top


Note-[SM_POME] Processing Module/Entity
  Performing post-processing optimizations on Module/Entity: 
  rl_parity_chk_0001


Note-[SM_POME] Processing Module/Entity
  Performing post-processing optimizations on Module/Entity: 
  rl_parity_chk_0002_0003


Note-[SM_POME] Processing Module/Entity
  Performing post-processing optimizations on Module/Entity: 
  e2e_edc32_1stg_chk


Note-[SM_POME] Processing Module/Entity
  Performing post-processing optimizations on Module/Entity: arcv_watchdog_csr


Note-[SM_POME] Processing Module/Entity
  Performing post-processing optimizations on Module/Entity: 
  ls_sfty_mnt_diag_ctrl


Note-[SM_POME] Processing Module/Entity
  Performing post-processing optimizations on Module/Entity: 
  odd_pty_qual_di_dec_wrap_0000


Note-[SM_POME] Processing Module/Entity
  Performing post-processing optimizations on Module/Entity: 
  rl_sfty_mnt_reg_agent


Note-[SM_POME] Processing Module/Entity
  Performing post-processing optimizations on Module/Entity: fpga_sram_0002


Note-[SM_MEM_INFO] Module has inferred memories
/remote/us01sgnfs00727/arc_fpga/moyanz/Ratter3/template/dw_dbp/zebu_ifx_mini_rattle_6649a592_20250509/build/verilog/RTL/fpga_sram.v, 45
  Inferred memory statistics for module 'fpga_sram_0002' (Instances: 1)
  ------------------------------------------------------------------------------
  |Name |Size |TotalPorts |ReadPorts |WritePorts |Reset |Initial |
  ------------------------------------------------------------------------------
  | mem_r | 5242880(131072x40) |TP:2 |RP:1(A:1,S:0) |WP:1(A:0,S:1) |R:None 
  |I:No |
  ------------------------------------------------------------------------------


Note-[SM_POME] Processing Module/Entity
  Performing post-processing optimizations on Module/Entity: 
  ZebuClockDetectFront_59


Note-[SM_POME] Processing Module/Entity
  Performing post-processing optimizations on Module/Entity: zebu_top


Note-[SM_CHLDRUN_DONE] Child process run completed
  Child process number '0' with process id '2250078'
  is done with post-processing optimizations of total '61' modules
  SIMON Child CPU Time        : 0.31 sec
  SIMON Child Wall-Clock Time : 1.50 sec
  SIMON Child Current Memory  : 880 MB
  SIMON Child Peak Memory     : 880 MB
  SIMON Distribution          : 0.00,0.00,0.00,0.05 sec
  End time                    : Tue May 13 18:28:52 2025
  .

