Copyright 1986-2023 Xilinx, Inc. All Rights Reserved.
--------------------------------------------------------------------------------------------
| Tool Version : Vivado v.2022.1_AR76726 (lin64) Build 4044071 Fri Nov  3 11:45:33 MDT 2023
| Date         : Tue May 13 18:46:50 2025
| Host         : us01zebu-4587-002 running 64-bit AlmaLinux release 8.4 (Electric Cheetah)
| Command      : report_utilization -file ./fpga_reports/vivado/report_linked_ulization.rpt
| Design       : fx_top
| Device       : xcvu19p-fsva3824-1-e
| Speed File   : -1
| Design State : Synthesized
--------------------------------------------------------------------------------------------

Utilization Design Information

Table of Contents
-----------------
1. CLB Logic
1.1 Summary of Registers by Type
2. BLOCKRAM
3. ARITHMETIC
4. I/O
5. CLOCK
6. ADVANCED
7. CONFIGURATION
8. Primitives
9. Black Boxes
10. Instantiated Netlists
11. SLR Connectivity and Clocking Utilization
12. SLR Connectivity Matrix
13. SLR CLB Logic and Dedicated Block Utilization
14. SLR IO Utilization

1. CLB Logic
------------

+----------------------------+--------+-------+------------+-----------+-------+
|          Site Type         |  Used  | Fixed | Prohibited | Available | Util% |
+----------------------------+--------+-------+------------+-----------+-------+
| CLB LUTs*                  | 563529 |     4 |          0 |   4085760 | 13.79 |
|   LUT as Logic             | 543560 |     4 |          0 |   4085760 | 13.30 |
|   LUT as Memory            |  19969 |     0 |          0 |    956160 |  2.09 |
|     LUT as Distributed RAM |   7743 |     0 |            |           |       |
|     LUT as Shift Register  |  12226 |     0 |            |           |       |
| CLB Registers              | 308422 |    23 |          0 |   8171520 |  3.77 |
|   Register as Flip Flop    | 306020 |    18 |          0 |   8171520 |  3.74 |
|   Register as Latch        |   2401 |     5 |          0 |   8171520 |  0.03 |
|   Register as AND/OR       |      1 |     0 |          0 |   8171520 | <0.01 |
| CARRY8                     |   3849 |     0 |          0 |    510720 |  0.75 |
| F7 Muxes                   |    367 |     0 |          0 |   2042880 |  0.02 |
| F8 Muxes                   |     16 |     0 |          0 |   1021440 | <0.01 |
| F9 Muxes                   |      0 |     0 |          0 |    510720 |  0.00 |
+----------------------------+--------+-------+------------+-----------+-------+
* Warning! The Final LUT count, after physical optimizations and full implementation, is typically lower. Run opt_design after synthesis, if not already completed, for a more realistic count.


1.1 Summary of Registers by Type
--------------------------------

+--------+--------------+-------------+--------------+
|  Total | Clock Enable | Synchronous | Asynchronous |
+--------+--------------+-------------+--------------+
| 23     |            _ |           - |            - |
| 0      |            _ |           - |          Set |
| 0      |            _ |           - |        Reset |
| 0      |            _ |         Set |            - |
| 0      |            _ |       Reset |            - |
| 0      |          Yes |           - |            - |
| 644    |          Yes |           - |          Set |
| 14344  |          Yes |           - |        Reset |
| 3043   |          Yes |         Set |            - |
| 290368 |          Yes |       Reset |            - |
+--------+--------------+-------------+--------------+


2. BLOCKRAM
-----------

+-------------------+-------+-------+------------+-----------+-------+
|     Site Type     |  Used | Fixed | Prohibited | Available | Util% |
+-------------------+-------+-------+------------+-----------+-------+
| Block RAM Tile    | 185.5 |     0 |          0 |      2160 |  8.59 |
|   RAMB36/FIFO*    |   184 |     0 |          0 |      2160 |  8.52 |
|     FIFO36E2 only |     9 |       |            |           |       |
|     RAMB36E2 only |   175 |       |            |           |       |
|   RAMB18          |     3 |     0 |          0 |      4320 |  0.07 |
|     RAMB18E2 only |     3 |       |            |           |       |
| URAM              |    98 |     0 |          0 |       320 | 30.63 |
+-------------------+-------+-------+------------+-----------+-------+
* Note: Each Block RAM Tile only has one FIFO logic available and therefore can accommodate only one FIFO36E2 or one FIFO18E2. However, if a FIFO18E2 occupies a Block RAM Tile, that tile can still accommodate a RAMB18E2


3. ARITHMETIC
-------------

+----------------+------+-------+------------+-----------+-------+
|    Site Type   | Used | Fixed | Prohibited | Available | Util% |
+----------------+------+-------+------------+-----------+-------+
| DSPs           |    5 |     0 |          0 |      3840 |  0.13 |
|   DSP48E2 only |    5 |       |            |           |       |
+----------------+------+-------+------------+-----------+-------+


4. I/O
------

+-----------------+------+-------+------------+-----------+-------+
|    Site Type    | Used | Fixed | Prohibited | Available | Util% |
+-----------------+------+-------+------------+-----------+-------+
| Bonded IOB      |  209 |   209 |          0 |      2072 | 10.09 |
| HPIOB_M         |  107 |   107 |          0 |       912 | 11.73 |
|   INPUT         |    8 |       |            |           |       |
|   OUTPUT        |   51 |       |            |           |       |
|   BIDIR         |   48 |       |            |           |       |
| HPIOB_S         |  101 |   101 |          0 |       912 | 11.07 |
|   INPUT         |   10 |       |            |           |       |
|   OUTPUT        |   51 |       |            |           |       |
|   BIDIR         |   40 |       |            |           |       |
| HPIOB_SNGL      |    1 |     1 |          0 |       152 |  0.66 |
|   INPUT         |    0 |       |            |           |       |
|   OUTPUT        |    1 |       |            |           |       |
|   BIDIR         |    0 |       |            |           |       |
| HPIOBDIFFINBUF  |   16 |    16 |          0 |       960 |  1.67 |
|   DIFFINBUF     |   16 |    16 |            |           |       |
| HPIOBDIFFOUTBUF |   35 |    35 |          0 |       960 |  3.65 |
|   OBUFDS        |   35 |    35 |            |           |       |
| BITSLICE_RX_TX  |  110 |   110 |          0 |     12480 |  0.88 |
|   RXTX_BITSLICE |  110 |   110 |            |           |       |
+-----------------+------+-------+------------+-----------+-------+


5. CLOCK
--------

+----------------------+------+-------+------------+-----------+-------+
|       Site Type      | Used | Fixed | Prohibited | Available | Util% |
+----------------------+------+-------+------------+-----------+-------+
| GLOBAL CLOCK BUFFERs |   47 |     0 |          0 |      1936 |  2.43 |
|   BUFGCE             |   18 |     0 |          0 |       976 |  1.84 |
|   BUFGCE_DIV         |    0 |     0 |          0 |       160 |  0.00 |
|   BUFG_GT            |    5 |     0 |          0 |       480 |  1.04 |
|   BUFGCTRL*          |   12 |     0 |          0 |       320 |  3.75 |
| PLL                  |    8 |     0 |          0 |        80 | 10.00 |
| MMCM                 |    3 |     0 |          0 |        40 |  7.50 |
+----------------------+------+-------+------------+-----------+-------+
* Note: Each used BUFGCTRL counts as two GLOBAL CLOCK BUFFERs. This table does not include global clocking resources, only buffer cell usage. See the Clock Utilization Report (report_clock_utilization) for detailed accounting of global clocking resource availability.


6. ADVANCED
-----------

+-----------------+------+-------+------------+-----------+-------+
|    Site Type    | Used | Fixed | Prohibited | Available | Util% |
+-----------------+------+-------+------------+-----------+-------+
| GTYE4_CHANNEL   |    4 |     4 |          0 |        48 |  8.33 |
| GTYE4_COMMON    |    1 |     0 |          0 |        12 |  8.33 |
| OBUFDS_GTE4     |    0 |     0 |          0 |        24 |  0.00 |
| OBUFDS_GTE4_ADV |    0 |     0 |          0 |        24 |  0.00 |
| PCIE4CE4        |    0 |     0 |          0 |         8 |  0.00 |
| SYSMONE4        |    1 |     0 |          0 |         4 | 25.00 |
+-----------------+------+-------+------------+-----------+-------+


7. CONFIGURATION
----------------

+-------------+------+-------+------------+-----------+-------+
|  Site Type  | Used | Fixed | Prohibited | Available | Util% |
+-------------+------+-------+------------+-----------+-------+
| BSCANE2     |    0 |     0 |          0 |        16 |  0.00 |
| DNA_PORTE2  |    0 |     0 |          0 |         4 |  0.00 |
| EFUSE_USR   |    0 |     0 |          0 |         4 |  0.00 |
| FRAME_ECCE4 |    0 |     0 |          0 |         4 |  0.00 |
| ICAPE3      |    0 |     0 |          0 |         8 |  0.00 |
| MASTER_JTAG |    0 |     0 |          0 |         4 |  0.00 |
| STARTUPE3   |    1 |     0 |          0 |         4 | 25.00 |
+-------------+------+-------+------------+-----------+-------+


8. Primitives
-------------

+------------------+--------+---------------------+
|     Ref Name     |  Used  | Functional Category |
+------------------+--------+---------------------+
| FDRE             | 290390 |            Register |
| LUT1             | 170959 |                 CLB |
| LUT3             | 103933 |                 CLB |
| LUT6             |  99657 |                 CLB |
| LUT2             |  63186 |                 CLB |
| LUT4             |  57800 |                 CLB |
| LUT5             |  55905 |                 CLB |
| FDCE             |  11943 |            Register |
| RAMD32           |  10942 |                 CLB |
| SRLC32E          |   9968 |                 CLB |
| CARRY8           |   3849 |                 CLB |
| RAMS32           |   3046 |                 CLB |
| FDSE             |   3043 |            Register |
| LDCE             |   2401 |            Register |
| SRL16E           |   1132 |                 CLB |
| SRLC16E          |   1126 |                 CLB |
| FDPE             |    644 |            Register |
| MUXF7            |    367 |                 CLB |
| RAMB36E2         |    175 |            BLOCKRAM |
| RXTX_BITSLICE    |    110 |                 I/O |
| URAM288          |     98 |            BLOCKRAM |
| IBUFCTRL         |     90 |              Others |
| INBUF            |     74 |                 I/O |
| OBUFT_DCIEN      |     72 |                 I/O |
| RAMD64E          |     64 |                 CLB |
| OBUFDS           |     35 |                 I/O |
| OBUF             |     33 |                 I/O |
| TX_BITSLICE_TRI  |     22 |                 I/O |
| BITSLICE_CONTROL |     22 |                 I/O |
| BUFGCE           |     18 |               Clock |
| OBUFT            |     16 |                 I/O |
| MUXF8            |     16 |                 CLB |
| DIFFINBUF        |     16 |                 I/O |
| BUFGCTRL         |     12 |               Clock |
| RIU_OR           |     11 |                 I/O |
| INV              |     10 |                 CLB |
| FIFO36E2         |      9 |            BLOCKRAM |
| PLLE4_ADV        |      8 |               Clock |
| HPIO_VREF        |      8 |                 I/O |
| DSP48E2          |      5 |          Arithmetic |
| BUFG_GT          |      5 |               Clock |
| IBUFDS_GTE4      |      4 |                 I/O |
| GTYE4_CHANNEL    |      4 |            Advanced |
| RAMB18E2         |      3 |            BLOCKRAM |
| MMCME4_ADV       |      3 |               Clock |
| BUFG_GT_SYNC     |      3 |               Clock |
| USR_ACCESSE2     |      1 |              Others |
| SYSMONE4         |      1 |            Advanced |
| STARTUPE3        |      1 |       Configuration |
| GTYE4_COMMON     |      1 |            Advanced |
| AND2B1L          |      1 |              Others |
+------------------+--------+---------------------+


9. Black Boxes
--------------

+----------+------+
| Ref Name | Used |
+----------+------+


10. Instantiated Netlists
-------------------------

+-------------------------------+------+
|            Ref Name           | Used |
+-------------------------------+------+
| ddr4_MTA16ATF2G64HZ_2G3_VU19P |    1 |
+-------------------------------+------+


11. SLR Connectivity and Clocking Utilization
---------------------------------------------

+----------+-----------------+---------+-----------------+--------------+-------+-------+
|          | Total SLLs Used | (%)SLLs | BUFGs/BUFGCTRLs | BUFH/BUFHCEs | BUFRs | MMCMs |
+----------+-----------------+---------+-----------------+--------------+-------+-------+
| SLR3     |                 |         |               0 |            0 |     0 |     0 |
| ||||||-> |               0 |    0.00 |                 |              |       |       |
| SLR2     |                 |         |               0 |            0 |     0 |     0 |
| ||||||-> |               0 |    0.00 |                 |              |       |       |
| SLR1     |                 |         |               0 |            0 |     0 |     0 |
| ||||||-> |               0 |    0.00 |                 |              |       |       |
| SLR0     |                 |         |               0 |            0 |     0 |     0 |
+----------+-----------------+---------+-----------------+--------------+-------+-------+


12. SLR Connectivity Matrix
---------------------------

+-----------+------+------+------+------+
| FROM \ TO | SLR3 | SLR2 | SLR1 | SLR0 |
+-----------+------+------+------+------+
| SLR3      |    0 |    0 |    0 |    0 |
| SLR2      |    0 |    0 |    0 |    0 |
| SLR1      |    0 |    0 |    0 |    0 |
| SLR0      |    0 |    0 |    0 |    0 |
+-----------+------+------+------+------+


13. SLR CLB Logic and Dedicated Block Utilization
-------------------------------------------------

+-----------+------+---------+------------+-------------+---------------+-----------+-------+------+------+
| SLR Index | CLBs | (%)CLBs | Total LUTs | Memory LUTs | (%)Total LUTs | Registers | BRAMs | URAM | DSPs |
+-----------+------+---------+------------+-------------+---------------+-----------+-------+------+------+
| SLR3      |    0 |    0.00 |          0 |           0 |          0.00 |         0 |     0 |    0 |    0 |
| SLR2      |    0 |    0.00 |          0 |           0 |          0.00 |         0 |     0 |    0 |    0 |
| SLR1      |    0 |    0.00 |          0 |           0 |          0.00 |         0 |     0 |    0 |    0 |
| SLR0      |    0 |    0.00 |          0 |           0 |          0.00 |         0 |     0 |    0 |    0 |
+-----------+------+---------+------------+-------------+---------------+-----------+-------+------+------+
| Total     |    0 |         |          0 |           0 |               |         0 |     0 |    0 |    0 |
+-----------+------+---------+------------+-------------+---------------+-----------+-------+------+------+


14. SLR IO Utilization
----------------------

+-----------+-----------+---------+------------+----------+------------+----------+-----+
| SLR Index | Used IOBs | (%)IOBs | Used IPADs | (%)IPADs | Used OPADs | (%)OPADs | GTs |
+-----------+-----------+---------+------------+----------+------------+----------+-----+
| SLR3      |         2 |    0.37 |          0 |     0.00 |          0 |     0.00 |   0 |
| SLR2      |        40 |    7.35 |          0 |     0.00 |          0 |     0.00 |   0 |
| SLR1      |       145 |   32.95 |          0 |     0.00 |          0 |     0.00 |   4 |
| SLR0      |        22 |    4.04 |          0 |     0.00 |          0 |     0.00 |   0 |
+-----------+-----------+---------+------------+----------+------------+----------+-----+
| Total     |       209 |         |          0 |          |          0 |          |   4 |
+-----------+-----------+---------+------------+----------+------------+----------+-----+


