
Processing alb_mss_bus_switch
before buildCfgFromIStructural: 0.01u 0s 31e 874296kB
Before processing instances: 0.01u 0s 693e 874296kB
After processing instances: 0.02u 0s 1103e 874296kB
before processing cont assigns: 0.02u 0s 1103e 874296kB
after processing cont assigns: 0.05u 0.01s 1337e 874296kB
before processing processes: 0.05u 0.01s 1337e 874296kB
after processing processes: 0.05u 0.01s 1337e 874296kB
after buildCfgFromIStructural: 0.05u 0.01s 1353e 874296kB
before ns->mergeSimpleProcesses: 0.05u 0.01s 1353e 874296kB
after ns->mergeSimpleProcesses: 0.05u 0.01s 1353e 874296kB
before ns->splitPartialWrites: 0.05u 0.01s 1353e 874296kB
after ns->splitPartialWrites: 0.05u 0.01s 1353e 874296kB
before removeUnneededLatches: 0.05u 0.01s 1353e 874296kB
after removeUnneededLatches: 0.05u 0.01s 1353e 874296kB
before printMsgForBothBAandNBAAccrossProcess: 0.05u 0.01s 1353e 874296kB
after printMsgForBothBAandNBAAccrossProcess: 0.05u 0.01s 1353e 874296kB
after other NameScope processing: 0.05u 0.01s 1353e 874296kB
before rebuildInstGraph: 0.06u 0.01s 1361e 874296kB
  before addAllInScope: 0.06u 0.01s 1361e 874296kB
  after addAllInScope: 0.06u 0.01s 1361e 874296kB
after rebuildInstGraph: 0.06u 0.01s 1361e 874296kB
before markTristateCones : 0.06u 0.01s 1361e 874296kB
after markTristateCones : 0.06u 0.01s 1361e 874296kB
after scheduling: 0.07u 0.01s 3446e 874296kB
after model->finalize: 0.07u 0.01s 4206e 874296kB
before attribute propagation: 0.08u 0.01s 4305e 874296kB
after attribute propagation: 0.08u 0.01s 4305e 874296kB
before constantPropagate: 0.08u 0.01s 4305e 874296kB
after constantPropagate: 0.09u 0.01s 4305e 874296kB
before removeUnusedSignals circuit: 0.09u 0.01s 4305e 874296kB
after removeUnusedSignals circuit: 0.09u 0.01s 4305e 874296kB
before optimize latch enable: 0.09u 0.01s 4305e 874296kB
after optimize latch enable: 0.09u 0.01s 4305e 874296kB
after circuit->load: 0.09u 0.01s 4305e 874296kB

Processing rl_core
before buildCfgFromIStructural: 0.09u 0.01s 1843e 874296kB
Before processing instances: 0.09u 0.01s 2766e 874296kB
After processing instances: 0.11u 0.01s 4292e 874296kB
before processing cont assigns: 0.11u 0.01s 4292e 874296kB
after processing cont assigns: 0.11u 0.01s 4347e 874296kB
before processing processes: 0.11u 0.01s 4347e 874296kB
after processing processes: 0.11u 0.01s 4380e 874296kB
after buildCfgFromIStructural: 0.12u 0.01s 4406e 874296kB
before ns->mergeSimpleProcesses: 0.12u 0.01s 4406e 874296kB
after ns->mergeSimpleProcesses: 0.12u 0.01s 4437e 874296kB
before ns->splitPartialWrites: 0.12u 0.01s 4437e 874296kB
after ns->splitPartialWrites: 0.12u 0.01s 4437e 874296kB
before removeUnneededLatches: 0.12u 0.01s 4437e 874296kB
after removeUnneededLatches: 0.12u 0.01s 4437e 874296kB
before printMsgForBothBAandNBAAccrossProcess: 0.12u 0.01s 4437e 874296kB
after printMsgForBothBAandNBAAccrossProcess: 0.12u 0.01s 4437e 874296kB
after other NameScope processing: 0.12u 0.01s 4437e 874296kB
before rebuildInstGraph: 0.13u 0.01s 4456e 874296kB
  before addAllInScope: 0.13u 0.01s 4456e 874296kB
  after addAllInScope: 0.13u 0.01s 4456e 874296kB
after rebuildInstGraph: 0.13u 0.01s 4456e 874296kB
before markTristateCones : 0.13u 0.01s 4456e 874296kB
after markTristateCones : 0.13u 0.01s 4456e 874296kB
after scheduling: 0.14u 0.01s 7510e 874296kB
after model->finalize: 0.15u 0.01s 8588e 874296kB
before attribute propagation: 0.16u 0.01s 7687e 874296kB
after attribute propagation: 0.16u 0.01s 7687e 874296kB
before constantPropagate: 0.16u 0.01s 7687e 874296kB
after constantPropagate: 0.17u 0.01s 7663e 874296kB
before removeUnusedSignals circuit: 0.17u 0.01s 7663e 874296kB
after removeUnusedSignals circuit: 0.17u 0.01s 7663e 874296kB
before optimize latch enable: 0.17u 0.01s 7663e 874296kB
after optimize latch enable: 0.17u 0.01s 7663e 874296kB
after circuit->load: 0.17u 0.01s 7663e 874296kB

Processing alb_mss_fab_ibp_buffer_0000_0002
before buildCfgFromIStructural: 0.17u 0.01s 4127e 874296kB
Before processing instances: 0.17u 0.01s 4280e 874296kB
After processing instances: 0.17u 0.01s 4334e 874296kB
before processing cont assigns: 0.17u 0.01s 4334e 874296kB
after processing cont assigns: 0.17u 0.01s 4496e 874296kB
before processing processes: 0.17u 0.01s 4496e 874296kB
after processing processes: 0.17u 0.01s 4544e 874296kB
after buildCfgFromIStructural: 0.17u 0.01s 4552e 874296kB
before ns->mergeSimpleProcesses: 0.17u 0.01s 4552e 874296kB
after ns->mergeSimpleProcesses: 0.17u 0.01s 4552e 874296kB
before ns->splitPartialWrites: 0.17u 0.01s 4552e 874296kB
after ns->splitPartialWrites: 0.17u 0.01s 4552e 874296kB
before removeUnneededLatches: 0.17u 0.01s 4552e 874296kB
after removeUnneededLatches: 0.18u 0.01s 4552e 874296kB
before printMsgForBothBAandNBAAccrossProcess: 0.18u 0.01s 4552e 874296kB
after printMsgForBothBAandNBAAccrossProcess: 0.18u 0.01s 4552e 874296kB
after other NameScope processing: 0.18u 0.01s 4552e 874296kB
before rebuildInstGraph: 0.18u 0.01s 4620e 874296kB
  before addAllInScope: 0.18u 0.01s 4620e 874296kB
  after addAllInScope: 0.18u 0.01s 4620e 874296kB
after rebuildInstGraph: 0.18u 0.01s 4620e 874296kB
before markTristateCones : 0.18u 0.01s 4620e 874296kB
after markTristateCones : 0.18u 0.01s 4620e 874296kB
after scheduling: 0.18u 0.01s 4879e 874296kB
after model->finalize: 0.19u 0.01s 5045e 874296kB
before attribute propagation: 0.19u 0.01s 5119e 874296kB
after attribute propagation: 0.19u 0.01s 5119e 874296kB
before constantPropagate: 0.19u 0.01s 5119e 874296kB
after constantPropagate: 0.19u 0.01s 5119e 874296kB
before removeUnusedSignals circuit: 0.19u 0.01s 5119e 874296kB
after removeUnusedSignals circuit: 0.19u 0.01s 5119e 874296kB
before optimize latch enable: 0.19u 0.01s 5119e 874296kB
after optimize latch enable: 0.19u 0.01s 5119e 874296kB
after circuit->load: 0.19u 0.01s 5119e 874296kB

Processing alb_mss_fab_axi2ibp_0001
before buildCfgFromIStructural: 0.19u 0.01s 4528e 874296kB
Before processing instances: 0.19u 0.01s 4810e 874296kB
After processing instances: 0.2u 0.01s 4948e 874296kB
before processing cont assigns: 0.2u 0.01s 4948e 874296kB
after processing cont assigns: 0.2u 0.01s 5535e 874296kB
before processing processes: 0.2u 0.01s 5535e 874296kB
after processing processes: 0.21u 0.01s 5653e 874296kB
after buildCfgFromIStructural: 0.21u 0.01s 5668e 874296kB
before ns->mergeSimpleProcesses: 0.21u 0.01s 5668e 874296kB
after ns->mergeSimpleProcesses: 0.21u 0.01s 5668e 874296kB
before ns->splitPartialWrites: 0.21u 0.01s 5668e 874296kB
after ns->splitPartialWrites: 0.21u 0.01s 5668e 874296kB
before removeUnneededLatches: 0.21u 0.01s 5668e 874296kB
after removeUnneededLatches: 0.21u 0.02s 5668e 874296kB
before printMsgForBothBAandNBAAccrossProcess: 0.21u 0.02s 5668e 874296kB
after printMsgForBothBAandNBAAccrossProcess: 0.21u 0.02s 5668e 874296kB
after other NameScope processing: 0.21u 0.02s 5668e 874296kB
before rebuildInstGraph: 0.22u 0.02s 5845e 874296kB
  before addAllInScope: 0.22u 0.02s 5845e 874296kB
  after addAllInScope: 0.22u 0.02s 5845e 874296kB
after rebuildInstGraph: 0.22u 0.02s 5845e 874296kB
before markTristateCones : 0.22u 0.02s 5846e 874296kB
after markTristateCones : 0.22u 0.02s 5846e 874296kB
after scheduling: 0.23u 0.02s 6603e 874296kB
after model->finalize: 0.24u 0.02s 6929e 874296kB
before attribute propagation: 0.25u 0.02s 7188e 874296kB
after attribute propagation: 0.25u 0.02s 7188e 874296kB
before constantPropagate: 0.25u 0.02s 7188e 874296kB
after constantPropagate: 0.25u 0.02s 7185e 874296kB
before removeUnusedSignals circuit: 0.25u 0.02s 7185e 874296kB
after removeUnusedSignals circuit: 0.25u 0.02s 7185e 874296kB
before optimize latch enable: 0.25u 0.02s 7185e 874296kB
after optimize latch enable: 0.25u 0.02s 7185e 874296kB
after circuit->load: 0.25u 0.02s 7185e 874296kB

Processing rl_cpu_top
before buildCfgFromIStructural: 0.25u 0.02s 5770e 874296kB
Before processing instances: 0.26u 0.02s 6241e 874296kB
After processing instances: 0.26u 0.02s 6772e 874296kB
before processing cont assigns: 0.26u 0.02s 6772e 874296kB
after processing cont assigns: 0.26u 0.02s 6843e 874296kB
before processing processes: 0.26u 0.02s 6843e 874296kB
after processing processes: 0.26u 0.02s 6861e 874296kB
after buildCfgFromIStructural: 0.27u 0.02s 6881e 874296kB
before ns->mergeSimpleProcesses: 0.27u 0.02s 6881e 874296kB
after ns->mergeSimpleProcesses: 0.27u 0.02s 6881e 874296kB
before ns->splitPartialWrites: 0.27u 0.02s 6881e 874296kB
after ns->splitPartialWrites: 0.27u 0.02s 6881e 874296kB
before removeUnneededLatches: 0.27u 0.02s 6881e 874296kB
after removeUnneededLatches: 0.27u 0.02s 6881e 874296kB
before printMsgForBothBAandNBAAccrossProcess: 0.27u 0.02s 6881e 874296kB
after printMsgForBothBAandNBAAccrossProcess: 0.27u 0.02s 6881e 874296kB
after other NameScope processing: 0.27u 0.02s 6881e 874296kB
before rebuildInstGraph: 0.27u 0.02s 6930e 874296kB
  before addAllInScope: 0.27u 0.02s 6930e 874296kB
  after addAllInScope: 0.27u 0.02s 6930e 874296kB
after rebuildInstGraph: 0.27u 0.02s 6930e 874296kB
before markTristateCones : 0.27u 0.02s 6930e 874296kB
after markTristateCones : 0.27u 0.02s 6930e 874296kB
after scheduling: 0.28u 0.02s 8636e 874296kB
after model->finalize: 0.29u 0.02s 8984e 874296kB
before attribute propagation: 0.29u 0.02s 8677e 874296kB
after attribute propagation: 0.29u 0.02s 8677e 874296kB
before constantPropagate: 0.29u 0.02s 8677e 874296kB
after constantPropagate: 0.3u 0.02s 8662e 874296kB
before removeUnusedSignals circuit: 0.3u 0.02s 8662e 874296kB
after removeUnusedSignals circuit: 0.3u 0.02s 8662e 874296kB
before optimize latch enable: 0.3u 0.02s 8662e 874296kB
after optimize latch enable: 0.3u 0.02s 8662e 874296kB
after circuit->load: 0.3u 0.02s 8662e 874296kB

Processing core_sys
before buildCfgFromIStructural: 0.3u 0.02s 6393e 874296kB
Before processing instances: 0.3u 0.02s 6768e 874296kB
After processing instances: 0.31u 0.02s 7522e 874296kB
before processing cont assigns: 0.31u 0.02s 7522e 874296kB
after processing cont assigns: 0.31u 0.02s 7523e 874296kB
before processing processes: 0.31u 0.02s 7523e 874296kB
after processing processes: 0.31u 0.02s 7523e 874296kB
after buildCfgFromIStructural: 0.31u 0.02s 7541e 874296kB
before ns->mergeSimpleProcesses: 0.31u 0.02s 7541e 874296kB
after ns->mergeSimpleProcesses: 0.31u 0.02s 7541e 874296kB
before ns->splitPartialWrites: 0.31u 0.02s 7541e 874296kB
after ns->splitPartialWrites: 0.31u 0.02s 7541e 874296kB
before removeUnneededLatches: 0.31u 0.02s 7541e 874296kB
after removeUnneededLatches: 0.31u 0.02s 7541e 874296kB
before printMsgForBothBAandNBAAccrossProcess: 0.31u 0.02s 7541e 874296kB
after printMsgForBothBAandNBAAccrossProcess: 0.31u 0.02s 7541e 874296kB
after other NameScope processing: 0.31u 0.02s 7541e 874296kB
before rebuildInstGraph: 0.31u 0.02s 7542e 874296kB
  before addAllInScope: 0.31u 0.02s 7542e 874296kB
  after addAllInScope: 0.31u 0.02s 7542e 874296kB
after rebuildInstGraph: 0.31u 0.02s 7542e 874296kB
before markTristateCones : 0.31u 0.02s 7542e 874296kB
after markTristateCones : 0.31u 0.02s 7542e 874296kB
after scheduling: 0.32u 0.02s 8693e 874296kB
after model->finalize: 0.32u 0.02s 9070e 874296kB
before attribute propagation: 0.32u 0.02s 8520e 874296kB
after attribute propagation: 0.32u 0.02s 8520e 874296kB
before constantPropagate: 0.32u 0.02s 8520e 874296kB
after constantPropagate: 0.32u 0.02s 8520e 874296kB
before removeUnusedSignals circuit: 0.32u 0.02s 8520e 874296kB
after removeUnusedSignals circuit: 0.32u 0.02s 8520e 874296kB
before optimize latch enable: 0.32u 0.02s 8520e 874296kB
after optimize latch enable: 0.32u 0.02s 8520e 874296kB
after circuit->load: 0.32u 0.02s 8520e 874296kB

Processing alb_mss_fab_bus_lat_0000_0000
before buildCfgFromIStructural: 0.32u 0.02s 7328e 874296kB
Before processing instances: 0.32u 0.02s 7435e 874296kB
After processing instances: 0.32u 0.02s 7435e 874296kB
before processing cont assigns: 0.32u 0.02s 7435e 874296kB
after processing cont assigns: 0.32u 0.02s 7501e 874296kB
before processing processes: 0.32u 0.02s 7501e 874296kB
after processing processes: 0.33u 0.02s 7589e 874296kB
after buildCfgFromIStructural: 0.33u 0.02s 7603e 874296kB
before ns->mergeSimpleProcesses: 0.33u 0.02s 7603e 874296kB
after ns->mergeSimpleProcesses: 0.33u 0.02s 7603e 874296kB
before ns->splitPartialWrites: 0.33u 0.02s 7603e 874296kB
after ns->splitPartialWrites: 0.33u 0.02s 7603e 874296kB
before removeUnneededLatches: 0.33u 0.02s 7603e 874296kB
after removeUnneededLatches: 0.33u 0.02s 7603e 874296kB
before printMsgForBothBAandNBAAccrossProcess: 0.33u 0.02s 7603e 874296kB
after printMsgForBothBAandNBAAccrossProcess: 0.33u 0.02s 7603e 874296kB
after other NameScope processing: 0.33u 0.02s 7603e 874296kB
before rebuildInstGraph: 0.33u 0.02s 7630e 874296kB
  before addAllInScope: 0.33u 0.02s 7630e 874296kB
  after addAllInScope: 0.33u 0.02s 7630e 874296kB
after rebuildInstGraph: 0.33u 0.02s 7630e 874296kB
before markTristateCones : 0.33u 0.02s 7630e 874296kB
after markTristateCones : 0.33u 0.02s 7630e 874296kB
after scheduling: 0.33u 0.02s 7991e 874296kB
after model->finalize: 0.33u 0.02s 8302e 874296kB
before attribute propagation: 0.33u 0.02s 8372e 874296kB
after attribute propagation: 0.34u 0.02s 8372e 874296kB
before constantPropagate: 0.34u 0.02s 8372e 874296kB
after constantPropagate: 0.34u 0.02s 8365e 874296kB
before removeUnusedSignals circuit: 0.34u 0.02s 8365e 874296kB
after removeUnusedSignals circuit: 0.34u 0.02s 8365e 874296kB
before optimize latch enable: 0.34u 0.02s 8365e 874296kB
after optimize latch enable: 0.34u 0.02s 8365e 874296kB
after circuit->load: 0.34u 0.02s 8365e 874296kB

Processing arcv_imsic_clint
before buildCfgFromIStructural: 0.34u 0.02s 7610e 874296kB
Before processing instances: 0.34u 0.02s 7772e 874296kB
After processing instances: 0.34u 0.02s 7790e 874296kB
before processing cont assigns: 0.34u 0.02s 7790e 874296kB
after processing cont assigns: 0.34u 0.02s 7808e 874296kB
before processing processes: 0.34u 0.02s 7808e 874296kB
after processing processes: 0.43u 0.02s 14882e 874296kB
after buildCfgFromIStructural: 0.43u 0.02s 14890e 874296kB
before ns->mergeSimpleProcesses: 0.43u 0.02s 14890e 874296kB
after ns->mergeSimpleProcesses: 0.43u 0.02s 14890e 874296kB
before ns->splitPartialWrites: 0.43u 0.02s 14890e 874296kB
after ns->splitPartialWrites: 0.43u 0.02s 14890e 874296kB
before removeUnneededLatches: 0.43u 0.02s 14890e 874296kB
after removeUnneededLatches: 0.43u 0.02s 14890e 874296kB
before printMsgForBothBAandNBAAccrossProcess: 0.44u 0.02s 14890e 874296kB
after printMsgForBothBAandNBAAccrossProcess: 0.44u 0.02s 14890e 874296kB
after other NameScope processing: 0.44u 0.02s 14890e 874296kB
before rebuildInstGraph: 0.44u 0.02s 14896e 874296kB
  before addAllInScope: 0.44u 0.02s 14896e 874296kB
  after addAllInScope: 0.44u 0.02s 14896e 874296kB
after rebuildInstGraph: 0.44u 0.02s 14896e 874296kB
before markTristateCones : 0.44u 0.02s 14896e 874296kB
after markTristateCones : 0.44u 0.02s 14896e 874296kB
after scheduling: 0.46u 0.02s 15404e 874296kB
after model->finalize: 0.49u 0.02s 16170e 874296kB
before attribute propagation: 0.5u 0.02s 18904e 874296kB
after attribute propagation: 0.5u 0.02s 18904e 874296kB
before constantPropagate: 0.5u 0.02s 18904e 874296kB
after constantPropagate: 0.51u 0.02s 18183e 874296kB
before removeUnusedSignals circuit: 0.51u 0.02s 18183e 874296kB
after removeUnusedSignals circuit: 0.51u 0.02s 18183e 874296kB
before optimize latch enable: 0.51u 0.02s 18183e 874296kB
after optimize latch enable: 0.51u 0.02s 18183e 874296kB
after circuit->load: 0.51u 0.02s 18183e 874296kB

Processing zemi3OutPortArbiter_2_608_op
before buildCfgFromIStructural: 0.51u 0.02s 14487e 874296kB
Before processing instances: 0.51u 0.02s 14499e 874296kB
After processing instances: 0.51u 0.02s 14499e 874296kB
before processing cont assigns: 0.51u 0.02s 14499e 874296kB
after processing cont assigns: 0.51u 0.02s 14505e 874296kB
before processing processes: 0.51u 0.02s 14505e 874296kB
after processing processes: 0.51u 0.02s 14505e 874296kB
after buildCfgFromIStructural: 0.51u 0.02s 14506e 874296kB
before ns->mergeSimpleProcesses: 0.51u 0.02s 14506e 874296kB
after ns->mergeSimpleProcesses: 0.51u 0.02s 14506e 874296kB
before ns->splitPartialWrites: 0.51u 0.02s 14506e 874296kB
after ns->splitPartialWrites: 0.51u 0.02s 14506e 874296kB
before removeUnneededLatches: 0.51u 0.02s 14506e 874296kB
after removeUnneededLatches: 0.51u 0.02s 14506e 874296kB
before printMsgForBothBAandNBAAccrossProcess: 0.51u 0.02s 14506e 874296kB
after printMsgForBothBAandNBAAccrossProcess: 0.51u 0.02s 14506e 874296kB
after other NameScope processing: 0.51u 0.02s 14506e 874296kB
before rebuildInstGraph: 0.51u 0.02s 14513e 874296kB
  before addAllInScope: 0.51u 0.02s 14513e 874296kB
  after addAllInScope: 0.51u 0.02s 14513e 874296kB
after rebuildInstGraph: 0.51u 0.02s 14513e 874296kB
before markTristateCones : 0.51u 0.02s 14513e 874296kB
after markTristateCones : 0.51u 0.02s 14513e 874296kB
after scheduling: 0.51u 0.02s 14549e 874296kB
after model->finalize: 0.51u 0.02s 14575e 874296kB
before attribute propagation: 0.51u 0.02s 14575e 874296kB
after attribute propagation: 0.51u 0.02s 14575e 874296kB
before constantPropagate: 0.51u 0.02s 14575e 874296kB
after constantPropagate: 0.51u 0.02s 14575e 874296kB
before removeUnusedSignals circuit: 0.51u 0.02s 14575e 874296kB
after removeUnusedSignals circuit: 0.51u 0.02s 14575e 874296kB
before optimize latch enable: 0.51u 0.02s 14575e 874296kB
after optimize latch enable: 0.51u 0.02s 14575e 874296kB
after circuit->load: 0.51u 0.02s 14575e 874296kB

Processing mss_bus_switch_ibpx2ibpy_0001_0000
before buildCfgFromIStructural: 0.51u 0.02s 14505e 874296kB
Before processing instances: 0.51u 0.02s 14636e 874296kB
After processing instances: 0.51u 0.02s 14666e 874296kB
before processing cont assigns: 0.51u 0.02s 14666e 874296kB
after processing cont assigns: 0.51u 0.02s 14680e 874296kB
before processing processes: 0.51u 0.02s 14680e 874296kB
after processing processes: 0.51u 0.02s 14680e 874296kB
after buildCfgFromIStructural: 0.51u 0.02s 14687e 874296kB
before ns->mergeSimpleProcesses: 0.51u 0.02s 14687e 874296kB
after ns->mergeSimpleProcesses: 0.51u 0.02s 14687e 874296kB
before ns->splitPartialWrites: 0.51u 0.02s 14687e 874296kB
after ns->splitPartialWrites: 0.51u 0.02s 14687e 874296kB
before removeUnneededLatches: 0.51u 0.02s 14687e 874296kB
after removeUnneededLatches: 0.51u 0.02s 14687e 874296kB
before printMsgForBothBAandNBAAccrossProcess: 0.51u 0.02s 14687e 874296kB
after printMsgForBothBAandNBAAccrossProcess: 0.51u 0.02s 14687e 874296kB
after other NameScope processing: 0.51u 0.02s 14687e 874296kB
before rebuildInstGraph: 0.51u 0.02s 14701e 874296kB
  before addAllInScope: 0.51u 0.02s 14701e 874296kB
  after addAllInScope: 0.51u 0.02s 14701e 874296kB
after rebuildInstGraph: 0.51u 0.02s 14701e 874296kB
before markTristateCones : 0.51u 0.02s 14701e 874296kB
after markTristateCones : 0.51u 0.02s 14701e 874296kB
after scheduling: 0.51u 0.02s 14850e 874296kB
after model->finalize: 0.51u 0.02s 14906e 874296kB
before attribute propagation: 0.51u 0.02s 14915e 874296kB
after attribute propagation: 0.51u 0.02s 14915e 874296kB
before constantPropagate: 0.51u 0.02s 14915e 874296kB
after constantPropagate: 0.51u 0.02s 14915e 874296kB
before removeUnusedSignals circuit: 0.51u 0.02s 14915e 874296kB
after removeUnusedSignals circuit: 0.51u 0.02s 14915e 874296kB
before optimize latch enable: 0.51u 0.02s 14915e 874296kB
after optimize latch enable: 0.51u 0.02s 14915e 874296kB
after circuit->load: 0.51u 0.02s 14915e 874296kB

Processing rl_triggers
before buildCfgFromIStructural: 0.51u 0.02s 14584e 874296kB
Before processing instances: 0.52u 0.02s 14873e 874296kB
After processing instances: 0.52u 0.02s 14905e 874296kB
before processing cont assigns: 0.52u 0.02s 14905e 874296kB
after processing cont assigns: 0.52u 0.02s 15353e 874296kB
before processing processes: 0.52u 0.02s 15353e 874296kB
after processing processes: 0.62u 0.02s 21008e 876672kB
after buildCfgFromIStructural: 0.62u 0.02s 21013e 876672kB
before ns->mergeSimpleProcesses: 0.62u 0.02s 21013e 876672kB
after ns->mergeSimpleProcesses: 0.62u 0.02s 21013e 876672kB
before ns->splitPartialWrites: 0.62u 0.02s 21013e 876672kB
after ns->splitPartialWrites: 0.62u 0.02s 21013e 876672kB
before removeUnneededLatches: 0.62u 0.02s 21013e 876672kB
after removeUnneededLatches: 0.62u 0.02s 21013e 876672kB
before printMsgForBothBAandNBAAccrossProcess: 0.62u 0.02s 21013e 876672kB
after printMsgForBothBAandNBAAccrossProcess: 0.62u 0.02s 21013e 876672kB
after other NameScope processing: 0.62u 0.02s 21013e 876672kB
before rebuildInstGraph: 0.63u 0.03s 21149e 879840kB
  before addAllInScope: 0.63u 0.03s 21149e 879840kB
  after addAllInScope: 0.63u 0.03s 21149e 879840kB
after rebuildInstGraph: 0.63u 0.03s 21149e 879840kB
before markTristateCones : 0.63u 0.03s 21149e 879840kB
after markTristateCones : 0.63u 0.03s 21149e 879840kB
after scheduling: 0.66u 0.03s 21782e 879840kB
after model->finalize: 0.73u 0.03s 22256e 879840kB
before attribute propagation: 0.75u 0.03s 25143e 879840kB
after attribute propagation: 0.75u 0.03s 25143e 879840kB
before constantPropagate: 0.75u 0.03s 25143e 879840kB
after constantPropagate: 0.76u 0.03s 24555e 879840kB
before removeUnusedSignals circuit: 0.76u 0.03s 24555e 879840kB
after removeUnusedSignals circuit: 0.76u 0.03s 24555e 879840kB
before optimize latch enable: 0.76u 0.03s 24555e 879840kB
after optimize latch enable: 0.76u 0.03s 24555e 879840kB
after circuit->load: 0.76u 0.03s 24555e 879840kB

Processing mss_bus_switch_fifo_0001_0004
before buildCfgFromIStructural: 0.76u 0.03s 20963e 879840kB
Before processing instances: 0.76u 0.03s 21002e 879840kB
After processing instances: 0.76u 0.03s 21002e 879840kB
before processing cont assigns: 0.76u 0.03s 21002e 879840kB
after processing cont assigns: 0.77u 0.03s 21312e 879840kB
before processing processes: 0.77u 0.03s 21312e 879840kB
after processing processes: 0.79u 0.03s 22081e 879840kB
after buildCfgFromIStructural: 0.79u 0.03s 22088e 879840kB
before ns->mergeSimpleProcesses: 0.79u 0.03s 22088e 879840kB
after ns->mergeSimpleProcesses: 0.79u 0.03s 22152e 879840kB
before ns->splitPartialWrites: 0.79u 0.03s 22152e 879840kB
after ns->splitPartialWrites: 0.8u 0.03s 22342e 879840kB
before removeUnneededLatches: 0.8u 0.03s 22342e 879840kB
after removeUnneededLatches: 0.8u 0.03s 22342e 879840kB
before printMsgForBothBAandNBAAccrossProcess: 0.8u 0.03s 22342e 879840kB
after printMsgForBothBAandNBAAccrossProcess: 0.8u 0.03s 22342e 879840kB
after other NameScope processing: 0.8u 0.03s 22342e 879840kB
before rebuildInstGraph: 0.81u 0.03s 22682e 879840kB
  before addAllInScope: 0.81u 0.03s 22682e 879840kB
  after addAllInScope: 0.81u 0.03s 22682e 879840kB
after rebuildInstGraph: 0.81u 0.03s 22682e 879840kB
before markTristateCones : 0.81u 0.03s 22682e 879840kB
after markTristateCones : 0.81u 0.03s 22682e 879840kB
after scheduling: 0.81u 0.03s 22833e 879840kB
after model->finalize: 0.82u 0.03s 23023e 879840kB
before attribute propagation: 0.82u 0.03s 23585e 879840kB
after attribute propagation: 0.82u 0.03s 23585e 879840kB
before constantPropagate: 0.82u 0.03s 23585e 879840kB
after constantPropagate: 0.82u 0.03s 23580e 879840kB
before removeUnusedSignals circuit: 0.82u 0.03s 23580e 879840kB
after removeUnusedSignals circuit: 0.82u 0.03s 23580e 879840kB
before optimize latch enable: 0.82u 0.03s 23580e 879840kB
after optimize latch enable: 0.82u 0.03s 23580e 879840kB
after circuit->load: 0.83u 0.03s 23580e 879840kB

Processing mss_bus_switch_fifo_0001
before buildCfgFromIStructural: 0.83u 0.03s 22457e 879840kB
Before processing instances: 0.83u 0.03s 22471e 879840kB
After processing instances: 0.83u 0.03s 22471e 879840kB
before processing cont assigns: 0.83u 0.03s 22471e 879840kB
after processing cont assigns: 0.83u 0.03s 22588e 879840kB
before processing processes: 0.83u 0.03s 22588e 879840kB
after processing processes: 0.86u 0.03s 23278e 879840kB
after buildCfgFromIStructural: 0.86u 0.03s 23285e 879840kB
before ns->mergeSimpleProcesses: 0.86u 0.03s 23285e 879840kB
after ns->mergeSimpleProcesses: 0.86u 0.03s 23349e 879840kB
before ns->splitPartialWrites: 0.86u 0.03s 23349e 879840kB
after ns->splitPartialWrites: 0.87u 0.03s 23539e 879840kB
before removeUnneededLatches: 0.87u 0.03s 23539e 879840kB
after removeUnneededLatches: 0.87u 0.03s 23539e 879840kB
before printMsgForBothBAandNBAAccrossProcess: 0.87u 0.03s 23539e 879840kB
after printMsgForBothBAandNBAAccrossProcess: 0.87u 0.03s 23539e 879840kB
after other NameScope processing: 0.87u 0.03s 23539e 879840kB
before rebuildInstGraph: 0.87u 0.03s 23879e 879840kB
  before addAllInScope: 0.87u 0.03s 23879e 879840kB
  after addAllInScope: 0.87u 0.03s 23879e 879840kB
after rebuildInstGraph: 0.87u 0.03s 23879e 879840kB
before markTristateCones : 0.87u 0.03s 23879e 879840kB
after markTristateCones : 0.87u 0.03s 23879e 879840kB
after scheduling: 0.88u 0.03s 24030e 879840kB
after model->finalize: 0.88u 0.03s 23657e 879840kB
before attribute propagation: 0.89u 0.03s 24050e 879840kB
after attribute propagation: 0.89u 0.03s 24050e 879840kB
before constantPropagate: 0.89u 0.03s 24050e 879840kB
after constantPropagate: 0.89u 0.03s 24045e 879840kB
before removeUnusedSignals circuit: 0.89u 0.03s 24045e 879840kB
after removeUnusedSignals circuit: 0.89u 0.03s 24045e 879840kB
before optimize latch enable: 0.89u 0.03s 24045e 879840kB
after optimize latch enable: 0.89u 0.03s 24045e 879840kB
after circuit->load: 0.89u 0.03s 24045e 879840kB

Processing alb_mss_fab_single2sparse_0000
before buildCfgFromIStructural: 0.89u 0.03s 22922e 879840kB
Before processing instances: 0.89u 0.03s 23074e 879840kB
After processing instances: 0.89u 0.03s 23114e 879840kB
before processing cont assigns: 0.89u 0.03s 23114e 879840kB
after processing cont assigns: 0.89u 0.03s 23388e 879840kB
before processing processes: 0.89u 0.03s 23388e 879840kB
after processing processes: 0.9u 0.03s 23740e 879840kB
after buildCfgFromIStructural: 0.9u 0.03s 23747e 879840kB
before ns->mergeSimpleProcesses: 0.9u 0.03s 23747e 879840kB
after ns->mergeSimpleProcesses: 0.9u 0.03s 23749e 879840kB
before ns->splitPartialWrites: 0.9u 0.03s 23749e 879840kB
after ns->splitPartialWrites: 0.9u 0.03s 23749e 879840kB
before removeUnneededLatches: 0.9u 0.03s 23749e 879840kB
after removeUnneededLatches: 0.9u 0.03s 23749e 879840kB
before printMsgForBothBAandNBAAccrossProcess: 0.91u 0.03s 23749e 879840kB
after printMsgForBothBAandNBAAccrossProcess: 0.91u 0.03s 23749e 879840kB
after other NameScope processing: 0.91u 0.03s 23749e 879840kB
before rebuildInstGraph: 0.91u 0.03s 23850e 879840kB
  before addAllInScope: 0.91u 0.03s 23850e 879840kB
  after addAllInScope: 0.91u 0.03s 23850e 879840kB
after rebuildInstGraph: 0.91u 0.03s 23850e 879840kB
before markTristateCones : 0.91u 0.03s 23851e 879840kB
after markTristateCones : 0.91u 0.03s 23851e 879840kB
after scheduling: 0.91u 0.03s 24311e 879840kB
after model->finalize: 0.92u 0.03s 24650e 879840kB
before attribute propagation: 0.92u 0.03s 25017e 879840kB
after attribute propagation: 0.92u 0.03s 25017e 879840kB
before constantPropagate: 0.92u 0.03s 25017e 879840kB
after constantPropagate: 0.92u 0.03s 24914e 879840kB
before removeUnusedSignals circuit: 0.92u 0.03s 24914e 879840kB
after removeUnusedSignals circuit: 0.92u 0.03s 24914e 879840kB
before optimize latch enable: 0.92u 0.03s 24914e 879840kB
after optimize latch enable: 0.92u 0.03s 24914e 879840kB
after circuit->load: 0.92u 0.03s 24914e 879840kB

Processing alb_mss_fab_pack2ibp_0003
before buildCfgFromIStructural: 0.92u 0.03s 23681e 879840kB
Before processing instances: 0.92u 0.03s 23764e 879840kB
After processing instances: 0.92u 0.03s 23764e 879840kB
before processing cont assigns: 0.92u 0.03s 23764e 879840kB
after processing cont assigns: 0.92u 0.03s 23813e 879840kB
before processing processes: 0.92u 0.03s 23813e 879840kB
after processing processes: 0.92u 0.03s 23813e 879840kB
after buildCfgFromIStructural: 0.92u 0.03s 23822e 879840kB
before ns->mergeSimpleProcesses: 0.92u 0.03s 23822e 879840kB
after ns->mergeSimpleProcesses: 0.92u 0.03s 23822e 879840kB
before ns->splitPartialWrites: 0.92u 0.03s 23822e 879840kB
after ns->splitPartialWrites: 0.92u 0.03s 23822e 879840kB
before removeUnneededLatches: 0.92u 0.03s 23822e 879840kB
after removeUnneededLatches: 0.92u 0.03s 23822e 879840kB
before printMsgForBothBAandNBAAccrossProcess: 0.92u 0.03s 23822e 879840kB
after printMsgForBothBAandNBAAccrossProcess: 0.92u 0.03s 23822e 879840kB
after other NameScope processing: 0.92u 0.03s 23822e 879840kB
before rebuildInstGraph: 0.92u 0.03s 23852e 879840kB
  before addAllInScope: 0.92u 0.03s 23852e 879840kB
  after addAllInScope: 0.92u 0.03s 23852e 879840kB
after rebuildInstGraph: 0.92u 0.03s 23852e 879840kB
before markTristateCones : 0.92u 0.03s 23852e 879840kB
after markTristateCones : 0.92u 0.03s 23852e 879840kB
after scheduling: 0.93u 0.03s 24004e 879840kB
after model->finalize: 0.93u 0.03s 24175e 879840kB
before attribute propagation: 0.93u 0.03s 24207e 879840kB
after attribute propagation: 0.93u 0.03s 24207e 879840kB
before constantPropagate: 0.93u 0.03s 24207e 879840kB
after constantPropagate: 0.93u 0.03s 24207e 879840kB
before removeUnusedSignals circuit: 0.93u 0.03s 24207e 879840kB
after removeUnusedSignals circuit: 0.93u 0.03s 24207e 879840kB
before optimize latch enable: 0.93u 0.03s 24207e 879840kB
after optimize latch enable: 0.93u 0.03s 24207e 879840kB
after circuit->load: 0.93u 0.03s 24207e 879840kB

Processing mss_bus_switch_pack2ibp_0001
before buildCfgFromIStructural: 0.93u 0.03s 23758e 879840kB
Before processing instances: 0.93u 0.03s 23841e 879840kB
After processing instances: 0.93u 0.03s 23841e 879840kB
before processing cont assigns: 0.93u 0.03s 23841e 879840kB
after processing cont assigns: 0.93u 0.03s 23890e 879840kB
before processing processes: 0.93u 0.03s 23890e 879840kB
after processing processes: 0.93u 0.03s 23890e 879840kB
after buildCfgFromIStructural: 0.93u 0.03s 23899e 879840kB
before ns->mergeSimpleProcesses: 0.93u 0.03s 23899e 879840kB
after ns->mergeSimpleProcesses: 0.93u 0.03s 23899e 879840kB
before ns->splitPartialWrites: 0.93u 0.03s 23899e 879840kB
after ns->splitPartialWrites: 0.93u 0.03s 23899e 879840kB
before removeUnneededLatches: 0.93u 0.03s 23899e 879840kB
after removeUnneededLatches: 0.93u 0.03s 23899e 879840kB
before printMsgForBothBAandNBAAccrossProcess: 0.93u 0.03s 23899e 879840kB
after printMsgForBothBAandNBAAccrossProcess: 0.93u 0.03s 23899e 879840kB
after other NameScope processing: 0.93u 0.03s 23899e 879840kB
before rebuildInstGraph: 0.93u 0.03s 23929e 879840kB
  before addAllInScope: 0.93u 0.03s 23929e 879840kB
  after addAllInScope: 0.93u 0.03s 23929e 879840kB
after rebuildInstGraph: 0.93u 0.03s 23929e 879840kB
before markTristateCones : 0.93u 0.03s 23929e 879840kB
after markTristateCones : 0.93u 0.03s 23929e 879840kB
after scheduling: 0.93u 0.03s 24081e 879840kB
after model->finalize: 0.93u 0.03s 24207e 879840kB
before attribute propagation: 0.93u 0.03s 24221e 879840kB
after attribute propagation: 0.93u 0.03s 24221e 879840kB
before constantPropagate: 0.93u 0.03s 24221e 879840kB
after constantPropagate: 0.93u 0.03s 24221e 879840kB
before removeUnusedSignals circuit: 0.93u 0.03s 24221e 879840kB
after removeUnusedSignals circuit: 0.93u 0.03s 24221e 879840kB
before optimize latch enable: 0.93u 0.03s 24221e 879840kB
after optimize latch enable: 0.93u 0.03s 24221e 879840kB
after circuit->load: 0.93u 0.03s 24221e 879840kB

Processing alb_mss_fab_ibp_buffer_0000
before buildCfgFromIStructural: 0.93u 0.03s 23772e 879840kB
Before processing instances: 0.93u 0.03s 23844e 879840kB
After processing instances: 0.93u 0.03s 23892e 879840kB
before processing cont assigns: 0.93u 0.03s 23892e 879840kB
after processing cont assigns: 0.94u 0.03s 24047e 879840kB
before processing processes: 0.94u 0.03s 24047e 879840kB
after processing processes: 0.94u 0.03s 24089e 879840kB
after buildCfgFromIStructural: 0.94u 0.03s 24097e 879840kB
before ns->mergeSimpleProcesses: 0.94u 0.03s 24097e 879840kB
after ns->mergeSimpleProcesses: 0.94u 0.03s 24097e 879840kB
before ns->splitPartialWrites: 0.94u 0.03s 24097e 879840kB
after ns->splitPartialWrites: 0.94u 0.03s 24097e 879840kB
before removeUnneededLatches: 0.94u 0.03s 24097e 879840kB
after removeUnneededLatches: 0.94u 0.03s 24097e 879840kB
before printMsgForBothBAandNBAAccrossProcess: 0.94u 0.03s 24097e 879840kB
after printMsgForBothBAandNBAAccrossProcess: 0.94u 0.03s 24097e 879840kB
after other NameScope processing: 0.94u 0.03s 24097e 879840kB
before rebuildInstGraph: 0.94u 0.03s 24165e 879840kB
  before addAllInScope: 0.94u 0.03s 24165e 879840kB
  after addAllInScope: 0.94u 0.03s 24165e 879840kB
after rebuildInstGraph: 0.94u 0.03s 24165e 879840kB
before markTristateCones : 0.94u 0.03s 24165e 879840kB
after markTristateCones : 0.94u 0.03s 24165e 879840kB
after scheduling: 0.94u 0.03s 24439e 879840kB
after model->finalize: 0.94u 0.03s 24431e 879840kB
before attribute propagation: 0.95u 0.03s 24393e 879840kB
after attribute propagation: 0.95u 0.03s 24393e 879840kB
before constantPropagate: 0.95u 0.03s 24393e 879840kB
after constantPropagate: 0.95u 0.03s 24393e 879840kB
before removeUnusedSignals circuit: 0.95u 0.03s 24393e 879840kB
after removeUnusedSignals circuit: 0.95u 0.03s 24393e 879840kB
before optimize latch enable: 0.95u 0.03s 24393e 879840kB
after optimize latch enable: 0.95u 0.03s 24393e 879840kB
after circuit->load: 0.95u 0.03s 24393e 879840kB

Processing mss_bus_switch_slv_ibp_buffer_0001
before buildCfgFromIStructural: 0.95u 0.03s 23804e 879840kB
Before processing instances: 0.95u 0.03s 23870e 879840kB
After processing instances: 0.95u 0.03s 23918e 879840kB
before processing cont assigns: 0.95u 0.03s 23918e 879840kB
after processing cont assigns: 0.95u 0.03s 24054e 879840kB
before processing processes: 0.95u 0.03s 24054e 879840kB
after processing processes: 0.95u 0.03s 24096e 879840kB
after buildCfgFromIStructural: 0.95u 0.03s 24104e 879840kB
before ns->mergeSimpleProcesses: 0.95u 0.03s 24104e 879840kB
after ns->mergeSimpleProcesses: 0.95u 0.03s 24104e 879840kB
before ns->splitPartialWrites: 0.95u 0.03s 24104e 879840kB
after ns->splitPartialWrites: 0.95u 0.03s 24104e 879840kB
before removeUnneededLatches: 0.95u 0.03s 24104e 879840kB
after removeUnneededLatches: 0.95u 0.03s 24104e 879840kB
before printMsgForBothBAandNBAAccrossProcess: 0.95u 0.03s 24104e 879840kB
after printMsgForBothBAandNBAAccrossProcess: 0.95u 0.03s 24104e 879840kB
after other NameScope processing: 0.95u 0.03s 24104e 879840kB
before rebuildInstGraph: 0.95u 0.03s 24166e 879840kB
  before addAllInScope: 0.95u 0.03s 24166e 879840kB
  after addAllInScope: 0.95u 0.03s 24166e 879840kB
after rebuildInstGraph: 0.95u 0.03s 24166e 879840kB
before markTristateCones : 0.95u 0.03s 24166e 879840kB
after markTristateCones : 0.95u 0.03s 24166e 879840kB
after scheduling: 0.95u 0.03s 24446e 879840kB
after model->finalize: 0.96u 0.04s 24448e 879840kB
before attribute propagation: 0.96u 0.04s 24418e 879840kB
after attribute propagation: 0.96u 0.04s 24418e 879840kB
before constantPropagate: 0.96u 0.04s 24418e 879840kB
after constantPropagate: 0.96u 0.04s 24418e 879840kB
before removeUnusedSignals circuit: 0.96u 0.04s 24418e 879840kB
after removeUnusedSignals circuit: 0.96u 0.04s 24418e 879840kB
before optimize latch enable: 0.96u 0.04s 24418e 879840kB
after optimize latch enable: 0.96u 0.04s 24418e 879840kB
after circuit->load: 0.96u 0.04s 24418e 879840kB

Processing rl_alu_data_path
before buildCfgFromIStructural: 0.96u 0.04s 23828e 879840kB
Before processing instances: 0.96u 0.04s 23894e 879840kB
After processing instances: 0.96u 0.04s 23935e 879840kB
before processing cont assigns: 0.96u 0.04s 23935e 879840kB
after processing cont assigns: 0.96u 0.04s 23944e 879840kB
before processing processes: 0.96u 0.04s 23944e 879840kB
after processing processes: 0.97u 0.04s 24544e 879840kB
after buildCfgFromIStructural: 0.97u 0.04s 24550e 879840kB
before ns->mergeSimpleProcesses: 0.97u 0.04s 24550e 879840kB
after ns->mergeSimpleProcesses: 0.97u 0.04s 24550e 879840kB
before ns->splitPartialWrites: 0.97u 0.04s 24550e 879840kB
after ns->splitPartialWrites: 0.97u 0.04s 24550e 879840kB
before removeUnneededLatches: 0.97u 0.04s 24550e 879840kB
after removeUnneededLatches: 0.97u 0.04s 24550e 879840kB
before printMsgForBothBAandNBAAccrossProcess: 0.97u 0.04s 24550e 879840kB
after printMsgForBothBAandNBAAccrossProcess: 0.97u 0.04s 24550e 879840kB
after other NameScope processing: 0.97u 0.04s 24550e 879840kB
before rebuildInstGraph: 0.97u 0.04s 24554e 879840kB
  before addAllInScope: 0.97u 0.04s 24554e 879840kB
  after addAllInScope: 0.97u 0.04s 24554e 879840kB
after rebuildInstGraph: 0.97u 0.04s 24554e 879840kB
before markTristateCones : 0.97u 0.04s 24554e 879840kB
after markTristateCones : 0.97u 0.04s 24554e 879840kB
after scheduling: 0.97u 0.04s 24714e 879840kB
after model->finalize: 0.97u 0.04s 25024e 879840kB
before attribute propagation: 0.98u 0.04s 25230e 879840kB
after attribute propagation: 0.98u 0.04s 25230e 879840kB
before constantPropagate: 0.98u 0.04s 25230e 879840kB
after constantPropagate: 0.98u 0.04s 25225e 879840kB
before removeUnusedSignals circuit: 0.98u 0.04s 25225e 879840kB
after removeUnusedSignals circuit: 0.98u 0.04s 25225e 879840kB
before optimize latch enable: 0.98u 0.04s 25225e 879840kB
after optimize latch enable: 0.98u 0.04s 25225e 879840kB
after circuit->load: 0.98u 0.04s 25225e 879840kB

Processing alb_mss_fab_ibp_buffer_0000_0006
before buildCfgFromIStructural: 0.98u 0.04s 24567e 879840kB
Before processing instances: 0.98u 0.04s 24636e 879840kB
After processing instances: 0.98u 0.04s 24684e 879840kB
before processing cont assigns: 0.98u 0.04s 24684e 879840kB
after processing cont assigns: 0.98u 0.04s 24842e 879840kB
before processing processes: 0.98u 0.04s 24842e 879840kB
after processing processes: 0.98u 0.04s 24884e 879840kB
after buildCfgFromIStructural: 0.98u 0.04s 24892e 879840kB
before ns->mergeSimpleProcesses: 0.98u 0.04s 24892e 879840kB
after ns->mergeSimpleProcesses: 0.98u 0.04s 24892e 879840kB
before ns->splitPartialWrites: 0.98u 0.04s 24892e 879840kB
after ns->splitPartialWrites: 0.98u 0.04s 24892e 879840kB
before removeUnneededLatches: 0.98u 0.04s 24892e 879840kB
after removeUnneededLatches: 0.98u 0.04s 24892e 879840kB
before printMsgForBothBAandNBAAccrossProcess: 0.98u 0.04s 24892e 879840kB
after printMsgForBothBAandNBAAccrossProcess: 0.98u 0.04s 24892e 879840kB
after other NameScope processing: 0.98u 0.04s 24892e 879840kB
before rebuildInstGraph: 0.98u 0.04s 24960e 879840kB
  before addAllInScope: 0.98u 0.04s 24960e 879840kB
  after addAllInScope: 0.98u 0.04s 24960e 879840kB
after rebuildInstGraph: 0.98u 0.04s 24960e 879840kB
before markTristateCones : 0.98u 0.04s 24960e 879840kB
after markTristateCones : 0.98u 0.04s 24960e 879840kB
after scheduling: 0.98u 0.04s 25234e 879840kB
after model->finalize: 0.99u 0.04s 25232e 879840kB
before attribute propagation: 0.99u 0.04s 25189e 879840kB
after attribute propagation: 0.99u 0.04s 25189e 879840kB
before constantPropagate: 0.99u 0.04s 25189e 879840kB
after constantPropagate: 0.99u 0.04s 25189e 879840kB
before removeUnusedSignals circuit: 0.99u 0.04s 25189e 879840kB
after removeUnusedSignals circuit: 0.99u 0.04s 25189e 879840kB
before optimize latch enable: 0.99u 0.04s 25189e 879840kB
after optimize latch enable: 0.99u 0.04s 25189e 879840kB
after circuit->load: 0.99u 0.04s 25189e 879840kB

Processing alb_mss_fab_ibp_buffer_0000_0003
before buildCfgFromIStructural: 0.99u 0.04s 24600e 879840kB
Before processing instances: 0.99u 0.04s 24669e 879840kB
After processing instances: 0.99u 0.04s 24717e 879840kB
before processing cont assigns: 0.99u 0.04s 24717e 879840kB
after processing cont assigns: 0.99u 0.04s 24875e 879840kB
before processing processes: 0.99u 0.04s 24875e 879840kB
after processing processes: 0.99u 0.04s 24917e 879840kB
after buildCfgFromIStructural: 0.99u 0.04s 24925e 879840kB
before ns->mergeSimpleProcesses: 0.99u 0.04s 24925e 879840kB
after ns->mergeSimpleProcesses: 0.99u 0.04s 24925e 879840kB
before ns->splitPartialWrites: 0.99u 0.04s 24925e 879840kB
after ns->splitPartialWrites: 0.99u 0.04s 24925e 879840kB
before removeUnneededLatches: 0.99u 0.04s 24925e 879840kB
after removeUnneededLatches: 0.99u 0.04s 24925e 879840kB
before printMsgForBothBAandNBAAccrossProcess: 0.99u 0.04s 24925e 879840kB
after printMsgForBothBAandNBAAccrossProcess: 0.99u 0.04s 24925e 879840kB
after other NameScope processing: 0.99u 0.04s 24925e 879840kB
before rebuildInstGraph: 0.99u 0.04s 24993e 879840kB
  before addAllInScope: 0.99u 0.04s 24993e 879840kB
  after addAllInScope: 1u 0.04s 24993e 879840kB
after rebuildInstGraph: 1u 0.04s 24993e 879840kB
before markTristateCones : 1u 0.04s 24993e 879840kB
after markTristateCones : 1u 0.04s 24993e 879840kB
after scheduling: 1u 0.04s 25267e 879840kB
after model->finalize: 1u 0.04s 25265e 879840kB
before attribute propagation: 1u 0.04s 25222e 879840kB
after attribute propagation: 1u 0.04s 25222e 879840kB
before constantPropagate: 1u 0.04s 25222e 879840kB
after constantPropagate: 1u 0.04s 25222e 879840kB
before removeUnusedSignals circuit: 1u 0.04s 25222e 879840kB
after removeUnusedSignals circuit: 1u 0.04s 25222e 879840kB
before optimize latch enable: 1u 0.04s 25222e 879840kB
after optimize latch enable: 1u 0.04s 25222e 879840kB
after circuit->load: 1u 0.04s 25222e 879840kB

Processing zceiMessageOutPort_640
before attribute propagation: 1u 0.04s 24647e 879840kB
after attribute propagation: 1u 0.04s 24647e 879840kB
before constantPropagate: 1u 0.04s 24647e 879840kB
after constantPropagate: 1u 0.04s 24647e 879840kB
before removeUnusedSignals circuit: 1u 0.04s 24647e 879840kB
after removeUnusedSignals circuit: 1u 0.04s 24647e 879840kB
before optimize latch enable: 1u 0.04s 24647e 879840kB
after optimize latch enable: 1u 0.04s 24647e 879840kB
before removeReadAfterMissingWrite: 1u 0.04s 24647e 879840kB
after removeReadAfterMissingWrite: 1u 0.04s 24647e 879840kB
before undoDimensionalSplitOfMemories: 1u 0.04s 24647e 879840kB
after undoDimensionalSplitOfMemories: 1u 0.04s 24647e 879840kB
before extractMemories: 1u 0.04s 24647e 879840kB
after extractMemories: 1u 0.04s 24647e 879840kB
before extractHolds: 1u 0.04s 24647e 879840kB
after extractHolds: 1u 0.04s 24647e 879840kB
before simplifyAdders: 1u 0.04s 24647e 879840kB
after simplifyAdders: 1u 0.04s 24647e 879840kB
before optimizeLessThan: 1u 0.04s 24647e 879840kB
after optimizeLessThan: 1u 0.04s 24647e 879840kB
before reportUnresolvedType: 1u 0.04s 24647e 879840kB
after reportUnresolvedType: 1u 0.04s 24647e 879840kB

Processing ls_multi_bit_comparator_0005
before buildCfgFromIStructural: 1u 0.04s 24641e 879840kB
Before processing instances: 1u 0.04s 24651e 879840kB
After processing instances: 1u 0.04s 24651e 879840kB
before processing cont assigns: 1u 0.04s 24651e 879840kB
after processing cont assigns: 1.16u 0.04s 30283e 882612kB
before processing processes: 1.16u 0.04s 30283e 882612kB
after processing processes: 1.16u 0.04s 30283e 882612kB
after buildCfgFromIStructural: 1.16u 0.04s 30285e 882612kB
before ns->mergeSimpleProcesses: 1.16u 0.04s 30285e 882612kB
after ns->mergeSimpleProcesses: 1.16u 0.04s 30285e 882612kB
before ns->splitPartialWrites: 1.17u 0.04s 30285e 882612kB
after ns->splitPartialWrites: 1.64u 0.04s 31549e 882612kB
before removeUnneededLatches: 1.64u 0.04s 31549e 882612kB
after removeUnneededLatches: 1.64u 0.04s 31549e 882612kB
before printMsgForBothBAandNBAAccrossProcess: 1.65u 0.04s 31549e 882612kB
after printMsgForBothBAandNBAAccrossProcess: 1.65u 0.04s 31549e 882612kB
after other NameScope processing: 1.65u 0.04s 31549e 882612kB
before rebuildInstGraph: 1.65u 0.04s 32313e 882612kB
  before addAllInScope: 1.65u 0.04s 32313e 882612kB
  after addAllInScope: 1.65u 0.04s 32313e 882748kB
after rebuildInstGraph: 1.65u 0.04s 32313e 882748kB
before markTristateCones : 1.65u 0.04s 32313e 882748kB
after markTristateCones : 1.65u 0.04s 32313e 882748kB
after scheduling: 1.67u 0.04s 30495e 882748kB
after model->finalize: 1.7u 0.04s 32285e 882748kB
before attribute propagation: 1.71u 0.04s 33049e 882748kB
after attribute propagation: 1.71u 0.04s 33049e 882748kB
before constantPropagate: 1.71u 0.04s 33049e 882748kB
after constantPropagate: 1.71u 0.04s 33049e 882748kB
before removeUnusedSignals circuit: 1.71u 0.04s 33049e 882748kB
after removeUnusedSignals circuit: 1.71u 0.04s 33049e 882748kB
before optimize latch enable: 1.71u 0.04s 33049e 882748kB
after optimize latch enable: 1.71u 0.04s 33049e 882748kB
after circuit->load: 1.71u 0.04s 33049e 882748kB
