
Processing alb_mss_fab_fifo_0000_0001
before constantPropagate: 0.01u 0.01s 104920e 901992kB
after constantPropagate: 0.01u 0.01s 104920e 901992kB
before removeUnusedSignals circuit: 0.01u 0.01s 104920e 901992kB
after removeUnusedSignals circuit: 0.01u 0.01s 104920e 901992kB
before optimize latch enable: 0.01u 0.01s 104920e 901992kB
after optimize latch enable: 0.01u 0.01s 104920e 901992kB
before removeReadAfterMissingWrite: 0.01u 0.01s 104920e 901992kB
after removeReadAfterMissingWrite: 0.01u 0.01s 104920e 901992kB
before undoDimensionalSplitOfMemories: 0.01u 0.01s 104920e 901992kB
after undoDimensionalSplitOfMemories: 0.01u 0.01s 104920e 901992kB
before extractMemories: 0.01u 0.01s 104920e 901992kB
after extractMemories: 0.01u 0.01s 104920e 901992kB
before extractHolds: 0.01u 0.01s 104920e 901992kB
after extractHolds: 0.01u 0.01s 104922e 901992kB
before simplifyAdders: 0.01u 0.01s 104922e 901992kB
after simplifyAdders: 0.01u 0.01s 104922e 901992kB
before optimizeLessThan: 0.01u 0.01s 104922e 901992kB
after optimizeLessThan: 0.01u 0.01s 104922e 901992kB
before reportUnresolvedType: 0.01u 0.01s 104922e 901992kB
after reportUnresolvedType: 0.01u 0.01s 104922e 901992kB
before dumpingPerModuleScm : 0.01u 0.01s 104922e 901992kB
after dumpingPerModuleScm : 0.01u 0.01s 104922e 901992kB

Processing alb_mss_fab_fifo_0002_0000
before constantPropagate: 0.01u 0.01s 104922e 901992kB
after constantPropagate: 0.01u 0.01s 104922e 901992kB
before removeUnusedSignals circuit: 0.01u 0.01s 104922e 901992kB
after removeUnusedSignals circuit: 0.01u 0.01s 104922e 901992kB
before optimize latch enable: 0.01u 0.01s 104922e 901992kB
after optimize latch enable: 0.01u 0.01s 104922e 901992kB
before removeReadAfterMissingWrite: 0.01u 0.01s 104922e 901992kB
after removeReadAfterMissingWrite: 0.01u 0.01s 104922e 901992kB
before undoDimensionalSplitOfMemories: 0.01u 0.01s 104922e 901992kB
after undoDimensionalSplitOfMemories: 0.01u 0.01s 104922e 901992kB
before extractMemories: 0.01u 0.01s 104922e 901992kB
after extractMemories: 0.01u 0.01s 104922e 901992kB
before extractHolds: 0.01u 0.01s 104922e 901992kB
after extractHolds: 0.02u 0.01s 104911e 901992kB
before simplifyAdders: 0.02u 0.01s 104911e 901992kB
after simplifyAdders: 0.02u 0.01s 104911e 901992kB
before optimizeLessThan: 0.02u 0.01s 104911e 901992kB
after optimizeLessThan: 0.02u 0.01s 104911e 901992kB
before reportUnresolvedType: 0.02u 0.01s 104911e 901992kB
after reportUnresolvedType: 0.02u 0.01s 104911e 901992kB
before dumpingPerModuleScm : 0.02u 0.01s 104911e 901992kB
after dumpingPerModuleScm : 0.02u 0.01s 104911e 901992kB

Processing alb_mss_fab_fifo_0000_0004
before constantPropagate: 0.02u 0.01s 104911e 901992kB
after constantPropagate: 0.02u 0.01s 104911e 901992kB
before removeUnusedSignals circuit: 0.02u 0.01s 104911e 901992kB
after removeUnusedSignals circuit: 0.02u 0.01s 104911e 901992kB
before optimize latch enable: 0.02u 0.02s 104911e 901992kB
after optimize latch enable: 0.02u 0.02s 104911e 901992kB
before removeReadAfterMissingWrite: 0.02u 0.02s 104911e 901992kB
after removeReadAfterMissingWrite: 0.02u 0.02s 104911e 901992kB
before undoDimensionalSplitOfMemories: 0.02u 0.02s 104911e 901992kB
after undoDimensionalSplitOfMemories: 0.02u 0.02s 104911e 901992kB
before extractMemories: 0.02u 0.02s 104911e 901992kB
after extractMemories: 0.02u 0.02s 104911e 901992kB
before extractHolds: 0.02u 0.02s 104911e 901992kB
after extractHolds: 0.02u 0.02s 104911e 901992kB
before simplifyAdders: 0.02u 0.02s 104911e 901992kB
after simplifyAdders: 0.02u 0.02s 104911e 901992kB
before optimizeLessThan: 0.02u 0.02s 104911e 901992kB
after optimizeLessThan: 0.02u 0.02s 104911e 901992kB
before reportUnresolvedType: 0.02u 0.02s 104911e 901992kB
after reportUnresolvedType: 0.02u 0.02s 104911e 901992kB
before dumpingPerModuleScm : 0.02u 0.02s 104911e 901992kB
after dumpingPerModuleScm : 0.02u 0.02s 104911e 901992kB

Processing alb_mss_fab_pack2ibp
before constantPropagate: 0.02u 0.02s 104911e 901992kB
after constantPropagate: 0.02u 0.02s 104911e 901992kB
before removeUnusedSignals circuit: 0.02u 0.02s 104911e 901992kB
after removeUnusedSignals circuit: 0.02u 0.02s 104911e 901992kB
before optimize latch enable: 0.02u 0.02s 104911e 901992kB
after optimize latch enable: 0.02u 0.02s 104911e 901992kB
before removeReadAfterMissingWrite: 0.02u 0.02s 104911e 901992kB
after removeReadAfterMissingWrite: 0.02u 0.02s 104911e 901992kB
before undoDimensionalSplitOfMemories: 0.02u 0.02s 104911e 901992kB
after undoDimensionalSplitOfMemories: 0.02u 0.02s 104911e 901992kB
before extractMemories: 0.02u 0.02s 104911e 901992kB
after extractMemories: 0.02u 0.02s 104911e 901992kB
before extractHolds: 0.02u 0.02s 104911e 901992kB
after extractHolds: 0.02u 0.02s 104911e 901992kB
before simplifyAdders: 0.02u 0.02s 104911e 901992kB
after simplifyAdders: 0.02u 0.02s 104911e 901992kB
before optimizeLessThan: 0.02u 0.02s 104911e 901992kB
after optimizeLessThan: 0.02u 0.02s 104911e 901992kB
before reportUnresolvedType: 0.02u 0.02s 104911e 901992kB
after reportUnresolvedType: 0.02u 0.02s 104911e 901992kB
before dumpingPerModuleScm : 0.02u 0.02s 104911e 901992kB
after dumpingPerModuleScm : 0.02u 0.02s 104911e 901992kB

Processing alb_mss_fab_bus_lat_0000
before constantPropagate: 0.02u 0.02s 104911e 901992kB
after constantPropagate: 0.02u 0.02s 104911e 901992kB
before removeUnusedSignals circuit: 0.02u 0.02s 104911e 901992kB
after removeUnusedSignals circuit: 0.02u 0.02s 104911e 901992kB
before optimize latch enable: 0.02u 0.02s 104911e 901992kB
after optimize latch enable: 0.02u 0.02s 104911e 901992kB
before removeReadAfterMissingWrite: 0.02u 0.02s 104911e 901992kB
after removeReadAfterMissingWrite: 0.02u 0.02s 104911e 901992kB
before undoDimensionalSplitOfMemories: 0.02u 0.02s 104911e 901992kB
after undoDimensionalSplitOfMemories: 0.02u 0.02s 104911e 901992kB
before extractMemories: 0.02u 0.02s 104911e 901992kB
after extractMemories: 0.02u 0.02s 104911e 901992kB
before extractHolds: 0.02u 0.02s 104911e 901992kB
after extractHolds: 0.02u 0.02s 104922e 901992kB
before simplifyAdders: 0.02u 0.02s 104922e 901992kB
after simplifyAdders: 0.02u 0.02s 104922e 901992kB
before optimizeLessThan: 0.02u 0.02s 104922e 901992kB
after optimizeLessThan: 0.02u 0.02s 104922e 901992kB
before reportUnresolvedType: 0.02u 0.02s 104922e 901992kB
after reportUnresolvedType: 0.02u 0.02s 104922e 901992kB
before dumpingPerModuleScm : 0.02u 0.02s 104922e 901992kB
after dumpingPerModuleScm : 0.02u 0.02s 104922e 901992kB

Processing mss_bus_switch_fifo_0000_0002
before constantPropagate: 0.02u 0.02s 104922e 901992kB
after constantPropagate: 0.02u 0.02s 104922e 901992kB
before removeUnusedSignals circuit: 0.02u 0.02s 104922e 901992kB
after removeUnusedSignals circuit: 0.02u 0.02s 104922e 901992kB
before optimize latch enable: 0.02u 0.02s 104922e 901992kB
after optimize latch enable: 0.02u 0.02s 104922e 901992kB
before removeReadAfterMissingWrite: 0.02u 0.02s 104922e 901992kB
after removeReadAfterMissingWrite: 0.02u 0.02s 104922e 901992kB
before undoDimensionalSplitOfMemories: 0.02u 0.02s 104922e 901992kB
after undoDimensionalSplitOfMemories: 0.02u 0.02s 104922e 901992kB
before extractMemories: 0.02u 0.02s 104922e 901992kB
after extractMemories: 0.02u 0.02s 104922e 901992kB
before extractHolds: 0.02u 0.02s 104922e 901992kB
after extractHolds: 0.02u 0.02s 104922e 901992kB
before simplifyAdders: 0.02u 0.02s 104922e 901992kB
after simplifyAdders: 0.02u 0.02s 104922e 901992kB
before optimizeLessThan: 0.02u 0.02s 104922e 901992kB
after optimizeLessThan: 0.02u 0.02s 104922e 901992kB
before reportUnresolvedType: 0.02u 0.02s 104922e 901992kB
after reportUnresolvedType: 0.02u 0.02s 104922e 901992kB
before dumpingPerModuleScm : 0.02u 0.02s 104922e 901992kB
after dumpingPerModuleScm : 0.02u 0.02s 104922e 901992kB

Processing mss_bus_switch_dw32_slv
before constantPropagate: 0.02u 0.02s 104922e 901992kB
after constantPropagate: 0.02u 0.02s 104922e 901992kB
before removeUnusedSignals circuit: 0.02u 0.02s 104922e 901992kB
after removeUnusedSignals circuit: 0.02u 0.02s 104922e 901992kB
before optimize latch enable: 0.02u 0.02s 104922e 901992kB
after optimize latch enable: 0.02u 0.02s 104922e 901992kB
before removeReadAfterMissingWrite: 0.02u 0.02s 104922e 901992kB
after removeReadAfterMissingWrite: 0.02u 0.02s 104922e 901992kB
before undoDimensionalSplitOfMemories: 0.02u 0.02s 104922e 901992kB
after undoDimensionalSplitOfMemories: 0.02u 0.02s 104922e 901992kB
before extractMemories: 0.02u 0.02s 104922e 901992kB
after extractMemories: 0.03u 0.02s 104922e 901992kB
before extractHolds: 0.03u 0.02s 104922e 901992kB
after extractHolds: 0.03u 0.02s 104922e 901992kB
before simplifyAdders: 0.03u 0.02s 104922e 901992kB
after simplifyAdders: 0.03u 0.02s 104922e 901992kB
before optimizeLessThan: 0.03u 0.02s 104922e 901992kB
after optimizeLessThan: 0.03u 0.02s 104922e 901992kB
before reportUnresolvedType: 0.03u 0.02s 104922e 901992kB
after reportUnresolvedType: 0.03u 0.02s 104922e 901992kB
before dumpingPerModuleScm : 0.03u 0.02s 104922e 901992kB
after dumpingPerModuleScm : 0.03u 0.02s 104922e 901992kB

Processing mss_bus_switch_dw512_slv
before constantPropagate: 0.03u 0.02s 104922e 901992kB
after constantPropagate: 0.04u 0.02s 104922e 901992kB
before removeUnusedSignals circuit: 0.04u 0.02s 104922e 901992kB
after removeUnusedSignals circuit: 0.04u 0.02s 104922e 901992kB
before optimize latch enable: 0.04u 0.02s 104922e 901992kB
after optimize latch enable: 0.04u 0.02s 104922e 901992kB
before removeReadAfterMissingWrite: 0.04u 0.02s 104922e 901992kB
after removeReadAfterMissingWrite: 0.04u 0.02s 104922e 901992kB
before undoDimensionalSplitOfMemories: 0.04u 0.02s 104922e 901992kB
after undoDimensionalSplitOfMemories: 0.04u 0.02s 104922e 901992kB
before extractMemories: 0.04u 0.02s 104922e 901992kB
after extractMemories: 0.04u 0.02s 104922e 901992kB
before extractHolds: 0.04u 0.02s 104922e 901992kB
after extractHolds: 0.04u 0.02s 104922e 901992kB
before simplifyAdders: 0.04u 0.02s 104922e 901992kB
after simplifyAdders: 0.04u 0.02s 104922e 901992kB
before optimizeLessThan: 0.04u 0.02s 104922e 901992kB
after optimizeLessThan: 0.04u 0.02s 104922e 901992kB
before reportUnresolvedType: 0.04u 0.02s 104922e 901992kB
after reportUnresolvedType: 0.04u 0.02s 104922e 901992kB
before dumpingPerModuleScm : 0.04u 0.02s 104922e 901992kB
after dumpingPerModuleScm : 0.05u 0.02s 104922e 901992kB

Processing mss_bus_switch_ibpx2ibpy_0001
before constantPropagate: 0.05u 0.02s 104922e 901992kB
after constantPropagate: 0.05u 0.02s 104922e 901992kB
before removeUnusedSignals circuit: 0.05u 0.02s 104922e 901992kB
after removeUnusedSignals circuit: 0.05u 0.02s 104922e 901992kB
before optimize latch enable: 0.05u 0.02s 104922e 901992kB
after optimize latch enable: 0.05u 0.02s 104922e 901992kB
before removeReadAfterMissingWrite: 0.05u 0.02s 104922e 901992kB
after removeReadAfterMissingWrite: 0.05u 0.02s 104922e 901992kB
before undoDimensionalSplitOfMemories: 0.05u 0.02s 104922e 901992kB
after undoDimensionalSplitOfMemories: 0.05u 0.02s 104922e 901992kB
before extractMemories: 0.05u 0.02s 104922e 901992kB
after extractMemories: 0.05u 0.02s 104922e 901992kB
before extractHolds: 0.05u 0.02s 104922e 901992kB
after extractHolds: 0.05u 0.02s 104922e 901992kB
before simplifyAdders: 0.05u 0.02s 104922e 901992kB
after simplifyAdders: 0.05u 0.02s 104922e 901992kB
before optimizeLessThan: 0.05u 0.02s 104922e 901992kB
after optimizeLessThan: 0.05u 0.02s 104922e 901992kB
before reportUnresolvedType: 0.05u 0.02s 104922e 901992kB
after reportUnresolvedType: 0.05u 0.02s 104922e 901992kB
before dumpingPerModuleScm : 0.05u 0.02s 104922e 901992kB
after dumpingPerModuleScm : 0.05u 0.02s 104922e 901992kB

Processing mss_bus_switch_ibp_dw32_mst
before constantPropagate: 0.05u 0.02s 104922e 901992kB
after constantPropagate: 0.05u 0.02s 104922e 901992kB
before removeUnusedSignals circuit: 0.05u 0.02s 104922e 901992kB
after removeUnusedSignals circuit: 0.05u 0.02s 104922e 901992kB
before optimize latch enable: 0.05u 0.02s 104922e 901992kB
after optimize latch enable: 0.05u 0.02s 104922e 901992kB
before removeReadAfterMissingWrite: 0.05u 0.02s 104922e 901992kB
after removeReadAfterMissingWrite: 0.05u 0.02s 104922e 901992kB
before undoDimensionalSplitOfMemories: 0.05u 0.02s 104922e 901992kB
after undoDimensionalSplitOfMemories: 0.05u 0.02s 104922e 901992kB
before extractMemories: 0.05u 0.02s 104922e 901992kB
after extractMemories: 0.05u 0.02s 104922e 901992kB
before extractHolds: 0.05u 0.02s 104922e 901992kB
after extractHolds: 0.05u 0.02s 104922e 901992kB
before simplifyAdders: 0.05u 0.02s 104922e 901992kB
after simplifyAdders: 0.05u 0.02s 104922e 901992kB
before optimizeLessThan: 0.05u 0.02s 104922e 901992kB
after optimizeLessThan: 0.05u 0.02s 104922e 901992kB
before reportUnresolvedType: 0.05u 0.02s 104922e 901992kB
after reportUnresolvedType: 0.05u 0.02s 104922e 901992kB
before dumpingPerModuleScm : 0.05u 0.02s 104922e 901992kB
after dumpingPerModuleScm : 0.06u 0.02s 104922e 901992kB

Processing mss_bus_switch_ibpw2ibpn_0001
before constantPropagate: 0.06u 0.02s 104922e 901992kB
after constantPropagate: 0.06u 0.02s 104922e 901992kB
before removeUnusedSignals circuit: 0.06u 0.02s 104922e 901992kB
after removeUnusedSignals circuit: 0.06u 0.02s 104922e 901992kB
before optimize latch enable: 0.06u 0.02s 104922e 901992kB
after optimize latch enable: 0.06u 0.02s 104922e 901992kB
before removeReadAfterMissingWrite: 0.06u 0.02s 104922e 901992kB
after removeReadAfterMissingWrite: 0.06u 0.02s 104922e 901992kB
before undoDimensionalSplitOfMemories: 0.06u 0.02s 104922e 901992kB
after undoDimensionalSplitOfMemories: 0.06u 0.02s 104922e 901992kB
before extractMemories: 0.06u 0.02s 104922e 901992kB
after extractMemories: 0.06u 0.02s 104922e 901992kB
before extractHolds: 0.06u 0.02s 104922e 901992kB
after extractHolds: 0.06u 0.02s 104909e 901992kB
before simplifyAdders: 0.06u 0.02s 104909e 901992kB
after simplifyAdders: 0.06u 0.02s 104909e 901992kB
before optimizeLessThan: 0.06u 0.02s 104909e 901992kB
after optimizeLessThan: 0.06u 0.02s 104909e 901992kB
before reportUnresolvedType: 0.06u 0.02s 104909e 901992kB
after reportUnresolvedType: 0.06u 0.02s 104909e 901992kB
before dumpingPerModuleScm : 0.06u 0.02s 104909e 901992kB
after dumpingPerModuleScm : 0.07u 0.02s 104909e 901992kB

Processing alb_mss_bus_switch
before constantPropagate: 0.07u 0.02s 104909e 901992kB
after constantPropagate: 0.07u 0.02s 104909e 901992kB
before removeUnusedSignals circuit: 0.07u 0.02s 104909e 901992kB
after removeUnusedSignals circuit: 0.07u 0.02s 104909e 901992kB
before optimize latch enable: 0.07u 0.02s 104909e 901992kB
after optimize latch enable: 0.07u 0.02s 104909e 901992kB
before removeReadAfterMissingWrite: 0.07u 0.02s 104909e 901992kB
after removeReadAfterMissingWrite: 0.07u 0.02s 104909e 901992kB
before undoDimensionalSplitOfMemories: 0.07u 0.02s 104909e 901992kB
after undoDimensionalSplitOfMemories: 0.07u 0.02s 104909e 901992kB
before extractMemories: 0.07u 0.02s 104909e 901992kB
after extractMemories: 0.07u 0.02s 104909e 901992kB
before extractHolds: 0.07u 0.02s 104909e 901992kB
after extractHolds: 0.07u 0.02s 104909e 901992kB
before simplifyAdders: 0.07u 0.02s 104909e 901992kB
after simplifyAdders: 0.07u 0.02s 104909e 901992kB
before optimizeLessThan: 0.07u 0.02s 104909e 901992kB
after optimizeLessThan: 0.07u 0.02s 104912e 901992kB
before reportUnresolvedType: 0.07u 0.02s 104912e 901992kB
after reportUnresolvedType: 0.07u 0.02s 104912e 901992kB
before dumpingPerModuleScm : 0.07u 0.02s 104912e 901992kB
after dumpingPerModuleScm : 0.08u 0.02s 104912e 901992kB

Processing alb_mss_fab_ibp2pack_0003
before constantPropagate: 0.08u 0.02s 104912e 901992kB
after constantPropagate: 0.08u 0.02s 104912e 901992kB
before removeUnusedSignals circuit: 0.08u 0.02s 104912e 901992kB
after removeUnusedSignals circuit: 0.08u 0.02s 104912e 901992kB
before optimize latch enable: 0.08u 0.02s 104912e 901992kB
after optimize latch enable: 0.08u 0.02s 104912e 901992kB
before removeReadAfterMissingWrite: 0.08u 0.02s 104912e 901992kB
after removeReadAfterMissingWrite: 0.08u 0.02s 104912e 901992kB
before undoDimensionalSplitOfMemories: 0.08u 0.02s 104912e 901992kB
after undoDimensionalSplitOfMemories: 0.08u 0.02s 104912e 901992kB
before extractMemories: 0.08u 0.02s 104912e 901992kB
after extractMemories: 0.08u 0.02s 104912e 901992kB
before extractHolds: 0.08u 0.02s 104912e 901992kB
after extractHolds: 0.08u 0.02s 104912e 901992kB
before simplifyAdders: 0.08u 0.02s 104912e 901992kB
after simplifyAdders: 0.08u 0.02s 104912e 901992kB
before optimizeLessThan: 0.08u 0.02s 104912e 901992kB
after optimizeLessThan: 0.08u 0.02s 104912e 901992kB
before reportUnresolvedType: 0.08u 0.02s 104912e 901992kB
after reportUnresolvedType: 0.08u 0.02s 104912e 901992kB
before dumpingPerModuleScm : 0.08u 0.02s 104912e 901992kB
after dumpingPerModuleScm : 0.08u 0.02s 104912e 901992kB

Processing alb_mss_fab_bypbuf_0000_0001
before constantPropagate: 0.08u 0.02s 104912e 901992kB
after constantPropagate: 0.08u 0.02s 104912e 901992kB
before removeUnusedSignals circuit: 0.08u 0.02s 104912e 901992kB
after removeUnusedSignals circuit: 0.08u 0.02s 104912e 901992kB
before optimize latch enable: 0.08u 0.02s 104912e 901992kB
after optimize latch enable: 0.08u 0.02s 104912e 901992kB
before removeReadAfterMissingWrite: 0.08u 0.02s 104912e 901992kB
after removeReadAfterMissingWrite: 0.08u 0.02s 104912e 901992kB
before undoDimensionalSplitOfMemories: 0.08u 0.02s 104912e 901992kB
after undoDimensionalSplitOfMemories: 0.08u 0.02s 104912e 901992kB
before extractMemories: 0.08u 0.02s 104912e 901992kB
after extractMemories: 0.08u 0.02s 104912e 901992kB
before extractHolds: 0.08u 0.02s 104912e 901992kB
after extractHolds: 0.08u 0.02s 104912e 901992kB
before simplifyAdders: 0.08u 0.02s 104912e 901992kB
after simplifyAdders: 0.08u 0.02s 104912e 901992kB
before optimizeLessThan: 0.08u 0.02s 104912e 901992kB
after optimizeLessThan: 0.08u 0.02s 104912e 901992kB
before reportUnresolvedType: 0.08u 0.02s 104912e 901992kB
after reportUnresolvedType: 0.08u 0.02s 104912e 901992kB
before dumpingPerModuleScm : 0.08u 0.02s 104912e 901992kB
after dumpingPerModuleScm : 0.08u 0.02s 104912e 901992kB

Processing alb_mss_fab_fifo_0007
before constantPropagate: 0.08u 0.02s 104912e 901992kB
after constantPropagate: 0.08u 0.02s 104912e 901992kB
before removeUnusedSignals circuit: 0.08u 0.02s 104912e 901992kB
after removeUnusedSignals circuit: 0.08u 0.02s 104912e 901992kB
before optimize latch enable: 0.08u 0.02s 104912e 901992kB
after optimize latch enable: 0.08u 0.02s 104912e 901992kB
before removeReadAfterMissingWrite: 0.08u 0.02s 104912e 901992kB
after removeReadAfterMissingWrite: 0.08u 0.02s 104912e 901992kB
before undoDimensionalSplitOfMemories: 0.08u 0.02s 104912e 901992kB
after undoDimensionalSplitOfMemories: 0.08u 0.02s 104912e 901992kB
before extractMemories: 0.08u 0.02s 104912e 901992kB
after extractMemories: 0.08u 0.02s 104912e 901992kB
before extractHolds: 0.08u 0.02s 104912e 901992kB
after extractHolds: 0.09u 0.02s 104909e 901992kB
before simplifyAdders: 0.09u 0.02s 104909e 901992kB
after simplifyAdders: 0.09u 0.02s 104909e 901992kB
before optimizeLessThan: 0.09u 0.02s 104909e 901992kB
after optimizeLessThan: 0.09u 0.02s 104909e 901992kB
before reportUnresolvedType: 0.09u 0.02s 104909e 901992kB
after reportUnresolvedType: 0.09u 0.02s 104909e 901992kB
before dumpingPerModuleScm : 0.09u 0.02s 104909e 901992kB
after dumpingPerModuleScm : 0.09u 0.02s 104909e 901992kB

Processing alb_mss_fab_ibp2apb_0000
before constantPropagate: 0.09u 0.02s 104909e 901992kB
after constantPropagate: 0.09u 0.02s 104909e 901992kB
before removeUnusedSignals circuit: 0.09u 0.02s 104909e 901992kB
after removeUnusedSignals circuit: 0.09u 0.02s 104909e 901992kB
before optimize latch enable: 0.09u 0.02s 104909e 901992kB
after optimize latch enable: 0.09u 0.02s 104909e 901992kB
before removeReadAfterMissingWrite: 0.09u 0.02s 104909e 901992kB
after removeReadAfterMissingWrite: 0.09u 0.02s 104909e 901992kB
before undoDimensionalSplitOfMemories: 0.09u 0.03s 104909e 901992kB
after undoDimensionalSplitOfMemories: 0.09u 0.03s 104909e 901992kB
before extractMemories: 0.09u 0.03s 104909e 901992kB
after extractMemories: 0.09u 0.03s 104909e 901992kB
before extractHolds: 0.09u 0.03s 104909e 901992kB
after extractHolds: 0.09u 0.03s 104920e 901992kB
before simplifyAdders: 0.09u 0.03s 104920e 901992kB
after simplifyAdders: 0.09u 0.03s 104920e 901992kB
before optimizeLessThan: 0.09u 0.03s 104920e 901992kB
after optimizeLessThan: 0.09u 0.03s 104920e 901992kB
before reportUnresolvedType: 0.09u 0.03s 104920e 901992kB
after reportUnresolvedType: 0.09u 0.03s 104920e 901992kB
before dumpingPerModuleScm : 0.09u 0.03s 104920e 901992kB
after dumpingPerModuleScm : 0.09u 0.03s 104920e 901992kB

Processing alb_mss_clkctrl
before constantPropagate: 0.09u 0.03s 104920e 901992kB
after constantPropagate: 0.09u 0.03s 104920e 901992kB
before removeUnusedSignals circuit: 0.09u 0.03s 104920e 901992kB
after removeUnusedSignals circuit: 0.09u 0.03s 104920e 901992kB
before optimize latch enable: 0.09u 0.03s 104920e 901992kB
after optimize latch enable: 0.09u 0.03s 104920e 901992kB
before removeReadAfterMissingWrite: 0.09u 0.03s 104920e 901992kB
after removeReadAfterMissingWrite: 0.09u 0.03s 104920e 901992kB
before undoDimensionalSplitOfMemories: 0.09u 0.03s 104920e 901992kB
after undoDimensionalSplitOfMemories: 0.09u 0.03s 104920e 901992kB
before extractMemories: 0.09u 0.03s 104920e 901992kB
after extractMemories: 0.09u 0.03s 104920e 901992kB
before extractHolds: 0.09u 0.03s 104920e 901992kB
after extractHolds: 0.09u 0.03s 105045e 901992kB
before simplifyAdders: 0.1u 0.03s 105045e 901992kB
after simplifyAdders: 0.1u 0.03s 105045e 901992kB
before optimizeLessThan: 0.1u 0.03s 105045e 901992kB
after optimizeLessThan: 0.1u 0.03s 105045e 901992kB
before reportUnresolvedType: 0.1u 0.03s 105045e 901992kB
after reportUnresolvedType: 0.1u 0.03s 105045e 901992kB
before dumpingPerModuleScm : 0.1u 0.03s 105045e 901992kB
after dumpingPerModuleScm : 0.1u 0.03s 105045e 901992kB

Processing alb_mss_mem_pack2ibp
before constantPropagate: 0.1u 0.03s 105045e 901992kB
after constantPropagate: 0.1u 0.03s 105045e 901992kB
before removeUnusedSignals circuit: 0.1u 0.03s 105045e 901992kB
after removeUnusedSignals circuit: 0.1u 0.03s 105045e 901992kB
before optimize latch enable: 0.1u 0.03s 105045e 901992kB
after optimize latch enable: 0.1u 0.03s 105045e 901992kB
before removeReadAfterMissingWrite: 0.1u 0.03s 105045e 901992kB
after removeReadAfterMissingWrite: 0.1u 0.03s 105045e 901992kB
before undoDimensionalSplitOfMemories: 0.1u 0.03s 105045e 901992kB
after undoDimensionalSplitOfMemories: 0.1u 0.03s 105045e 901992kB
before extractMemories: 0.1u 0.03s 105045e 901992kB
after extractMemories: 0.1u 0.03s 105045e 901992kB
before extractHolds: 0.1u 0.03s 105045e 901992kB
after extractHolds: 0.1u 0.03s 105045e 901992kB
before simplifyAdders: 0.1u 0.03s 105045e 901992kB
after simplifyAdders: 0.1u 0.03s 105045e 901992kB
before optimizeLessThan: 0.1u 0.03s 105045e 901992kB
after optimizeLessThan: 0.1u 0.03s 105045e 901992kB
before reportUnresolvedType: 0.1u 0.03s 105045e 901992kB
after reportUnresolvedType: 0.1u 0.03s 105045e 901992kB
before dumpingPerModuleScm : 0.1u 0.03s 105045e 901992kB
after dumpingPerModuleScm : 0.1u 0.03s 105045e 901992kB

Processing alb_mss_mem_ibp2single_0000
before constantPropagate: 0.1u 0.03s 105045e 901992kB
after constantPropagate: 0.1u 0.03s 105045e 901992kB
before removeUnusedSignals circuit: 0.1u 0.03s 105045e 901992kB
after removeUnusedSignals circuit: 0.1u 0.03s 105045e 901992kB
before optimize latch enable: 0.1u 0.03s 105045e 901992kB
after optimize latch enable: 0.1u 0.03s 105045e 901992kB
before removeReadAfterMissingWrite: 0.1u 0.03s 105045e 901992kB
after removeReadAfterMissingWrite: 0.1u 0.03s 105045e 901992kB
before undoDimensionalSplitOfMemories: 0.1u 0.03s 105045e 901992kB
after undoDimensionalSplitOfMemories: 0.1u 0.03s 105045e 901992kB
before extractMemories: 0.1u 0.03s 105045e 901992kB
after extractMemories: 0.1u 0.03s 105045e 901992kB
before extractHolds: 0.1u 0.03s 105045e 901992kB
after extractHolds: 0.1u 0.03s 105045e 901992kB
before simplifyAdders: 0.1u 0.03s 105045e 901992kB
after simplifyAdders: 0.1u 0.03s 105045e 901992kB
before optimizeLessThan: 0.1u 0.03s 105045e 901992kB
after optimizeLessThan: 0.1u 0.03s 105045e 901992kB
before reportUnresolvedType: 0.1u 0.03s 105045e 901992kB
after reportUnresolvedType: 0.1u 0.03s 105045e 901992kB
before dumpingPerModuleScm : 0.1u 0.03s 105045e 901992kB
after dumpingPerModuleScm : 0.11u 0.03s 105045e 901992kB

Processing alb_mss_mem_bypbuf_0000_0003
before constantPropagate: 0.11u 0.03s 105045e 901992kB
after constantPropagate: 0.11u 0.03s 105045e 901992kB
before removeUnusedSignals circuit: 0.11u 0.03s 105045e 901992kB
after removeUnusedSignals circuit: 0.11u 0.03s 105045e 901992kB
before optimize latch enable: 0.11u 0.03s 105045e 901992kB
after optimize latch enable: 0.11u 0.03s 105045e 901992kB
before removeReadAfterMissingWrite: 0.11u 0.03s 105045e 901992kB
after removeReadAfterMissingWrite: 0.11u 0.03s 105045e 901992kB
before undoDimensionalSplitOfMemories: 0.11u 0.03s 105045e 901992kB
after undoDimensionalSplitOfMemories: 0.11u 0.03s 105045e 901992kB
before extractMemories: 0.11u 0.03s 105045e 901992kB
after extractMemories: 0.11u 0.03s 105045e 901992kB
before extractHolds: 0.11u 0.03s 105045e 901992kB
after extractHolds: 0.11u 0.03s 105045e 901992kB
before simplifyAdders: 0.11u 0.03s 105045e 901992kB
after simplifyAdders: 0.11u 0.03s 105045e 901992kB
before optimizeLessThan: 0.11u 0.03s 105045e 901992kB
after optimizeLessThan: 0.11u 0.03s 105045e 901992kB
before reportUnresolvedType: 0.11u 0.03s 105045e 901992kB
after reportUnresolvedType: 0.11u 0.03s 105045e 901992kB
before dumpingPerModuleScm : 0.11u 0.03s 105045e 901992kB
after dumpingPerModuleScm : 0.11u 0.03s 105045e 901992kB

Processing alb_mss_mem_model
before constantPropagate: 0.11u 0.03s 105045e 901992kB
after constantPropagate: 0.11u 0.03s 105045e 901992kB
before removeUnusedSignals circuit: 0.11u 0.03s 105045e 901992kB
after removeUnusedSignals circuit: 0.11u 0.03s 105045e 901992kB
before optimize latch enable: 0.11u 0.03s 105045e 901992kB
after optimize latch enable: 0.11u 0.03s 105045e 901992kB
before removeReadAfterMissingWrite: 0.11u 0.03s 105045e 901992kB
after removeReadAfterMissingWrite: 0.11u 0.03s 105045e 901992kB
before undoDimensionalSplitOfMemories: 0.11u 0.03s 105045e 901992kB
after undoDimensionalSplitOfMemories: 0.11u 0.03s 105045e 901992kB
before extractMemories: 0.11u 0.03s 105045e 901992kB
after extractMemories: 0.11u 0.03s 105045e 901992kB
before extractHolds: 0.11u 0.03s 105045e 901992kB
after extractHolds: 0.11u 0.03s 105045e 901992kB
before simplifyAdders: 0.11u 0.03s 105045e 901992kB
after simplifyAdders: 0.11u 0.03s 105045e 901992kB
before optimizeLessThan: 0.11u 0.03s 105045e 901992kB
after optimizeLessThan: 0.11u 0.03s 105045e 901992kB
before reportUnresolvedType: 0.11u 0.03s 105045e 901992kB
after reportUnresolvedType: 0.11u 0.03s 105045e 901992kB
before dumpingPerModuleScm : 0.11u 0.03s 105045e 901992kB
after dumpingPerModuleScm : 0.11u 0.03s 105045e 901992kB

Processing alb_mss_mem_clkgate
before constantPropagate: 0.11u 0.03s 105045e 901992kB
after constantPropagate: 0.11u 0.03s 105045e 901992kB
before removeUnusedSignals circuit: 0.11u 0.03s 105045e 901992kB
after removeUnusedSignals circuit: 0.11u 0.03s 105045e 901992kB
before optimize latch enable: 0.11u 0.03s 105045e 901992kB
after optimize latch enable: 0.11u 0.03s 105045e 901992kB
before removeReadAfterMissingWrite: 0.11u 0.03s 105045e 901992kB
after removeReadAfterMissingWrite: 0.11u 0.03s 105045e 901992kB
before undoDimensionalSplitOfMemories: 0.11u 0.03s 105045e 901992kB
after undoDimensionalSplitOfMemories: 0.11u 0.03s 105045e 901992kB
before extractMemories: 0.11u 0.03s 105045e 901992kB
after extractMemories: 0.11u 0.03s 105045e 901992kB
before extractHolds: 0.11u 0.03s 105045e 901992kB
after extractHolds: 0.11u 0.03s 105045e 901992kB
before simplifyAdders: 0.11u 0.03s 105045e 901992kB
after simplifyAdders: 0.11u 0.03s 105045e 901992kB
before optimizeLessThan: 0.11u 0.03s 105045e 901992kB
after optimizeLessThan: 0.11u 0.03s 105045e 901992kB
before reportUnresolvedType: 0.11u 0.03s 105045e 901992kB
after reportUnresolvedType: 0.11u 0.03s 105045e 901992kB
before dumpingPerModuleScm : 0.11u 0.03s 105045e 901992kB
after dumpingPerModuleScm : 0.11u 0.03s 105045e 901992kB

Processing ZebuClockDetectFront_39
before constantPropagate: 0.11u 0.03s 105045e 901992kB
after constantPropagate: 0.11u 0.03s 105045e 901992kB
before removeUnusedSignals circuit: 0.11u 0.03s 105045e 901992kB
after removeUnusedSignals circuit: 0.11u 0.03s 105045e 901992kB
before optimize latch enable: 0.11u 0.03s 105045e 901992kB
after optimize latch enable: 0.11u 0.03s 105045e 901992kB
before removeReadAfterMissingWrite: 0.11u 0.03s 105045e 901992kB
after removeReadAfterMissingWrite: 0.11u 0.03s 105045e 901992kB
before undoDimensionalSplitOfMemories: 0.11u 0.03s 105045e 901992kB
after undoDimensionalSplitOfMemories: 0.11u 0.03s 105045e 901992kB
before extractMemories: 0.11u 0.03s 105045e 901992kB
after extractMemories: 0.11u 0.03s 105045e 901992kB
before extractHolds: 0.11u 0.03s 105045e 901992kB
after extractHolds: 0.11u 0.03s 105045e 901992kB
before simplifyAdders: 0.11u 0.03s 105045e 901992kB
after simplifyAdders: 0.11u 0.03s 105045e 901992kB
before optimizeLessThan: 0.11u 0.03s 105045e 901992kB
after optimizeLessThan: 0.11u 0.03s 105045e 901992kB
before reportUnresolvedType: 0.11u 0.03s 105045e 901992kB
after reportUnresolvedType: 0.11u 0.03s 105045e 901992kB
before dumpingPerModuleScm : 0.11u 0.03s 105045e 901992kB
after dumpingPerModuleScm : 0.11u 0.03s 105045e 901992kB

Processing ZebuClockDetectFront_46
before constantPropagate: 0.11u 0.03s 105045e 901992kB
after constantPropagate: 0.11u 0.03s 105045e 901992kB
before removeUnusedSignals circuit: 0.11u 0.03s 105045e 901992kB
after removeUnusedSignals circuit: 0.11u 0.03s 105045e 901992kB
before optimize latch enable: 0.11u 0.03s 105045e 901992kB
after optimize latch enable: 0.11u 0.03s 105045e 901992kB
before removeReadAfterMissingWrite: 0.11u 0.03s 105045e 901992kB
after removeReadAfterMissingWrite: 0.11u 0.03s 105045e 901992kB
before undoDimensionalSplitOfMemories: 0.11u 0.03s 105045e 901992kB
after undoDimensionalSplitOfMemories: 0.11u 0.03s 105045e 901992kB
before extractMemories: 0.11u 0.03s 105045e 901992kB
after extractMemories: 0.11u 0.03s 105045e 901992kB
before extractHolds: 0.11u 0.03s 105045e 901992kB
after extractHolds: 0.11u 0.03s 105045e 901992kB
before simplifyAdders: 0.11u 0.03s 105045e 901992kB
after simplifyAdders: 0.11u 0.03s 105045e 901992kB
before optimizeLessThan: 0.11u 0.03s 105045e 901992kB
after optimizeLessThan: 0.11u 0.03s 105045e 901992kB
before reportUnresolvedType: 0.11u 0.03s 105045e 901992kB
after reportUnresolvedType: 0.11u 0.03s 105045e 901992kB
before dumpingPerModuleScm : 0.11u 0.03s 105045e 901992kB
after dumpingPerModuleScm : 0.11u 0.03s 105045e 901992kB

Processing ZebuClockDetectFront_50
before constantPropagate: 0.11u 0.03s 105045e 901992kB
after constantPropagate: 0.11u 0.03s 105045e 901992kB
before removeUnusedSignals circuit: 0.11u 0.03s 105045e 901992kB
after removeUnusedSignals circuit: 0.11u 0.03s 105045e 901992kB
before optimize latch enable: 0.11u 0.03s 105045e 901992kB
after optimize latch enable: 0.11u 0.03s 105045e 901992kB
before removeReadAfterMissingWrite: 0.11u 0.03s 105045e 901992kB
after removeReadAfterMissingWrite: 0.11u 0.03s 105045e 901992kB
before undoDimensionalSplitOfMemories: 0.11u 0.03s 105045e 901992kB
after undoDimensionalSplitOfMemories: 0.11u 0.03s 105045e 901992kB
before extractMemories: 0.11u 0.03s 105045e 901992kB
after extractMemories: 0.11u 0.03s 105045e 901992kB
before extractHolds: 0.11u 0.03s 105045e 901992kB
after extractHolds: 0.11u 0.03s 105045e 901992kB
before simplifyAdders: 0.11u 0.03s 105045e 901992kB
after simplifyAdders: 0.11u 0.03s 105045e 901992kB
before optimizeLessThan: 0.11u 0.03s 105045e 901992kB
after optimizeLessThan: 0.11u 0.03s 105045e 901992kB
before reportUnresolvedType: 0.11u 0.03s 105045e 901992kB
after reportUnresolvedType: 0.11u 0.03s 105045e 901992kB
before dumpingPerModuleScm : 0.11u 0.03s 105045e 901992kB
after dumpingPerModuleScm : 0.11u 0.03s 105045e 901992kB

Processing zz_Encrypt_4
before constantPropagate: 0.11u 0.03s 105045e 901992kB
after constantPropagate: 0.11u 0.03s 105045e 901992kB
before removeUnusedSignals circuit: 0.11u 0.03s 105045e 901992kB
after removeUnusedSignals circuit: 0.11u 0.03s 105045e 901992kB
before optimize latch enable: 0.11u 0.03s 105045e 901992kB
after optimize latch enable: 0.11u 0.03s 105045e 901992kB
before removeReadAfterMissingWrite: 0.11u 0.03s 105045e 901992kB
after removeReadAfterMissingWrite: 0.12u 0.03s 105045e 901992kB
before undoDimensionalSplitOfMemories: 0.12u 0.03s 105045e 901992kB
after undoDimensionalSplitOfMemories: 0.12u 0.03s 105045e 901992kB
before extractMemories: 0.12u 0.03s 105045e 901992kB
after extractMemories: 0.12u 0.03s 105045e 901992kB
before extractHolds: 0.12u 0.03s 105045e 901992kB
after extractHolds: 0.13u 0.03s 105154e 901992kB
before simplifyAdders: 0.13u 0.03s 105154e 901992kB
after simplifyAdders: 0.13u 0.03s 105154e 901992kB
before optimizeLessThan: 0.13u 0.03s 105154e 901992kB
after optimizeLessThan: 0.13u 0.03s 105154e 901992kB
before reportUnresolvedType: 0.13u 0.03s 105154e 901992kB
after reportUnresolvedType: 0.13u 0.03s 105154e 901992kB
before dumpingPerModuleScm : 0.13u 0.03s 105154e 901992kB
after dumpingPerModuleScm : 0.14u 0.04s 105154e 901992kB

Processing ZebuClockDetectFront_29
before constantPropagate: 0.14u 0.04s 105154e 901992kB
after constantPropagate: 0.14u 0.04s 105154e 901992kB
before removeUnusedSignals circuit: 0.14u 0.04s 105154e 901992kB
after removeUnusedSignals circuit: 0.14u 0.04s 105154e 901992kB
before optimize latch enable: 0.14u 0.04s 105154e 901992kB
after optimize latch enable: 0.14u 0.04s 105154e 901992kB
before removeReadAfterMissingWrite: 0.14u 0.04s 105154e 901992kB
after removeReadAfterMissingWrite: 0.14u 0.04s 105154e 901992kB
before undoDimensionalSplitOfMemories: 0.14u 0.04s 105154e 901992kB
after undoDimensionalSplitOfMemories: 0.14u 0.04s 105154e 901992kB
before extractMemories: 0.14u 0.04s 105154e 901992kB
after extractMemories: 0.14u 0.04s 105154e 901992kB
before extractHolds: 0.14u 0.04s 105154e 901992kB
after extractHolds: 0.14u 0.04s 105154e 901992kB
before simplifyAdders: 0.14u 0.04s 105154e 901992kB
after simplifyAdders: 0.14u 0.04s 105154e 901992kB
before optimizeLessThan: 0.14u 0.04s 105154e 901992kB
after optimizeLessThan: 0.14u 0.04s 105154e 901992kB
before reportUnresolvedType: 0.14u 0.04s 105154e 901992kB
after reportUnresolvedType: 0.14u 0.04s 105154e 901992kB
before dumpingPerModuleScm : 0.14u 0.04s 105154e 901992kB
after dumpingPerModuleScm : 0.14u 0.04s 105154e 901992kB

Processing dw_dbp_stubs
before constantPropagate: 0.14u 0.04s 105154e 901992kB
after constantPropagate: 0.14u 0.04s 105154e 901992kB
before removeUnusedSignals circuit: 0.14u 0.04s 105154e 901992kB
after removeUnusedSignals circuit: 0.14u 0.04s 105154e 901992kB
before optimize latch enable: 0.14u 0.04s 105154e 901992kB
after optimize latch enable: 0.14u 0.04s 105154e 901992kB
before removeReadAfterMissingWrite: 0.14u 0.04s 105154e 901992kB
after removeReadAfterMissingWrite: 0.14u 0.04s 105154e 901992kB
before undoDimensionalSplitOfMemories: 0.14u 0.04s 105154e 901992kB
after undoDimensionalSplitOfMemories: 0.14u 0.04s 105154e 901992kB
before extractMemories: 0.14u 0.04s 105154e 901992kB
after extractMemories: 0.14u 0.04s 105154e 901992kB
before extractHolds: 0.14u 0.04s 105154e 901992kB
after extractHolds: 0.14u 0.04s 105154e 901992kB
before simplifyAdders: 0.14u 0.04s 105154e 901992kB
after simplifyAdders: 0.14u 0.04s 105154e 901992kB
before optimizeLessThan: 0.14u 0.04s 105154e 901992kB
after optimizeLessThan: 0.14u 0.04s 105154e 901992kB
before reportUnresolvedType: 0.14u 0.04s 105154e 901992kB
after reportUnresolvedType: 0.14u 0.04s 105154e 901992kB
before dumpingPerModuleScm : 0.14u 0.04s 105154e 901992kB
after dumpingPerModuleScm : 0.14u 0.04s 105154e 901992kB

Processing safety_iso_sync
before constantPropagate: 0.14u 0.04s 105154e 901992kB
after constantPropagate: 0.14u 0.04s 105154e 901992kB
before removeUnusedSignals circuit: 0.14u 0.04s 105154e 901992kB
after removeUnusedSignals circuit: 0.14u 0.04s 105154e 901992kB
before optimize latch enable: 0.14u 0.04s 105154e 901992kB
after optimize latch enable: 0.14u 0.04s 105154e 901992kB
before removeReadAfterMissingWrite: 0.14u 0.04s 105154e 901992kB
after removeReadAfterMissingWrite: 0.14u 0.04s 105154e 901992kB
before undoDimensionalSplitOfMemories: 0.14u 0.04s 105154e 901992kB
after undoDimensionalSplitOfMemories: 0.14u 0.04s 105154e 901992kB
before extractMemories: 0.14u 0.04s 105154e 901992kB
after extractMemories: 0.14u 0.04s 105154e 901992kB
before extractHolds: 0.14u 0.04s 105154e 901992kB
after extractHolds: 0.14u 0.04s 105154e 901992kB
before simplifyAdders: 0.14u 0.04s 105154e 901992kB
after simplifyAdders: 0.14u 0.04s 105154e 901992kB
before optimizeLessThan: 0.14u 0.04s 105154e 901992kB
after optimizeLessThan: 0.14u 0.04s 105154e 901992kB
before reportUnresolvedType: 0.14u 0.04s 105154e 901992kB
after reportUnresolvedType: 0.14u 0.04s 105154e 901992kB
before dumpingPerModuleScm : 0.14u 0.04s 105154e 901992kB
after dumpingPerModuleScm : 0.14u 0.04s 105154e 901992kB

Processing dwt_jtag_port
before constantPropagate: 0.14u 0.04s 105154e 901992kB
after constantPropagate: 0.14u 0.04s 105154e 901992kB
before removeUnusedSignals circuit: 0.14u 0.04s 105154e 901992kB
after removeUnusedSignals circuit: 0.14u 0.04s 105154e 901992kB
before optimize latch enable: 0.14u 0.04s 105154e 901992kB
after optimize latch enable: 0.14u 0.04s 105154e 901992kB
before removeReadAfterMissingWrite: 0.14u 0.04s 105154e 901992kB
after removeReadAfterMissingWrite: 0.14u 0.04s 105154e 901992kB
before undoDimensionalSplitOfMemories: 0.14u 0.04s 105154e 901992kB
after undoDimensionalSplitOfMemories: 0.14u 0.04s 105154e 901992kB
before extractMemories: 0.14u 0.04s 105154e 901992kB
after extractMemories: 0.14u 0.04s 105154e 901992kB
before extractHolds: 0.14u 0.04s 105154e 901992kB
after extractHolds: 0.14u 0.04s 105154e 901992kB
before simplifyAdders: 0.14u 0.04s 105154e 901992kB
after simplifyAdders: 0.14u 0.04s 105154e 901992kB
before optimizeLessThan: 0.14u 0.04s 105154e 901992kB
after optimizeLessThan: 0.14u 0.04s 105154e 901992kB
before reportUnresolvedType: 0.14u 0.04s 105154e 901992kB
after reportUnresolvedType: 0.14u 0.04s 105154e 901992kB
before dumpingPerModuleScm : 0.14u 0.04s 105154e 901992kB
after dumpingPerModuleScm : 0.15u 0.04s 105154e 901992kB

Processing single_bit_syncP
before constantPropagate: 0.15u 0.04s 105154e 901992kB
after constantPropagate: 0.15u 0.04s 105154e 901992kB
before removeUnusedSignals circuit: 0.15u 0.04s 105154e 901992kB
after removeUnusedSignals circuit: 0.15u 0.04s 105154e 901992kB
before optimize latch enable: 0.15u 0.04s 105154e 901992kB
after optimize latch enable: 0.15u 0.04s 105154e 901992kB
before removeReadAfterMissingWrite: 0.15u 0.04s 105154e 901992kB
after removeReadAfterMissingWrite: 0.15u 0.04s 105154e 901992kB
before undoDimensionalSplitOfMemories: 0.15u 0.04s 105154e 901992kB
after undoDimensionalSplitOfMemories: 0.15u 0.04s 105154e 901992kB
before extractMemories: 0.15u 0.04s 105154e 901992kB
after extractMemories: 0.15u 0.04s 105154e 901992kB
before extractHolds: 0.15u 0.04s 105154e 901992kB
after extractHolds: 0.15u 0.04s 105154e 901992kB
before simplifyAdders: 0.15u 0.04s 105154e 901992kB
after simplifyAdders: 0.15u 0.04s 105154e 901992kB
before optimizeLessThan: 0.15u 0.04s 105154e 901992kB
after optimizeLessThan: 0.15u 0.04s 105154e 901992kB
before reportUnresolvedType: 0.15u 0.04s 105154e 901992kB
after reportUnresolvedType: 0.15u 0.04s 105154e 901992kB
before dumpingPerModuleScm : 0.15u 0.04s 105154e 901992kB
after dumpingPerModuleScm : 0.15u 0.04s 105154e 901992kB

Processing ls_compare_unit_0000
before constantPropagate: 0.15u 0.04s 105154e 901992kB
after constantPropagate: 0.15u 0.04s 105154e 901992kB
before removeUnusedSignals circuit: 0.15u 0.04s 105154e 901992kB
after removeUnusedSignals circuit: 0.15u 0.04s 105154e 901992kB
before optimize latch enable: 0.15u 0.04s 105154e 901992kB
after optimize latch enable: 0.15u 0.04s 105154e 901992kB
before removeReadAfterMissingWrite: 0.15u 0.04s 105154e 901992kB
after removeReadAfterMissingWrite: 0.15u 0.04s 105154e 901992kB
before undoDimensionalSplitOfMemories: 0.15u 0.04s 105154e 901992kB
after undoDimensionalSplitOfMemories: 0.15u 0.04s 105154e 901992kB
before extractMemories: 0.15u 0.04s 105154e 901992kB
after extractMemories: 0.15u 0.04s 105154e 901992kB
before extractHolds: 0.15u 0.04s 105154e 901992kB
after extractHolds: 0.15u 0.04s 105154e 901992kB
before simplifyAdders: 0.15u 0.04s 105154e 901992kB
after simplifyAdders: 0.15u 0.04s 105154e 901992kB
before optimizeLessThan: 0.15u 0.04s 105154e 901992kB
after optimizeLessThan: 0.15u 0.04s 105154e 901992kB
before reportUnresolvedType: 0.15u 0.04s 105154e 901992kB
after reportUnresolvedType: 0.15u 0.04s 105154e 901992kB
before dumpingPerModuleScm : 0.15u 0.04s 105154e 901992kB
after dumpingPerModuleScm : 0.15u 0.04s 105154e 901992kB

Processing ls_multi_bit_comparator_0002
before constantPropagate: 0.15u 0.04s 105154e 901992kB
after constantPropagate: 0.15u 0.04s 105154e 901992kB
before removeUnusedSignals circuit: 0.15u 0.04s 105154e 901992kB
after removeUnusedSignals circuit: 0.15u 0.04s 105154e 901992kB
before optimize latch enable: 0.15u 0.04s 105154e 901992kB
after optimize latch enable: 0.15u 0.04s 105154e 901992kB
before removeReadAfterMissingWrite: 0.15u 0.04s 105154e 901992kB
after removeReadAfterMissingWrite: 0.15u 0.04s 105154e 901992kB
before undoDimensionalSplitOfMemories: 0.15u 0.04s 105154e 901992kB
after undoDimensionalSplitOfMemories: 0.15u 0.04s 105154e 901992kB
before extractMemories: 0.15u 0.04s 105154e 901992kB
after extractMemories: 0.15u 0.04s 105154e 901992kB
before extractHolds: 0.15u 0.04s 105154e 901992kB
after extractHolds: 0.15u 0.04s 105154e 901992kB
before simplifyAdders: 0.15u 0.04s 105154e 901992kB
after simplifyAdders: 0.15u 0.04s 105154e 901992kB
before optimizeLessThan: 0.15u 0.04s 105154e 901992kB
after optimizeLessThan: 0.15u 0.04s 105154e 901992kB
before reportUnresolvedType: 0.15u 0.04s 105154e 901992kB
after reportUnresolvedType: 0.15u 0.04s 105154e 901992kB
before dumpingPerModuleScm : 0.15u 0.04s 105154e 901992kB
after dumpingPerModuleScm : 0.15u 0.05s 105154e 901992kB

Processing ls_multi_bit_comparator_0005
before constantPropagate: 0.15u 0.05s 105154e 901992kB
after constantPropagate: 0.15u 0.05s 105154e 901992kB
before removeUnusedSignals circuit: 0.15u 0.05s 105154e 901992kB
after removeUnusedSignals circuit: 0.15u 0.05s 105154e 901992kB
before optimize latch enable: 0.15u 0.05s 105154e 901992kB
after optimize latch enable: 0.15u 0.05s 105154e 901992kB
before removeReadAfterMissingWrite: 0.15u 0.05s 105154e 901992kB
after removeReadAfterMissingWrite: 0.15u 0.05s 105154e 901992kB
before undoDimensionalSplitOfMemories: 0.15u 0.05s 105154e 901992kB
after undoDimensionalSplitOfMemories: 0.15u 0.05s 105154e 901992kB
before extractMemories: 0.15u 0.05s 105154e 901992kB
after extractMemories: 0.15u 0.05s 105154e 901992kB
before extractHolds: 0.15u 0.05s 105154e 901992kB
after extractHolds: 0.15u 0.05s 105154e 901992kB
before simplifyAdders: 0.15u 0.05s 105154e 901992kB
after simplifyAdders: 0.15u 0.05s 105154e 901992kB
before optimizeLessThan: 0.15u 0.05s 105154e 901992kB
after optimizeLessThan: 0.15u 0.05s 105154e 901992kB
before reportUnresolvedType: 0.15u 0.05s 105154e 901992kB
after reportUnresolvedType: 0.15u 0.05s 105154e 901992kB
before dumpingPerModuleScm : 0.15u 0.05s 105154e 901992kB
after dumpingPerModuleScm : 0.16u 0.05s 105154e 901992kB

Processing rl_hpm
before constantPropagate: 0.16u 0.05s 105154e 901992kB
after constantPropagate: 0.17u 0.05s 105154e 901992kB
before removeUnusedSignals circuit: 0.17u 0.05s 105154e 901992kB
after removeUnusedSignals circuit: 0.17u 0.05s 105154e 901992kB
before optimize latch enable: 0.17u 0.05s 105154e 901992kB
after optimize latch enable: 0.17u 0.05s 105154e 901992kB
before removeReadAfterMissingWrite: 0.17u 0.05s 105154e 901992kB
after removeReadAfterMissingWrite: 0.17u 0.05s 105154e 901992kB
before undoDimensionalSplitOfMemories: 0.17u 0.05s 105154e 901992kB
after undoDimensionalSplitOfMemories: 0.17u 0.05s 105154e 901992kB
before extractMemories: 0.17u 0.05s 105154e 901992kB
after extractMemories: 0.17u 0.05s 105154e 901992kB
before extractHolds: 0.17u 0.05s 105154e 901992kB
after extractHolds: 0.17u 0.05s 105154e 901992kB
before simplifyAdders: 0.17u 0.05s 105154e 901992kB
after simplifyAdders: 0.17u 0.05s 105154e 901992kB
before optimizeLessThan: 0.17u 0.05s 105154e 901992kB
after optimizeLessThan: 0.17u 0.05s 105154e 901992kB
before reportUnresolvedType: 0.17u 0.05s 105154e 901992kB
after reportUnresolvedType: 0.17u 0.05s 105154e 901992kB
before dumpingPerModuleScm : 0.17u 0.05s 105154e 901992kB
after dumpingPerModuleScm : 0.19u 0.05s 105154e 901992kB

Processing rl_ifu_icache_rf
before constantPropagate: 0.19u 0.05s 105154e 901992kB
after constantPropagate: 0.19u 0.05s 105154e 901992kB
before removeUnusedSignals circuit: 0.19u 0.05s 105154e 901992kB
after removeUnusedSignals circuit: 0.19u 0.05s 105154e 901992kB
before optimize latch enable: 0.19u 0.05s 105154e 901992kB
after optimize latch enable: 0.19u 0.05s 105154e 901992kB
before removeReadAfterMissingWrite: 0.19u 0.05s 105154e 901992kB
after removeReadAfterMissingWrite: 0.19u 0.05s 105154e 901992kB
before undoDimensionalSplitOfMemories: 0.19u 0.05s 105154e 901992kB
after undoDimensionalSplitOfMemories: 0.19u 0.05s 105154e 901992kB
before extractMemories: 0.19u 0.05s 105154e 901992kB
after extractMemories: 0.19u 0.05s 105154e 901992kB
before extractHolds: 0.19u 0.05s 105154e 901992kB
after extractHolds: 0.19u 0.05s 105155e 901992kB
before simplifyAdders: 0.19u 0.05s 105155e 901992kB
after simplifyAdders: 0.19u 0.05s 105155e 901992kB
before optimizeLessThan: 0.19u 0.05s 105155e 901992kB
after optimizeLessThan: 0.19u 0.05s 105155e 901992kB
before reportUnresolvedType: 0.19u 0.05s 105155e 901992kB
after reportUnresolvedType: 0.19u 0.05s 105155e 901992kB
before dumpingPerModuleScm : 0.19u 0.05s 105155e 901992kB
after dumpingPerModuleScm : 0.19u 0.05s 105155e 901992kB

Processing rl_predecoder
before constantPropagate: 0.19u 0.05s 105155e 901992kB
after constantPropagate: 0.19u 0.05s 105155e 901992kB
before removeUnusedSignals circuit: 0.19u 0.05s 105155e 901992kB
after removeUnusedSignals circuit: 0.19u 0.05s 105155e 901992kB
before optimize latch enable: 0.19u 0.05s 105155e 901992kB
after optimize latch enable: 0.19u 0.05s 105155e 901992kB
before removeReadAfterMissingWrite: 0.19u 0.05s 105155e 901992kB
after removeReadAfterMissingWrite: 0.19u 0.05s 105155e 901992kB
before undoDimensionalSplitOfMemories: 0.19u 0.05s 105155e 901992kB
after undoDimensionalSplitOfMemories: 0.19u 0.05s 105155e 901992kB
before extractMemories: 0.19u 0.05s 105155e 901992kB
after extractMemories: 0.19u 0.05s 105155e 901992kB
before extractHolds: 0.19u 0.05s 105155e 901992kB
after extractHolds: 0.19u 0.05s 105155e 901992kB
before simplifyAdders: 0.19u 0.05s 105155e 901992kB
after simplifyAdders: 0.19u 0.05s 105155e 901992kB
before optimizeLessThan: 0.19u 0.05s 105155e 901992kB
after optimizeLessThan: 0.19u 0.05s 105155e 901992kB
before reportUnresolvedType: 0.19u 0.05s 105155e 901992kB
after reportUnresolvedType: 0.19u 0.05s 105155e 901992kB
before dumpingPerModuleScm : 0.19u 0.05s 105155e 901992kB
after dumpingPerModuleScm : 0.2u 0.05s 105155e 901992kB

Processing rl_adder_0000
before constantPropagate: 0.2u 0.05s 105155e 901992kB
after constantPropagate: 0.2u 0.05s 105155e 901992kB
before removeUnusedSignals circuit: 0.2u 0.05s 105155e 901992kB
after removeUnusedSignals circuit: 0.2u 0.05s 105155e 901992kB
before optimize latch enable: 0.2u 0.05s 105155e 901992kB
after optimize latch enable: 0.2u 0.05s 105155e 901992kB
before removeReadAfterMissingWrite: 0.2u 0.05s 105155e 901992kB
after removeReadAfterMissingWrite: 0.2u 0.05s 105155e 901992kB
before undoDimensionalSplitOfMemories: 0.2u 0.05s 105155e 901992kB
after undoDimensionalSplitOfMemories: 0.2u 0.05s 105155e 901992kB
before extractMemories: 0.2u 0.05s 105155e 901992kB
after extractMemories: 0.2u 0.05s 105155e 901992kB
before extractHolds: 0.2u 0.05s 105155e 901992kB
after extractHolds: 0.2u 0.05s 105155e 901992kB
before simplifyAdders: 0.2u 0.05s 105155e 901992kB
after simplifyAdders: 0.2u 0.05s 105155e 901992kB
before optimizeLessThan: 0.2u 0.05s 105155e 901992kB
after optimizeLessThan: 0.2u 0.05s 105155e 901992kB
before reportUnresolvedType: 0.2u 0.05s 105155e 901992kB
after reportUnresolvedType: 0.2u 0.05s 105155e 901992kB
before dumpingPerModuleScm : 0.2u 0.05s 105155e 901992kB
after dumpingPerModuleScm : 0.2u 0.05s 105155e 901992kB

Processing rl_logic_unit
before constantPropagate: 0.2u 0.05s 105155e 901992kB
after constantPropagate: 0.2u 0.05s 105155e 901992kB
before removeUnusedSignals circuit: 0.2u 0.05s 105155e 901992kB
after removeUnusedSignals circuit: 0.2u 0.05s 105155e 901992kB
before optimize latch enable: 0.2u 0.05s 105155e 901992kB
after optimize latch enable: 0.2u 0.05s 105155e 901992kB
before removeReadAfterMissingWrite: 0.2u 0.05s 105155e 901992kB
after removeReadAfterMissingWrite: 0.2u 0.05s 105155e 901992kB
before undoDimensionalSplitOfMemories: 0.2u 0.05s 105155e 901992kB
after undoDimensionalSplitOfMemories: 0.2u 0.05s 105155e 901992kB
before extractMemories: 0.2u 0.05s 105155e 901992kB
after extractMemories: 0.2u 0.05s 105155e 901992kB
before extractHolds: 0.2u 0.05s 105155e 901992kB
after extractHolds: 0.2u 0.05s 105155e 901992kB
before simplifyAdders: 0.2u 0.05s 105155e 901992kB
after simplifyAdders: 0.2u 0.05s 105155e 901992kB
before optimizeLessThan: 0.2u 0.05s 105155e 901992kB
after optimizeLessThan: 0.2u 0.05s 105155e 901992kB
before reportUnresolvedType: 0.2u 0.05s 105155e 901992kB
after reportUnresolvedType: 0.2u 0.05s 105155e 901992kB
before dumpingPerModuleScm : 0.2u 0.05s 105155e 901992kB
after dumpingPerModuleScm : 0.2u 0.05s 105155e 901992kB

Processing rl_shifter_0000
before constantPropagate: 0.2u 0.05s 105155e 901992kB
after constantPropagate: 0.2u 0.05s 105155e 901992kB
before removeUnusedSignals circuit: 0.2u 0.05s 105155e 901992kB
after removeUnusedSignals circuit: 0.2u 0.05s 105155e 901992kB
before optimize latch enable: 0.2u 0.05s 105155e 901992kB
after optimize latch enable: 0.2u 0.05s 105155e 901992kB
before removeReadAfterMissingWrite: 0.2u 0.05s 105155e 901992kB
after removeReadAfterMissingWrite: 0.2u 0.05s 105155e 901992kB
before undoDimensionalSplitOfMemories: 0.2u 0.05s 105155e 901992kB
after undoDimensionalSplitOfMemories: 0.2u 0.05s 105155e 901992kB
before extractMemories: 0.2u 0.05s 105155e 901992kB
after extractMemories: 0.2u 0.05s 105155e 901992kB
before extractHolds: 0.2u 0.05s 105155e 901992kB
after extractHolds: 0.2u 0.05s 105155e 901992kB
before simplifyAdders: 0.2u 0.05s 105155e 901992kB
after simplifyAdders: 0.2u 0.05s 105155e 901992kB
before optimizeLessThan: 0.2u 0.05s 105155e 901992kB
after optimizeLessThan: 0.2u 0.05s 105155e 901992kB
before reportUnresolvedType: 0.2u 0.05s 105155e 901992kB
after reportUnresolvedType: 0.2u 0.05s 105155e 901992kB
before dumpingPerModuleScm : 0.2u 0.05s 105155e 901992kB
after dumpingPerModuleScm : 0.2u 0.05s 105155e 901992kB

Processing rl_branch
before constantPropagate: 0.2u 0.05s 105155e 901992kB
after constantPropagate: 0.2u 0.05s 105155e 901992kB
before removeUnusedSignals circuit: 0.2u 0.05s 105155e 901992kB
after removeUnusedSignals circuit: 0.2u 0.05s 105155e 901992kB
before optimize latch enable: 0.2u 0.05s 105155e 901992kB
after optimize latch enable: 0.2u 0.05s 105155e 901992kB
before removeReadAfterMissingWrite: 0.2u 0.05s 105155e 901992kB
after removeReadAfterMissingWrite: 0.2u 0.05s 105155e 901992kB
before undoDimensionalSplitOfMemories: 0.2u 0.05s 105155e 901992kB
after undoDimensionalSplitOfMemories: 0.2u 0.05s 105155e 901992kB
before extractMemories: 0.2u 0.05s 105155e 901992kB
after extractMemories: 0.2u 0.05s 105155e 901992kB
before extractHolds: 0.2u 0.05s 105155e 901992kB
after extractHolds: 0.2u 0.05s 105155e 901992kB
before simplifyAdders: 0.2u 0.05s 105155e 901992kB
after simplifyAdders: 0.2u 0.05s 105155e 901992kB
before optimizeLessThan: 0.2u 0.05s 105155e 901992kB
after optimizeLessThan: 0.2u 0.05s 105155e 901992kB
before reportUnresolvedType: 0.2u 0.05s 105155e 901992kB
after reportUnresolvedType: 0.2u 0.05s 105155e 901992kB
before dumpingPerModuleScm : 0.2u 0.05s 105155e 901992kB
after dumpingPerModuleScm : 0.2u 0.05s 105155e 901992kB

Processing rl_wtree_comp312
before constantPropagate: 0.2u 0.05s 105155e 901992kB
after constantPropagate: 0.2u 0.05s 105155e 901992kB
before removeUnusedSignals circuit: 0.2u 0.05s 105155e 901992kB
after removeUnusedSignals circuit: 0.2u 0.05s 105155e 901992kB
before optimize latch enable: 0.2u 0.05s 105155e 901992kB
after optimize latch enable: 0.2u 0.05s 105155e 901992kB
before removeReadAfterMissingWrite: 0.2u 0.05s 105155e 901992kB
after removeReadAfterMissingWrite: 0.2u 0.05s 105155e 901992kB
before undoDimensionalSplitOfMemories: 0.2u 0.05s 105155e 901992kB
after undoDimensionalSplitOfMemories: 0.2u 0.05s 105155e 901992kB
before extractMemories: 0.2u 0.05s 105155e 901992kB
after extractMemories: 0.2u 0.05s 105155e 901992kB
before extractHolds: 0.2u 0.05s 105155e 901992kB
after extractHolds: 0.2u 0.05s 105155e 901992kB
before simplifyAdders: 0.2u 0.05s 105155e 901992kB
after simplifyAdders: 0.2u 0.05s 105155e 901992kB
before optimizeLessThan: 0.2u 0.05s 105155e 901992kB
after optimizeLessThan: 0.2u 0.05s 105155e 901992kB
before reportUnresolvedType: 0.2u 0.05s 105155e 901992kB
after reportUnresolvedType: 0.2u 0.05s 105155e 901992kB
before dumpingPerModuleScm : 0.2u 0.05s 105155e 901992kB
after dumpingPerModuleScm : 0.2u 0.06s 105155e 901992kB

Processing rl_halt_mgr
before constantPropagate: 0.2u 0.06s 105155e 901992kB
after constantPropagate: 0.2u 0.06s 105155e 901992kB
before removeUnusedSignals circuit: 0.2u 0.06s 105155e 901992kB
after removeUnusedSignals circuit: 0.2u 0.06s 105155e 901992kB
before optimize latch enable: 0.2u 0.06s 105155e 901992kB
after optimize latch enable: 0.2u 0.06s 105155e 901992kB
before removeReadAfterMissingWrite: 0.2u 0.06s 105155e 901992kB
after removeReadAfterMissingWrite: 0.2u 0.06s 105155e 901992kB
before undoDimensionalSplitOfMemories: 0.2u 0.06s 105155e 901992kB
after undoDimensionalSplitOfMemories: 0.2u 0.06s 105155e 901992kB
before extractMemories: 0.2u 0.06s 105155e 901992kB
after extractMemories: 0.2u 0.06s 105155e 901992kB
before extractHolds: 0.2u 0.06s 105155e 901992kB
after extractHolds: 0.2u 0.06s 105155e 901992kB
before simplifyAdders: 0.21u 0.06s 105155e 901992kB
after simplifyAdders: 0.21u 0.06s 105155e 901992kB
before optimizeLessThan: 0.21u 0.06s 105155e 901992kB
after optimizeLessThan: 0.21u 0.06s 105155e 901992kB
before reportUnresolvedType: 0.21u 0.06s 105155e 901992kB
after reportUnresolvedType: 0.21u 0.06s 105155e 901992kB
before dumpingPerModuleScm : 0.21u 0.06s 105155e 901992kB
after dumpingPerModuleScm : 0.21u 0.06s 105155e 901992kB

Processing rl_dmp_dccm_ecc_decoder
before constantPropagate: 0.21u 0.06s 105155e 901992kB
after constantPropagate: 0.21u 0.06s 105155e 901992kB
before removeUnusedSignals circuit: 0.21u 0.06s 105155e 901992kB
after removeUnusedSignals circuit: 0.21u 0.06s 105155e 901992kB
before optimize latch enable: 0.21u 0.06s 105155e 901992kB
after optimize latch enable: 0.21u 0.06s 105155e 901992kB
before removeReadAfterMissingWrite: 0.21u 0.06s 105155e 901992kB
after removeReadAfterMissingWrite: 0.21u 0.06s 105155e 901992kB
before undoDimensionalSplitOfMemories: 0.21u 0.06s 105155e 901992kB
after undoDimensionalSplitOfMemories: 0.21u 0.06s 105155e 901992kB
before extractMemories: 0.21u 0.06s 105155e 901992kB
after extractMemories: 0.21u 0.06s 105155e 901992kB
before extractHolds: 0.21u 0.06s 105155e 901992kB
after extractHolds: 0.21u 0.06s 105155e 901992kB
before simplifyAdders: 0.21u 0.06s 105155e 901992kB
after simplifyAdders: 0.21u 0.06s 105155e 901992kB
before optimizeLessThan: 0.21u 0.06s 105155e 901992kB
after optimizeLessThan: 0.21u 0.06s 105155e 901992kB
before reportUnresolvedType: 0.21u 0.06s 105155e 901992kB
after reportUnresolvedType: 0.21u 0.06s 105155e 901992kB
before dumpingPerModuleScm : 0.21u 0.06s 105155e 901992kB
after dumpingPerModuleScm : 0.21u 0.06s 105155e 901992kB

Processing rl_dmp_csr
before constantPropagate: 0.21u 0.06s 105155e 901992kB
after constantPropagate: 0.21u 0.06s 105155e 901992kB
before removeUnusedSignals circuit: 0.21u 0.06s 105155e 901992kB
after removeUnusedSignals circuit: 0.21u 0.06s 105155e 901992kB
before optimize latch enable: 0.21u 0.06s 105155e 901992kB
after optimize latch enable: 0.21u 0.06s 105155e 901992kB
before removeReadAfterMissingWrite: 0.21u 0.06s 105155e 901992kB
after removeReadAfterMissingWrite: 0.21u 0.06s 105155e 901992kB
before undoDimensionalSplitOfMemories: 0.21u 0.06s 105155e 901992kB
after undoDimensionalSplitOfMemories: 0.21u 0.06s 105155e 901992kB
before extractMemories: 0.21u 0.06s 105155e 901992kB
after extractMemories: 0.21u 0.06s 105155e 901992kB
before extractHolds: 0.21u 0.06s 105155e 901992kB
after extractHolds: 0.21u 0.06s 105155e 901992kB
before simplifyAdders: 0.21u 0.06s 105155e 901992kB
after simplifyAdders: 0.21u 0.06s 105155e 901992kB
before optimizeLessThan: 0.21u 0.06s 105155e 901992kB
after optimizeLessThan: 0.21u 0.06s 105155e 901992kB
before reportUnresolvedType: 0.21u 0.06s 105155e 901992kB
after reportUnresolvedType: 0.21u 0.06s 105155e 901992kB
before dumpingPerModuleScm : 0.21u 0.06s 105155e 901992kB
after dumpingPerModuleScm : 0.21u 0.06s 105155e 901992kB

Processing DWbb_bcm00_maj
before constantPropagate: 0.21u 0.06s 105155e 901992kB
after constantPropagate: 0.21u 0.06s 105155e 901992kB
before removeUnusedSignals circuit: 0.21u 0.06s 105155e 901992kB
after removeUnusedSignals circuit: 0.21u 0.06s 105155e 901992kB
before optimize latch enable: 0.21u 0.06s 105155e 901992kB
after optimize latch enable: 0.21u 0.06s 105155e 901992kB
before removeReadAfterMissingWrite: 0.21u 0.06s 105155e 901992kB
after removeReadAfterMissingWrite: 0.21u 0.06s 105155e 901992kB
before undoDimensionalSplitOfMemories: 0.21u 0.06s 105155e 901992kB
after undoDimensionalSplitOfMemories: 0.21u 0.06s 105155e 901992kB
before extractMemories: 0.21u 0.06s 105155e 901992kB
after extractMemories: 0.21u 0.06s 105155e 901992kB
before extractHolds: 0.21u 0.06s 105155e 901992kB
after extractHolds: 0.21u 0.06s 105155e 901992kB
before simplifyAdders: 0.21u 0.06s 105155e 901992kB
after simplifyAdders: 0.21u 0.06s 105155e 901992kB
before optimizeLessThan: 0.21u 0.06s 105155e 901992kB
after optimizeLessThan: 0.21u 0.06s 105155e 901992kB
before reportUnresolvedType: 0.21u 0.06s 105155e 901992kB
after reportUnresolvedType: 0.21u 0.06s 105155e 901992kB
before dumpingPerModuleScm : 0.21u 0.06s 105155e 901992kB
after dumpingPerModuleScm : 0.21u 0.06s 105155e 901992kB

Processing odd_pty_enc_0001
before constantPropagate: 0.21u 0.06s 105155e 901992kB
after constantPropagate: 0.21u 0.06s 105155e 901992kB
before removeUnusedSignals circuit: 0.21u 0.06s 105155e 901992kB
after removeUnusedSignals circuit: 0.21u 0.06s 105155e 901992kB
before optimize latch enable: 0.21u 0.06s 105155e 901992kB
after optimize latch enable: 0.21u 0.06s 105155e 901992kB
before removeReadAfterMissingWrite: 0.21u 0.06s 105155e 901992kB
after removeReadAfterMissingWrite: 0.21u 0.06s 105155e 901992kB
before undoDimensionalSplitOfMemories: 0.21u 0.06s 105155e 901992kB
after undoDimensionalSplitOfMemories: 0.21u 0.06s 105155e 901992kB
before extractMemories: 0.21u 0.06s 105155e 901992kB
after extractMemories: 0.21u 0.06s 105155e 901992kB
before extractHolds: 0.21u 0.06s 105155e 901992kB
after extractHolds: 0.21u 0.06s 105155e 901992kB
before simplifyAdders: 0.21u 0.06s 105155e 901992kB
after simplifyAdders: 0.21u 0.06s 105155e 901992kB
before optimizeLessThan: 0.21u 0.06s 105155e 901992kB
after optimizeLessThan: 0.21u 0.06s 105155e 901992kB
before reportUnresolvedType: 0.21u 0.06s 105155e 901992kB
after reportUnresolvedType: 0.21u 0.06s 105155e 901992kB
before dumpingPerModuleScm : 0.21u 0.06s 105155e 901992kB
after dumpingPerModuleScm : 0.21u 0.06s 105155e 901992kB

Processing sfty_ibp_ini_e2e_wrap_0000
before constantPropagate: 0.21u 0.06s 105155e 901992kB
after constantPropagate: 0.21u 0.06s 105155e 901992kB
before removeUnusedSignals circuit: 0.21u 0.06s 105155e 901992kB
after removeUnusedSignals circuit: 0.21u 0.06s 105155e 901992kB
before optimize latch enable: 0.21u 0.06s 105155e 901992kB
after optimize latch enable: 0.21u 0.06s 105155e 901992kB
before removeReadAfterMissingWrite: 0.21u 0.06s 105155e 901992kB
after removeReadAfterMissingWrite: 0.21u 0.06s 105155e 901992kB
before undoDimensionalSplitOfMemories: 0.21u 0.06s 105155e 901992kB
after undoDimensionalSplitOfMemories: 0.21u 0.06s 105155e 901992kB
before extractMemories: 0.21u 0.06s 105155e 901992kB
after extractMemories: 0.22u 0.06s 105155e 901992kB
before extractHolds: 0.22u 0.06s 105155e 901992kB
after extractHolds: 0.22u 0.06s 105155e 901992kB
before simplifyAdders: 0.22u 0.06s 105155e 901992kB
after simplifyAdders: 0.22u 0.06s 105155e 901992kB
before optimizeLessThan: 0.22u 0.06s 105155e 901992kB
after optimizeLessThan: 0.22u 0.06s 105155e 901992kB
before reportUnresolvedType: 0.22u 0.06s 105155e 901992kB
after reportUnresolvedType: 0.22u 0.06s 105155e 901992kB
before dumpingPerModuleScm : 0.22u 0.06s 105155e 901992kB
after dumpingPerModuleScm : 0.22u 0.06s 105155e 901992kB

Processing rl_parity_gen_0000_0001
before constantPropagate: 0.22u 0.06s 105155e 901992kB
after constantPropagate: 0.22u 0.06s 105155e 901992kB
before removeUnusedSignals circuit: 0.22u 0.06s 105155e 901992kB
after removeUnusedSignals circuit: 0.22u 0.06s 105155e 901992kB
before optimize latch enable: 0.22u 0.06s 105155e 901992kB
after optimize latch enable: 0.22u 0.06s 105155e 901992kB
before removeReadAfterMissingWrite: 0.22u 0.06s 105155e 901992kB
after removeReadAfterMissingWrite: 0.22u 0.06s 105155e 901992kB
before undoDimensionalSplitOfMemories: 0.22u 0.06s 105155e 901992kB
after undoDimensionalSplitOfMemories: 0.22u 0.06s 105155e 901992kB
before extractMemories: 0.22u 0.06s 105155e 901992kB
after extractMemories: 0.22u 0.06s 105155e 901992kB
before extractHolds: 0.22u 0.06s 105155e 901992kB
after extractHolds: 0.22u 0.06s 105155e 901992kB
before simplifyAdders: 0.22u 0.06s 105155e 901992kB
after simplifyAdders: 0.22u 0.06s 105155e 901992kB
before optimizeLessThan: 0.22u 0.06s 105155e 901992kB
after optimizeLessThan: 0.22u 0.06s 105155e 901992kB
before reportUnresolvedType: 0.22u 0.06s 105155e 901992kB
after reportUnresolvedType: 0.22u 0.06s 105155e 901992kB
before dumpingPerModuleScm : 0.22u 0.06s 105155e 901992kB
after dumpingPerModuleScm : 0.22u 0.06s 105155e 901992kB

Processing rl_parity_gen_0002
before constantPropagate: 0.22u 0.06s 105155e 901992kB
after constantPropagate: 0.22u 0.06s 105155e 901992kB
before removeUnusedSignals circuit: 0.22u 0.06s 105155e 901992kB
after removeUnusedSignals circuit: 0.22u 0.06s 105155e 901992kB
before optimize latch enable: 0.22u 0.06s 105155e 901992kB
after optimize latch enable: 0.22u 0.06s 105155e 901992kB
before removeReadAfterMissingWrite: 0.22u 0.06s 105155e 901992kB
after removeReadAfterMissingWrite: 0.22u 0.06s 105155e 901992kB
before undoDimensionalSplitOfMemories: 0.22u 0.06s 105155e 901992kB
after undoDimensionalSplitOfMemories: 0.22u 0.06s 105155e 901992kB
before extractMemories: 0.22u 0.06s 105155e 901992kB
after extractMemories: 0.22u 0.06s 105155e 901992kB
before extractHolds: 0.22u 0.06s 105155e 901992kB
after extractHolds: 0.22u 0.06s 105155e 901992kB
before simplifyAdders: 0.22u 0.06s 105155e 901992kB
after simplifyAdders: 0.22u 0.06s 105155e 901992kB
before optimizeLessThan: 0.22u 0.06s 105155e 901992kB
after optimizeLessThan: 0.22u 0.06s 105155e 901992kB
before reportUnresolvedType: 0.22u 0.06s 105155e 901992kB
after reportUnresolvedType: 0.22u 0.06s 105155e 901992kB
before dumpingPerModuleScm : 0.22u 0.06s 105155e 901992kB
after dumpingPerModuleScm : 0.22u 0.06s 105155e 901992kB

Processing rl_ahb2ibp_0001
before constantPropagate: 0.22u 0.06s 105155e 901992kB
after constantPropagate: 0.22u 0.06s 105155e 901992kB
before removeUnusedSignals circuit: 0.22u 0.06s 105155e 901992kB
after removeUnusedSignals circuit: 0.22u 0.06s 105155e 901992kB
before optimize latch enable: 0.22u 0.06s 105155e 901992kB
after optimize latch enable: 0.22u 0.06s 105155e 901992kB
before removeReadAfterMissingWrite: 0.22u 0.06s 105155e 901992kB
after removeReadAfterMissingWrite: 0.22u 0.06s 105155e 901992kB
before undoDimensionalSplitOfMemories: 0.22u 0.06s 105155e 901992kB
after undoDimensionalSplitOfMemories: 0.22u 0.06s 105155e 901992kB
before extractMemories: 0.22u 0.06s 105155e 901992kB
after extractMemories: 0.22u 0.06s 105155e 901992kB
before extractHolds: 0.22u 0.06s 105155e 901992kB
after extractHolds: 0.22u 0.06s 105155e 901992kB
before simplifyAdders: 0.22u 0.06s 105155e 901992kB
after simplifyAdders: 0.22u 0.06s 105155e 901992kB
before optimizeLessThan: 0.22u 0.06s 105155e 901992kB
after optimizeLessThan: 0.22u 0.06s 105155e 901992kB
before reportUnresolvedType: 0.22u 0.06s 105155e 901992kB
after reportUnresolvedType: 0.22u 0.06s 105155e 901992kB
before dumpingPerModuleScm : 0.22u 0.06s 105155e 901992kB
after dumpingPerModuleScm : 0.22u 0.06s 105155e 901992kB

Processing iprio_arb
before constantPropagate: 0.23u 0.06s 105155e 901992kB
after constantPropagate: 0.23u 0.06s 105155e 901992kB
before removeUnusedSignals circuit: 0.23u 0.06s 105155e 901992kB
after removeUnusedSignals circuit: 0.23u 0.06s 105155e 901992kB
before optimize latch enable: 0.23u 0.06s 105155e 901992kB
after optimize latch enable: 0.23u 0.06s 105155e 901992kB
before removeReadAfterMissingWrite: 0.23u 0.06s 105155e 901992kB
after removeReadAfterMissingWrite: 0.23u 0.06s 105155e 901992kB
before undoDimensionalSplitOfMemories: 0.23u 0.06s 105155e 901992kB
after undoDimensionalSplitOfMemories: 0.23u 0.06s 105155e 901992kB
before extractMemories: 0.23u 0.06s 105155e 901992kB
after extractMemories: 0.23u 0.06s 105155e 901992kB
before extractHolds: 0.23u 0.06s 105155e 901992kB
after extractHolds: 0.23u 0.06s 105155e 901992kB
before simplifyAdders: 0.23u 0.06s 105155e 901992kB
after simplifyAdders: 0.23u 0.06s 105155e 901992kB
before optimizeLessThan: 0.23u 0.06s 105155e 901992kB
after optimizeLessThan: 0.23u 0.06s 105155e 901992kB
before reportUnresolvedType: 0.23u 0.06s 105155e 901992kB
after reportUnresolvedType: 0.23u 0.06s 105155e 901992kB
before dumpingPerModuleScm : 0.23u 0.06s 105155e 901992kB
after dumpingPerModuleScm : 0.23u 0.07s 105155e 901992kB

Processing arcv_watchdog_ctrl
before constantPropagate: 0.23u 0.07s 105155e 901992kB
after constantPropagate: 0.23u 0.07s 105155e 901992kB
before removeUnusedSignals circuit: 0.23u 0.07s 105155e 901992kB
after removeUnusedSignals circuit: 0.23u 0.07s 105155e 901992kB
before optimize latch enable: 0.23u 0.07s 105155e 901992kB
after optimize latch enable: 0.23u 0.07s 105155e 901992kB
before removeReadAfterMissingWrite: 0.23u 0.07s 105155e 901992kB
after removeReadAfterMissingWrite: 0.23u 0.07s 105155e 901992kB
before undoDimensionalSplitOfMemories: 0.23u 0.07s 105155e 901992kB
after undoDimensionalSplitOfMemories: 0.23u 0.07s 105155e 901992kB
before extractMemories: 0.23u 0.07s 105155e 901992kB
after extractMemories: 0.23u 0.07s 105155e 901992kB
before extractHolds: 0.23u 0.07s 105155e 901992kB
after extractHolds: 0.23u 0.07s 105164e 901992kB
before simplifyAdders: 0.23u 0.07s 105164e 901992kB
after simplifyAdders: 0.23u 0.07s 105164e 901992kB
before optimizeLessThan: 0.23u 0.07s 105164e 901992kB
after optimizeLessThan: 0.23u 0.07s 105164e 901992kB
before reportUnresolvedType: 0.23u 0.07s 105164e 901992kB
after reportUnresolvedType: 0.23u 0.07s 105164e 901992kB
before dumpingPerModuleScm : 0.23u 0.07s 105164e 901992kB
after dumpingPerModuleScm : 0.23u 0.07s 105164e 901992kB

Processing cpu_top_safety_controller
before constantPropagate: 0.23u 0.07s 105164e 901992kB
after constantPropagate: 0.23u 0.07s 105164e 901992kB
before removeUnusedSignals circuit: 0.23u 0.07s 105164e 901992kB
after removeUnusedSignals circuit: 0.23u 0.07s 105164e 901992kB
before optimize latch enable: 0.23u 0.07s 105164e 901992kB
after optimize latch enable: 0.23u 0.07s 105164e 901992kB
before removeReadAfterMissingWrite: 0.23u 0.07s 105164e 901992kB
after removeReadAfterMissingWrite: 0.23u 0.07s 105164e 901992kB
before undoDimensionalSplitOfMemories: 0.24u 0.07s 105164e 901992kB
after undoDimensionalSplitOfMemories: 0.24u 0.07s 105164e 901992kB
before extractMemories: 0.24u 0.07s 105164e 901992kB
after extractMemories: 0.24u 0.07s 105164e 901992kB
before extractHolds: 0.24u 0.07s 105164e 901992kB
after extractHolds: 0.24u 0.07s 105164e 901992kB
before simplifyAdders: 0.24u 0.07s 105164e 901992kB
after simplifyAdders: 0.24u 0.07s 105164e 901992kB
before optimizeLessThan: 0.24u 0.07s 105164e 901992kB
after optimizeLessThan: 0.24u 0.07s 105164e 901992kB
before reportUnresolvedType: 0.24u 0.07s 105164e 901992kB
after reportUnresolvedType: 0.24u 0.07s 105164e 901992kB
before dumpingPerModuleScm : 0.24u 0.07s 105164e 901992kB
after dumpingPerModuleScm : 0.26u 0.07s 105164e 901992kB

Processing iccm0_ram
before constantPropagate: 0.26u 0.07s 105164e 901992kB
after constantPropagate: 0.26u 0.07s 105164e 901992kB
before removeUnusedSignals circuit: 0.26u 0.07s 105164e 901992kB
after removeUnusedSignals circuit: 0.26u 0.07s 105164e 901992kB
before optimize latch enable: 0.26u 0.07s 105164e 901992kB
after optimize latch enable: 0.26u 0.07s 105164e 901992kB
before removeReadAfterMissingWrite: 0.26u 0.07s 105164e 901992kB
after removeReadAfterMissingWrite: 0.26u 0.07s 105164e 901992kB
before undoDimensionalSplitOfMemories: 0.26u 0.07s 105164e 901992kB
after undoDimensionalSplitOfMemories: 0.26u 0.07s 105164e 901992kB
before extractMemories: 0.26u 0.07s 105164e 901992kB
after extractMemories: 0.26u 0.07s 105164e 901992kB
before extractHolds: 0.26u 0.07s 105164e 901992kB
after extractHolds: 0.26u 0.07s 105164e 901992kB
before simplifyAdders: 0.26u 0.07s 105164e 901992kB
after simplifyAdders: 0.26u 0.07s 105164e 901992kB
before optimizeLessThan: 0.26u 0.07s 105164e 901992kB
after optimizeLessThan: 0.26u 0.07s 105164e 901992kB
before reportUnresolvedType: 0.26u 0.07s 105164e 901992kB
after reportUnresolvedType: 0.26u 0.07s 105164e 901992kB
before dumpingPerModuleScm : 0.26u 0.07s 105164e 901992kB
after dumpingPerModuleScm : 0.26u 0.07s 105164e 901992kB

Processing core_chip
before constantPropagate: 0.26u 0.07s 105164e 901992kB
after constantPropagate: 0.26u 0.07s 105164e 901992kB
before removeUnusedSignals circuit: 0.26u 0.07s 105164e 901992kB
after removeUnusedSignals circuit: 0.26u 0.07s 105164e 901992kB
before optimize latch enable: 0.26u 0.07s 105164e 901992kB
after optimize latch enable: 0.26u 0.07s 105164e 901992kB
before removeReadAfterMissingWrite: 0.26u 0.07s 105164e 901992kB
after removeReadAfterMissingWrite: 0.26u 0.07s 105164e 901992kB
before undoDimensionalSplitOfMemories: 0.26u 0.07s 105164e 901992kB
after undoDimensionalSplitOfMemories: 0.26u 0.07s 105164e 901992kB
before extractMemories: 0.26u 0.07s 105164e 901992kB
after extractMemories: 0.26u 0.07s 105164e 901992kB
before extractHolds: 0.26u 0.07s 105164e 901992kB
after extractHolds: 0.26u 0.07s 105164e 901992kB
before simplifyAdders: 0.26u 0.07s 105164e 901992kB
after simplifyAdders: 0.26u 0.07s 105164e 901992kB
before optimizeLessThan: 0.26u 0.07s 105164e 901992kB
after optimizeLessThan: 0.26u 0.07s 105164e 901992kB
before reportUnresolvedType: 0.26u 0.07s 105164e 901992kB
after reportUnresolvedType: 0.26u 0.07s 105164e 901992kB
before dumpingPerModuleScm : 0.26u 0.07s 105164e 901992kB
after dumpingPerModuleScm : 0.27u 0.07s 105164e 901992kB

Processing ZebuClockDetectFront_62
before constantPropagate: 0.27u 0.07s 105164e 901992kB
after constantPropagate: 0.27u 0.07s 105164e 901992kB
before removeUnusedSignals circuit: 0.27u 0.07s 105164e 901992kB
after removeUnusedSignals circuit: 0.27u 0.07s 105164e 901992kB
before optimize latch enable: 0.27u 0.07s 105164e 901992kB
after optimize latch enable: 0.27u 0.07s 105164e 901992kB
before removeReadAfterMissingWrite: 0.27u 0.07s 105164e 901992kB
after removeReadAfterMissingWrite: 0.27u 0.07s 105164e 901992kB
before undoDimensionalSplitOfMemories: 0.27u 0.07s 105164e 901992kB
after undoDimensionalSplitOfMemories: 0.27u 0.07s 105164e 901992kB
before extractMemories: 0.27u 0.07s 105164e 901992kB
after extractMemories: 0.27u 0.07s 105164e 901992kB
before extractHolds: 0.27u 0.07s 105164e 901992kB
after extractHolds: 0.27u 0.07s 105164e 901992kB
before simplifyAdders: 0.27u 0.07s 105164e 901992kB
after simplifyAdders: 0.27u 0.07s 105164e 901992kB
before optimizeLessThan: 0.27u 0.07s 105164e 901992kB
after optimizeLessThan: 0.27u 0.07s 105164e 901992kB
before reportUnresolvedType: 0.27u 0.07s 105164e 901992kB
after reportUnresolvedType: 0.27u 0.07s 105164e 901992kB
before dumpingPerModuleScm : 0.27u 0.07s 105164e 901992kB
after dumpingPerModuleScm : 0.27u 0.07s 105164e 901992kB

Processing zebu_ts_orion_tick_clk_mod
before constantPropagate: 0.27u 0.07s 105164e 901992kB
after constantPropagate: 0.27u 0.07s 105164e 901992kB
before removeUnusedSignals circuit: 0.27u 0.07s 105164e 901992kB
after removeUnusedSignals circuit: 0.27u 0.07s 105164e 901992kB
before optimize latch enable: 0.27u 0.07s 105164e 901992kB
after optimize latch enable: 0.27u 0.07s 105164e 901992kB
before removeReadAfterMissingWrite: 0.27u 0.07s 105164e 901992kB
after removeReadAfterMissingWrite: 0.27u 0.07s 105164e 901992kB
before undoDimensionalSplitOfMemories: 0.27u 0.07s 105164e 901992kB
after undoDimensionalSplitOfMemories: 0.27u 0.07s 105164e 901992kB
before extractMemories: 0.27u 0.07s 105164e 901992kB
after extractMemories: 0.27u 0.07s 105164e 901992kB
before extractHolds: 0.27u 0.07s 105164e 901992kB
after extractHolds: 0.27u 0.07s 105166e 901992kB
before simplifyAdders: 0.27u 0.07s 105166e 901992kB
after simplifyAdders: 0.27u 0.07s 105166e 901992kB
before optimizeLessThan: 0.27u 0.07s 105166e 901992kB
after optimizeLessThan: 0.27u 0.07s 105166e 901992kB
before reportUnresolvedType: 0.27u 0.07s 105166e 901992kB
after reportUnresolvedType: 0.27u 0.07s 105166e 901992kB
before dumpingPerModuleScm : 0.27u 0.07s 105166e 901992kB
after dumpingPerModuleScm : 0.27u 0.07s 105166e 901992kB
