
Note-[SM_PME] Processing Module/Entity
  Processing: alb_mss_bus_switch Parameterized Name: alb_mss_bus_switch


Note-[SM_IIF] Instance Info
  Instance Count : module 'alb_mss_bus_switch' has 12 instances
  


Note-[SM_PME] Processing Module/Entity
  Processing: rl_core Parameterized Name: rl_core


Note-[SM_IIF] Instance Info
  Instance Count : module 'rl_core' has 17 instances
  


Note-[SM_PME] Processing Module/Entity
  Processing: alb_mss_fab_ibp_buffer_0000_0002 Parameterized Name: 
  alb_mss_fab_ibp_buffer_0000_0002


Note-[SM_IIF] Instance Info
  Instance Count : module 'alb_mss_fab_ibp_buffer_0000_0002' has 4 instances
  


Note-[SM_PME] Processing Module/Entity
  Processing: alb_mss_fab_axi2ibp_0001 Parameterized Name: 
  alb_mss_fab_axi2ibp_0001


Note-[SM_IIF] Instance Info
  Instance Count : module 'alb_mss_fab_axi2ibp_0001' has 8 instances
  


Note-[SM_PME] Processing Module/Entity
  Processing: rl_cpu_top Parameterized Name: rl_cpu_top


Note-[SM_IIF] Instance Info
  Instance Count : module 'rl_cpu_top' has 7 instances
  


Note-[SM_PME] Processing Module/Entity
  Processing: core_sys Parameterized Name: core_sys


Note-[SM_IIF] Instance Info
  Instance Count : module 'core_sys' has 9 instances
  


Note-[SM_PME] Processing Module/Entity
  Processing: alb_mss_fab_bus_lat_0000_0000 Parameterized Name: 
  alb_mss_fab_bus_lat_0000_0000


Warning-[SM_CMP_XZ] Comparison to x/z with === is problematic in hardware
/remote/us01sgnfs00727/arc_fpga/moyanz/Ratter3/template/dw_dbp/zebu_ifx_mini_rattle_6649a592_20250509/build/verilog/alb_mss_fab_bus_lat.v, 174
  Hardware cannot implement an X detector. Expression: ((|i_busp_rdata) === 
  1'bx)
  In all cases (exp === 'x) will evaluate to 'false' for synthesis.
  


Warning-[SM_CMP_XZ] Comparison to x/z with === is problematic in hardware
/remote/us01sgnfs00727/arc_fpga/moyanz/Ratter3/template/dw_dbp/zebu_ifx_mini_rattle_6649a592_20250509/build/verilog/alb_mss_fab_bus_lat.v, 175
  Hardware cannot implement an X detector. Expression: ((|i_busp_rresp) === 
  1'bx)
  In all cases (exp === 'x) will evaluate to 'false' for synthesis.
  


Warning-[SM_CMP_XZ] Comparison to x/z with === is problematic in hardware
/remote/us01sgnfs00727/arc_fpga/moyanz/Ratter3/template/dw_dbp/zebu_ifx_mini_rattle_6649a592_20250509/build/verilog/alb_mss_fab_bus_lat.v, 176
  Hardware cannot implement an X detector. Expression: (i_busp_rlast === 1'bx)
  In all cases (exp === 'x) will evaluate to 'false' for synthesis.
  


Warning-[SM_CMP_XZ] Comparison to x/z with === is problematic in hardware
/remote/us01sgnfs00727/arc_fpga/moyanz/Ratter3/template/dw_dbp/zebu_ifx_mini_rattle_6649a592_20250509/build/verilog/alb_mss_fab_bus_lat.v, 177
  Hardware cannot implement an X detector. Expression: ((|i_busp_bresp) === 
  1'bx)
  In all cases (exp === 'x) will evaluate to 'false' for synthesis.
  


Note-[SM_PME] Processing Module/Entity
  Processing: arcv_imsic_clint Parameterized Name: arcv_imsic_clint


Note-[SM_IIF] Instance Info
  Instance Count : module 'arcv_imsic_clint' has 1 instances
  


Note-[SM_PME] Processing Module/Entity
  <Message details suppressed due to encrypted design unit>


Note-[SM_PME] Processing Module/Entity
  Processing: mss_bus_switch_ibpx2ibpy_0001_0000 Parameterized Name: 
  mss_bus_switch_ibpx2ibpy_0001_0000


Note-[SM_IIF] Instance Info
  Instance Count : module 'mss_bus_switch_ibpx2ibpy_0001_0000' has 1 instances
  


Note-[SM_PME] Processing Module/Entity
  Processing: rl_triggers Parameterized Name: rl_triggers


Note-[SM_IIF] Instance Info
  Instance Count : module 'rl_triggers' has 1 instances
  


Note-[SM_PME] Processing Module/Entity
  Processing: mss_bus_switch_fifo_0001_0004 Parameterized Name: 
  mss_bus_switch_fifo_0001_0004


Note-[SM_PME] Processing Module/Entity
  Processing: mss_bus_switch_fifo_0001 Parameterized Name: 
  mss_bus_switch_fifo_0001


Note-[SM_PME] Processing Module/Entity
  Processing: alb_mss_fab_single2sparse_0000 Parameterized Name: 
  alb_mss_fab_single2sparse_0000


Note-[SM_IIF] Instance Info
  Instance Count : module 'alb_mss_fab_single2sparse_0000' has 3 instances
  


Note-[SM_PME] Processing Module/Entity
  Processing: alb_mss_fab_pack2ibp_0003 Parameterized Name: 
  alb_mss_fab_pack2ibp_0003


Note-[SM_PME] Processing Module/Entity
  Processing: mss_bus_switch_pack2ibp_0001 Parameterized Name: 
  mss_bus_switch_pack2ibp_0001


Note-[SM_PME] Processing Module/Entity
  Processing: alb_mss_fab_ibp_buffer_0000 Parameterized Name: 
  alb_mss_fab_ibp_buffer_0000


Note-[SM_IIF] Instance Info
  Instance Count : module 'alb_mss_fab_ibp_buffer_0000' has 4 instances
  


Note-[SM_PME] Processing Module/Entity
  Processing: mss_bus_switch_slv_ibp_buffer_0001 Parameterized Name: 
  mss_bus_switch_slv_ibp_buffer_0001


Note-[SM_IIF] Instance Info
  Instance Count : module 'mss_bus_switch_slv_ibp_buffer_0001' has 4 instances
  


Note-[SM_PME] Processing Module/Entity
  Processing: rl_alu_data_path Parameterized Name: rl_alu_data_path


Note-[SM_IIF] Instance Info
  Instance Count : module 'rl_alu_data_path' has 6 instances
  


Note-[SM_PME] Processing Module/Entity
  Processing: alb_mss_fab_ibp_buffer_0000_0006 Parameterized Name: 
  alb_mss_fab_ibp_buffer_0000_0006


Note-[SM_IIF] Instance Info
  Instance Count : module 'alb_mss_fab_ibp_buffer_0000_0006' has 4 instances
  


Note-[SM_PME] Processing Module/Entity
  Processing: alb_mss_fab_ibp_buffer_0000_0003 Parameterized Name: 
  alb_mss_fab_ibp_buffer_0000_0003


Note-[SM_IIF] Instance Info
  Instance Count : module 'alb_mss_fab_ibp_buffer_0000_0003' has 4 instances
  


Note-[SM_PME] Processing Module/Entity
  Processing: zceiMessageOutPort_640 Parameterized Name: 
  zceiMessageOutPort_640


Note-[SM_PME] Processing Module/Entity
  Processing: ls_multi_bit_comparator_0005 Parameterized Name: 
  ls_multi_bit_comparator_0005


Note-[SM_CHLDRUN_DONE] Child process run completed
  Child process number '3' with process id '2250052'
  is done with synthesis of total '23' modules
  SIMON Child CPU Time        : 1.84 sec
  SIMON Child Wall-Clock Time : 1.90 sec
  SIMON Child Current Memory  : 862 MB
  SIMON Child Peak Memory     : 862 MB
  SIMON Distribution          : 0.59,0.09,0.49,0.00 sec
  End time                    : Tue May 13 18:28:49 2025
  .


Note-[SM_POME] Processing Module/Entity
  Performing post-processing optimizations on Module/Entity: 
  alb_mss_fab_fifo_0000_0001


Note-[SM_POME] Processing Module/Entity
  Performing post-processing optimizations on Module/Entity: 
  alb_mss_fab_fifo_0002_0000


Note-[SM_POME] Processing Module/Entity
  Performing post-processing optimizations on Module/Entity: 
  alb_mss_fab_fifo_0000_0004


Note-[SM_POME] Processing Module/Entity
  Performing post-processing optimizations on Module/Entity: 
  alb_mss_fab_pack2ibp


Note-[SM_POME] Processing Module/Entity
  Performing post-processing optimizations on Module/Entity: 
  alb_mss_fab_bus_lat_0000


Note-[SM_POME] Processing Module/Entity
  Performing post-processing optimizations on Module/Entity: 
  mss_bus_switch_fifo_0000_0002


Note-[SM_POME] Processing Module/Entity
  Performing post-processing optimizations on Module/Entity: 
  mss_bus_switch_dw32_slv


Note-[SM_POME] Processing Module/Entity
  Performing post-processing optimizations on Module/Entity: 
  mss_bus_switch_dw512_slv


Note-[SM_POME] Processing Module/Entity
  Performing post-processing optimizations on Module/Entity: 
  mss_bus_switch_ibpx2ibpy_0001


Note-[SM_POME] Processing Module/Entity
  Performing post-processing optimizations on Module/Entity: 
  mss_bus_switch_ibp_dw32_mst


Note-[SM_POME] Processing Module/Entity
  Performing post-processing optimizations on Module/Entity: 
  mss_bus_switch_ibpw2ibpn_0001


Note-[SM_POME] Processing Module/Entity
  Performing post-processing optimizations on Module/Entity: 
  alb_mss_bus_switch


Note-[SM_POME] Processing Module/Entity
  Performing post-processing optimizations on Module/Entity: 
  alb_mss_fab_ibp2pack_0003


Note-[SM_POME] Processing Module/Entity
  Performing post-processing optimizations on Module/Entity: 
  alb_mss_fab_bypbuf_0000_0001


Note-[SM_POME] Processing Module/Entity
  Performing post-processing optimizations on Module/Entity: 
  alb_mss_fab_fifo_0007


Note-[SM_POME] Processing Module/Entity
  Performing post-processing optimizations on Module/Entity: 
  alb_mss_fab_ibp2apb_0000


Note-[SM_POME] Processing Module/Entity
  Performing post-processing optimizations on Module/Entity: alb_mss_clkctrl


Note-[SM_POME] Processing Module/Entity
  Performing post-processing optimizations on Module/Entity: 
  alb_mss_mem_pack2ibp


Note-[SM_POME] Processing Module/Entity
  Performing post-processing optimizations on Module/Entity: 
  alb_mss_mem_ibp2single_0000


Note-[SM_POME] Processing Module/Entity
  Performing post-processing optimizations on Module/Entity: 
  alb_mss_mem_bypbuf_0000_0003


Note-[SM_POME] Processing Module/Entity
  Performing post-processing optimizations on Module/Entity: alb_mss_mem_model


Note-[SM_POME] Processing Module/Entity
  Performing post-processing optimizations on Module/Entity: 
  alb_mss_mem_clkgate


Note-[SM_POME] Processing Module/Entity
  Performing post-processing optimizations on Module/Entity: 
  ZebuClockDetectFront_39


Note-[SM_POME] Processing Module/Entity
  Performing post-processing optimizations on Module/Entity: 
  ZebuClockDetectFront_46


Note-[SM_POME] Processing Module/Entity
  Performing post-processing optimizations on Module/Entity: 
  ZebuClockDetectFront_50


Note-[SM_POME] Processing Module/Entity
  <Message details suppressed due to encrypted design unit>


Note-[SM_POME] Processing Module/Entity
  Performing post-processing optimizations on Module/Entity: 
  ZebuClockDetectFront_29


Note-[SM_POME] Processing Module/Entity
  Performing post-processing optimizations on Module/Entity: dw_dbp_stubs


Note-[SM_POME] Processing Module/Entity
  Performing post-processing optimizations on Module/Entity: safety_iso_sync


Note-[SM_POME] Processing Module/Entity
  Performing post-processing optimizations on Module/Entity: dwt_jtag_port


Note-[SM_POME] Processing Module/Entity
  Performing post-processing optimizations on Module/Entity: single_bit_syncP


Note-[SM_POME] Processing Module/Entity
  Performing post-processing optimizations on Module/Entity: 
  ls_compare_unit_0000


Note-[SM_POME] Processing Module/Entity
  Performing post-processing optimizations on Module/Entity: 
  ls_multi_bit_comparator_0002


Note-[SM_POME] Processing Module/Entity
  Performing post-processing optimizations on Module/Entity: 
  ls_multi_bit_comparator_0005


Note-[SM_POME] Processing Module/Entity
  Performing post-processing optimizations on Module/Entity: rl_hpm


Note-[SM_POME] Processing Module/Entity
  Performing post-processing optimizations on Module/Entity: rl_ifu_icache_rf


Note-[SM_POME] Processing Module/Entity
  Performing post-processing optimizations on Module/Entity: rl_predecoder


Note-[SM_POME] Processing Module/Entity
  Performing post-processing optimizations on Module/Entity: rl_adder_0000


Note-[SM_POME] Processing Module/Entity
  Performing post-processing optimizations on Module/Entity: rl_logic_unit


Note-[SM_POME] Processing Module/Entity
  Performing post-processing optimizations on Module/Entity: rl_shifter_0000


Note-[SM_POME] Processing Module/Entity
  Performing post-processing optimizations on Module/Entity: rl_branch


Note-[SM_POME] Processing Module/Entity
  Performing post-processing optimizations on Module/Entity: rl_wtree_comp312


Note-[SM_POME] Processing Module/Entity
  Performing post-processing optimizations on Module/Entity: rl_halt_mgr


Note-[SM_POME] Processing Module/Entity
  Performing post-processing optimizations on Module/Entity: 
  rl_dmp_dccm_ecc_decoder


Note-[SM_POME] Processing Module/Entity
  Performing post-processing optimizations on Module/Entity: rl_dmp_csr


Note-[SM_POME] Processing Module/Entity
  Performing post-processing optimizations on Module/Entity: DWbb_bcm00_maj


Note-[SM_POME] Processing Module/Entity
  Performing post-processing optimizations on Module/Entity: odd_pty_enc_0001


Note-[SM_POME] Processing Module/Entity
  Performing post-processing optimizations on Module/Entity: 
  sfty_ibp_ini_e2e_wrap_0000


Note-[SM_POME] Processing Module/Entity
  Performing post-processing optimizations on Module/Entity: 
  rl_parity_gen_0000_0001


Note-[SM_POME] Processing Module/Entity
  Performing post-processing optimizations on Module/Entity: 
  rl_parity_gen_0002


Note-[SM_POME] Processing Module/Entity
  Performing post-processing optimizations on Module/Entity: rl_ahb2ibp_0001


Note-[SM_POME] Processing Module/Entity
  Performing post-processing optimizations on Module/Entity: iprio_arb


Note-[SM_POME] Processing Module/Entity
  Performing post-processing optimizations on Module/Entity: 
  arcv_watchdog_ctrl


Note-[SM_POME] Processing Module/Entity
  Performing post-processing optimizations on Module/Entity: 
  cpu_top_safety_controller


Note-[SM_POME] Processing Module/Entity
  Performing post-processing optimizations on Module/Entity: iccm0_ram


Note-[SM_POME] Processing Module/Entity
  Performing post-processing optimizations on Module/Entity: core_chip


Note-[SM_POME] Processing Module/Entity
  Performing post-processing optimizations on Module/Entity: 
  ZebuClockDetectFront_62


Note-[SM_POME] Processing Module/Entity
  Performing post-processing optimizations on Module/Entity: 
  zebu_ts_orion_tick_clk_mod


Note-[SM_CHLDRUN_DONE] Child process run completed
  Child process number '3' with process id '2250081'
  is done with post-processing optimizations of total '58' modules
  SIMON Child CPU Time        : 0.37 sec
  SIMON Child Wall-Clock Time : 1.49 sec
  SIMON Child Current Memory  : 880 MB
  SIMON Child Peak Memory     : 880 MB
  SIMON Distribution          : 0.00,0.00,0.00,0.03 sec
  End time                    : Tue May 13 18:28:52 2025
  .

