

                                    ZeBu (R)
                                     zRTLDB

           Version S-2021.09-2-T-20240508 for linux64 - May 08, 2024 

                    Copyright (c) 2002 - 2024 Synopsys, Inc.
   This software and the associated documentation are proprietary to Synopsys,
 Inc. This software may only be used in accordance with the terms and conditions
 of a written license agreement with Synopsys, Inc. All other use, reproduction,
   or distribution of this software is strictly prohibited.  Licensed Products
     communicate with Synopsys servers for the purpose of providing software
    updates, detecting software piracy and verifying that customers are using
    Licensed Products in conformity with the applicable License Key for such
  Licensed Products. Synopsys will use information gathered in connection with
    this process to deliver software updates and pursue software pirates and
                                   infringers.

 Inclusivity & Diversity - Visit SolvNetPlus to read the "Synopsys Statement on
            Inclusivity and Diversity" (Refer to article 000036315 at
                        https://solvnetplus.synopsys.com)



Revision: (4999845)

# zRTLDB optionsdb_be.tcl
# start time is Wed May 14 18:57:07 2025

# Creating options.db ...


#   exec summary :    0 warnings,    0 syntax errors,    0 fatal errors,    0 internal errors
#   exec summary : user 0m0.50s, sys 0m0.46s
#   exec summary : Total memory: 268708 kB - RSS memory: 15068 kB - Data memory: 4088 kB
#   exec summary : Successful execution

# end time is Wed May 14 18:57:07 2025
