

                                    ZeBu (R)
                                     zRTLDB

           Version S-2021.09-2-T-20240508 for linux64 - May 08, 2024 

                    Copyright (c) 2002 - 2024 Synopsys, Inc.
   This software and the associated documentation are proprietary to Synopsys,
 Inc. This software may only be used in accordance with the terms and conditions
 of a written license agreement with Synopsys, Inc. All other use, reproduction,
   or distribution of this software is strictly prohibited.  Licensed Products
     communicate with Synopsys servers for the purpose of providing software
    updates, detecting software piracy and verifying that customers are using
    Licensed Products in conformity with the applicable License Key for such
  Licensed Products. Synopsys will use information gathered in connection with
    this process to deliver software updates and pursue software pirates and
                                   infringers.

 Inclusivity & Diversity - Visit SolvNetPlus to read the "Synopsys Statement on
            Inclusivity and Diversity" (Refer to article 000036315 at
                        https://solvnetplus.synopsys.com)



Revision: (4999845)

# zRTLDB zrtldb_rt.tcl
# start time is Wed May 14 18:58:12 2025

# Generating memory mapping files (for top group 'zebu_top')...
memScan -no-copyright -no-bb -root zebu_top  -load ../RTLDB -readmem readmem.dump -mapping memory_mapping.rtl
# Creating links for memory files (for top group 'zebu_top')...
# Creating Xcui file (for top group 'zebu_top')...
# Creating Zdpi files (for top group 'zebu_top')...
#   step ALWAYS : 

                                    ZeBu (R)
                                      zRtl

           Version S-2021.09-2-T-20240508 for linux64 - May 08, 2024 

                    Copyright (c) 2002 - 2024 Synopsys, Inc.
   This software and the associated documentation are proprietary to Synopsys,
 Inc. This software may only be used in accordance with the terms and conditions
 of a written license agreement with Synopsys, Inc. All other use, reproduction,
   or distribution of this software is strictly prohibited.  Licensed Products
     communicate with Synopsys servers for the purpose of providing software
    updates, detecting software piracy and verifying that customers are using
    Licensed Products in conformity with the applicable License Key for such
  Licensed Products. Synopsys will use information gathered in connection with
    this process to deliver software updates and pursue software pirates and
                                   infringers.

 Inclusivity & Diversity - Visit SolvNetPlus to read the "Synopsys Statement on
            Inclusivity and Diversity" (Refer to article 000036315 at
                        https://solvnetplus.synopsys.com)

#   step INFO : RTLDB version is Build S-2021.09-2-TZ-20240507_Full64 May  7 2024 (5383188)
# Generating HIERARCHY.M files...


#   exec summary :    0 warnings,    0 syntax errors,    0 fatal errors,    0 internal errors
#   exec summary : user 0m0.45s, sys 0m0.53s
#   exec summary : Total memory: 268644 kB - RSS memory: 17236 kB - Data memory: 6204 kB
#   exec summary : Successful execution

# end time is Wed May 14 18:58:16 2025
