
Note-[SM_PME] Processing Module/Entity
  Processing: mss_bus_switch_dw512_slv Parameterized Name: 
  mss_bus_switch_dw512_slv


Note-[SM_IIF] Instance Info
  Instance Count : module 'mss_bus_switch_dw512_slv' has 23 instances
  


Note-[SM_PME] Processing Module/Entity
  Processing: rl_hpm Parameterized Name: rl_hpm


Note-[SM_PME] Processing Module/Entity
  Processing: alb_mss_mem_ibp_excl_0000 Parameterized Name: 
  alb_mss_mem_ibp_excl_0000


Note-[SM_IIF] Instance Info
  Instance Count : module 'alb_mss_mem_ibp_excl_0000' has 3 instances
  


Note-[SM_CHLDRUN_DONE] Child process run completed
  Child process number '0' with process id '2010653'
  is done with synthesis of total '3' modules
  SIMON Child CPU Time        : 2.79 sec
  SIMON Child Wall-Clock Time : 2.98 sec
  SIMON Child Current Memory  : 888 MB
  SIMON Child Peak Memory     : 888 MB
  SIMON Distribution          : 1.06,0.09,1.03,0.00 sec
  End time                    : Wed May 14 18:55:33 2025
  .


Note-[SM_POME] Processing Module/Entity
  Performing post-processing optimizations on Module/Entity: io_pad_ring


Note-[SM_POME] Processing Module/Entity
  Performing post-processing optimizations on Module/Entity: 
  alb_mss_fab_slv_axi_buffer


Note-[SM_POME] Processing Module/Entity
  Performing post-processing optimizations on Module/Entity: 
  alb_mss_fab_fifo_0001_0004


Note-[SM_POME] Processing Module/Entity
  Performing post-processing optimizations on Module/Entity: 
  alb_mss_fab_ibp_buffer_0000


Note-[SM_POME] Processing Module/Entity
  Performing post-processing optimizations on Module/Entity: 
  alb_mss_fab_fifo_0001_0008


Note-[SM_POME] Processing Module/Entity
  Performing post-processing optimizations on Module/Entity: 
  alb_mss_fab_ibp_lat


Note-[SM_POME] Processing Module/Entity
  Performing post-processing optimizations on Module/Entity: 
  mss_bus_switch_ibp_split_0000


Note-[SM_POME] Processing Module/Entity
  Performing post-processing optimizations on Module/Entity: 
  mss_bus_switch_slv_ibp_buffer_0000_0000


Note-[SM_POME] Processing Module/Entity
  Performing post-processing optimizations on Module/Entity: 
  mss_bus_switch_ibp2ibps


Note-[SM_POME] Processing Module/Entity
  Performing post-processing optimizations on Module/Entity: 
  mss_bus_switch_ibp_dw32_mst


Note-[SM_POME] Processing Module/Entity
  Performing post-processing optimizations on Module/Entity: 
  mss_bus_switch_ibpw2ibpn_0001


Note-[SM_POME] Processing Module/Entity
  Performing post-processing optimizations on Module/Entity: 
  mss_bus_switch_ibpx2ibpy_0002_0000


Note-[SM_POME] Processing Module/Entity
  Performing post-processing optimizations on Module/Entity: 
  alb_mss_bus_switch


Note-[SM_POME] Processing Module/Entity
  Performing post-processing optimizations on Module/Entity: 
  alb_mss_fab_fifo_0000_000E


Note-[SM_POME] Processing Module/Entity
  Performing post-processing optimizations on Module/Entity: 
  alb_mss_fab_ibp_buffer_0000_0007


Note-[SM_POME] Processing Module/Entity
  Performing post-processing optimizations on Module/Entity: 
  alb_mss_fab_pack2ibp_0003


Note-[SM_POME] Processing Module/Entity
  Performing post-processing optimizations on Module/Entity: 
  alb_mss_fab_fifo_0003_0000


Note-[SM_POME] Processing Module/Entity
  Performing post-processing optimizations on Module/Entity: 
  alb_mss_fab_fifo_0007


Note-[SM_POME] Processing Module/Entity
  Performing post-processing optimizations on Module/Entity: 
  alb_mss_fab_fifo_0006_0000


Note-[SM_POME] Processing Module/Entity
  Performing post-processing optimizations on Module/Entity: 
  alb_mss_fab_ibp2apb_0000


Note-[SM_POME] Processing Module/Entity
  Performing post-processing optimizations on Module/Entity: 
  ZebuClockDetectFront_79


Note-[SM_POME] Processing Module/Entity
  Performing post-processing optimizations on Module/Entity: 
  ZebuClockDetectFront_85


Note-[SM_POME] Processing Module/Entity
  <Message details suppressed due to encrypted design unit>


Note-[SM_POME] Processing Module/Entity
  <Message details suppressed due to encrypted design unit>


Note-[SM_MEM_SPLITS] Unable to infer memory for split signals
  <Message details suppressed due to encrypted design unit>


Note-[SM_MEM_SKIPPED] Arrays not inferred as memory
/global/apps/zebu_vs_2023.03-SP1//vlog/vcs/xtor_amba_master_axi3_svs.sv, 676
  <Message details suppressed due to encrypted design unit>


Note-[SM_MEM_INFO] Module has inferred memories
/global/apps/zebu_vs_2023.03-SP1//vlog/vcs/xtor_amba_master_axi3_svs.sv, 676
  <Message details suppressed due to encrypted design unit>


Note-[SM_POME] Processing Module/Entity
  Performing post-processing optimizations on Module/Entity: 
  ZebuClockDetectFront_64


Note-[SM_POME] Processing Module/Entity
  Performing post-processing optimizations on Module/Entity: 
  ZebuClockDetectFront_73


Note-[SM_POME] Processing Module/Entity
  Performing post-processing optimizations on Module/Entity: 
  alb_mss_mem_bypbuf_0000


Note-[SM_POME] Processing Module/Entity
  Performing post-processing optimizations on Module/Entity: 
  alb_mss_mem_fifo_0000_0000


Note-[SM_POME] Processing Module/Entity
  Performing post-processing optimizations on Module/Entity: 
  alb_mss_mem_bypbuf_0000_0000


Note-[SM_POME] Processing Module/Entity
  Performing post-processing optimizations on Module/Entity: 
  alb_mss_mem_lat_0000


Note-[SM_MEM_INFO] Module has inferred memories
/remote/sdgedt/tools/reem/ZebuS5_newslave/zebu_ifx_mini_rattle_6649a592_20250509/build/verilog/alb_mss_mem_lat.v, 35
  Inferred memory statistics for module 'alb_mss_mem_lat_0000' (Instances: 1)
  ------------------------------------------------------------------------------
  |Name |Size |TotalPorts |ReadPorts |WritePorts |Reset |Initial |
  ------------------------------------------------------------------------------
  | i_bdel_mem | 2048(1024x2) |TP:2 |RP:1(A:1,S:0) |WP:1(A:0,S:1) |R:None 
  |I:No |
  ------------------------------------------------------------------------------
  | i_rdel_mem | 134144(1024x131) |TP:2 |RP:1(A:1,S:0) |WP:1(A:0,S:1) |R:None 
  |I:No |
  ------------------------------------------------------------------------------


Note-[SM_POME] Processing Module/Entity
  Performing post-processing optimizations on Module/Entity: 
  alb_mss_mem_ibp_bypbuf_0000


Note-[SM_POME] Processing Module/Entity
  Performing post-processing optimizations on Module/Entity: alb_mss_mem_model


Note-[SM_POME] Processing Module/Entity
  Performing post-processing optimizations on Module/Entity: 
  ZebuClockDetectFront_39


Note-[SM_POME] Processing Module/Entity
  Performing post-processing optimizations on Module/Entity: 
  ZebuClockDetectFront_46


Note-[SM_POME] Processing Module/Entity
  Performing post-processing optimizations on Module/Entity: 
  ZebuClockDetectFront_50


Note-[SM_POME] Processing Module/Entity
  <Message details suppressed due to encrypted design unit>


Note-[SM_POME] Processing Module/Entity
  Performing post-processing optimizations on Module/Entity: 
  ZebuClockDetectFront_13


Note-[SM_POME] Processing Module/Entity
  Performing post-processing optimizations on Module/Entity: 
  ZebuClockDetectFront_19


Note-[SM_POME] Processing Module/Entity
  Performing post-processing optimizations on Module/Entity: 
  ZebuClockDetectFront_25


Note-[SM_POME] Processing Module/Entity
  Performing post-processing optimizations on Module/Entity: 
  ZebuClockDetectFront_34


Note-[SM_POME] Processing Module/Entity
  Performing post-processing optimizations on Module/Entity: 
  DWbb_bcm21_atv_0000


Note-[SM_POME] Processing Module/Entity
  Performing post-processing optimizations on Module/Entity: dm_cdc_sync


Note-[SM_POME] Processing Module/Entity
  Performing post-processing optimizations on Module/Entity: dm_hmst


Note-[SM_POME] Processing Module/Entity
  Performing post-processing optimizations on Module/Entity: bvci_to_axi


Note-[SM_POME] Processing Module/Entity
  Performing post-processing optimizations on Module/Entity: ls_cdc_sync_0000


Note-[SM_POME] Processing Module/Entity
  Performing post-processing optimizations on Module/Entity: arcv_timer_synch


Note-[SM_POME] Processing Module/Entity
  Performing post-processing optimizations on Module/Entity: 
  ls_multi_bit_comparator_0001


Note-[SM_POME] Processing Module/Entity
  Performing post-processing optimizations on Module/Entity: 
  ls_compare_unit_0009


Note-[SM_POME] Processing Module/Entity
  Performing post-processing optimizations on Module/Entity: 
  simple_parity_0000


Note-[SM_POME] Processing Module/Entity
  Performing post-processing optimizations on Module/Entity: rl_hpm


Note-[SM_POME] Processing Module/Entity
  Performing post-processing optimizations on Module/Entity: 
  ic_data_ecc_encoder


Note-[SM_POME] Processing Module/Entity
  Performing post-processing optimizations on Module/Entity: rl_regfile


Note-[SM_POME] Processing Module/Entity
  Performing post-processing optimizations on Module/Entity: rl_bitscan_8b


Note-[SM_POME] Processing Module/Entity
  Performing post-processing optimizations on Module/Entity: rl_wtree_comp622


Note-[SM_POME] Processing Module/Entity
  Performing post-processing optimizations on Module/Entity: rl_csr


Note-[SM_POME] Processing Module/Entity
  Performing post-processing optimizations on Module/Entity: 
  rl_dmp_dccm_ecc_encoder


Note-[SM_POME] Processing Module/Entity
  Performing post-processing optimizations on Module/Entity: 
  rl_dmp_lsq_cmd_port


Note-[SM_POME] Processing Module/Entity
  Performing post-processing optimizations on Module/Entity: rl_pma


Note-[SM_POME] Processing Module/Entity
  Performing post-processing optimizations on Module/Entity: odd_pty_enc_0000


Note-[SM_POME] Processing Module/Entity
  Performing post-processing optimizations on Module/Entity: 
  odd_pty_qual_dec_wrap_0000_0001


Note-[SM_POME] Processing Module/Entity
  Performing post-processing optimizations on Module/Entity: 
  rl_parity_gen_0000_0001


Note-[SM_POME] Processing Module/Entity
  Performing post-processing optimizations on Module/Entity: 
  rl_parity_chk_0002_0000


Note-[SM_POME] Processing Module/Entity
  Performing post-processing optimizations on Module/Entity: rl_mmio_ahb2ibp


Note-[SM_POME] Processing Module/Entity
  Performing post-processing optimizations on Module/Entity: arcv_imsic_clint


Note-[SM_POME] Processing Module/Entity
  Performing post-processing optimizations on Module/Entity: fpga_sram_0001


Note-[SM_MEM_INFO] Module has inferred memories
/remote/sdgedt/tools/reem/ZebuS5_newslave/zebu_ifx_mini_rattle_6649a592_20250509/build/verilog/RTL/fpga_sram.v, 45
  Inferred memory statistics for module 'fpga_sram_0001' (Instances: 1)
  ------------------------------------------------------------------------------
  |Name |Size |TotalPorts |ReadPorts |WritePorts |Reset |Initial |
  ------------------------------------------------------------------------------
  | mem_r | 163840(2048x80) |TP:2 |RP:1(A:1,S:0) |WP:1(A:0,S:1) |R:None |I:No 
  |
  ------------------------------------------------------------------------------


Note-[SM_POME] Processing Module/Entity
  Performing post-processing optimizations on Module/Entity: 
  ZebuClockDetectFront_106


Note-[SM_CHLDRUN_DONE] Child process run completed
  Child process number '0' with process id '2010808'
  is done with post-processing optimizations of total '66' modules
  SIMON Child CPU Time        : 0.41 sec
  SIMON Child Wall-Clock Time : 1.44 sec
  SIMON Child Current Memory  : 885 MB
  SIMON Child Peak Memory     : 885 MB
  SIMON Distribution          : 0.00,0.00,0.00,0.01 sec
  End time                    : Wed May 14 18:55:35 2025
  .

