#   step REPORT : Synthesizing module : alb_mss_fab_fifo_0000_0006
#   step REPORT : [39.349] Optimizing module : alb_mss_fab_fifo_0000_0006
#   step REPORT : [39.350] Instance count of module alb_mss_fab_fifo_0000_0006 is 3
#   step REPORT : [6.1691] Total net count: 464
#   step REPORT : [6.1690] There are 5 levels of combinational cells
#   step REPORT : [6.1689] There are 4 distinct nets driving control pins
#   step REPORT : [6.1695] 2-input LUTs: 6
#   step REPORT : [6.1695] 4-input LUTs: 3
#   step REPORT : [6.1695] 5-input LUTs: 1
#   step REPORT : [6.1695] 6-input LUTs: 62
#   step REPORT : [6.1696] Total LUT area: 72
#   step REPORT : [6.1697] State    : 126
#   step REPORT : [6.1697]   (FF)   : 126
#   step REPORT : [6.1697] +CSA LUTs: 66
#   step REPORT : [6.1884] Renaming SVA module instances in the netlist
#   step REPORT : [6.1882] Renaming special verilog names in the netlist
#   step REPORT : [6.1882] Special names renaming stats:
#   step REPORT : [6.1882] Total time                 : 0.000 seconds
#   step REPORT : [6.1882] Total wires renamed        : 0
#   step REPORT : [6.1882] Total instances renamed    : 0
#   step REPORT : [6.1883] Renaming wires like ports
#   step REPORT : [6.1883] Renamed wires like ports (0 ports)
#   step REPORT : [6.1885] Emitting RTLDB information for the netlist
#   step REPORT : Converting netlist 'alb_mss_fab_fifo_0000_0006' to znl format
#   step STATS :  ----------------------------------------------------------------------------------------------------------------------------------------------------------------------------------------------------------------------------------------------------------------------------------------------
#   step STATS :  |                 reg |                 lut |                bram |                uram |             memsize |              m18x18 |                bufg |                buft |               nbI/O |                nbBB |                nbZV |                nbME |               dsp48 || name
#   step STATS :  ----------------------------------------------------------------------------------------------------------------------------------------------------------------------------------------------------------------------------------------------------------------------------------------------
#   step STATS :  |                 126 |                 138 |                   0 |                   0 |                   0 |                   0 |                   0 |                   0 |                 132 |                   0 |                   0 |                   0 |                   0 || alb_mss_fab_fifo_0000_0006
#   step STATS :  ----------------------------------------------------------------------------------------------------------------------------------------------------------------------------------------------------------------------------------------------------------------------------------------------
#   step REPORT : Writing netlist 'alb_mss_fab_fifo_0000_0006' to 'edif/alb_mss_fab_fifo_0000_0006/alb_mss_fab_fifo_0000_0006.edf.gz'
#   step SERIALIZE : writing netlist 'zmerge' into znl file 'edif/alb_mss_fab_fifo_0000_0006/alb_mss_fab_fifo_0000_0006.edf.gz'
#   step SERIALIZE : #bytes in: 18778, #bytes out: 4451, compression ratio: 4.218827
#   step REPORT : [87.28] Resource usage for alb_mss_fab_fifo_0000_0006: 0.064s 0.0M
