#   step REPORT : Synthesizing module : alb_mss_mem_bypbuf_0000
#   step REPORT : [39.349] Optimizing module : alb_mss_mem_bypbuf_0000
#   step REPORT : [39.350] Instance count of module alb_mss_mem_bypbuf_0000 is 1
#   step REPORT : [6.1691] Total net count: 316
#   step REPORT : [6.1690] There are 3 levels of combinational cells
#   step REPORT : [6.1689] There are 0 distinct nets driving control pins
#   step REPORT : [6.1695] 2-input LUTs: 1
#   step REPORT : [6.1695] 3-input LUTs: 61
#   step REPORT : [6.1696] Total LUT area: 62
#   step REPORT : [6.1697] +CSA LUTs: 1
#   step REPORT : [6.1884] Renaming SVA module instances in the netlist
#   step REPORT : [6.1882] Renaming special verilog names in the netlist
#   step REPORT : [6.1882] Special names renaming stats:
#   step REPORT : [6.1882] Total time                 : 0.000 seconds
#   step REPORT : [6.1882] Total wires renamed        : 0
#   step REPORT : [6.1882] Total instances renamed    : 0
#   step REPORT : [6.1883] Renaming wires like ports
#   step REPORT : [6.1883] Renamed wires like ports (0 ports)
#   step REPORT : [6.1885] Emitting RTLDB information for the netlist
#   step REPORT : Converting netlist 'alb_mss_mem_bypbuf_0000' to znl format
#   step STATS :  ----------------------------------------------------------------------------------------------------------------------------------------------------------------------------------------------------------------------------------------------------------------------------------------------
#   step STATS :  |                 reg |                 lut |                bram |                uram |             memsize |              m18x18 |                bufg |                buft |               nbI/O |                nbBB |                nbZV |                nbME |               dsp48 || name
#   step STATS :  ----------------------------------------------------------------------------------------------------------------------------------------------------------------------------------------------------------------------------------------------------------------------------------------------
#   step STATS :  |                   0 |                  63 |                   0 |                   0 |                   0 |                   0 |                   0 |                   0 |                 126 |                   1 |                   0 |                   0 |                   0 || alb_mss_mem_bypbuf_0000
#   step STATS :  ----------------------------------------------------------------------------------------------------------------------------------------------------------------------------------------------------------------------------------------------------------------------------------------------
#   step REPORT : Writing netlist 'alb_mss_mem_bypbuf_0000' to 'edif/alb_mss_mem_bypbuf_0000/alb_mss_mem_bypbuf_0000.edf.gz'
#   step SERIALIZE : writing netlist 'zmerge' into znl file 'edif/alb_mss_mem_bypbuf_0000/alb_mss_mem_bypbuf_0000.edf.gz'
#   step SERIALIZE : #bytes in: 8903, #bytes out: 2862, compression ratio: 3.110762
#   step REPORT : [87.28] Resource usage for alb_mss_mem_bypbuf_0000: 0.096s 0.0M
