#   step REPORT : Synthesizing module : alb_mss_fab_slv_axi_buffer_0000
#   step REPORT : Synthesizing module : alb_mss_fab_fifo_0001
#   step REPORT : Synthesizing module : alb_mss_fab_fifo_0001_0003
#   step REPORT : Synthesizing module : alb_mss_fab_fifo_0001_0004
#   step REPORT : Synthesizing module : alb_mss_fab_fifo_0001_0002
#   step REPORT : [39.349] Optimizing module : alb_mss_fab_slv_axi_buffer_0000
#   step REPORT : [39.350] Instance count of module alb_mss_fab_slv_axi_buffer_0000 is 1
#   step REPORT : [6.1691] Total net count: 2521
#   step REPORT : [6.1690] There are 1 levels of combinational cells
#   step REPORT : [6.1689] There are 0 distinct nets driving control pins
#   step REPORT : [6.1695] 2-input LUTs: 10
#   step REPORT : [6.1696] Total LUT area: 10
#   step REPORT : [6.1697] +CSA LUTs: 5
#   step REPORT : [6.1884] Renaming SVA module instances in the netlist
#   step REPORT : [6.1882] Renaming special verilog names in the netlist
#   step REPORT : [6.1882] Special names renaming stats:
#   step REPORT : [6.1882] Total time                 : 0.001 seconds
#   step REPORT : [6.1882] Total wires renamed        : 0
#   step REPORT : [6.1882] Total instances renamed    : 0
#   step REPORT : [6.1883] Renaming wires like ports
#   step REPORT : [6.1883] Renamed wires like ports (0 ports)
#   step REPORT : [6.1885] Emitting RTLDB information for the netlist
#   step REPORT : Converting netlist 'alb_mss_fab_slv_axi_buffer_0000' to znl format
#   step STATS :  ----------------------------------------------------------------------------------------------------------------------------------------------------------------------------------------------------------------------------------------------------------------------------------------------
#   step STATS :  |                 reg |                 lut |                bram |                uram |             memsize |              m18x18 |                bufg |                buft |               nbI/O |                nbBB |                nbZV |                nbME |               dsp48 || name
#   step STATS :  ----------------------------------------------------------------------------------------------------------------------------------------------------------------------------------------------------------------------------------------------------------------------------------------------
#   step STATS :  |                   0 |                  15 |                   0 |                   0 |                   0 |                   0 |                   0 |                   0 |                2501 |                   0 |                   0 |                   0 |                   0 || alb_mss_fab_slv_axi_buffer_0000
#   step STATS :  ----------------------------------------------------------------------------------------------------------------------------------------------------------------------------------------------------------------------------------------------------------------------------------------------
#   step REPORT : Writing netlist 'alb_mss_fab_slv_axi_buffer_0000' to 'edif/alb_mss_fab_slv_axi_buffer_0000/alb_mss_fab_slv_axi_buffer_0000.edf.gz'
#   step SERIALIZE : writing netlist 'zmerge' into znl file 'edif/alb_mss_fab_slv_axi_buffer_0000/alb_mss_fab_slv_axi_buffer_0000.edf.gz'
#   step SERIALIZE : #bytes in: 94862, #bytes out: 26472, compression ratio: 3.583484
#   step REPORT : [87.28] Resource usage for alb_mss_fab_slv_axi_buffer_0000: 0.116s 0.0M
