#   step REPORT : Synthesizing module : arcv_watchdog_csr
#   step REPORT : [39.349] Optimizing module : arcv_watchdog_csr
#   step REPORT : [39.350] Instance count of module arcv_watchdog_csr is 2
#   step REPORT : [6.1691] Total net count: 405
#   step REPORT : [6.1690] There are 6 levels of combinational cells
#   step REPORT : [6.1689] There are 0 distinct nets driving control pins
#   step REPORT : [6.1695] 2-input LUTs: 13
#   step REPORT : [6.1695] 3-input LUTs: 10
#   step REPORT : [6.1695] 4-input LUTs: 32
#   step REPORT : [6.1695] 5-input LUTs: 16
#   step REPORT : [6.1695] 6-input LUTs: 38
#   step REPORT : [6.1696] Total LUT area: 109
#   step REPORT : [6.1697] +CSA LUTs: 6
#   step REPORT : [6.1884] Renaming SVA module instances in the netlist
#   step REPORT : [6.1882] Renaming special verilog names in the netlist
#   step REPORT : [6.1882] Special names renaming stats:
#   step REPORT : [6.1882] Total time                 : 0.000 seconds
#   step REPORT : [6.1882] Total wires renamed        : 0
#   step REPORT : [6.1882] Total instances renamed    : 0
#   step REPORT : [6.1883] Renaming wires like ports
#   step REPORT : [6.1883] Renamed wires like ports (0 ports)
#   step REPORT : [6.1885] Emitting RTLDB information for the netlist
#   step REPORT : Converting netlist 'arcv_watchdog_csr' to znl format
#   step STATS :  ----------------------------------------------------------------------------------------------------------------------------------------------------------------------------------------------------------------------------------------------------------------------------------------------
#   step STATS :  |                 reg |                 lut |                bram |                uram |             memsize |              m18x18 |                bufg |                buft |               nbI/O |                nbBB |                nbZV |                nbME |               dsp48 || name
#   step STATS :  ----------------------------------------------------------------------------------------------------------------------------------------------------------------------------------------------------------------------------------------------------------------------------------------------
#   step STATS :  |                   0 |                 115 |                   0 |                   0 |                   0 |                   0 |                   0 |                   0 |                 290 |                   0 |                   0 |                   0 |                   0 || arcv_watchdog_csr
#   step STATS :  ----------------------------------------------------------------------------------------------------------------------------------------------------------------------------------------------------------------------------------------------------------------------------------------------
#   step REPORT : Writing netlist 'arcv_watchdog_csr' to 'edif/arcv_watchdog_csr/arcv_watchdog_csr.edf.gz'
#   step SERIALIZE : writing netlist 'zmerge' into znl file 'edif/arcv_watchdog_csr/arcv_watchdog_csr.edf.gz'
#   step SERIALIZE : #bytes in: 12963, #bytes out: 5440, compression ratio: 2.382905
#   step REPORT : [87.28] Resource usage for arcv_watchdog_csr: 0.059s 0.0M
