#   step REPORT : Synthesizing module : arcv_dm
#   step REPORT : [39.349] Optimizing module : arcv_dm
#   step REPORT : [39.350] Instance count of module arcv_dm is 1
#   step REPORT : [6.1691] Total net count: 1552
#   step REPORT : [6.1690] There are 21 levels of combinational cells
#   step REPORT : [6.1689] There are 15 distinct nets driving control pins
#   step REPORT : [6.1695] 2-input LUTs: 50
#   step REPORT : [6.1695] 3-input LUTs: 101
#   step REPORT : [6.1695] 4-input LUTs: 105
#   step REPORT : [6.1695] 5-input LUTs: 79
#   step REPORT : [6.1695] 6-input LUTs: 93
#   step REPORT : [6.1696] Total LUT area: 428
#   step REPORT : [6.1697] State    : 380
#   step REPORT : [6.1697]   (FF)   : 380
#   step REPORT : [6.1697] CARRY    : 6
#   step REPORT : [6.1697] +CSA LUTs: 158
#   step REPORT : [6.1884] Renaming SVA module instances in the netlist
#   step REPORT : [6.1882] Renaming special verilog names in the netlist
#   step REPORT : [6.1882] Special names renaming stats:
#   step REPORT : [6.1882] Total time                 : 0.001 seconds
#   step REPORT : [6.1882] Total wires renamed        : 0
#   step REPORT : [6.1882] Total instances renamed    : 0
#   step REPORT : [6.1883] Renaming wires like ports
#   step REPORT : [6.1883] Renamed wires like ports (0 ports)
#   step REPORT : [6.1885] Emitting RTLDB information for the netlist
#   step REPORT : Converting netlist 'arcv_dm' to znl format
#   step STATS :  ----------------------------------------------------------------------------------------------------------------------------------------------------------------------------------------------------------------------------------------------------------------------------------------------
#   step STATS :  |                 reg |                 lut |                bram |                uram |             memsize |              m18x18 |                bufg |                buft |               nbI/O |                nbBB |                nbZV |                nbME |               dsp48 || name
#   step STATS :  ----------------------------------------------------------------------------------------------------------------------------------------------------------------------------------------------------------------------------------------------------------------------------------------------
#   step STATS :  |                 380 |                 586 |                   0 |                   0 |                   0 |                   0 |                   0 |                   0 |                 241 |                   3 |                   0 |                   0 |                   0 || arcv_dm
#   step STATS :  ----------------------------------------------------------------------------------------------------------------------------------------------------------------------------------------------------------------------------------------------------------------------------------------------
#   step REPORT : Writing netlist 'arcv_dm' to 'edif/arcv_dm/arcv_dm.edf.gz'
#   step SERIALIZE : writing netlist 'zmerge' into znl file 'edif/arcv_dm/arcv_dm.edf.gz'
#   step SERIALIZE : #bytes in: 51902, #bytes out: 21283, compression ratio: 2.438660
#   step REPORT : [87.28] Resource usage for arcv_dm: 0.289s 0.0M
