#   step REPORT : Synthesizing module : arcv_wd_parity_0001
#   step REPORT : [39.349] Optimizing module : arcv_wd_parity_0001
#   step REPORT : [39.350] Instance count of module arcv_wd_parity_0001 is 8
#   step REPORT : [6.1691] Total net count: 66
#   step REPORT : [6.1690] There are 0 levels of combinational cells
#   step REPORT : [6.1689] There are 2 distinct nets driving control pins
#   step REPORT : [6.1696] Total LUT area: 0
#   step REPORT : [6.1697] State    : 32
#   step REPORT : [6.1697]   (FF)   : 32
#   step REPORT : [6.1884] Renaming SVA module instances in the netlist
#   step REPORT : [6.1882] Renaming special verilog names in the netlist
#   step REPORT : [6.1882] Special names renaming stats:
#   step REPORT : [6.1882] Total time                 : 0.000 seconds
#   step REPORT : [6.1882] Total wires renamed        : 0
#   step REPORT : [6.1882] Total instances renamed    : 0
#   step REPORT : [6.1883] Renaming wires like ports
#   step REPORT : [6.1883] Renamed wires like ports (0 ports)
#   step REPORT : [6.1885] Emitting RTLDB information for the netlist
#   step REPORT : Converting netlist 'arcv_wd_parity_0001' to znl format
#   step STATS :  ----------------------------------------------------------------------------------------------------------------------------------------------------------------------------------------------------------------------------------------------------------------------------------------------
#   step STATS :  |                 reg |                 lut |                bram |                uram |             memsize |              m18x18 |                bufg |                buft |               nbI/O |                nbBB |                nbZV |                nbME |               dsp48 || name
#   step STATS :  ----------------------------------------------------------------------------------------------------------------------------------------------------------------------------------------------------------------------------------------------------------------------------------------------
#   step STATS :  |                  32 |                   0 |                   0 |                   0 |                   0 |                   0 |                   0 |                   0 |                  66 |                   0 |                   0 |                   0 |                   0 || arcv_wd_parity_0001
#   step STATS :  ----------------------------------------------------------------------------------------------------------------------------------------------------------------------------------------------------------------------------------------------------------------------------------------------
#   step REPORT : Writing netlist 'arcv_wd_parity_0001' to 'edif/arcv_wd_parity_0001/arcv_wd_parity_0001.edf.gz'
#   step SERIALIZE : writing netlist 'zmerge' into znl file 'edif/arcv_wd_parity_0001/arcv_wd_parity_0001.edf.gz'
#   step SERIALIZE : #bytes in: 1352, #bytes out: 798, compression ratio: 1.694236
#   step REPORT : [87.28] Resource usage for arcv_wd_parity_0001: 0.082s 0.0M
