#   step REPORT : Synthesizing module : dm_cdc_sync
#   step REPORT : [39.349] Optimizing module : dm_cdc_sync
#   step REPORT : [39.350] Instance count of module dm_cdc_sync is 12
#   step REPORT : [6.1691] Total net count: 5
#   step REPORT : [6.1690] There are 2 levels of combinational cells
#   step REPORT : [6.1689] There are 0 distinct nets driving control pins
#   step REPORT : [6.1696] Total LUT area: 0
#   step REPORT : [6.1884] Renaming SVA module instances in the netlist
#   step REPORT : [6.1882] Renaming special verilog names in the netlist
#   step REPORT : [6.1882] Special names renaming stats:
#   step REPORT : [6.1882] Total time                 : 0.000 seconds
#   step REPORT : [6.1882] Total wires renamed        : 0
#   step REPORT : [6.1882] Total instances renamed    : 0
#   step REPORT : [6.1883] Renaming wires like ports
#   step REPORT : [6.1883] Renamed wires like ports (0 ports)
#   step REPORT : [6.1885] Emitting RTLDB information for the netlist
#   step REPORT : Converting netlist 'dm_cdc_sync' to znl format
#   step STATS :  ----------------------------------------------------------------------------------------------------------------------------------------------------------------------------------------------------------------------------------------------------------------------------------------------
#   step STATS :  |                 reg |                 lut |                bram |                uram |             memsize |              m18x18 |                bufg |                buft |               nbI/O |                nbBB |                nbZV |                nbME |               dsp48 || name
#   step STATS :  ----------------------------------------------------------------------------------------------------------------------------------------------------------------------------------------------------------------------------------------------------------------------------------------------
#   step STATS :  |                   0 |                   0 |                   0 |                   0 |                   0 |                   0 |                   0 |                   0 |                   4 |                   1 |                   0 |                   0 |                   0 || dm_cdc_sync
#   step STATS :  ----------------------------------------------------------------------------------------------------------------------------------------------------------------------------------------------------------------------------------------------------------------------------------------------
#   step REPORT : Writing netlist 'dm_cdc_sync' to 'edif/dm_cdc_sync/dm_cdc_sync.edf.gz'
#   step SERIALIZE : writing netlist 'zmerge' into znl file 'edif/dm_cdc_sync/dm_cdc_sync.edf.gz'
#   step SERIALIZE : #bytes in: 372, #bytes out: 329, compression ratio: 1.130699
#   step REPORT : [87.28] Resource usage for dm_cdc_sync: 0.109s 112.2M
