#   step REPORT : Synthesizing module : dm_hmst
#   step REPORT : [39.349] Optimizing module : dm_hmst
#   step REPORT : [39.350] Instance count of module dm_hmst is 1
#   step REPORT : [6.1691] Total net count: 642
#   step REPORT : [6.1690] There are 8 levels of combinational cells
#   step REPORT : [6.1689] There are 2 distinct nets driving control pins
#   step REPORT : [6.1695] 2-input LUTs: 21
#   step REPORT : [6.1695] 3-input LUTs: 67
#   step REPORT : [6.1695] 4-input LUTs: 24
#   step REPORT : [6.1695] 5-input LUTs: 21
#   step REPORT : [6.1695] 6-input LUTs: 7
#   step REPORT : [6.1696] Total LUT area: 140
#   step REPORT : [6.1697] State    : 3
#   step REPORT : [6.1697]   (FF)   : 3
#   step REPORT : [6.1697] +CSA LUTs: 155
#   step REPORT : [6.1884] Renaming SVA module instances in the netlist
#   step REPORT : [6.1882] Renaming special verilog names in the netlist
#   step REPORT : [6.1882] Special names renaming stats:
#   step REPORT : [6.1882] Total time                 : 0.000 seconds
#   step REPORT : [6.1882] Total wires renamed        : 0
#   step REPORT : [6.1882] Total instances renamed    : 0
#   step REPORT : [6.1883] Renaming wires like ports
#   step REPORT : [6.1883] Renamed wires like ports (0 ports)
#   step REPORT : [6.1885] Emitting RTLDB information for the netlist
#   step REPORT : Converting netlist 'dm_hmst' to znl format
#   step STATS :  ----------------------------------------------------------------------------------------------------------------------------------------------------------------------------------------------------------------------------------------------------------------------------------------------
#   step STATS :  |                 reg |                 lut |                bram |                uram |             memsize |              m18x18 |                bufg |                buft |               nbI/O |                nbBB |                nbZV |                nbME |               dsp48 || name
#   step STATS :  ----------------------------------------------------------------------------------------------------------------------------------------------------------------------------------------------------------------------------------------------------------------------------------------------
#   step STATS :  |                   3 |                 295 |                   0 |                   0 |                   0 |                   0 |                   0 |                   0 |                 230 |                   0 |                   0 |                   0 |                   0 || dm_hmst
#   step STATS :  ----------------------------------------------------------------------------------------------------------------------------------------------------------------------------------------------------------------------------------------------------------------------------------------------
#   step REPORT : Writing netlist 'dm_hmst' to 'edif/dm_hmst/dm_hmst.edf.gz'
#   step SERIALIZE : writing netlist 'zmerge' into znl file 'edif/dm_hmst/dm_hmst.edf.gz'
#   step SERIALIZE : #bytes in: 18063, #bytes out: 6743, compression ratio: 2.678778
#   step REPORT : [87.28] Resource usage for dm_hmst: 0.071s 0.0M
