#   step REPORT : Synthesizing module : dwt_tap_controller
#   step REPORT : [39.349] Optimizing module : dwt_tap_controller
#   step REPORT : [39.350] Instance count of module dwt_tap_controller is 1
#   step REPORT : [6.1691] Total net count: 46
#   step REPORT : [6.1690] There are 3 levels of combinational cells
#   step REPORT : [6.1689] There are 3 distinct nets driving control pins
#   step REPORT : [6.1695] 2-input LUTs: 1
#   step REPORT : [6.1695] 3-input LUTs: 1
#   step REPORT : [6.1695] 4-input LUTs: 9
#   step REPORT : [6.1695] 5-input LUTs: 7
#   step REPORT : [6.1696] Total LUT area: 18
#   step REPORT : [6.1697] State    : 6
#   step REPORT : [6.1697]   (FF)   : 6
#   step REPORT : [6.1884] Renaming SVA module instances in the netlist
#   step REPORT : [6.1882] Renaming special verilog names in the netlist
#   step REPORT : [6.1882] Special names renaming stats:
#   step REPORT : [6.1882] Total time                 : 0.000 seconds
#   step REPORT : [6.1882] Total wires renamed        : 0
#   step REPORT : [6.1882] Total instances renamed    : 0
#   step REPORT : [6.1883] Renaming wires like ports
#   step REPORT : [6.1883] Renamed wires like ports (0 ports)
#   step REPORT : [6.1885] Emitting RTLDB information for the netlist
#   step REPORT : Converting netlist 'dwt_tap_controller' to znl format
#   step STATS :  ----------------------------------------------------------------------------------------------------------------------------------------------------------------------------------------------------------------------------------------------------------------------------------------------
#   step STATS :  |                 reg |                 lut |                bram |                uram |             memsize |              m18x18 |                bufg |                buft |               nbI/O |                nbBB |                nbZV |                nbME |               dsp48 || name
#   step STATS :  ----------------------------------------------------------------------------------------------------------------------------------------------------------------------------------------------------------------------------------------------------------------------------------------------
#   step STATS :  |                   6 |                  18 |                   0 |                   0 |                   0 |                   0 |                   0 |                   0 |                  19 |                   0 |                   0 |                   0 |                   0 || dwt_tap_controller
#   step STATS :  ----------------------------------------------------------------------------------------------------------------------------------------------------------------------------------------------------------------------------------------------------------------------------------------------
#   step REPORT : Writing netlist 'dwt_tap_controller' to 'edif/dwt_tap_controller/dwt_tap_controller.edf.gz'
#   step SERIALIZE : writing netlist 'zmerge' into znl file 'edif/dwt_tap_controller/dwt_tap_controller.edf.gz'
#   step SERIALIZE : #bytes in: 1752, #bytes out: 1014, compression ratio: 1.727811
#   step REPORT : [87.28] Resource usage for dwt_tap_controller: 0.038s 0.0M
