#   step REPORT : Synthesizing module : err_inj_ctrl_0000
#   step REPORT : [39.349] Optimizing module : err_inj_ctrl_0000
#   step REPORT : [39.350] Instance count of module err_inj_ctrl_0000 is 1
#   step REPORT : [6.1691] Total net count: 899
#   step REPORT : [6.1690] There are 14 levels of combinational cells
#   step REPORT : [6.1689] There are 2 distinct nets driving control pins
#   step REPORT : [6.1695] 2-input LUTs: 131
#   step REPORT : [6.1695] 3-input LUTs: 45
#   step REPORT : [6.1695] 4-input LUTs: 46
#   step REPORT : [6.1695] 5-input LUTs: 32
#   step REPORT : [6.1695] 6-input LUTs: 18
#   step REPORT : [6.1696] Total LUT area: 272
#   step REPORT : [6.1697] State    : 70
#   step REPORT : [6.1697]   (FF)   : 70
#   step REPORT : [6.1697] CARRY    : 12
#   step REPORT : [6.1697] +CSA LUTs: 248
#   step REPORT : [6.1884] Renaming SVA module instances in the netlist
#   step REPORT : [6.1882] Renaming special verilog names in the netlist
#   step REPORT : [6.1882] Special names renaming stats:
#   step REPORT : [6.1882] Total time                 : 0.001 seconds
#   step REPORT : [6.1882] Total wires renamed        : 0
#   step REPORT : [6.1882] Total instances renamed    : 0
#   step REPORT : [6.1883] Renaming wires like ports
#   step REPORT : [6.1883] Renamed wires like ports (0 ports)
#   step REPORT : [6.1885] Emitting RTLDB information for the netlist
#   step REPORT : Converting netlist 'err_inj_ctrl_0000' to znl format
#   step STATS :  ----------------------------------------------------------------------------------------------------------------------------------------------------------------------------------------------------------------------------------------------------------------------------------------------
#   step STATS :  |                 reg |                 lut |                bram |                uram |             memsize |              m18x18 |                bufg |                buft |               nbI/O |                nbBB |                nbZV |                nbME |               dsp48 || name
#   step STATS :  ----------------------------------------------------------------------------------------------------------------------------------------------------------------------------------------------------------------------------------------------------------------------------------------------
#   step STATS :  |                  70 |                 520 |                   0 |                   0 |                   0 |                   0 |                   0 |                   0 |                 144 |                   0 |                   0 |                   0 |                   0 || err_inj_ctrl_0000
#   step STATS :  ----------------------------------------------------------------------------------------------------------------------------------------------------------------------------------------------------------------------------------------------------------------------------------------------
#   step REPORT : Writing netlist 'err_inj_ctrl_0000' to 'edif/err_inj_ctrl_0000/err_inj_ctrl_0000.edf.gz'
#   step SERIALIZE : writing netlist 'zmerge' into znl file 'edif/err_inj_ctrl_0000/err_inj_ctrl_0000.edf.gz'
#   step SERIALIZE : #bytes in: 32659, #bytes out: 12304, compression ratio: 2.654340
#   step REPORT : [87.28] Resource usage for err_inj_ctrl_0000: 0.318s 0.0M
