#   step REPORT : Synthesizing module : ic_tag_ecc_decoder
#   step REPORT : [39.349] Optimizing module : ic_tag_ecc_decoder
#   step REPORT : [39.350] Instance count of module ic_tag_ecc_decoder is 4
#   step REPORT : [6.1691] Total net count: 166
#   step REPORT : [6.1690] There are 10 levels of combinational cells
#   step REPORT : [6.1689] There are 0 distinct nets driving control pins
#   step REPORT : [6.1695] 2-input LUTs: 12
#   step REPORT : [6.1695] 3-input LUTs: 6
#   step REPORT : [6.1695] 4-input LUTs: 8
#   step REPORT : [6.1695] 5-input LUTs: 16
#   step REPORT : [6.1695] 6-input LUTs: 33
#   step REPORT : [6.1696] Total LUT area: 75
#   step REPORT : [6.1697] +CSA LUTs: 14
#   step REPORT : [6.1884] Renaming SVA module instances in the netlist
#   step REPORT : [6.1882] Renaming special verilog names in the netlist
#   step REPORT : [6.1882] Special names renaming stats:
#   step REPORT : [6.1882] Total time                 : 0.000 seconds
#   step REPORT : [6.1882] Total wires renamed        : 0
#   step REPORT : [6.1882] Total instances renamed    : 0
#   step REPORT : [6.1883] Renaming wires like ports
#   step REPORT : [6.1883] Renamed wires like ports (0 ports)
#   step REPORT : [6.1885] Emitting RTLDB information for the netlist
#   step REPORT : Converting netlist 'ic_tag_ecc_decoder' to znl format
#   step STATS :  ----------------------------------------------------------------------------------------------------------------------------------------------------------------------------------------------------------------------------------------------------------------------------------------------
#   step STATS :  |                 reg |                 lut |                bram |                uram |             memsize |              m18x18 |                bufg |                buft |               nbI/O |                nbBB |                nbZV |                nbME |               dsp48 || name
#   step STATS :  ----------------------------------------------------------------------------------------------------------------------------------------------------------------------------------------------------------------------------------------------------------------------------------------------
#   step STATS :  |                   0 |                  89 |                   0 |                   0 |                   0 |                   0 |                   0 |                   0 |                  74 |                   0 |                   0 |                   0 |                   0 || ic_tag_ecc_decoder
#   step STATS :  ----------------------------------------------------------------------------------------------------------------------------------------------------------------------------------------------------------------------------------------------------------------------------------------------
#   step REPORT : Writing netlist 'ic_tag_ecc_decoder' to 'edif/ic_tag_ecc_decoder/ic_tag_ecc_decoder.edf.gz'
#   step SERIALIZE : writing netlist 'zmerge' into znl file 'edif/ic_tag_ecc_decoder/ic_tag_ecc_decoder.edf.gz'
#   step SERIALIZE : #bytes in: 5079, #bytes out: 2619, compression ratio: 1.939290
#   step REPORT : [87.28] Resource usage for ic_tag_ecc_decoder: 0.260s 0.0M
