#   step REPORT : Synthesizing module : ic_tag_ram
#   step REPORT : [39.349] Optimizing module : ic_tag_ram
#   step REPORT : [39.350] Instance count of module ic_tag_ram is 1
#   step REPORT : [6.1691] Total net count: 297
#   step REPORT : [6.1690] There are 2 levels of combinational cells
#   step REPORT : [6.1689] There are 0 distinct nets driving control pins
#   step REPORT : [6.1695] 2-input LUTs: 1
#   step REPORT : [6.1695] 3-input LUTs: 56
#   step REPORT : [6.1696] Total LUT area: 57
#   step REPORT : [6.1697] +CSA LUTs: 1
#   step REPORT : [6.1884] Renaming SVA module instances in the netlist
#   step REPORT : [6.1882] Renaming special verilog names in the netlist
#   step REPORT : [6.1882] Special names renaming stats:
#   step REPORT : [6.1882] Total time                 : 0.000 seconds
#   step REPORT : [6.1882] Total wires renamed        : 0
#   step REPORT : [6.1882] Total instances renamed    : 0
#   step REPORT : [6.1883] Renaming wires like ports
#   step REPORT : [6.1883] Renamed wires like ports (0 ports)
#   step REPORT : [6.1885] Emitting RTLDB information for the netlist
#   step REPORT : Converting netlist 'ic_tag_ram' to znl format
#   step STATS :  ----------------------------------------------------------------------------------------------------------------------------------------------------------------------------------------------------------------------------------------------------------------------------------------------
#   step STATS :  |                 reg |                 lut |                bram |                uram |             memsize |              m18x18 |                bufg |                buft |               nbI/O |                nbBB |                nbZV |                nbME |               dsp48 || name
#   step STATS :  ----------------------------------------------------------------------------------------------------------------------------------------------------------------------------------------------------------------------------------------------------------------------------------------------
#   step STATS :  |                   0 |                  58 |                   0 |                   0 |                   0 |                   0 |                   0 |                   0 |                 180 |                   1 |                   0 |                   0 |                   0 || ic_tag_ram
#   step STATS :  ----------------------------------------------------------------------------------------------------------------------------------------------------------------------------------------------------------------------------------------------------------------------------------------------
#   step REPORT : Writing netlist 'ic_tag_ram' to 'edif/ic_tag_ram/ic_tag_ram.edf.gz'
#   step SERIALIZE : writing netlist 'zmerge' into znl file 'edif/ic_tag_ram/ic_tag_ram.edf.gz'
#   step SERIALIZE : #bytes in: 5887, #bytes out: 2247, compression ratio: 2.619938
#   step REPORT : [87.28] Resource usage for ic_tag_ram: 0.253s 112.2M
