#   step REPORT : Synthesizing module : io_pad_ring
#   step REPORT : [39.349] Optimizing module : io_pad_ring
#   step REPORT : [39.350] Instance count of module io_pad_ring is 1
#   step REPORT : [6.1691] Total net count: 39
#   step REPORT : [6.1690] There are 1 levels of combinational cells
#   step REPORT : [6.1689] There are 2 distinct nets driving control pins
#   step REPORT : [6.1696] Total LUT area: 0
#   step REPORT : [6.1697] State    : 1
#   step REPORT : [6.1697]   (FF)   : 1
#   step REPORT : [6.1884] Renaming SVA module instances in the netlist
#   step REPORT : [6.1882] Renaming special verilog names in the netlist
#   step REPORT : [6.1882] Special names renaming stats:
#   step REPORT : [6.1882] Total time                 : 0.000 seconds
#   step REPORT : [6.1882] Total wires renamed        : 0
#   step REPORT : [6.1882] Total instances renamed    : 0
#   step REPORT : [6.1883] Renaming wires like ports
#   step REPORT : [6.1883] Renamed wires like ports (0 ports)
#   step REPORT : [6.1885] Emitting RTLDB information for the netlist
#   step REPORT : Converting netlist 'io_pad_ring' to znl format
#   step STATS :  ----------------------------------------------------------------------------------------------------------------------------------------------------------------------------------------------------------------------------------------------------------------------------------------------
#   step STATS :  |                 reg |                 lut |                bram |                uram |             memsize |              m18x18 |                bufg |                buft |               nbI/O |                nbBB |                nbZV |                nbME |               dsp48 || name
#   step STATS :  ----------------------------------------------------------------------------------------------------------------------------------------------------------------------------------------------------------------------------------------------------------------------------------------------
#   step STATS :  |                   1 |                   0 |                   0 |                   0 |                   0 |                   0 |                   0 |                   0 |                  38 |                   0 |                   0 |                   0 |                   0 || io_pad_ring
#   step STATS :  ----------------------------------------------------------------------------------------------------------------------------------------------------------------------------------------------------------------------------------------------------------------------------------------------
#   step REPORT : Writing netlist 'io_pad_ring' to 'edif/io_pad_ring/io_pad_ring.edf.gz'
#   step SERIALIZE : writing netlist 'zmerge' into znl file 'edif/io_pad_ring/io_pad_ring.edf.gz'
#   step SERIALIZE : #bytes in: 1402, #bytes out: 815, compression ratio: 1.720245
#   step REPORT : [87.28] Resource usage for io_pad_ring: 0.036s 0.0M
