#   step REPORT : Synthesizing module : iprio_arb_4to1
#   step REPORT : [39.349] Optimizing module : iprio_arb_4to1
#   step REPORT : [39.350] Instance count of module iprio_arb_4to1 is 10
#   step REPORT : [6.1691] Total net count: 125
#   step REPORT : [6.1690] There are 6 levels of combinational cells
#   step REPORT : [6.1689] There are 0 distinct nets driving control pins
#   step REPORT : [6.1695] 2-input LUTs: 2
#   step REPORT : [6.1695] 3-input LUTs: 10
#   step REPORT : [6.1695] 4-input LUTs: 13
#   step REPORT : [6.1695] 5-input LUTs: 34
#   step REPORT : [6.1695] 6-input LUTs: 7
#   step REPORT : [6.1696] Total LUT area: 66
#   step REPORT : [6.1697] +CSA LUTs: 6
#   step REPORT : [6.1884] Renaming SVA module instances in the netlist
#   step REPORT : [6.1882] Renaming special verilog names in the netlist
#   step REPORT : [6.1882] Special names renaming stats:
#   step REPORT : [6.1882] Total time                 : 0.000 seconds
#   step REPORT : [6.1882] Total wires renamed        : 0
#   step REPORT : [6.1882] Total instances renamed    : 0
#   step REPORT : [6.1883] Renaming wires like ports
#   step REPORT : [6.1883] Renamed wires like ports (0 ports)
#   step REPORT : [6.1885] Emitting RTLDB information for the netlist
#   step REPORT : Converting netlist 'iprio_arb_4to1' to znl format
#   step STATS :  ----------------------------------------------------------------------------------------------------------------------------------------------------------------------------------------------------------------------------------------------------------------------------------------------
#   step STATS :  |                 reg |                 lut |                bram |                uram |             memsize |              m18x18 |                bufg |                buft |               nbI/O |                nbBB |                nbZV |                nbME |               dsp48 || name
#   step STATS :  ----------------------------------------------------------------------------------------------------------------------------------------------------------------------------------------------------------------------------------------------------------------------------------------------
#   step STATS :  |                   0 |                  72 |                   0 |                   0 |                   0 |                   0 |                   0 |                   0 |                  47 |                   0 |                   0 |                   0 |                   0 || iprio_arb_4to1
#   step STATS :  ----------------------------------------------------------------------------------------------------------------------------------------------------------------------------------------------------------------------------------------------------------------------------------------------
#   step REPORT : Writing netlist 'iprio_arb_4to1' to 'edif/iprio_arb_4to1/iprio_arb_4to1.edf.gz'
#   step SERIALIZE : writing netlist 'zmerge' into znl file 'edif/iprio_arb_4to1/iprio_arb_4to1.edf.gz'
#   step SERIALIZE : #bytes in: 3856, #bytes out: 2049, compression ratio: 1.881894
#   step REPORT : [87.28] Resource usage for iprio_arb_4to1: 0.121s 0.0M
