#   step REPORT : Synthesizing module : iprio_arb
#   step REPORT : [39.349] Optimizing module : iprio_arb
#   step REPORT : [39.350] Instance count of module iprio_arb is 2
#   step REPORT : [6.1691] Total net count: 218
#   step REPORT : [6.1690] There are 2 levels of combinational cells
#   step REPORT : [6.1689] There are 0 distinct nets driving control pins
#   step REPORT : [6.1695] 6-input LUTs: 2
#   step REPORT : [6.1696] Total LUT area: 2
#   step REPORT : [6.1697] +CSA LUTs: 2
#   step REPORT : [6.1884] Renaming SVA module instances in the netlist
#   step REPORT : [6.1882] Renaming special verilog names in the netlist
#   step REPORT : [6.1882] Special names renaming stats:
#   step REPORT : [6.1882] Total time                 : 0.000 seconds
#   step REPORT : [6.1882] Total wires renamed        : 0
#   step REPORT : [6.1882] Total instances renamed    : 0
#   step REPORT : [6.1883] Renaming wires like ports
#   step REPORT : [6.1883] Renamed wires like ports (0 ports)
#   step REPORT : [6.1885] Emitting RTLDB information for the netlist
#   step REPORT : Converting netlist 'iprio_arb' to znl format
#   step STATS :  ----------------------------------------------------------------------------------------------------------------------------------------------------------------------------------------------------------------------------------------------------------------------------------------------
#   step STATS :  |                 reg |                 lut |                bram |                uram |             memsize |              m18x18 |                bufg |                buft |               nbI/O |                nbBB |                nbZV |                nbME |               dsp48 || name
#   step STATS :  ----------------------------------------------------------------------------------------------------------------------------------------------------------------------------------------------------------------------------------------------------------------------------------------------
#   step STATS :  |                   0 |                   4 |                   0 |                   0 |                   0 |                   0 |                   0 |                   0 |                 157 |                   5 |                   0 |                   0 |                   0 || iprio_arb
#   step STATS :  ----------------------------------------------------------------------------------------------------------------------------------------------------------------------------------------------------------------------------------------------------------------------------------------------
#   step REPORT : Writing netlist 'iprio_arb' to 'edif/iprio_arb/iprio_arb.edf.gz'
#   step SERIALIZE : writing netlist 'zmerge' into znl file 'edif/iprio_arb/iprio_arb.edf.gz'
#   step SERIALIZE : #bytes in: 5142, #bytes out: 1832, compression ratio: 2.806769
#   step REPORT : [87.28] Resource usage for iprio_arb: 0.087s 0.0M
