#   step REPORT : Synthesizing module : ls_sfty_mnt_diag_ctrl_0000
#   step REPORT : [39.349] Optimizing module : ls_sfty_mnt_diag_ctrl_0000
#   step REPORT : [39.350] Instance count of module ls_sfty_mnt_diag_ctrl_0000 is 1
#   step REPORT : [6.1691] Total net count: 256
#   step REPORT : [6.1690] There are 8 levels of combinational cells
#   step REPORT : [6.1689] There are 2 distinct nets driving control pins
#   step REPORT : [6.1695] 2-input LUTs: 16
#   step REPORT : [6.1695] 3-input LUTs: 15
#   step REPORT : [6.1695] 4-input LUTs: 18
#   step REPORT : [6.1695] 5-input LUTs: 22
#   step REPORT : [6.1695] 6-input LUTs: 6
#   step REPORT : [6.1696] Total LUT area: 77
#   step REPORT : [6.1697] State    : 22
#   step REPORT : [6.1697]   (FF)   : 22
#   step REPORT : [6.1697] CARRY    : 2
#   step REPORT : [6.1697] +CSA LUTs: 71
#   step REPORT : [6.1884] Renaming SVA module instances in the netlist
#   step REPORT : [6.1882] Renaming special verilog names in the netlist
#   step REPORT : [6.1882] Special names renaming stats:
#   step REPORT : [6.1882] Total time                 : 0.000 seconds
#   step REPORT : [6.1882] Total wires renamed        : 0
#   step REPORT : [6.1882] Total instances renamed    : 0
#   step REPORT : [6.1883] Renaming wires like ports
#   step REPORT : [6.1883] Renamed wires like ports (0 ports)
#   step REPORT : [6.1885] Emitting RTLDB information for the netlist
#   step REPORT : Converting netlist 'ls_sfty_mnt_diag_ctrl_0000' to znl format
#   step STATS :  ----------------------------------------------------------------------------------------------------------------------------------------------------------------------------------------------------------------------------------------------------------------------------------------------
#   step STATS :  |                 reg |                 lut |                bram |                uram |             memsize |              m18x18 |                bufg |                buft |               nbI/O |                nbBB |                nbZV |                nbME |               dsp48 || name
#   step STATS :  ----------------------------------------------------------------------------------------------------------------------------------------------------------------------------------------------------------------------------------------------------------------------------------------------
#   step STATS :  |                  22 |                 148 |                   0 |                   0 |                   0 |                   0 |                   0 |                   0 |                  48 |                   0 |                   0 |                   0 |                   0 || ls_sfty_mnt_diag_ctrl_0000
#   step STATS :  ----------------------------------------------------------------------------------------------------------------------------------------------------------------------------------------------------------------------------------------------------------------------------------------------
#   step REPORT : Writing netlist 'ls_sfty_mnt_diag_ctrl_0000' to 'edif/ls_sfty_mnt_diag_ctrl_0000/ls_sfty_mnt_diag_ctrl_0000.edf.gz'
#   step SERIALIZE : writing netlist 'zmerge' into znl file 'edif/ls_sfty_mnt_diag_ctrl_0000/ls_sfty_mnt_diag_ctrl_0000.edf.gz'
#   step SERIALIZE : #bytes in: 10533, #bytes out: 4050, compression ratio: 2.600741
#   step REPORT : [87.28] Resource usage for ls_sfty_mnt_diag_ctrl_0000: 0.072s 0.0M
