#   step REPORT : Synthesizing module : ls_sfty_mnt_diag_ctrl
#   step REPORT : [39.349] Optimizing module : ls_sfty_mnt_diag_ctrl
#   step REPORT : [39.350] Instance count of module ls_sfty_mnt_diag_ctrl is 1
#   step REPORT : [6.1691] Total net count: 338
#   step REPORT : [6.1690] There are 10 levels of combinational cells
#   step REPORT : [6.1689] There are 2 distinct nets driving control pins
#   step REPORT : [6.1695] 2-input LUTs: 12
#   step REPORT : [6.1695] 3-input LUTs: 31
#   step REPORT : [6.1695] 4-input LUTs: 17
#   step REPORT : [6.1695] 5-input LUTs: 22
#   step REPORT : [6.1695] 6-input LUTs: 15
#   step REPORT : [6.1696] Total LUT area: 97
#   step REPORT : [6.1697] State    : 27
#   step REPORT : [6.1697]   (FF)   : 27
#   step REPORT : [6.1697] CARRY    : 3
#   step REPORT : [6.1697] +CSA LUTs: 105
#   step REPORT : [6.1884] Renaming SVA module instances in the netlist
#   step REPORT : [6.1882] Renaming special verilog names in the netlist
#   step REPORT : [6.1882] Special names renaming stats:
#   step REPORT : [6.1882] Total time                 : 0.000 seconds
#   step REPORT : [6.1882] Total wires renamed        : 0
#   step REPORT : [6.1882] Total instances renamed    : 0
#   step REPORT : [6.1883] Renaming wires like ports
#   step REPORT : [6.1883] Renamed wires like ports (0 ports)
#   step REPORT : [6.1885] Emitting RTLDB information for the netlist
#   step REPORT : Converting netlist 'ls_sfty_mnt_diag_ctrl' to znl format
#   step STATS :  ----------------------------------------------------------------------------------------------------------------------------------------------------------------------------------------------------------------------------------------------------------------------------------------------
#   step STATS :  |                 reg |                 lut |                bram |                uram |             memsize |              m18x18 |                bufg |                buft |               nbI/O |                nbBB |                nbZV |                nbME |               dsp48 || name
#   step STATS :  ----------------------------------------------------------------------------------------------------------------------------------------------------------------------------------------------------------------------------------------------------------------------------------------------
#   step STATS :  |                  27 |                 202 |                   0 |                   0 |                   0 |                   0 |                   0 |                   0 |                  58 |                   0 |                   0 |                   0 |                   0 || ls_sfty_mnt_diag_ctrl
#   step STATS :  ----------------------------------------------------------------------------------------------------------------------------------------------------------------------------------------------------------------------------------------------------------------------------------------------
#   step REPORT : Writing netlist 'ls_sfty_mnt_diag_ctrl' to 'edif/ls_sfty_mnt_diag_ctrl/ls_sfty_mnt_diag_ctrl.edf.gz'
#   step SERIALIZE : writing netlist 'zmerge' into znl file 'edif/ls_sfty_mnt_diag_ctrl/ls_sfty_mnt_diag_ctrl.edf.gz'
#   step SERIALIZE : #bytes in: 14206, #bytes out: 5566, compression ratio: 2.552282
#   step REPORT : [87.28] Resource usage for ls_sfty_mnt_diag_ctrl: 0.082s 0.0M
