#   step REPORT : Synthesizing module : mss_bus_switch_ibp2ibps_0000
#   step REPORT : Synthesizing module : mss_bus_switch_pack2ibp_0001
#   step REPORT : Synthesizing module : mss_bus_switch_ibp2pack_0002
#   step REPORT : [39.349] Optimizing module : mss_bus_switch_ibp2ibps_0000
#   step REPORT : [39.350] Instance count of module mss_bus_switch_ibp2ibps_0000 is 3
#   step REPORT : [6.1691] Total net count: 1797
#   step REPORT : [6.1690] There are 2 levels of combinational cells
#   step REPORT : [6.1689] There are 0 distinct nets driving control pins
#   step REPORT : [6.1695] 2-input LUTs: 136
#   step REPORT : [6.1695] 3-input LUTs: 1
#   step REPORT : [6.1696] Total LUT area: 137
#   step REPORT : [6.1697] +CSA LUTs: 134
#   step REPORT : [6.1884] Renaming SVA module instances in the netlist
#   step REPORT : [6.1882] Renaming special verilog names in the netlist
#   step REPORT : [6.1882] Special names renaming stats:
#   step REPORT : [6.1882] Total time                 : 0.001 seconds
#   step REPORT : [6.1882] Total wires renamed        : 0
#   step REPORT : [6.1882] Total instances renamed    : 0
#   step REPORT : [6.1883] Renaming wires like ports
#   step REPORT : [6.1883] Renamed wires like ports (0 ports)
#   step REPORT : [6.1885] Emitting RTLDB information for the netlist
#   step REPORT : Converting netlist 'mss_bus_switch_ibp2ibps_0000' to znl format
#   step STATS :  ----------------------------------------------------------------------------------------------------------------------------------------------------------------------------------------------------------------------------------------------------------------------------------------------
#   step STATS :  |                 reg |                 lut |                bram |                uram |             memsize |              m18x18 |                bufg |                buft |               nbI/O |                nbBB |                nbZV |                nbME |               dsp48 || name
#   step STATS :  ----------------------------------------------------------------------------------------------------------------------------------------------------------------------------------------------------------------------------------------------------------------------------------------------
#   step STATS :  |                   0 |                 271 |                   0 |                   0 |                   0 |                   0 |                   0 |                   0 |                 698 |                   1 |                   0 |                   0 |                   0 || mss_bus_switch_ibp2ibps_0000
#   step STATS :  ----------------------------------------------------------------------------------------------------------------------------------------------------------------------------------------------------------------------------------------------------------------------------------------------
#   step REPORT : Writing netlist 'mss_bus_switch_ibp2ibps_0000' to 'edif/mss_bus_switch_ibp2ibps_0000/mss_bus_switch_ibp2ibps_0000.edf.gz'
#   step SERIALIZE : writing netlist 'zmerge' into znl file 'edif/mss_bus_switch_ibp2ibps_0000/mss_bus_switch_ibp2ibps_0000.edf.gz'
#   step SERIALIZE : #bytes in: 72466, #bytes out: 16882, compression ratio: 4.292501
#   step REPORT : [87.28] Resource usage for mss_bus_switch_ibp2ibps_0000: 0.189s 0.0M
