#   step REPORT : Synthesizing module : mss_bus_switch_ibp_split_0000_0000
#   step REPORT : [39.349] Optimizing module : mss_bus_switch_ibp_split_0000_0000
#   step REPORT : [39.350] Instance count of module mss_bus_switch_ibp_split_0000_0000 is 1
#   step REPORT : [6.1691] Total net count: 11089
#   step REPORT : [6.1690] There are 14 levels of combinational cells
#   step REPORT : [6.1689] There are 0 distinct nets driving control pins
#   step REPORT : [6.1695] 2-input LUTs: 24
#   step REPORT : [6.1695] 3-input LUTs: 13
#   step REPORT : [6.1695] 4-input LUTs: 367
#   step REPORT : [6.1695] 5-input LUTs: 178
#   step REPORT : [6.1695] 6-input LUTs: 1054
#   step REPORT : [6.1696] Total LUT area: 1636
#   step REPORT : [6.1697] +CSA LUTs: 73
#   step REPORT : [6.1884] Renaming SVA module instances in the netlist
#   step REPORT : [6.1882] Renaming special verilog names in the netlist
#   step REPORT : [6.1882] Special names renaming stats:
#   step REPORT : [6.1882] Total time                 : 0.005 seconds
#   step REPORT : [6.1882] Total wires renamed        : 0
#   step REPORT : [6.1882] Total instances renamed    : 0
#   step REPORT : [6.1883] Renaming wires like ports
#   step REPORT : [6.1883] Renamed wires like ports (0 ports)
#   step REPORT : [6.1885] Emitting RTLDB information for the netlist
#   step REPORT : Converting netlist 'mss_bus_switch_ibp_split_0000_0000' to znl format
#   step STATS :  ----------------------------------------------------------------------------------------------------------------------------------------------------------------------------------------------------------------------------------------------------------------------------------------------
#   step STATS :  |                 reg |                 lut |                bram |                uram |             memsize |              m18x18 |                bufg |                buft |               nbI/O |                nbBB |                nbZV |                nbME |               dsp48 || name
#   step STATS :  ----------------------------------------------------------------------------------------------------------------------------------------------------------------------------------------------------------------------------------------------------------------------------------------------
#   step STATS :  |                   0 |                1709 |                   0 |                   0 |                   0 |                   0 |                   0 |                   0 |                9313 |                   3 |                   0 |                   0 |                   0 || mss_bus_switch_ibp_split_0000_0000
#   step STATS :  ----------------------------------------------------------------------------------------------------------------------------------------------------------------------------------------------------------------------------------------------------------------------------------------------
#   step REPORT : Writing netlist 'mss_bus_switch_ibp_split_0000_0000' to 'edif/mss_bus_switch_ibp_split_0000_0000/mss_bus_switch_ibp_split_0000_0000.edf.gz'
#   step SERIALIZE : writing netlist 'zmerge' into znl file 'edif/mss_bus_switch_ibp_split_0000_0000/mss_bus_switch_ibp_split_0000_0000.edf.gz'
#   step SERIALIZE : #bytes in: 521298, #bytes out: 134095, compression ratio: 3.887527
#   step REPORT : [87.28] Resource usage for mss_bus_switch_ibp_split_0000_0000: 0.603s 0.0M
