#   step REPORT : Synthesizing module : reset_handshake
#   step REPORT : [39.349] Optimizing module : reset_handshake
#   step REPORT : [39.350] Instance count of module reset_handshake is 10
#   step REPORT : [6.1691] Total net count: 7
#   step REPORT : [6.1690] There are 1 levels of combinational cells
#   step REPORT : [6.1689] There are 2 distinct nets driving control pins
#   step REPORT : [6.1695] 3-input LUTs: 1
#   step REPORT : [6.1696] Total LUT area: 1
#   step REPORT : [6.1697] State    : 1
#   step REPORT : [6.1697]   (FF)   : 1
#   step REPORT : [6.1884] Renaming SVA module instances in the netlist
#   step REPORT : [6.1882] Renaming special verilog names in the netlist
#   step REPORT : [6.1882] Special names renaming stats:
#   step REPORT : [6.1882] Total time                 : 0.000 seconds
#   step REPORT : [6.1882] Total wires renamed        : 0
#   step REPORT : [6.1882] Total instances renamed    : 0
#   step REPORT : [6.1883] Renaming wires like ports
#   step REPORT : [6.1883] Renamed wires like ports (0 ports)
#   step REPORT : [6.1885] Emitting RTLDB information for the netlist
#   step REPORT : Converting netlist 'reset_handshake' to znl format
#   step STATS :  ----------------------------------------------------------------------------------------------------------------------------------------------------------------------------------------------------------------------------------------------------------------------------------------------
#   step STATS :  |                 reg |                 lut |                bram |                uram |             memsize |              m18x18 |                bufg |                buft |               nbI/O |                nbBB |                nbZV |                nbME |               dsp48 || name
#   step STATS :  ----------------------------------------------------------------------------------------------------------------------------------------------------------------------------------------------------------------------------------------------------------------------------------------------
#   step STATS :  |                   1 |                   1 |                   0 |                   0 |                   0 |                   0 |                   0 |                   0 |                   5 |                   0 |                   0 |                   0 |                   0 || reset_handshake
#   step STATS :  ----------------------------------------------------------------------------------------------------------------------------------------------------------------------------------------------------------------------------------------------------------------------------------------------
#   step REPORT : Writing netlist 'reset_handshake' to 'edif/reset_handshake/reset_handshake.edf.gz'
#   step SERIALIZE : writing netlist 'zmerge' into znl file 'edif/reset_handshake/reset_handshake.edf.gz'
#   step SERIALIZE : #bytes in: 347, #bytes out: 307, compression ratio: 1.130293
#   step REPORT : [87.28] Resource usage for reset_handshake: 0.035s 0.0M
