#   step REPORT : Synthesizing module : reset_fsm
### warning in ZFAST : Out of 71 pin types only 69 have names
#   step REPORT : [39.349] Optimizing module : reset_fsm
#   step REPORT : [39.350] Instance count of module reset_fsm is 2
#   step REPORT : [6.1691] Total net count: 24
#   step REPORT : [6.1690] There are 3 levels of combinational cells
#   step REPORT : [6.1689] There are 2 distinct nets driving control pins
#   step REPORT : [6.1695] 2-input LUTs: 1
#   step REPORT : [6.1695] 5-input LUTs: 4
#   step REPORT : [6.1696] Total LUT area: 5
#   step REPORT : [6.1697] State    : 5
#   step REPORT : [6.1697]   (FF)   : 5
#   step REPORT : [6.1697] +CSA LUTs: 2
#   step REPORT : [6.1884] Renaming SVA module instances in the netlist
#   step REPORT : [6.1882] Renaming special verilog names in the netlist
#   step REPORT : [6.1882] Special names renaming stats:
#   step REPORT : [6.1882] Total time                 : 0.000 seconds
#   step REPORT : [6.1882] Total wires renamed        : 0
#   step REPORT : [6.1882] Total instances renamed    : 0
#   step REPORT : [6.1883] Renaming wires like ports
#   step REPORT : [6.1883] Renamed wires like ports (0 ports)
#   step REPORT : [6.1885] Emitting RTLDB information for the netlist
#   step REPORT : Converting netlist 'reset_fsm' to znl format
#   step STATS :  ----------------------------------------------------------------------------------------------------------------------------------------------------------------------------------------------------------------------------------------------------------------------------------------------
#   step STATS :  |                 reg |                 lut |                bram |                uram |             memsize |              m18x18 |                bufg |                buft |               nbI/O |                nbBB |                nbZV |                nbME |               dsp48 || name
#   step STATS :  ----------------------------------------------------------------------------------------------------------------------------------------------------------------------------------------------------------------------------------------------------------------------------------------------
#   step STATS :  |                   5 |                   7 |                   0 |                   0 |                   0 |                   0 |                   0 |                   0 |                   8 |                   0 |                   0 |                   0 |                   0 || reset_fsm
#   step STATS :  ----------------------------------------------------------------------------------------------------------------------------------------------------------------------------------------------------------------------------------------------------------------------------------------------
#   step REPORT : Writing netlist 'reset_fsm' to 'edif/reset_fsm/reset_fsm.edf.gz'
#   step SERIALIZE : writing netlist 'zmerge' into znl file 'edif/reset_fsm/reset_fsm.edf.gz'
#   step SERIALIZE : #bytes in: 865, #bytes out: 614, compression ratio: 1.408795
#   step REPORT : [87.28] Resource usage for reset_fsm: 0.039s 0.0M
