#   step REPORT : Synthesizing module : rl_bitscan_4b
#   step REPORT : [39.349] Optimizing module : rl_bitscan_4b
#   step REPORT : [39.350] Instance count of module rl_bitscan_4b is 48
#   step REPORT : [6.1691] Total net count: 9
#   step REPORT : [6.1690] There are 2 levels of combinational cells
#   step REPORT : [6.1689] There are 0 distinct nets driving control pins
#   step REPORT : [6.1695] 2-input LUTs: 2
#   step REPORT : [6.1695] 3-input LUTs: 1
#   step REPORT : [6.1696] Total LUT area: 3
#   step REPORT : [6.1884] Renaming SVA module instances in the netlist
#   step REPORT : [6.1882] Renaming special verilog names in the netlist
#   step REPORT : [6.1882] Special names renaming stats:
#   step REPORT : [6.1882] Total time                 : 0.000 seconds
#   step REPORT : [6.1882] Total wires renamed        : 0
#   step REPORT : [6.1882] Total instances renamed    : 0
#   step REPORT : [6.1883] Renaming wires like ports
#   step REPORT : [6.1883] Renamed wires like ports (0 ports)
#   step REPORT : [6.1885] Emitting RTLDB information for the netlist
#   step REPORT : Converting netlist 'rl_bitscan_4b' to znl format
#   step STATS :  ----------------------------------------------------------------------------------------------------------------------------------------------------------------------------------------------------------------------------------------------------------------------------------------------
#   step STATS :  |                 reg |                 lut |                bram |                uram |             memsize |              m18x18 |                bufg |                buft |               nbI/O |                nbBB |                nbZV |                nbME |               dsp48 || name
#   step STATS :  ----------------------------------------------------------------------------------------------------------------------------------------------------------------------------------------------------------------------------------------------------------------------------------------------
#   step STATS :  |                   0 |                   3 |                   0 |                   0 |                   0 |                   0 |                   0 |                   0 |                   6 |                   0 |                   0 |                   0 |                   0 || rl_bitscan_4b
#   step STATS :  ----------------------------------------------------------------------------------------------------------------------------------------------------------------------------------------------------------------------------------------------------------------------------------------------
#   step REPORT : Writing netlist 'rl_bitscan_4b' to 'edif/rl_bitscan_4b/rl_bitscan_4b.edf.gz'
#   step SERIALIZE : writing netlist 'zmerge' into znl file 'edif/rl_bitscan_4b/rl_bitscan_4b.edf.gz'
#   step SERIALIZE : #bytes in: 441, #bytes out: 356, compression ratio: 1.238764
#   step REPORT : [87.28] Resource usage for rl_bitscan_4b: 0.034s 0.0M
