#   step REPORT : Synthesizing module : rl_byte_unit
#   step REPORT : [39.349] Optimizing module : rl_byte_unit
#   step REPORT : [39.350] Instance count of module rl_byte_unit is 2
#   step REPORT : [6.1691] Total net count: 129
#   step REPORT : [6.1690] There are 4 levels of combinational cells
#   step REPORT : [6.1689] There are 0 distinct nets driving control pins
#   step REPORT : [6.1695] 2-input LUTs: 10
#   step REPORT : [6.1695] 5-input LUTs: 2
#   step REPORT : [6.1695] 6-input LUTs: 47
#   step REPORT : [6.1696] Total LUT area: 59
#   step REPORT : [6.1884] Renaming SVA module instances in the netlist
#   step REPORT : [6.1882] Renaming special verilog names in the netlist
#   step REPORT : [6.1882] Special names renaming stats:
#   step REPORT : [6.1882] Total time                 : 0.000 seconds
#   step REPORT : [6.1882] Total wires renamed        : 0
#   step REPORT : [6.1882] Total instances renamed    : 0
#   step REPORT : [6.1883] Renaming wires like ports
#   step REPORT : [6.1883] Renamed wires like ports (0 ports)
#   step REPORT : [6.1885] Emitting RTLDB information for the netlist
#   step REPORT : Converting netlist 'rl_byte_unit' to znl format
#   step STATS :  ----------------------------------------------------------------------------------------------------------------------------------------------------------------------------------------------------------------------------------------------------------------------------------------------
#   step STATS :  |                 reg |                 lut |                bram |                uram |             memsize |              m18x18 |                bufg |                buft |               nbI/O |                nbBB |                nbZV |                nbME |               dsp48 || name
#   step STATS :  ----------------------------------------------------------------------------------------------------------------------------------------------------------------------------------------------------------------------------------------------------------------------------------------------
#   step STATS :  |                   0 |                  59 |                   0 |                   0 |                   0 |                   0 |                   0 |                   0 |                  70 |                   0 |                   0 |                   0 |                   0 || rl_byte_unit
#   step STATS :  ----------------------------------------------------------------------------------------------------------------------------------------------------------------------------------------------------------------------------------------------------------------------------------------------
#   step REPORT : Writing netlist 'rl_byte_unit' to 'edif/rl_byte_unit/rl_byte_unit.edf.gz'
#   step SERIALIZE : writing netlist 'zmerge' into znl file 'edif/rl_byte_unit/rl_byte_unit.edf.gz'
#   step SERIALIZE : #bytes in: 3766, #bytes out: 1734, compression ratio: 2.171857
#   step REPORT : [87.28] Resource usage for rl_byte_unit: 0.037s 0.0M
