#   step REPORT : Synthesizing module : rl_bypass
#   step REPORT : [39.349] Optimizing module : rl_bypass
#   step REPORT : [39.350] Instance count of module rl_bypass is 2
#   step REPORT : [6.1691] Total net count: 874
#   step REPORT : [6.1690] There are 7 levels of combinational cells
#   step REPORT : [6.1689] There are 0 distinct nets driving control pins
#   step REPORT : [6.1695] 2-input LUTs: 18
#   step REPORT : [6.1695] 3-input LUTs: 2
#   step REPORT : [6.1695] 4-input LUTs: 49
#   step REPORT : [6.1695] 5-input LUTs: 138
#   step REPORT : [6.1695] 6-input LUTs: 97
#   step REPORT : [6.1696] Total LUT area: 304
#   step REPORT : [6.1697] +CSA LUTs: 118
#   step REPORT : [6.1884] Renaming SVA module instances in the netlist
#   step REPORT : [6.1882] Renaming special verilog names in the netlist
#   step REPORT : [6.1882] Special names renaming stats:
#   step REPORT : [6.1882] Total time                 : 0.000 seconds
#   step REPORT : [6.1882] Total wires renamed        : 0
#   step REPORT : [6.1882] Total instances renamed    : 0
#   step REPORT : [6.1883] Renaming wires like ports
#   step REPORT : [6.1883] Renamed wires like ports (0 ports)
#   step REPORT : [6.1885] Emitting RTLDB information for the netlist
#   step REPORT : Converting netlist 'rl_bypass' to znl format
#   step STATS :  ----------------------------------------------------------------------------------------------------------------------------------------------------------------------------------------------------------------------------------------------------------------------------------------------
#   step STATS :  |                 reg |                 lut |                bram |                uram |             memsize |              m18x18 |                bufg |                buft |               nbI/O |                nbBB |                nbZV |                nbME |               dsp48 || name
#   step STATS :  ----------------------------------------------------------------------------------------------------------------------------------------------------------------------------------------------------------------------------------------------------------------------------------------------
#   step STATS :  |                   0 |                 422 |                   0 |                   0 |                   0 |                   0 |                   0 |                   0 |                 441 |                   0 |                   0 |                   0 |                   0 || rl_bypass
#   step STATS :  ----------------------------------------------------------------------------------------------------------------------------------------------------------------------------------------------------------------------------------------------------------------------------------------------
#   step REPORT : Writing netlist 'rl_bypass' to 'edif/rl_bypass/rl_bypass.edf.gz'
#   step SERIALIZE : writing netlist 'zmerge' into znl file 'edif/rl_bypass/rl_bypass.edf.gz'
#   step SERIALIZE : #bytes in: 29291, #bytes out: 13858, compression ratio: 2.113653
#   step REPORT : [87.28] Resource usage for rl_bypass: 0.117s 0.0M
