#   step REPORT : Synthesizing module : rl_cpu_misc_synch
#   step REPORT : [39.349] Optimizing module : rl_cpu_misc_synch
#   step REPORT : [39.350] Instance count of module rl_cpu_misc_synch is 1
#   step REPORT : [6.1691] Total net count: 19
#   step REPORT : [6.1690] There are 2 levels of combinational cells
#   step REPORT : [6.1689] There are 0 distinct nets driving control pins
#   step REPORT : [6.1695] 5-input LUTs: 1
#   step REPORT : [6.1696] Total LUT area: 1
#   step REPORT : [6.1884] Renaming SVA module instances in the netlist
#   step REPORT : [6.1882] Renaming special verilog names in the netlist
#   step REPORT : [6.1882] Special names renaming stats:
#   step REPORT : [6.1882] Total time                 : 0.000 seconds
#   step REPORT : [6.1882] Total wires renamed        : 0
#   step REPORT : [6.1882] Total instances renamed    : 0
#   step REPORT : [6.1883] Renaming wires like ports
#   step REPORT : [6.1883] Renamed wires like ports (0 ports)
#   step REPORT : [6.1885] Emitting RTLDB information for the netlist
#   step REPORT : Converting netlist 'rl_cpu_misc_synch' to znl format
#   step STATS :  ----------------------------------------------------------------------------------------------------------------------------------------------------------------------------------------------------------------------------------------------------------------------------------------------
#   step STATS :  |                 reg |                 lut |                bram |                uram |             memsize |              m18x18 |                bufg |                buft |               nbI/O |                nbBB |                nbZV |                nbME |               dsp48 || name
#   step STATS :  ----------------------------------------------------------------------------------------------------------------------------------------------------------------------------------------------------------------------------------------------------------------------------------------------
#   step STATS :  |                   0 |                   1 |                   0 |                   0 |                   0 |                   0 |                   0 |                   0 |                  13 |                   5 |                   0 |                   0 |                   0 || rl_cpu_misc_synch
#   step STATS :  ----------------------------------------------------------------------------------------------------------------------------------------------------------------------------------------------------------------------------------------------------------------------------------------------
#   step REPORT : Writing netlist 'rl_cpu_misc_synch' to 'edif/rl_cpu_misc_synch/rl_cpu_misc_synch.edf.gz'
#   step SERIALIZE : writing netlist 'zmerge' into znl file 'edif/rl_cpu_misc_synch/rl_cpu_misc_synch.edf.gz'
#   step SERIALIZE : #bytes in: 936, #bytes out: 511, compression ratio: 1.831703
#   step REPORT : [87.28] Resource usage for rl_cpu_misc_synch: 0.037s 0.0M
