#   step REPORT : Synthesizing module : rl_dispatch
#   step REPORT : [39.349] Optimizing module : rl_dispatch
#   step REPORT : [39.350] Instance count of module rl_dispatch is 2
#   step REPORT : [6.1691] Total net count: 1291
#   step REPORT : [6.1690] There are 7 levels of combinational cells
#   step REPORT : [6.1689] There are 4 distinct nets driving control pins
#   step REPORT : [6.1695] 2-input LUTs: 15
#   step REPORT : [6.1695] 3-input LUTs: 10
#   step REPORT : [6.1695] 4-input LUTs: 1
#   step REPORT : [6.1695] 5-input LUTs: 37
#   step REPORT : [6.1695] 6-input LUTs: 46
#   step REPORT : [6.1696] Total LUT area: 109
#   step REPORT : [6.1697] State    : 178
#   step REPORT : [6.1697]   (FF)   : 178
#   step REPORT : [6.1697] CARRY    : 4
#   step REPORT : [6.1697] +CSA LUTs: 11
#   step REPORT : [6.1884] Renaming SVA module instances in the netlist
#   step REPORT : [6.1882] Renaming special verilog names in the netlist
#   step REPORT : [6.1882] Special names renaming stats:
#   step REPORT : [6.1882] Total time                 : 0.000 seconds
#   step REPORT : [6.1882] Total wires renamed        : 0
#   step REPORT : [6.1882] Total instances renamed    : 0
#   step REPORT : [6.1883] Renaming wires like ports
#   step REPORT : [6.1883] Renamed wires like ports (0 ports)
#   step REPORT : [6.1885] Emitting RTLDB information for the netlist
#   step REPORT : Converting netlist 'rl_dispatch' to znl format
#   step STATS :  ----------------------------------------------------------------------------------------------------------------------------------------------------------------------------------------------------------------------------------------------------------------------------------------------
#   step STATS :  |                 reg |                 lut |                bram |                uram |             memsize |              m18x18 |                bufg |                buft |               nbI/O |                nbBB |                nbZV |                nbME |               dsp48 || name
#   step STATS :  ----------------------------------------------------------------------------------------------------------------------------------------------------------------------------------------------------------------------------------------------------------------------------------------------
#   step STATS :  |                 178 |                 120 |                   0 |                   0 |                   0 |                   0 |                   0 |                   0 |                 887 |                   3 |                   0 |                   0 |                   0 || rl_dispatch
#   step STATS :  ----------------------------------------------------------------------------------------------------------------------------------------------------------------------------------------------------------------------------------------------------------------------------------------------
#   step REPORT : Writing netlist 'rl_dispatch' to 'edif/rl_dispatch/rl_dispatch.edf.gz'
#   step SERIALIZE : writing netlist 'zmerge' into znl file 'edif/rl_dispatch/rl_dispatch.edf.gz'
#   step SERIALIZE : #bytes in: 39865, #bytes out: 14328, compression ratio: 2.782314
#   step REPORT : [87.28] Resource usage for rl_dispatch: 0.089s 0.0M
