#   step REPORT : Synthesizing module : rl_dmp_dccm_ecc_decoder
#   step REPORT : [39.349] Optimizing module : rl_dmp_dccm_ecc_decoder
#   step REPORT : [39.350] Instance count of module rl_dmp_dccm_ecc_decoder is 4
#   step REPORT : [6.1691] Total net count: 380
#   step REPORT : [6.1690] There are 15 levels of combinational cells
#   step REPORT : [6.1689] There are 0 distinct nets driving control pins
#   step REPORT : [6.1695] 2-input LUTs: 21
#   step REPORT : [6.1695] 3-input LUTs: 18
#   step REPORT : [6.1695] 4-input LUTs: 22
#   step REPORT : [6.1695] 5-input LUTs: 45
#   step REPORT : [6.1695] 6-input LUTs: 61
#   step REPORT : [6.1696] Total LUT area: 167
#   step REPORT : [6.1697] CARRY    : 33
#   step REPORT : [6.1697] +CSA LUTs: 22
#   step REPORT : [6.1884] Renaming SVA module instances in the netlist
#   step REPORT : [6.1882] Renaming special verilog names in the netlist
#   step REPORT : [6.1882] Special names renaming stats:
#   step REPORT : [6.1882] Total time                 : 0.000 seconds
#   step REPORT : [6.1882] Total wires renamed        : 0
#   step REPORT : [6.1882] Total instances renamed    : 0
#   step REPORT : [6.1883] Renaming wires like ports
#   step REPORT : [6.1883] Renamed wires like ports (0 ports)
#   step REPORT : [6.1885] Emitting RTLDB information for the netlist
#   step REPORT : Converting netlist 'rl_dmp_dccm_ecc_decoder' to znl format
#   step STATS :  ----------------------------------------------------------------------------------------------------------------------------------------------------------------------------------------------------------------------------------------------------------------------------------------------
#   step STATS :  |                 reg |                 lut |                bram |                uram |             memsize |              m18x18 |                bufg |                buft |               nbI/O |                nbBB |                nbZV |                nbME |               dsp48 || name
#   step STATS :  ----------------------------------------------------------------------------------------------------------------------------------------------------------------------------------------------------------------------------------------------------------------------------------------------
#   step STATS :  |                   0 |                 189 |                   0 |                   0 |                   0 |                   0 |                   0 |                   0 |                 108 |                   0 |                   0 |                   0 |                   0 || rl_dmp_dccm_ecc_decoder
#   step STATS :  ----------------------------------------------------------------------------------------------------------------------------------------------------------------------------------------------------------------------------------------------------------------------------------------------
#   step REPORT : Writing netlist 'rl_dmp_dccm_ecc_decoder' to 'edif/rl_dmp_dccm_ecc_decoder/rl_dmp_dccm_ecc_decoder.edf.gz'
#   step SERIALIZE : writing netlist 'zmerge' into znl file 'edif/rl_dmp_dccm_ecc_decoder/rl_dmp_dccm_ecc_decoder.edf.gz'
#   step SERIALIZE : #bytes in: 12907, #bytes out: 6215, compression ratio: 2.076750
#   step REPORT : [87.28] Resource usage for rl_dmp_dccm_ecc_decoder: 0.365s 0.0M
