#   step REPORT : Synthesizing module : rl_dmp_dccm_ibp_wrapper
#   step REPORT : [39.349] Optimizing module : rl_dmp_dccm_ibp_wrapper
#   step REPORT : [39.350] Instance count of module rl_dmp_dccm_ibp_wrapper is 2
#   step REPORT : [6.1691] Total net count: 849
#   step REPORT : [6.1690] There are 10 levels of combinational cells
#   step REPORT : [6.1689] There are 4 distinct nets driving control pins
#   step REPORT : [6.1695] 2-input LUTs: 10
#   step REPORT : [6.1695] 3-input LUTs: 58
#   step REPORT : [6.1695] 4-input LUTs: 61
#   step REPORT : [6.1695] 5-input LUTs: 45
#   step REPORT : [6.1695] 6-input LUTs: 59
#   step REPORT : [6.1696] Total LUT area: 233
#   step REPORT : [6.1697] State    : 76
#   step REPORT : [6.1697]   (FF)   : 76
#   step REPORT : [6.1697] +CSA LUTs: 79
#   step REPORT : [6.1884] Renaming SVA module instances in the netlist
#   step REPORT : [6.1882] Renaming special verilog names in the netlist
#   step REPORT : [6.1882] Special names renaming stats:
#   step REPORT : [6.1882] Total time                 : 0.000 seconds
#   step REPORT : [6.1882] Total wires renamed        : 0
#   step REPORT : [6.1882] Total instances renamed    : 0
#   step REPORT : [6.1883] Renaming wires like ports
#   step REPORT : [6.1883] Renamed wires like ports (0 ports)
#   step REPORT : [6.1885] Emitting RTLDB information for the netlist
#   step REPORT : Converting netlist 'rl_dmp_dccm_ibp_wrapper' to znl format
#   step STATS :  ----------------------------------------------------------------------------------------------------------------------------------------------------------------------------------------------------------------------------------------------------------------------------------------------
#   step STATS :  |                 reg |                 lut |                bram |                uram |             memsize |              m18x18 |                bufg |                buft |               nbI/O |                nbBB |                nbZV |                nbME |               dsp48 || name
#   step STATS :  ----------------------------------------------------------------------------------------------------------------------------------------------------------------------------------------------------------------------------------------------------------------------------------------------
#   step STATS :  |                  76 |                 312 |                   0 |                   0 |                   0 |                   0 |                   0 |                   0 |                 327 |                   0 |                   0 |                   0 |                   0 || rl_dmp_dccm_ibp_wrapper
#   step STATS :  ----------------------------------------------------------------------------------------------------------------------------------------------------------------------------------------------------------------------------------------------------------------------------------------------
#   step REPORT : Writing netlist 'rl_dmp_dccm_ibp_wrapper' to 'edif/rl_dmp_dccm_ibp_wrapper/rl_dmp_dccm_ibp_wrapper.edf.gz'
#   step SERIALIZE : writing netlist 'zmerge' into znl file 'edif/rl_dmp_dccm_ibp_wrapper/rl_dmp_dccm_ibp_wrapper.edf.gz'
#   step SERIALIZE : #bytes in: 28051, #bytes out: 11158, compression ratio: 2.513981
#   step REPORT : [87.28] Resource usage for rl_dmp_dccm_ibp_wrapper: 0.095s 0.0M
