#   step REPORT : Synthesizing module : rl_ifu_align
#   step REPORT : [39.349] Optimizing module : rl_ifu_align
#   step REPORT : [39.350] Instance count of module rl_ifu_align is 2
#   step REPORT : [6.1691] Total net count: 1013
#   step REPORT : [6.1690] There are 8 levels of combinational cells
#   step REPORT : [6.1689] There are 4 distinct nets driving control pins
#   step REPORT : [6.1695] 2-input LUTs: 10
#   step REPORT : [6.1695] 3-input LUTs: 29
#   step REPORT : [6.1695] 4-input LUTs: 39
#   step REPORT : [6.1695] 5-input LUTs: 80
#   step REPORT : [6.1695] 6-input LUTs: 25
#   step REPORT : [6.1696] Total LUT area: 183
#   step REPORT : [6.1697] State    : 83
#   step REPORT : [6.1697]   (FF)   : 83
#   step REPORT : [6.1697] CARRY    : 7
#   step REPORT : [6.1697] +CSA LUTs: 149
#   step REPORT : [6.1884] Renaming SVA module instances in the netlist
#   step REPORT : [6.1882] Renaming special verilog names in the netlist
#   step REPORT : [6.1882] Special names renaming stats:
#   step REPORT : [6.1882] Total time                 : 0.000 seconds
#   step REPORT : [6.1882] Total wires renamed        : 0
#   step REPORT : [6.1882] Total instances renamed    : 0
#   step REPORT : [6.1883] Renaming wires like ports
#   step REPORT : [6.1883] Renamed wires like ports (0 ports)
#   step REPORT : [6.1885] Emitting RTLDB information for the netlist
#   step REPORT : Converting netlist 'rl_ifu_align' to znl format
#   step STATS :  ----------------------------------------------------------------------------------------------------------------------------------------------------------------------------------------------------------------------------------------------------------------------------------------------
#   step STATS :  |                 reg |                 lut |                bram |                uram |             memsize |              m18x18 |                bufg |                buft |               nbI/O |                nbBB |                nbZV |                nbME |               dsp48 || name
#   step STATS :  ----------------------------------------------------------------------------------------------------------------------------------------------------------------------------------------------------------------------------------------------------------------------------------------------
#   step STATS :  |                  83 |                 332 |                   0 |                   0 |                   0 |                   0 |                   0 |                   0 |                 372 |                   1 |                   0 |                   0 |                   0 || rl_ifu_align
#   step STATS :  ----------------------------------------------------------------------------------------------------------------------------------------------------------------------------------------------------------------------------------------------------------------------------------------------
#   step REPORT : Writing netlist 'rl_ifu_align' to 'edif/rl_ifu_align/rl_ifu_align.edf.gz'
#   step SERIALIZE : writing netlist 'zmerge' into znl file 'edif/rl_ifu_align/rl_ifu_align.edf.gz'
#   step SERIALIZE : #bytes in: 30221, #bytes out: 12040, compression ratio: 2.510050
#   step REPORT : [87.28] Resource usage for rl_ifu_align: 0.098s 0.0M
