#   step REPORT : Synthesizing module : rl_ifu_fetcher
### warning in ZFAST : Out of 71 pin types only 69 have names
#   step REPORT : [39.349] Optimizing module : rl_ifu_fetcher
#   step REPORT : [39.350] Instance count of module rl_ifu_fetcher is 2
#   step REPORT : [6.1691] Total net count: 367
#   step REPORT : [6.1690] There are 5 levels of combinational cells
#   step REPORT : [6.1689] There are 3 distinct nets driving control pins
#   step REPORT : [6.1695] 2-input LUTs: 4
#   step REPORT : [6.1695] 3-input LUTs: 2
#   step REPORT : [6.1695] 4-input LUTs: 9
#   step REPORT : [6.1695] 5-input LUTs: 38
#   step REPORT : [6.1695] 6-input LUTs: 6
#   step REPORT : [6.1696] Total LUT area: 59
#   step REPORT : [6.1697] State    : 47
#   step REPORT : [6.1697]   (FF)   : 47
#   step REPORT : [6.1697] +CSA LUTs: 7
#   step REPORT : [6.1884] Renaming SVA module instances in the netlist
#   step REPORT : [6.1882] Renaming special verilog names in the netlist
#   step REPORT : [6.1882] Special names renaming stats:
#   step REPORT : [6.1882] Total time                 : 0.000 seconds
#   step REPORT : [6.1882] Total wires renamed        : 0
#   step REPORT : [6.1882] Total instances renamed    : 0
#   step REPORT : [6.1883] Renaming wires like ports
#   step REPORT : [6.1883] Renamed wires like ports (0 ports)
#   step REPORT : [6.1885] Emitting RTLDB information for the netlist
#   step REPORT : Converting netlist 'rl_ifu_fetcher' to znl format
#   step STATS :  ----------------------------------------------------------------------------------------------------------------------------------------------------------------------------------------------------------------------------------------------------------------------------------------------
#   step STATS :  |                 reg |                 lut |                bram |                uram |             memsize |              m18x18 |                bufg |                buft |               nbI/O |                nbBB |                nbZV |                nbME |               dsp48 || name
#   step STATS :  ----------------------------------------------------------------------------------------------------------------------------------------------------------------------------------------------------------------------------------------------------------------------------------------------
#   step STATS :  |                  47 |                  66 |                   0 |                   0 |                   0 |                   0 |                   0 |                   0 |                 246 |                  20 |                   0 |                   0 |                   0 || rl_ifu_fetcher
#   step STATS :  ----------------------------------------------------------------------------------------------------------------------------------------------------------------------------------------------------------------------------------------------------------------------------------------------
#   step REPORT : Writing netlist 'rl_ifu_fetcher' to 'edif/rl_ifu_fetcher/rl_ifu_fetcher.edf.gz'
#   step SERIALIZE : writing netlist 'zmerge' into znl file 'edif/rl_ifu_fetcher/rl_ifu_fetcher.edf.gz'
#   step SERIALIZE : #bytes in: 13088, #bytes out: 5196, compression ratio: 2.518861
#   step REPORT : [87.28] Resource usage for rl_ifu_fetcher: 0.058s 0.0M
