#   step REPORT : Synthesizing module : rl_ibp2mmio
#   step REPORT : [39.349] Optimizing module : rl_ibp2mmio
#   step REPORT : [39.350] Instance count of module rl_ibp2mmio is 2
#   step REPORT : [6.1691] Total net count: 1589
#   step REPORT : [6.1690] There are 10 levels of combinational cells
#   step REPORT : [6.1689] There are 2 distinct nets driving control pins
#   step REPORT : [6.1695] 2-input LUTs: 26
#   step REPORT : [6.1695] 3-input LUTs: 127
#   step REPORT : [6.1695] 4-input LUTs: 247
#   step REPORT : [6.1695] 5-input LUTs: 17
#   step REPORT : [6.1695] 6-input LUTs: 170
#   step REPORT : [6.1696] Total LUT area: 587
#   step REPORT : [6.1697] State    : 6
#   step REPORT : [6.1697]   (FF)   : 6
#   step REPORT : [6.1697] +CSA LUTs: 197
#   step REPORT : [6.1884] Renaming SVA module instances in the netlist
#   step REPORT : [6.1882] Renaming special verilog names in the netlist
#   step REPORT : [6.1882] Special names renaming stats:
#   step REPORT : [6.1882] Total time                 : 0.001 seconds
#   step REPORT : [6.1882] Total wires renamed        : 0
#   step REPORT : [6.1882] Total instances renamed    : 0
#   step REPORT : [6.1883] Renaming wires like ports
#   step REPORT : [6.1883] Renamed wires like ports (0 ports)
#   step REPORT : [6.1885] Emitting RTLDB information for the netlist
#   step REPORT : Converting netlist 'rl_ibp2mmio' to znl format
#   step STATS :  ----------------------------------------------------------------------------------------------------------------------------------------------------------------------------------------------------------------------------------------------------------------------------------------------
#   step STATS :  |                 reg |                 lut |                bram |                uram |             memsize |              m18x18 |                bufg |                buft |               nbI/O |                nbBB |                nbZV |                nbME |               dsp48 || name
#   step STATS :  ----------------------------------------------------------------------------------------------------------------------------------------------------------------------------------------------------------------------------------------------------------------------------------------------
#   step STATS :  |                   6 |                 784 |                   0 |                   0 |                   0 |                   0 |                   0 |                   0 |                 669 |                   0 |                   0 |                   0 |                   0 || rl_ibp2mmio
#   step STATS :  ----------------------------------------------------------------------------------------------------------------------------------------------------------------------------------------------------------------------------------------------------------------------------------------------
#   step REPORT : Writing netlist 'rl_ibp2mmio' to 'edif/rl_ibp2mmio/rl_ibp2mmio.edf.gz'
#   step SERIALIZE : writing netlist 'zmerge' into znl file 'edif/rl_ibp2mmio/rl_ibp2mmio.edf.gz'
#   step SERIALIZE : #bytes in: 53505, #bytes out: 19250, compression ratio: 2.779480
#   step REPORT : [87.28] Resource usage for rl_ibp2mmio: 0.303s 0.0M
