#   step REPORT : Synthesizing module : rl_mmio_ahb2ibp
#   step REPORT : [39.349] Optimizing module : rl_mmio_ahb2ibp
#   step REPORT : [39.350] Instance count of module rl_mmio_ahb2ibp is 2
#   step REPORT : [6.1691] Total net count: 723
#   step REPORT : [6.1690] There are 10 levels of combinational cells
#   step REPORT : [6.1689] There are 4 distinct nets driving control pins
#   step REPORT : [6.1695] 2-input LUTs: 47
#   step REPORT : [6.1695] 3-input LUTs: 45
#   step REPORT : [6.1695] 4-input LUTs: 12
#   step REPORT : [6.1695] 5-input LUTs: 17
#   step REPORT : [6.1695] 6-input LUTs: 17
#   step REPORT : [6.1696] Total LUT area: 138
#   step REPORT : [6.1697] State    : 93
#   step REPORT : [6.1697]   (FF)   : 93
#   step REPORT : [6.1697] +CSA LUTs: 122
#   step REPORT : [6.1884] Renaming SVA module instances in the netlist
#   step REPORT : [6.1882] Renaming special verilog names in the netlist
#   step REPORT : [6.1882] Special names renaming stats:
#   step REPORT : [6.1882] Total time                 : 0.000 seconds
#   step REPORT : [6.1882] Total wires renamed        : 0
#   step REPORT : [6.1882] Total instances renamed    : 0
#   step REPORT : [6.1883] Renaming wires like ports
#   step REPORT : [6.1883] Renamed wires like ports (0 ports)
#   step REPORT : [6.1885] Emitting RTLDB information for the netlist
#   step REPORT : Converting netlist 'rl_mmio_ahb2ibp' to znl format
#   step STATS :  ----------------------------------------------------------------------------------------------------------------------------------------------------------------------------------------------------------------------------------------------------------------------------------------------
#   step STATS :  |                 reg |                 lut |                bram |                uram |             memsize |              m18x18 |                bufg |                buft |               nbI/O |                nbBB |                nbZV |                nbME |               dsp48 || name
#   step STATS :  ----------------------------------------------------------------------------------------------------------------------------------------------------------------------------------------------------------------------------------------------------------------------------------------------
#   step STATS :  |                  93 |                 260 |                   0 |                   0 |                   0 |                   0 |                   0 |                   0 |                 283 |                  21 |                   0 |                   0 |                   0 || rl_mmio_ahb2ibp
#   step STATS :  ----------------------------------------------------------------------------------------------------------------------------------------------------------------------------------------------------------------------------------------------------------------------------------------------
#   step REPORT : Writing netlist 'rl_mmio_ahb2ibp' to 'edif/rl_mmio_ahb2ibp/rl_mmio_ahb2ibp.edf.gz'
#   step SERIALIZE : writing netlist 'zmerge' into znl file 'edif/rl_mmio_ahb2ibp/rl_mmio_ahb2ibp.edf.gz'
#   step SERIALIZE : #bytes in: 27547, #bytes out: 10777, compression ratio: 2.556092
#   step REPORT : [87.28] Resource usage for rl_mmio_ahb2ibp: 0.086s 0.0M
