#   step REPORT : Synthesizing module : rl_per_ibp2ahb
#   step REPORT : [39.349] Optimizing module : rl_per_ibp2ahb
#   step REPORT : [39.350] Instance count of module rl_per_ibp2ahb is 2
#   step REPORT : [6.1691] Total net count: 1393
#   step REPORT : [6.1690] There are 40 levels of combinational cells
#   step REPORT : [6.1689] There are 5 distinct nets driving control pins
#   step REPORT : [6.1695] 2-input LUTs: 33
#   step REPORT : [6.1695] 3-input LUTs: 66
#   step REPORT : [6.1695] 4-input LUTs: 83
#   step REPORT : [6.1695] 5-input LUTs: 24
#   step REPORT : [6.1695] 6-input LUTs: 172
#   step REPORT : [6.1696] Total LUT area: 378
#   step REPORT : [6.1697] State    : 98
#   step REPORT : [6.1697]   (FF)   : 98
#   step REPORT : [6.1697] CARRY    : 8
#   step REPORT : [6.1697] +CSA LUTs: 294
#   step REPORT : [6.1884] Renaming SVA module instances in the netlist
#   step REPORT : [6.1882] Renaming special verilog names in the netlist
#   step REPORT : [6.1882] Special names renaming stats:
#   step REPORT : [6.1882] Total time                 : 0.001 seconds
#   step REPORT : [6.1882] Total wires renamed        : 0
#   step REPORT : [6.1882] Total instances renamed    : 0
#   step REPORT : [6.1883] Renaming wires like ports
#   step REPORT : [6.1883] Renamed wires like ports (0 ports)
#   step REPORT : [6.1885] Emitting RTLDB information for the netlist
#   step REPORT : Converting netlist 'rl_per_ibp2ahb' to znl format
#   step STATS :  ----------------------------------------------------------------------------------------------------------------------------------------------------------------------------------------------------------------------------------------------------------------------------------------------
#   step STATS :  |                 reg |                 lut |                bram |                uram |             memsize |              m18x18 |                bufg |                buft |               nbI/O |                nbBB |                nbZV |                nbME |               dsp48 || name
#   step STATS :  ----------------------------------------------------------------------------------------------------------------------------------------------------------------------------------------------------------------------------------------------------------------------------------------------
#   step STATS :  |                  98 |                 672 |                   0 |                   0 |                   0 |                   0 |                   0 |                   0 |                 296 |                  20 |                   0 |                   0 |                   0 || rl_per_ibp2ahb
#   step STATS :  ----------------------------------------------------------------------------------------------------------------------------------------------------------------------------------------------------------------------------------------------------------------------------------------------
#   step REPORT : Writing netlist 'rl_per_ibp2ahb' to 'edif/rl_per_ibp2ahb/rl_per_ibp2ahb.edf.gz'
#   step SERIALIZE : writing netlist 'zmerge' into znl file 'edif/rl_per_ibp2ahb/rl_per_ibp2ahb.edf.gz'
#   step SERIALIZE : #bytes in: 51922, #bytes out: 21060, compression ratio: 2.465432
#   step REPORT : [87.28] Resource usage for rl_per_ibp2ahb: 0.296s 0.0M
