#   step REPORT : Synthesizing module : rl_ras_top
#   step REPORT : [39.349] Optimizing module : rl_ras_top
#   step REPORT : [39.350] Instance count of module rl_ras_top is 2
#   step REPORT : [6.1691] Total net count: 329
#   step REPORT : [6.1690] There are 2 levels of combinational cells
#   step REPORT : [6.1689] There are 0 distinct nets driving control pins
#   step REPORT : [6.1696] Total LUT area: 0
#   step REPORT : [6.1884] Renaming SVA module instances in the netlist
#   step REPORT : [6.1882] Renaming special verilog names in the netlist
#   step REPORT : [6.1882] Special names renaming stats:
#   step REPORT : [6.1882] Total time                 : 0.000 seconds
#   step REPORT : [6.1882] Total wires renamed        : 0
#   step REPORT : [6.1882] Total instances renamed    : 0
#   step REPORT : [6.1883] Renaming wires like ports
#   step REPORT : [6.1883] Renamed wires like ports (0 ports)
#   step REPORT : [6.1885] Emitting RTLDB information for the netlist
#   step REPORT : Converting netlist 'rl_ras_top' to znl format
#   step STATS :  ----------------------------------------------------------------------------------------------------------------------------------------------------------------------------------------------------------------------------------------------------------------------------------------------
#   step STATS :  |                 reg |                 lut |                bram |                uram |             memsize |              m18x18 |                bufg |                buft |               nbI/O |                nbBB |                nbZV |                nbME |               dsp48 || name
#   step STATS :  ----------------------------------------------------------------------------------------------------------------------------------------------------------------------------------------------------------------------------------------------------------------------------------------------
#   step STATS :  |                   0 |                   0 |                   0 |                   0 |                   0 |                   0 |                   0 |                   0 |                 262 |                   2 |                   0 |                   0 |                   0 || rl_ras_top
#   step STATS :  ----------------------------------------------------------------------------------------------------------------------------------------------------------------------------------------------------------------------------------------------------------------------------------------------
#   step REPORT : Writing netlist 'rl_ras_top' to 'edif/rl_ras_top/rl_ras_top.edf.gz'
#   step SERIALIZE : writing netlist 'zmerge' into znl file 'edif/rl_ras_top/rl_ras_top.edf.gz'
#   step SERIALIZE : #bytes in: 10931, #bytes out: 3424, compression ratio: 3.192465
#   step REPORT : [87.28] Resource usage for rl_ras_top: 0.040s 0.0M
