#   step REPORT : Synthesizing module : rl_sfty_csr
#   step REPORT : Synthesizing module : DWbb_bcm00_maj
#   step REPORT : [39.349] Optimizing module : rl_sfty_csr
#   step REPORT : [39.350] Instance count of module rl_sfty_csr is 2
#   step REPORT : [6.1691] Total net count: 258
#   step REPORT : [6.1690] There are 7 levels of combinational cells
#   step REPORT : [6.1689] There are 3 distinct nets driving control pins
#   step REPORT : [6.1695] 2-input LUTs: 13
#   step REPORT : [6.1695] 3-input LUTs: 20
#   step REPORT : [6.1695] 4-input LUTs: 13
#   step REPORT : [6.1695] 5-input LUTs: 9
#   step REPORT : [6.1695] 6-input LUTs: 21
#   step REPORT : [6.1696] Total LUT area: 76
#   step REPORT : [6.1697] State    : 28
#   step REPORT : [6.1697]   (FF)   : 28
#   step REPORT : [6.1697] +CSA LUTs: 19
#   step REPORT : [6.1884] Renaming SVA module instances in the netlist
#   step REPORT : [6.1882] Renaming special verilog names in the netlist
#   step REPORT : [6.1882] Special names renaming stats:
#   step REPORT : [6.1882] Total time                 : 0.000 seconds
#   step REPORT : [6.1882] Total wires renamed        : 0
#   step REPORT : [6.1882] Total instances renamed    : 0
#   step REPORT : [6.1883] Renaming wires like ports
#   step REPORT : [6.1883] Renamed wires like ports (0 ports)
#   step REPORT : [6.1885] Emitting RTLDB information for the netlist
#   step REPORT : Converting netlist 'rl_sfty_csr' to znl format
#   step STATS :  ----------------------------------------------------------------------------------------------------------------------------------------------------------------------------------------------------------------------------------------------------------------------------------------------
#   step STATS :  |                 reg |                 lut |                bram |                uram |             memsize |              m18x18 |                bufg |                buft |               nbI/O |                nbBB |                nbZV |                nbME |               dsp48 || name
#   step STATS :  ----------------------------------------------------------------------------------------------------------------------------------------------------------------------------------------------------------------------------------------------------------------------------------------------
#   step STATS :  |                  28 |                  95 |                   0 |                   0 |                   0 |                   0 |                   0 |                   0 |                 143 |                   0 |                   0 |                   0 |                   0 || rl_sfty_csr
#   step STATS :  ----------------------------------------------------------------------------------------------------------------------------------------------------------------------------------------------------------------------------------------------------------------------------------------------
#   step REPORT : Writing netlist 'rl_sfty_csr' to 'edif/rl_sfty_csr/rl_sfty_csr.edf.gz'
#   step SERIALIZE : writing netlist 'zmerge' into znl file 'edif/rl_sfty_csr/rl_sfty_csr.edf.gz'
#   step SERIALIZE : #bytes in: 8862, #bytes out: 4209, compression ratio: 2.105488
#   step REPORT : [87.28] Resource usage for rl_sfty_csr: 0.050s 0.0M
