#   step REPORT : Synthesizing module : sr_err_aggr_0000_0003
#   step REPORT : [39.349] Optimizing module : sr_err_aggr_0000_0003
#   step REPORT : [39.350] Instance count of module sr_err_aggr_0000_0003 is 2
#   step REPORT : [6.1691] Total net count: 5
#   step REPORT : [6.1690] There are 1 levels of combinational cells
#   step REPORT : [6.1689] There are 2 distinct nets driving control pins
#   step REPORT : [6.1696] Total LUT area: 0
#   step REPORT : [6.1697] State    : 1
#   step REPORT : [6.1697]   (FF)   : 1
#   step REPORT : [6.1884] Renaming SVA module instances in the netlist
#   step REPORT : [6.1882] Renaming special verilog names in the netlist
#   step REPORT : [6.1882] Special names renaming stats:
#   step REPORT : [6.1882] Total time                 : 0.000 seconds
#   step REPORT : [6.1882] Total wires renamed        : 0
#   step REPORT : [6.1882] Total instances renamed    : 0
#   step REPORT : [6.1883] Renaming wires like ports
#   step REPORT : [6.1883] Renamed wires like ports (0 ports)
#   step REPORT : [6.1885] Emitting RTLDB information for the netlist
#   step REPORT : Converting netlist 'sr_err_aggr_0000_0003' to znl format
#   step STATS :  ----------------------------------------------------------------------------------------------------------------------------------------------------------------------------------------------------------------------------------------------------------------------------------------------
#   step STATS :  |                 reg |                 lut |                bram |                uram |             memsize |              m18x18 |                bufg |                buft |               nbI/O |                nbBB |                nbZV |                nbME |               dsp48 || name
#   step STATS :  ----------------------------------------------------------------------------------------------------------------------------------------------------------------------------------------------------------------------------------------------------------------------------------------------
#   step STATS :  |                   1 |                   0 |                   0 |                   0 |                   0 |                   0 |                   0 |                   0 |                   4 |                   0 |                   0 |                   0 |                   0 || sr_err_aggr_0000_0003
#   step STATS :  ----------------------------------------------------------------------------------------------------------------------------------------------------------------------------------------------------------------------------------------------------------------------------------------------
#   step REPORT : Writing netlist 'sr_err_aggr_0000_0003' to 'edif/sr_err_aggr_0000_0003/sr_err_aggr_0000_0003.edf.gz'
#   step SERIALIZE : writing netlist 'zmerge' into znl file 'edif/sr_err_aggr_0000_0003/sr_err_aggr_0000_0003.edf.gz'
#   step SERIALIZE : #bytes in: 348, #bytes out: 288, compression ratio: 1.208333
#   step REPORT : [87.28] Resource usage for sr_err_aggr_0000_0003: 0.034s 0.0M
