4 0 0
14 1 0
23 0 0
30 0 0
39 0 0
47 0 0
49 0 0
55 0 0
61 0 0
64 0 0
74 0 0
84 0 0
91 0 0
100 0 0
109 0 0
118 0 0
125 0 0
133 0 0
143 0 0
149 0 0
157 0 0
166 0 0
175 0 0
182 0 0
188 0 0
196 0 0
203 0 0
212 0 0
221 0 0
230 0 0
239 0 0
311 0 0
318 0 0
326 0 0
340 0 0
344 0 0
349 0 0
356 0 0
365 0 0
373 0 0
375 0 0
383 0 0
391 0 0
399 0 0
404 0 0
413 0 0
416 1 0
427 0 0
429 0 0
437 0 0
445 0 0
452 0 0
460 0 0
471 0 0
477 0 0
487 0 0
496 0 0
506 0 0
512 0 0
535 0 0
545 0 0
558 0 0
560 0 0
563 0 0
571 0 0
-1 0 0
-4 0 0
