
Processing alb_mss_fab_ahbl2ibp_0000
before constantPropagate: 0.01u 0s 111053e 906544kB
after constantPropagate: 0.01u 0s 111053e 906544kB
before removeUnusedSignals circuit: 0.01u 0s 111053e 906544kB
after removeUnusedSignals circuit: 0.01u 0s 111053e 906544kB
before optimize latch enable: 0.01u 0s 111053e 906544kB
after optimize latch enable: 0.01u 0s 111053e 906544kB
before removeReadAfterMissingWrite: 0.01u 0s 111053e 906544kB
after removeReadAfterMissingWrite: 0.01u 0s 111053e 906544kB
before undoDimensionalSplitOfMemories: 0.01u 0s 111053e 906544kB
after undoDimensionalSplitOfMemories: 0.01u 0s 111053e 906544kB
before extractMemories: 0.01u 0s 111053e 906544kB
after extractMemories: 0.01u 0s 111053e 906544kB
before extractHolds: 0.01u 0s 111053e 906544kB
after extractHolds: 0.01u 0s 111069e 906544kB
before simplifyAdders: 0.01u 0s 111069e 906544kB
after simplifyAdders: 0.01u 0s 111069e 906544kB
before optimizeLessThan: 0.01u 0s 111069e 906544kB
after optimizeLessThan: 0.01u 0s 111069e 906544kB
before reportUnresolvedType: 0.01u 0s 111069e 906544kB
after reportUnresolvedType: 0.01u 0s 111069e 906544kB
before dumpingPerModuleScm : 0.01u 0s 111069e 906544kB
after dumpingPerModuleScm : 0.01u 0.01s 111069e 906544kB

Processing alb_mss_fab_fifo_0002_0001
before constantPropagate: 0.01u 0.01s 111069e 906544kB
after constantPropagate: 0.01u 0.01s 111069e 906544kB
before removeUnusedSignals circuit: 0.01u 0.01s 111069e 906544kB
after removeUnusedSignals circuit: 0.01u 0.01s 111069e 906544kB
before optimize latch enable: 0.01u 0.01s 111069e 906544kB
after optimize latch enable: 0.01u 0.01s 111069e 906544kB
before removeReadAfterMissingWrite: 0.01u 0.01s 111069e 906544kB
after removeReadAfterMissingWrite: 0.01u 0.01s 111069e 906544kB
before undoDimensionalSplitOfMemories: 0.01u 0.01s 111069e 906544kB
after undoDimensionalSplitOfMemories: 0.01u 0.01s 111069e 906544kB
before extractMemories: 0.01u 0.01s 111069e 906544kB
after extractMemories: 0.01u 0.01s 111069e 906544kB
before extractHolds: 0.01u 0.01s 111069e 906544kB
after extractHolds: 0.01u 0.01s 111058e 906544kB
before simplifyAdders: 0.02u 0.01s 111058e 906544kB
after simplifyAdders: 0.02u 0.01s 111058e 906544kB
before optimizeLessThan: 0.02u 0.01s 111058e 906544kB
after optimizeLessThan: 0.02u 0.01s 111058e 906544kB
before reportUnresolvedType: 0.02u 0.01s 111058e 906544kB
after reportUnresolvedType: 0.02u 0.01s 111058e 906544kB
before dumpingPerModuleScm : 0.02u 0.01s 111058e 906544kB
after dumpingPerModuleScm : 0.02u 0.01s 111058e 906544kB

Processing alb_mss_fab_fifo_0000_0004
before constantPropagate: 0.02u 0.01s 111058e 906544kB
after constantPropagate: 0.02u 0.01s 111058e 906544kB
before removeUnusedSignals circuit: 0.02u 0.01s 111058e 906544kB
after removeUnusedSignals circuit: 0.02u 0.01s 111058e 906544kB
before optimize latch enable: 0.02u 0.01s 111058e 906544kB
after optimize latch enable: 0.02u 0.01s 111058e 906544kB
before removeReadAfterMissingWrite: 0.02u 0.01s 111058e 906544kB
after removeReadAfterMissingWrite: 0.02u 0.01s 111058e 906544kB
before undoDimensionalSplitOfMemories: 0.02u 0.01s 111058e 906544kB
after undoDimensionalSplitOfMemories: 0.02u 0.01s 111058e 906544kB
before extractMemories: 0.02u 0.01s 111058e 906544kB
after extractMemories: 0.02u 0.01s 111058e 906544kB
before extractHolds: 0.02u 0.01s 111058e 906544kB
after extractHolds: 0.02u 0.01s 111060e 906544kB
before simplifyAdders: 0.02u 0.01s 111060e 906544kB
after simplifyAdders: 0.02u 0.01s 111060e 906544kB
before optimizeLessThan: 0.02u 0.01s 111060e 906544kB
after optimizeLessThan: 0.02u 0.01s 111060e 906544kB
before reportUnresolvedType: 0.02u 0.01s 111060e 906544kB
after reportUnresolvedType: 0.02u 0.01s 111060e 906544kB
before dumpingPerModuleScm : 0.02u 0.01s 111060e 906544kB
after dumpingPerModuleScm : 0.02u 0.01s 111060e 906544kB

Processing alb_mss_fab_ibp_buffer_0000_0000
before constantPropagate: 0.02u 0.01s 111060e 906544kB
after constantPropagate: 0.02u 0.01s 111060e 906544kB
before removeUnusedSignals circuit: 0.02u 0.01s 111060e 906544kB
after removeUnusedSignals circuit: 0.02u 0.01s 111060e 906544kB
before optimize latch enable: 0.02u 0.01s 111060e 906544kB
after optimize latch enable: 0.02u 0.01s 111060e 906544kB
before removeReadAfterMissingWrite: 0.02u 0.01s 111060e 906544kB
after removeReadAfterMissingWrite: 0.02u 0.01s 111060e 906544kB
before undoDimensionalSplitOfMemories: 0.02u 0.01s 111060e 906544kB
after undoDimensionalSplitOfMemories: 0.02u 0.01s 111060e 906544kB
before extractMemories: 0.02u 0.01s 111060e 906544kB
after extractMemories: 0.02u 0.01s 111060e 906544kB
before extractHolds: 0.02u 0.01s 111060e 906544kB
after extractHolds: 0.02u 0.01s 111060e 906544kB
before simplifyAdders: 0.02u 0.01s 111060e 906544kB
after simplifyAdders: 0.02u 0.01s 111060e 906544kB
before optimizeLessThan: 0.02u 0.01s 111060e 906544kB
after optimizeLessThan: 0.02u 0.01s 111060e 906544kB
before reportUnresolvedType: 0.02u 0.01s 111060e 906544kB
after reportUnresolvedType: 0.02u 0.01s 111060e 906544kB
before dumpingPerModuleScm : 0.02u 0.01s 111060e 906544kB
after dumpingPerModuleScm : 0.02u 0.01s 111060e 906544kB

Processing alb_mss_fab_fifo_0001_000A
before constantPropagate: 0.02u 0.01s 111060e 906544kB
after constantPropagate: 0.02u 0.01s 111060e 906544kB
before removeUnusedSignals circuit: 0.02u 0.01s 111060e 906544kB
after removeUnusedSignals circuit: 0.02u 0.01s 111060e 906544kB
before optimize latch enable: 0.02u 0.01s 111060e 906544kB
after optimize latch enable: 0.02u 0.01s 111060e 906544kB
before removeReadAfterMissingWrite: 0.02u 0.01s 111060e 906544kB
after removeReadAfterMissingWrite: 0.02u 0.01s 111060e 906544kB
before undoDimensionalSplitOfMemories: 0.02u 0.01s 111060e 906544kB
after undoDimensionalSplitOfMemories: 0.02u 0.01s 111060e 906544kB
before extractMemories: 0.02u 0.01s 111060e 906544kB
after extractMemories: 0.02u 0.01s 111060e 906544kB
before extractHolds: 0.02u 0.01s 111060e 906544kB
after extractHolds: 0.02u 0.01s 111060e 906544kB
before simplifyAdders: 0.02u 0.01s 111060e 906544kB
after simplifyAdders: 0.02u 0.01s 111060e 906544kB
before optimizeLessThan: 0.02u 0.01s 111060e 906544kB
after optimizeLessThan: 0.02u 0.01s 111060e 906544kB
before reportUnresolvedType: 0.02u 0.01s 111060e 906544kB
after reportUnresolvedType: 0.02u 0.01s 111060e 906544kB
before dumpingPerModuleScm : 0.02u 0.01s 111060e 906544kB
after dumpingPerModuleScm : 0.02u 0.01s 111060e 906544kB

Processing mss_bus_switch_fifo_0000
before constantPropagate: 0.02u 0.01s 111060e 906544kB
after constantPropagate: 0.02u 0.01s 111060e 906544kB
before removeUnusedSignals circuit: 0.02u 0.01s 111060e 906544kB
after removeUnusedSignals circuit: 0.02u 0.01s 111060e 906544kB
before optimize latch enable: 0.02u 0.01s 111060e 906544kB
after optimize latch enable: 0.02u 0.01s 111060e 906544kB
before removeReadAfterMissingWrite: 0.02u 0.01s 111060e 906544kB
after removeReadAfterMissingWrite: 0.02u 0.01s 111060e 906544kB
before undoDimensionalSplitOfMemories: 0.02u 0.01s 111060e 906544kB
after undoDimensionalSplitOfMemories: 0.02u 0.01s 111060e 906544kB
before extractMemories: 0.02u 0.01s 111060e 906544kB
after extractMemories: 0.02u 0.01s 111060e 906544kB
before extractHolds: 0.02u 0.01s 111060e 906544kB
after extractHolds: 0.02u 0.01s 111060e 906544kB
before simplifyAdders: 0.02u 0.01s 111060e 906544kB
after simplifyAdders: 0.02u 0.01s 111060e 906544kB
before optimizeLessThan: 0.02u 0.01s 111060e 906544kB
after optimizeLessThan: 0.02u 0.01s 111060e 906544kB
before reportUnresolvedType: 0.02u 0.01s 111060e 906544kB
after reportUnresolvedType: 0.02u 0.01s 111060e 906544kB
before dumpingPerModuleScm : 0.02u 0.01s 111060e 906544kB
after dumpingPerModuleScm : 0.02u 0.01s 111060e 906544kB

Processing mss_bus_switch_fifo_0000_0001
before constantPropagate: 0.02u 0.01s 111060e 906544kB
after constantPropagate: 0.02u 0.01s 111060e 906544kB
before removeUnusedSignals circuit: 0.02u 0.01s 111060e 906544kB
after removeUnusedSignals circuit: 0.02u 0.01s 111060e 906544kB
before optimize latch enable: 0.02u 0.01s 111060e 906544kB
after optimize latch enable: 0.02u 0.01s 111060e 906544kB
before removeReadAfterMissingWrite: 0.02u 0.01s 111060e 906544kB
after removeReadAfterMissingWrite: 0.02u 0.01s 111060e 906544kB
before undoDimensionalSplitOfMemories: 0.02u 0.01s 111060e 906544kB
after undoDimensionalSplitOfMemories: 0.02u 0.01s 111060e 906544kB
before extractMemories: 0.02u 0.01s 111060e 906544kB
after extractMemories: 0.02u 0.01s 111060e 906544kB
before extractHolds: 0.02u 0.01s 111060e 906544kB
after extractHolds: 0.02u 0.01s 111060e 906544kB
before simplifyAdders: 0.02u 0.01s 111060e 906544kB
after simplifyAdders: 0.02u 0.01s 111060e 906544kB
before optimizeLessThan: 0.02u 0.01s 111060e 906544kB
after optimizeLessThan: 0.02u 0.01s 111060e 906544kB
before reportUnresolvedType: 0.02u 0.01s 111060e 906544kB
after reportUnresolvedType: 0.02u 0.01s 111060e 906544kB
before dumpingPerModuleScm : 0.02u 0.01s 111060e 906544kB
after dumpingPerModuleScm : 0.02u 0.01s 111060e 906544kB

Processing mss_bus_switch_fifo_0000_0003
before constantPropagate: 0.02u 0.01s 111060e 906544kB
after constantPropagate: 0.02u 0.01s 111060e 906544kB
before removeUnusedSignals circuit: 0.02u 0.01s 111060e 906544kB
after removeUnusedSignals circuit: 0.02u 0.01s 111060e 906544kB
before optimize latch enable: 0.02u 0.01s 111060e 906544kB
after optimize latch enable: 0.02u 0.01s 111060e 906544kB
before removeReadAfterMissingWrite: 0.02u 0.01s 111060e 906544kB
after removeReadAfterMissingWrite: 0.02u 0.01s 111060e 906544kB
before undoDimensionalSplitOfMemories: 0.02u 0.01s 111060e 906544kB
after undoDimensionalSplitOfMemories: 0.02u 0.01s 111060e 906544kB
before extractMemories: 0.02u 0.01s 111060e 906544kB
after extractMemories: 0.02u 0.01s 111060e 906544kB
before extractHolds: 0.02u 0.01s 111060e 906544kB
after extractHolds: 0.02u 0.01s 111060e 906544kB
before simplifyAdders: 0.02u 0.01s 111060e 906544kB
after simplifyAdders: 0.02u 0.01s 111060e 906544kB
before optimizeLessThan: 0.02u 0.01s 111060e 906544kB
after optimizeLessThan: 0.02u 0.01s 111060e 906544kB
before reportUnresolvedType: 0.02u 0.01s 111060e 906544kB
after reportUnresolvedType: 0.02u 0.01s 111060e 906544kB
before dumpingPerModuleScm : 0.02u 0.01s 111060e 906544kB
after dumpingPerModuleScm : 0.02u 0.01s 111060e 906544kB

Processing mss_bus_switch_fifo_0000_0005
before constantPropagate: 0.02u 0.01s 111060e 906544kB
after constantPropagate: 0.02u 0.01s 111060e 906544kB
before removeUnusedSignals circuit: 0.02u 0.01s 111060e 906544kB
after removeUnusedSignals circuit: 0.02u 0.01s 111060e 906544kB
before optimize latch enable: 0.02u 0.01s 111060e 906544kB
after optimize latch enable: 0.02u 0.01s 111060e 906544kB
before removeReadAfterMissingWrite: 0.02u 0.01s 111060e 906544kB
after removeReadAfterMissingWrite: 0.02u 0.01s 111060e 906544kB
before undoDimensionalSplitOfMemories: 0.03u 0.01s 111060e 906544kB
after undoDimensionalSplitOfMemories: 0.03u 0.01s 111060e 906544kB
before extractMemories: 0.03u 0.01s 111060e 906544kB
after extractMemories: 0.03u 0.01s 111060e 906544kB
before extractHolds: 0.03u 0.01s 111060e 906544kB
after extractHolds: 0.03u 0.01s 111060e 906544kB
before simplifyAdders: 0.03u 0.01s 111060e 906544kB
after simplifyAdders: 0.03u 0.01s 111060e 906544kB
before optimizeLessThan: 0.03u 0.01s 111060e 906544kB
after optimizeLessThan: 0.03u 0.01s 111060e 906544kB
before reportUnresolvedType: 0.03u 0.01s 111060e 906544kB
after reportUnresolvedType: 0.03u 0.01s 111060e 906544kB
before dumpingPerModuleScm : 0.03u 0.01s 111060e 906544kB
after dumpingPerModuleScm : 0.03u 0.01s 111060e 906544kB

Processing mss_bus_switch_ibp_split_0000_0000
before constantPropagate: 0.03u 0.01s 111060e 906544kB
after constantPropagate: 0.03u 0.01s 111060e 906544kB
before removeUnusedSignals circuit: 0.03u 0.01s 111060e 906544kB
after removeUnusedSignals circuit: 0.03u 0.01s 111060e 906544kB
before optimize latch enable: 0.03u 0.01s 111060e 906544kB
after optimize latch enable: 0.03u 0.01s 111060e 906544kB
before removeReadAfterMissingWrite: 0.03u 0.01s 111060e 906544kB
after removeReadAfterMissingWrite: 0.03u 0.01s 111060e 906544kB
before undoDimensionalSplitOfMemories: 0.03u 0.01s 111060e 906544kB
after undoDimensionalSplitOfMemories: 0.03u 0.01s 111060e 906544kB
before extractMemories: 0.03u 0.01s 111060e 906544kB
after extractMemories: 0.03u 0.01s 111060e 906544kB
before extractHolds: 0.03u 0.01s 111060e 906544kB
after extractHolds: 0.03u 0.01s 111060e 906544kB
before simplifyAdders: 0.03u 0.01s 111060e 906544kB
after simplifyAdders: 0.03u 0.01s 111060e 906544kB
before optimizeLessThan: 0.03u 0.01s 111060e 906544kB
after optimizeLessThan: 0.03u 0.01s 111060e 906544kB
before reportUnresolvedType: 0.03u 0.01s 111060e 906544kB
after reportUnresolvedType: 0.03u 0.01s 111060e 906544kB
before dumpingPerModuleScm : 0.03u 0.01s 111060e 906544kB
after dumpingPerModuleScm : 0.03u 0.01s 111060e 906544kB

Processing mss_bus_switch_fifo_0001_0001
before constantPropagate: 0.03u 0.01s 111060e 906544kB
after constantPropagate: 0.04u 0.01s 111060e 906544kB
before removeUnusedSignals circuit: 0.04u 0.01s 111060e 906544kB
after removeUnusedSignals circuit: 0.04u 0.01s 111060e 906544kB
before optimize latch enable: 0.04u 0.01s 111060e 906544kB
after optimize latch enable: 0.04u 0.01s 111060e 906544kB
before removeReadAfterMissingWrite: 0.04u 0.01s 111060e 906544kB
after removeReadAfterMissingWrite: 0.04u 0.01s 111060e 906544kB
before undoDimensionalSplitOfMemories: 0.04u 0.01s 111060e 906544kB
after undoDimensionalSplitOfMemories: 0.04u 0.01s 111060e 906544kB
before extractMemories: 0.04u 0.01s 111060e 906544kB
after extractMemories: 0.04u 0.01s 111060e 906544kB
before extractHolds: 0.04u 0.01s 111060e 906544kB
after extractHolds: 0.04u 0.02s 110975e 906544kB
before simplifyAdders: 0.04u 0.02s 110975e 906544kB
after simplifyAdders: 0.04u 0.02s 110975e 906544kB
before optimizeLessThan: 0.04u 0.02s 110975e 906544kB
after optimizeLessThan: 0.04u 0.02s 110975e 906544kB
before reportUnresolvedType: 0.04u 0.02s 110975e 906544kB
after reportUnresolvedType: 0.04u 0.02s 110975e 906544kB
before dumpingPerModuleScm : 0.04u 0.02s 110975e 906544kB
after dumpingPerModuleScm : 0.05u 0.02s 110975e 906544kB

Processing mss_bus_switch_ibp2single_0000_0000
before constantPropagate: 0.05u 0.02s 110975e 906544kB
after constantPropagate: 0.05u 0.02s 110975e 906544kB
before removeUnusedSignals circuit: 0.05u 0.02s 110975e 906544kB
after removeUnusedSignals circuit: 0.05u 0.02s 110975e 906544kB
before optimize latch enable: 0.05u 0.02s 110975e 906544kB
after optimize latch enable: 0.05u 0.02s 110975e 906544kB
before removeReadAfterMissingWrite: 0.05u 0.02s 110975e 906544kB
after removeReadAfterMissingWrite: 0.05u 0.02s 110975e 906544kB
before undoDimensionalSplitOfMemories: 0.05u 0.02s 110975e 906544kB
after undoDimensionalSplitOfMemories: 0.05u 0.02s 110975e 906544kB
before extractMemories: 0.05u 0.02s 110975e 906544kB
after extractMemories: 0.05u 0.02s 110975e 906544kB
before extractHolds: 0.05u 0.02s 110975e 906544kB
after extractHolds: 0.05u 0.02s 110976e 906544kB
before simplifyAdders: 0.05u 0.02s 110976e 906544kB
after simplifyAdders: 0.05u 0.02s 110976e 906544kB
before optimizeLessThan: 0.05u 0.02s 110976e 906544kB
after optimizeLessThan: 0.05u 0.02s 110976e 906544kB
before reportUnresolvedType: 0.05u 0.02s 110976e 906544kB
after reportUnresolvedType: 0.05u 0.02s 110976e 906544kB
before dumpingPerModuleScm : 0.05u 0.02s 110976e 906544kB
after dumpingPerModuleScm : 0.05u 0.02s 110976e 906544kB

Processing mss_bus_switch_ibp_compr_0000_0000
before constantPropagate: 0.05u 0.02s 110976e 906544kB
after constantPropagate: 0.05u 0.02s 110976e 906544kB
before removeUnusedSignals circuit: 0.05u 0.02s 110976e 906544kB
after removeUnusedSignals circuit: 0.05u 0.02s 110976e 906544kB
before optimize latch enable: 0.05u 0.02s 110976e 906544kB
after optimize latch enable: 0.05u 0.02s 110976e 906544kB
before removeReadAfterMissingWrite: 0.05u 0.02s 110976e 906544kB
after removeReadAfterMissingWrite: 0.05u 0.02s 110976e 906544kB
before undoDimensionalSplitOfMemories: 0.06u 0.02s 110976e 906544kB
after undoDimensionalSplitOfMemories: 0.06u 0.02s 110976e 906544kB
before extractMemories: 0.06u 0.02s 110976e 906544kB
after extractMemories: 0.06u 0.02s 110976e 906544kB
before extractHolds: 0.06u 0.02s 110976e 906544kB
after extractHolds: 0.06u 0.02s 110991e 906544kB
before simplifyAdders: 0.06u 0.02s 110991e 906544kB
after simplifyAdders: 0.06u 0.02s 110991e 906544kB
before optimizeLessThan: 0.06u 0.02s 110991e 906544kB
after optimizeLessThan: 0.06u 0.02s 110991e 906544kB
before reportUnresolvedType: 0.06u 0.02s 110991e 906544kB
after reportUnresolvedType: 0.06u 0.02s 110991e 906544kB
before dumpingPerModuleScm : 0.06u 0.02s 110991e 906544kB
after dumpingPerModuleScm : 0.06u 0.02s 110991e 906544kB

Processing mss_bus_switch_ibp2pack_0003
before constantPropagate: 0.06u 0.02s 110991e 906544kB
after constantPropagate: 0.06u 0.02s 110991e 906544kB
before removeUnusedSignals circuit: 0.06u 0.02s 110991e 906544kB
after removeUnusedSignals circuit: 0.06u 0.02s 110991e 906544kB
before optimize latch enable: 0.06u 0.02s 110991e 906544kB
after optimize latch enable: 0.06u 0.02s 110991e 906544kB
before removeReadAfterMissingWrite: 0.06u 0.02s 110991e 906544kB
after removeReadAfterMissingWrite: 0.06u 0.02s 110991e 906544kB
before undoDimensionalSplitOfMemories: 0.06u 0.02s 110991e 906544kB
after undoDimensionalSplitOfMemories: 0.06u 0.02s 110991e 906544kB
before extractMemories: 0.06u 0.02s 110991e 906544kB
after extractMemories: 0.06u 0.02s 110991e 906544kB
before extractHolds: 0.06u 0.02s 110991e 906544kB
after extractHolds: 0.06u 0.02s 110991e 906544kB
before simplifyAdders: 0.06u 0.02s 110991e 906544kB
after simplifyAdders: 0.06u 0.02s 110991e 906544kB
before optimizeLessThan: 0.06u 0.02s 110991e 906544kB
after optimizeLessThan: 0.06u 0.02s 110991e 906544kB
before reportUnresolvedType: 0.06u 0.02s 110991e 906544kB
after reportUnresolvedType: 0.06u 0.02s 110991e 906544kB
before dumpingPerModuleScm : 0.06u 0.02s 110991e 906544kB
after dumpingPerModuleScm : 0.06u 0.02s 110991e 906544kB

Processing mss_bus_switch_mst_ibp_buffer_0000_0001
before constantPropagate: 0.06u 0.02s 110991e 906544kB
after constantPropagate: 0.06u 0.02s 110991e 906544kB
before removeUnusedSignals circuit: 0.06u 0.02s 110991e 906544kB
after removeUnusedSignals circuit: 0.06u 0.02s 110991e 906544kB
before optimize latch enable: 0.06u 0.02s 110991e 906544kB
after optimize latch enable: 0.06u 0.02s 110991e 906544kB
before removeReadAfterMissingWrite: 0.06u 0.02s 110991e 906544kB
after removeReadAfterMissingWrite: 0.06u 0.02s 110991e 906544kB
before undoDimensionalSplitOfMemories: 0.06u 0.02s 110991e 906544kB
after undoDimensionalSplitOfMemories: 0.06u 0.02s 110991e 906544kB
before extractMemories: 0.06u 0.02s 110991e 906544kB
after extractMemories: 0.06u 0.02s 110991e 906544kB
before extractHolds: 0.06u 0.02s 110991e 906544kB
after extractHolds: 0.06u 0.02s 110991e 906544kB
before simplifyAdders: 0.06u 0.02s 110991e 906544kB
after simplifyAdders: 0.06u 0.02s 110991e 906544kB
before optimizeLessThan: 0.06u 0.02s 110991e 906544kB
after optimizeLessThan: 0.06u 0.02s 110991e 906544kB
before reportUnresolvedType: 0.06u 0.02s 110991e 906544kB
after reportUnresolvedType: 0.06u 0.02s 110991e 906544kB
before dumpingPerModuleScm : 0.06u 0.02s 110991e 906544kB
after dumpingPerModuleScm : 0.07u 0.02s 110991e 906544kB

Processing alb_mss_fab_pack2ibp_0001
before constantPropagate: 0.07u 0.02s 110991e 906544kB
after constantPropagate: 0.07u 0.02s 110991e 906544kB
before removeUnusedSignals circuit: 0.07u 0.02s 110991e 906544kB
after removeUnusedSignals circuit: 0.07u 0.02s 110991e 906544kB
before optimize latch enable: 0.07u 0.02s 110991e 906544kB
after optimize latch enable: 0.07u 0.02s 110991e 906544kB
before removeReadAfterMissingWrite: 0.07u 0.02s 110991e 906544kB
after removeReadAfterMissingWrite: 0.07u 0.02s 110991e 906544kB
before undoDimensionalSplitOfMemories: 0.07u 0.02s 110991e 906544kB
after undoDimensionalSplitOfMemories: 0.07u 0.02s 110991e 906544kB
before extractMemories: 0.07u 0.02s 110991e 906544kB
after extractMemories: 0.07u 0.02s 110991e 906544kB
before extractHolds: 0.07u 0.02s 110991e 906544kB
after extractHolds: 0.07u 0.02s 110991e 906544kB
before simplifyAdders: 0.07u 0.02s 110991e 906544kB
after simplifyAdders: 0.07u 0.02s 110991e 906544kB
before optimizeLessThan: 0.07u 0.02s 110991e 906544kB
after optimizeLessThan: 0.07u 0.02s 110991e 906544kB
before reportUnresolvedType: 0.07u 0.02s 110991e 906544kB
after reportUnresolvedType: 0.07u 0.02s 110991e 906544kB
before dumpingPerModuleScm : 0.07u 0.02s 110991e 906544kB
after dumpingPerModuleScm : 0.07u 0.02s 110991e 906544kB

Processing alb_mss_fab_fifo_0000_0010
before constantPropagate: 0.07u 0.02s 110991e 906544kB
after constantPropagate: 0.07u 0.02s 110991e 906544kB
before removeUnusedSignals circuit: 0.07u 0.02s 110991e 906544kB
after removeUnusedSignals circuit: 0.07u 0.02s 110991e 906544kB
before optimize latch enable: 0.07u 0.02s 110991e 906544kB
after optimize latch enable: 0.07u 0.02s 110991e 906544kB
before removeReadAfterMissingWrite: 0.07u 0.02s 110991e 906544kB
after removeReadAfterMissingWrite: 0.07u 0.02s 110991e 906544kB
before undoDimensionalSplitOfMemories: 0.07u 0.02s 110991e 906544kB
after undoDimensionalSplitOfMemories: 0.07u 0.02s 110991e 906544kB
before extractMemories: 0.07u 0.02s 110991e 906544kB
after extractMemories: 0.07u 0.02s 110991e 906544kB
before extractHolds: 0.07u 0.02s 110991e 906544kB
after extractHolds: 0.07u 0.02s 110991e 906544kB
before simplifyAdders: 0.07u 0.02s 110991e 906544kB
after simplifyAdders: 0.07u 0.02s 110991e 906544kB
before optimizeLessThan: 0.07u 0.02s 110991e 906544kB
after optimizeLessThan: 0.07u 0.02s 110991e 906544kB
before reportUnresolvedType: 0.07u 0.02s 110991e 906544kB
after reportUnresolvedType: 0.07u 0.02s 110991e 906544kB
before dumpingPerModuleScm : 0.07u 0.02s 110991e 906544kB
after dumpingPerModuleScm : 0.07u 0.02s 110991e 906544kB

Processing alb_mss_fab_ibp_buffer_0000_0008
before constantPropagate: 0.07u 0.02s 110991e 906544kB
after constantPropagate: 0.07u 0.02s 110991e 906544kB
before removeUnusedSignals circuit: 0.07u 0.02s 110991e 906544kB
after removeUnusedSignals circuit: 0.07u 0.02s 110991e 906544kB
before optimize latch enable: 0.07u 0.02s 110991e 906544kB
after optimize latch enable: 0.07u 0.02s 110991e 906544kB
before removeReadAfterMissingWrite: 0.07u 0.02s 110991e 906544kB
after removeReadAfterMissingWrite: 0.07u 0.02s 110991e 906544kB
before undoDimensionalSplitOfMemories: 0.07u 0.02s 110991e 906544kB
after undoDimensionalSplitOfMemories: 0.07u 0.02s 110991e 906544kB
before extractMemories: 0.07u 0.02s 110991e 906544kB
after extractMemories: 0.07u 0.02s 110991e 906544kB
before extractHolds: 0.07u 0.02s 110991e 906544kB
after extractHolds: 0.07u 0.02s 110991e 906544kB
before simplifyAdders: 0.07u 0.02s 110991e 906544kB
after simplifyAdders: 0.07u 0.02s 110991e 906544kB
before optimizeLessThan: 0.07u 0.02s 110991e 906544kB
after optimizeLessThan: 0.07u 0.02s 110991e 906544kB
before reportUnresolvedType: 0.07u 0.02s 110991e 906544kB
after reportUnresolvedType: 0.07u 0.02s 110991e 906544kB
before dumpingPerModuleScm : 0.07u 0.02s 110991e 906544kB
after dumpingPerModuleScm : 0.07u 0.02s 110991e 906544kB

Processing alb_mss_fab_fifo_0003
before constantPropagate: 0.07u 0.02s 110991e 906544kB
after constantPropagate: 0.07u 0.02s 110991e 906544kB
before removeUnusedSignals circuit: 0.07u 0.02s 110991e 906544kB
after removeUnusedSignals circuit: 0.07u 0.02s 110991e 906544kB
before optimize latch enable: 0.07u 0.02s 110991e 906544kB
after optimize latch enable: 0.07u 0.02s 110991e 906544kB
before removeReadAfterMissingWrite: 0.07u 0.02s 110991e 906544kB
after removeReadAfterMissingWrite: 0.07u 0.02s 110991e 906544kB
before undoDimensionalSplitOfMemories: 0.07u 0.02s 110991e 906544kB
after undoDimensionalSplitOfMemories: 0.07u 0.02s 110991e 906544kB
before extractMemories: 0.07u 0.02s 110991e 906544kB
after extractMemories: 0.07u 0.02s 110991e 906544kB
before extractHolds: 0.07u 0.02s 110991e 906544kB
after extractHolds: 0.07u 0.02s 110991e 906544kB
before simplifyAdders: 0.07u 0.02s 110991e 906544kB
after simplifyAdders: 0.07u 0.02s 110991e 906544kB
before optimizeLessThan: 0.07u 0.02s 110991e 906544kB
after optimizeLessThan: 0.07u 0.02s 110991e 906544kB
before reportUnresolvedType: 0.07u 0.02s 110991e 906544kB
after reportUnresolvedType: 0.07u 0.02s 110991e 906544kB
before dumpingPerModuleScm : 0.07u 0.02s 110991e 906544kB
after dumpingPerModuleScm : 0.07u 0.02s 110991e 906544kB

Processing alb_mss_fab_fifo_0005
before constantPropagate: 0.07u 0.02s 110991e 906544kB
after constantPropagate: 0.07u 0.02s 110991e 906544kB
before removeUnusedSignals circuit: 0.07u 0.02s 110991e 906544kB
after removeUnusedSignals circuit: 0.07u 0.02s 110991e 906544kB
before optimize latch enable: 0.07u 0.02s 110991e 906544kB
after optimize latch enable: 0.08u 0.02s 110991e 906544kB
before removeReadAfterMissingWrite: 0.08u 0.02s 110991e 906544kB
after removeReadAfterMissingWrite: 0.08u 0.02s 110991e 906544kB
before undoDimensionalSplitOfMemories: 0.08u 0.02s 110991e 906544kB
after undoDimensionalSplitOfMemories: 0.08u 0.02s 110991e 906544kB
before extractMemories: 0.08u 0.02s 110991e 906544kB
after extractMemories: 0.08u 0.02s 110991e 906544kB
before extractHolds: 0.08u 0.02s 110991e 906544kB
after extractHolds: 0.08u 0.02s 110991e 906544kB
before simplifyAdders: 0.08u 0.02s 110991e 906544kB
after simplifyAdders: 0.08u 0.02s 110991e 906544kB
before optimizeLessThan: 0.08u 0.02s 110991e 906544kB
after optimizeLessThan: 0.08u 0.02s 110991e 906544kB
before reportUnresolvedType: 0.08u 0.02s 110991e 906544kB
after reportUnresolvedType: 0.08u 0.02s 110991e 906544kB
before dumpingPerModuleScm : 0.08u 0.02s 110991e 906544kB
after dumpingPerModuleScm : 0.08u 0.02s 110991e 906544kB

Processing alb_mss_fab_ibp2ahbl
before constantPropagate: 0.08u 0.02s 110991e 906544kB
after constantPropagate: 0.08u 0.02s 110991e 906544kB
before removeUnusedSignals circuit: 0.08u 0.02s 110991e 906544kB
after removeUnusedSignals circuit: 0.08u 0.02s 110991e 906544kB
before optimize latch enable: 0.08u 0.02s 110991e 906544kB
after optimize latch enable: 0.08u 0.02s 110991e 906544kB
before removeReadAfterMissingWrite: 0.08u 0.02s 110991e 906544kB
after removeReadAfterMissingWrite: 0.08u 0.02s 110991e 906544kB
before undoDimensionalSplitOfMemories: 0.08u 0.02s 110991e 906544kB
after undoDimensionalSplitOfMemories: 0.08u 0.02s 110991e 906544kB
before extractMemories: 0.08u 0.02s 110991e 906544kB
after extractMemories: 0.08u 0.02s 110991e 906544kB
before extractHolds: 0.08u 0.02s 110991e 906544kB
after extractHolds: 0.08u 0.02s 110991e 906544kB
before simplifyAdders: 0.08u 0.02s 110991e 906544kB
after simplifyAdders: 0.08u 0.02s 110991e 906544kB
before optimizeLessThan: 0.08u 0.02s 110991e 906544kB
after optimizeLessThan: 0.08u 0.02s 110991e 906544kB
before reportUnresolvedType: 0.08u 0.02s 110991e 906544kB
after reportUnresolvedType: 0.08u 0.02s 110991e 906544kB
before dumpingPerModuleScm : 0.08u 0.02s 110991e 906544kB
after dumpingPerModuleScm : 0.08u 0.02s 110991e 906544kB

Processing alb_mss_fab_fifo_000A
before constantPropagate: 0.08u 0.02s 110991e 906544kB
after constantPropagate: 0.08u 0.02s 110991e 906544kB
before removeUnusedSignals circuit: 0.08u 0.02s 110991e 906544kB
after removeUnusedSignals circuit: 0.08u 0.02s 110991e 906544kB
before optimize latch enable: 0.08u 0.02s 110991e 906544kB
after optimize latch enable: 0.08u 0.02s 110991e 906544kB
before removeReadAfterMissingWrite: 0.08u 0.02s 110991e 906544kB
after removeReadAfterMissingWrite: 0.08u 0.02s 110991e 906544kB
before undoDimensionalSplitOfMemories: 0.08u 0.02s 110991e 906544kB
after undoDimensionalSplitOfMemories: 0.08u 0.02s 110991e 906544kB
before extractMemories: 0.08u 0.02s 110991e 906544kB
after extractMemories: 0.08u 0.02s 110991e 906544kB
before extractHolds: 0.08u 0.02s 110991e 906544kB
after extractHolds: 0.08u 0.02s 110990e 906544kB
before simplifyAdders: 0.08u 0.02s 110990e 906544kB
after simplifyAdders: 0.08u 0.02s 110990e 906544kB
before optimizeLessThan: 0.08u 0.02s 110990e 906544kB
after optimizeLessThan: 0.08u 0.02s 110990e 906544kB
before reportUnresolvedType: 0.08u 0.02s 110990e 906544kB
after reportUnresolvedType: 0.08u 0.02s 110990e 906544kB
before dumpingPerModuleScm : 0.08u 0.02s 110990e 906544kB
after dumpingPerModuleScm : 0.08u 0.02s 110990e 906544kB

Processing alb_mss_clkctrl_clkgate
before constantPropagate: 0.08u 0.02s 110990e 906544kB
after constantPropagate: 0.08u 0.02s 110990e 906544kB
before removeUnusedSignals circuit: 0.08u 0.02s 110990e 906544kB
after removeUnusedSignals circuit: 0.08u 0.02s 110990e 906544kB
before optimize latch enable: 0.08u 0.02s 110990e 906544kB
after optimize latch enable: 0.08u 0.02s 110990e 906544kB
before removeReadAfterMissingWrite: 0.08u 0.02s 110990e 906544kB
after removeReadAfterMissingWrite: 0.08u 0.02s 110990e 906544kB
before undoDimensionalSplitOfMemories: 0.08u 0.02s 110990e 906544kB
after undoDimensionalSplitOfMemories: 0.09u 0.02s 110990e 906544kB
before extractMemories: 0.09u 0.02s 110990e 906544kB
after extractMemories: 0.09u 0.02s 110990e 906544kB
before extractHolds: 0.09u 0.02s 110990e 906544kB
after extractHolds: 0.09u 0.02s 110990e 906544kB
before simplifyAdders: 0.09u 0.02s 110990e 906544kB
after simplifyAdders: 0.09u 0.02s 110990e 906544kB
before optimizeLessThan: 0.09u 0.02s 110990e 906544kB
after optimizeLessThan: 0.09u 0.02s 110990e 906544kB
before reportUnresolvedType: 0.09u 0.02s 110990e 906544kB
after reportUnresolvedType: 0.09u 0.02s 110990e 906544kB
before dumpingPerModuleScm : 0.09u 0.02s 110990e 906544kB
after dumpingPerModuleScm : 0.09u 0.02s 110990e 906544kB

Processing ZebuClockDetectFront_77
before constantPropagate: 0.09u 0.02s 110990e 906544kB
after constantPropagate: 0.09u 0.02s 110990e 906544kB
before removeUnusedSignals circuit: 0.09u 0.02s 110990e 906544kB
after removeUnusedSignals circuit: 0.09u 0.02s 110990e 906544kB
before optimize latch enable: 0.09u 0.02s 110990e 906544kB
after optimize latch enable: 0.09u 0.02s 110990e 906544kB
before removeReadAfterMissingWrite: 0.09u 0.02s 110990e 906544kB
after removeReadAfterMissingWrite: 0.09u 0.02s 110990e 906544kB
before undoDimensionalSplitOfMemories: 0.09u 0.02s 110990e 906544kB
after undoDimensionalSplitOfMemories: 0.09u 0.02s 110990e 906544kB
before extractMemories: 0.09u 0.02s 110990e 906544kB
after extractMemories: 0.09u 0.02s 110990e 906544kB
before extractHolds: 0.09u 0.02s 110990e 906544kB
after extractHolds: 0.09u 0.02s 110990e 906544kB
before simplifyAdders: 0.09u 0.02s 110990e 906544kB
after simplifyAdders: 0.09u 0.02s 110990e 906544kB
before optimizeLessThan: 0.09u 0.02s 110990e 906544kB
after optimizeLessThan: 0.09u 0.02s 110990e 906544kB
before reportUnresolvedType: 0.09u 0.02s 110990e 906544kB
after reportUnresolvedType: 0.09u 0.02s 110990e 906544kB
before dumpingPerModuleScm : 0.09u 0.02s 110990e 906544kB
after dumpingPerModuleScm : 0.09u 0.03s 110990e 906544kB

Processing ZebuClockDetectFront_83
before constantPropagate: 0.09u 0.03s 110990e 906544kB
after constantPropagate: 0.09u 0.03s 110990e 906544kB
before removeUnusedSignals circuit: 0.09u 0.03s 110990e 906544kB
after removeUnusedSignals circuit: 0.09u 0.03s 110990e 906544kB
before optimize latch enable: 0.09u 0.03s 110990e 906544kB
after optimize latch enable: 0.09u 0.03s 110990e 906544kB
before removeReadAfterMissingWrite: 0.09u 0.03s 110990e 906544kB
after removeReadAfterMissingWrite: 0.09u 0.03s 110990e 906544kB
before undoDimensionalSplitOfMemories: 0.09u 0.03s 110990e 906544kB
after undoDimensionalSplitOfMemories: 0.09u 0.03s 110990e 906544kB
before extractMemories: 0.09u 0.03s 110990e 906544kB
after extractMemories: 0.09u 0.03s 110990e 906544kB
before extractHolds: 0.09u 0.03s 110990e 906544kB
after extractHolds: 0.09u 0.03s 110990e 906544kB
before simplifyAdders: 0.09u 0.03s 110990e 906544kB
after simplifyAdders: 0.09u 0.03s 110990e 906544kB
before optimizeLessThan: 0.09u 0.03s 110990e 906544kB
after optimizeLessThan: 0.09u 0.03s 110990e 906544kB
before reportUnresolvedType: 0.09u 0.03s 110990e 906544kB
after reportUnresolvedType: 0.09u 0.03s 110990e 906544kB
before dumpingPerModuleScm : 0.09u 0.03s 110990e 906544kB
after dumpingPerModuleScm : 0.09u 0.03s 110990e 906544kB

Processing ZebuClockDetectFront_90
before constantPropagate: 0.09u 0.03s 110990e 906544kB
after constantPropagate: 0.09u 0.03s 110990e 906544kB
before removeUnusedSignals circuit: 0.09u 0.03s 110990e 906544kB
after removeUnusedSignals circuit: 0.09u 0.03s 110990e 906544kB
before optimize latch enable: 0.09u 0.03s 110990e 906544kB
after optimize latch enable: 0.09u 0.03s 110990e 906544kB
before removeReadAfterMissingWrite: 0.09u 0.03s 110990e 906544kB
after removeReadAfterMissingWrite: 0.09u 0.03s 110990e 906544kB
before undoDimensionalSplitOfMemories: 0.09u 0.03s 110990e 906544kB
after undoDimensionalSplitOfMemories: 0.09u 0.03s 110990e 906544kB
before extractMemories: 0.09u 0.03s 110990e 906544kB
after extractMemories: 0.09u 0.03s 110990e 906544kB
before extractHolds: 0.09u 0.03s 110990e 906544kB
after extractHolds: 0.09u 0.03s 110990e 906544kB
before simplifyAdders: 0.09u 0.03s 110990e 906544kB
after simplifyAdders: 0.09u 0.03s 110990e 906544kB
before optimizeLessThan: 0.09u 0.03s 110990e 906544kB
after optimizeLessThan: 0.09u 0.03s 110990e 906544kB
before reportUnresolvedType: 0.09u 0.03s 110990e 906544kB
after reportUnresolvedType: 0.09u 0.03s 110990e 906544kB
before dumpingPerModuleScm : 0.09u 0.03s 110990e 906544kB
after dumpingPerModuleScm : 0.09u 0.03s 110990e 906544kB

Processing ZebuClockDetectFront_96
before constantPropagate: 0.09u 0.03s 110990e 906544kB
after constantPropagate: 0.09u 0.03s 110990e 906544kB
before removeUnusedSignals circuit: 0.09u 0.03s 110990e 906544kB
after removeUnusedSignals circuit: 0.09u 0.03s 110990e 906544kB
before optimize latch enable: 0.09u 0.03s 110990e 906544kB
after optimize latch enable: 0.09u 0.03s 110990e 906544kB
before removeReadAfterMissingWrite: 0.09u 0.03s 110990e 906544kB
after removeReadAfterMissingWrite: 0.09u 0.03s 110990e 906544kB
before undoDimensionalSplitOfMemories: 0.09u 0.03s 110990e 906544kB
after undoDimensionalSplitOfMemories: 0.09u 0.03s 110990e 906544kB
before extractMemories: 0.09u 0.03s 110990e 906544kB
after extractMemories: 0.09u 0.03s 110990e 906544kB
before extractHolds: 0.09u 0.03s 110990e 906544kB
after extractHolds: 0.09u 0.03s 110990e 906544kB
before simplifyAdders: 0.09u 0.03s 110990e 906544kB
after simplifyAdders: 0.09u 0.03s 110990e 906544kB
before optimizeLessThan: 0.09u 0.03s 110990e 906544kB
after optimizeLessThan: 0.09u 0.03s 110990e 906544kB
before reportUnresolvedType: 0.09u 0.03s 110990e 906544kB
after reportUnresolvedType: 0.09u 0.03s 110990e 906544kB
before dumpingPerModuleScm : 0.09u 0.03s 110990e 906544kB
after dumpingPerModuleScm : 0.09u 0.03s 110990e 906544kB

Processing ZebuClockDetectFront_59
before constantPropagate: 0.09u 0.03s 110990e 906544kB
after constantPropagate: 0.09u 0.03s 110990e 906544kB
before removeUnusedSignals circuit: 0.09u 0.03s 110990e 906544kB
after removeUnusedSignals circuit: 0.09u 0.03s 110990e 906544kB
before optimize latch enable: 0.09u 0.03s 110990e 906544kB
after optimize latch enable: 0.09u 0.03s 110990e 906544kB
before removeReadAfterMissingWrite: 0.09u 0.03s 110990e 906544kB
after removeReadAfterMissingWrite: 0.09u 0.03s 110990e 906544kB
before undoDimensionalSplitOfMemories: 0.09u 0.03s 110990e 906544kB
after undoDimensionalSplitOfMemories: 0.09u 0.03s 110990e 906544kB
before extractMemories: 0.09u 0.03s 110990e 906544kB
after extractMemories: 0.09u 0.03s 110990e 906544kB
before extractHolds: 0.09u 0.03s 110990e 906544kB
after extractHolds: 0.09u 0.03s 110990e 906544kB
before simplifyAdders: 0.09u 0.03s 110990e 906544kB
after simplifyAdders: 0.09u 0.03s 110990e 906544kB
before optimizeLessThan: 0.09u 0.03s 110990e 906544kB
after optimizeLessThan: 0.09u 0.03s 110990e 906544kB
before reportUnresolvedType: 0.09u 0.03s 110990e 906544kB
after reportUnresolvedType: 0.09u 0.03s 110990e 906544kB
before dumpingPerModuleScm : 0.09u 0.03s 110990e 906544kB
after dumpingPerModuleScm : 0.09u 0.03s 110990e 906544kB

Processing ZebuClockDetectFront_68
before constantPropagate: 0.09u 0.03s 110990e 906544kB
after constantPropagate: 0.09u 0.03s 110990e 906544kB
before removeUnusedSignals circuit: 0.09u 0.03s 110990e 906544kB
after removeUnusedSignals circuit: 0.09u 0.03s 110990e 906544kB
before optimize latch enable: 0.09u 0.03s 110990e 906544kB
after optimize latch enable: 0.09u 0.03s 110990e 906544kB
before removeReadAfterMissingWrite: 0.09u 0.03s 110990e 906544kB
after removeReadAfterMissingWrite: 0.09u 0.03s 110990e 906544kB
before undoDimensionalSplitOfMemories: 0.09u 0.03s 110990e 906544kB
after undoDimensionalSplitOfMemories: 0.09u 0.03s 110990e 906544kB
before extractMemories: 0.09u 0.03s 110990e 906544kB
after extractMemories: 0.09u 0.03s 110990e 906544kB
before extractHolds: 0.09u 0.03s 110990e 906544kB
after extractHolds: 0.09u 0.03s 110990e 906544kB
before simplifyAdders: 0.09u 0.03s 110990e 906544kB
after simplifyAdders: 0.09u 0.03s 110990e 906544kB
before optimizeLessThan: 0.09u 0.03s 110990e 906544kB
after optimizeLessThan: 0.09u 0.03s 110990e 906544kB
before reportUnresolvedType: 0.09u 0.03s 110990e 906544kB
after reportUnresolvedType: 0.09u 0.03s 110990e 906544kB
before dumpingPerModuleScm : 0.09u 0.03s 110990e 906544kB
after dumpingPerModuleScm : 0.09u 0.03s 110990e 906544kB

Processing axi_dummy_slave
before constantPropagate: 0.09u 0.03s 110990e 906544kB
after constantPropagate: 0.09u 0.03s 110990e 906544kB
before removeUnusedSignals circuit: 0.09u 0.03s 110990e 906544kB
after removeUnusedSignals circuit: 0.09u 0.03s 110990e 906544kB
before optimize latch enable: 0.09u 0.03s 110990e 906544kB
after optimize latch enable: 0.09u 0.03s 110990e 906544kB
before removeReadAfterMissingWrite: 0.09u 0.03s 110990e 906544kB
after removeReadAfterMissingWrite: 0.09u 0.03s 110990e 906544kB
before undoDimensionalSplitOfMemories: 0.09u 0.03s 110990e 906544kB
after undoDimensionalSplitOfMemories: 0.09u 0.03s 110990e 906544kB
before extractMemories: 0.09u 0.03s 110990e 906544kB
after extractMemories: 0.09u 0.03s 110990e 906544kB
before extractHolds: 0.09u 0.03s 110990e 906544kB
after extractHolds: 0.09u 0.03s 110990e 906544kB
before simplifyAdders: 0.09u 0.03s 110990e 906544kB
after simplifyAdders: 0.09u 0.03s 110990e 906544kB
before optimizeLessThan: 0.09u 0.03s 110990e 906544kB
after optimizeLessThan: 0.09u 0.03s 110990e 906544kB
before reportUnresolvedType: 0.09u 0.03s 110990e 906544kB
after reportUnresolvedType: 0.09u 0.03s 110990e 906544kB
before dumpingPerModuleScm : 0.09u 0.03s 110990e 906544kB
after dumpingPerModuleScm : 0.1u 0.03s 110990e 906544kB

Processing alb_mss_mem_ibp_excl_0000
before constantPropagate: 0.1u 0.03s 110990e 906544kB
after constantPropagate: 0.1u 0.03s 110990e 906544kB
before removeUnusedSignals circuit: 0.1u 0.03s 110990e 906544kB
after removeUnusedSignals circuit: 0.1u 0.03s 110990e 906544kB
before optimize latch enable: 0.1u 0.03s 110990e 906544kB
after optimize latch enable: 0.1u 0.03s 110990e 906544kB
before removeReadAfterMissingWrite: 0.1u 0.03s 110990e 906544kB
after removeReadAfterMissingWrite: 0.1u 0.03s 110990e 906544kB
before undoDimensionalSplitOfMemories: 0.11u 0.03s 110990e 906544kB
after undoDimensionalSplitOfMemories: 0.11u 0.03s 110990e 906544kB
before extractMemories: 0.11u 0.03s 110990e 906544kB
after extractMemories: 0.22u 0.03s 111376e 906544kB
before extractHolds: 0.22u 0.03s 110990e 906544kB
after extractHolds: 0.23u 0.03s 110866e 906544kB
before simplifyAdders: 0.23u 0.03s 110866e 906544kB
after simplifyAdders: 0.24u 0.03s 110866e 906544kB
before optimizeLessThan: 0.24u 0.03s 110866e 906544kB
after optimizeLessThan: 0.24u 0.03s 110866e 906544kB
before reportUnresolvedType: 0.24u 0.03s 110866e 906544kB
after reportUnresolvedType: 0.24u 0.03s 110866e 906544kB
before dumpingPerModuleScm : 0.24u 0.03s 110866e 906544kB
after dumpingPerModuleScm : 0.27u 0.03s 110866e 906544kB

Processing ZebuClockDetectFront_26
before constantPropagate: 0.27u 0.03s 110866e 906544kB
after constantPropagate: 0.27u 0.03s 110866e 906544kB
before removeUnusedSignals circuit: 0.27u 0.03s 110866e 906544kB
after removeUnusedSignals circuit: 0.27u 0.03s 110866e 906544kB
before optimize latch enable: 0.27u 0.03s 110866e 906544kB
after optimize latch enable: 0.27u 0.03s 110866e 906544kB
before removeReadAfterMissingWrite: 0.27u 0.03s 110866e 906544kB
after removeReadAfterMissingWrite: 0.27u 0.03s 110866e 906544kB
before undoDimensionalSplitOfMemories: 0.27u 0.03s 110866e 906544kB
after undoDimensionalSplitOfMemories: 0.27u 0.03s 110866e 906544kB
before extractMemories: 0.27u 0.03s 110866e 906544kB
after extractMemories: 0.27u 0.03s 110866e 906544kB
before extractHolds: 0.27u 0.03s 110866e 906544kB
after extractHolds: 0.27u 0.03s 110866e 906544kB
before simplifyAdders: 0.27u 0.03s 110866e 906544kB
after simplifyAdders: 0.27u 0.03s 110866e 906544kB
before optimizeLessThan: 0.27u 0.03s 110866e 906544kB
after optimizeLessThan: 0.27u 0.03s 110866e 906544kB
before reportUnresolvedType: 0.27u 0.03s 110866e 906544kB
after reportUnresolvedType: 0.27u 0.03s 110866e 906544kB
before dumpingPerModuleScm : 0.27u 0.03s 110866e 906544kB
after dumpingPerModuleScm : 0.27u 0.03s 110866e 906544kB

Processing ZebuClockDetectFront_33
before constantPropagate: 0.27u 0.03s 110866e 906544kB
after constantPropagate: 0.27u 0.03s 110866e 906544kB
before removeUnusedSignals circuit: 0.27u 0.03s 110866e 906544kB
after removeUnusedSignals circuit: 0.27u 0.03s 110866e 906544kB
before optimize latch enable: 0.27u 0.03s 110866e 906544kB
after optimize latch enable: 0.27u 0.03s 110866e 906544kB
before removeReadAfterMissingWrite: 0.27u 0.03s 110866e 906544kB
after removeReadAfterMissingWrite: 0.27u 0.03s 110866e 906544kB
before undoDimensionalSplitOfMemories: 0.27u 0.03s 110866e 906544kB
after undoDimensionalSplitOfMemories: 0.27u 0.03s 110866e 906544kB
before extractMemories: 0.28u 0.03s 110866e 906544kB
after extractMemories: 0.28u 0.03s 110866e 906544kB
before extractHolds: 0.28u 0.03s 110866e 906544kB
after extractHolds: 0.28u 0.03s 110866e 906544kB
before simplifyAdders: 0.28u 0.03s 110866e 906544kB
after simplifyAdders: 0.28u 0.03s 110866e 906544kB
before optimizeLessThan: 0.28u 0.03s 110866e 906544kB
after optimizeLessThan: 0.28u 0.03s 110866e 906544kB
before reportUnresolvedType: 0.28u 0.03s 110866e 906544kB
after reportUnresolvedType: 0.28u 0.03s 110866e 906544kB
before dumpingPerModuleScm : 0.28u 0.03s 110866e 906544kB
after dumpingPerModuleScm : 0.28u 0.03s 110866e 906544kB

Processing DWbb_bcm21_0000
before constantPropagate: 0.28u 0.03s 110866e 906544kB
after constantPropagate: 0.28u 0.03s 110866e 906544kB
before removeUnusedSignals circuit: 0.28u 0.03s 110866e 906544kB
after removeUnusedSignals circuit: 0.28u 0.03s 110866e 906544kB
before optimize latch enable: 0.28u 0.03s 110866e 906544kB
after optimize latch enable: 0.28u 0.03s 110866e 906544kB
before removeReadAfterMissingWrite: 0.28u 0.03s 110866e 906544kB
after removeReadAfterMissingWrite: 0.28u 0.03s 110866e 906544kB
before undoDimensionalSplitOfMemories: 0.28u 0.03s 110866e 906544kB
after undoDimensionalSplitOfMemories: 0.28u 0.03s 110866e 906544kB
before extractMemories: 0.28u 0.03s 110866e 906544kB
after extractMemories: 0.28u 0.03s 110866e 906544kB
before extractHolds: 0.28u 0.03s 110866e 906544kB
after extractHolds: 0.28u 0.03s 110866e 906544kB
before simplifyAdders: 0.28u 0.03s 110866e 906544kB
after simplifyAdders: 0.28u 0.03s 110866e 906544kB
before optimizeLessThan: 0.28u 0.03s 110866e 906544kB
after optimizeLessThan: 0.28u 0.03s 110866e 906544kB
before reportUnresolvedType: 0.28u 0.03s 110866e 906544kB
after reportUnresolvedType: 0.28u 0.03s 110866e 906544kB
before dumpingPerModuleScm : 0.28u 0.03s 110866e 906544kB
after dumpingPerModuleScm : 0.28u 0.03s 110866e 906544kB

Processing dwt_jtag_port
before constantPropagate: 0.28u 0.03s 110866e 906544kB
after constantPropagate: 0.28u 0.03s 110866e 906544kB
before removeUnusedSignals circuit: 0.28u 0.03s 110866e 906544kB
after removeUnusedSignals circuit: 0.28u 0.03s 110866e 906544kB
before optimize latch enable: 0.28u 0.03s 110866e 906544kB
after optimize latch enable: 0.28u 0.03s 110866e 906544kB
before removeReadAfterMissingWrite: 0.28u 0.03s 110866e 906544kB
after removeReadAfterMissingWrite: 0.28u 0.03s 110866e 906544kB
before undoDimensionalSplitOfMemories: 0.28u 0.03s 110866e 906544kB
after undoDimensionalSplitOfMemories: 0.28u 0.03s 110866e 906544kB
before extractMemories: 0.28u 0.03s 110866e 906544kB
after extractMemories: 0.28u 0.03s 110866e 906544kB
before extractHolds: 0.28u 0.03s 110866e 906544kB
after extractHolds: 0.28u 0.03s 110866e 906544kB
before simplifyAdders: 0.28u 0.03s 110866e 906544kB
after simplifyAdders: 0.28u 0.03s 110866e 906544kB
before optimizeLessThan: 0.28u 0.03s 110866e 906544kB
after optimizeLessThan: 0.28u 0.03s 110866e 906544kB
before reportUnresolvedType: 0.28u 0.03s 110866e 906544kB
after reportUnresolvedType: 0.28u 0.03s 110866e 906544kB
before dumpingPerModuleScm : 0.28u 0.03s 110866e 906544kB
after dumpingPerModuleScm : 0.28u 0.03s 110866e 906544kB

Processing DWbb_bcm21_atv_0001
before constantPropagate: 0.28u 0.03s 110866e 906544kB
after constantPropagate: 0.28u 0.03s 110866e 906544kB
before removeUnusedSignals circuit: 0.28u 0.03s 110866e 906544kB
after removeUnusedSignals circuit: 0.28u 0.03s 110866e 906544kB
before optimize latch enable: 0.28u 0.03s 110866e 906544kB
after optimize latch enable: 0.28u 0.03s 110866e 906544kB
before removeReadAfterMissingWrite: 0.28u 0.03s 110866e 906544kB
after removeReadAfterMissingWrite: 0.28u 0.03s 110866e 906544kB
before undoDimensionalSplitOfMemories: 0.28u 0.03s 110866e 906544kB
after undoDimensionalSplitOfMemories: 0.28u 0.03s 110866e 906544kB
before extractMemories: 0.28u 0.03s 110866e 906544kB
after extractMemories: 0.28u 0.03s 110866e 906544kB
before extractHolds: 0.28u 0.03s 110866e 906544kB
after extractHolds: 0.28u 0.03s 110866e 906544kB
before simplifyAdders: 0.28u 0.03s 110866e 906544kB
after simplifyAdders: 0.28u 0.03s 110866e 906544kB
before optimizeLessThan: 0.28u 0.03s 110866e 906544kB
after optimizeLessThan: 0.28u 0.03s 110866e 906544kB
before reportUnresolvedType: 0.28u 0.03s 110866e 906544kB
after reportUnresolvedType: 0.28u 0.03s 110866e 906544kB
before dumpingPerModuleScm : 0.28u 0.03s 110866e 906544kB
after dumpingPerModuleScm : 0.28u 0.03s 110866e 906544kB

Processing rl_cpu_misc_synch
before constantPropagate: 0.28u 0.03s 110866e 906544kB
after constantPropagate: 0.28u 0.03s 110866e 906544kB
before removeUnusedSignals circuit: 0.28u 0.03s 110866e 906544kB
after removeUnusedSignals circuit: 0.28u 0.03s 110866e 906544kB
before optimize latch enable: 0.28u 0.03s 110866e 906544kB
after optimize latch enable: 0.28u 0.03s 110866e 906544kB
before removeReadAfterMissingWrite: 0.28u 0.03s 110866e 906544kB
after removeReadAfterMissingWrite: 0.28u 0.03s 110866e 906544kB
before undoDimensionalSplitOfMemories: 0.28u 0.03s 110866e 906544kB
after undoDimensionalSplitOfMemories: 0.28u 0.03s 110866e 906544kB
before extractMemories: 0.28u 0.03s 110866e 906544kB
after extractMemories: 0.28u 0.03s 110866e 906544kB
before extractHolds: 0.28u 0.03s 110866e 906544kB
after extractHolds: 0.28u 0.03s 110866e 906544kB
before simplifyAdders: 0.28u 0.03s 110866e 906544kB
after simplifyAdders: 0.28u 0.03s 110866e 906544kB
before optimizeLessThan: 0.28u 0.03s 110866e 906544kB
after optimizeLessThan: 0.28u 0.03s 110866e 906544kB
before reportUnresolvedType: 0.28u 0.03s 110866e 906544kB
after reportUnresolvedType: 0.28u 0.03s 110866e 906544kB
before dumpingPerModuleScm : 0.28u 0.03s 110866e 906544kB
after dumpingPerModuleScm : 0.28u 0.03s 110866e 906544kB

Processing ls_compare_unit_0001
before constantPropagate: 0.28u 0.03s 110866e 906544kB
after constantPropagate: 0.28u 0.03s 110866e 906544kB
before removeUnusedSignals circuit: 0.28u 0.03s 110866e 906544kB
after removeUnusedSignals circuit: 0.28u 0.03s 110866e 906544kB
before optimize latch enable: 0.28u 0.03s 110866e 906544kB
after optimize latch enable: 0.28u 0.03s 110866e 906544kB
before removeReadAfterMissingWrite: 0.28u 0.03s 110866e 906544kB
after removeReadAfterMissingWrite: 0.28u 0.03s 110866e 906544kB
before undoDimensionalSplitOfMemories: 0.28u 0.03s 110866e 906544kB
after undoDimensionalSplitOfMemories: 0.28u 0.03s 110866e 906544kB
before extractMemories: 0.28u 0.03s 110866e 906544kB
after extractMemories: 0.28u 0.03s 110866e 906544kB
before extractHolds: 0.28u 0.03s 110866e 906544kB
after extractHolds: 0.28u 0.03s 110866e 906544kB
before simplifyAdders: 0.28u 0.03s 110866e 906544kB
after simplifyAdders: 0.28u 0.03s 110866e 906544kB
before optimizeLessThan: 0.28u 0.03s 110866e 906544kB
after optimizeLessThan: 0.28u 0.03s 110866e 906544kB
before reportUnresolvedType: 0.28u 0.03s 110866e 906544kB
after reportUnresolvedType: 0.28u 0.03s 110866e 906544kB
before dumpingPerModuleScm : 0.28u 0.03s 110866e 906544kB
after dumpingPerModuleScm : 0.28u 0.03s 110866e 906544kB

Processing ls_compare_unit_0007
before constantPropagate: 0.28u 0.03s 110866e 906544kB
after constantPropagate: 0.28u 0.03s 110866e 906544kB
before removeUnusedSignals circuit: 0.28u 0.03s 110866e 906544kB
after removeUnusedSignals circuit: 0.28u 0.03s 110866e 906544kB
before optimize latch enable: 0.28u 0.03s 110866e 906544kB
after optimize latch enable: 0.28u 0.03s 110866e 906544kB
before removeReadAfterMissingWrite: 0.28u 0.03s 110866e 906544kB
after removeReadAfterMissingWrite: 0.28u 0.03s 110866e 906544kB
before undoDimensionalSplitOfMemories: 0.28u 0.03s 110866e 906544kB
after undoDimensionalSplitOfMemories: 0.28u 0.03s 110866e 906544kB
before extractMemories: 0.28u 0.03s 110866e 906544kB
after extractMemories: 0.28u 0.03s 110866e 906544kB
before extractHolds: 0.28u 0.03s 110866e 906544kB
after extractHolds: 0.28u 0.03s 110866e 906544kB
before simplifyAdders: 0.28u 0.03s 110866e 906544kB
after simplifyAdders: 0.28u 0.03s 110866e 906544kB
before optimizeLessThan: 0.28u 0.03s 110866e 906544kB
after optimizeLessThan: 0.28u 0.03s 110866e 906544kB
before reportUnresolvedType: 0.28u 0.03s 110866e 906544kB
after reportUnresolvedType: 0.28u 0.03s 110866e 906544kB
before dumpingPerModuleScm : 0.28u 0.03s 110866e 906544kB
after dumpingPerModuleScm : 0.28u 0.03s 110866e 906544kB

Processing ls_compare_unit_000D
before constantPropagate: 0.28u 0.03s 110866e 906544kB
after constantPropagate: 0.28u 0.03s 110866e 906544kB
before removeUnusedSignals circuit: 0.28u 0.03s 110866e 906544kB
after removeUnusedSignals circuit: 0.28u 0.03s 110866e 906544kB
before optimize latch enable: 0.28u 0.03s 110866e 906544kB
after optimize latch enable: 0.28u 0.03s 110866e 906544kB
before removeReadAfterMissingWrite: 0.28u 0.03s 110866e 906544kB
after removeReadAfterMissingWrite: 0.28u 0.03s 110866e 906544kB
before undoDimensionalSplitOfMemories: 0.28u 0.03s 110866e 906544kB
after undoDimensionalSplitOfMemories: 0.28u 0.03s 110866e 906544kB
before extractMemories: 0.28u 0.03s 110866e 906544kB
after extractMemories: 0.28u 0.03s 110866e 906544kB
before extractHolds: 0.28u 0.03s 110866e 906544kB
after extractHolds: 0.28u 0.03s 110866e 906544kB
before simplifyAdders: 0.28u 0.03s 110866e 906544kB
after simplifyAdders: 0.28u 0.03s 110866e 906544kB
before optimizeLessThan: 0.28u 0.03s 110866e 906544kB
after optimizeLessThan: 0.28u 0.03s 110866e 906544kB
before reportUnresolvedType: 0.28u 0.03s 110866e 906544kB
after reportUnresolvedType: 0.28u 0.03s 110866e 906544kB
before dumpingPerModuleScm : 0.28u 0.03s 110866e 906544kB
after dumpingPerModuleScm : 0.29u 0.03s 110866e 906544kB

Processing ls_multi_bit_comparator_0006
before constantPropagate: 0.29u 0.03s 110866e 906544kB
after constantPropagate: 0.29u 0.03s 110866e 906544kB
before removeUnusedSignals circuit: 0.29u 0.03s 110866e 906544kB
after removeUnusedSignals circuit: 0.29u 0.03s 110866e 906544kB
before optimize latch enable: 0.29u 0.03s 110866e 906544kB
after optimize latch enable: 0.29u 0.03s 110866e 906544kB
before removeReadAfterMissingWrite: 0.29u 0.03s 110866e 906544kB
after removeReadAfterMissingWrite: 0.29u 0.03s 110866e 906544kB
before undoDimensionalSplitOfMemories: 0.29u 0.03s 110866e 906544kB
after undoDimensionalSplitOfMemories: 0.29u 0.03s 110866e 906544kB
before extractMemories: 0.29u 0.03s 110866e 906544kB
after extractMemories: 0.29u 0.03s 110866e 906544kB
before extractHolds: 0.29u 0.03s 110866e 906544kB
after extractHolds: 0.29u 0.03s 110866e 906544kB
before simplifyAdders: 0.29u 0.03s 110866e 906544kB
after simplifyAdders: 0.29u 0.03s 110866e 906544kB
before optimizeLessThan: 0.29u 0.03s 110866e 906544kB
after optimizeLessThan: 0.29u 0.03s 110866e 906544kB
before reportUnresolvedType: 0.29u 0.03s 110866e 906544kB
after reportUnresolvedType: 0.29u 0.03s 110866e 906544kB
before dumpingPerModuleScm : 0.29u 0.03s 110866e 906544kB
after dumpingPerModuleScm : 0.29u 0.03s 110866e 906544kB

Processing reset_handshake
before constantPropagate: 0.29u 0.03s 110866e 906544kB
after constantPropagate: 0.29u 0.03s 110866e 906544kB
before removeUnusedSignals circuit: 0.29u 0.03s 110866e 906544kB
after removeUnusedSignals circuit: 0.29u 0.03s 110866e 906544kB
before optimize latch enable: 0.29u 0.03s 110866e 906544kB
after optimize latch enable: 0.29u 0.03s 110866e 906544kB
before removeReadAfterMissingWrite: 0.29u 0.03s 110866e 906544kB
after removeReadAfterMissingWrite: 0.29u 0.03s 110866e 906544kB
before undoDimensionalSplitOfMemories: 0.29u 0.03s 110866e 906544kB
after undoDimensionalSplitOfMemories: 0.29u 0.03s 110866e 906544kB
before extractMemories: 0.29u 0.03s 110866e 906544kB
after extractMemories: 0.29u 0.03s 110866e 906544kB
before extractHolds: 0.29u 0.03s 110866e 906544kB
after extractHolds: 0.29u 0.03s 110866e 906544kB
before simplifyAdders: 0.29u 0.03s 110866e 906544kB
after simplifyAdders: 0.29u 0.03s 110866e 906544kB
before optimizeLessThan: 0.29u 0.03s 110866e 906544kB
after optimizeLessThan: 0.29u 0.03s 110866e 906544kB
before reportUnresolvedType: 0.29u 0.03s 110866e 906544kB
after reportUnresolvedType: 0.29u 0.03s 110866e 906544kB
before dumpingPerModuleScm : 0.29u 0.03s 110866e 906544kB
after dumpingPerModuleScm : 0.29u 0.03s 110866e 906544kB

Processing ZebuClockDetectFront_4
before constantPropagate: 0.29u 0.03s 110866e 906544kB
after constantPropagate: 0.29u 0.03s 110866e 906544kB
before removeUnusedSignals circuit: 0.29u 0.03s 110866e 906544kB
after removeUnusedSignals circuit: 0.29u 0.03s 110866e 906544kB
before optimize latch enable: 0.29u 0.03s 110866e 906544kB
after optimize latch enable: 0.29u 0.03s 110866e 906544kB
before removeReadAfterMissingWrite: 0.29u 0.03s 110866e 906544kB
after removeReadAfterMissingWrite: 0.29u 0.03s 110866e 906544kB
before undoDimensionalSplitOfMemories: 0.29u 0.03s 110866e 906544kB
after undoDimensionalSplitOfMemories: 0.29u 0.03s 110866e 906544kB
before extractMemories: 0.29u 0.03s 110866e 906544kB
after extractMemories: 0.29u 0.03s 110866e 906544kB
before extractHolds: 0.29u 0.03s 110866e 906544kB
after extractHolds: 0.29u 0.03s 110866e 906544kB
before simplifyAdders: 0.29u 0.03s 110866e 906544kB
after simplifyAdders: 0.29u 0.03s 110866e 906544kB
before optimizeLessThan: 0.29u 0.03s 110866e 906544kB
after optimizeLessThan: 0.29u 0.03s 110866e 906544kB
before reportUnresolvedType: 0.29u 0.03s 110866e 906544kB
after reportUnresolvedType: 0.29u 0.03s 110866e 906544kB
before dumpingPerModuleScm : 0.29u 0.03s 110866e 906544kB
after dumpingPerModuleScm : 0.29u 0.04s 110866e 906544kB

Processing rl_ifu_iccm_csr
before constantPropagate: 0.29u 0.04s 110866e 906544kB
after constantPropagate: 0.29u 0.04s 110866e 906544kB
before removeUnusedSignals circuit: 0.29u 0.04s 110866e 906544kB
after removeUnusedSignals circuit: 0.29u 0.04s 110866e 906544kB
before optimize latch enable: 0.29u 0.04s 110866e 906544kB
after optimize latch enable: 0.29u 0.04s 110866e 906544kB
before removeReadAfterMissingWrite: 0.29u 0.04s 110866e 906544kB
after removeReadAfterMissingWrite: 0.29u 0.04s 110866e 906544kB
before undoDimensionalSplitOfMemories: 0.29u 0.04s 110866e 906544kB
after undoDimensionalSplitOfMemories: 0.29u 0.04s 110866e 906544kB
before extractMemories: 0.29u 0.04s 110866e 906544kB
after extractMemories: 0.29u 0.04s 110866e 906544kB
before extractHolds: 0.29u 0.04s 110866e 906544kB
after extractHolds: 0.29u 0.04s 110866e 906544kB
before simplifyAdders: 0.29u 0.04s 110866e 906544kB
after simplifyAdders: 0.29u 0.04s 110866e 906544kB
before optimizeLessThan: 0.29u 0.04s 110866e 906544kB
after optimizeLessThan: 0.29u 0.04s 110866e 906544kB
before reportUnresolvedType: 0.29u 0.04s 110866e 906544kB
after reportUnresolvedType: 0.29u 0.04s 110866e 906544kB
before dumpingPerModuleScm : 0.29u 0.04s 110866e 906544kB
after dumpingPerModuleScm : 0.29u 0.04s 110866e 906544kB

Processing ic_tag_ecc_decoder
before constantPropagate: 0.29u 0.04s 110866e 906544kB
after constantPropagate: 0.29u 0.04s 110866e 906544kB
before removeUnusedSignals circuit: 0.29u 0.04s 110866e 906544kB
after removeUnusedSignals circuit: 0.29u 0.04s 110866e 906544kB
before optimize latch enable: 0.29u 0.04s 110866e 906544kB
after optimize latch enable: 0.29u 0.04s 110866e 906544kB
before removeReadAfterMissingWrite: 0.29u 0.04s 110866e 906544kB
after removeReadAfterMissingWrite: 0.29u 0.04s 110866e 906544kB
before undoDimensionalSplitOfMemories: 0.29u 0.04s 110866e 906544kB
after undoDimensionalSplitOfMemories: 0.29u 0.04s 110866e 906544kB
before extractMemories: 0.29u 0.04s 110866e 906544kB
after extractMemories: 0.29u 0.04s 110866e 906544kB
before extractHolds: 0.29u 0.04s 110866e 906544kB
after extractHolds: 0.29u 0.04s 110866e 906544kB
before simplifyAdders: 0.29u 0.04s 110866e 906544kB
after simplifyAdders: 0.29u 0.04s 110866e 906544kB
before optimizeLessThan: 0.29u 0.04s 110866e 906544kB
after optimizeLessThan: 0.29u 0.04s 110866e 906544kB
before reportUnresolvedType: 0.29u 0.04s 110866e 906544kB
after reportUnresolvedType: 0.29u 0.04s 110866e 906544kB
before dumpingPerModuleScm : 0.29u 0.04s 110866e 906544kB
after dumpingPerModuleScm : 0.29u 0.04s 110866e 906544kB

Processing rl_decoder
before constantPropagate: 0.29u 0.04s 110866e 906544kB
after constantPropagate: 0.29u 0.04s 110866e 906544kB
before removeUnusedSignals circuit: 0.29u 0.04s 110866e 906544kB
after removeUnusedSignals circuit: 0.29u 0.04s 110866e 906544kB
before optimize latch enable: 0.29u 0.04s 110866e 906544kB
after optimize latch enable: 0.29u 0.04s 110866e 906544kB
before removeReadAfterMissingWrite: 0.29u 0.04s 110866e 906544kB
after removeReadAfterMissingWrite: 0.29u 0.04s 110866e 906544kB
before undoDimensionalSplitOfMemories: 0.29u 0.04s 110866e 906544kB
after undoDimensionalSplitOfMemories: 0.29u 0.04s 110866e 906544kB
before extractMemories: 0.29u 0.04s 110866e 906544kB
after extractMemories: 0.29u 0.04s 110866e 906544kB
before extractHolds: 0.29u 0.04s 110866e 906544kB
after extractHolds: 0.29u 0.04s 110866e 906544kB
before simplifyAdders: 0.29u 0.04s 110866e 906544kB
after simplifyAdders: 0.29u 0.04s 110866e 906544kB
before optimizeLessThan: 0.29u 0.04s 110866e 906544kB
after optimizeLessThan: 0.29u 0.04s 110866e 906544kB
before reportUnresolvedType: 0.29u 0.04s 110866e 906544kB
after reportUnresolvedType: 0.29u 0.04s 110866e 906544kB
before dumpingPerModuleScm : 0.29u 0.04s 110866e 906544kB
after dumpingPerModuleScm : 0.3u 0.04s 110866e 906544kB

Processing rl_dispatch
before constantPropagate: 0.3u 0.04s 110866e 906544kB
after constantPropagate: 0.3u 0.04s 110866e 906544kB
before removeUnusedSignals circuit: 0.3u 0.04s 110866e 906544kB
after removeUnusedSignals circuit: 0.3u 0.04s 110866e 906544kB
before optimize latch enable: 0.3u 0.04s 110866e 906544kB
after optimize latch enable: 0.3u 0.04s 110866e 906544kB
before removeReadAfterMissingWrite: 0.3u 0.04s 110866e 906544kB
after removeReadAfterMissingWrite: 0.3u 0.04s 110866e 906544kB
before undoDimensionalSplitOfMemories: 0.3u 0.04s 110866e 906544kB
after undoDimensionalSplitOfMemories: 0.3u 0.04s 110866e 906544kB
before extractMemories: 0.3u 0.04s 110866e 906544kB
after extractMemories: 0.3u 0.04s 110866e 906544kB
before extractHolds: 0.3u 0.04s 110866e 906544kB
after extractHolds: 0.3u 0.04s 110868e 906544kB
before simplifyAdders: 0.3u 0.04s 110868e 906544kB
after simplifyAdders: 0.3u 0.04s 110868e 906544kB
before optimizeLessThan: 0.3u 0.04s 110868e 906544kB
after optimizeLessThan: 0.3u 0.04s 110868e 906544kB
before reportUnresolvedType: 0.3u 0.04s 110868e 906544kB
after reportUnresolvedType: 0.3u 0.04s 110868e 906544kB
before dumpingPerModuleScm : 0.3u 0.04s 110868e 906544kB
after dumpingPerModuleScm : 0.3u 0.04s 110868e 906544kB

Processing rl_alu
before constantPropagate: 0.3u 0.04s 110868e 906544kB
after constantPropagate: 0.3u 0.04s 110868e 906544kB
before removeUnusedSignals circuit: 0.3u 0.04s 110868e 906544kB
after removeUnusedSignals circuit: 0.3u 0.04s 110868e 906544kB
before optimize latch enable: 0.3u 0.04s 110868e 906544kB
after optimize latch enable: 0.3u 0.04s 110868e 906544kB
before removeReadAfterMissingWrite: 0.3u 0.04s 110868e 906544kB
after removeReadAfterMissingWrite: 0.3u 0.04s 110868e 906544kB
before undoDimensionalSplitOfMemories: 0.3u 0.04s 110868e 906544kB
after undoDimensionalSplitOfMemories: 0.3u 0.04s 110868e 906544kB
before extractMemories: 0.3u 0.04s 110868e 906544kB
after extractMemories: 0.3u 0.04s 110868e 906544kB
before extractHolds: 0.3u 0.04s 110868e 906544kB
after extractHolds: 0.3u 0.04s 110868e 906544kB
before simplifyAdders: 0.3u 0.04s 110868e 906544kB
after simplifyAdders: 0.3u 0.04s 110868e 906544kB
before optimizeLessThan: 0.3u 0.04s 110868e 906544kB
after optimizeLessThan: 0.3u 0.04s 110868e 906544kB
before reportUnresolvedType: 0.3u 0.04s 110868e 906544kB
after reportUnresolvedType: 0.3u 0.04s 110868e 906544kB
before dumpingPerModuleScm : 0.3u 0.04s 110868e 906544kB
after dumpingPerModuleScm : 0.3u 0.04s 110868e 906544kB

Processing rl_wtree_comp302
before constantPropagate: 0.3u 0.04s 110868e 906544kB
after constantPropagate: 0.3u 0.04s 110868e 906544kB
before removeUnusedSignals circuit: 0.3u 0.04s 110868e 906544kB
after removeUnusedSignals circuit: 0.3u 0.04s 110868e 906544kB
before optimize latch enable: 0.3u 0.04s 110868e 906544kB
after optimize latch enable: 0.3u 0.04s 110868e 906544kB
before removeReadAfterMissingWrite: 0.3u 0.04s 110868e 906544kB
after removeReadAfterMissingWrite: 0.3u 0.04s 110868e 906544kB
before undoDimensionalSplitOfMemories: 0.3u 0.04s 110868e 906544kB
after undoDimensionalSplitOfMemories: 0.3u 0.04s 110868e 906544kB
before extractMemories: 0.3u 0.04s 110868e 906544kB
after extractMemories: 0.3u 0.04s 110868e 906544kB
before extractHolds: 0.3u 0.04s 110868e 906544kB
after extractHolds: 0.3u 0.04s 110868e 906544kB
before simplifyAdders: 0.3u 0.04s 110868e 906544kB
after simplifyAdders: 0.3u 0.04s 110868e 906544kB
before optimizeLessThan: 0.3u 0.04s 110868e 906544kB
after optimizeLessThan: 0.3u 0.04s 110868e 906544kB
before reportUnresolvedType: 0.3u 0.04s 110868e 906544kB
after reportUnresolvedType: 0.3u 0.04s 110868e 906544kB
before dumpingPerModuleScm : 0.3u 0.04s 110868e 906544kB
after dumpingPerModuleScm : 0.3u 0.04s 110868e 906544kB

Processing rl_wtree_32x4
before constantPropagate: 0.3u 0.04s 110868e 906544kB
after constantPropagate: 0.3u 0.04s 110868e 906544kB
before removeUnusedSignals circuit: 0.3u 0.04s 110868e 906544kB
after removeUnusedSignals circuit: 0.3u 0.04s 110868e 906544kB
before optimize latch enable: 0.3u 0.04s 110868e 906544kB
after optimize latch enable: 0.3u 0.04s 110868e 906544kB
before removeReadAfterMissingWrite: 0.3u 0.04s 110868e 906544kB
after removeReadAfterMissingWrite: 0.3u 0.04s 110868e 906544kB
before undoDimensionalSplitOfMemories: 0.3u 0.04s 110868e 906544kB
after undoDimensionalSplitOfMemories: 0.3u 0.04s 110868e 906544kB
before extractMemories: 0.3u 0.04s 110868e 906544kB
after extractMemories: 0.3u 0.04s 110868e 906544kB
before extractHolds: 0.3u 0.04s 110868e 906544kB
after extractHolds: 0.3u 0.04s 110868e 906544kB
before simplifyAdders: 0.3u 0.04s 110868e 906544kB
after simplifyAdders: 0.3u 0.04s 110868e 906544kB
before optimizeLessThan: 0.3u 0.04s 110868e 906544kB
after optimizeLessThan: 0.3u 0.04s 110868e 906544kB
before reportUnresolvedType: 0.3u 0.04s 110868e 906544kB
after reportUnresolvedType: 0.3u 0.04s 110868e 906544kB
before dumpingPerModuleScm : 0.3u 0.04s 110868e 906544kB
after dumpingPerModuleScm : 0.31u 0.04s 110868e 906544kB

Processing rl_halt_mgr
before constantPropagate: 0.31u 0.04s 110868e 906544kB
after constantPropagate: 0.31u 0.04s 110868e 906544kB
before removeUnusedSignals circuit: 0.31u 0.04s 110868e 906544kB
after removeUnusedSignals circuit: 0.31u 0.04s 110868e 906544kB
before optimize latch enable: 0.31u 0.04s 110868e 906544kB
after optimize latch enable: 0.31u 0.04s 110868e 906544kB
before removeReadAfterMissingWrite: 0.31u 0.04s 110868e 906544kB
after removeReadAfterMissingWrite: 0.31u 0.04s 110868e 906544kB
before undoDimensionalSplitOfMemories: 0.31u 0.04s 110868e 906544kB
after undoDimensionalSplitOfMemories: 0.31u 0.04s 110868e 906544kB
before extractMemories: 0.31u 0.04s 110868e 906544kB
after extractMemories: 0.31u 0.04s 110868e 906544kB
before extractHolds: 0.31u 0.04s 110868e 906544kB
after extractHolds: 0.31u 0.04s 110868e 906544kB
before simplifyAdders: 0.31u 0.04s 110868e 906544kB
after simplifyAdders: 0.31u 0.04s 110868e 906544kB
before optimizeLessThan: 0.31u 0.04s 110868e 906544kB
after optimizeLessThan: 0.31u 0.04s 110868e 906544kB
before reportUnresolvedType: 0.31u 0.04s 110868e 906544kB
after reportUnresolvedType: 0.31u 0.04s 110868e 906544kB
before dumpingPerModuleScm : 0.31u 0.04s 110868e 906544kB
after dumpingPerModuleScm : 0.31u 0.04s 110868e 906544kB

Processing rl_dmp_dccm_ecc_decoder
before constantPropagate: 0.31u 0.04s 110868e 906544kB
after constantPropagate: 0.31u 0.04s 110868e 906544kB
before removeUnusedSignals circuit: 0.31u 0.04s 110868e 906544kB
after removeUnusedSignals circuit: 0.31u 0.04s 110868e 906544kB
before optimize latch enable: 0.31u 0.04s 110868e 906544kB
after optimize latch enable: 0.31u 0.04s 110868e 906544kB
before removeReadAfterMissingWrite: 0.31u 0.04s 110868e 906544kB
after removeReadAfterMissingWrite: 0.31u 0.04s 110868e 906544kB
before undoDimensionalSplitOfMemories: 0.31u 0.04s 110868e 906544kB
after undoDimensionalSplitOfMemories: 0.31u 0.04s 110868e 906544kB
before extractMemories: 0.31u 0.04s 110868e 906544kB
after extractMemories: 0.31u 0.04s 110868e 906544kB
before extractHolds: 0.31u 0.04s 110868e 906544kB
after extractHolds: 0.31u 0.04s 110868e 906544kB
before simplifyAdders: 0.31u 0.04s 110868e 906544kB
after simplifyAdders: 0.31u 0.04s 110868e 906544kB
before optimizeLessThan: 0.31u 0.04s 110868e 906544kB
after optimizeLessThan: 0.31u 0.04s 110868e 906544kB
before reportUnresolvedType: 0.31u 0.04s 110868e 906544kB
after reportUnresolvedType: 0.31u 0.04s 110868e 906544kB
before dumpingPerModuleScm : 0.31u 0.04s 110868e 906544kB
after dumpingPerModuleScm : 0.32u 0.04s 110868e 906544kB

Processing rl_dmp_lsq
before constantPropagate: 0.32u 0.04s 110868e 906544kB
after constantPropagate: 0.32u 0.04s 110868e 906544kB
before removeUnusedSignals circuit: 0.32u 0.04s 110868e 906544kB
after removeUnusedSignals circuit: 0.32u 0.04s 110868e 906544kB
before optimize latch enable: 0.32u 0.04s 110868e 906544kB
after optimize latch enable: 0.32u 0.04s 110868e 906544kB
before removeReadAfterMissingWrite: 0.32u 0.04s 110868e 906544kB
after removeReadAfterMissingWrite: 0.32u 0.04s 110868e 906544kB
before undoDimensionalSplitOfMemories: 0.32u 0.04s 110868e 906544kB
after undoDimensionalSplitOfMemories: 0.32u 0.04s 110868e 906544kB
before extractMemories: 0.32u 0.04s 110868e 906544kB
after extractMemories: 0.32u 0.04s 110868e 906544kB
before extractHolds: 0.32u 0.04s 110868e 906544kB
after extractHolds: 0.32u 0.04s 110868e 906544kB
before simplifyAdders: 0.32u 0.04s 110868e 906544kB
after simplifyAdders: 0.32u 0.04s 110868e 906544kB
before optimizeLessThan: 0.32u 0.04s 110868e 906544kB
after optimizeLessThan: 0.32u 0.04s 110868e 906544kB
before reportUnresolvedType: 0.32u 0.04s 110868e 906544kB
after reportUnresolvedType: 0.32u 0.04s 110868e 906544kB
before dumpingPerModuleScm : 0.32u 0.04s 110868e 906544kB
after dumpingPerModuleScm : 0.32u 0.04s 110868e 906544kB

Processing DWbb_bcm00_maj
before constantPropagate: 0.32u 0.04s 110868e 906544kB
after constantPropagate: 0.32u 0.04s 110868e 906544kB
before removeUnusedSignals circuit: 0.32u 0.04s 110868e 906544kB
after removeUnusedSignals circuit: 0.32u 0.04s 110868e 906544kB
before optimize latch enable: 0.32u 0.04s 110868e 906544kB
after optimize latch enable: 0.32u 0.04s 110868e 906544kB
before removeReadAfterMissingWrite: 0.32u 0.04s 110868e 906544kB
after removeReadAfterMissingWrite: 0.32u 0.04s 110868e 906544kB
before undoDimensionalSplitOfMemories: 0.32u 0.04s 110868e 906544kB
after undoDimensionalSplitOfMemories: 0.32u 0.04s 110868e 906544kB
before extractMemories: 0.32u 0.04s 110868e 906544kB
after extractMemories: 0.32u 0.04s 110868e 906544kB
before extractHolds: 0.32u 0.04s 110868e 906544kB
after extractHolds: 0.32u 0.04s 110868e 906544kB
before simplifyAdders: 0.32u 0.04s 110868e 906544kB
after simplifyAdders: 0.32u 0.04s 110868e 906544kB
before optimizeLessThan: 0.32u 0.04s 110868e 906544kB
after optimizeLessThan: 0.32u 0.04s 110868e 906544kB
before reportUnresolvedType: 0.32u 0.04s 110868e 906544kB
after reportUnresolvedType: 0.32u 0.04s 110868e 906544kB
before dumpingPerModuleScm : 0.32u 0.04s 110868e 906544kB
after dumpingPerModuleScm : 0.32u 0.04s 110868e 906544kB

Processing odd_pty_dec
before constantPropagate: 0.32u 0.04s 110868e 906544kB
after constantPropagate: 0.32u 0.04s 110868e 906544kB
before removeUnusedSignals circuit: 0.32u 0.04s 110868e 906544kB
after removeUnusedSignals circuit: 0.32u 0.04s 110868e 906544kB
before optimize latch enable: 0.32u 0.04s 110868e 906544kB
after optimize latch enable: 0.32u 0.04s 110868e 906544kB
before removeReadAfterMissingWrite: 0.32u 0.04s 110868e 906544kB
after removeReadAfterMissingWrite: 0.32u 0.04s 110868e 906544kB
before undoDimensionalSplitOfMemories: 0.32u 0.04s 110868e 906544kB
after undoDimensionalSplitOfMemories: 0.32u 0.04s 110868e 906544kB
before extractMemories: 0.32u 0.04s 110868e 906544kB
after extractMemories: 0.32u 0.04s 110868e 906544kB
before extractHolds: 0.32u 0.04s 110868e 906544kB
after extractHolds: 0.32u 0.04s 110868e 906544kB
before simplifyAdders: 0.32u 0.04s 110868e 906544kB
after simplifyAdders: 0.32u 0.04s 110868e 906544kB
before optimizeLessThan: 0.32u 0.04s 110868e 906544kB
after optimizeLessThan: 0.32u 0.04s 110868e 906544kB
before reportUnresolvedType: 0.32u 0.04s 110868e 906544kB
after reportUnresolvedType: 0.32u 0.04s 110868e 906544kB
before dumpingPerModuleScm : 0.32u 0.04s 110868e 906544kB
after dumpingPerModuleScm : 0.32u 0.04s 110868e 906544kB

Processing sfty_ibp_ini_e2e_wrap_0000
before constantPropagate: 0.32u 0.04s 110868e 906544kB
after constantPropagate: 0.32u 0.04s 110868e 906544kB
before removeUnusedSignals circuit: 0.32u 0.04s 110868e 906544kB
after removeUnusedSignals circuit: 0.32u 0.04s 110868e 906544kB
before optimize latch enable: 0.32u 0.04s 110868e 906544kB
after optimize latch enable: 0.32u 0.04s 110868e 906544kB
before removeReadAfterMissingWrite: 0.32u 0.04s 110868e 906544kB
after removeReadAfterMissingWrite: 0.32u 0.04s 110868e 906544kB
before undoDimensionalSplitOfMemories: 0.32u 0.04s 110868e 906544kB
after undoDimensionalSplitOfMemories: 0.32u 0.04s 110868e 906544kB
before extractMemories: 0.32u 0.04s 110868e 906544kB
after extractMemories: 0.32u 0.04s 110868e 906544kB
before extractHolds: 0.32u 0.04s 110868e 906544kB
after extractHolds: 0.32u 0.04s 110868e 906544kB
before simplifyAdders: 0.32u 0.04s 110868e 906544kB
after simplifyAdders: 0.32u 0.04s 110868e 906544kB
before optimizeLessThan: 0.32u 0.04s 110868e 906544kB
after optimizeLessThan: 0.32u 0.04s 110868e 906544kB
before reportUnresolvedType: 0.32u 0.04s 110868e 906544kB
after reportUnresolvedType: 0.32u 0.04s 110868e 906544kB
before dumpingPerModuleScm : 0.32u 0.04s 110868e 906544kB
after dumpingPerModuleScm : 0.32u 0.04s 110868e 906544kB

Processing rl_parity_gen_0000_0002
before constantPropagate: 0.32u 0.04s 110868e 906544kB
after constantPropagate: 0.32u 0.04s 110868e 906544kB
before removeUnusedSignals circuit: 0.32u 0.04s 110868e 906544kB
after removeUnusedSignals circuit: 0.32u 0.04s 110868e 906544kB
before optimize latch enable: 0.32u 0.04s 110868e 906544kB
after optimize latch enable: 0.32u 0.04s 110868e 906544kB
before removeReadAfterMissingWrite: 0.32u 0.04s 110868e 906544kB
after removeReadAfterMissingWrite: 0.32u 0.04s 110868e 906544kB
before undoDimensionalSplitOfMemories: 0.32u 0.04s 110868e 906544kB
after undoDimensionalSplitOfMemories: 0.32u 0.04s 110868e 906544kB
before extractMemories: 0.32u 0.04s 110868e 906544kB
after extractMemories: 0.32u 0.04s 110868e 906544kB
before extractHolds: 0.32u 0.04s 110868e 906544kB
after extractHolds: 0.32u 0.04s 110868e 906544kB
before simplifyAdders: 0.32u 0.04s 110868e 906544kB
after simplifyAdders: 0.32u 0.04s 110868e 906544kB
before optimizeLessThan: 0.32u 0.04s 110868e 906544kB
after optimizeLessThan: 0.32u 0.04s 110868e 906544kB
before reportUnresolvedType: 0.32u 0.04s 110868e 906544kB
after reportUnresolvedType: 0.32u 0.04s 110868e 906544kB
before dumpingPerModuleScm : 0.32u 0.04s 110868e 906544kB
after dumpingPerModuleScm : 0.32u 0.04s 110868e 906544kB

Processing rl_parity_chk_0002_0002
before constantPropagate: 0.32u 0.04s 110868e 906544kB
after constantPropagate: 0.32u 0.04s 110868e 906544kB
before removeUnusedSignals circuit: 0.32u 0.04s 110868e 906544kB
after removeUnusedSignals circuit: 0.32u 0.04s 110868e 906544kB
before optimize latch enable: 0.32u 0.04s 110868e 906544kB
after optimize latch enable: 0.32u 0.04s 110868e 906544kB
before removeReadAfterMissingWrite: 0.32u 0.04s 110868e 906544kB
after removeReadAfterMissingWrite: 0.32u 0.04s 110868e 906544kB
before undoDimensionalSplitOfMemories: 0.32u 0.05s 110868e 906544kB
after undoDimensionalSplitOfMemories: 0.32u 0.05s 110868e 906544kB
before extractMemories: 0.32u 0.05s 110868e 906544kB
after extractMemories: 0.32u 0.05s 110868e 906544kB
before extractHolds: 0.32u 0.05s 110868e 906544kB
after extractHolds: 0.32u 0.05s 110868e 906544kB
before simplifyAdders: 0.32u 0.05s 110868e 906544kB
after simplifyAdders: 0.32u 0.05s 110868e 906544kB
before optimizeLessThan: 0.32u 0.05s 110868e 906544kB
after optimizeLessThan: 0.32u 0.05s 110868e 906544kB
before reportUnresolvedType: 0.32u 0.05s 110868e 906544kB
after reportUnresolvedType: 0.32u 0.05s 110868e 906544kB
before dumpingPerModuleScm : 0.32u 0.05s 110868e 906544kB
after dumpingPerModuleScm : 0.33u 0.05s 110868e 906544kB

Processing rl_core
before constantPropagate: 0.33u 0.05s 110868e 906544kB
after constantPropagate: 0.33u 0.05s 110868e 906544kB
before removeUnusedSignals circuit: 0.33u 0.05s 110868e 906544kB
after removeUnusedSignals circuit: 0.33u 0.05s 110868e 906544kB
before optimize latch enable: 0.33u 0.05s 110868e 906544kB
after optimize latch enable: 0.33u 0.05s 110868e 906544kB
before removeReadAfterMissingWrite: 0.33u 0.05s 110868e 906544kB
after removeReadAfterMissingWrite: 0.33u 0.05s 110868e 906544kB
before undoDimensionalSplitOfMemories: 0.33u 0.05s 110868e 906544kB
after undoDimensionalSplitOfMemories: 0.33u 0.05s 110868e 906544kB
before extractMemories: 0.33u 0.05s 110868e 906544kB
after extractMemories: 0.33u 0.05s 110868e 906544kB
before extractHolds: 0.33u 0.05s 110868e 906544kB
after extractHolds: 0.33u 0.05s 110868e 906544kB
before simplifyAdders: 0.33u 0.05s 110868e 906544kB
after simplifyAdders: 0.33u 0.05s 110868e 906544kB
before optimizeLessThan: 0.33u 0.05s 110868e 906544kB
after optimizeLessThan: 0.33u 0.05s 110868e 906544kB
before reportUnresolvedType: 0.33u 0.05s 110868e 906544kB
after reportUnresolvedType: 0.33u 0.05s 110868e 906544kB
before dumpingPerModuleScm : 0.33u 0.05s 110868e 906544kB
after dumpingPerModuleScm : 0.35u 0.05s 110868e 906544kB

Processing odd_pty_qual_di_dec_wrap_0000_0000
before constantPropagate: 0.35u 0.05s 110868e 906544kB
after constantPropagate: 0.35u 0.05s 110868e 906544kB
before removeUnusedSignals circuit: 0.35u 0.05s 110868e 906544kB
after removeUnusedSignals circuit: 0.35u 0.05s 110868e 906544kB
before optimize latch enable: 0.35u 0.05s 110868e 906544kB
after optimize latch enable: 0.35u 0.05s 110868e 906544kB
before removeReadAfterMissingWrite: 0.35u 0.05s 110868e 906544kB
after removeReadAfterMissingWrite: 0.35u 0.05s 110868e 906544kB
before undoDimensionalSplitOfMemories: 0.35u 0.05s 110868e 906544kB
after undoDimensionalSplitOfMemories: 0.35u 0.05s 110868e 906544kB
before extractMemories: 0.35u 0.05s 110868e 906544kB
after extractMemories: 0.35u 0.05s 110868e 906544kB
before extractHolds: 0.35u 0.05s 110868e 906544kB
after extractHolds: 0.35u 0.05s 110868e 906544kB
before simplifyAdders: 0.35u 0.05s 110868e 906544kB
after simplifyAdders: 0.35u 0.05s 110868e 906544kB
before optimizeLessThan: 0.35u 0.05s 110868e 906544kB
after optimizeLessThan: 0.35u 0.05s 110868e 906544kB
before reportUnresolvedType: 0.35u 0.05s 110868e 906544kB
after reportUnresolvedType: 0.35u 0.05s 110868e 906544kB
before dumpingPerModuleScm : 0.35u 0.05s 110868e 906544kB
after dumpingPerModuleScm : 0.35u 0.05s 110868e 906544kB

Processing fpga_sram_0000
before constantPropagate: 0.35u 0.05s 110868e 906544kB
after constantPropagate: 0.35u 0.05s 110868e 906544kB
before removeUnusedSignals circuit: 0.35u 0.05s 110868e 906544kB
after removeUnusedSignals circuit: 0.35u 0.05s 110868e 906544kB
before optimize latch enable: 0.35u 0.05s 110868e 906544kB
after optimize latch enable: 0.35u 0.05s 110868e 906544kB
before removeReadAfterMissingWrite: 0.35u 0.05s 110868e 906544kB
after removeReadAfterMissingWrite: 0.35u 0.05s 110868e 906544kB
before undoDimensionalSplitOfMemories: 0.36u 0.05s 110868e 906544kB
after undoDimensionalSplitOfMemories: 0.36u 0.05s 110868e 906544kB
before extractMemories: 0.36u 0.05s 110868e 906544kB
after extractMemories: 0.38u 0.05s 111052e 906544kB
before extractHolds: 0.38u 0.05s 110770e 906544kB
after extractHolds: 0.38u 0.05s 110770e 906544kB
before simplifyAdders: 0.38u 0.05s 110770e 906544kB
after simplifyAdders: 0.38u 0.05s 110770e 906544kB
before optimizeLessThan: 0.38u 0.05s 110770e 906544kB
after optimizeLessThan: 0.38u 0.05s 110770e 906544kB
before reportUnresolvedType: 0.38u 0.05s 110770e 906544kB
after reportUnresolvedType: 0.38u 0.05s 110770e 906544kB
before dumpingPerModuleScm : 0.38u 0.05s 110770e 906544kB
after dumpingPerModuleScm : 0.38u 0.05s 110770e 906544kB

Processing ZebuClockDetectFront_98
before constantPropagate: 0.38u 0.05s 110770e 906544kB
after constantPropagate: 0.38u 0.05s 110770e 906544kB
before removeUnusedSignals circuit: 0.38u 0.05s 110770e 906544kB
after removeUnusedSignals circuit: 0.38u 0.05s 110770e 906544kB
before optimize latch enable: 0.38u 0.05s 110770e 906544kB
after optimize latch enable: 0.38u 0.05s 110770e 906544kB
before removeReadAfterMissingWrite: 0.38u 0.05s 110770e 906544kB
after removeReadAfterMissingWrite: 0.38u 0.05s 110770e 906544kB
before undoDimensionalSplitOfMemories: 0.38u 0.05s 110770e 906544kB
after undoDimensionalSplitOfMemories: 0.38u 0.05s 110770e 906544kB
before extractMemories: 0.38u 0.05s 110770e 906544kB
after extractMemories: 0.38u 0.05s 110770e 906544kB
before extractHolds: 0.38u 0.05s 110770e 906544kB
after extractHolds: 0.38u 0.05s 110770e 906544kB
before simplifyAdders: 0.38u 0.05s 110770e 906544kB
after simplifyAdders: 0.38u 0.05s 110770e 906544kB
before optimizeLessThan: 0.38u 0.05s 110770e 906544kB
after optimizeLessThan: 0.38u 0.05s 110770e 906544kB
before reportUnresolvedType: 0.38u 0.05s 110770e 906544kB
after reportUnresolvedType: 0.38u 0.05s 110770e 906544kB
before dumpingPerModuleScm : 0.38u 0.05s 110770e 906544kB
after dumpingPerModuleScm : 0.39u 0.05s 110770e 906544kB

Processing ZebuClockDetectFront_100
before constantPropagate: 0.39u 0.05s 110770e 906544kB
after constantPropagate: 0.39u 0.05s 110770e 906544kB
before removeUnusedSignals circuit: 0.39u 0.05s 110770e 906544kB
after removeUnusedSignals circuit: 0.39u 0.05s 110770e 906544kB
before optimize latch enable: 0.39u 0.05s 110770e 906544kB
after optimize latch enable: 0.39u 0.05s 110770e 906544kB
before removeReadAfterMissingWrite: 0.39u 0.05s 110770e 906544kB
after removeReadAfterMissingWrite: 0.39u 0.05s 110770e 906544kB
before undoDimensionalSplitOfMemories: 0.39u 0.05s 110770e 906544kB
after undoDimensionalSplitOfMemories: 0.39u 0.05s 110770e 906544kB
before extractMemories: 0.39u 0.05s 110770e 906544kB
after extractMemories: 0.39u 0.05s 110770e 906544kB
before extractHolds: 0.39u 0.05s 110770e 906544kB
after extractHolds: 0.39u 0.05s 110770e 906544kB
before simplifyAdders: 0.39u 0.05s 110770e 906544kB
after simplifyAdders: 0.39u 0.05s 110770e 906544kB
before optimizeLessThan: 0.39u 0.05s 110770e 906544kB
after optimizeLessThan: 0.39u 0.05s 110770e 906544kB
before reportUnresolvedType: 0.39u 0.05s 110770e 906544kB
after reportUnresolvedType: 0.39u 0.05s 110770e 906544kB
before dumpingPerModuleScm : 0.39u 0.05s 110770e 906544kB
after dumpingPerModuleScm : 0.39u 0.05s 110770e 906544kB

Processing ZebuClockDetectFront_103
before constantPropagate: 0.39u 0.05s 110770e 906544kB
after constantPropagate: 0.39u 0.05s 110770e 906544kB
before removeUnusedSignals circuit: 0.39u 0.05s 110770e 906544kB
after removeUnusedSignals circuit: 0.39u 0.05s 110770e 906544kB
before optimize latch enable: 0.39u 0.05s 110770e 906544kB
after optimize latch enable: 0.39u 0.05s 110770e 906544kB
before removeReadAfterMissingWrite: 0.39u 0.05s 110770e 906544kB
after removeReadAfterMissingWrite: 0.39u 0.05s 110770e 906544kB
before undoDimensionalSplitOfMemories: 0.39u 0.05s 110770e 906544kB
after undoDimensionalSplitOfMemories: 0.39u 0.05s 110770e 906544kB
before extractMemories: 0.39u 0.05s 110770e 906544kB
after extractMemories: 0.39u 0.05s 110770e 906544kB
before extractHolds: 0.39u 0.05s 110770e 906544kB
after extractHolds: 0.39u 0.05s 110770e 906544kB
before simplifyAdders: 0.39u 0.05s 110770e 906544kB
after simplifyAdders: 0.39u 0.05s 110770e 906544kB
before optimizeLessThan: 0.39u 0.05s 110770e 906544kB
after optimizeLessThan: 0.39u 0.05s 110770e 906544kB
before reportUnresolvedType: 0.39u 0.05s 110770e 906544kB
after reportUnresolvedType: 0.39u 0.05s 110770e 906544kB
before dumpingPerModuleScm : 0.39u 0.05s 110770e 906544kB
after dumpingPerModuleScm : 0.39u 0.05s 110770e 906544kB

Processing zebu_ts_orion_tick_clk_mod
before constantPropagate: 0.39u 0.05s 110770e 906544kB
after constantPropagate: 0.39u 0.05s 110770e 906544kB
before removeUnusedSignals circuit: 0.39u 0.05s 110770e 906544kB
after removeUnusedSignals circuit: 0.39u 0.05s 110770e 906544kB
before optimize latch enable: 0.39u 0.05s 110770e 906544kB
after optimize latch enable: 0.39u 0.05s 110770e 906544kB
before removeReadAfterMissingWrite: 0.39u 0.05s 110770e 906544kB
after removeReadAfterMissingWrite: 0.39u 0.05s 110770e 906544kB
before undoDimensionalSplitOfMemories: 0.39u 0.05s 110770e 906544kB
after undoDimensionalSplitOfMemories: 0.39u 0.05s 110770e 906544kB
before extractMemories: 0.39u 0.05s 110770e 906544kB
after extractMemories: 0.39u 0.05s 110770e 906544kB
before extractHolds: 0.39u 0.05s 110770e 906544kB
after extractHolds: 0.39u 0.05s 110772e 906544kB
before simplifyAdders: 0.39u 0.05s 110772e 906544kB
after simplifyAdders: 0.39u 0.05s 110772e 906544kB
before optimizeLessThan: 0.39u 0.05s 110772e 906544kB
after optimizeLessThan: 0.39u 0.05s 110772e 906544kB
before reportUnresolvedType: 0.39u 0.05s 110772e 906544kB
after reportUnresolvedType: 0.39u 0.05s 110772e 906544kB
before dumpingPerModuleScm : 0.39u 0.05s 110772e 906544kB
after dumpingPerModuleScm : 0.39u 0.05s 110772e 906544kB
