#   step ALWAYS : 

                                    ZeBu (R)
                                     zfast

           Version S-2021.09-2-T-20240508 for linux64 - May 08, 2024 

                    Copyright (c) 2002 - 2024 Synopsys, Inc.
   This software and the associated documentation are proprietary to Synopsys,
 Inc. This software may only be used in accordance with the terms and conditions
 of a written license agreement with Synopsys, Inc. All other use, reproduction,
   or distribution of this software is strictly prohibited.  Licensed Products
     communicate with Synopsys servers for the purpose of providing software
    updates, detecting software piracy and verifying that customers are using
    Licensed Products in conformity with the applicable License Key for such
  Licensed Products. Synopsys will use information gathered in connection with
    this process to deliver software updates and pursue software pirates and
                                   infringers.

 Inclusivity & Diversity - Visit SolvNetPlus to read the "Synopsys Statement on
            Inclusivity and Diversity" (Refer to article 000036315 at
                        https://solvnetplus.synopsys.com)

### warning in ZFAST : Out of 71 pin types only 69 have names
#   step REPORT : Converting netlist 'NO NAME' to znl format
#   step REPORT : Writing netlist 'NO NAME' to 'fs_macros.edf'
#   step SERIALIZE : writing netlist 'zmerge' into znl file 'fs_macros.edf'
#   step SERIALIZE : #bytes in: 10768, #bytes out: 4576, compression ratio: 2.353147
