Got following -X option = show_memory
Got following -X option = show_times
#     Wed May 14 18:57:21 2025 : zCreateNameDB Started
#      : Reading the Serializing VCS Version
[2025-05-14 18:57:21.465042] [0x000015555540d300] [info]    #      : Reading the Serializing VCS Version

#      : Deserializing names dictionary
[2025-05-14 18:57:21.468031] [0x000015555540d300] [info]    #      : Deserializing names dictionary

#      : Deserializing libraries
[2025-05-14 18:57:21.477205] [0x000015555540d300] [info]    #      : Deserializing libraries

#      : Deserializing RTL
[2025-05-14 18:57:21.480062] [0x000015555540d300] [info]    #      : Deserializing RTL

#      : Deserializing Gate
[2025-05-14 18:57:21.483082] [0x000015555540d300] [info]    #      : Deserializing Gate

#      : Deserializing design object
[2025-05-14 18:57:21.486113] [0x000015555540d300] [info]    #      : Deserializing design object

#      : Populating Dfs Table
[2025-05-14 18:57:21.488340] [0x000015555540d300] [info]    #      : Populating Dfs Table

#     Wed May 14 18:57:21 2025 (VM Peak:126M, Size:126M, RSS:87M, Data:70M) : ReEnumerating design
#     Wed May 14 18:57:23 2025 (VM Peak:188M, Size:188M, RSS:151M, Data:132M) : Populating dfs mappings
#     Wed May 14 18:57:23 2025 (VM Peak:189M, Size:189M, RSS:151M, Data:132M) : Building light dfs table
#     Wed May 14 18:57:23 2025 (VM Peak:189M, Size:189M, RSS:151M, Data:133M) : Building dfs to light dfs table
#     Wed May 14 18:57:23 2025 (VM Peak:189M, Size:189M, RSS:151M, Data:133M) : Collecting shared modules ids
#     Wed May 14 18:57:23 2025 (VM Peak:189M, Size:189M, RSS:151M, Data:133M) : Building light dfs table
#     Wed May 14 18:57:23 2025 (VM Peak:189M, Size:189M, RSS:151M, Data:133M) : Building dfs to light dfs table
#     Wed May 14 18:57:23 2025 (VM Peak:189M, Size:189M, RSS:151M, Data:133M) : Collecting shared modules ids
#     Wed May 14 18:57:23 2025 (VM Peak:189M, Size:189M, RSS:151M, Data:133M) : Collecting flops weights
#     Wed May 14 18:57:23 2025 (VM Peak:189M, Size:189M, RSS:151M, Data:133M) : Collecting module licenses
#     Wed May 14 18:57:23 2025 (VM Peak:189M, Size:189M, RSS:151M, Data:133M) : Collecting indexes
#     Wed May 14 18:57:23 2025 (VM Peak:189M, Size:189M, RSS:151M, Data:133M) : Serializing RTL
#     Wed May 14 18:57:23 2025 (VM Peak:189M, Size:189M, RSS:151M, Data:133M) : RTL type container ready
#     Wed May 14 18:57:23 2025 (VM Peak:189M, Size:189M, RSS:151M, Data:133M) : RTL Light containers ready for module zebu_top
#     Wed May 14 18:57:23 2025 (VM Peak:189M, Size:189M, RSS:151M, Data:133M) : RTL Light containers ready for module zebu_time_capture
#     Wed May 14 18:57:23 2025 (VM Peak:189M, Size:189M, RSS:151M, Data:133M) : RTL Light containers ready for module clockDelayPort
#     Wed May 14 18:57:23 2025 (VM Peak:189M, Size:189M, RSS:151M, Data:133M) : RTL Light containers ready for module core_chip
#     Wed May 14 18:57:23 2025 (VM Peak:189M, Size:189M, RSS:151M, Data:133M) : RTL Light containers ready for module io_pad_ring
#     Wed May 14 18:57:23 2025 (VM Peak:189M, Size:189M, RSS:151M, Data:133M) : RTL Light containers ready for module core_sys
#     Wed May 14 18:57:23 2025 (VM Peak:189M, Size:189M, RSS:151M, Data:133M) : RTL Light containers ready for module arcv_dm_top_stubs
#     Wed May 14 18:57:23 2025 (VM Peak:189M, Size:189M, RSS:151M, Data:133M) : RTL Light containers ready for module alb_mss_fab
#     Wed May 14 18:57:23 2025 (VM Peak:189M, Size:189M, RSS:151M, Data:133M) : RTL Light containers ready for module alb_mss_fab_slv_axi_buffer
#     Wed May 14 18:57:23 2025 (VM Peak:189M, Size:189M, RSS:151M, Data:133M) : RTL Light containers ready for module alb_mss_fab_axi2ibp_rrobin
#     Wed May 14 18:57:23 2025 (VM Peak:189M, Size:189M, RSS:151M, Data:133M) : RTL Light containers ready for module alb_mss_fab_ibp2pack
#     Wed May 14 18:57:23 2025 (VM Peak:189M, Size:189M, RSS:151M, Data:133M) : RTL Light containers ready for module alb_mss_fab_pack2ibp
#     Wed May 14 18:57:23 2025 (VM Peak:189M, Size:189M, RSS:151M, Data:133M) : RTL Light containers ready for module alb_mss_fab_ibp_lat
#     Wed May 14 18:57:23 2025 (VM Peak:189M, Size:189M, RSS:151M, Data:133M) : RTL Light containers ready for module alb_mss_bus_switch
#     Wed May 14 18:57:23 2025 (VM Peak:189M, Size:189M, RSS:151M, Data:133M) : RTL Light containers ready for module mss_bus_switch_dw32_slv
#     Wed May 14 18:57:23 2025 (VM Peak:189M, Size:189M, RSS:151M, Data:133M) : RTL Light containers ready for module mss_bus_switch_ibp2pack
#     Wed May 14 18:57:23 2025 (VM Peak:189M, Size:189M, RSS:151M, Data:133M) : RTL Light containers ready for module mss_bus_switch_dw512_slv
#     Wed May 14 18:57:23 2025 (VM Peak:189M, Size:189M, RSS:151M, Data:133M) : RTL Light containers ready for module mss_bus_switch_ibp_dw32_mst
#     Wed May 14 18:57:23 2025 (VM Peak:189M, Size:189M, RSS:151M, Data:133M) : RTL Light containers ready for module mss_bus_switch_ibp2ibps
#     Wed May 14 18:57:23 2025 (VM Peak:189M, Size:189M, RSS:151M, Data:133M) : RTL Light containers ready for module mss_bus_switch_pack2ibp
#     Wed May 14 18:57:23 2025 (VM Peak:189M, Size:189M, RSS:151M, Data:133M) : RTL Light containers ready for module mss_bus_switch_ibp_dw64_mst
#     Wed May 14 18:57:23 2025 (VM Peak:189M, Size:189M, RSS:151M, Data:133M) : RTL Light containers ready for module mss_bus_switch_ibp_dw128_mst
#     Wed May 14 18:57:23 2025 (VM Peak:189M, Size:189M, RSS:151M, Data:133M) : RTL Light containers ready for module alb_mss_fab_ibp2ahbl_sel
#     Wed May 14 18:57:23 2025 (VM Peak:189M, Size:189M, RSS:151M, Data:133M) : RTL Light containers ready for module alb_mss_fab_ibp2ahbl
#     Wed May 14 18:57:23 2025 (VM Peak:189M, Size:189M, RSS:151M, Data:133M) : RTL Light containers ready for module alb_mss_fab_single2ahbl
#     Wed May 14 18:57:23 2025 (VM Peak:189M, Size:189M, RSS:151M, Data:133M) : RTL Light containers ready for module alb_mss_fab_ibp2apb
#     Wed May 14 18:57:23 2025 (VM Peak:189M, Size:189M, RSS:151M, Data:133M) : RTL Light containers ready for module alb_mss_fab_ibp2axi_rg
#     Wed May 14 18:57:23 2025 (VM Peak:189M, Size:189M, RSS:151M, Data:133M) : RTL Light containers ready for module alb_mss_fab_ibp2axi
#     Wed May 14 18:57:23 2025 (VM Peak:189M, Size:189M, RSS:151M, Data:133M) : RTL Light containers ready for module alb_mss_fab_mst_axi_buffer
#     Wed May 14 18:57:23 2025 (VM Peak:189M, Size:189M, RSS:151M, Data:133M) : RTL Light containers ready for module alb_mss_ext_stub
#     Wed May 14 18:57:23 2025 (VM Peak:189M, Size:189M, RSS:151M, Data:133M) : RTL Light containers ready for module alb_mss_clkctrl
#     Wed May 14 18:57:23 2025 (VM Peak:189M, Size:189M, RSS:151M, Data:133M) : RTL Light containers ready for module alb_mss_clkctrl_clkgen
#     Wed May 14 18:57:23 2025 (VM Peak:189M, Size:189M, RSS:151M, Data:133M) : RTL Light containers ready for module alb_mss_clkctrl_clkgate
#     Wed May 14 18:57:23 2025 (VM Peak:189M, Size:189M, RSS:151M, Data:133M) : RTL Light containers ready for module alb_mss_clkctrl_clken_gen
#     Wed May 14 18:57:23 2025 (VM Peak:189M, Size:189M, RSS:151M, Data:133M) : RTL Light containers ready for module alb_mss_clkctrl_ratio_calc
#     Wed May 14 18:57:23 2025 (VM Peak:189M, Size:189M, RSS:151M, Data:133M) : RTL Light containers ready for module alb_mss_dummy_slave
#     Wed May 14 18:57:23 2025 (VM Peak:189M, Size:189M, RSS:151M, Data:133M) : RTL Light containers ready for module apb_dummy_slave
#     Wed May 14 18:57:23 2025 (VM Peak:189M, Size:189M, RSS:151M, Data:133M) : RTL Light containers ready for module axi_dummy_slave
#     Wed May 14 18:57:23 2025 (VM Peak:189M, Size:189M, RSS:151M, Data:133M) : RTL Light containers ready for module xtor_amba_slave_axi3_svs
#     Wed May 14 18:57:23 2025 (VM Peak:189M, Size:189M, RSS:151M, Data:133M) : RTL Light containers ready for module zz_Encrypt_1
#     Wed May 14 18:57:23 2025 (VM Peak:189M, Size:189M, RSS:151M, Data:133M) : RTL Light containers ready for module zz_Encrypt_2
#     Wed May 14 18:57:23 2025 (VM Peak:189M, Size:189M, RSS:151M, Data:133M) : RTL Light containers ready for module zz_Encrypt_3
#     Wed May 14 18:57:23 2025 (VM Peak:189M, Size:189M, RSS:151M, Data:133M) : RTL Light containers ready for module zz_Encrypt_4
#     Wed May 14 18:57:23 2025 (VM Peak:189M, Size:189M, RSS:151M, Data:133M) : RTL Light containers ready for module alb_mss_perfctrl
#     Wed May 14 18:57:23 2025 (VM Peak:189M, Size:189M, RSS:151M, Data:133M) : RTL Light containers ready for module alb_mss_mem
#     Wed May 14 18:57:23 2025 (VM Peak:189M, Size:189M, RSS:151M, Data:133M) : RTL Light containers ready for module alb_mss_mem_ibp_buf
#     Wed May 14 18:57:23 2025 (VM Peak:189M, Size:189M, RSS:151M, Data:133M) : RTL Light containers ready for module alb_mss_mem_ibp2pack
#     Wed May 14 18:57:23 2025 (VM Peak:189M, Size:189M, RSS:151M, Data:133M) : RTL Light containers ready for module alb_mss_mem_pack2ibp
#     Wed May 14 18:57:23 2025 (VM Peak:189M, Size:189M, RSS:151M, Data:133M) : RTL Light containers ready for module alb_mss_mem_ibp_lat
#     Wed May 14 18:57:23 2025 (VM Peak:189M, Size:189M, RSS:151M, Data:133M) : RTL Light containers ready for module alb_mss_mem_ctrl
#     Wed May 14 18:57:23 2025 (VM Peak:189M, Size:189M, RSS:151M, Data:133M) : RTL Light containers ready for module alb_mss_mem_model
#     Wed May 14 18:57:23 2025 (VM Peak:189M, Size:189M, RSS:151M, Data:133M) : RTL Light containers ready for module alb_mss_mem_clkgate
#     Wed May 14 18:57:23 2025 (VM Peak:189M, Size:189M, RSS:151M, Data:133M) : RTL Light containers ready for module zebu_axi_xtor
#     Wed May 14 18:57:23 2025 (VM Peak:189M, Size:189M, RSS:151M, Data:133M) : RTL Light containers ready for module xtor_amba_master_axi3_svs
#     Wed May 14 18:57:23 2025 (VM Peak:189M, Size:189M, RSS:151M, Data:133M) : RTL Light containers ready for module dw_dbp_stubs
#     Wed May 14 18:57:23 2025 (VM Peak:189M, Size:189M, RSS:151M, Data:133M) : RTL Light containers ready for module archipelago
#     Wed May 14 18:57:23 2025 (VM Peak:189M, Size:189M, RSS:151M, Data:133M) : RTL Light containers ready for module arcv_dm_top
#     Wed May 14 18:57:23 2025 (VM Peak:189M, Size:189M, RSS:151M, Data:133M) : RTL Light containers ready for module dm_cgm
#     Wed May 14 18:57:23 2025 (VM Peak:189M, Size:189M, RSS:151M, Data:133M) : RTL Light containers ready for module dm_clock_gate
#     Wed May 14 18:57:23 2025 (VM Peak:189M, Size:189M, RSS:151M, Data:133M) : RTL Light containers ready for module dm_cdc_sync
#     Wed May 14 18:57:23 2025 (VM Peak:189M, Size:189M, RSS:151M, Data:133M) : RTL Light containers ready for module arcv_dm
#     Wed May 14 18:57:23 2025 (VM Peak:189M, Size:189M, RSS:151M, Data:133M) : RTL Light containers ready for module dm_hmst
#     Wed May 14 18:57:23 2025 (VM Peak:189M, Size:189M, RSS:151M, Data:133M) : RTL Light containers ready for module safety_iso_sync
#     Wed May 14 18:57:23 2025 (VM Peak:189M, Size:189M, RSS:151M, Data:133M) : RTL Light containers ready for module ls_cdc_sync
#     Wed May 14 18:57:23 2025 (VM Peak:189M, Size:189M, RSS:151M, Data:133M) : RTL Light containers ready for module dw_dbp
#     Wed May 14 18:57:23 2025 (VM Peak:189M, Size:189M, RSS:151M, Data:133M) : RTL Light containers ready for module dwt_reset_ctrl
#     Wed May 14 18:57:23 2025 (VM Peak:189M, Size:189M, RSS:151M, Data:133M) : RTL Light containers ready for module dw_dbp_cdc_sync
#     Wed May 14 18:57:23 2025 (VM Peak:189M, Size:189M, RSS:151M, Data:133M) : RTL Light containers ready for module dwt_jtag_port
#     Wed May 14 18:57:23 2025 (VM Peak:189M, Size:189M, RSS:151M, Data:133M) : RTL Light containers ready for module dwt_debug_port
#     Wed May 14 18:57:23 2025 (VM Peak:189M, Size:189M, RSS:151M, Data:133M) : RTL Light containers ready for module dwt_sys_clk_sync
#     Wed May 14 18:57:23 2025 (VM Peak:189M, Size:189M, RSS:151M, Data:133M) : RTL Light containers ready for module dwt_tap_controller
#     Wed May 14 18:57:23 2025 (VM Peak:189M, Size:189M, RSS:151M, Data:133M) : RTL Light containers ready for module apb_master_ap0
#     Wed May 14 18:57:23 2025 (VM Peak:189M, Size:189M, RSS:151M, Data:133M) : RTL Light containers ready for module bvci_to_axi
#     Wed May 14 18:57:23 2025 (VM Peak:189M, Size:189M, RSS:151M, Data:133M) : RTL Light containers ready for module cpu_top_safety_controller
#     Wed May 14 18:57:23 2025 (VM Peak:189M, Size:189M, RSS:151M, Data:133M) : RTL Light containers ready for module rl_cpu_synch_wrap
#     Wed May 14 18:57:23 2025 (VM Peak:189M, Size:189M, RSS:151M, Data:133M) : RTL Light containers ready for module rl_reset_ctrl_synch
#     Wed May 14 18:57:23 2025 (VM Peak:189M, Size:189M, RSS:151M, Data:133M) : RTL Light containers ready for module cdc_synch_wrap
#     Wed May 14 18:57:23 2025 (VM Peak:189M, Size:189M, RSS:151M, Data:133M) : RTL Light containers ready for module single_bit_syncP
#     Wed May 14 18:57:23 2025 (VM Peak:189M, Size:189M, RSS:151M, Data:133M) : RTL Light containers ready for module rl_cpu_misc_synch
#     Wed May 14 18:57:23 2025 (VM Peak:189M, Size:189M, RSS:151M, Data:133M) : RTL Light containers ready for module arcv_timer_synch
#     Wed May 14 18:57:23 2025 (VM Peak:189M, Size:189M, RSS:151M, Data:133M) : RTL Light containers ready for module arcv_wdt_synch
#     Wed May 14 18:57:23 2025 (VM Peak:189M, Size:189M, RSS:151M, Data:133M) : RTL Light containers ready for module simple_parity
#     Wed May 14 18:57:23 2025 (VM Peak:189M, Size:189M, RSS:151M, Data:133M) : RTL Light containers ready for module clkgate
#     Wed May 14 18:57:23 2025 (VM Peak:189M, Size:189M, RSS:151M, Data:133M) : RTL Light containers ready for module rl_cpu_top
#     Wed May 14 18:57:23 2025 (VM Peak:189M, Size:189M, RSS:151M, Data:133M) : RTL Light containers ready for module rl_clock_ctrl
#     Wed May 14 18:57:23 2025 (VM Peak:189M, Size:189M, RSS:151M, Data:133M) : RTL Light containers ready for module rl_reset_ctrl_wrap
#     Wed May 14 18:57:23 2025 (VM Peak:189M, Size:189M, RSS:151M, Data:133M) : RTL Light containers ready for module rl_reset_ctrl
#     Wed May 14 18:57:23 2025 (VM Peak:189M, Size:189M, RSS:151M, Data:133M) : RTL Light containers ready for module reset_fsm
#     Wed May 14 18:57:23 2025 (VM Peak:189M, Size:189M, RSS:151M, Data:133M) : RTL Light containers ready for module reset_handshake
#     Wed May 14 18:57:23 2025 (VM Peak:189M, Size:189M, RSS:151M, Data:133M) : RTL Light containers ready for module rl_core
#     Wed May 14 18:57:23 2025 (VM Peak:189M, Size:189M, RSS:151M, Data:133M) : RTL Light containers ready for module rl_hpm
#     Wed May 14 18:57:23 2025 (VM Peak:189M, Size:189M, RSS:151M, Data:133M) : RTL Light containers ready for module rl_ifu
#     Wed May 14 18:57:23 2025 (VM Peak:189M, Size:189M, RSS:151M, Data:133M) : RTL Light containers ready for module rl_ifu_fetcher
#     Wed May 14 18:57:23 2025 (VM Peak:189M, Size:189M, RSS:151M, Data:133M) : RTL Light containers ready for module rl_ifu_id_ctrl
#     Wed May 14 18:57:23 2025 (VM Peak:189M, Size:189M, RSS:151M, Data:133M) : RTL Light containers ready for module rl_ifu_iccm
#     Wed May 14 18:57:23 2025 (VM Peak:189M, Size:189M, RSS:151M, Data:133M) : RTL Light containers ready for module iccm_ecc_encoder
#     Wed May 14 18:57:23 2025 (VM Peak:189M, Size:189M, RSS:151M, Data:133M) : RTL Light containers ready for module iccm_ecc_decoder
#     Wed May 14 18:57:23 2025 (VM Peak:189M, Size:189M, RSS:151M, Data:133M) : RTL Light containers ready for module rl_ifu_iccm_csr
#     Wed May 14 18:57:23 2025 (VM Peak:189M, Size:189M, RSS:151M, Data:133M) : RTL Light containers ready for module rl_dmp_amo
#     Wed May 14 18:57:23 2025 (VM Peak:189M, Size:189M, RSS:151M, Data:133M) : RTL Light containers ready for module rl_ifu_icache
#     Wed May 14 18:57:23 2025 (VM Peak:189M, Size:189M, RSS:151M, Data:133M) : RTL Light containers ready for module ic_data_ecc_encoder
#     Wed May 14 18:57:23 2025 (VM Peak:189M, Size:189M, RSS:151M, Data:133M) : RTL Light containers ready for module ic_tag_ecc_encoder
#     Wed May 14 18:57:23 2025 (VM Peak:189M, Size:189M, RSS:151M, Data:133M) : RTL Light containers ready for module ic_tag_ecc_decoder
#     Wed May 14 18:57:23 2025 (VM Peak:189M, Size:189M, RSS:151M, Data:133M) : RTL Light containers ready for module ic_data_ecc_decoder
#     Wed May 14 18:57:23 2025 (VM Peak:189M, Size:189M, RSS:151M, Data:133M) : RTL Light containers ready for module rl_ifu_icache_rf
#     Wed May 14 18:57:23 2025 (VM Peak:189M, Size:189M, RSS:151M, Data:133M) : RTL Light containers ready for module rl_ifu_icache_ctl
#     Wed May 14 18:57:23 2025 (VM Peak:189M, Size:189M, RSS:151M, Data:133M) : RTL Light containers ready for module rl_ifu_align
#     Wed May 14 18:57:23 2025 (VM Peak:189M, Size:189M, RSS:151M, Data:133M) : RTL Light containers ready for module rl_predecoder
#     Wed May 14 18:57:23 2025 (VM Peak:189M, Size:189M, RSS:151M, Data:133M) : RTL Light containers ready for module rl_exu
#     Wed May 14 18:57:23 2025 (VM Peak:189M, Size:189M, RSS:151M, Data:133M) : RTL Light containers ready for module rl_regfile
#     Wed May 14 18:57:23 2025 (VM Peak:189M, Size:189M, RSS:151M, Data:133M) : RTL Light containers ready for module rl_dispatch
#     Wed May 14 18:57:23 2025 (VM Peak:189M, Size:189M, RSS:151M, Data:133M) : RTL Light containers ready for module rl_decoder
#     Wed May 14 18:57:23 2025 (VM Peak:189M, Size:189M, RSS:151M, Data:133M) : RTL Light containers ready for module rl_bypass
#     Wed May 14 18:57:23 2025 (VM Peak:189M, Size:189M, RSS:151M, Data:133M) : RTL Light containers ready for module rl_uop_seq
#     Wed May 14 18:57:23 2025 (VM Peak:189M, Size:189M, RSS:151M, Data:133M) : RTL Light containers ready for module rl_alu
#     Wed May 14 18:57:23 2025 (VM Peak:189M, Size:189M, RSS:151M, Data:133M) : RTL Light containers ready for module rl_alu_data_path
#     Wed May 14 18:57:23 2025 (VM Peak:189M, Size:189M, RSS:151M, Data:133M) : RTL Light containers ready for module rl_maskgen
#     Wed May 14 18:57:23 2025 (VM Peak:189M, Size:189M, RSS:151M, Data:133M) : RTL Light containers ready for module rl_logic_unit
#     Wed May 14 18:57:23 2025 (VM Peak:189M, Size:189M, RSS:151M, Data:133M) : RTL Light containers ready for module rl_byte_unit
#     Wed May 14 18:57:23 2025 (VM Peak:189M, Size:189M, RSS:151M, Data:133M) : RTL Light containers ready for module rl_bitscan
#     Wed May 14 18:57:23 2025 (VM Peak:189M, Size:189M, RSS:151M, Data:133M) : RTL Light containers ready for module rl_bitscan_16b
#     Wed May 14 18:57:23 2025 (VM Peak:189M, Size:189M, RSS:151M, Data:133M) : RTL Light containers ready for module rl_bitscan_8b
#     Wed May 14 18:57:23 2025 (VM Peak:189M, Size:189M, RSS:151M, Data:133M) : RTL Light containers ready for module rl_bitscan_4b
#     Wed May 14 18:57:23 2025 (VM Peak:189M, Size:189M, RSS:151M, Data:133M) : RTL Light containers ready for module rl_branch
#     Wed May 14 18:57:23 2025 (VM Peak:189M, Size:189M, RSS:151M, Data:133M) : RTL Light containers ready for module rl_mpy
#     Wed May 14 18:57:23 2025 (VM Peak:189M, Size:189M, RSS:151M, Data:133M) : RTL Light containers ready for module rl_wtree_32x4
#     Wed May 14 18:57:23 2025 (VM Peak:189M, Size:189M, RSS:151M, Data:133M) : RTL Light containers ready for module rl_wtree_comp302
#     Wed May 14 18:57:23 2025 (VM Peak:189M, Size:189M, RSS:151M, Data:133M) : RTL Light containers ready for module rl_wtree_comp402
#     Wed May 14 18:57:23 2025 (VM Peak:189M, Size:189M, RSS:151M, Data:133M) : RTL Light containers ready for module rl_wtree_comp612
#     Wed May 14 18:57:23 2025 (VM Peak:189M, Size:189M, RSS:151M, Data:133M) : RTL Light containers ready for module rl_wtree_comp522
#     Wed May 14 18:57:23 2025 (VM Peak:189M, Size:189M, RSS:151M, Data:133M) : RTL Light containers ready for module rl_wtree_comp622
#     Wed May 14 18:57:23 2025 (VM Peak:189M, Size:189M, RSS:151M, Data:133M) : RTL Light containers ready for module rl_wtree_comp432
#     Wed May 14 18:57:23 2025 (VM Peak:189M, Size:189M, RSS:151M, Data:133M) : RTL Light containers ready for module rl_wtree_comp222
#     Wed May 14 18:57:23 2025 (VM Peak:189M, Size:189M, RSS:151M, Data:133M) : RTL Light containers ready for module rl_wtree_comp312
#     Wed May 14 18:57:23 2025 (VM Peak:189M, Size:189M, RSS:151M, Data:133M) : RTL Light containers ready for module rl_csr
#     Wed May 14 18:57:23 2025 (VM Peak:189M, Size:189M, RSS:151M, Data:133M) : RTL Light containers ready for module rl_bitscan_32b
#     Wed May 14 18:57:23 2025 (VM Peak:189M, Size:189M, RSS:151M, Data:133M) : RTL Light containers ready for module rl_special
#     Wed May 14 18:57:23 2025 (VM Peak:189M, Size:189M, RSS:151M, Data:133M) : RTL Light containers ready for module rl_pipe_ctrl
#     Wed May 14 18:57:23 2025 (VM Peak:189M, Size:189M, RSS:151M, Data:133M) : RTL Light containers ready for module rl_result_bus
#     Wed May 14 18:57:23 2025 (VM Peak:189M, Size:189M, RSS:151M, Data:133M) : RTL Light containers ready for module rl_debug
#     Wed May 14 18:57:23 2025 (VM Peak:189M, Size:189M, RSS:151M, Data:133M) : RTL Light containers ready for module rl_halt_mgr
#     Wed May 14 18:57:23 2025 (VM Peak:189M, Size:189M, RSS:151M, Data:133M) : RTL Light containers ready for module rl_complete
#     Wed May 14 18:57:23 2025 (VM Peak:189M, Size:189M, RSS:151M, Data:133M) : RTL Light containers ready for module rl_iesb
#     Wed May 14 18:57:23 2025 (VM Peak:189M, Size:189M, RSS:151M, Data:133M) : RTL Light containers ready for module rl_trap
#     Wed May 14 18:57:23 2025 (VM Peak:189M, Size:189M, RSS:151M, Data:133M) : RTL Light containers ready for module rl_dmp
#     Wed May 14 18:57:23 2025 (VM Peak:189M, Size:189M, RSS:151M, Data:133M) : RTL Light containers ready for module rl_dmp_ecc_store_aligner
#     Wed May 14 18:57:23 2025 (VM Peak:189M, Size:189M, RSS:151M, Data:133M) : RTL Light containers ready for module rl_dmp_dccm
#     Wed May 14 18:57:23 2025 (VM Peak:189M, Size:189M, RSS:151M, Data:133M) : RTL Light containers ready for module rl_dmp_dccm_ecc_encoder
#     Wed May 14 18:57:23 2025 (VM Peak:189M, Size:189M, RSS:151M, Data:133M) : RTL Light containers ready for module rl_dmp_dccm_ecc_decoder
#     Wed May 14 18:57:23 2025 (VM Peak:189M, Size:189M, RSS:151M, Data:133M) : RTL Light containers ready for module rl_dmp_dccm_ibp_wrapper
#     Wed May 14 18:57:23 2025 (VM Peak:189M, Size:189M, RSS:151M, Data:133M) : RTL Light containers ready for module rl_dmp_store_aligner
#     Wed May 14 18:57:23 2025 (VM Peak:189M, Size:189M, RSS:151M, Data:133M) : RTL Light containers ready for module rl_dmp_cwb
#     Wed May 14 18:57:23 2025 (VM Peak:189M, Size:189M, RSS:151M, Data:133M) : RTL Light containers ready for module rl_dmp_lsq
#     Wed May 14 18:57:23 2025 (VM Peak:189M, Size:189M, RSS:151M, Data:133M) : RTL Light containers ready for module rl_dmp_lsq_cmd_port
#     Wed May 14 18:57:23 2025 (VM Peak:189M, Size:189M, RSS:151M, Data:133M) : RTL Light containers ready for module rl_dmp_lsq_fifo
#     Wed May 14 18:57:23 2025 (VM Peak:189M, Size:189M, RSS:151M, Data:133M) : RTL Light containers ready for module rl_simple_fifo
#     Wed May 14 18:57:23 2025 (VM Peak:189M, Size:189M, RSS:151M, Data:133M) : RTL Light containers ready for module rl_dmp_load_aligner
#     Wed May 14 18:57:23 2025 (VM Peak:189M, Size:189M, RSS:151M, Data:133M) : RTL Light containers ready for module rl_dmp_csr
#     Wed May 14 18:57:23 2025 (VM Peak:189M, Size:189M, RSS:151M, Data:133M) : RTL Light containers ready for module rl_epmp
#     Wed May 14 18:57:23 2025 (VM Peak:189M, Size:189M, RSS:151M, Data:133M) : RTL Light containers ready for module rl_pmp
#     Wed May 14 18:57:23 2025 (VM Peak:189M, Size:189M, RSS:151M, Data:133M) : RTL Light containers ready for module rl_pmp_hit
#     Wed May 14 18:57:23 2025 (VM Peak:189M, Size:189M, RSS:151M, Data:133M) : RTL Light containers ready for module rl_pma
#     Wed May 14 18:57:23 2025 (VM Peak:189M, Size:189M, RSS:151M, Data:133M) : RTL Light containers ready for module rl_pma_hit
#     Wed May 14 18:57:23 2025 (VM Peak:189M, Size:189M, RSS:151M, Data:133M) : RTL Light containers ready for module rl_triggers
#     Wed May 14 18:57:23 2025 (VM Peak:189M, Size:189M, RSS:151M, Data:133M) : RTL Light containers ready for module rl_triggers_iso
#     Wed May 14 18:57:23 2025 (VM Peak:189M, Size:189M, RSS:151M, Data:133M) : RTL Light containers ready for module rl_sfty_csr
#     Wed May 14 18:57:23 2025 (VM Peak:189M, Size:189M, RSS:151M, Data:133M) : RTL Light containers ready for module DWbb_bcm00_maj
#     Wed May 14 18:57:23 2025 (VM Peak:189M, Size:189M, RSS:151M, Data:133M) : RTL Light containers ready for module rl_ibp2mmio
#     Wed May 14 18:57:23 2025 (VM Peak:189M, Size:189M, RSS:151M, Data:133M) : RTL Light containers ready for module rl_ras_top
#     Wed May 14 18:57:23 2025 (VM Peak:189M, Size:189M, RSS:151M, Data:133M) : RTL Light containers ready for module rl_ibp_target_wrapper
#     Wed May 14 18:57:23 2025 (VM Peak:189M, Size:189M, RSS:151M, Data:133M) : RTL Light containers ready for module rl_ecc_cnt
#     Wed May 14 18:57:23 2025 (VM Peak:189M, Size:189M, RSS:151M, Data:133M) : RTL Light containers ready for module rl_ibp2ahb
#     Wed May 14 18:57:23 2025 (VM Peak:189M, Size:189M, RSS:151M, Data:133M) : RTL Light containers ready for module rl_per_ibp2ahb
#     Wed May 14 18:57:23 2025 (VM Peak:189M, Size:189M, RSS:151M, Data:133M) : RTL Light containers ready for module rl_mmio_ahb2ibp
#     Wed May 14 18:57:23 2025 (VM Peak:189M, Size:189M, RSS:151M, Data:133M) : RTL Light containers ready for module rl_soft_reset_aux
#     Wed May 14 18:57:23 2025 (VM Peak:189M, Size:189M, RSS:151M, Data:133M) : RTL Light containers ready for module arcv_imsic_clint
#     Wed May 14 18:57:23 2025 (VM Peak:189M, Size:189M, RSS:151M, Data:133M) : RTL Light containers ready for module iprio_arb
#     Wed May 14 18:57:23 2025 (VM Peak:189M, Size:189M, RSS:151M, Data:133M) : RTL Light containers ready for module iprio_arb_4to1
#     Wed May 14 18:57:23 2025 (VM Peak:189M, Size:189M, RSS:151M, Data:133M) : RTL Light containers ready for module arcv_timer
#     Wed May 14 18:57:23 2025 (VM Peak:189M, Size:189M, RSS:151M, Data:133M) : RTL Light containers ready for module arcv_watchdog
#     Wed May 14 18:57:23 2025 (VM Peak:189M, Size:189M, RSS:151M, Data:133M) : RTL Light containers ready for module arcv_watchdog_csr
#     Wed May 14 18:57:23 2025 (VM Peak:189M, Size:189M, RSS:151M, Data:133M) : RTL Light containers ready for module arcv_watchdog_ctrl
#     Wed May 14 18:57:23 2025 (VM Peak:189M, Size:189M, RSS:151M, Data:133M) : RTL Light containers ready for module arcv_wd_parity
#     Wed May 14 18:57:23 2025 (VM Peak:189M, Size:189M, RSS:151M, Data:133M) : RTL Light containers ready for module cpu_safety_monitor
#     Wed May 14 18:57:23 2025 (VM Peak:189M, Size:189M, RSS:151M, Data:133M) : RTL Light containers ready for module rl_sfty_mnt_reg_agent
#     Wed May 14 18:57:23 2025 (VM Peak:189M, Size:189M, RSS:151M, Data:133M) : RTL Light containers ready for module ls_sfty_mnt_diag_ctrl
#     Wed May 14 18:57:23 2025 (VM Peak:189M, Size:189M, RSS:151M, Data:133M) : RTL Light containers ready for module rl_sfty_mnt_err_aggr
#     Wed May 14 18:57:23 2025 (VM Peak:189M, Size:189M, RSS:151M, Data:133M) : RTL Light containers ready for module rl_srams
#     Wed May 14 18:57:23 2025 (VM Peak:189M, Size:189M, RSS:151M, Data:133M) : RTL Light containers ready for module ic_tag_ram
#     Wed May 14 18:57:23 2025 (VM Peak:189M, Size:189M, RSS:151M, Data:133M) : RTL Light containers ready for module ic_data_ram
#     Wed May 14 18:57:23 2025 (VM Peak:189M, Size:189M, RSS:151M, Data:133M) : RTL Light containers ready for module iccm0_ram
#     Wed May 14 18:57:23 2025 (VM Peak:189M, Size:189M, RSS:151M, Data:133M) : RTL Light containers ready for module dccm_ram
#     Wed May 14 18:57:23 2025 (VM Peak:189M, Size:189M, RSS:151M, Data:133M) : RTL Light containers ready for module rtlClockControl
#     Wed May 14 18:57:23 2025 (VM Peak:189M, Size:189M, RSS:151M, Data:133M) : RTL Light containers ready for module xtor_t32Jtag_svs
#     Wed May 14 18:57:23 2025 (VM Peak:189M, Size:189M, RSS:151M, Data:133M) : RTL Light containers ready for module zceiTrigger
#     Wed May 14 18:57:23 2025 (VM Peak:189M, Size:189M, RSS:151M, Data:133M) : RTL Light containers ready for module zceiClockPort
#     Wed May 14 18:57:23 2025 (VM Peak:189M, Size:189M, RSS:151M, Data:133M) : RTL Light containers ready for module zceiMessageInPort
#     Wed May 14 18:57:23 2025 (VM Peak:189M, Size:189M, RSS:151M, Data:133M) : RTL Light containers ready for module zceiMessageOutPort
#     Wed May 14 18:57:23 2025 (VM Peak:189M, Size:189M, RSS:151M, Data:133M) : RTL Light containers ready for module zceiClockControl
#     Wed May 14 18:57:23 2025 (VM Peak:189M, Size:189M, RSS:151M, Data:133M) : RTL Light containers ready for module alb_mss_fab_ahbl2ibp_0000
#     Wed May 14 18:57:23 2025 (VM Peak:189M, Size:189M, RSS:151M, Data:133M) : RTL Light containers ready for module alb_mss_fab_fifo_0000
#     Wed May 14 18:57:23 2025 (VM Peak:189M, Size:189M, RSS:151M, Data:133M) : RTL Light containers ready for module alb_mss_fab_fifo_0001
#     Wed May 14 18:57:23 2025 (VM Peak:189M, Size:189M, RSS:151M, Data:133M) : RTL Light containers ready for module alb_mss_fab_fifo_0002
#     Wed May 14 18:57:23 2025 (VM Peak:189M, Size:189M, RSS:151M, Data:133M) : RTL Light containers ready for module alb_mss_fab_fifo_0003
#     Wed May 14 18:57:23 2025 (VM Peak:189M, Size:189M, RSS:151M, Data:133M) : RTL Light containers ready for module alb_mss_fab_fifo_0004
#     Wed May 14 18:57:23 2025 (VM Peak:189M, Size:189M, RSS:151M, Data:133M) : RTL Light containers ready for module alb_mss_fab_fifo_0005
#     Wed May 14 18:57:23 2025 (VM Peak:189M, Size:189M, RSS:151M, Data:133M) : RTL Light containers ready for module alb_mss_fab_fifo_0006
#     Wed May 14 18:57:23 2025 (VM Peak:189M, Size:189M, RSS:151M, Data:133M) : RTL Light containers ready for module alb_mss_fab_fifo_0007
#     Wed May 14 18:57:23 2025 (VM Peak:189M, Size:189M, RSS:151M, Data:133M) : RTL Light containers ready for module alb_mss_fab_fifo_0008
#     Wed May 14 18:57:23 2025 (VM Peak:189M, Size:189M, RSS:151M, Data:133M) : RTL Light containers ready for module alb_mss_fab_fifo_0009
#     Wed May 14 18:57:23 2025 (VM Peak:189M, Size:189M, RSS:151M, Data:133M) : RTL Light containers ready for module alb_mss_fab_fifo_000A
#     Wed May 14 18:57:23 2025 (VM Peak:189M, Size:189M, RSS:151M, Data:133M) : RTL Light containers ready for module alb_mss_fab_axi2ibp_0000
#     Wed May 14 18:57:23 2025 (VM Peak:189M, Size:189M, RSS:151M, Data:133M) : RTL Light containers ready for module alb_mss_fab_axi2ibp_0001
#     Wed May 14 18:57:23 2025 (VM Peak:189M, Size:189M, RSS:151M, Data:133M) : RTL Light containers ready for module alb_mss_fab_bypbuf_0000
#     Wed May 14 18:57:23 2025 (VM Peak:189M, Size:189M, RSS:151M, Data:133M) : RTL Light containers ready for module alb_mss_fab_ibp_buffer_0000
#     Wed May 14 18:57:23 2025 (VM Peak:189M, Size:189M, RSS:151M, Data:133M) : RTL Light containers ready for module alb_mss_fab_bus_lat_0000
#     Wed May 14 18:57:23 2025 (VM Peak:189M, Size:189M, RSS:151M, Data:133M) : RTL Light containers ready for module mss_bus_switch_slv_ibp_buffer_0000
#     Wed May 14 18:57:23 2025 (VM Peak:189M, Size:189M, RSS:151M, Data:133M) : RTL Light containers ready for module mss_bus_switch_slv_ibp_buffer_0001
#     Wed May 14 18:57:23 2025 (VM Peak:189M, Size:189M, RSS:151M, Data:133M) : RTL Light containers ready for module mss_bus_switch_fifo_0000
#     Wed May 14 18:57:23 2025 (VM Peak:189M, Size:189M, RSS:151M, Data:133M) : RTL Light containers ready for module mss_bus_switch_fifo_0001
#     Wed May 14 18:57:23 2025 (VM Peak:189M, Size:189M, RSS:151M, Data:133M) : RTL Light containers ready for module mss_bus_switch_ibpx2ibpy_0000
#     Wed May 14 18:57:23 2025 (VM Peak:189M, Size:189M, RSS:151M, Data:133M) : RTL Light containers ready for module mss_bus_switch_ibpx2ibpy_0001
#     Wed May 14 18:57:23 2025 (VM Peak:189M, Size:189M, RSS:151M, Data:133M) : RTL Light containers ready for module mss_bus_switch_ibpx2ibpy_0002
#     Wed May 14 18:57:23 2025 (VM Peak:189M, Size:189M, RSS:151M, Data:133M) : RTL Light containers ready for module mss_bus_switch_ibp_split_0000
#     Wed May 14 18:57:23 2025 (VM Peak:189M, Size:189M, RSS:151M, Data:133M) : RTL Light containers ready for module mss_bus_switch_ibp_cwbind_0000
#     Wed May 14 18:57:23 2025 (VM Peak:189M, Size:189M, RSS:151M, Data:133M) : RTL Light containers ready for module mss_bus_switch_ibp_compr_0000
#     Wed May 14 18:57:23 2025 (VM Peak:189M, Size:189M, RSS:151M, Data:133M) : RTL Light containers ready for module mss_bus_switch_rrobin
#     Wed May 14 18:57:23 2025 (VM Peak:189M, Size:189M, RSS:151M, Data:133M) : RTL Light containers ready for module mss_bus_switch_mst_ibp_buffer_0000
#     Wed May 14 18:57:23 2025 (VM Peak:189M, Size:189M, RSS:151M, Data:133M) : RTL Light containers ready for module mss_bus_switch_default_slv_0000
#     Wed May 14 18:57:23 2025 (VM Peak:189M, Size:189M, RSS:151M, Data:133M) : RTL Light containers ready for module alb_mss_fab_ibp2single_0000
#     Wed May 14 18:57:23 2025 (VM Peak:189M, Size:189M, RSS:151M, Data:133M) : RTL Light containers ready for module alb_mss_fab_single2sparse_0000
#     Wed May 14 18:57:23 2025 (VM Peak:189M, Size:189M, RSS:151M, Data:133M) : RTL Light containers ready for module zz_Encrypt_5
#     Wed May 14 18:57:23 2025 (VM Peak:189M, Size:189M, RSS:151M, Data:133M) : RTL Light containers ready for module alb_mss_mem_bypbuf_0000
#     Wed May 14 18:57:23 2025 (VM Peak:189M, Size:189M, RSS:151M, Data:133M) : RTL Light containers ready for module alb_mss_mem_fifo_0000
#     Wed May 14 18:57:23 2025 (VM Peak:189M, Size:189M, RSS:151M, Data:133M) : RTL Light containers ready for module alb_mss_mem_fifo_0001
#     Wed May 14 18:57:23 2025 (VM Peak:189M, Size:189M, RSS:151M, Data:133M) : RTL Light containers ready for module alb_mss_mem_fifo_0002
#     Wed May 14 18:57:23 2025 (VM Peak:189M, Size:189M, RSS:151M, Data:133M) : RTL Light containers ready for module alb_mss_mem_fifo_0003
#     Wed May 14 18:57:23 2025 (VM Peak:189M, Size:189M, RSS:151M, Data:133M) : RTL Light containers ready for module alb_mss_mem_ibp_excl_0000
#     Wed May 14 18:57:23 2025 (VM Peak:189M, Size:189M, RSS:151M, Data:133M) : RTL Light containers ready for module alb_mss_mem_ibp_split_0000
#     Wed May 14 18:57:23 2025 (VM Peak:189M, Size:189M, RSS:151M, Data:133M) : RTL Light containers ready for module alb_mss_mem_lat_0000
#     Wed May 14 18:57:23 2025 (VM Peak:189M, Size:189M, RSS:151M, Data:133M) : RTL Light containers ready for module alb_mss_mem_ibp2single_0000
#     Wed May 14 18:57:23 2025 (VM Peak:189M, Size:189M, RSS:151M, Data:133M) : RTL Light containers ready for module alb_mss_mem_ibp_bypbuf_0000
#     Wed May 14 18:57:23 2025 (VM Peak:189M, Size:189M, RSS:151M, Data:133M) : RTL Light containers ready for module alb_mss_mem_ibp_cwbind_0000
#     Wed May 14 18:57:23 2025 (VM Peak:189M, Size:189M, RSS:151M, Data:133M) : RTL Light containers ready for module alb_mss_fpga_sram_0000
#     Wed May 14 18:57:23 2025 (VM Peak:189M, Size:189M, RSS:151M, Data:133M) : RTL Light containers ready for module zz_Encrypt_6
#     Wed May 14 18:57:23 2025 (VM Peak:189M, Size:189M, RSS:151M, Data:133M) : RTL Light containers ready for module DWbb_bcm21_atv_0000
#     Wed May 14 18:57:23 2025 (VM Peak:189M, Size:189M, RSS:151M, Data:133M) : RTL Light containers ready for module DWbb_bcm21_atv_0001
#     Wed May 14 18:57:23 2025 (VM Peak:189M, Size:189M, RSS:151M, Data:133M) : RTL Light containers ready for module err_inj_ctrl_0000
#     Wed May 14 18:57:23 2025 (VM Peak:189M, Size:189M, RSS:151M, Data:133M) : RTL Light containers ready for module ls_compare_unit_0000
#     Wed May 14 18:57:23 2025 (VM Peak:189M, Size:189M, RSS:151M, Data:133M) : RTL Light containers ready for module ls_compare_unit_0001
#     Wed May 14 18:57:23 2025 (VM Peak:189M, Size:189M, RSS:151M, Data:133M) : RTL Light containers ready for module ls_compare_unit_0002
#     Wed May 14 18:57:23 2025 (VM Peak:189M, Size:189M, RSS:151M, Data:133M) : RTL Light containers ready for module ls_compare_unit_0003
#     Wed May 14 18:57:23 2025 (VM Peak:189M, Size:189M, RSS:151M, Data:133M) : RTL Light containers ready for module ls_compare_unit_0004
#     Wed May 14 18:57:23 2025 (VM Peak:189M, Size:189M, RSS:151M, Data:133M) : RTL Light containers ready for module ls_compare_unit_0005
#     Wed May 14 18:57:23 2025 (VM Peak:189M, Size:189M, RSS:151M, Data:133M) : RTL Light containers ready for module ls_compare_unit_0006
#     Wed May 14 18:57:23 2025 (VM Peak:189M, Size:189M, RSS:151M, Data:133M) : RTL Light containers ready for module ls_compare_unit_0007
#     Wed May 14 18:57:23 2025 (VM Peak:189M, Size:189M, RSS:151M, Data:133M) : RTL Light containers ready for module ls_compare_unit_0008
#     Wed May 14 18:57:23 2025 (VM Peak:189M, Size:189M, RSS:151M, Data:133M) : RTL Light containers ready for module ls_compare_unit_0009
#     Wed May 14 18:57:23 2025 (VM Peak:189M, Size:189M, RSS:151M, Data:133M) : RTL Light containers ready for module ls_compare_unit_000A
#     Wed May 14 18:57:23 2025 (VM Peak:189M, Size:189M, RSS:151M, Data:133M) : RTL Light containers ready for module ls_compare_unit_000B
#     Wed May 14 18:57:23 2025 (VM Peak:189M, Size:189M, RSS:151M, Data:133M) : RTL Light containers ready for module ls_compare_unit_000C
#     Wed May 14 18:57:23 2025 (VM Peak:189M, Size:189M, RSS:151M, Data:133M) : RTL Light containers ready for module ls_compare_unit_000D
#     Wed May 14 18:57:23 2025 (VM Peak:189M, Size:189M, RSS:151M, Data:133M) : RTL Light containers ready for module ls_compare_unit_000E
#     Wed May 14 18:57:23 2025 (VM Peak:189M, Size:189M, RSS:151M, Data:133M) : RTL Light containers ready for module ls_compare_unit_000F
#     Wed May 14 18:57:23 2025 (VM Peak:189M, Size:189M, RSS:151M, Data:133M) : RTL Light containers ready for module ls_error_register_0000
#     Wed May 14 18:57:23 2025 (VM Peak:189M, Size:189M, RSS:151M, Data:133M) : RTL Light containers ready for module rl_adder_0000
#     Wed May 14 18:57:23 2025 (VM Peak:189M, Size:189M, RSS:151M, Data:133M) : RTL Light containers ready for module rl_shifter_0000
#     Wed May 14 18:57:23 2025 (VM Peak:189M, Size:189M, RSS:151M, Data:133M) : RTL Light containers ready for module sfty_ibp_ini_e2e_wrap_0000
#     Wed May 14 18:57:23 2025 (VM Peak:189M, Size:189M, RSS:151M, Data:133M) : RTL Light containers ready for module sr_err_aggr_0000
#     Wed May 14 18:57:23 2025 (VM Peak:189M, Size:189M, RSS:151M, Data:133M) : RTL Light containers ready for module rl_parity_gen_0000
#     Wed May 14 18:57:23 2025 (VM Peak:189M, Size:189M, RSS:151M, Data:133M) : RTL Light containers ready for module rl_parity_gen_0001
#     Wed May 14 18:57:23 2025 (VM Peak:189M, Size:189M, RSS:151M, Data:133M) : RTL Light containers ready for module rl_parity_gen_0002
#     Wed May 14 18:57:23 2025 (VM Peak:189M, Size:189M, RSS:151M, Data:133M) : RTL Light containers ready for module rl_parity_chk_0000
#     Wed May 14 18:57:23 2025 (VM Peak:189M, Size:189M, RSS:151M, Data:133M) : RTL Light containers ready for module rl_parity_chk_0001
#     Wed May 14 18:57:23 2025 (VM Peak:189M, Size:189M, RSS:151M, Data:133M) : RTL Light containers ready for module rl_parity_chk_0002
#     Wed May 14 18:57:23 2025 (VM Peak:189M, Size:189M, RSS:151M, Data:133M) : RTL Light containers ready for module rl_ahb2ibp_0000
#     Wed May 14 18:57:23 2025 (VM Peak:189M, Size:189M, RSS:151M, Data:133M) : RTL Light containers ready for module rl_ahb2ibp_0001
#     Wed May 14 18:57:23 2025 (VM Peak:189M, Size:189M, RSS:151M, Data:133M) : RTL Light containers ready for module sfty_dmsi_down_tgt_e2e_wrap_0000
#     Wed May 14 18:57:23 2025 (VM Peak:189M, Size:189M, RSS:151M, Data:133M) : RTL Light containers ready for module rl_sfty_ibp_tgt_e2e_wrap_0000
#     Wed May 14 18:57:23 2025 (VM Peak:189M, Size:189M, RSS:151M, Data:133M) : RTL Light containers ready for module fpga_sram_0000
#     Wed May 14 18:57:23 2025 (VM Peak:189M, Size:189M, RSS:151M, Data:133M) : RTL Light containers ready for module fpga_sram_0001
#     Wed May 14 18:57:23 2025 (VM Peak:189M, Size:189M, RSS:151M, Data:133M) : RTL Light containers ready for module fpga_sram_0002
#     Wed May 14 18:57:23 2025 (VM Peak:189M, Size:189M, RSS:151M, Data:133M) : RTL Light containers ready for module mss_bus_switch_ibpw2ibpn_0000
#     Wed May 14 18:57:23 2025 (VM Peak:189M, Size:189M, RSS:151M, Data:133M) : RTL Light containers ready for module mss_bus_switch_ibpw2ibpn_0001
#     Wed May 14 18:57:23 2025 (VM Peak:189M, Size:189M, RSS:151M, Data:133M) : RTL Light containers ready for module mss_bus_switch_ibpw2ibpn_0002
#     Wed May 14 18:57:23 2025 (VM Peak:189M, Size:189M, RSS:151M, Data:133M) : RTL Light containers ready for module mss_bus_switch_ibpn2ibpw_0000
#     Wed May 14 18:57:23 2025 (VM Peak:189M, Size:189M, RSS:151M, Data:133M) : RTL Light containers ready for module mss_bus_switch_ibpn2ibpw_0001
#     Wed May 14 18:57:23 2025 (VM Peak:189M, Size:189M, RSS:151M, Data:133M) : RTL Light containers ready for module mss_bus_switch_ibp2single_0000
#     Wed May 14 18:57:23 2025 (VM Peak:189M, Size:189M, RSS:151M, Data:133M) : RTL Light containers ready for module DWbb_bcm21_0000
#     Wed May 14 18:57:23 2025 (VM Peak:189M, Size:189M, RSS:151M, Data:133M) : RTL Light containers ready for module DWbb_bcm99
#     Wed May 14 18:57:23 2025 (VM Peak:189M, Size:189M, RSS:151M, Data:133M) : RTL Light containers ready for module ls_multi_bit_comparator_0000
#     Wed May 14 18:57:23 2025 (VM Peak:189M, Size:189M, RSS:151M, Data:133M) : RTL Light containers ready for module ls_multi_bit_comparator_0001
#     Wed May 14 18:57:23 2025 (VM Peak:189M, Size:189M, RSS:151M, Data:133M) : RTL Light containers ready for module ls_multi_bit_comparator_0002
#     Wed May 14 18:57:23 2025 (VM Peak:189M, Size:189M, RSS:151M, Data:133M) : RTL Light containers ready for module ls_multi_bit_comparator_0003
#     Wed May 14 18:57:23 2025 (VM Peak:189M, Size:189M, RSS:151M, Data:133M) : RTL Light containers ready for module ls_multi_bit_comparator_0004
#     Wed May 14 18:57:23 2025 (VM Peak:189M, Size:189M, RSS:151M, Data:133M) : RTL Light containers ready for module ls_multi_bit_comparator_0005
#     Wed May 14 18:57:23 2025 (VM Peak:189M, Size:189M, RSS:151M, Data:133M) : RTL Light containers ready for module ls_multi_bit_comparator_0006
#     Wed May 14 18:57:23 2025 (VM Peak:189M, Size:189M, RSS:151M, Data:133M) : RTL Light containers ready for module odd_pty_enc_0000
#     Wed May 14 18:57:23 2025 (VM Peak:189M, Size:189M, RSS:151M, Data:133M) : RTL Light containers ready for module odd_pty_enc_0001
#     Wed May 14 18:57:23 2025 (VM Peak:189M, Size:189M, RSS:151M, Data:133M) : RTL Light containers ready for module odd_pty_dec_wrap_0000
#     Wed May 14 18:57:23 2025 (VM Peak:189M, Size:189M, RSS:151M, Data:133M) : RTL Light containers ready for module odd_pty_dec
#     Wed May 14 18:57:23 2025 (VM Peak:189M, Size:189M, RSS:151M, Data:133M) : RTL Light containers ready for module odd_pty_qual_dec_wrap_0000
#     Wed May 14 18:57:23 2025 (VM Peak:189M, Size:189M, RSS:151M, Data:133M) : RTL Light containers ready for module e2e_edc32_1stg_qual_chk_wrap_0000
#     Wed May 14 18:57:23 2025 (VM Peak:189M, Size:189M, RSS:151M, Data:133M) : RTL Light containers ready for module e2e_edc32_1stg_chk
#     Wed May 14 18:57:23 2025 (VM Peak:189M, Size:189M, RSS:151M, Data:133M) : RTL Light containers ready for module odd_pty_di_dec_wrap_0000
#     Wed May 14 18:57:23 2025 (VM Peak:189M, Size:189M, RSS:151M, Data:133M) : RTL Light containers ready for module odd_pty_qual_di_dec_wrap_0000
#     Wed May 14 18:57:23 2025 (VM Peak:189M, Size:189M, RSS:151M, Data:133M) : RTL Light containers ready for module multi_bit_comparator_0000
#     Wed May 14 18:57:23 2025 (VM Peak:189M, Size:189M, RSS:151M, Data:133M) : RTL Light containers ready for module clockDelayPort_0000
#     Wed May 14 18:57:23 2025 (VM Peak:189M, Size:189M, RSS:151M, Data:133M) : RTL Light containers ready for module alb_mss_fab_slv_axi_buffer_0000
#     Wed May 14 18:57:23 2025 (VM Peak:189M, Size:189M, RSS:151M, Data:133M) : RTL Light containers ready for module alb_mss_fab_ibp2pack_0000
#     Wed May 14 18:57:23 2025 (VM Peak:189M, Size:189M, RSS:151M, Data:133M) : RTL Light containers ready for module alb_mss_fab_ibp2pack_0001
#     Wed May 14 18:57:23 2025 (VM Peak:189M, Size:189M, RSS:151M, Data:133M) : RTL Light containers ready for module alb_mss_fab_ibp2pack_0002
#     Wed May 14 18:57:23 2025 (VM Peak:189M, Size:189M, RSS:151M, Data:133M) : RTL Light containers ready for module alb_mss_fab_ibp2pack_0003
#     Wed May 14 18:57:23 2025 (VM Peak:189M, Size:189M, RSS:151M, Data:133M) : RTL Light containers ready for module alb_mss_fab_ibp2pack_0004
#     Wed May 14 18:57:23 2025 (VM Peak:189M, Size:189M, RSS:151M, Data:133M) : RTL Light containers ready for module alb_mss_fab_pack2ibp_0000
#     Wed May 14 18:57:23 2025 (VM Peak:189M, Size:189M, RSS:151M, Data:133M) : RTL Light containers ready for module alb_mss_fab_pack2ibp_0001
#     Wed May 14 18:57:23 2025 (VM Peak:189M, Size:189M, RSS:151M, Data:133M) : RTL Light containers ready for module alb_mss_fab_pack2ibp_0002
#     Wed May 14 18:57:23 2025 (VM Peak:189M, Size:189M, RSS:151M, Data:133M) : RTL Light containers ready for module alb_mss_fab_pack2ibp_0003
#     Wed May 14 18:57:23 2025 (VM Peak:189M, Size:189M, RSS:151M, Data:133M) : RTL Light containers ready for module alb_mss_fab_pack2ibp_0004
#     Wed May 14 18:57:23 2025 (VM Peak:189M, Size:189M, RSS:151M, Data:133M) : RTL Light containers ready for module alb_mss_fab_ibp_lat_0000
#     Wed May 14 18:57:23 2025 (VM Peak:189M, Size:189M, RSS:151M, Data:133M) : RTL Light containers ready for module mss_bus_switch_ibp2pack_0000
#     Wed May 14 18:57:23 2025 (VM Peak:189M, Size:189M, RSS:151M, Data:133M) : RTL Light containers ready for module mss_bus_switch_ibp2pack_0001
#     Wed May 14 18:57:23 2025 (VM Peak:189M, Size:189M, RSS:151M, Data:133M) : RTL Light containers ready for module mss_bus_switch_ibp2pack_0002
#     Wed May 14 18:57:23 2025 (VM Peak:189M, Size:189M, RSS:151M, Data:133M) : RTL Light containers ready for module mss_bus_switch_ibp2pack_0003
#     Wed May 14 18:57:23 2025 (VM Peak:189M, Size:189M, RSS:151M, Data:133M) : RTL Light containers ready for module mss_bus_switch_ibp2ibps_0000
#     Wed May 14 18:57:23 2025 (VM Peak:189M, Size:189M, RSS:151M, Data:133M) : RTL Light containers ready for module mss_bus_switch_ibp2ibps_0001
#     Wed May 14 18:57:23 2025 (VM Peak:189M, Size:189M, RSS:151M, Data:133M) : RTL Light containers ready for module mss_bus_switch_pack2ibp_0000
#     Wed May 14 18:57:23 2025 (VM Peak:189M, Size:189M, RSS:151M, Data:133M) : RTL Light containers ready for module mss_bus_switch_pack2ibp_0001
#     Wed May 14 18:57:23 2025 (VM Peak:189M, Size:189M, RSS:151M, Data:133M) : RTL Light containers ready for module mss_bus_switch_pack2ibp_0002
#     Wed May 14 18:57:23 2025 (VM Peak:189M, Size:189M, RSS:151M, Data:133M) : RTL Light containers ready for module alb_mss_fab_ibp2apb_0000
#     Wed May 14 18:57:23 2025 (VM Peak:189M, Size:189M, RSS:151M, Data:133M) : RTL Light containers ready for module zz_Encrypt_7
#     Wed May 14 18:57:23 2025 (VM Peak:189M, Size:189M, RSS:151M, Data:133M) : RTL Light containers ready for module zz_Encrypt_8
#     Wed May 14 18:57:23 2025 (VM Peak:189M, Size:189M, RSS:151M, Data:133M) : RTL Light containers ready for module zz_Encrypt_9
#     Wed May 14 18:57:23 2025 (VM Peak:189M, Size:189M, RSS:151M, Data:133M) : RTL Light containers ready for module zz_Encrypt_10
#     Wed May 14 18:57:23 2025 (VM Peak:189M, Size:189M, RSS:151M, Data:133M) : RTL Light containers ready for module zz_Encrypt_11
#     Wed May 14 18:57:23 2025 (VM Peak:189M, Size:189M, RSS:151M, Data:133M) : RTL Light containers ready for module ls_cdc_sync_0000
#     Wed May 14 18:57:23 2025 (VM Peak:189M, Size:189M, RSS:151M, Data:133M) : RTL Light containers ready for module dwt_reset_ctrl_0000
#     Wed May 14 18:57:23 2025 (VM Peak:189M, Size:189M, RSS:151M, Data:133M) : RTL Light containers ready for module simple_parity_0000
#     Wed May 14 18:57:23 2025 (VM Peak:189M, Size:189M, RSS:151M, Data:133M) : RTL Light containers ready for module arcv_wd_parity_0000
#     Wed May 14 18:57:23 2025 (VM Peak:189M, Size:189M, RSS:151M, Data:133M) : RTL Light containers ready for module arcv_wd_parity_0001
#     Wed May 14 18:57:23 2025 (VM Peak:189M, Size:189M, RSS:151M, Data:133M) : RTL Light containers ready for module arcv_wd_parity_0002
#     Wed May 14 18:57:23 2025 (VM Peak:189M, Size:189M, RSS:151M, Data:133M) : RTL Light containers ready for module ls_sfty_mnt_diag_ctrl_0000
#     Wed May 14 18:57:23 2025 (VM Peak:189M, Size:189M, RSS:151M, Data:133M) : RTL Light containers ready for module alb_mss_fab_fifo_0000_0000
#     Wed May 14 18:57:23 2025 (VM Peak:189M, Size:189M, RSS:151M, Data:133M) : RTL Light containers ready for module alb_mss_fab_fifo_0000_0001
#     Wed May 14 18:57:23 2025 (VM Peak:189M, Size:189M, RSS:151M, Data:133M) : RTL Light containers ready for module alb_mss_fab_fifo_0000_0002
#     Wed May 14 18:57:23 2025 (VM Peak:189M, Size:189M, RSS:151M, Data:133M) : RTL Light containers ready for module alb_mss_fab_fifo_0000_0003
#     Wed May 14 18:57:23 2025 (VM Peak:189M, Size:189M, RSS:151M, Data:133M) : RTL Light containers ready for module alb_mss_fab_fifo_0000_0004
#     Wed May 14 18:57:23 2025 (VM Peak:189M, Size:189M, RSS:151M, Data:133M) : RTL Light containers ready for module alb_mss_fab_fifo_0000_0005
#     Wed May 14 18:57:23 2025 (VM Peak:189M, Size:189M, RSS:151M, Data:133M) : RTL Light containers ready for module alb_mss_fab_fifo_0000_0006
#     Wed May 14 18:57:23 2025 (VM Peak:189M, Size:189M, RSS:151M, Data:133M) : RTL Light containers ready for module alb_mss_fab_fifo_0000_0007
#     Wed May 14 18:57:23 2025 (VM Peak:189M, Size:189M, RSS:151M, Data:133M) : RTL Light containers ready for module alb_mss_fab_fifo_0000_0008
#     Wed May 14 18:57:23 2025 (VM Peak:189M, Size:189M, RSS:151M, Data:133M) : RTL Light containers ready for module alb_mss_fab_fifo_0000_0009
#     Wed May 14 18:57:23 2025 (VM Peak:189M, Size:189M, RSS:151M, Data:133M) : RTL Light containers ready for module alb_mss_fab_fifo_0000_000A
#     Wed May 14 18:57:23 2025 (VM Peak:189M, Size:189M, RSS:151M, Data:133M) : RTL Light containers ready for module alb_mss_fab_fifo_0000_000B
#     Wed May 14 18:57:23 2025 (VM Peak:189M, Size:189M, RSS:151M, Data:133M) : RTL Light containers ready for module alb_mss_fab_fifo_0000_000C
#     Wed May 14 18:57:23 2025 (VM Peak:189M, Size:189M, RSS:151M, Data:133M) : RTL Light containers ready for module alb_mss_fab_fifo_0000_000D
#     Wed May 14 18:57:23 2025 (VM Peak:189M, Size:189M, RSS:151M, Data:133M) : RTL Light containers ready for module alb_mss_fab_fifo_0000_000E
#     Wed May 14 18:57:23 2025 (VM Peak:189M, Size:189M, RSS:151M, Data:133M) : RTL Light containers ready for module alb_mss_fab_fifo_0000_000F
#     Wed May 14 18:57:23 2025 (VM Peak:189M, Size:189M, RSS:151M, Data:133M) : RTL Light containers ready for module alb_mss_fab_fifo_0000_0010
#     Wed May 14 18:57:23 2025 (VM Peak:189M, Size:189M, RSS:151M, Data:133M) : RTL Light containers ready for module alb_mss_fab_fifo_0000_0011
#     Wed May 14 18:57:23 2025 (VM Peak:189M, Size:189M, RSS:151M, Data:133M) : RTL Light containers ready for module alb_mss_fab_fifo_0000_0012
#     Wed May 14 18:57:23 2025 (VM Peak:189M, Size:189M, RSS:151M, Data:133M) : RTL Light containers ready for module alb_mss_fab_fifo_0000_0013
#     Wed May 14 18:57:23 2025 (VM Peak:189M, Size:189M, RSS:151M, Data:133M) : RTL Light containers ready for module alb_mss_fab_fifo_0000_0014
#     Wed May 14 18:57:23 2025 (VM Peak:189M, Size:189M, RSS:151M, Data:133M) : RTL Light containers ready for module alb_mss_fab_fifo_0000_0015
#     Wed May 14 18:57:23 2025 (VM Peak:189M, Size:189M, RSS:151M, Data:133M) : RTL Light containers ready for module alb_mss_fab_fifo_0000_0016
#     Wed May 14 18:57:23 2025 (VM Peak:189M, Size:189M, RSS:151M, Data:133M) : RTL Light containers ready for module alb_mss_fab_fifo_0000_0017
#     Wed May 14 18:57:23 2025 (VM Peak:189M, Size:189M, RSS:151M, Data:133M) : RTL Light containers ready for module alb_mss_fab_fifo_0001_0000
#     Wed May 14 18:57:23 2025 (VM Peak:189M, Size:189M, RSS:151M, Data:133M) : RTL Light containers ready for module alb_mss_fab_fifo_0001_0001
#     Wed May 14 18:57:23 2025 (VM Peak:189M, Size:189M, RSS:151M, Data:133M) : RTL Light containers ready for module alb_mss_fab_fifo_0001_0002
#     Wed May 14 18:57:23 2025 (VM Peak:189M, Size:189M, RSS:151M, Data:133M) : RTL Light containers ready for module alb_mss_fab_fifo_0001_0003
#     Wed May 14 18:57:23 2025 (VM Peak:189M, Size:189M, RSS:151M, Data:133M) : RTL Light containers ready for module alb_mss_fab_fifo_0001_0004
#     Wed May 14 18:57:23 2025 (VM Peak:189M, Size:189M, RSS:151M, Data:133M) : RTL Light containers ready for module alb_mss_fab_fifo_0001_0005
#     Wed May 14 18:57:23 2025 (VM Peak:189M, Size:189M, RSS:151M, Data:133M) : RTL Light containers ready for module alb_mss_fab_fifo_0001_0006
#     Wed May 14 18:57:23 2025 (VM Peak:189M, Size:189M, RSS:151M, Data:133M) : RTL Light containers ready for module alb_mss_fab_fifo_0001_0007
#     Wed May 14 18:57:23 2025 (VM Peak:189M, Size:189M, RSS:151M, Data:133M) : RTL Light containers ready for module alb_mss_fab_fifo_0001_0008
#     Wed May 14 18:57:23 2025 (VM Peak:189M, Size:189M, RSS:151M, Data:133M) : RTL Light containers ready for module alb_mss_fab_fifo_0001_0009
#     Wed May 14 18:57:23 2025 (VM Peak:189M, Size:189M, RSS:151M, Data:133M) : RTL Light containers ready for module alb_mss_fab_fifo_0001_000A
#     Wed May 14 18:57:23 2025 (VM Peak:189M, Size:189M, RSS:151M, Data:133M) : RTL Light containers ready for module alb_mss_fab_fifo_0002_0000
#     Wed May 14 18:57:23 2025 (VM Peak:189M, Size:189M, RSS:151M, Data:133M) : RTL Light containers ready for module alb_mss_fab_fifo_0002_0001
#     Wed May 14 18:57:23 2025 (VM Peak:189M, Size:189M, RSS:151M, Data:133M) : RTL Light containers ready for module alb_mss_fab_fifo_0003_0000
#     Wed May 14 18:57:23 2025 (VM Peak:189M, Size:189M, RSS:151M, Data:133M) : RTL Light containers ready for module alb_mss_fab_fifo_0003_0001
#     Wed May 14 18:57:23 2025 (VM Peak:189M, Size:189M, RSS:151M, Data:133M) : RTL Light containers ready for module alb_mss_fab_fifo_0004_0000
#     Wed May 14 18:57:23 2025 (VM Peak:189M, Size:189M, RSS:151M, Data:133M) : RTL Light containers ready for module alb_mss_fab_fifo_0005_0000
#     Wed May 14 18:57:23 2025 (VM Peak:189M, Size:189M, RSS:151M, Data:133M) : RTL Light containers ready for module alb_mss_fab_fifo_0006_0000
#     Wed May 14 18:57:23 2025 (VM Peak:189M, Size:189M, RSS:151M, Data:133M) : RTL Light containers ready for module alb_mss_fab_fifo_0006_0001
#     Wed May 14 18:57:23 2025 (VM Peak:189M, Size:189M, RSS:151M, Data:133M) : RTL Light containers ready for module alb_mss_fab_fifo_000A_0000
#     Wed May 14 18:57:23 2025 (VM Peak:189M, Size:189M, RSS:151M, Data:133M) : RTL Light containers ready for module alb_mss_fab_bypbuf_0000_0000
#     Wed May 14 18:57:23 2025 (VM Peak:189M, Size:189M, RSS:151M, Data:133M) : RTL Light containers ready for module alb_mss_fab_bypbuf_0000_0001
#     Wed May 14 18:57:23 2025 (VM Peak:189M, Size:189M, RSS:151M, Data:133M) : RTL Light containers ready for module alb_mss_fab_bypbuf_0000_0002
#     Wed May 14 18:57:23 2025 (VM Peak:189M, Size:189M, RSS:151M, Data:133M) : RTL Light containers ready for module alb_mss_fab_ibp_buffer_0000_0000
#     Wed May 14 18:57:23 2025 (VM Peak:189M, Size:189M, RSS:151M, Data:133M) : RTL Light containers ready for module alb_mss_fab_ibp_buffer_0000_0001
#     Wed May 14 18:57:23 2025 (VM Peak:189M, Size:189M, RSS:151M, Data:133M) : RTL Light containers ready for module alb_mss_fab_ibp_buffer_0000_0002
#     Wed May 14 18:57:23 2025 (VM Peak:189M, Size:189M, RSS:151M, Data:133M) : RTL Light containers ready for module alb_mss_fab_ibp_buffer_0000_0003
#     Wed May 14 18:57:23 2025 (VM Peak:189M, Size:189M, RSS:151M, Data:133M) : RTL Light containers ready for module alb_mss_fab_ibp_buffer_0000_0004
#     Wed May 14 18:57:23 2025 (VM Peak:189M, Size:189M, RSS:151M, Data:133M) : RTL Light containers ready for module alb_mss_fab_ibp_buffer_0000_0005
#     Wed May 14 18:57:23 2025 (VM Peak:189M, Size:189M, RSS:151M, Data:133M) : RTL Light containers ready for module alb_mss_fab_ibp_buffer_0000_0006
#     Wed May 14 18:57:23 2025 (VM Peak:189M, Size:189M, RSS:151M, Data:133M) : RTL Light containers ready for module alb_mss_fab_ibp_buffer_0000_0007
#     Wed May 14 18:57:23 2025 (VM Peak:189M, Size:189M, RSS:151M, Data:133M) : RTL Light containers ready for module alb_mss_fab_ibp_buffer_0000_0008
#     Wed May 14 18:57:23 2025 (VM Peak:189M, Size:189M, RSS:151M, Data:133M) : RTL Light containers ready for module alb_mss_fab_ibp_buffer_0000_0009
#     Wed May 14 18:57:23 2025 (VM Peak:189M, Size:189M, RSS:151M, Data:133M) : RTL Light containers ready for module alb_mss_fab_ibp_buffer_0000_000A
#     Wed May 14 18:57:23 2025 (VM Peak:189M, Size:189M, RSS:151M, Data:133M) : RTL Light containers ready for module alb_mss_fab_bus_lat_0000_0000
#     Wed May 14 18:57:23 2025 (VM Peak:189M, Size:189M, RSS:151M, Data:133M) : RTL Light containers ready for module mss_bus_switch_slv_ibp_buffer_0000_0000
#     Wed May 14 18:57:23 2025 (VM Peak:189M, Size:189M, RSS:151M, Data:133M) : RTL Light containers ready for module mss_bus_switch_slv_ibp_buffer_0001_0000
#     Wed May 14 18:57:23 2025 (VM Peak:189M, Size:189M, RSS:151M, Data:133M) : RTL Light containers ready for module mss_bus_switch_fifo_0000_0000
#     Wed May 14 18:57:23 2025 (VM Peak:189M, Size:189M, RSS:151M, Data:133M) : RTL Light containers ready for module mss_bus_switch_fifo_0000_0001
#     Wed May 14 18:57:23 2025 (VM Peak:189M, Size:189M, RSS:151M, Data:133M) : RTL Light containers ready for module mss_bus_switch_fifo_0000_0002
#     Wed May 14 18:57:23 2025 (VM Peak:189M, Size:189M, RSS:151M, Data:133M) : RTL Light containers ready for module mss_bus_switch_fifo_0000_0003
#     Wed May 14 18:57:23 2025 (VM Peak:189M, Size:189M, RSS:151M, Data:133M) : RTL Light containers ready for module mss_bus_switch_fifo_0000_0004
#     Wed May 14 18:57:23 2025 (VM Peak:189M, Size:189M, RSS:151M, Data:133M) : RTL Light containers ready for module mss_bus_switch_fifo_0000_0005
#     Wed May 14 18:57:23 2025 (VM Peak:189M, Size:189M, RSS:151M, Data:133M) : RTL Light containers ready for module mss_bus_switch_fifo_0000_0006
#     Wed May 14 18:57:23 2025 (VM Peak:189M, Size:189M, RSS:151M, Data:133M) : RTL Light containers ready for module mss_bus_switch_fifo_0000_0007
#     Wed May 14 18:57:23 2025 (VM Peak:189M, Size:189M, RSS:151M, Data:133M) : RTL Light containers ready for module mss_bus_switch_fifo_0000_0008
#     Wed May 14 18:57:23 2025 (VM Peak:189M, Size:189M, RSS:151M, Data:133M) : RTL Light containers ready for module mss_bus_switch_fifo_0000_0009
#     Wed May 14 18:57:23 2025 (VM Peak:189M, Size:189M, RSS:151M, Data:133M) : RTL Light containers ready for module mss_bus_switch_fifo_0001_0000
#     Wed May 14 18:57:23 2025 (VM Peak:189M, Size:189M, RSS:151M, Data:133M) : RTL Light containers ready for module mss_bus_switch_fifo_0001_0001
#     Wed May 14 18:57:23 2025 (VM Peak:189M, Size:189M, RSS:151M, Data:133M) : RTL Light containers ready for module mss_bus_switch_fifo_0001_0002
#     Wed May 14 18:57:23 2025 (VM Peak:189M, Size:189M, RSS:151M, Data:133M) : RTL Light containers ready for module mss_bus_switch_fifo_0001_0003
#     Wed May 14 18:57:23 2025 (VM Peak:189M, Size:189M, RSS:151M, Data:133M) : RTL Light containers ready for module mss_bus_switch_fifo_0001_0004
#     Wed May 14 18:57:23 2025 (VM Peak:189M, Size:189M, RSS:151M, Data:133M) : RTL Light containers ready for module mss_bus_switch_ibpx2ibpy_0000_0000
#     Wed May 14 18:57:23 2025 (VM Peak:189M, Size:189M, RSS:151M, Data:133M) : RTL Light containers ready for module mss_bus_switch_ibpx2ibpy_0000_0001
#     Wed May 14 18:57:23 2025 (VM Peak:189M, Size:189M, RSS:151M, Data:133M) : RTL Light containers ready for module mss_bus_switch_ibpx2ibpy_0001_0000
#     Wed May 14 18:57:23 2025 (VM Peak:189M, Size:189M, RSS:151M, Data:133M) : RTL Light containers ready for module mss_bus_switch_ibpx2ibpy_0001_0001
#     Wed May 14 18:57:23 2025 (VM Peak:189M, Size:189M, RSS:151M, Data:133M) : RTL Light containers ready for module mss_bus_switch_ibpx2ibpy_0002_0000
#     Wed May 14 18:57:23 2025 (VM Peak:189M, Size:189M, RSS:151M, Data:133M) : RTL Light containers ready for module mss_bus_switch_ibp_split_0000_0000
#     Wed May 14 18:57:23 2025 (VM Peak:189M, Size:189M, RSS:151M, Data:133M) : RTL Light containers ready for module mss_bus_switch_ibp_cwbind_0000_0000
#     Wed May 14 18:57:23 2025 (VM Peak:189M, Size:189M, RSS:151M, Data:133M) : RTL Light containers ready for module mss_bus_switch_ibp_compr_0000_0000
#     Wed May 14 18:57:23 2025 (VM Peak:189M, Size:189M, RSS:151M, Data:133M) : RTL Light containers ready for module mss_bus_switch_ibp_compr_0000_0001
#     Wed May 14 18:57:23 2025 (VM Peak:189M, Size:189M, RSS:151M, Data:133M) : RTL Light containers ready for module mss_bus_switch_mst_ibp_buffer_0000_0000
#     Wed May 14 18:57:23 2025 (VM Peak:189M, Size:189M, RSS:151M, Data:133M) : RTL Light containers ready for module mss_bus_switch_mst_ibp_buffer_0000_0001
#     Wed May 14 18:57:23 2025 (VM Peak:189M, Size:189M, RSS:151M, Data:133M) : RTL Light containers ready for module alb_mss_fab_ibp2single_0000_0000
#     Wed May 14 18:57:23 2025 (VM Peak:189M, Size:189M, RSS:151M, Data:133M) : RTL Light containers ready for module alb_mss_fab_ibp2single_0000_0001
#     Wed May 14 18:57:23 2025 (VM Peak:189M, Size:189M, RSS:151M, Data:133M) : RTL Light containers ready for module alb_mss_mem_bypbuf_0000_0000
#     Wed May 14 18:57:23 2025 (VM Peak:189M, Size:189M, RSS:151M, Data:133M) : RTL Light containers ready for module alb_mss_mem_bypbuf_0000_0001
#     Wed May 14 18:57:23 2025 (VM Peak:189M, Size:189M, RSS:151M, Data:133M) : RTL Light containers ready for module alb_mss_mem_bypbuf_0000_0002
#     Wed May 14 18:57:23 2025 (VM Peak:189M, Size:189M, RSS:151M, Data:133M) : RTL Light containers ready for module alb_mss_mem_bypbuf_0000_0003
#     Wed May 14 18:57:23 2025 (VM Peak:189M, Size:189M, RSS:151M, Data:133M) : RTL Light containers ready for module alb_mss_mem_bypbuf_0000_0004
#     Wed May 14 18:57:23 2025 (VM Peak:189M, Size:189M, RSS:151M, Data:133M) : RTL Light containers ready for module alb_mss_mem_fifo_0000_0000
#     Wed May 14 18:57:23 2025 (VM Peak:189M, Size:189M, RSS:151M, Data:133M) : RTL Light containers ready for module alb_mss_mem_fifo_0000_0001
#     Wed May 14 18:57:23 2025 (VM Peak:189M, Size:189M, RSS:151M, Data:133M) : RTL Light containers ready for module alb_mss_mem_fifo_0000_0002
#     Wed May 14 18:57:23 2025 (VM Peak:189M, Size:189M, RSS:151M, Data:133M) : RTL Light containers ready for module alb_mss_mem_fifo_0000_0003
#     Wed May 14 18:57:23 2025 (VM Peak:189M, Size:189M, RSS:151M, Data:133M) : RTL Light containers ready for module alb_mss_mem_fifo_0003_0000
#     Wed May 14 18:57:23 2025 (VM Peak:189M, Size:189M, RSS:151M, Data:133M) : RTL Light containers ready for module sr_err_aggr_0000_0000
#     Wed May 14 18:57:23 2025 (VM Peak:189M, Size:189M, RSS:151M, Data:133M) : RTL Light containers ready for module sr_err_aggr_0000_0001
#     Wed May 14 18:57:23 2025 (VM Peak:189M, Size:189M, RSS:151M, Data:133M) : RTL Light containers ready for module sr_err_aggr_0000_0002
#     Wed May 14 18:57:23 2025 (VM Peak:189M, Size:189M, RSS:151M, Data:133M) : RTL Light containers ready for module sr_err_aggr_0000_0003
#     Wed May 14 18:57:23 2025 (VM Peak:189M, Size:189M, RSS:151M, Data:133M) : RTL Light containers ready for module rl_parity_gen_0000_0000
#     Wed May 14 18:57:23 2025 (VM Peak:189M, Size:189M, RSS:151M, Data:133M) : RTL Light containers ready for module rl_parity_gen_0000_0001
#     Wed May 14 18:57:23 2025 (VM Peak:189M, Size:189M, RSS:151M, Data:133M) : RTL Light containers ready for module rl_parity_gen_0000_0002
#     Wed May 14 18:57:23 2025 (VM Peak:189M, Size:189M, RSS:151M, Data:133M) : RTL Light containers ready for module rl_parity_gen_0000_0003
#     Wed May 14 18:57:23 2025 (VM Peak:189M, Size:189M, RSS:151M, Data:133M) : RTL Light containers ready for module rl_parity_chk_0002_0000
#     Wed May 14 18:57:23 2025 (VM Peak:189M, Size:189M, RSS:151M, Data:133M) : RTL Light containers ready for module rl_parity_chk_0002_0001
#     Wed May 14 18:57:23 2025 (VM Peak:189M, Size:189M, RSS:151M, Data:133M) : RTL Light containers ready for module rl_parity_chk_0002_0002
#     Wed May 14 18:57:23 2025 (VM Peak:189M, Size:189M, RSS:151M, Data:133M) : RTL Light containers ready for module rl_parity_chk_0002_0003
#     Wed May 14 18:57:23 2025 (VM Peak:189M, Size:189M, RSS:151M, Data:133M) : RTL Light containers ready for module fpga_sram_0002_0000
#     Wed May 14 18:57:23 2025 (VM Peak:189M, Size:189M, RSS:151M, Data:133M) : RTL Light containers ready for module mss_bus_switch_ibp2single_0000_0000
#     Wed May 14 18:57:23 2025 (VM Peak:189M, Size:189M, RSS:151M, Data:133M) : RTL Light containers ready for module mss_bus_switch_ibp2single_0000_0001
#     Wed May 14 18:57:23 2025 (VM Peak:189M, Size:189M, RSS:151M, Data:133M) : RTL Light containers ready for module odd_pty_enc_0001_0000
#     Wed May 14 18:57:23 2025 (VM Peak:189M, Size:189M, RSS:151M, Data:133M) : RTL Light containers ready for module odd_pty_enc_0001_0001
#     Wed May 14 18:57:23 2025 (VM Peak:189M, Size:189M, RSS:151M, Data:133M) : RTL Light containers ready for module odd_pty_enc_0001_0002
#     Wed May 14 18:57:23 2025 (VM Peak:189M, Size:189M, RSS:151M, Data:133M) : RTL Light containers ready for module odd_pty_dec_0000
#     Wed May 14 18:57:23 2025 (VM Peak:189M, Size:189M, RSS:151M, Data:133M) : RTL Light containers ready for module odd_pty_dec_0001
#     Wed May 14 18:57:23 2025 (VM Peak:189M, Size:189M, RSS:151M, Data:133M) : RTL Light containers ready for module odd_pty_dec_0002
#     Wed May 14 18:57:23 2025 (VM Peak:189M, Size:189M, RSS:151M, Data:133M) : RTL Light containers ready for module odd_pty_dec_0003
#     Wed May 14 18:57:23 2025 (VM Peak:189M, Size:189M, RSS:151M, Data:133M) : RTL Light containers ready for module odd_pty_qual_dec_wrap_0000_0000
#     Wed May 14 18:57:23 2025 (VM Peak:189M, Size:189M, RSS:151M, Data:133M) : RTL Light containers ready for module odd_pty_qual_dec_wrap_0000_0001
#     Wed May 14 18:57:23 2025 (VM Peak:189M, Size:189M, RSS:151M, Data:133M) : RTL Light containers ready for module odd_pty_qual_di_dec_wrap_0000_0000
#     Wed May 14 18:57:23 2025 (VM Peak:189M, Size:189M, RSS:151M, Data:133M) : RTL Light containers ready for module odd_pty_qual_di_dec_wrap_0000_0001
#     Wed May 14 18:57:23 2025 (VM Peak:189M, Size:189M, RSS:151M, Data:133M) : RTL Light containers ready for module zz_Encrypt_12
#     Wed May 14 18:57:23 2025 (VM Peak:189M, Size:189M, RSS:151M, Data:133M) : RTL Light containers ready for module zebu_reqsig_clock_driverclock
#     Wed May 14 18:57:23 2025 (VM Peak:189M, Size:189M, RSS:151M, Data:133M) : RTL Light containers ready for module zebu_ts_orion_tick_clk_mod
#     Wed May 14 18:57:23 2025 (VM Peak:189M, Size:189M, RSS:151M, Data:133M) : RTL Light containers ready for module ZebuClockDetectFront_0
#     Wed May 14 18:57:23 2025 (VM Peak:189M, Size:189M, RSS:151M, Data:133M) : RTL Light containers ready for module zebu_bb_front_ed_clk_edge_P_1_U_1
#     Wed May 14 18:57:23 2025 (VM Peak:189M, Size:189M, RSS:151M, Data:133M) : RTL Light containers ready for module zebu_bb_edge_detector
#     Wed May 14 18:57:23 2025 (VM Peak:189M, Size:189M, RSS:151M, Data:133M) : RTL Light containers ready for module ZebuClockDetectFront_1
#     Wed May 14 18:57:23 2025 (VM Peak:189M, Size:189M, RSS:151M, Data:133M) : RTL Light containers ready for module ZebuClockDetectFront_2
#     Wed May 14 18:57:23 2025 (VM Peak:189M, Size:189M, RSS:151M, Data:133M) : RTL Light containers ready for module ZebuClockDetectFront_3
#     Wed May 14 18:57:23 2025 (VM Peak:189M, Size:189M, RSS:151M, Data:133M) : RTL Light containers ready for module ZebuClockDetectFront_4
#     Wed May 14 18:57:23 2025 (VM Peak:189M, Size:189M, RSS:151M, Data:133M) : RTL Light containers ready for module ZebuClockDetectFront_5
#     Wed May 14 18:57:23 2025 (VM Peak:189M, Size:189M, RSS:151M, Data:133M) : RTL Light containers ready for module ZebuClockDetectFront_6
#     Wed May 14 18:57:23 2025 (VM Peak:189M, Size:189M, RSS:151M, Data:133M) : RTL Light containers ready for module ZebuClockDetectFront_7
#     Wed May 14 18:57:23 2025 (VM Peak:189M, Size:189M, RSS:151M, Data:133M) : RTL Light containers ready for module zebu_bb_async_reset_cond
#     Wed May 14 18:57:23 2025 (VM Peak:189M, Size:189M, RSS:151M, Data:133M) : RTL Light containers ready for module zebu_bb_add_zview
#     Wed May 14 18:57:23 2025 (VM Peak:189M, Size:189M, RSS:151M, Data:133M) : RTL Light containers ready for module zemi3OutPortArbiter_2_96_op
#     Wed May 14 18:57:23 2025 (VM Peak:189M, Size:189M, RSS:151M, Data:133M) : RTL Light containers ready for module zemi3OutPortArbiter_2_608_op
#     Wed May 14 18:57:23 2025 (VM Peak:189M, Size:189M, RSS:151M, Data:133M) : RTL Light containers ready for module zceiMessageInPort_1
#     Wed May 14 18:57:23 2025 (VM Peak:189M, Size:189M, RSS:151M, Data:133M) : RTL Light containers ready for module zceiMessageOutPort_544
#     Wed May 14 18:57:23 2025 (VM Peak:189M, Size:189M, RSS:151M, Data:133M) : RTL Light containers ready for module zceiMessageInPort_64
#     Wed May 14 18:57:23 2025 (VM Peak:189M, Size:189M, RSS:151M, Data:133M) : RTL Light containers ready for module zceiMessageOutPort_1
#     Wed May 14 18:57:23 2025 (VM Peak:189M, Size:189M, RSS:151M, Data:133M) : RTL Light containers ready for module zceiMessageOutPort_128
#     Wed May 14 18:57:23 2025 (VM Peak:189M, Size:189M, RSS:151M, Data:133M) : RTL Light containers ready for module zceiMessageOutPort_640
#     Wed May 14 18:57:23 2025 (VM Peak:189M, Size:189M, RSS:151M, Data:133M) : RTL Light containers ready for module zceiMessageInPort_6
#     Wed May 14 18:57:23 2025 (VM Peak:189M, Size:189M, RSS:151M, Data:133M) : RTL Light containers ready for module zceiMessageOutPort_3
#     Wed May 14 18:57:23 2025 (VM Peak:189M, Size:189M, RSS:151M, Data:133M) : RTL Light containers ready for module zceiMessageInPort_150
#     Wed May 14 18:57:23 2025 (VM Peak:189M, Size:189M, RSS:151M, Data:133M) : RTL Light containers ready for module zceiMessageInPort_2516
#     Wed May 14 18:57:23 2025 (VM Peak:189M, Size:189M, RSS:151M, Data:133M) : RTL Light containers ready for module zceiMessageOutPort_65
#     Wed May 14 18:57:23 2025 (VM Peak:189M, Size:189M, RSS:151M, Data:133M) : RTL Light containers ready for module zebu_bb_stop_driver_clock_2
#     Wed May 14 18:57:23 2025 (VM Peak:189M, Size:189M, RSS:151M, Data:133M) : RTL Light containers ready for module ZebuClockDetectFront_8
#     Wed May 14 18:57:23 2025 (VM Peak:189M, Size:189M, RSS:151M, Data:133M) : RTL Light containers ready for module zebu_bb_mcp_fake_edge_detector
#     Wed May 14 18:57:23 2025 (VM Peak:189M, Size:189M, RSS:151M, Data:133M) : RTL Light containers ready for module ZebuClockDetectFront_9
#     Wed May 14 18:57:23 2025 (VM Peak:189M, Size:189M, RSS:151M, Data:133M) : RTL Light containers ready for module ZebuClockDetectFront_10
#     Wed May 14 18:57:23 2025 (VM Peak:189M, Size:189M, RSS:151M, Data:133M) : RTL Light containers ready for module ZebuClockDetectFront_11
#     Wed May 14 18:57:23 2025 (VM Peak:189M, Size:189M, RSS:151M, Data:133M) : RTL Light containers ready for module ZebuClockDetectFront_12
#     Wed May 14 18:57:23 2025 (VM Peak:189M, Size:189M, RSS:151M, Data:133M) : RTL Light containers ready for module ZebuClockDetectFront_13
#     Wed May 14 18:57:23 2025 (VM Peak:189M, Size:189M, RSS:151M, Data:133M) : RTL Light containers ready for module ZebuClockDetectFront_14
#     Wed May 14 18:57:23 2025 (VM Peak:189M, Size:189M, RSS:151M, Data:133M) : RTL Light containers ready for module ZebuClockDetectFront_15
#     Wed May 14 18:57:23 2025 (VM Peak:189M, Size:189M, RSS:151M, Data:133M) : RTL Light containers ready for module ZebuClockDetectFront_16
#     Wed May 14 18:57:23 2025 (VM Peak:189M, Size:189M, RSS:151M, Data:133M) : RTL Light containers ready for module ZebuClockDetectFront_17
#     Wed May 14 18:57:23 2025 (VM Peak:189M, Size:189M, RSS:151M, Data:133M) : RTL Light containers ready for module ZebuClockDetectFront_18
#     Wed May 14 18:57:23 2025 (VM Peak:189M, Size:189M, RSS:151M, Data:133M) : RTL Light containers ready for module ZebuClockDetectFront_19
#     Wed May 14 18:57:23 2025 (VM Peak:189M, Size:189M, RSS:151M, Data:133M) : RTL Light containers ready for module ZebuClockDetectFront_20
#     Wed May 14 18:57:23 2025 (VM Peak:189M, Size:189M, RSS:151M, Data:133M) : RTL Light containers ready for module ZebuClockDetectFront_21
#     Wed May 14 18:57:23 2025 (VM Peak:189M, Size:189M, RSS:151M, Data:133M) : RTL Light containers ready for module ZebuClockDetectFront_22
#     Wed May 14 18:57:23 2025 (VM Peak:189M, Size:189M, RSS:151M, Data:133M) : RTL Light containers ready for module ZebuClockDetectFront_23
#     Wed May 14 18:57:23 2025 (VM Peak:189M, Size:189M, RSS:151M, Data:133M) : RTL Light containers ready for module ZebuClockDetectFront_24
#     Wed May 14 18:57:23 2025 (VM Peak:189M, Size:189M, RSS:151M, Data:133M) : RTL Light containers ready for module ZebuClockDetectFront_25
#     Wed May 14 18:57:23 2025 (VM Peak:189M, Size:189M, RSS:151M, Data:133M) : RTL Light containers ready for module ZebuClockDetectFront_26
#     Wed May 14 18:57:23 2025 (VM Peak:189M, Size:189M, RSS:151M, Data:133M) : RTL Light containers ready for module ZebuClockDetectFront_27
#     Wed May 14 18:57:23 2025 (VM Peak:189M, Size:189M, RSS:151M, Data:133M) : RTL Light containers ready for module ZebuClockDetectFront_28
#     Wed May 14 18:57:23 2025 (VM Peak:189M, Size:189M, RSS:151M, Data:133M) : RTL Light containers ready for module ZebuClockDetectFront_29
#     Wed May 14 18:57:23 2025 (VM Peak:189M, Size:189M, RSS:151M, Data:133M) : RTL Light containers ready for module ZebuClockDetectFront_30
#     Wed May 14 18:57:23 2025 (VM Peak:189M, Size:189M, RSS:151M, Data:133M) : RTL Light containers ready for module ZebuClockDetectFront_31
#     Wed May 14 18:57:23 2025 (VM Peak:189M, Size:189M, RSS:151M, Data:133M) : RTL Light containers ready for module ZebuClockDetectFront_32
#     Wed May 14 18:57:23 2025 (VM Peak:189M, Size:189M, RSS:151M, Data:133M) : RTL Light containers ready for module ZebuClockDetectFront_33
#     Wed May 14 18:57:23 2025 (VM Peak:189M, Size:189M, RSS:151M, Data:133M) : RTL Light containers ready for module ZebuClockDetectFront_34
#     Wed May 14 18:57:23 2025 (VM Peak:189M, Size:189M, RSS:151M, Data:133M) : RTL Light containers ready for module zebu_bb_dpi_mcp_fake_edge_detector_2
#     Wed May 14 18:57:23 2025 (VM Peak:189M, Size:189M, RSS:151M, Data:133M) : RTL Light containers ready for module ZebuClockDetectFront_35
#     Wed May 14 18:57:23 2025 (VM Peak:189M, Size:189M, RSS:151M, Data:133M) : RTL Light containers ready for module ZebuClockDetectFront_36
#     Wed May 14 18:57:23 2025 (VM Peak:189M, Size:189M, RSS:151M, Data:133M) : RTL Light containers ready for module ZebuClockDetectFront_37
#     Wed May 14 18:57:23 2025 (VM Peak:189M, Size:189M, RSS:151M, Data:133M) : RTL Light containers ready for module zebu_bb_mem_sco
#     Wed May 14 18:57:23 2025 (VM Peak:189M, Size:189M, RSS:151M, Data:133M) : RTL Light containers ready for module ZebuClockDetectFront_38
#     Wed May 14 18:57:23 2025 (VM Peak:189M, Size:189M, RSS:151M, Data:133M) : RTL Light containers ready for module ZebuClockDetectFront_39
#     Wed May 14 18:57:23 2025 (VM Peak:189M, Size:189M, RSS:151M, Data:133M) : RTL Light containers ready for module ZebuClockDetectFront_40
#     Wed May 14 18:57:23 2025 (VM Peak:189M, Size:189M, RSS:151M, Data:133M) : RTL Light containers ready for module ZebuClockDetectFront_41
#     Wed May 14 18:57:23 2025 (VM Peak:189M, Size:189M, RSS:151M, Data:133M) : RTL Light containers ready for module ZebuClockDetectFront_42
#     Wed May 14 18:57:23 2025 (VM Peak:189M, Size:189M, RSS:151M, Data:133M) : RTL Light containers ready for module ZebuClockDetectFront_43
#     Wed May 14 18:57:23 2025 (VM Peak:189M, Size:189M, RSS:151M, Data:133M) : RTL Light containers ready for module ZebuClockDetectFront_44
#     Wed May 14 18:57:23 2025 (VM Peak:189M, Size:189M, RSS:151M, Data:133M) : RTL Light containers ready for module ZebuClockDetectFront_45
#     Wed May 14 18:57:23 2025 (VM Peak:189M, Size:189M, RSS:151M, Data:133M) : RTL Light containers ready for module ZebuClockDetectFront_46
#     Wed May 14 18:57:23 2025 (VM Peak:189M, Size:189M, RSS:151M, Data:133M) : RTL Light containers ready for module ZebuClockDetectFront_47
#     Wed May 14 18:57:23 2025 (VM Peak:189M, Size:189M, RSS:151M, Data:133M) : RTL Light containers ready for module ZebuClockDetectFront_48
#     Wed May 14 18:57:23 2025 (VM Peak:189M, Size:189M, RSS:151M, Data:133M) : RTL Light containers ready for module ZebuClockDetectFront_49
#     Wed May 14 18:57:23 2025 (VM Peak:189M, Size:189M, RSS:151M, Data:133M) : RTL Light containers ready for module ZebuClockDetectFront_50
#     Wed May 14 18:57:23 2025 (VM Peak:189M, Size:189M, RSS:151M, Data:133M) : RTL Light containers ready for module ZebuClockDetectFront_51
#     Wed May 14 18:57:23 2025 (VM Peak:189M, Size:189M, RSS:151M, Data:133M) : RTL Light containers ready for module ZebuClockDetectFront_52
#     Wed May 14 18:57:23 2025 (VM Peak:189M, Size:189M, RSS:151M, Data:133M) : RTL Light containers ready for module ZebuClockDetectFront_53
#     Wed May 14 18:57:23 2025 (VM Peak:189M, Size:189M, RSS:151M, Data:133M) : RTL Light containers ready for module ZebuClockDetectFront_54
#     Wed May 14 18:57:23 2025 (VM Peak:189M, Size:189M, RSS:151M, Data:133M) : RTL Light containers ready for module ZebuClockDetectFront_55
#     Wed May 14 18:57:23 2025 (VM Peak:189M, Size:189M, RSS:151M, Data:133M) : RTL Light containers ready for module ZebuClockDetectFront_56
#     Wed May 14 18:57:23 2025 (VM Peak:189M, Size:189M, RSS:151M, Data:133M) : RTL Light containers ready for module zebu_bb_sample_clk_uncond_sample_4_1
#     Wed May 14 18:57:23 2025 (VM Peak:189M, Size:189M, RSS:151M, Data:133M) : RTL Light containers ready for module zebu_bb_sample_clk_uncond_1_1
#     Wed May 14 18:57:23 2025 (VM Peak:189M, Size:189M, RSS:151M, Data:133M) : RTL Light containers ready for module zebu_bb_sample_clk_uncond_sample_1_1
#     Wed May 14 18:57:23 2025 (VM Peak:189M, Size:189M, RSS:151M, Data:133M) : RTL Light containers ready for module zebu_bb_sample_clk_uncond_sample_64_1
#     Wed May 14 18:57:23 2025 (VM Peak:189M, Size:189M, RSS:151M, Data:133M) : RTL Light containers ready for module zemi3OutPortArbiter_2_160_op
#     Wed May 14 18:57:23 2025 (VM Peak:189M, Size:189M, RSS:151M, Data:133M) : RTL Light containers ready for module zceiMessageOutPort_480
#     Wed May 14 18:57:23 2025 (VM Peak:189M, Size:189M, RSS:151M, Data:133M) : RTL Light containers ready for module zceiMessageOutPort_122
#     Wed May 14 18:57:23 2025 (VM Peak:189M, Size:189M, RSS:151M, Data:133M) : RTL Light containers ready for module zceiMessageOutPort_192
#     Wed May 14 18:57:23 2025 (VM Peak:189M, Size:189M, RSS:151M, Data:133M) : RTL Light containers ready for module zceiMessageInPort_180
#     Wed May 14 18:57:23 2025 (VM Peak:189M, Size:189M, RSS:151M, Data:133M) : RTL Light containers ready for module zceiMessageInPort_2960
#     Wed May 14 18:57:23 2025 (VM Peak:189M, Size:189M, RSS:151M, Data:133M) : RTL Light containers ready for module ZebuClockDetectFront_57
#     Wed May 14 18:57:23 2025 (VM Peak:189M, Size:189M, RSS:151M, Data:133M) : RTL Light containers ready for module ZebuClockDetectFront_58
#     Wed May 14 18:57:23 2025 (VM Peak:189M, Size:189M, RSS:151M, Data:133M) : RTL Light containers ready for module ZebuClockDetectFront_59
#     Wed May 14 18:57:23 2025 (VM Peak:189M, Size:189M, RSS:151M, Data:133M) : RTL Light containers ready for module ZebuClockDetectFront_60
#     Wed May 14 18:57:23 2025 (VM Peak:189M, Size:189M, RSS:151M, Data:133M) : RTL Light containers ready for module ZebuClockDetectFront_61
#     Wed May 14 18:57:23 2025 (VM Peak:189M, Size:189M, RSS:151M, Data:133M) : RTL Light containers ready for module ZebuClockDetectFront_62
#     Wed May 14 18:57:23 2025 (VM Peak:189M, Size:189M, RSS:151M, Data:133M) : RTL Light containers ready for module ZebuClockDetectFront_63
#     Wed May 14 18:57:23 2025 (VM Peak:189M, Size:189M, RSS:151M, Data:133M) : RTL Light containers ready for module ZebuClockDetectFront_64
#     Wed May 14 18:57:23 2025 (VM Peak:189M, Size:189M, RSS:151M, Data:133M) : RTL Light containers ready for module ZebuClockDetectFront_65
#     Wed May 14 18:57:23 2025 (VM Peak:189M, Size:189M, RSS:151M, Data:133M) : RTL Light containers ready for module ZebuClockDetectFront_66
#     Wed May 14 18:57:23 2025 (VM Peak:189M, Size:189M, RSS:151M, Data:133M) : RTL Light containers ready for module ZebuClockDetectFront_67
#     Wed May 14 18:57:23 2025 (VM Peak:189M, Size:189M, RSS:151M, Data:133M) : RTL Light containers ready for module ZebuClockDetectFront_68
#     Wed May 14 18:57:23 2025 (VM Peak:189M, Size:189M, RSS:151M, Data:133M) : RTL Light containers ready for module ZebuClockDetectFront_69
#     Wed May 14 18:57:23 2025 (VM Peak:189M, Size:189M, RSS:151M, Data:133M) : RTL Light containers ready for module ZebuClockDetectFront_70
#     Wed May 14 18:57:23 2025 (VM Peak:189M, Size:189M, RSS:151M, Data:133M) : RTL Light containers ready for module ZebuClockDetectFront_71
#     Wed May 14 18:57:23 2025 (VM Peak:189M, Size:189M, RSS:151M, Data:133M) : RTL Light containers ready for module ZebuClockDetectFront_72
#     Wed May 14 18:57:23 2025 (VM Peak:189M, Size:189M, RSS:151M, Data:133M) : RTL Light containers ready for module ZebuClockDetectFront_73
#     Wed May 14 18:57:23 2025 (VM Peak:189M, Size:189M, RSS:151M, Data:133M) : RTL Light containers ready for module ZebuClockDetectFront_74
#     Wed May 14 18:57:23 2025 (VM Peak:189M, Size:189M, RSS:151M, Data:133M) : RTL Light containers ready for module ZebuClockDetectFront_75
#     Wed May 14 18:57:23 2025 (VM Peak:189M, Size:189M, RSS:151M, Data:133M) : RTL Light containers ready for module ZebuClockDetectFront_76
#     Wed May 14 18:57:23 2025 (VM Peak:189M, Size:189M, RSS:151M, Data:133M) : RTL Light containers ready for module ZebuClockDetectFront_77
#     Wed May 14 18:57:23 2025 (VM Peak:189M, Size:189M, RSS:151M, Data:133M) : RTL Light containers ready for module ZebuClockDetectFront_78
#     Wed May 14 18:57:23 2025 (VM Peak:189M, Size:189M, RSS:151M, Data:133M) : RTL Light containers ready for module ZebuClockDetectFront_79
#     Wed May 14 18:57:23 2025 (VM Peak:189M, Size:189M, RSS:151M, Data:133M) : RTL Light containers ready for module ZebuClockDetectFront_80
#     Wed May 14 18:57:23 2025 (VM Peak:189M, Size:189M, RSS:151M, Data:133M) : RTL Light containers ready for module ZebuClockDetectFront_81
#     Wed May 14 18:57:23 2025 (VM Peak:189M, Size:189M, RSS:151M, Data:133M) : RTL Light containers ready for module ZebuClockDetectFront_82
#     Wed May 14 18:57:23 2025 (VM Peak:189M, Size:189M, RSS:151M, Data:133M) : RTL Light containers ready for module ZebuClockDetectFront_83
#     Wed May 14 18:57:23 2025 (VM Peak:189M, Size:189M, RSS:151M, Data:133M) : RTL Light containers ready for module ZebuClockDetectFront_84
#     Wed May 14 18:57:23 2025 (VM Peak:189M, Size:189M, RSS:151M, Data:133M) : RTL Light containers ready for module ZebuClockDetectFront_85
#     Wed May 14 18:57:23 2025 (VM Peak:189M, Size:189M, RSS:151M, Data:133M) : RTL Light containers ready for module ZebuClockDetectFront_86
#     Wed May 14 18:57:23 2025 (VM Peak:189M, Size:189M, RSS:151M, Data:133M) : RTL Light containers ready for module ZebuClockDetectFront_87
#     Wed May 14 18:57:23 2025 (VM Peak:189M, Size:189M, RSS:151M, Data:133M) : RTL Light containers ready for module ZebuClockDetectFront_88
#     Wed May 14 18:57:23 2025 (VM Peak:189M, Size:189M, RSS:151M, Data:133M) : RTL Light containers ready for module ZebuClockDetectFront_89
#     Wed May 14 18:57:23 2025 (VM Peak:189M, Size:189M, RSS:151M, Data:133M) : RTL Light containers ready for module ZebuClockDetectFront_90
#     Wed May 14 18:57:23 2025 (VM Peak:189M, Size:189M, RSS:151M, Data:133M) : RTL Light containers ready for module ZebuClockDetectFront_91
#     Wed May 14 18:57:23 2025 (VM Peak:189M, Size:189M, RSS:151M, Data:133M) : RTL Light containers ready for module ZebuClockDetectFront_92
#     Wed May 14 18:57:23 2025 (VM Peak:189M, Size:189M, RSS:151M, Data:133M) : RTL Light containers ready for module ZebuClockDetectFront_93
#     Wed May 14 18:57:23 2025 (VM Peak:189M, Size:189M, RSS:151M, Data:133M) : RTL Light containers ready for module ZebuClockDetectFront_94
#     Wed May 14 18:57:23 2025 (VM Peak:189M, Size:189M, RSS:151M, Data:133M) : RTL Light containers ready for module ZebuClockDetectFront_95
#     Wed May 14 18:57:23 2025 (VM Peak:189M, Size:189M, RSS:151M, Data:133M) : RTL Light containers ready for module ZebuClockDetectFront_96
#     Wed May 14 18:57:23 2025 (VM Peak:189M, Size:189M, RSS:151M, Data:133M) : RTL Light containers ready for module ZebuClockDetectFront_97
#     Wed May 14 18:57:23 2025 (VM Peak:189M, Size:189M, RSS:151M, Data:133M) : RTL Light containers ready for module zceiMessageOutPort_64
#     Wed May 14 18:57:23 2025 (VM Peak:189M, Size:189M, RSS:151M, Data:133M) : RTL Light containers ready for module zceiMessageInPort_160
#     Wed May 14 18:57:23 2025 (VM Peak:189M, Size:189M, RSS:151M, Data:133M) : RTL Light containers ready for module zceiMessageInPort_35
#     Wed May 14 18:57:23 2025 (VM Peak:189M, Size:189M, RSS:151M, Data:133M) : RTL Light containers ready for module zceiMessageOutPort_8
#     Wed May 14 18:57:23 2025 (VM Peak:189M, Size:189M, RSS:151M, Data:133M) : RTL Light containers ready for module zceiMessageOutPort_33
#     Wed May 14 18:57:23 2025 (VM Peak:189M, Size:189M, RSS:151M, Data:133M) : RTL Light containers ready for module zceiMessageOutPort_2
#     Wed May 14 18:57:23 2025 (VM Peak:189M, Size:189M, RSS:151M, Data:133M) : RTL Light containers ready for module ZebuClockDetectFront_98
#     Wed May 14 18:57:23 2025 (VM Peak:189M, Size:189M, RSS:151M, Data:133M) : RTL Light containers ready for module ZebuClockDetectFront_99
#     Wed May 14 18:57:23 2025 (VM Peak:189M, Size:189M, RSS:151M, Data:133M) : RTL Light containers ready for module ZebuClockDetectFront_100
#     Wed May 14 18:57:23 2025 (VM Peak:189M, Size:189M, RSS:151M, Data:133M) : RTL Light containers ready for module ZebuClockDetectFront_101
#     Wed May 14 18:57:23 2025 (VM Peak:189M, Size:189M, RSS:151M, Data:133M) : RTL Light containers ready for module ZebuClockDetectFront_102
#     Wed May 14 18:57:23 2025 (VM Peak:189M, Size:189M, RSS:151M, Data:133M) : RTL Light containers ready for module ZebuClockDetectFront_103
#     Wed May 14 18:57:23 2025 (VM Peak:189M, Size:189M, RSS:151M, Data:133M) : RTL Light containers ready for module ZebuClockDetectFront_104
#     Wed May 14 18:57:23 2025 (VM Peak:189M, Size:189M, RSS:151M, Data:133M) : RTL Light containers ready for module ZebuClockDetectFront_105
#     Wed May 14 18:57:23 2025 (VM Peak:189M, Size:189M, RSS:151M, Data:133M) : RTL Light containers ready for module ZebuClockDetectFront_106
#     Wed May 14 18:57:23 2025 (VM Peak:189M, Size:189M, RSS:151M, Data:133M) : RTL Light containers ready for module ZebuClockDetectFront_107
#     Wed May 14 18:57:23 2025 (VM Peak:189M, Size:189M, RSS:151M, Data:133M) : RTL Light containers ready for module zebu_bb_sample_clk_uncond_sample_5_1
#     Wed May 14 18:57:23 2025 (VM Peak:189M, Size:189M, RSS:151M, Data:133M) : RTL Light containers ready for module zebu_bb_sample_clk_uncond_sample_12_1
#     Wed May 14 18:57:23 2025 (VM Peak:189M, Size:189M, RSS:151M, Data:133M) : RTL Light containers ready for module zebu_bb_sample_clk_uncond_7_1
#     Wed May 14 18:57:23 2025 (VM Peak:189M, Size:189M, RSS:151M, Data:133M) : RTL Light containers ready for module zebu_bb_sample_clk_uncond_32_1
#     Wed May 14 18:57:23 2025 (VM Peak:189M, Size:189M, RSS:151M, Data:133M) : RTL Light containers ready for module zebu_bb_sample_clk_uncond_64_1
#     Wed May 14 18:57:23 2025 (VM Peak:189M, Size:189M, RSS:151M, Data:133M) : RTL Light containers ready for module zebu_bb_sample_clk_uncond_66_1
#     Wed May 14 18:57:23 2025 (VM Peak:189M, Size:189M, RSS:151M, Data:133M) : RTL Light containers ready for module zemi3OutPortBuffer_169_4096_24
#     Wed May 14 18:57:23 2025 (VM Peak:189M, Size:189M, RSS:151M, Data:133M) : RTL Light containers ready for module zceiMessageInPort_2
#     Wed May 14 18:57:23 2025 (VM Peak:189M, Size:189M, RSS:151M, Data:133M) : RTL Light containers ready for module zceiMessageOutPort_4096
#     Wed May 14 18:57:23 2025 (VM Peak:189M, Size:189M, RSS:151M, Data:133M) : RTL Light containers ready for module zebu_bb_ts_cur_time
#     Wed May 14 18:57:23 2025 (VM Peak:189M, Size:189M, RSS:151M, Data:133M) : RTL Light containers ready for module zebu_bb_sample_clk_uncond_sample_2_1
#     Wed May 14 18:57:23 2025 (VM Peak:189M, Size:189M, RSS:151M, Data:133M) : RTL Light containers ready for module zebu_bb_sample_clk_uncond_24_1
#     Wed May 14 18:57:23 2025 (VM Peak:190M, Size:190M, RSS:152M, Data:133M) : Serializing design object
#     Wed May 14 18:57:23 2025 (VM Peak:190M, Size:190M, RSS:152M, Data:133M) : Serializing names dictionary
#     Wed May 14 18:57:23 2025 (VM Peak:190M, Size:190M, RSS:152M, Data:133M) : Serializing light dfs tables
zCreateNameDB finished without errors or warnings.
#     Wed May 14 18:57:23 2025 : zCreateNameDB Ended
