
Processing alb_mss_fab_fifo_0001_0001
before constantPropagate: 0u 0.01s 104920e 901992kB
after constantPropagate: 0u 0.01s 104920e 901992kB
before removeUnusedSignals circuit: 0u 0.01s 104920e 901992kB
after removeUnusedSignals circuit: 0u 0.01s 104920e 901992kB
before optimize latch enable: 0u 0.01s 104920e 901992kB
after optimize latch enable: 0u 0.01s 104920e 901992kB
before removeReadAfterMissingWrite: 0u 0.01s 104920e 901992kB
after removeReadAfterMissingWrite: 0u 0.01s 104920e 901992kB
before undoDimensionalSplitOfMemories: 0u 0.01s 104920e 901992kB
after undoDimensionalSplitOfMemories: 0u 0.01s 104920e 901992kB
before extractMemories: 0u 0.01s 104920e 901992kB
after extractMemories: 0u 0.01s 104920e 901992kB
before extractHolds: 0u 0.01s 104920e 901992kB
after extractHolds: 0u 0.01s 104920e 901992kB
before simplifyAdders: 0u 0.01s 104920e 901992kB
after simplifyAdders: 0u 0.01s 104920e 901992kB
before optimizeLessThan: 0u 0.01s 104920e 901992kB
after optimizeLessThan: 0u 0.01s 104920e 901992kB
before reportUnresolvedType: 0u 0.01s 104920e 901992kB
after reportUnresolvedType: 0u 0.01s 104920e 901992kB
before dumpingPerModuleScm : 0u 0.01s 104920e 901992kB
after dumpingPerModuleScm : 0u 0.01s 104920e 901992kB

Processing alb_mss_fab_fifo_0001_0003
before constantPropagate: 0u 0.01s 104920e 901992kB
after constantPropagate: 0u 0.01s 104920e 901992kB
before removeUnusedSignals circuit: 0u 0.01s 104920e 901992kB
after removeUnusedSignals circuit: 0u 0.01s 104920e 901992kB
before optimize latch enable: 0u 0.01s 104920e 901992kB
after optimize latch enable: 0u 0.01s 104920e 901992kB
before removeReadAfterMissingWrite: 0u 0.01s 104920e 901992kB
after removeReadAfterMissingWrite: 0u 0.01s 104920e 901992kB
before undoDimensionalSplitOfMemories: 0u 0.01s 104920e 901992kB
after undoDimensionalSplitOfMemories: 0u 0.01s 104920e 901992kB
before extractMemories: 0u 0.01s 104920e 901992kB
after extractMemories: 0u 0.01s 104920e 901992kB
before extractHolds: 0u 0.01s 104920e 901992kB
after extractHolds: 0u 0.01s 104920e 901992kB
before simplifyAdders: 0u 0.01s 104920e 901992kB
after simplifyAdders: 0u 0.01s 104920e 901992kB
before optimizeLessThan: 0u 0.01s 104920e 901992kB
after optimizeLessThan: 0u 0.01s 104920e 901992kB
before reportUnresolvedType: 0u 0.01s 104920e 901992kB
after reportUnresolvedType: 0u 0.01s 104920e 901992kB
before dumpingPerModuleScm : 0u 0.01s 104920e 901992kB
after dumpingPerModuleScm : 0u 0.01s 104920e 901992kB

Processing alb_mss_fab_fifo_0000_0005
before constantPropagate: 0u 0.01s 104920e 901992kB
after constantPropagate: 0u 0.01s 104920e 901992kB
before removeUnusedSignals circuit: 0u 0.01s 104920e 901992kB
after removeUnusedSignals circuit: 0u 0.01s 104920e 901992kB
before optimize latch enable: 0u 0.01s 104920e 901992kB
after optimize latch enable: 0u 0.01s 104920e 901992kB
before removeReadAfterMissingWrite: 0u 0.01s 104920e 901992kB
after removeReadAfterMissingWrite: 0u 0.01s 104920e 901992kB
before undoDimensionalSplitOfMemories: 0u 0.01s 104920e 901992kB
after undoDimensionalSplitOfMemories: 0u 0.01s 104920e 901992kB
before extractMemories: 0u 0.02s 104920e 901992kB
after extractMemories: 0u 0.02s 104920e 901992kB
before extractHolds: 0u 0.02s 104920e 901992kB
after extractHolds: 0u 0.02s 104922e 901992kB
before simplifyAdders: 0u 0.02s 104922e 901992kB
after simplifyAdders: 0u 0.02s 104922e 901992kB
before optimizeLessThan: 0u 0.02s 104922e 901992kB
after optimizeLessThan: 0u 0.02s 104922e 901992kB
before reportUnresolvedType: 0u 0.02s 104922e 901992kB
after reportUnresolvedType: 0u 0.02s 104922e 901992kB
before dumpingPerModuleScm : 0u 0.02s 104922e 901992kB
after dumpingPerModuleScm : 0.01u 0.02s 104922e 901992kB

Processing alb_mss_fab_fifo_0001_0005
before constantPropagate: 0.01u 0.02s 104922e 901992kB
after constantPropagate: 0.01u 0.02s 104922e 901992kB
before removeUnusedSignals circuit: 0.01u 0.02s 104922e 901992kB
after removeUnusedSignals circuit: 0.01u 0.02s 104922e 901992kB
before optimize latch enable: 0.01u 0.02s 104922e 901992kB
after optimize latch enable: 0.01u 0.02s 104922e 901992kB
before removeReadAfterMissingWrite: 0.01u 0.02s 104922e 901992kB
after removeReadAfterMissingWrite: 0.01u 0.02s 104922e 901992kB
before undoDimensionalSplitOfMemories: 0.01u 0.02s 104922e 901992kB
after undoDimensionalSplitOfMemories: 0.01u 0.02s 104922e 901992kB
before extractMemories: 0.01u 0.02s 104922e 901992kB
after extractMemories: 0.01u 0.02s 104922e 901992kB
before extractHolds: 0.01u 0.02s 104922e 901992kB
after extractHolds: 0.01u 0.02s 104922e 901992kB
before simplifyAdders: 0.01u 0.02s 104922e 901992kB
after simplifyAdders: 0.01u 0.02s 104922e 901992kB
before optimizeLessThan: 0.01u 0.02s 104922e 901992kB
after optimizeLessThan: 0.01u 0.02s 104922e 901992kB
before reportUnresolvedType: 0.01u 0.02s 104922e 901992kB
after reportUnresolvedType: 0.01u 0.02s 104922e 901992kB
before dumpingPerModuleScm : 0.01u 0.02s 104922e 901992kB
after dumpingPerModuleScm : 0.01u 0.02s 104922e 901992kB

Processing alb_mss_fab_fifo_0001_0007
before constantPropagate: 0.01u 0.02s 104922e 901992kB
after constantPropagate: 0.01u 0.02s 104922e 901992kB
before removeUnusedSignals circuit: 0.01u 0.02s 104922e 901992kB
after removeUnusedSignals circuit: 0.01u 0.02s 104922e 901992kB
before optimize latch enable: 0.01u 0.02s 104922e 901992kB
after optimize latch enable: 0.01u 0.02s 104922e 901992kB
before removeReadAfterMissingWrite: 0.01u 0.02s 104922e 901992kB
after removeReadAfterMissingWrite: 0.01u 0.02s 104922e 901992kB
before undoDimensionalSplitOfMemories: 0.01u 0.02s 104922e 901992kB
after undoDimensionalSplitOfMemories: 0.01u 0.02s 104922e 901992kB
before extractMemories: 0.01u 0.02s 104922e 901992kB
after extractMemories: 0.01u 0.02s 104922e 901992kB
before extractHolds: 0.01u 0.02s 104922e 901992kB
after extractHolds: 0.01u 0.02s 104922e 901992kB
before simplifyAdders: 0.01u 0.02s 104922e 901992kB
after simplifyAdders: 0.01u 0.02s 104922e 901992kB
before optimizeLessThan: 0.01u 0.02s 104922e 901992kB
after optimizeLessThan: 0.01u 0.02s 104922e 901992kB
before reportUnresolvedType: 0.01u 0.02s 104922e 901992kB
after reportUnresolvedType: 0.01u 0.02s 104922e 901992kB
before dumpingPerModuleScm : 0.01u 0.02s 104922e 901992kB
after dumpingPerModuleScm : 0.01u 0.02s 104922e 901992kB

Processing alb_mss_fab_bus_lat_0000_0000
before constantPropagate: 0.01u 0.02s 104922e 901992kB
after constantPropagate: 0.01u 0.02s 104922e 901992kB
before removeUnusedSignals circuit: 0.01u 0.02s 104922e 901992kB
after removeUnusedSignals circuit: 0.01u 0.02s 104922e 901992kB
before optimize latch enable: 0.01u 0.02s 104922e 901992kB
after optimize latch enable: 0.01u 0.02s 104922e 901992kB
before removeReadAfterMissingWrite: 0.01u 0.02s 104922e 901992kB
after removeReadAfterMissingWrite: 0.01u 0.02s 104922e 901992kB
before undoDimensionalSplitOfMemories: 0.01u 0.02s 104922e 901992kB
after undoDimensionalSplitOfMemories: 0.01u 0.02s 104922e 901992kB
before extractMemories: 0.01u 0.02s 104922e 901992kB
after extractMemories: 0.01u 0.02s 104922e 901992kB
before extractHolds: 0.01u 0.02s 104922e 901992kB
after extractHolds: 0.01u 0.02s 104933e 901992kB
before simplifyAdders: 0.01u 0.02s 104933e 901992kB
after simplifyAdders: 0.01u 0.02s 104933e 901992kB
before optimizeLessThan: 0.01u 0.02s 104933e 901992kB
after optimizeLessThan: 0.01u 0.02s 104933e 901992kB
before reportUnresolvedType: 0.01u 0.02s 104933e 901992kB
after reportUnresolvedType: 0.01u 0.02s 104933e 901992kB
before dumpingPerModuleScm : 0.01u 0.02s 104933e 901992kB
after dumpingPerModuleScm : 0.01u 0.02s 104933e 901992kB

Processing mss_bus_switch_ibpx2ibpy_0000
before constantPropagate: 0.01u 0.02s 104933e 901992kB
after constantPropagate: 0.01u 0.02s 104933e 901992kB
before removeUnusedSignals circuit: 0.01u 0.02s 104933e 901992kB
after removeUnusedSignals circuit: 0.01u 0.02s 104933e 901992kB
before optimize latch enable: 0.01u 0.02s 104933e 901992kB
after optimize latch enable: 0.01u 0.02s 104933e 901992kB
before removeReadAfterMissingWrite: 0.01u 0.02s 104933e 901992kB
after removeReadAfterMissingWrite: 0.01u 0.02s 104933e 901992kB
before undoDimensionalSplitOfMemories: 0.01u 0.02s 104933e 901992kB
after undoDimensionalSplitOfMemories: 0.01u 0.02s 104933e 901992kB
before extractMemories: 0.01u 0.02s 104933e 901992kB
after extractMemories: 0.01u 0.02s 104933e 901992kB
before extractHolds: 0.01u 0.02s 104933e 901992kB
after extractHolds: 0.01u 0.02s 104933e 901992kB
before simplifyAdders: 0.01u 0.02s 104933e 901992kB
after simplifyAdders: 0.01u 0.02s 104933e 901992kB
before optimizeLessThan: 0.01u 0.02s 104933e 901992kB
after optimizeLessThan: 0.01u 0.02s 104933e 901992kB
before reportUnresolvedType: 0.01u 0.02s 104933e 901992kB
after reportUnresolvedType: 0.01u 0.02s 104933e 901992kB
before dumpingPerModuleScm : 0.01u 0.02s 104933e 901992kB
after dumpingPerModuleScm : 0.01u 0.02s 104933e 901992kB

Processing mss_bus_switch_fifo_0000_0004
before constantPropagate: 0.01u 0.02s 104933e 901992kB
after constantPropagate: 0.01u 0.02s 104933e 901992kB
before removeUnusedSignals circuit: 0.01u 0.02s 104933e 901992kB
after removeUnusedSignals circuit: 0.01u 0.02s 104933e 901992kB
before optimize latch enable: 0.01u 0.02s 104933e 901992kB
after optimize latch enable: 0.01u 0.02s 104933e 901992kB
before removeReadAfterMissingWrite: 0.01u 0.02s 104933e 901992kB
after removeReadAfterMissingWrite: 0.01u 0.02s 104933e 901992kB
before undoDimensionalSplitOfMemories: 0.01u 0.02s 104933e 901992kB
after undoDimensionalSplitOfMemories: 0.01u 0.02s 104933e 901992kB
before extractMemories: 0.01u 0.02s 104933e 901992kB
after extractMemories: 0.01u 0.02s 104933e 901992kB
before extractHolds: 0.01u 0.02s 104933e 901992kB
after extractHolds: 0.01u 0.02s 104933e 901992kB
before simplifyAdders: 0.01u 0.02s 104933e 901992kB
after simplifyAdders: 0.01u 0.02s 104933e 901992kB
before optimizeLessThan: 0.01u 0.02s 104933e 901992kB
after optimizeLessThan: 0.01u 0.02s 104933e 901992kB
before reportUnresolvedType: 0.01u 0.02s 104933e 901992kB
after reportUnresolvedType: 0.01u 0.02s 104933e 901992kB
before dumpingPerModuleScm : 0.01u 0.02s 104933e 901992kB
after dumpingPerModuleScm : 0.01u 0.02s 104933e 901992kB

Processing mss_bus_switch_pack2ibp
before constantPropagate: 0.01u 0.02s 104933e 901992kB
after constantPropagate: 0.01u 0.02s 104933e 901992kB
before removeUnusedSignals circuit: 0.01u 0.02s 104933e 901992kB
after removeUnusedSignals circuit: 0.01u 0.02s 104933e 901992kB
before optimize latch enable: 0.01u 0.02s 104933e 901992kB
after optimize latch enable: 0.01u 0.02s 104933e 901992kB
before removeReadAfterMissingWrite: 0.01u 0.02s 104933e 901992kB
after removeReadAfterMissingWrite: 0.01u 0.02s 104933e 901992kB
before undoDimensionalSplitOfMemories: 0.01u 0.02s 104933e 901992kB
after undoDimensionalSplitOfMemories: 0.01u 0.02s 104933e 901992kB
before extractMemories: 0.01u 0.02s 104933e 901992kB
after extractMemories: 0.01u 0.02s 104933e 901992kB
before extractHolds: 0.01u 0.02s 104933e 901992kB
after extractHolds: 0.01u 0.02s 104933e 901992kB
before simplifyAdders: 0.01u 0.02s 104933e 901992kB
after simplifyAdders: 0.01u 0.02s 104933e 901992kB
before optimizeLessThan: 0.01u 0.02s 104933e 901992kB
after optimizeLessThan: 0.01u 0.02s 104933e 901992kB
before reportUnresolvedType: 0.01u 0.02s 104933e 901992kB
after reportUnresolvedType: 0.01u 0.02s 104933e 901992kB
before dumpingPerModuleScm : 0.01u 0.02s 104933e 901992kB
after dumpingPerModuleScm : 0.01u 0.02s 104933e 901992kB

Processing mss_bus_switch_rrobin
before constantPropagate: 0.01u 0.02s 104933e 901992kB
after constantPropagate: 0.01u 0.02s 104933e 901992kB
before removeUnusedSignals circuit: 0.01u 0.02s 104933e 901992kB
after removeUnusedSignals circuit: 0.01u 0.02s 104933e 901992kB
before optimize latch enable: 0.01u 0.02s 104933e 901992kB
after optimize latch enable: 0.01u 0.02s 104933e 901992kB
before removeReadAfterMissingWrite: 0.01u 0.02s 104933e 901992kB
after removeReadAfterMissingWrite: 0.01u 0.02s 104933e 901992kB
before undoDimensionalSplitOfMemories: 0.01u 0.02s 104933e 901992kB
after undoDimensionalSplitOfMemories: 0.01u 0.02s 104933e 901992kB
before extractMemories: 0.01u 0.02s 104933e 901992kB
after extractMemories: 0.01u 0.02s 104933e 901992kB
before extractHolds: 0.01u 0.02s 104933e 901992kB
after extractHolds: 0.01u 0.02s 104933e 901992kB
before simplifyAdders: 0.01u 0.02s 104933e 901992kB
after simplifyAdders: 0.01u 0.02s 104933e 901992kB
before optimizeLessThan: 0.01u 0.02s 104933e 901992kB
after optimizeLessThan: 0.01u 0.02s 104933e 901992kB
before reportUnresolvedType: 0.01u 0.02s 104933e 901992kB
after reportUnresolvedType: 0.01u 0.02s 104933e 901992kB
before dumpingPerModuleScm : 0.01u 0.02s 104933e 901992kB
after dumpingPerModuleScm : 0.01u 0.02s 104933e 901992kB

Processing mss_bus_switch_ibp2single_0000_0000
before constantPropagate: 0.01u 0.02s 104933e 901992kB
after constantPropagate: 0.01u 0.02s 104933e 901992kB
before removeUnusedSignals circuit: 0.01u 0.02s 104933e 901992kB
after removeUnusedSignals circuit: 0.01u 0.02s 104933e 901992kB
before optimize latch enable: 0.01u 0.02s 104933e 901992kB
after optimize latch enable: 0.01u 0.02s 104933e 901992kB
before removeReadAfterMissingWrite: 0.01u 0.02s 104933e 901992kB
after removeReadAfterMissingWrite: 0.01u 0.02s 104933e 901992kB
before undoDimensionalSplitOfMemories: 0.02u 0.02s 104933e 901992kB
after undoDimensionalSplitOfMemories: 0.02u 0.02s 104933e 901992kB
before extractMemories: 0.02u 0.02s 104933e 901992kB
after extractMemories: 0.02u 0.02s 104933e 901992kB
before extractHolds: 0.02u 0.02s 104933e 901992kB
after extractHolds: 0.02u 0.02s 104934e 901992kB
before simplifyAdders: 0.02u 0.02s 104934e 901992kB
after simplifyAdders: 0.02u 0.02s 104934e 901992kB
before optimizeLessThan: 0.02u 0.02s 104934e 901992kB
after optimizeLessThan: 0.02u 0.02s 104934e 901992kB
before reportUnresolvedType: 0.02u 0.02s 104934e 901992kB
after reportUnresolvedType: 0.02u 0.02s 104934e 901992kB
before dumpingPerModuleScm : 0.02u 0.02s 104934e 901992kB
after dumpingPerModuleScm : 0.02u 0.02s 104934e 901992kB

Processing mss_bus_switch_mst_ibp_buffer_0000_0000
before constantPropagate: 0.02u 0.02s 104934e 901992kB
after constantPropagate: 0.02u 0.02s 104934e 901992kB
before removeUnusedSignals circuit: 0.02u 0.02s 104934e 901992kB
after removeUnusedSignals circuit: 0.02u 0.02s 104934e 901992kB
before optimize latch enable: 0.02u 0.02s 104934e 901992kB
after optimize latch enable: 0.02u 0.02s 104934e 901992kB
before removeReadAfterMissingWrite: 0.02u 0.02s 104934e 901992kB
after removeReadAfterMissingWrite: 0.02u 0.02s 104934e 901992kB
before undoDimensionalSplitOfMemories: 0.02u 0.02s 104934e 901992kB
after undoDimensionalSplitOfMemories: 0.02u 0.02s 104934e 901992kB
before extractMemories: 0.02u 0.02s 104934e 901992kB
after extractMemories: 0.02u 0.02s 104934e 901992kB
before extractHolds: 0.02u 0.02s 104934e 901992kB
after extractHolds: 0.02u 0.02s 104934e 901992kB
before simplifyAdders: 0.02u 0.02s 104934e 901992kB
after simplifyAdders: 0.02u 0.02s 104934e 901992kB
before optimizeLessThan: 0.02u 0.02s 104934e 901992kB
after optimizeLessThan: 0.02u 0.02s 104934e 901992kB
before reportUnresolvedType: 0.02u 0.02s 104934e 901992kB
after reportUnresolvedType: 0.02u 0.02s 104934e 901992kB
before dumpingPerModuleScm : 0.02u 0.02s 104934e 901992kB
after dumpingPerModuleScm : 0.02u 0.02s 104934e 901992kB

Processing alb_mss_fab_ibp2pack_0002
before constantPropagate: 0.02u 0.02s 104934e 901992kB
after constantPropagate: 0.02u 0.02s 104934e 901992kB
before removeUnusedSignals circuit: 0.02u 0.02s 104934e 901992kB
after removeUnusedSignals circuit: 0.02u 0.02s 104934e 901992kB
before optimize latch enable: 0.02u 0.02s 104934e 901992kB
after optimize latch enable: 0.02u 0.02s 104934e 901992kB
before removeReadAfterMissingWrite: 0.02u 0.02s 104934e 901992kB
after removeReadAfterMissingWrite: 0.02u 0.02s 104934e 901992kB
before undoDimensionalSplitOfMemories: 0.02u 0.02s 104934e 901992kB
after undoDimensionalSplitOfMemories: 0.02u 0.02s 104934e 901992kB
before extractMemories: 0.02u 0.02s 104934e 901992kB
after extractMemories: 0.02u 0.02s 104934e 901992kB
before extractHolds: 0.02u 0.02s 104934e 901992kB
after extractHolds: 0.02u 0.02s 104934e 901992kB
before simplifyAdders: 0.03u 0.02s 104934e 901992kB
after simplifyAdders: 0.03u 0.02s 104934e 901992kB
before optimizeLessThan: 0.03u 0.02s 104934e 901992kB
after optimizeLessThan: 0.03u 0.02s 104934e 901992kB
before reportUnresolvedType: 0.03u 0.02s 104934e 901992kB
after reportUnresolvedType: 0.03u 0.02s 104934e 901992kB
before dumpingPerModuleScm : 0.03u 0.02s 104934e 901992kB
after dumpingPerModuleScm : 0.03u 0.02s 104934e 901992kB

Processing alb_mss_fab_fifo_0000_0010
before constantPropagate: 0.03u 0.02s 104934e 901992kB
after constantPropagate: 0.03u 0.02s 104934e 901992kB
before removeUnusedSignals circuit: 0.03u 0.02s 104934e 901992kB
after removeUnusedSignals circuit: 0.03u 0.02s 104934e 901992kB
before optimize latch enable: 0.03u 0.02s 104934e 901992kB
after optimize latch enable: 0.03u 0.02s 104934e 901992kB
before removeReadAfterMissingWrite: 0.03u 0.02s 104934e 901992kB
after removeReadAfterMissingWrite: 0.03u 0.02s 104934e 901992kB
before undoDimensionalSplitOfMemories: 0.03u 0.02s 104934e 901992kB
after undoDimensionalSplitOfMemories: 0.03u 0.02s 104934e 901992kB
before extractMemories: 0.03u 0.02s 104934e 901992kB
after extractMemories: 0.03u 0.02s 104934e 901992kB
before extractHolds: 0.03u 0.02s 104934e 901992kB
after extractHolds: 0.03u 0.02s 104934e 901992kB
before simplifyAdders: 0.03u 0.02s 104934e 901992kB
after simplifyAdders: 0.03u 0.02s 104934e 901992kB
before optimizeLessThan: 0.03u 0.02s 104934e 901992kB
after optimizeLessThan: 0.03u 0.02s 104934e 901992kB
before reportUnresolvedType: 0.03u 0.02s 104934e 901992kB
after reportUnresolvedType: 0.03u 0.02s 104934e 901992kB
before dumpingPerModuleScm : 0.03u 0.02s 104934e 901992kB
after dumpingPerModuleScm : 0.03u 0.02s 104934e 901992kB

Processing alb_mss_fab_fifo_0004
before constantPropagate: 0.03u 0.02s 104934e 901992kB
after constantPropagate: 0.03u 0.02s 104934e 901992kB
before removeUnusedSignals circuit: 0.03u 0.02s 104934e 901992kB
after removeUnusedSignals circuit: 0.03u 0.02s 104934e 901992kB
before optimize latch enable: 0.03u 0.02s 104934e 901992kB
after optimize latch enable: 0.03u 0.02s 104934e 901992kB
before removeReadAfterMissingWrite: 0.03u 0.02s 104934e 901992kB
after removeReadAfterMissingWrite: 0.03u 0.02s 104934e 901992kB
before undoDimensionalSplitOfMemories: 0.03u 0.02s 104934e 901992kB
after undoDimensionalSplitOfMemories: 0.03u 0.02s 104934e 901992kB
before extractMemories: 0.03u 0.02s 104934e 901992kB
after extractMemories: 0.03u 0.02s 104934e 901992kB
before extractHolds: 0.03u 0.02s 104934e 901992kB
after extractHolds: 0.03u 0.02s 104934e 901992kB
before simplifyAdders: 0.03u 0.02s 104934e 901992kB
after simplifyAdders: 0.03u 0.02s 104934e 901992kB
before optimizeLessThan: 0.03u 0.02s 104934e 901992kB
after optimizeLessThan: 0.03u 0.02s 104934e 901992kB
before reportUnresolvedType: 0.03u 0.02s 104934e 901992kB
after reportUnresolvedType: 0.03u 0.02s 104934e 901992kB
before dumpingPerModuleScm : 0.03u 0.02s 104934e 901992kB
after dumpingPerModuleScm : 0.03u 0.02s 104934e 901992kB

Processing alb_mss_fab_fifo_0008
before constantPropagate: 0.03u 0.02s 104934e 901992kB
after constantPropagate: 0.03u 0.02s 104934e 901992kB
before removeUnusedSignals circuit: 0.03u 0.02s 104934e 901992kB
after removeUnusedSignals circuit: 0.03u 0.02s 104934e 901992kB
before optimize latch enable: 0.03u 0.02s 104934e 901992kB
after optimize latch enable: 0.03u 0.02s 104934e 901992kB
before removeReadAfterMissingWrite: 0.03u 0.02s 104934e 901992kB
after removeReadAfterMissingWrite: 0.03u 0.02s 104934e 901992kB
before undoDimensionalSplitOfMemories: 0.03u 0.02s 104934e 901992kB
after undoDimensionalSplitOfMemories: 0.03u 0.02s 104934e 901992kB
before extractMemories: 0.03u 0.02s 104934e 901992kB
after extractMemories: 0.03u 0.02s 104934e 901992kB
before extractHolds: 0.03u 0.02s 104934e 901992kB
after extractHolds: 0.03u 0.02s 104930e 901992kB
before simplifyAdders: 0.03u 0.02s 104930e 901992kB
after simplifyAdders: 0.03u 0.02s 104930e 901992kB
before optimizeLessThan: 0.03u 0.02s 104930e 901992kB
after optimizeLessThan: 0.03u 0.02s 104930e 901992kB
before reportUnresolvedType: 0.03u 0.02s 104930e 901992kB
after reportUnresolvedType: 0.03u 0.02s 104930e 901992kB
before dumpingPerModuleScm : 0.03u 0.02s 104930e 901992kB
after dumpingPerModuleScm : 0.04u 0.02s 104930e 901992kB

Processing alb_mss_fab
before constantPropagate: 0.04u 0.02s 104930e 901992kB
after constantPropagate: 0.04u 0.02s 104930e 901992kB
before removeUnusedSignals circuit: 0.04u 0.02s 104930e 901992kB
after removeUnusedSignals circuit: 0.04u 0.02s 104930e 901992kB
before optimize latch enable: 0.04u 0.02s 104930e 901992kB
after optimize latch enable: 0.04u 0.02s 104930e 901992kB
before removeReadAfterMissingWrite: 0.04u 0.02s 104930e 901992kB
after removeReadAfterMissingWrite: 0.04u 0.02s 104930e 901992kB
before undoDimensionalSplitOfMemories: 0.04u 0.02s 104930e 901992kB
after undoDimensionalSplitOfMemories: 0.04u 0.02s 104930e 901992kB
before extractMemories: 0.04u 0.02s 104930e 901992kB
after extractMemories: 0.04u 0.02s 104930e 901992kB
before extractHolds: 0.04u 0.02s 104930e 901992kB
after extractHolds: 0.05u 0.02s 104930e 901992kB
before simplifyAdders: 0.05u 0.02s 104930e 901992kB
after simplifyAdders: 0.05u 0.02s 104930e 901992kB
before optimizeLessThan: 0.05u 0.02s 104930e 901992kB
after optimizeLessThan: 0.05u 0.02s 104930e 901992kB
before reportUnresolvedType: 0.05u 0.02s 104930e 901992kB
after reportUnresolvedType: 0.05u 0.02s 104930e 901992kB
before dumpingPerModuleScm : 0.05u 0.02s 104930e 901992kB
after dumpingPerModuleScm : 0.07u 0.02s 104930e 901992kB

Processing alb_mss_mem_bypbuf_0000
before constantPropagate: 0.07u 0.02s 104930e 901992kB
after constantPropagate: 0.07u 0.02s 104930e 901992kB
before removeUnusedSignals circuit: 0.07u 0.02s 104930e 901992kB
after removeUnusedSignals circuit: 0.07u 0.02s 104930e 901992kB
before optimize latch enable: 0.07u 0.02s 104930e 901992kB
after optimize latch enable: 0.07u 0.02s 104930e 901992kB
before removeReadAfterMissingWrite: 0.07u 0.02s 104930e 901992kB
after removeReadAfterMissingWrite: 0.07u 0.02s 104930e 901992kB
before undoDimensionalSplitOfMemories: 0.07u 0.02s 104930e 901992kB
after undoDimensionalSplitOfMemories: 0.07u 0.02s 104930e 901992kB
before extractMemories: 0.07u 0.02s 104930e 901992kB
after extractMemories: 0.07u 0.02s 104930e 901992kB
before extractHolds: 0.07u 0.02s 104930e 901992kB
after extractHolds: 0.07u 0.02s 104930e 901992kB
before simplifyAdders: 0.07u 0.02s 104930e 901992kB
after simplifyAdders: 0.07u 0.02s 104930e 901992kB
before optimizeLessThan: 0.07u 0.02s 104930e 901992kB
after optimizeLessThan: 0.07u 0.02s 104930e 901992kB
before reportUnresolvedType: 0.07u 0.02s 104930e 901992kB
after reportUnresolvedType: 0.07u 0.02s 104930e 901992kB
before dumpingPerModuleScm : 0.07u 0.02s 104930e 901992kB
after dumpingPerModuleScm : 0.07u 0.02s 104930e 901992kB

Processing alb_mss_mem_ibp2pack
before constantPropagate: 0.07u 0.02s 104930e 901992kB
after constantPropagate: 0.07u 0.02s 104930e 901992kB
before removeUnusedSignals circuit: 0.07u 0.02s 104930e 901992kB
after removeUnusedSignals circuit: 0.07u 0.02s 104930e 901992kB
before optimize latch enable: 0.07u 0.02s 104930e 901992kB
after optimize latch enable: 0.07u 0.02s 104930e 901992kB
before removeReadAfterMissingWrite: 0.07u 0.02s 104930e 901992kB
after removeReadAfterMissingWrite: 0.07u 0.02s 104930e 901992kB
before undoDimensionalSplitOfMemories: 0.07u 0.02s 104930e 901992kB
after undoDimensionalSplitOfMemories: 0.07u 0.02s 104930e 901992kB
before extractMemories: 0.07u 0.02s 104930e 901992kB
after extractMemories: 0.07u 0.02s 104930e 901992kB
before extractHolds: 0.07u 0.02s 104930e 901992kB
after extractHolds: 0.07u 0.02s 104930e 901992kB
before simplifyAdders: 0.07u 0.02s 104930e 901992kB
after simplifyAdders: 0.07u 0.02s 104930e 901992kB
before optimizeLessThan: 0.07u 0.02s 104930e 901992kB
after optimizeLessThan: 0.07u 0.02s 104930e 901992kB
before reportUnresolvedType: 0.07u 0.02s 104930e 901992kB
after reportUnresolvedType: 0.07u 0.02s 104930e 901992kB
before dumpingPerModuleScm : 0.07u 0.02s 104930e 901992kB
after dumpingPerModuleScm : 0.07u 0.02s 104930e 901992kB

Processing alb_mss_mem_bypbuf_0000_0001
before constantPropagate: 0.07u 0.02s 104930e 901992kB
after constantPropagate: 0.07u 0.02s 104930e 901992kB
before removeUnusedSignals circuit: 0.07u 0.02s 104930e 901992kB
after removeUnusedSignals circuit: 0.07u 0.02s 104930e 901992kB
before optimize latch enable: 0.07u 0.02s 104930e 901992kB
after optimize latch enable: 0.07u 0.02s 104930e 901992kB
before removeReadAfterMissingWrite: 0.07u 0.02s 104930e 901992kB
after removeReadAfterMissingWrite: 0.07u 0.02s 104930e 901992kB
before undoDimensionalSplitOfMemories: 0.07u 0.02s 104930e 901992kB
after undoDimensionalSplitOfMemories: 0.07u 0.02s 104930e 901992kB
before extractMemories: 0.07u 0.02s 104930e 901992kB
after extractMemories: 0.07u 0.02s 104930e 901992kB
before extractHolds: 0.07u 0.02s 104930e 901992kB
after extractHolds: 0.07u 0.02s 104930e 901992kB
before simplifyAdders: 0.08u 0.02s 104930e 901992kB
after simplifyAdders: 0.08u 0.02s 104930e 901992kB
before optimizeLessThan: 0.08u 0.02s 104930e 901992kB
after optimizeLessThan: 0.08u 0.02s 104930e 901992kB
before reportUnresolvedType: 0.08u 0.02s 104930e 901992kB
after reportUnresolvedType: 0.08u 0.02s 104930e 901992kB
before dumpingPerModuleScm : 0.08u 0.02s 104930e 901992kB
after dumpingPerModuleScm : 0.08u 0.02s 104930e 901992kB

Processing alb_mss_mem_fifo_0003_0000
before constantPropagate: 0.08u 0.02s 104930e 901992kB
after constantPropagate: 0.08u 0.02s 104930e 901992kB
before removeUnusedSignals circuit: 0.08u 0.02s 104930e 901992kB
after removeUnusedSignals circuit: 0.08u 0.02s 104930e 901992kB
before optimize latch enable: 0.08u 0.02s 104930e 901992kB
after optimize latch enable: 0.08u 0.02s 104930e 901992kB
before removeReadAfterMissingWrite: 0.08u 0.02s 104930e 901992kB
after removeReadAfterMissingWrite: 0.08u 0.02s 104930e 901992kB
before undoDimensionalSplitOfMemories: 0.08u 0.02s 104930e 901992kB
after undoDimensionalSplitOfMemories: 0.08u 0.02s 104930e 901992kB
before extractMemories: 0.08u 0.02s 104930e 901992kB
after extractMemories: 0.08u 0.02s 104930e 901992kB
before extractHolds: 0.08u 0.02s 104930e 901992kB
after extractHolds: 0.08u 0.02s 104929e 901992kB
before simplifyAdders: 0.08u 0.02s 104929e 901992kB
after simplifyAdders: 0.08u 0.02s 104929e 901992kB
before optimizeLessThan: 0.08u 0.02s 104929e 901992kB
after optimizeLessThan: 0.08u 0.02s 104929e 901992kB
before reportUnresolvedType: 0.08u 0.02s 104929e 901992kB
after reportUnresolvedType: 0.08u 0.02s 104929e 901992kB
before dumpingPerModuleScm : 0.08u 0.02s 104929e 901992kB
after dumpingPerModuleScm : 0.08u 0.02s 104929e 901992kB

Processing alb_mss_mem_ctrl
before constantPropagate: 0.08u 0.02s 104929e 901992kB
after constantPropagate: 0.08u 0.02s 104929e 901992kB
before removeUnusedSignals circuit: 0.08u 0.02s 104929e 901992kB
after removeUnusedSignals circuit: 0.08u 0.02s 104929e 901992kB
before optimize latch enable: 0.08u 0.02s 104929e 901992kB
after optimize latch enable: 0.08u 0.02s 104929e 901992kB
before removeReadAfterMissingWrite: 0.08u 0.02s 104929e 901992kB
after removeReadAfterMissingWrite: 0.08u 0.02s 104929e 901992kB
before undoDimensionalSplitOfMemories: 0.08u 0.02s 104929e 901992kB
after undoDimensionalSplitOfMemories: 0.08u 0.02s 104929e 901992kB
before extractMemories: 0.08u 0.02s 104929e 901992kB
after extractMemories: 0.08u 0.02s 104929e 901992kB
before extractHolds: 0.08u 0.02s 104929e 901992kB
after extractHolds: 0.08u 0.02s 104929e 901992kB
before simplifyAdders: 0.08u 0.02s 104929e 901992kB
after simplifyAdders: 0.08u 0.02s 104929e 901992kB
before optimizeLessThan: 0.08u 0.02s 104929e 901992kB
after optimizeLessThan: 0.08u 0.02s 104929e 901992kB
before reportUnresolvedType: 0.08u 0.02s 104929e 901992kB
after reportUnresolvedType: 0.08u 0.02s 104929e 901992kB
before dumpingPerModuleScm : 0.08u 0.02s 104929e 901992kB
after dumpingPerModuleScm : 0.08u 0.03s 104929e 901992kB

Processing ZebuClockDetectFront_38
before constantPropagate: 0.08u 0.03s 104929e 901992kB
after constantPropagate: 0.08u 0.03s 104929e 901992kB
before removeUnusedSignals circuit: 0.08u 0.03s 104929e 901992kB
after removeUnusedSignals circuit: 0.08u 0.03s 104929e 901992kB
before optimize latch enable: 0.08u 0.03s 104929e 901992kB
after optimize latch enable: 0.08u 0.03s 104929e 901992kB
before removeReadAfterMissingWrite: 0.08u 0.03s 104929e 901992kB
after removeReadAfterMissingWrite: 0.08u 0.03s 104929e 901992kB
before undoDimensionalSplitOfMemories: 0.08u 0.03s 104929e 901992kB
after undoDimensionalSplitOfMemories: 0.08u 0.03s 104929e 901992kB
before extractMemories: 0.08u 0.03s 104929e 901992kB
after extractMemories: 0.08u 0.03s 104929e 901992kB
before extractHolds: 0.08u 0.03s 104929e 901992kB
after extractHolds: 0.08u 0.03s 104929e 901992kB
before simplifyAdders: 0.08u 0.03s 104929e 901992kB
after simplifyAdders: 0.08u 0.03s 104929e 901992kB
before optimizeLessThan: 0.08u 0.03s 104929e 901992kB
after optimizeLessThan: 0.08u 0.03s 104929e 901992kB
before reportUnresolvedType: 0.08u 0.03s 104929e 901992kB
after reportUnresolvedType: 0.08u 0.03s 104929e 901992kB
before dumpingPerModuleScm : 0.08u 0.03s 104929e 901992kB
after dumpingPerModuleScm : 0.08u 0.03s 104929e 901992kB

Processing ZebuClockDetectFront_45
before constantPropagate: 0.08u 0.03s 104929e 901992kB
after constantPropagate: 0.08u 0.03s 104929e 901992kB
before removeUnusedSignals circuit: 0.08u 0.03s 104929e 901992kB
after removeUnusedSignals circuit: 0.08u 0.03s 104929e 901992kB
before optimize latch enable: 0.08u 0.03s 104929e 901992kB
after optimize latch enable: 0.08u 0.03s 104929e 901992kB
before removeReadAfterMissingWrite: 0.08u 0.03s 104929e 901992kB
after removeReadAfterMissingWrite: 0.08u 0.03s 104929e 901992kB
before undoDimensionalSplitOfMemories: 0.08u 0.03s 104929e 901992kB
after undoDimensionalSplitOfMemories: 0.08u 0.03s 104929e 901992kB
before extractMemories: 0.08u 0.03s 104929e 901992kB
after extractMemories: 0.08u 0.03s 104929e 901992kB
before extractHolds: 0.08u 0.03s 104929e 901992kB
after extractHolds: 0.08u 0.03s 104929e 901992kB
before simplifyAdders: 0.08u 0.03s 104929e 901992kB
after simplifyAdders: 0.08u 0.03s 104929e 901992kB
before optimizeLessThan: 0.08u 0.03s 104929e 901992kB
after optimizeLessThan: 0.08u 0.03s 104929e 901992kB
before reportUnresolvedType: 0.08u 0.03s 104929e 901992kB
after reportUnresolvedType: 0.08u 0.03s 104929e 901992kB
before dumpingPerModuleScm : 0.08u 0.03s 104929e 901992kB
after dumpingPerModuleScm : 0.08u 0.03s 104929e 901992kB

Processing ZebuClockDetectFront_48
before constantPropagate: 0.08u 0.03s 104929e 901992kB
after constantPropagate: 0.08u 0.03s 104929e 901992kB
before removeUnusedSignals circuit: 0.08u 0.03s 104929e 901992kB
after removeUnusedSignals circuit: 0.08u 0.03s 104929e 901992kB
before optimize latch enable: 0.08u 0.03s 104929e 901992kB
after optimize latch enable: 0.08u 0.03s 104929e 901992kB
before removeReadAfterMissingWrite: 0.08u 0.03s 104929e 901992kB
after removeReadAfterMissingWrite: 0.08u 0.03s 104929e 901992kB
before undoDimensionalSplitOfMemories: 0.08u 0.03s 104929e 901992kB
after undoDimensionalSplitOfMemories: 0.08u 0.03s 104929e 901992kB
before extractMemories: 0.08u 0.03s 104929e 901992kB
after extractMemories: 0.08u 0.03s 104929e 901992kB
before extractHolds: 0.08u 0.03s 104929e 901992kB
after extractHolds: 0.08u 0.03s 104929e 901992kB
before simplifyAdders: 0.08u 0.03s 104929e 901992kB
after simplifyAdders: 0.08u 0.03s 104929e 901992kB
before optimizeLessThan: 0.08u 0.03s 104929e 901992kB
after optimizeLessThan: 0.08u 0.03s 104929e 901992kB
before reportUnresolvedType: 0.08u 0.03s 104929e 901992kB
after reportUnresolvedType: 0.08u 0.03s 104929e 901992kB
before dumpingPerModuleScm : 0.08u 0.03s 104929e 901992kB
after dumpingPerModuleScm : 0.08u 0.03s 104929e 901992kB

Processing ZebuClockDetectFront_54
before constantPropagate: 0.08u 0.03s 104929e 901992kB
after constantPropagate: 0.08u 0.03s 104929e 901992kB
before removeUnusedSignals circuit: 0.08u 0.03s 104929e 901992kB
after removeUnusedSignals circuit: 0.08u 0.03s 104929e 901992kB
before optimize latch enable: 0.08u 0.03s 104929e 901992kB
after optimize latch enable: 0.08u 0.03s 104929e 901992kB
before removeReadAfterMissingWrite: 0.08u 0.03s 104929e 901992kB
after removeReadAfterMissingWrite: 0.08u 0.03s 104929e 901992kB
before undoDimensionalSplitOfMemories: 0.08u 0.03s 104929e 901992kB
after undoDimensionalSplitOfMemories: 0.08u 0.03s 104929e 901992kB
before extractMemories: 0.08u 0.03s 104929e 901992kB
after extractMemories: 0.08u 0.03s 104929e 901992kB
before extractHolds: 0.08u 0.03s 104929e 901992kB
after extractHolds: 0.08u 0.03s 104929e 901992kB
before simplifyAdders: 0.08u 0.03s 104929e 901992kB
after simplifyAdders: 0.08u 0.03s 104929e 901992kB
before optimizeLessThan: 0.08u 0.03s 104929e 901992kB
after optimizeLessThan: 0.08u 0.03s 104929e 901992kB
before reportUnresolvedType: 0.08u 0.03s 104929e 901992kB
after reportUnresolvedType: 0.08u 0.03s 104929e 901992kB
before dumpingPerModuleScm : 0.08u 0.03s 104929e 901992kB
after dumpingPerModuleScm : 0.09u 0.03s 104929e 901992kB

Processing ZebuClockDetectFront_9
before constantPropagate: 0.09u 0.03s 104929e 901992kB
after constantPropagate: 0.09u 0.03s 104929e 901992kB
before removeUnusedSignals circuit: 0.09u 0.03s 104929e 901992kB
after removeUnusedSignals circuit: 0.09u 0.03s 104929e 901992kB
before optimize latch enable: 0.09u 0.03s 104929e 901992kB
after optimize latch enable: 0.09u 0.03s 104929e 901992kB
before removeReadAfterMissingWrite: 0.09u 0.03s 104929e 901992kB
after removeReadAfterMissingWrite: 0.09u 0.03s 104929e 901992kB
before undoDimensionalSplitOfMemories: 0.09u 0.03s 104929e 901992kB
after undoDimensionalSplitOfMemories: 0.09u 0.03s 104929e 901992kB
before extractMemories: 0.09u 0.03s 104929e 901992kB
after extractMemories: 0.09u 0.03s 104929e 901992kB
before extractHolds: 0.09u 0.03s 104929e 901992kB
after extractHolds: 0.09u 0.03s 104929e 901992kB
before simplifyAdders: 0.09u 0.03s 104929e 901992kB
after simplifyAdders: 0.09u 0.03s 104929e 901992kB
before optimizeLessThan: 0.09u 0.03s 104929e 901992kB
after optimizeLessThan: 0.09u 0.03s 104929e 901992kB
before reportUnresolvedType: 0.09u 0.03s 104929e 901992kB
after reportUnresolvedType: 0.09u 0.03s 104929e 901992kB
before dumpingPerModuleScm : 0.09u 0.03s 104929e 901992kB
after dumpingPerModuleScm : 0.09u 0.03s 104929e 901992kB

Processing ZebuClockDetectFront_12
before constantPropagate: 0.09u 0.03s 104929e 901992kB
after constantPropagate: 0.09u 0.03s 104929e 901992kB
before removeUnusedSignals circuit: 0.09u 0.03s 104929e 901992kB
after removeUnusedSignals circuit: 0.09u 0.03s 104929e 901992kB
before optimize latch enable: 0.09u 0.03s 104929e 901992kB
after optimize latch enable: 0.09u 0.03s 104929e 901992kB
before removeReadAfterMissingWrite: 0.09u 0.03s 104929e 901992kB
after removeReadAfterMissingWrite: 0.09u 0.03s 104929e 901992kB
before undoDimensionalSplitOfMemories: 0.09u 0.03s 104929e 901992kB
after undoDimensionalSplitOfMemories: 0.09u 0.03s 104929e 901992kB
before extractMemories: 0.09u 0.03s 104929e 901992kB
after extractMemories: 0.09u 0.03s 104929e 901992kB
before extractHolds: 0.09u 0.03s 104929e 901992kB
after extractHolds: 0.09u 0.03s 104929e 901992kB
before simplifyAdders: 0.09u 0.03s 104929e 901992kB
after simplifyAdders: 0.09u 0.03s 104929e 901992kB
before optimizeLessThan: 0.09u 0.03s 104929e 901992kB
after optimizeLessThan: 0.09u 0.03s 104929e 901992kB
before reportUnresolvedType: 0.09u 0.03s 104929e 901992kB
after reportUnresolvedType: 0.09u 0.03s 104929e 901992kB
before dumpingPerModuleScm : 0.09u 0.03s 104929e 901992kB
after dumpingPerModuleScm : 0.09u 0.03s 104929e 901992kB

Processing ZebuClockDetectFront_14
before constantPropagate: 0.09u 0.03s 104929e 901992kB
after constantPropagate: 0.09u 0.03s 104929e 901992kB
before removeUnusedSignals circuit: 0.09u 0.03s 104929e 901992kB
after removeUnusedSignals circuit: 0.09u 0.03s 104929e 901992kB
before optimize latch enable: 0.09u 0.03s 104929e 901992kB
after optimize latch enable: 0.09u 0.03s 104929e 901992kB
before removeReadAfterMissingWrite: 0.09u 0.03s 104929e 901992kB
after removeReadAfterMissingWrite: 0.09u 0.03s 104929e 901992kB
before undoDimensionalSplitOfMemories: 0.09u 0.03s 104929e 901992kB
after undoDimensionalSplitOfMemories: 0.09u 0.03s 104929e 901992kB
before extractMemories: 0.09u 0.03s 104929e 901992kB
after extractMemories: 0.09u 0.03s 104929e 901992kB
before extractHolds: 0.09u 0.03s 104929e 901992kB
after extractHolds: 0.09u 0.03s 104929e 901992kB
before simplifyAdders: 0.09u 0.03s 104929e 901992kB
after simplifyAdders: 0.09u 0.03s 104929e 901992kB
before optimizeLessThan: 0.09u 0.03s 104929e 901992kB
after optimizeLessThan: 0.09u 0.03s 104929e 901992kB
before reportUnresolvedType: 0.09u 0.03s 104929e 901992kB
after reportUnresolvedType: 0.09u 0.03s 104929e 901992kB
before dumpingPerModuleScm : 0.09u 0.03s 104929e 901992kB
after dumpingPerModuleScm : 0.09u 0.03s 104929e 901992kB

Processing ZebuClockDetectFront_20
before constantPropagate: 0.09u 0.03s 104929e 901992kB
after constantPropagate: 0.09u 0.03s 104929e 901992kB
before removeUnusedSignals circuit: 0.09u 0.03s 104929e 901992kB
after removeUnusedSignals circuit: 0.09u 0.03s 104929e 901992kB
before optimize latch enable: 0.09u 0.03s 104929e 901992kB
after optimize latch enable: 0.09u 0.03s 104929e 901992kB
before removeReadAfterMissingWrite: 0.09u 0.03s 104929e 901992kB
after removeReadAfterMissingWrite: 0.09u 0.03s 104929e 901992kB
before undoDimensionalSplitOfMemories: 0.09u 0.03s 104929e 901992kB
after undoDimensionalSplitOfMemories: 0.09u 0.03s 104929e 901992kB
before extractMemories: 0.09u 0.03s 104929e 901992kB
after extractMemories: 0.09u 0.03s 104929e 901992kB
before extractHolds: 0.09u 0.03s 104929e 901992kB
after extractHolds: 0.09u 0.03s 104929e 901992kB
before simplifyAdders: 0.09u 0.03s 104929e 901992kB
after simplifyAdders: 0.09u 0.03s 104929e 901992kB
before optimizeLessThan: 0.09u 0.03s 104929e 901992kB
after optimizeLessThan: 0.09u 0.03s 104929e 901992kB
before reportUnresolvedType: 0.09u 0.03s 104929e 901992kB
after reportUnresolvedType: 0.09u 0.03s 104929e 901992kB
before dumpingPerModuleScm : 0.09u 0.03s 104929e 901992kB
after dumpingPerModuleScm : 0.09u 0.03s 104929e 901992kB

Processing ZebuClockDetectFront_27
before constantPropagate: 0.09u 0.03s 104929e 901992kB
after constantPropagate: 0.09u 0.03s 104929e 901992kB
before removeUnusedSignals circuit: 0.09u 0.03s 104929e 901992kB
after removeUnusedSignals circuit: 0.09u 0.03s 104929e 901992kB
before optimize latch enable: 0.09u 0.03s 104929e 901992kB
after optimize latch enable: 0.09u 0.03s 104929e 901992kB
before removeReadAfterMissingWrite: 0.09u 0.03s 104929e 901992kB
after removeReadAfterMissingWrite: 0.09u 0.03s 104929e 901992kB
before undoDimensionalSplitOfMemories: 0.09u 0.03s 104929e 901992kB
after undoDimensionalSplitOfMemories: 0.09u 0.03s 104929e 901992kB
before extractMemories: 0.09u 0.03s 104929e 901992kB
after extractMemories: 0.09u 0.03s 104929e 901992kB
before extractHolds: 0.09u 0.03s 104929e 901992kB
after extractHolds: 0.09u 0.03s 104929e 901992kB
before simplifyAdders: 0.09u 0.03s 104929e 901992kB
after simplifyAdders: 0.09u 0.03s 104929e 901992kB
before optimizeLessThan: 0.09u 0.03s 104929e 901992kB
after optimizeLessThan: 0.09u 0.03s 104929e 901992kB
before reportUnresolvedType: 0.09u 0.03s 104929e 901992kB
after reportUnresolvedType: 0.09u 0.03s 104929e 901992kB
before dumpingPerModuleScm : 0.09u 0.03s 104929e 901992kB
after dumpingPerModuleScm : 0.09u 0.03s 104929e 901992kB

Processing xtor_amba_master_axi3_svs
before constantPropagate: 0.09u 0.03s 104929e 901992kB
after constantPropagate: 0.1u 0.03s 104914e 901992kB
before removeUnusedSignals circuit: 0.1u 0.03s 104914e 901992kB
after removeUnusedSignals circuit: 0.1u 0.03s 104914e 901992kB
before optimize latch enable: 0.1u 0.03s 104914e 901992kB
after optimize latch enable: 0.1u 0.03s 104914e 901992kB
before removeReadAfterMissingWrite: 0.1u 0.03s 104914e 901992kB
after removeReadAfterMissingWrite: 0.1u 0.03s 104914e 901992kB
before undoDimensionalSplitOfMemories: 0.1u 0.03s 104914e 901992kB
after undoDimensionalSplitOfMemories: 0.1u 0.03s 104914e 901992kB
before extractMemories: 0.1u 0.03s 104914e 901992kB
after extractMemories: 0.11u 0.03s 104914e 901992kB
before extractHolds: 0.11u 0.03s 104914e 901992kB
after extractHolds: 0.12u 0.03s 105256e 901992kB
before simplifyAdders: 0.12u 0.03s 105256e 901992kB
after simplifyAdders: 0.12u 0.03s 105256e 901992kB
before optimizeLessThan: 0.12u 0.03s 105256e 901992kB
after optimizeLessThan: 0.12u 0.03s 105256e 901992kB
before reportUnresolvedType: 0.12u 0.03s 105256e 901992kB
after reportUnresolvedType: 0.12u 0.03s 105256e 901992kB
before dumpingPerModuleScm : 0.12u 0.03s 105256e 901992kB
after dumpingPerModuleScm : 0.15u 0.03s 105256e 901992kB

Processing arcv_dm_top
before constantPropagate: 0.15u 0.03s 105256e 901992kB
after constantPropagate: 0.15u 0.03s 105256e 901992kB
before removeUnusedSignals circuit: 0.15u 0.03s 105256e 901992kB
after removeUnusedSignals circuit: 0.15u 0.03s 105256e 901992kB
before optimize latch enable: 0.15u 0.03s 105256e 901992kB
after optimize latch enable: 0.15u 0.03s 105256e 901992kB
before removeReadAfterMissingWrite: 0.15u 0.03s 105256e 901992kB
after removeReadAfterMissingWrite: 0.15u 0.03s 105256e 901992kB
before undoDimensionalSplitOfMemories: 0.15u 0.03s 105256e 901992kB
after undoDimensionalSplitOfMemories: 0.15u 0.03s 105256e 901992kB
before extractMemories: 0.15u 0.03s 105256e 901992kB
after extractMemories: 0.15u 0.03s 105256e 901992kB
before extractHolds: 0.15u 0.03s 105256e 901992kB
after extractHolds: 0.15u 0.03s 105256e 901992kB
before simplifyAdders: 0.15u 0.03s 105256e 901992kB
after simplifyAdders: 0.15u 0.03s 105256e 901992kB
before optimizeLessThan: 0.15u 0.03s 105256e 901992kB
after optimizeLessThan: 0.15u 0.03s 105256e 901992kB
before reportUnresolvedType: 0.15u 0.03s 105256e 901992kB
after reportUnresolvedType: 0.15u 0.03s 105256e 901992kB
before dumpingPerModuleScm : 0.15u 0.03s 105256e 901992kB
after dumpingPerModuleScm : 0.15u 0.03s 105256e 901992kB

Processing apb_master_ap0
before constantPropagate: 0.15u 0.03s 105256e 901992kB
after constantPropagate: 0.16u 0.03s 105256e 901992kB
before removeUnusedSignals circuit: 0.16u 0.03s 105256e 901992kB
after removeUnusedSignals circuit: 0.16u 0.03s 105256e 901992kB
before optimize latch enable: 0.16u 0.03s 105256e 901992kB
after optimize latch enable: 0.16u 0.03s 105256e 901992kB
before removeReadAfterMissingWrite: 0.16u 0.03s 105256e 901992kB
after removeReadAfterMissingWrite: 0.16u 0.03s 105256e 901992kB
before undoDimensionalSplitOfMemories: 0.16u 0.03s 105256e 901992kB
after undoDimensionalSplitOfMemories: 0.16u 0.03s 105256e 901992kB
before extractMemories: 0.16u 0.03s 105256e 901992kB
after extractMemories: 0.16u 0.03s 105256e 901992kB
before extractHolds: 0.16u 0.03s 105256e 901992kB
after extractHolds: 0.16u 0.03s 105260e 901992kB
before simplifyAdders: 0.16u 0.03s 105260e 901992kB
after simplifyAdders: 0.16u 0.03s 105260e 901992kB
before optimizeLessThan: 0.16u 0.03s 105260e 901992kB
after optimizeLessThan: 0.16u 0.03s 105260e 901992kB
before reportUnresolvedType: 0.16u 0.03s 105260e 901992kB
after reportUnresolvedType: 0.16u 0.03s 105260e 901992kB
before dumpingPerModuleScm : 0.16u 0.03s 105260e 901992kB
after dumpingPerModuleScm : 0.16u 0.03s 105260e 901992kB

Processing rl_reset_ctrl_synch
before constantPropagate: 0.16u 0.03s 105260e 901992kB
after constantPropagate: 0.16u 0.03s 105260e 901992kB
before removeUnusedSignals circuit: 0.16u 0.03s 105260e 901992kB
after removeUnusedSignals circuit: 0.16u 0.03s 105260e 901992kB
before optimize latch enable: 0.16u 0.03s 105260e 901992kB
after optimize latch enable: 0.16u 0.03s 105260e 901992kB
before removeReadAfterMissingWrite: 0.16u 0.03s 105260e 901992kB
after removeReadAfterMissingWrite: 0.16u 0.03s 105260e 901992kB
before undoDimensionalSplitOfMemories: 0.16u 0.03s 105260e 901992kB
after undoDimensionalSplitOfMemories: 0.16u 0.03s 105260e 901992kB
before extractMemories: 0.16u 0.03s 105260e 901992kB
after extractMemories: 0.16u 0.03s 105260e 901992kB
before extractHolds: 0.16u 0.03s 105260e 901992kB
after extractHolds: 0.16u 0.03s 105260e 901992kB
before simplifyAdders: 0.16u 0.03s 105260e 901992kB
after simplifyAdders: 0.16u 0.03s 105260e 901992kB
before optimizeLessThan: 0.16u 0.03s 105260e 901992kB
after optimizeLessThan: 0.16u 0.03s 105260e 901992kB
before reportUnresolvedType: 0.16u 0.03s 105260e 901992kB
after reportUnresolvedType: 0.16u 0.03s 105260e 901992kB
before dumpingPerModuleScm : 0.16u 0.03s 105260e 901992kB
after dumpingPerModuleScm : 0.16u 0.03s 105260e 901992kB

Processing arcv_wdt_synch
before constantPropagate: 0.16u 0.03s 105260e 901992kB
after constantPropagate: 0.16u 0.03s 105260e 901992kB
before removeUnusedSignals circuit: 0.16u 0.03s 105260e 901992kB
after removeUnusedSignals circuit: 0.16u 0.03s 105260e 901992kB
before optimize latch enable: 0.16u 0.03s 105260e 901992kB
after optimize latch enable: 0.16u 0.03s 105260e 901992kB
before removeReadAfterMissingWrite: 0.16u 0.03s 105260e 901992kB
after removeReadAfterMissingWrite: 0.16u 0.03s 105260e 901992kB
before undoDimensionalSplitOfMemories: 0.16u 0.03s 105260e 901992kB
after undoDimensionalSplitOfMemories: 0.16u 0.03s 105260e 901992kB
before extractMemories: 0.16u 0.03s 105260e 901992kB
after extractMemories: 0.16u 0.03s 105260e 901992kB
before extractHolds: 0.16u 0.03s 105260e 901992kB
after extractHolds: 0.16u 0.03s 105260e 901992kB
before simplifyAdders: 0.16u 0.03s 105260e 901992kB
after simplifyAdders: 0.16u 0.03s 105260e 901992kB
before optimizeLessThan: 0.16u 0.03s 105260e 901992kB
after optimizeLessThan: 0.16u 0.03s 105260e 901992kB
before reportUnresolvedType: 0.16u 0.03s 105260e 901992kB
after reportUnresolvedType: 0.16u 0.03s 105260e 901992kB
before dumpingPerModuleScm : 0.16u 0.03s 105260e 901992kB
after dumpingPerModuleScm : 0.16u 0.03s 105260e 901992kB

Processing ls_multi_bit_comparator_0001
before constantPropagate: 0.16u 0.03s 105260e 901992kB
after constantPropagate: 0.16u 0.03s 105260e 901992kB
before removeUnusedSignals circuit: 0.16u 0.03s 105260e 901992kB
after removeUnusedSignals circuit: 0.16u 0.03s 105260e 901992kB
before optimize latch enable: 0.16u 0.03s 105260e 901992kB
after optimize latch enable: 0.16u 0.03s 105260e 901992kB
before removeReadAfterMissingWrite: 0.16u 0.03s 105260e 901992kB
after removeReadAfterMissingWrite: 0.16u 0.03s 105260e 901992kB
before undoDimensionalSplitOfMemories: 0.16u 0.03s 105260e 901992kB
after undoDimensionalSplitOfMemories: 0.16u 0.03s 105260e 901992kB
before extractMemories: 0.16u 0.03s 105260e 901992kB
after extractMemories: 0.16u 0.03s 105260e 901992kB
before extractHolds: 0.16u 0.03s 105260e 901992kB
after extractHolds: 0.16u 0.03s 105260e 901992kB
before simplifyAdders: 0.16u 0.03s 105260e 901992kB
after simplifyAdders: 0.16u 0.03s 105260e 901992kB
before optimizeLessThan: 0.16u 0.03s 105260e 901992kB
after optimizeLessThan: 0.16u 0.03s 105260e 901992kB
before reportUnresolvedType: 0.16u 0.03s 105260e 901992kB
after reportUnresolvedType: 0.16u 0.03s 105260e 901992kB
before dumpingPerModuleScm : 0.16u 0.03s 105260e 901992kB
after dumpingPerModuleScm : 0.16u 0.03s 105260e 901992kB

Processing ls_compare_unit_0009
before constantPropagate: 0.17u 0.03s 105260e 901992kB
after constantPropagate: 0.17u 0.03s 105260e 901992kB
before removeUnusedSignals circuit: 0.17u 0.03s 105260e 901992kB
after removeUnusedSignals circuit: 0.17u 0.03s 105260e 901992kB
before optimize latch enable: 0.17u 0.03s 105260e 901992kB
after optimize latch enable: 0.17u 0.03s 105260e 901992kB
before removeReadAfterMissingWrite: 0.17u 0.03s 105260e 901992kB
after removeReadAfterMissingWrite: 0.17u 0.03s 105260e 901992kB
before undoDimensionalSplitOfMemories: 0.17u 0.03s 105260e 901992kB
after undoDimensionalSplitOfMemories: 0.17u 0.03s 105260e 901992kB
before extractMemories: 0.17u 0.03s 105260e 901992kB
after extractMemories: 0.17u 0.03s 105260e 901992kB
before extractHolds: 0.17u 0.03s 105260e 901992kB
after extractHolds: 0.17u 0.03s 105260e 901992kB
before simplifyAdders: 0.17u 0.03s 105260e 901992kB
after simplifyAdders: 0.17u 0.03s 105260e 901992kB
before optimizeLessThan: 0.17u 0.03s 105260e 901992kB
after optimizeLessThan: 0.17u 0.03s 105260e 901992kB
before reportUnresolvedType: 0.17u 0.03s 105260e 901992kB
after reportUnresolvedType: 0.17u 0.03s 105260e 901992kB
before dumpingPerModuleScm : 0.17u 0.03s 105260e 901992kB
after dumpingPerModuleScm : 0.17u 0.03s 105260e 901992kB

Processing ls_compare_unit_000E
before constantPropagate: 0.17u 0.03s 105260e 901992kB
after constantPropagate: 0.17u 0.03s 105260e 901992kB
before removeUnusedSignals circuit: 0.17u 0.03s 105260e 901992kB
after removeUnusedSignals circuit: 0.17u 0.03s 105260e 901992kB
before optimize latch enable: 0.17u 0.03s 105260e 901992kB
after optimize latch enable: 0.17u 0.03s 105260e 901992kB
before removeReadAfterMissingWrite: 0.17u 0.03s 105260e 901992kB
after removeReadAfterMissingWrite: 0.17u 0.03s 105260e 901992kB
before undoDimensionalSplitOfMemories: 0.17u 0.03s 105260e 901992kB
after undoDimensionalSplitOfMemories: 0.17u 0.03s 105260e 901992kB
before extractMemories: 0.17u 0.03s 105260e 901992kB
after extractMemories: 0.17u 0.03s 105260e 901992kB
before extractHolds: 0.17u 0.03s 105260e 901992kB
after extractHolds: 0.17u 0.03s 105260e 901992kB
before simplifyAdders: 0.17u 0.03s 105260e 901992kB
after simplifyAdders: 0.17u 0.03s 105260e 901992kB
before optimizeLessThan: 0.17u 0.03s 105260e 901992kB
after optimizeLessThan: 0.17u 0.03s 105260e 901992kB
before reportUnresolvedType: 0.17u 0.03s 105260e 901992kB
after reportUnresolvedType: 0.17u 0.03s 105260e 901992kB
before dumpingPerModuleScm : 0.17u 0.03s 105260e 901992kB
after dumpingPerModuleScm : 0.17u 0.03s 105260e 901992kB

Processing rl_reset_ctrl
before constantPropagate: 0.17u 0.03s 105260e 901992kB
after constantPropagate: 0.17u 0.03s 105260e 901992kB
before removeUnusedSignals circuit: 0.17u 0.03s 105260e 901992kB
after removeUnusedSignals circuit: 0.17u 0.03s 105260e 901992kB
before optimize latch enable: 0.17u 0.03s 105260e 901992kB
after optimize latch enable: 0.17u 0.03s 105260e 901992kB
before removeReadAfterMissingWrite: 0.17u 0.03s 105260e 901992kB
after removeReadAfterMissingWrite: 0.17u 0.03s 105260e 901992kB
before undoDimensionalSplitOfMemories: 0.17u 0.03s 105260e 901992kB
after undoDimensionalSplitOfMemories: 0.17u 0.03s 105260e 901992kB
before extractMemories: 0.17u 0.03s 105260e 901992kB
after extractMemories: 0.17u 0.03s 105260e 901992kB
before extractHolds: 0.17u 0.03s 105260e 901992kB
after extractHolds: 0.17u 0.03s 105260e 901992kB
before simplifyAdders: 0.17u 0.03s 105260e 901992kB
after simplifyAdders: 0.17u 0.03s 105260e 901992kB
before optimizeLessThan: 0.17u 0.03s 105260e 901992kB
after optimizeLessThan: 0.17u 0.03s 105260e 901992kB
before reportUnresolvedType: 0.17u 0.03s 105260e 901992kB
after reportUnresolvedType: 0.17u 0.03s 105260e 901992kB
before dumpingPerModuleScm : 0.17u 0.03s 105260e 901992kB
after dumpingPerModuleScm : 0.17u 0.03s 105260e 901992kB

Processing ZebuClockDetectFront_5
before constantPropagate: 0.17u 0.03s 105260e 901992kB
after constantPropagate: 0.17u 0.03s 105260e 901992kB
before removeUnusedSignals circuit: 0.17u 0.03s 105260e 901992kB
after removeUnusedSignals circuit: 0.17u 0.03s 105260e 901992kB
before optimize latch enable: 0.17u 0.03s 105260e 901992kB
after optimize latch enable: 0.17u 0.03s 105260e 901992kB
before removeReadAfterMissingWrite: 0.17u 0.03s 105260e 901992kB
after removeReadAfterMissingWrite: 0.17u 0.03s 105260e 901992kB
before undoDimensionalSplitOfMemories: 0.17u 0.03s 105260e 901992kB
after undoDimensionalSplitOfMemories: 0.17u 0.03s 105260e 901992kB
before extractMemories: 0.17u 0.03s 105260e 901992kB
after extractMemories: 0.17u 0.03s 105260e 901992kB
before extractHolds: 0.17u 0.03s 105260e 901992kB
after extractHolds: 0.17u 0.03s 105260e 901992kB
before simplifyAdders: 0.17u 0.03s 105260e 901992kB
after simplifyAdders: 0.17u 0.03s 105260e 901992kB
before optimizeLessThan: 0.17u 0.03s 105260e 901992kB
after optimizeLessThan: 0.17u 0.03s 105260e 901992kB
before reportUnresolvedType: 0.17u 0.03s 105260e 901992kB
after reportUnresolvedType: 0.17u 0.03s 105260e 901992kB
before dumpingPerModuleScm : 0.17u 0.03s 105260e 901992kB
after dumpingPerModuleScm : 0.17u 0.03s 105260e 901992kB

Processing rl_dmp_amo
before constantPropagate: 0.17u 0.03s 105260e 901992kB
after constantPropagate: 0.17u 0.03s 105260e 901992kB
before removeUnusedSignals circuit: 0.17u 0.03s 105260e 901992kB
after removeUnusedSignals circuit: 0.17u 0.03s 105260e 901992kB
before optimize latch enable: 0.17u 0.03s 105260e 901992kB
after optimize latch enable: 0.17u 0.03s 105260e 901992kB
before removeReadAfterMissingWrite: 0.17u 0.03s 105260e 901992kB
after removeReadAfterMissingWrite: 0.17u 0.03s 105260e 901992kB
before undoDimensionalSplitOfMemories: 0.17u 0.03s 105260e 901992kB
after undoDimensionalSplitOfMemories: 0.17u 0.03s 105260e 901992kB
before extractMemories: 0.17u 0.03s 105260e 901992kB
after extractMemories: 0.17u 0.03s 105260e 901992kB
before extractHolds: 0.17u 0.03s 105260e 901992kB
after extractHolds: 0.17u 0.03s 105260e 901992kB
before simplifyAdders: 0.17u 0.03s 105260e 901992kB
after simplifyAdders: 0.17u 0.03s 105260e 901992kB
before optimizeLessThan: 0.17u 0.03s 105260e 901992kB
after optimizeLessThan: 0.17u 0.03s 105260e 901992kB
before reportUnresolvedType: 0.17u 0.03s 105260e 901992kB
after reportUnresolvedType: 0.17u 0.03s 105260e 901992kB
before dumpingPerModuleScm : 0.17u 0.03s 105260e 901992kB
after dumpingPerModuleScm : 0.17u 0.03s 105260e 901992kB

Processing rl_ifu_icache
before constantPropagate: 0.17u 0.03s 105260e 901992kB
after constantPropagate: 0.18u 0.03s 105260e 901992kB
before removeUnusedSignals circuit: 0.18u 0.03s 105260e 901992kB
after removeUnusedSignals circuit: 0.18u 0.03s 105260e 901992kB
before optimize latch enable: 0.18u 0.03s 105260e 901992kB
after optimize latch enable: 0.18u 0.03s 105260e 901992kB
before removeReadAfterMissingWrite: 0.18u 0.03s 105260e 901992kB
after removeReadAfterMissingWrite: 0.18u 0.03s 105260e 901992kB
before undoDimensionalSplitOfMemories: 0.18u 0.03s 105260e 901992kB
after undoDimensionalSplitOfMemories: 0.18u 0.03s 105260e 901992kB
before extractMemories: 0.18u 0.03s 105260e 901992kB
after extractMemories: 0.18u 0.03s 105260e 901992kB
before extractHolds: 0.18u 0.03s 105260e 901992kB
after extractHolds: 0.18u 0.03s 105274e 901992kB
before simplifyAdders: 0.18u 0.03s 105274e 901992kB
after simplifyAdders: 0.18u 0.03s 105274e 901992kB
before optimizeLessThan: 0.18u 0.03s 105274e 901992kB
after optimizeLessThan: 0.18u 0.03s 105274e 901992kB
before reportUnresolvedType: 0.18u 0.03s 105274e 901992kB
after reportUnresolvedType: 0.18u 0.03s 105274e 901992kB
before dumpingPerModuleScm : 0.18u 0.03s 105274e 901992kB
after dumpingPerModuleScm : 0.19u 0.03s 105274e 901992kB

Processing rl_byte_unit
before constantPropagate: 0.19u 0.03s 105274e 901992kB
after constantPropagate: 0.19u 0.03s 105274e 901992kB
before removeUnusedSignals circuit: 0.19u 0.03s 105274e 901992kB
after removeUnusedSignals circuit: 0.19u 0.03s 105274e 901992kB
before optimize latch enable: 0.19u 0.03s 105274e 901992kB
after optimize latch enable: 0.19u 0.03s 105274e 901992kB
before removeReadAfterMissingWrite: 0.19u 0.03s 105274e 901992kB
after removeReadAfterMissingWrite: 0.19u 0.03s 105274e 901992kB
before undoDimensionalSplitOfMemories: 0.19u 0.03s 105274e 901992kB
after undoDimensionalSplitOfMemories: 0.19u 0.03s 105274e 901992kB
before extractMemories: 0.19u 0.03s 105274e 901992kB
after extractMemories: 0.19u 0.03s 105274e 901992kB
before extractHolds: 0.19u 0.03s 105274e 901992kB
after extractHolds: 0.19u 0.03s 105274e 901992kB
before simplifyAdders: 0.19u 0.03s 105274e 901992kB
after simplifyAdders: 0.19u 0.03s 105274e 901992kB
before optimizeLessThan: 0.19u 0.03s 105274e 901992kB
after optimizeLessThan: 0.19u 0.03s 105274e 901992kB
before reportUnresolvedType: 0.19u 0.03s 105274e 901992kB
after reportUnresolvedType: 0.19u 0.03s 105274e 901992kB
before dumpingPerModuleScm : 0.19u 0.03s 105274e 901992kB
after dumpingPerModuleScm : 0.19u 0.03s 105274e 901992kB

Processing rl_wtree_comp302
before constantPropagate: 0.19u 0.03s 105274e 901992kB
after constantPropagate: 0.19u 0.04s 105274e 901992kB
before removeUnusedSignals circuit: 0.19u 0.04s 105274e 901992kB
after removeUnusedSignals circuit: 0.19u 0.04s 105274e 901992kB
before optimize latch enable: 0.19u 0.04s 105274e 901992kB
after optimize latch enable: 0.19u 0.04s 105274e 901992kB
before removeReadAfterMissingWrite: 0.19u 0.04s 105274e 901992kB
after removeReadAfterMissingWrite: 0.19u 0.04s 105274e 901992kB
before undoDimensionalSplitOfMemories: 0.19u 0.04s 105274e 901992kB
after undoDimensionalSplitOfMemories: 0.19u 0.04s 105274e 901992kB
before extractMemories: 0.19u 0.04s 105274e 901992kB
after extractMemories: 0.19u 0.04s 105274e 901992kB
before extractHolds: 0.19u 0.04s 105274e 901992kB
after extractHolds: 0.19u 0.04s 105274e 901992kB
before simplifyAdders: 0.19u 0.04s 105274e 901992kB
after simplifyAdders: 0.19u 0.04s 105274e 901992kB
before optimizeLessThan: 0.19u 0.04s 105274e 901992kB
after optimizeLessThan: 0.19u 0.04s 105274e 901992kB
before reportUnresolvedType: 0.19u 0.04s 105274e 901992kB
after reportUnresolvedType: 0.19u 0.04s 105274e 901992kB
before dumpingPerModuleScm : 0.19u 0.04s 105274e 901992kB
after dumpingPerModuleScm : 0.19u 0.04s 105274e 901992kB

Processing rl_mpy
before constantPropagate: 0.19u 0.04s 105274e 901992kB
after constantPropagate: 0.19u 0.04s 105274e 901992kB
before removeUnusedSignals circuit: 0.19u 0.04s 105274e 901992kB
after removeUnusedSignals circuit: 0.19u 0.04s 105274e 901992kB
before optimize latch enable: 0.19u 0.04s 105274e 901992kB
after optimize latch enable: 0.19u 0.04s 105274e 901992kB
before removeReadAfterMissingWrite: 0.19u 0.04s 105274e 901992kB
after removeReadAfterMissingWrite: 0.19u 0.04s 105274e 901992kB
before undoDimensionalSplitOfMemories: 0.2u 0.04s 105274e 901992kB
after undoDimensionalSplitOfMemories: 0.2u 0.04s 105274e 901992kB
before extractMemories: 0.2u 0.04s 105274e 901992kB
after extractMemories: 0.2u 0.04s 105274e 901992kB
before extractHolds: 0.2u 0.04s 105274e 901992kB
after extractHolds: 0.2u 0.04s 105274e 901992kB
before simplifyAdders: 0.2u 0.04s 105274e 901992kB
after simplifyAdders: 0.2u 0.04s 105274e 901992kB
before optimizeLessThan: 0.2u 0.04s 105274e 901992kB
after optimizeLessThan: 0.2u 0.04s 105274e 901992kB
before reportUnresolvedType: 0.2u 0.04s 105274e 901992kB
after reportUnresolvedType: 0.2u 0.04s 105274e 901992kB
before dumpingPerModuleScm : 0.2u 0.04s 105274e 901992kB
after dumpingPerModuleScm : 0.2u 0.04s 105274e 901992kB

Processing rl_debug
before constantPropagate: 0.2u 0.04s 105274e 901992kB
after constantPropagate: 0.2u 0.04s 105274e 901992kB
before removeUnusedSignals circuit: 0.2u 0.04s 105274e 901992kB
after removeUnusedSignals circuit: 0.2u 0.04s 105274e 901992kB
before optimize latch enable: 0.2u 0.04s 105274e 901992kB
after optimize latch enable: 0.2u 0.04s 105274e 901992kB
before removeReadAfterMissingWrite: 0.2u 0.04s 105274e 901992kB
after removeReadAfterMissingWrite: 0.2u 0.04s 105274e 901992kB
before undoDimensionalSplitOfMemories: 0.2u 0.04s 105274e 901992kB
after undoDimensionalSplitOfMemories: 0.2u 0.04s 105274e 901992kB
before extractMemories: 0.2u 0.04s 105274e 901992kB
after extractMemories: 0.2u 0.04s 105274e 901992kB
before extractHolds: 0.2u 0.04s 105274e 901992kB
after extractHolds: 0.2u 0.04s 105286e 901992kB
before simplifyAdders: 0.2u 0.04s 105286e 901992kB
after simplifyAdders: 0.2u 0.04s 105286e 901992kB
before optimizeLessThan: 0.2u 0.04s 105286e 901992kB
after optimizeLessThan: 0.2u 0.04s 105286e 901992kB
before reportUnresolvedType: 0.2u 0.04s 105286e 901992kB
after reportUnresolvedType: 0.2u 0.04s 105286e 901992kB
before dumpingPerModuleScm : 0.2u 0.04s 105286e 901992kB
after dumpingPerModuleScm : 0.2u 0.04s 105286e 901992kB

Processing rl_dmp_dccm_ecc_encoder
before constantPropagate: 0.2u 0.04s 105286e 901992kB
after constantPropagate: 0.21u 0.04s 105286e 901992kB
before removeUnusedSignals circuit: 0.21u 0.04s 105286e 901992kB
after removeUnusedSignals circuit: 0.21u 0.04s 105286e 901992kB
before optimize latch enable: 0.21u 0.04s 105286e 901992kB
after optimize latch enable: 0.21u 0.04s 105286e 901992kB
before removeReadAfterMissingWrite: 0.21u 0.04s 105286e 901992kB
after removeReadAfterMissingWrite: 0.21u 0.04s 105286e 901992kB
before undoDimensionalSplitOfMemories: 0.21u 0.04s 105286e 901992kB
after undoDimensionalSplitOfMemories: 0.21u 0.04s 105286e 901992kB
before extractMemories: 0.21u 0.04s 105286e 901992kB
after extractMemories: 0.21u 0.04s 105286e 901992kB
before extractHolds: 0.21u 0.04s 105286e 901992kB
after extractHolds: 0.21u 0.04s 105286e 901992kB
before simplifyAdders: 0.21u 0.04s 105286e 901992kB
after simplifyAdders: 0.21u 0.04s 105286e 901992kB
before optimizeLessThan: 0.21u 0.04s 105286e 901992kB
after optimizeLessThan: 0.21u 0.04s 105286e 901992kB
before reportUnresolvedType: 0.21u 0.04s 105286e 901992kB
after reportUnresolvedType: 0.21u 0.04s 105286e 901992kB
before dumpingPerModuleScm : 0.21u 0.04s 105286e 901992kB
after dumpingPerModuleScm : 0.21u 0.04s 105286e 901992kB

Processing rl_dmp_dccm
before constantPropagate: 0.21u 0.04s 105286e 901992kB
after constantPropagate: 0.21u 0.04s 105286e 901992kB
before removeUnusedSignals circuit: 0.21u 0.04s 105286e 901992kB
after removeUnusedSignals circuit: 0.21u 0.04s 105286e 901992kB
before optimize latch enable: 0.21u 0.04s 105286e 901992kB
after optimize latch enable: 0.21u 0.04s 105286e 901992kB
before removeReadAfterMissingWrite: 0.21u 0.04s 105286e 901992kB
after removeReadAfterMissingWrite: 0.21u 0.04s 105286e 901992kB
before undoDimensionalSplitOfMemories: 0.21u 0.04s 105286e 901992kB
after undoDimensionalSplitOfMemories: 0.21u 0.04s 105286e 901992kB
before extractMemories: 0.21u 0.04s 105286e 901992kB
after extractMemories: 0.21u 0.04s 105286e 901992kB
before extractHolds: 0.21u 0.04s 105286e 901992kB
after extractHolds: 0.21u 0.04s 105288e 901992kB
before simplifyAdders: 0.21u 0.04s 105288e 901992kB
after simplifyAdders: 0.21u 0.04s 105288e 901992kB
before optimizeLessThan: 0.21u 0.04s 105288e 901992kB
after optimizeLessThan: 0.21u 0.04s 105288e 901992kB
before reportUnresolvedType: 0.21u 0.04s 105288e 901992kB
after reportUnresolvedType: 0.21u 0.04s 105288e 901992kB
before dumpingPerModuleScm : 0.21u 0.04s 105288e 901992kB
after dumpingPerModuleScm : 0.21u 0.04s 105288e 901992kB

Processing rl_pmp_hit
before constantPropagate: 0.21u 0.04s 105288e 901992kB
after constantPropagate: 0.21u 0.04s 105288e 901992kB
before removeUnusedSignals circuit: 0.21u 0.04s 105288e 901992kB
after removeUnusedSignals circuit: 0.21u 0.04s 105288e 901992kB
before optimize latch enable: 0.21u 0.04s 105288e 901992kB
after optimize latch enable: 0.21u 0.04s 105288e 901992kB
before removeReadAfterMissingWrite: 0.21u 0.04s 105288e 901992kB
after removeReadAfterMissingWrite: 0.21u 0.04s 105288e 901992kB
before undoDimensionalSplitOfMemories: 0.21u 0.04s 105288e 901992kB
after undoDimensionalSplitOfMemories: 0.21u 0.04s 105288e 901992kB
before extractMemories: 0.21u 0.04s 105288e 901992kB
after extractMemories: 0.21u 0.04s 105288e 901992kB
before extractHolds: 0.21u 0.04s 105288e 901992kB
after extractHolds: 0.21u 0.04s 105288e 901992kB
before simplifyAdders: 0.21u 0.04s 105288e 901992kB
after simplifyAdders: 0.21u 0.04s 105288e 901992kB
before optimizeLessThan: 0.21u 0.04s 105288e 901992kB
after optimizeLessThan: 0.21u 0.04s 105288e 901992kB
before reportUnresolvedType: 0.21u 0.04s 105288e 901992kB
after reportUnresolvedType: 0.21u 0.04s 105288e 901992kB
before dumpingPerModuleScm : 0.21u 0.04s 105288e 901992kB
after dumpingPerModuleScm : 0.21u 0.04s 105288e 901992kB

Processing rl_pma_hit
before constantPropagate: 0.21u 0.04s 105288e 901992kB
after constantPropagate: 0.21u 0.04s 105288e 901992kB
before removeUnusedSignals circuit: 0.21u 0.04s 105288e 901992kB
after removeUnusedSignals circuit: 0.21u 0.04s 105288e 901992kB
before optimize latch enable: 0.21u 0.04s 105288e 901992kB
after optimize latch enable: 0.21u 0.04s 105288e 901992kB
before removeReadAfterMissingWrite: 0.21u 0.04s 105288e 901992kB
after removeReadAfterMissingWrite: 0.21u 0.04s 105288e 901992kB
before undoDimensionalSplitOfMemories: 0.21u 0.04s 105288e 901992kB
after undoDimensionalSplitOfMemories: 0.21u 0.04s 105288e 901992kB
before extractMemories: 0.21u 0.04s 105288e 901992kB
after extractMemories: 0.21u 0.04s 105288e 901992kB
before extractHolds: 0.21u 0.04s 105288e 901992kB
after extractHolds: 0.21u 0.04s 105288e 901992kB
before simplifyAdders: 0.21u 0.04s 105288e 901992kB
after simplifyAdders: 0.21u 0.04s 105288e 901992kB
before optimizeLessThan: 0.21u 0.04s 105288e 901992kB
after optimizeLessThan: 0.21u 0.04s 105288e 901992kB
before reportUnresolvedType: 0.21u 0.04s 105288e 901992kB
after reportUnresolvedType: 0.21u 0.04s 105288e 901992kB
before dumpingPerModuleScm : 0.21u 0.04s 105288e 901992kB
after dumpingPerModuleScm : 0.21u 0.04s 105288e 901992kB

Processing rl_pma
before constantPropagate: 0.21u 0.04s 105288e 901992kB
after constantPropagate: 0.21u 0.04s 105288e 901992kB
before removeUnusedSignals circuit: 0.21u 0.04s 105288e 901992kB
after removeUnusedSignals circuit: 0.21u 0.04s 105288e 901992kB
before optimize latch enable: 0.21u 0.04s 105288e 901992kB
after optimize latch enable: 0.21u 0.04s 105288e 901992kB
before removeReadAfterMissingWrite: 0.21u 0.04s 105288e 901992kB
after removeReadAfterMissingWrite: 0.21u 0.04s 105288e 901992kB
before undoDimensionalSplitOfMemories: 0.21u 0.04s 105288e 901992kB
after undoDimensionalSplitOfMemories: 0.21u 0.04s 105288e 901992kB
before extractMemories: 0.21u 0.04s 105288e 901992kB
after extractMemories: 0.22u 0.04s 105288e 901992kB
before extractHolds: 0.22u 0.04s 105288e 901992kB
after extractHolds: 0.22u 0.04s 105288e 901992kB
before simplifyAdders: 0.22u 0.04s 105288e 901992kB
after simplifyAdders: 0.22u 0.04s 105288e 901992kB
before optimizeLessThan: 0.22u 0.04s 105288e 901992kB
after optimizeLessThan: 0.22u 0.04s 105288e 901992kB
before reportUnresolvedType: 0.22u 0.04s 105288e 901992kB
after reportUnresolvedType: 0.22u 0.04s 105288e 901992kB
before dumpingPerModuleScm : 0.22u 0.04s 105288e 901992kB
after dumpingPerModuleScm : 0.22u 0.04s 105288e 901992kB

Processing odd_pty_dec
before constantPropagate: 0.22u 0.04s 105288e 901992kB
after constantPropagate: 0.22u 0.04s 105288e 901992kB
before removeUnusedSignals circuit: 0.22u 0.04s 105288e 901992kB
after removeUnusedSignals circuit: 0.22u 0.04s 105288e 901992kB
before optimize latch enable: 0.22u 0.04s 105288e 901992kB
after optimize latch enable: 0.22u 0.04s 105288e 901992kB
before removeReadAfterMissingWrite: 0.22u 0.04s 105288e 901992kB
after removeReadAfterMissingWrite: 0.22u 0.04s 105288e 901992kB
before undoDimensionalSplitOfMemories: 0.22u 0.04s 105288e 901992kB
after undoDimensionalSplitOfMemories: 0.22u 0.04s 105288e 901992kB
before extractMemories: 0.22u 0.04s 105288e 901992kB
after extractMemories: 0.22u 0.04s 105288e 901992kB
before extractHolds: 0.22u 0.04s 105288e 901992kB
after extractHolds: 0.22u 0.04s 105288e 901992kB
before simplifyAdders: 0.22u 0.04s 105288e 901992kB
after simplifyAdders: 0.22u 0.04s 105288e 901992kB
before optimizeLessThan: 0.22u 0.04s 105288e 901992kB
after optimizeLessThan: 0.22u 0.04s 105288e 901992kB
before reportUnresolvedType: 0.22u 0.04s 105288e 901992kB
after reportUnresolvedType: 0.22u 0.04s 105288e 901992kB
before dumpingPerModuleScm : 0.22u 0.04s 105288e 901992kB
after dumpingPerModuleScm : 0.22u 0.04s 105288e 901992kB

Processing odd_pty_qual_dec_wrap_0000_0000
before constantPropagate: 0.22u 0.04s 105288e 901992kB
after constantPropagate: 0.22u 0.04s 105288e 901992kB
before removeUnusedSignals circuit: 0.22u 0.04s 105288e 901992kB
after removeUnusedSignals circuit: 0.22u 0.04s 105288e 901992kB
before optimize latch enable: 0.22u 0.04s 105288e 901992kB
after optimize latch enable: 0.22u 0.04s 105288e 901992kB
before removeReadAfterMissingWrite: 0.22u 0.04s 105288e 901992kB
after removeReadAfterMissingWrite: 0.22u 0.04s 105288e 901992kB
before undoDimensionalSplitOfMemories: 0.22u 0.04s 105288e 901992kB
after undoDimensionalSplitOfMemories: 0.22u 0.04s 105288e 901992kB
before extractMemories: 0.22u 0.04s 105288e 901992kB
after extractMemories: 0.22u 0.04s 105288e 901992kB
before extractHolds: 0.22u 0.04s 105288e 901992kB
after extractHolds: 0.22u 0.04s 105288e 901992kB
before simplifyAdders: 0.22u 0.04s 105288e 901992kB
after simplifyAdders: 0.22u 0.04s 105288e 901992kB
before optimizeLessThan: 0.22u 0.04s 105288e 901992kB
after optimizeLessThan: 0.22u 0.04s 105288e 901992kB
before reportUnresolvedType: 0.22u 0.04s 105288e 901992kB
after reportUnresolvedType: 0.22u 0.04s 105288e 901992kB
before dumpingPerModuleScm : 0.22u 0.04s 105288e 901992kB
after dumpingPerModuleScm : 0.22u 0.04s 105288e 901992kB

Processing rl_parity_gen_0000
before constantPropagate: 0.22u 0.04s 105288e 901992kB
after constantPropagate: 0.22u 0.04s 105288e 901992kB
before removeUnusedSignals circuit: 0.22u 0.04s 105288e 901992kB
after removeUnusedSignals circuit: 0.22u 0.04s 105288e 901992kB
before optimize latch enable: 0.22u 0.04s 105288e 901992kB
after optimize latch enable: 0.22u 0.04s 105288e 901992kB
before removeReadAfterMissingWrite: 0.22u 0.04s 105288e 901992kB
after removeReadAfterMissingWrite: 0.22u 0.04s 105288e 901992kB
before undoDimensionalSplitOfMemories: 0.22u 0.04s 105288e 901992kB
after undoDimensionalSplitOfMemories: 0.22u 0.04s 105288e 901992kB
before extractMemories: 0.22u 0.04s 105288e 901992kB
after extractMemories: 0.22u 0.04s 105288e 901992kB
before extractHolds: 0.22u 0.04s 105288e 901992kB
after extractHolds: 0.22u 0.04s 105288e 901992kB
before simplifyAdders: 0.22u 0.04s 105288e 901992kB
after simplifyAdders: 0.22u 0.04s 105288e 901992kB
before optimizeLessThan: 0.22u 0.04s 105288e 901992kB
after optimizeLessThan: 0.22u 0.04s 105288e 901992kB
before reportUnresolvedType: 0.22u 0.04s 105288e 901992kB
after reportUnresolvedType: 0.22u 0.04s 105288e 901992kB
before dumpingPerModuleScm : 0.22u 0.04s 105288e 901992kB
after dumpingPerModuleScm : 0.22u 0.04s 105288e 901992kB

Processing rl_parity_chk_0000
before constantPropagate: 0.22u 0.04s 105288e 901992kB
after constantPropagate: 0.22u 0.04s 105288e 901992kB
before removeUnusedSignals circuit: 0.22u 0.04s 105288e 901992kB
after removeUnusedSignals circuit: 0.22u 0.04s 105288e 901992kB
before optimize latch enable: 0.22u 0.04s 105288e 901992kB
after optimize latch enable: 0.22u 0.04s 105288e 901992kB
before removeReadAfterMissingWrite: 0.22u 0.04s 105288e 901992kB
after removeReadAfterMissingWrite: 0.22u 0.04s 105288e 901992kB
before undoDimensionalSplitOfMemories: 0.22u 0.04s 105288e 901992kB
after undoDimensionalSplitOfMemories: 0.22u 0.04s 105288e 901992kB
before extractMemories: 0.22u 0.04s 105288e 901992kB
after extractMemories: 0.22u 0.04s 105288e 901992kB
before extractHolds: 0.22u 0.04s 105288e 901992kB
after extractHolds: 0.22u 0.04s 105288e 901992kB
before simplifyAdders: 0.22u 0.04s 105288e 901992kB
after simplifyAdders: 0.22u 0.04s 105288e 901992kB
before optimizeLessThan: 0.22u 0.04s 105288e 901992kB
after optimizeLessThan: 0.22u 0.04s 105288e 901992kB
before reportUnresolvedType: 0.22u 0.04s 105288e 901992kB
after reportUnresolvedType: 0.22u 0.04s 105288e 901992kB
before dumpingPerModuleScm : 0.22u 0.04s 105288e 901992kB
after dumpingPerModuleScm : 0.22u 0.04s 105288e 901992kB

Processing rl_parity_chk_0002_0002
before constantPropagate: 0.22u 0.04s 105288e 901992kB
after constantPropagate: 0.22u 0.04s 105288e 901992kB
before removeUnusedSignals circuit: 0.22u 0.04s 105288e 901992kB
after removeUnusedSignals circuit: 0.22u 0.04s 105288e 901992kB
before optimize latch enable: 0.22u 0.04s 105288e 901992kB
after optimize latch enable: 0.22u 0.04s 105288e 901992kB
before removeReadAfterMissingWrite: 0.22u 0.04s 105288e 901992kB
after removeReadAfterMissingWrite: 0.22u 0.04s 105288e 901992kB
before undoDimensionalSplitOfMemories: 0.22u 0.04s 105288e 901992kB
after undoDimensionalSplitOfMemories: 0.22u 0.04s 105288e 901992kB
before extractMemories: 0.22u 0.04s 105288e 901992kB
after extractMemories: 0.22u 0.04s 105288e 901992kB
before extractHolds: 0.22u 0.04s 105288e 901992kB
after extractHolds: 0.22u 0.04s 105288e 901992kB
before simplifyAdders: 0.22u 0.04s 105288e 901992kB
after simplifyAdders: 0.22u 0.04s 105288e 901992kB
before optimizeLessThan: 0.22u 0.04s 105288e 901992kB
after optimizeLessThan: 0.22u 0.04s 105288e 901992kB
before reportUnresolvedType: 0.22u 0.04s 105288e 901992kB
after reportUnresolvedType: 0.22u 0.04s 105288e 901992kB
before dumpingPerModuleScm : 0.22u 0.04s 105288e 901992kB
after dumpingPerModuleScm : 0.22u 0.04s 105288e 901992kB

Processing sr_err_aggr_0000_0002
before constantPropagate: 0.22u 0.04s 105288e 901992kB
after constantPropagate: 0.22u 0.04s 105288e 901992kB
before removeUnusedSignals circuit: 0.22u 0.04s 105288e 901992kB
after removeUnusedSignals circuit: 0.22u 0.04s 105288e 901992kB
before optimize latch enable: 0.22u 0.04s 105288e 901992kB
after optimize latch enable: 0.22u 0.04s 105288e 901992kB
before removeReadAfterMissingWrite: 0.22u 0.04s 105288e 901992kB
after removeReadAfterMissingWrite: 0.22u 0.04s 105288e 901992kB
before undoDimensionalSplitOfMemories: 0.22u 0.04s 105288e 901992kB
after undoDimensionalSplitOfMemories: 0.22u 0.04s 105288e 901992kB
before extractMemories: 0.22u 0.04s 105288e 901992kB
after extractMemories: 0.22u 0.04s 105288e 901992kB
before extractHolds: 0.22u 0.04s 105288e 901992kB
after extractHolds: 0.22u 0.04s 105288e 901992kB
before simplifyAdders: 0.22u 0.04s 105288e 901992kB
after simplifyAdders: 0.22u 0.04s 105288e 901992kB
before optimizeLessThan: 0.22u 0.04s 105288e 901992kB
after optimizeLessThan: 0.22u 0.04s 105288e 901992kB
before reportUnresolvedType: 0.22u 0.04s 105288e 901992kB
after reportUnresolvedType: 0.22u 0.04s 105288e 901992kB
before dumpingPerModuleScm : 0.22u 0.04s 105288e 901992kB
after dumpingPerModuleScm : 0.22u 0.05s 105288e 901992kB

Processing sfty_dmsi_down_tgt_e2e_wrap_0000
before constantPropagate: 0.22u 0.05s 105288e 901992kB
after constantPropagate: 0.22u 0.05s 105288e 901992kB
before removeUnusedSignals circuit: 0.22u 0.05s 105288e 901992kB
after removeUnusedSignals circuit: 0.22u 0.05s 105288e 901992kB
before optimize latch enable: 0.22u 0.05s 105288e 901992kB
after optimize latch enable: 0.22u 0.05s 105288e 901992kB
before removeReadAfterMissingWrite: 0.22u 0.05s 105288e 901992kB
after removeReadAfterMissingWrite: 0.22u 0.05s 105288e 901992kB
before undoDimensionalSplitOfMemories: 0.22u 0.05s 105288e 901992kB
after undoDimensionalSplitOfMemories: 0.22u 0.05s 105288e 901992kB
before extractMemories: 0.22u 0.05s 105288e 901992kB
after extractMemories: 0.22u 0.05s 105288e 901992kB
before extractHolds: 0.22u 0.05s 105288e 901992kB
after extractHolds: 0.22u 0.05s 105288e 901992kB
before simplifyAdders: 0.22u 0.05s 105288e 901992kB
after simplifyAdders: 0.22u 0.05s 105288e 901992kB
before optimizeLessThan: 0.22u 0.05s 105288e 901992kB
after optimizeLessThan: 0.22u 0.05s 105288e 901992kB
before reportUnresolvedType: 0.22u 0.05s 105288e 901992kB
after reportUnresolvedType: 0.22u 0.05s 105288e 901992kB
before dumpingPerModuleScm : 0.22u 0.05s 105288e 901992kB
after dumpingPerModuleScm : 0.23u 0.05s 105288e 901992kB

Processing arcv_wd_parity_0000
before constantPropagate: 0.23u 0.05s 105288e 901992kB
after constantPropagate: 0.23u 0.05s 105288e 901992kB
before removeUnusedSignals circuit: 0.23u 0.05s 105288e 901992kB
after removeUnusedSignals circuit: 0.23u 0.05s 105288e 901992kB
before optimize latch enable: 0.23u 0.05s 105288e 901992kB
after optimize latch enable: 0.23u 0.05s 105288e 901992kB
before removeReadAfterMissingWrite: 0.23u 0.05s 105288e 901992kB
after removeReadAfterMissingWrite: 0.23u 0.05s 105288e 901992kB
before undoDimensionalSplitOfMemories: 0.23u 0.05s 105288e 901992kB
after undoDimensionalSplitOfMemories: 0.23u 0.05s 105288e 901992kB
before extractMemories: 0.23u 0.05s 105288e 901992kB
after extractMemories: 0.23u 0.05s 105288e 901992kB
before extractHolds: 0.23u 0.05s 105288e 901992kB
after extractHolds: 0.23u 0.05s 105288e 901992kB
before simplifyAdders: 0.23u 0.05s 105288e 901992kB
after simplifyAdders: 0.23u 0.05s 105288e 901992kB
before optimizeLessThan: 0.23u 0.05s 105288e 901992kB
after optimizeLessThan: 0.23u 0.05s 105288e 901992kB
before reportUnresolvedType: 0.23u 0.05s 105288e 901992kB
after reportUnresolvedType: 0.23u 0.05s 105288e 901992kB
before dumpingPerModuleScm : 0.23u 0.05s 105288e 901992kB
after dumpingPerModuleScm : 0.23u 0.05s 105288e 901992kB

Processing sr_err_aggr_0000_0003
before constantPropagate: 0.23u 0.05s 105288e 901992kB
after constantPropagate: 0.23u 0.05s 105288e 901992kB
before removeUnusedSignals circuit: 0.23u 0.05s 105288e 901992kB
after removeUnusedSignals circuit: 0.23u 0.05s 105288e 901992kB
before optimize latch enable: 0.23u 0.05s 105288e 901992kB
after optimize latch enable: 0.23u 0.05s 105288e 901992kB
before removeReadAfterMissingWrite: 0.23u 0.05s 105288e 901992kB
after removeReadAfterMissingWrite: 0.23u 0.05s 105288e 901992kB
before undoDimensionalSplitOfMemories: 0.23u 0.05s 105288e 901992kB
after undoDimensionalSplitOfMemories: 0.23u 0.05s 105288e 901992kB
before extractMemories: 0.23u 0.05s 105288e 901992kB
after extractMemories: 0.23u 0.05s 105288e 901992kB
before extractHolds: 0.23u 0.05s 105288e 901992kB
after extractHolds: 0.23u 0.05s 105288e 901992kB
before simplifyAdders: 0.23u 0.05s 105288e 901992kB
after simplifyAdders: 0.23u 0.05s 105288e 901992kB
before optimizeLessThan: 0.23u 0.05s 105288e 901992kB
after optimizeLessThan: 0.23u 0.05s 105288e 901992kB
before reportUnresolvedType: 0.23u 0.05s 105288e 901992kB
after reportUnresolvedType: 0.23u 0.05s 105288e 901992kB
before dumpingPerModuleScm : 0.23u 0.05s 105288e 901992kB
after dumpingPerModuleScm : 0.23u 0.05s 105288e 901992kB

Processing odd_pty_qual_di_dec_wrap_0000_0001
before constantPropagate: 0.23u 0.05s 105288e 901992kB
after constantPropagate: 0.23u 0.05s 105288e 901992kB
before removeUnusedSignals circuit: 0.23u 0.05s 105288e 901992kB
after removeUnusedSignals circuit: 0.23u 0.05s 105288e 901992kB
before optimize latch enable: 0.23u 0.05s 105288e 901992kB
after optimize latch enable: 0.23u 0.05s 105288e 901992kB
before removeReadAfterMissingWrite: 0.23u 0.05s 105288e 901992kB
after removeReadAfterMissingWrite: 0.23u 0.05s 105288e 901992kB
before undoDimensionalSplitOfMemories: 0.23u 0.05s 105288e 901992kB
after undoDimensionalSplitOfMemories: 0.23u 0.05s 105288e 901992kB
before extractMemories: 0.23u 0.05s 105288e 901992kB
after extractMemories: 0.23u 0.05s 105288e 901992kB
before extractHolds: 0.23u 0.05s 105288e 901992kB
after extractHolds: 0.23u 0.05s 105288e 901992kB
before simplifyAdders: 0.23u 0.05s 105288e 901992kB
after simplifyAdders: 0.23u 0.05s 105288e 901992kB
before optimizeLessThan: 0.23u 0.05s 105288e 901992kB
after optimizeLessThan: 0.23u 0.05s 105288e 901992kB
before reportUnresolvedType: 0.23u 0.05s 105288e 901992kB
after reportUnresolvedType: 0.23u 0.05s 105288e 901992kB
before dumpingPerModuleScm : 0.23u 0.05s 105288e 901992kB
after dumpingPerModuleScm : 0.23u 0.05s 105288e 901992kB

Processing cpu_safety_monitor
before constantPropagate: 0.23u 0.05s 105288e 901992kB
after constantPropagate: 0.23u 0.05s 105288e 901992kB
before removeUnusedSignals circuit: 0.23u 0.05s 105288e 901992kB
after removeUnusedSignals circuit: 0.23u 0.05s 105288e 901992kB
before optimize latch enable: 0.23u 0.05s 105288e 901992kB
after optimize latch enable: 0.23u 0.05s 105288e 901992kB
before removeReadAfterMissingWrite: 0.23u 0.05s 105288e 901992kB
after removeReadAfterMissingWrite: 0.23u 0.05s 105288e 901992kB
before undoDimensionalSplitOfMemories: 0.23u 0.05s 105288e 901992kB
after undoDimensionalSplitOfMemories: 0.23u 0.05s 105288e 901992kB
before extractMemories: 0.23u 0.05s 105288e 901992kB
after extractMemories: 0.23u 0.05s 105288e 901992kB
before extractHolds: 0.23u 0.05s 105288e 901992kB
after extractHolds: 0.23u 0.05s 105288e 901992kB
before simplifyAdders: 0.23u 0.05s 105288e 901992kB
after simplifyAdders: 0.23u 0.05s 105288e 901992kB
before optimizeLessThan: 0.23u 0.05s 105288e 901992kB
after optimizeLessThan: 0.23u 0.05s 105288e 901992kB
before reportUnresolvedType: 0.23u 0.05s 105288e 901992kB
after reportUnresolvedType: 0.23u 0.05s 105288e 901992kB
before dumpingPerModuleScm : 0.23u 0.05s 105288e 901992kB
after dumpingPerModuleScm : 0.23u 0.05s 105288e 901992kB

Processing dccm_ram
before constantPropagate: 0.23u 0.05s 105288e 901992kB
after constantPropagate: 0.23u 0.05s 105288e 901992kB
before removeUnusedSignals circuit: 0.23u 0.05s 105288e 901992kB
after removeUnusedSignals circuit: 0.23u 0.05s 105288e 901992kB
before optimize latch enable: 0.23u 0.05s 105288e 901992kB
after optimize latch enable: 0.23u 0.05s 105288e 901992kB
before removeReadAfterMissingWrite: 0.23u 0.05s 105288e 901992kB
after removeReadAfterMissingWrite: 0.23u 0.05s 105288e 901992kB
before undoDimensionalSplitOfMemories: 0.23u 0.05s 105288e 901992kB
after undoDimensionalSplitOfMemories: 0.23u 0.05s 105288e 901992kB
before extractMemories: 0.23u 0.05s 105288e 901992kB
after extractMemories: 0.23u 0.05s 105288e 901992kB
before extractHolds: 0.23u 0.05s 105288e 901992kB
after extractHolds: 0.23u 0.05s 105288e 901992kB
before simplifyAdders: 0.23u 0.05s 105288e 901992kB
after simplifyAdders: 0.23u 0.05s 105288e 901992kB
before optimizeLessThan: 0.23u 0.05s 105288e 901992kB
after optimizeLessThan: 0.23u 0.05s 105288e 901992kB
before reportUnresolvedType: 0.23u 0.05s 105288e 901992kB
after reportUnresolvedType: 0.23u 0.05s 105288e 901992kB
before dumpingPerModuleScm : 0.23u 0.05s 105288e 901992kB
after dumpingPerModuleScm : 0.23u 0.05s 105288e 901992kB

Processing clockDelayPort_0000
before constantPropagate: 0.23u 0.05s 105288e 901992kB
after constantPropagate: 0.23u 0.05s 105288e 901992kB
before removeUnusedSignals circuit: 0.23u 0.05s 105288e 901992kB
after removeUnusedSignals circuit: 0.23u 0.05s 105288e 901992kB
before optimize latch enable: 0.23u 0.05s 105288e 901992kB
after optimize latch enable: 0.23u 0.05s 105288e 901992kB
before removeReadAfterMissingWrite: 0.23u 0.05s 105288e 901992kB
after removeReadAfterMissingWrite: 0.23u 0.05s 105288e 901992kB
before undoDimensionalSplitOfMemories: 0.24u 0.05s 105288e 901992kB
after undoDimensionalSplitOfMemories: 0.24u 0.05s 105288e 901992kB
before extractMemories: 0.24u 0.05s 105288e 901992kB
after extractMemories: 0.24u 0.05s 105288e 901992kB
before extractHolds: 0.24u 0.05s 105288e 901992kB
after extractHolds: 0.24u 0.05s 105288e 901992kB
before simplifyAdders: 0.24u 0.05s 105288e 901992kB
after simplifyAdders: 0.24u 0.05s 105288e 901992kB
before optimizeLessThan: 0.24u 0.05s 105288e 901992kB
after optimizeLessThan: 0.24u 0.05s 105288e 901992kB
before reportUnresolvedType: 0.24u 0.05s 105288e 901992kB
after reportUnresolvedType: 0.24u 0.05s 105288e 901992kB
before dumpingPerModuleScm : 0.24u 0.05s 105288e 901992kB
after dumpingPerModuleScm : 0.24u 0.05s 105288e 901992kB

Processing ZebuClockDetectFront_63
before constantPropagate: 0.24u 0.05s 105288e 901992kB
after constantPropagate: 0.24u 0.05s 105288e 901992kB
before removeUnusedSignals circuit: 0.24u 0.05s 105288e 901992kB
after removeUnusedSignals circuit: 0.24u 0.05s 105288e 901992kB
before optimize latch enable: 0.24u 0.05s 105288e 901992kB
after optimize latch enable: 0.24u 0.05s 105288e 901992kB
before removeReadAfterMissingWrite: 0.24u 0.05s 105288e 901992kB
after removeReadAfterMissingWrite: 0.24u 0.05s 105288e 901992kB
before undoDimensionalSplitOfMemories: 0.24u 0.05s 105288e 901992kB
after undoDimensionalSplitOfMemories: 0.24u 0.05s 105288e 901992kB
before extractMemories: 0.24u 0.05s 105288e 901992kB
after extractMemories: 0.24u 0.05s 105288e 901992kB
before extractHolds: 0.24u 0.05s 105288e 901992kB
after extractHolds: 0.24u 0.05s 105288e 901992kB
before simplifyAdders: 0.24u 0.05s 105288e 901992kB
after simplifyAdders: 0.24u 0.05s 105288e 901992kB
before optimizeLessThan: 0.24u 0.05s 105288e 901992kB
after optimizeLessThan: 0.24u 0.05s 105288e 901992kB
before reportUnresolvedType: 0.24u 0.05s 105288e 901992kB
after reportUnresolvedType: 0.24u 0.05s 105288e 901992kB
before dumpingPerModuleScm : 0.24u 0.05s 105288e 901992kB
after dumpingPerModuleScm : 0.24u 0.05s 105288e 901992kB
