
Note-[SM_PME] Processing Module/Entity
  Processing: cpu_top_safety_controller Parameterized Name: 
  cpu_top_safety_controller


Note-[SM_IIF] Instance Info
  Instance Count : module 'cpu_top_safety_controller' has 40 instances
  


Note-[SM_PME] Processing Module/Entity
  Processing: mss_bus_switch_dw32_slv Parameterized Name: 
  mss_bus_switch_dw32_slv


Note-[SM_IIF] Instance Info
  Instance Count : module 'mss_bus_switch_dw32_slv' has 19 instances
  


Note-[SM_PME] Processing Module/Entity
  Processing: mss_bus_switch_ibp2ibps Parameterized Name: 
  mss_bus_switch_ibp2ibps


Note-[SM_IIF] Instance Info
  Instance Count : module 'mss_bus_switch_ibp2ibps' has 3 instances
  


Note-[SM_PME] Processing Module/Entity
  Processing: mss_bus_switch_ibp_dw32_mst Parameterized Name: 
  mss_bus_switch_ibp_dw32_mst


Note-[SM_IIF] Instance Info
  Instance Count : module 'mss_bus_switch_ibp_dw32_mst' has 8 instances
  


Note-[SM_PME] Processing Module/Entity
  Processing: rl_exu Parameterized Name: rl_exu


Note-[SM_IIF] Instance Info
  Instance Count : module 'rl_exu' has 14 instances
  


Note-[SM_PME] Processing Module/Entity
  Processing: rl_dmp Parameterized Name: rl_dmp


Note-[SM_IIF] Instance Info
  Instance Count : module 'rl_dmp' has 9 instances
  


Warning-[SM_CLNM] Case Label Never Match
/remote/us01sgnfs00727/arc_fpga/moyanz/Ratter3/template/dw_dbp/zebu_ifx_mini_rattle_6649a592_20250509/build/verilog/RTL/rl_dmp.v, 735
  Case label "dmp_x1_nvm" would never match the condition


Note-[SM_PME] Processing Module/Entity
  Processing: rl_ifu_icache Parameterized Name: rl_ifu_icache


Note-[SM_IIF] Instance Info
  Instance Count : module 'rl_ifu_icache' has 10 instances
  


Note-[SM_PME] Processing Module/Entity
  Processing: alb_mss_fab_ibp_buffer_0000_0008 Parameterized Name: 
  alb_mss_fab_ibp_buffer_0000_0008


Note-[SM_IIF] Instance Info
  Instance Count : module 'alb_mss_fab_ibp_buffer_0000_0008' has 4 instances
  


Note-[SM_PME] Processing Module/Entity
  Processing: mss_bus_switch_ibpx2ibpy_0001 Parameterized Name: 
  mss_bus_switch_ibpx2ibpy_0001


Note-[SM_IIF] Instance Info
  Instance Count : module 'mss_bus_switch_ibpx2ibpy_0001' has 1 instances
  


Note-[SM_PME] Processing Module/Entity
  Processing: arcv_dm Parameterized Name: arcv_dm


Note-[SM_IIF] Instance Info
  Instance Count : module 'arcv_dm' has 3 instances
  


Note-[SM_PME] Processing Module/Entity
  Processing: rl_mpy Parameterized Name: rl_mpy


Note-[SM_IIF] Instance Info
  Instance Count : module 'rl_mpy' has 1 instances
  


Note-[SM_PME] Processing Module/Entity
  Processing: alb_mss_fab_single2ahbl Parameterized Name: 
  alb_mss_fab_single2ahbl


Note-[SM_IIF] Instance Info
  Instance Count : module 'alb_mss_fab_single2ahbl' has 3 instances
  


Note-[SM_REUNL] Removing unneeded latches
  Removing latches which are not needed :  i
  


Note-[SM_PME] Processing Module/Entity
  Processing: rl_debug Parameterized Name: rl_debug


Note-[SM_PME] Processing Module/Entity
  Processing: alb_mss_mem_fifo_0001 Parameterized Name: alb_mss_mem_fifo_0001


Note-[SM_PME] Processing Module/Entity
  Processing: alb_mss_fab_ibp_buffer_0000_0001 Parameterized Name: 
  alb_mss_fab_ibp_buffer_0000_0001


Note-[SM_IIF] Instance Info
  Instance Count : module 'alb_mss_fab_ibp_buffer_0000_0001' has 4 instances
  


Note-[SM_PME] Processing Module/Entity
  Processing: rl_dmp_lsq_fifo Parameterized Name: rl_dmp_lsq_fifo


Note-[SM_IIF] Instance Info
  Instance Count : module 'rl_dmp_lsq_fifo' has 2 instances
  


Note-[SM_PME] Processing Module/Entity
  Processing: rl_mmio_ahb2ibp Parameterized Name: rl_mmio_ahb2ibp


Note-[SM_IIF] Instance Info
  Instance Count : module 'rl_mmio_ahb2ibp' has 21 instances
  


Note-[SM_PME] Processing Module/Entity
  Processing: alb_mss_fab_bus_lat_0000 Parameterized Name: 
  alb_mss_fab_bus_lat_0000


Warning-[SM_CMP_XZ] Comparison to x/z with === is problematic in hardware
/remote/us01sgnfs00727/arc_fpga/moyanz/Ratter3/template/dw_dbp/zebu_ifx_mini_rattle_6649a592_20250509/build/verilog/alb_mss_fab_bus_lat.v, 174
  Hardware cannot implement an X detector. Expression: ((|i_busp_rdata) === 
  1'bx)
  In all cases (exp === 'x) will evaluate to 'false' for synthesis.
  


Warning-[SM_CMP_XZ] Comparison to x/z with === is problematic in hardware
/remote/us01sgnfs00727/arc_fpga/moyanz/Ratter3/template/dw_dbp/zebu_ifx_mini_rattle_6649a592_20250509/build/verilog/alb_mss_fab_bus_lat.v, 175
  Hardware cannot implement an X detector. Expression: ((|i_busp_rresp) === 
  1'bx)
  In all cases (exp === 'x) will evaluate to 'false' for synthesis.
  


Warning-[SM_CMP_XZ] Comparison to x/z with === is problematic in hardware
/remote/us01sgnfs00727/arc_fpga/moyanz/Ratter3/template/dw_dbp/zebu_ifx_mini_rattle_6649a592_20250509/build/verilog/alb_mss_fab_bus_lat.v, 176
  Hardware cannot implement an X detector. Expression: (i_busp_rlast === 1'bx)
  In all cases (exp === 'x) will evaluate to 'false' for synthesis.
  


Warning-[SM_CMP_XZ] Comparison to x/z with === is problematic in hardware
/remote/us01sgnfs00727/arc_fpga/moyanz/Ratter3/template/dw_dbp/zebu_ifx_mini_rattle_6649a592_20250509/build/verilog/alb_mss_fab_bus_lat.v, 177
  Hardware cannot implement an X detector. Expression: ((|i_busp_bresp) === 
  1'bx)
  In all cases (exp === 'x) will evaluate to 'false' for synthesis.
  


Note-[SM_PME] Processing Module/Entity
  Processing: alb_mss_fab_ibp2single_0000_0001 Parameterized Name: 
  alb_mss_fab_ibp2single_0000_0001


Note-[SM_IIF] Instance Info
  Instance Count : module 'alb_mss_fab_ibp2single_0000_0001' has 3 instances
  


Note-[SM_PME] Processing Module/Entity
  Processing: alb_mss_fab_ibp2single_0000_0000 Parameterized Name: 
  alb_mss_fab_ibp2single_0000_0000


Note-[SM_IIF] Instance Info
  Instance Count : module 'alb_mss_fab_ibp2single_0000_0000' has 3 instances
  


Note-[SM_PME] Processing Module/Entity
  Processing: alb_mss_fab_fifo_0002 Parameterized Name: alb_mss_fab_fifo_0002


Note-[SM_PME] Processing Module/Entity
  Processing: alb_mss_fab_ibp2apb_0000 Parameterized Name: 
  alb_mss_fab_ibp2apb_0000


Note-[SM_IIF] Instance Info
  Instance Count : module 'alb_mss_fab_ibp2apb_0000' has 1 instances
  


Note-[SM_PME] Processing Module/Entity
  Processing: ic_data_ram Parameterized Name: ic_data_ram


Note-[SM_IIF] Instance Info
  Instance Count : module 'ic_data_ram' has 1 instances
  


Note-[SM_PME] Processing Module/Entity
  Processing: rl_trap Parameterized Name: rl_trap


Note-[SM_PME] Processing Module/Entity
  <Message details suppressed due to encrypted design unit>


Note-[SM_PME] Processing Module/Entity
  Processing: mss_bus_switch_ibp2pack Parameterized Name: 
  mss_bus_switch_ibp2pack


Note-[SM_PME] Processing Module/Entity
  Processing: rl_ras_top Parameterized Name: rl_ras_top


Note-[SM_IIF] Instance Info
  Instance Count : module 'rl_ras_top' has 2 instances
  


Note-[SM_PME] Processing Module/Entity
  Processing: dwt_jtag_port Parameterized Name: dwt_jtag_port


Note-[SM_IIF] Instance Info
  Instance Count : module 'dwt_jtag_port' has 3 instances
  


Note-[SM_PME] Processing Module/Entity
  Processing: rl_sfty_mnt_err_aggr Parameterized Name: rl_sfty_mnt_err_aggr


Note-[SM_PME] Processing Module/Entity
  Processing: fpga_sram_0002 Parameterized Name: fpga_sram_0002


Note-[SM_PME] Processing Module/Entity
  Processing: ic_tag_ram Parameterized Name: ic_tag_ram


Note-[SM_IIF] Instance Info
  Instance Count : module 'ic_tag_ram' has 1 instances
  


Note-[SM_PME] Processing Module/Entity
  Processing: alb_mss_fab_fifo_0000_0006 Parameterized Name: 
  alb_mss_fab_fifo_0000_0006


Note-[SM_PME] Processing Module/Entity
  Processing: alb_mss_fab_fifo_0003 Parameterized Name: alb_mss_fab_fifo_0003


Note-[SM_PME] Processing Module/Entity
  Processing: alb_mss_fab_fifo_0002_0000 Parameterized Name: 
  alb_mss_fab_fifo_0002_0000


Note-[SM_PME] Processing Module/Entity
  Processing: alb_mss_fab_fifo_0000 Parameterized Name: alb_mss_fab_fifo_0000


Note-[SM_PME] Processing Module/Entity
  Processing: alb_mss_mem_bypbuf_0000 Parameterized Name: 
  alb_mss_mem_bypbuf_0000


Note-[SM_IIF] Instance Info
  Instance Count : module 'alb_mss_mem_bypbuf_0000' has 1 instances
  


Note-[SM_PME] Processing Module/Entity
  Processing: rl_dmp_ecc_store_aligner Parameterized Name: 
  rl_dmp_ecc_store_aligner


Note-[SM_PME] Processing Module/Entity
  Processing: alb_mss_mem_bypbuf_0000_0001 Parameterized Name: 
  alb_mss_mem_bypbuf_0000_0001


Note-[SM_IIF] Instance Info
  Instance Count : module 'alb_mss_mem_bypbuf_0000_0001' has 1 instances
  


Note-[SM_PME] Processing Module/Entity
  Processing: rl_sfty_csr Parameterized Name: rl_sfty_csr


Note-[SM_IIF] Instance Info
  Instance Count : module 'rl_sfty_csr' has 1 instances
  


Note-[SM_PME] Processing Module/Entity
  Processing: alb_mss_fab_fifo_0000_000A Parameterized Name: 
  alb_mss_fab_fifo_0000_000A


Note-[SM_PME] Processing Module/Entity
  Processing: alb_mss_fab_fifo_0000_0003 Parameterized Name: 
  alb_mss_fab_fifo_0000_0003


Note-[SM_PME] Processing Module/Entity
  Processing: ls_sfty_mnt_diag_ctrl Parameterized Name: ls_sfty_mnt_diag_ctrl


Note-[SM_PME] Processing Module/Entity
  Processing: rl_bitscan Parameterized Name: rl_bitscan


Note-[SM_IIF] Instance Info
  Instance Count : module 'rl_bitscan' has 2 instances
  


Note-[SM_PME] Processing Module/Entity
  Processing: zceiMessageInPort_150 Parameterized Name: zceiMessageInPort_150


Note-[SM_PME] Processing Module/Entity
  Processing: ls_sfty_mnt_diag_ctrl_0000 Parameterized Name: 
  ls_sfty_mnt_diag_ctrl_0000


Note-[SM_PME] Processing Module/Entity
  Processing: rl_halt_mgr Parameterized Name: rl_halt_mgr


Note-[SM_PME] Processing Module/Entity
  Processing: ic_data_ecc_decoder Parameterized Name: ic_data_ecc_decoder


Note-[SM_PME] Processing Module/Entity
  Processing: alb_mss_fab_fifo_0001_0007 Parameterized Name: 
  alb_mss_fab_fifo_0001_0007


Note-[SM_PME] Processing Module/Entity
  Processing: io_pad_ring Parameterized Name: io_pad_ring


Note-[SM_PME] Processing Module/Entity
  Processing: ls_compare_unit_0008 Parameterized Name: ls_compare_unit_0008


Note-[SM_IIF] Instance Info
  Instance Count : module 'ls_compare_unit_0008' has 1 instances
  


Note-[SM_PME] Processing Module/Entity
  <Message details suppressed due to encrypted design unit>


Note-[SM_IIF] Instance Info
  <Message details suppressed due to encrypted design unit>


Note-[SM_PME] Processing Module/Entity
  Processing: rl_dmp_dccm_ecc_encoder Parameterized Name: 
  rl_dmp_dccm_ecc_encoder


Note-[SM_PME] Processing Module/Entity
  Processing: zebu_bb_add_zview Parameterized Name: zebu_bb_add_zview


Note-[SM_PME] Processing Module/Entity
  Processing: zebu_bb_ts_cur_time Parameterized Name: zebu_bb_ts_cur_time


Note-[SM_PME] Processing Module/Entity
  Processing: ic_data_ecc_encoder Parameterized Name: ic_data_ecc_encoder


Note-[SM_PME] Processing Module/Entity
  Processing: rl_reset_ctrl Parameterized Name: rl_reset_ctrl


Note-[SM_IIF] Instance Info
  Instance Count : module 'rl_reset_ctrl' has 7 instances
  


Note-[SM_FNL] Fast netlist optimization
  Using fast processing since this is a simple netlist
  


Note-[SM_PME] Processing Module/Entity
  Processing: rl_parity_chk_0002 Parameterized Name: rl_parity_chk_0002


Note-[SM_PME] Processing Module/Entity
  Processing: rl_parity_chk_0002_0002 Parameterized Name: 
  rl_parity_chk_0002_0002


Note-[SM_PME] Processing Module/Entity
  Processing: rl_parity_chk_0000 Parameterized Name: rl_parity_chk_0000


Note-[SM_PME] Processing Module/Entity
  Processing: ls_compare_unit_0003 Parameterized Name: ls_compare_unit_0003


Note-[SM_IIF] Instance Info
  Instance Count : module 'ls_compare_unit_0003' has 1 instances
  


Note-[SM_PME] Processing Module/Entity
  Processing: rl_parity_gen_0001 Parameterized Name: rl_parity_gen_0001


Note-[SM_PME] Processing Module/Entity
  Processing: UC_VLOG_LIB.zceiMessageInPort Parameterized Name: 
  zceiMessageInPort


Note-[SM_EMPTY_DU] Marking empty Module/Entity as blackbox
/remote/sdgregrsnapshot2/NB/linux64_VCS2021.09.2.ZEBU.B4.1/radify-src/unizfe/verilog/zceiMessageInPort.v, 2
  Module/Entity 'zceiMessageInPort' is marked as a blackbox because it is 
  empty


Note-[SM_PME] Processing Module/Entity
  Processing: rl_cpu_misc_synch Parameterized Name: rl_cpu_misc_synch


Note-[SM_IIF] Instance Info
  Instance Count : module 'rl_cpu_misc_synch' has 5 instances
  


Note-[SM_FNL] Fast netlist optimization
  Using fast processing since this is a simple netlist
  


Note-[SM_PME] Processing Module/Entity
  Processing: alb_mss_fab_fifo_0001_0008 Parameterized Name: 
  alb_mss_fab_fifo_0001_0008


Note-[SM_PME] Processing Module/Entity
  Processing: alb_mss_clkctrl_clken_gen Parameterized Name: 
  alb_mss_clkctrl_clken_gen


Note-[SM_PME] Processing Module/Entity
  Processing: single_bit_syncP Parameterized Name: single_bit_syncP


Note-[SM_IIF] Instance Info
  Instance Count : module 'single_bit_syncP' has 1 instances
  


Note-[SM_PME] Processing Module/Entity
  Processing: DWbb_bcm21_atv_0001 Parameterized Name: DWbb_bcm21_atv_0001


Note-[SM_IIF] Instance Info
  Instance Count : module 'DWbb_bcm21_atv_0001' has 3 instances
  


Note-[SM_PME] Processing Module/Entity
  Processing: odd_pty_qual_di_dec_wrap_0000_0001 Parameterized Name: 
  odd_pty_qual_di_dec_wrap_0000_0001


Note-[SM_IIF] Instance Info
  Instance Count : module 'odd_pty_qual_di_dec_wrap_0000_0001' has 3 instances
  


Note-[SM_PME] Processing Module/Entity
  Processing: simple_parity_0000 Parameterized Name: simple_parity_0000


Note-[SM_PME] Processing Module/Entity
  Processing: sr_err_aggr_0000_0002 Parameterized Name: sr_err_aggr_0000_0002


Note-[SM_PME] Processing Module/Entity
  Processing: ls_multi_bit_comparator_0003 Parameterized Name: 
  ls_multi_bit_comparator_0003


Note-[SM_PME] Processing Module/Entity
  Processing: zebu_bb_sample_clk_uncond_sample_5_1 Parameterized Name: 
  zebu_bb_sample_clk_uncond_sample_5_1


Note-[SM_PME] Processing Module/Entity
  Processing: ZebuClockDetectFront_57 Parameterized Name: 
  ZebuClockDetectFront_57


Note-[SM_IIF] Instance Info
  Instance Count : module 'ZebuClockDetectFront_57' has 1 instances
  


Note-[SM_PME] Processing Module/Entity
  Processing: ZebuClockDetectFront_65 Parameterized Name: 
  ZebuClockDetectFront_65


Note-[SM_IIF] Instance Info
  Instance Count : module 'ZebuClockDetectFront_65' has 1 instances
  


Note-[SM_PME] Processing Module/Entity
  Processing: ZebuClockDetectFront_14 Parameterized Name: 
  ZebuClockDetectFront_14


Note-[SM_IIF] Instance Info
  Instance Count : module 'ZebuClockDetectFront_14' has 1 instances
  


Note-[SM_PME] Processing Module/Entity
  Processing: ZebuClockDetectFront_23 Parameterized Name: 
  ZebuClockDetectFront_23


Note-[SM_IIF] Instance Info
  Instance Count : module 'ZebuClockDetectFront_23' has 1 instances
  


Note-[SM_PME] Processing Module/Entity
  Processing: ZebuClockDetectFront_33 Parameterized Name: 
  ZebuClockDetectFront_33


Note-[SM_IIF] Instance Info
  Instance Count : module 'ZebuClockDetectFront_33' has 1 instances
  


Note-[SM_PME] Processing Module/Entity
  Processing: ZebuClockDetectFront_39 Parameterized Name: 
  ZebuClockDetectFront_39


Note-[SM_IIF] Instance Info
  Instance Count : module 'ZebuClockDetectFront_39' has 1 instances
  


Note-[SM_PME] Processing Module/Entity
  Processing: ZebuClockDetectFront_49 Parameterized Name: 
  ZebuClockDetectFront_49


Note-[SM_IIF] Instance Info
  Instance Count : module 'ZebuClockDetectFront_49' has 1 instances
  


Note-[SM_PME] Processing Module/Entity
  Processing: ZebuClockDetectFront_54 Parameterized Name: 
  ZebuClockDetectFront_54


Note-[SM_IIF] Instance Info
  Instance Count : module 'ZebuClockDetectFront_54' has 1 instances
  


Note-[SM_PME] Processing Module/Entity
  Processing: ZebuClockDetectFront_44 Parameterized Name: 
  ZebuClockDetectFront_44


Note-[SM_IIF] Instance Info
  Instance Count : module 'ZebuClockDetectFront_44' has 1 instances
  


Note-[SM_PME] Processing Module/Entity
  Processing: ZebuClockDetectFront_1 Parameterized Name: 
  ZebuClockDetectFront_1


Note-[SM_IIF] Instance Info
  Instance Count : module 'ZebuClockDetectFront_1' has 1 instances
  


Note-[SM_PME] Processing Module/Entity
  Processing: ZebuClockDetectFront_5 Parameterized Name: 
  ZebuClockDetectFront_5


Note-[SM_IIF] Instance Info
  Instance Count : module 'ZebuClockDetectFront_5' has 1 instances
  


Note-[SM_PME] Processing Module/Entity
  Processing: odd_pty_enc_0001 Parameterized Name: odd_pty_enc_0001


Note-[SM_PME] Processing Module/Entity
  Processing: odd_pty_dec_0003 Parameterized Name: odd_pty_dec_0003


Note-[SM_PME] Processing Module/Entity
  Processing: zebu_bb_sample_clk_uncond_7_1 Parameterized Name: 
  zebu_bb_sample_clk_uncond_7_1


Note-[SM_PME] Processing Module/Entity
  Processing: dw_dbp_stubs Parameterized Name: dw_dbp_stubs


Note-[SM_FNL] Fast netlist optimization
  Using fast processing since this is a simple netlist
  


Note-[SM_PME] Processing Module/Entity
  Processing: zebu_bb_front_ed_clk_edge_P_1_U_1 Parameterized Name: 
  zebu_bb_front_ed_clk_edge_P_1_U_1


Note-[SM_PME] Processing Module/Entity
  Processing: ls_cdc_sync Parameterized Name: ls_cdc_sync


Note-[SM_IIF] Instance Info
  Instance Count : module 'ls_cdc_sync' has 1 instances
  


Note-[SM_FNL] Fast netlist optimization
  Using fast processing since this is a simple netlist
  


Note-[SM_PME] Processing Module/Entity
  Processing: odd_pty_dec Parameterized Name: odd_pty_dec


Note-[SM_PME] Processing Module/Entity
  Processing: zceiMessageOutPort_3 Parameterized Name: zceiMessageOutPort_3


Note-[SM_PME] Processing Module/Entity
  Processing: zceiMessageInPort_1 Parameterized Name: zceiMessageInPort_1


Note-[SM_PME] Processing Module/Entity
  Processing: zebu_bb_dpi_mcp_fake_edge_detector_2 Parameterized Name: 
  zebu_bb_dpi_mcp_fake_edge_detector_2


Note-[SM_PME] Processing Module/Entity
  Processing: eVe_initial Parameterized Name: eVe_initial


Note-[SM_PME] Processing Module/Entity
  Processing: zebu_bb_stop_driver_clock_2 Parameterized Name: 
  zebu_bb_stop_driver_clock_2


Note-[SM_CHLDRUN_DONE] Child process run completed
  Child process number '7' with process id '2250056'
  is done with synthesis of total '95' modules
  SIMON Child CPU Time        : 1.78 sec
  SIMON Child Wall-Clock Time : 1.84 sec
  SIMON Child Current Memory  : 863 MB
  SIMON Child Peak Memory     : 863 MB
  SIMON Distribution          : 0.58,0.13,0.07,0.00 sec
  End time                    : Tue May 13 18:28:49 2025
  .


Note-[SM_POME] Processing Module/Entity
  Performing post-processing optimizations on Module/Entity: 
  alb_mss_fab_fifo_0001_0001


Note-[SM_POME] Processing Module/Entity
  Performing post-processing optimizations on Module/Entity: 
  alb_mss_fab_fifo_0001_0003


Note-[SM_POME] Processing Module/Entity
  Performing post-processing optimizations on Module/Entity: 
  alb_mss_fab_fifo_0000_0005


Note-[SM_POME] Processing Module/Entity
  Performing post-processing optimizations on Module/Entity: 
  alb_mss_fab_fifo_0001_0005


Note-[SM_POME] Processing Module/Entity
  Performing post-processing optimizations on Module/Entity: 
  alb_mss_fab_fifo_0001_0007


Note-[SM_POME] Processing Module/Entity
  Performing post-processing optimizations on Module/Entity: 
  alb_mss_fab_bus_lat_0000_0000


Note-[SM_POME] Processing Module/Entity
  Performing post-processing optimizations on Module/Entity: 
  mss_bus_switch_ibpx2ibpy_0000


Note-[SM_POME] Processing Module/Entity
  Performing post-processing optimizations on Module/Entity: 
  mss_bus_switch_fifo_0000_0004


Note-[SM_POME] Processing Module/Entity
  Performing post-processing optimizations on Module/Entity: 
  mss_bus_switch_pack2ibp


Note-[SM_POME] Processing Module/Entity
  Performing post-processing optimizations on Module/Entity: 
  mss_bus_switch_rrobin


Note-[SM_POME] Processing Module/Entity
  Performing post-processing optimizations on Module/Entity: 
  mss_bus_switch_ibp2single_0000_0000


Note-[SM_POME] Processing Module/Entity
  Performing post-processing optimizations on Module/Entity: 
  mss_bus_switch_mst_ibp_buffer_0000_0000


Note-[SM_POME] Processing Module/Entity
  Performing post-processing optimizations on Module/Entity: 
  alb_mss_fab_ibp2pack_0002


Note-[SM_POME] Processing Module/Entity
  Performing post-processing optimizations on Module/Entity: 
  alb_mss_fab_fifo_0000_0010


Note-[SM_POME] Processing Module/Entity
  Performing post-processing optimizations on Module/Entity: 
  alb_mss_fab_fifo_0004


Note-[SM_POME] Processing Module/Entity
  Performing post-processing optimizations on Module/Entity: 
  alb_mss_fab_fifo_0008


Note-[SM_POME] Processing Module/Entity
  Performing post-processing optimizations on Module/Entity: alb_mss_fab


Note-[SM_POME] Processing Module/Entity
  Performing post-processing optimizations on Module/Entity: 
  alb_mss_mem_bypbuf_0000


Note-[SM_POME] Processing Module/Entity
  Performing post-processing optimizations on Module/Entity: 
  alb_mss_mem_ibp2pack


Note-[SM_POME] Processing Module/Entity
  Performing post-processing optimizations on Module/Entity: 
  alb_mss_mem_bypbuf_0000_0001


Note-[SM_POME] Processing Module/Entity
  Performing post-processing optimizations on Module/Entity: 
  alb_mss_mem_fifo_0003_0000


Note-[SM_POME] Processing Module/Entity
  Performing post-processing optimizations on Module/Entity: alb_mss_mem_ctrl


Note-[SM_POME] Processing Module/Entity
  Performing post-processing optimizations on Module/Entity: 
  ZebuClockDetectFront_38


Note-[SM_POME] Processing Module/Entity
  Performing post-processing optimizations on Module/Entity: 
  ZebuClockDetectFront_45


Note-[SM_POME] Processing Module/Entity
  Performing post-processing optimizations on Module/Entity: 
  ZebuClockDetectFront_48


Note-[SM_POME] Processing Module/Entity
  Performing post-processing optimizations on Module/Entity: 
  ZebuClockDetectFront_54


Note-[SM_POME] Processing Module/Entity
  Performing post-processing optimizations on Module/Entity: 
  ZebuClockDetectFront_9


Note-[SM_POME] Processing Module/Entity
  Performing post-processing optimizations on Module/Entity: 
  ZebuClockDetectFront_12


Note-[SM_POME] Processing Module/Entity
  Performing post-processing optimizations on Module/Entity: 
  ZebuClockDetectFront_14


Note-[SM_POME] Processing Module/Entity
  Performing post-processing optimizations on Module/Entity: 
  ZebuClockDetectFront_20


Note-[SM_POME] Processing Module/Entity
  Performing post-processing optimizations on Module/Entity: 
  ZebuClockDetectFront_27


Note-[SM_POME] Processing Module/Entity
  <Message details suppressed due to encrypted design unit>


Note-[SM_POME] Processing Module/Entity
  Performing post-processing optimizations on Module/Entity: arcv_dm_top


Note-[SM_POME] Processing Module/Entity
  Performing post-processing optimizations on Module/Entity: apb_master_ap0


Note-[SM_POME] Processing Module/Entity
  Performing post-processing optimizations on Module/Entity: 
  rl_reset_ctrl_synch


Note-[SM_POME] Processing Module/Entity
  Performing post-processing optimizations on Module/Entity: arcv_wdt_synch


Note-[SM_POME] Processing Module/Entity
  Performing post-processing optimizations on Module/Entity: 
  ls_multi_bit_comparator_0001


Note-[SM_POME] Processing Module/Entity
  Performing post-processing optimizations on Module/Entity: 
  ls_compare_unit_0009


Note-[SM_POME] Processing Module/Entity
  Performing post-processing optimizations on Module/Entity: 
  ls_compare_unit_000E


Note-[SM_POME] Processing Module/Entity
  Performing post-processing optimizations on Module/Entity: rl_reset_ctrl


Note-[SM_POME] Processing Module/Entity
  Performing post-processing optimizations on Module/Entity: 
  ZebuClockDetectFront_5


Note-[SM_POME] Processing Module/Entity
  Performing post-processing optimizations on Module/Entity: rl_dmp_amo


Note-[SM_POME] Processing Module/Entity
  Performing post-processing optimizations on Module/Entity: rl_ifu_icache


Note-[SM_POME] Processing Module/Entity
  Performing post-processing optimizations on Module/Entity: rl_byte_unit


Note-[SM_POME] Processing Module/Entity
  Performing post-processing optimizations on Module/Entity: rl_wtree_comp302


Note-[SM_POME] Processing Module/Entity
  Performing post-processing optimizations on Module/Entity: rl_mpy


Note-[SM_POME] Processing Module/Entity
  Performing post-processing optimizations on Module/Entity: rl_debug


Note-[SM_POME] Processing Module/Entity
  Performing post-processing optimizations on Module/Entity: 
  rl_dmp_dccm_ecc_encoder


Note-[SM_POME] Processing Module/Entity
  Performing post-processing optimizations on Module/Entity: rl_dmp_dccm


Note-[SM_POME] Processing Module/Entity
  Performing post-processing optimizations on Module/Entity: rl_pmp_hit


Note-[SM_POME] Processing Module/Entity
  Performing post-processing optimizations on Module/Entity: rl_pma_hit


Note-[SM_POME] Processing Module/Entity
  Performing post-processing optimizations on Module/Entity: rl_pma


Note-[SM_POME] Processing Module/Entity
  Performing post-processing optimizations on Module/Entity: odd_pty_dec


Note-[SM_POME] Processing Module/Entity
  Performing post-processing optimizations on Module/Entity: 
  odd_pty_qual_dec_wrap_0000_0000


Note-[SM_POME] Processing Module/Entity
  Performing post-processing optimizations on Module/Entity: 
  rl_parity_gen_0000


Note-[SM_POME] Processing Module/Entity
  Performing post-processing optimizations on Module/Entity: 
  rl_parity_chk_0000


Note-[SM_POME] Processing Module/Entity
  Performing post-processing optimizations on Module/Entity: 
  rl_parity_chk_0002_0002


Note-[SM_POME] Processing Module/Entity
  Performing post-processing optimizations on Module/Entity: 
  sr_err_aggr_0000_0002


Note-[SM_POME] Processing Module/Entity
  Performing post-processing optimizations on Module/Entity: 
  sfty_dmsi_down_tgt_e2e_wrap_0000


Note-[SM_POME] Processing Module/Entity
  Performing post-processing optimizations on Module/Entity: 
  arcv_wd_parity_0000


Note-[SM_POME] Processing Module/Entity
  Performing post-processing optimizations on Module/Entity: 
  sr_err_aggr_0000_0003


Note-[SM_POME] Processing Module/Entity
  Performing post-processing optimizations on Module/Entity: 
  odd_pty_qual_di_dec_wrap_0000_0001


Note-[SM_POME] Processing Module/Entity
  Performing post-processing optimizations on Module/Entity: 
  cpu_safety_monitor


Note-[SM_POME] Processing Module/Entity
  Performing post-processing optimizations on Module/Entity: dccm_ram


Note-[SM_POME] Processing Module/Entity
  Performing post-processing optimizations on Module/Entity: 
  clockDelayPort_0000


Note-[SM_POME] Processing Module/Entity
  Performing post-processing optimizations on Module/Entity: 
  ZebuClockDetectFront_63


Note-[SM_CHLDRUN_DONE] Child process run completed
  Child process number '7' with process id '2250085'
  is done with post-processing optimizations of total '66' modules
  SIMON Child CPU Time        : 0.32 sec
  SIMON Child Wall-Clock Time : 1.46 sec
  SIMON Child Current Memory  : 880 MB
  SIMON Child Peak Memory     : 880 MB
  SIMON Distribution          : 0.00,0.00,0.00,0.02 sec
  End time                    : Tue May 13 18:28:52 2025
  .

