################################################################################
# Fanout Report for memory: zz_Encrypt_9_ZMEM_0
################################################################################


#  GENERAL STATISTICS:  ########################################################
# Number of Wires driving pure clock fanout:                                   3
# Number of Wires driving pure data  fanout:                                3223
# Number of Wires driving both clock and data fanout:                          0
# Number of Wires without any load:                                          613

###########################################################  FANOUT HISTOGRAM:  
# Number of wires whose fanout is in [     1,       1] :                 3147
# Number of wires whose fanout is in [     2,       3] :                   15
# Number of wires whose fanout is in [     4,       7] :                    4
# Number of wires whose fanout is in [     8,      15] :                    1
# Number of wires whose fanout is in [    16,      31] :                   15
# Number of wires whose fanout is in [    32,      63] :                   39
# Number of wires whose fanout is in [    64,     127] :                    1
# Number of wires whose fanout is in [   128,     255] :                    0
# Number of wires whose fanout is in [   256,     511] :                    1
# Number of wires whose fanout is in [   512,    1023] :                    3
# Number of wires whose fanout is in [  1024,    2047] :                    0
# Number of wires whose fanout is in [  2048,    4095] :                    0
# Number of wires whose fanout is in [  4096,    8191] :                    0
# Number of wires whose fanout is in [  8192,   16383] :                    0
# Number of wires whose fanout is in [ 16384,   32767] :                    0
# Number of wires whose fanout is in [ 32768,   65535] :                    0
# Number of wires whose fanout is in [ 65536,  131071] :                    0
# Number of wires whose fanout is in [131072,  262143] :                    0
# Number of wires whose fanout is in [262144,  524287] :                    0
# Number of wires whose fanout is in [524288, 1048575] :                    0

##########################################################  FANOUT TOP SCORES:  
# Displaying all the wires whose fanout is greater than 128.
#     937  #  zz_Encrypt_9_ZMEM_0.zz_Encrypt_9_ZMEM_0_add_gnd                   #
#     646  #  zz_Encrypt_9_ZMEM_0.wire_sysFreq                                  #
#     637  #  zz_Encrypt_9_ZMEM_0.w0clk_reg_in                                  #
#     394  #  zz_Encrypt_9_ZMEM_0.memory_base.zz_Encrypt_9_ZMEM_0_base_add_gnd  #

