7 0 0
25 0 0
30 1 264
36 0 2508
57 0 0
63 0 0
68 0 0
76 0 0
77 0 0
82 0 132
91 0 0
96 0 1584
107 0 0
111 0 0
116 0 396
125 0 0
133 0 0
141 0 0
142 0 0
144 0 0
151 0 0
164 0 0
171 0 0
172 0 0
182 0 132
185 0 0
189 0 0
193 0 132
199 0 0
206 1 0
208 0 396
213 0 0
218 0 660
225 0 0
228 0 0
234 0 0
239 0 264
246 0 0
252 0 0
254 0 132
263 0 0
266 0 0
270 0 396
279 0 0
282 0 660
294 0 132
305 0 0
317 0 0
319 0 0
322 0 0
324 0 0
334 0 0
340 0 0
343 0 0
349 0 0
380 0 0
382 0 132
398 0 0
402 0 0
410 0 0
415 0 0
417 0 0
427 0 0
435 0 0
439 0 0
442 0 0
447 0 0
452 0 0
458 0 132
463 0 0
470 0 0
477 0 0
484 0 0
488 0 0
491 0 0
500 0 0
510 0 132
518 0 0
522 0 0
526 0 0
531 0 0
-1 0 284
-4 0 0
