
Processing alb_mss_fab_fifo_0001_0000
before constantPropagate: 0.01u 0.01s 104920e 901992kB
after constantPropagate: 0.01u 0.01s 104920e 901992kB
before removeUnusedSignals circuit: 0.01u 0.01s 104920e 901992kB
after removeUnusedSignals circuit: 0.01u 0.01s 104920e 901992kB
before optimize latch enable: 0.01u 0.01s 104920e 901992kB
after optimize latch enable: 0.01u 0.01s 104920e 901992kB
before removeReadAfterMissingWrite: 0.01u 0.01s 104920e 901992kB
after removeReadAfterMissingWrite: 0.01u 0.01s 104920e 901992kB
before undoDimensionalSplitOfMemories: 0.01u 0.01s 104920e 901992kB
after undoDimensionalSplitOfMemories: 0.01u 0.01s 104920e 901992kB
before extractMemories: 0.01u 0.01s 104920e 901992kB
after extractMemories: 0.01u 0.01s 104920e 901992kB
before extractHolds: 0.01u 0.01s 104920e 901992kB
after extractHolds: 0.01u 0.01s 104920e 901992kB
before simplifyAdders: 0.01u 0.01s 104920e 901992kB
after simplifyAdders: 0.01u 0.01s 104920e 901992kB
before optimizeLessThan: 0.01u 0.01s 104920e 901992kB
after optimizeLessThan: 0.01u 0.01s 104920e 901992kB
before reportUnresolvedType: 0.01u 0.01s 104920e 901992kB
after reportUnresolvedType: 0.01u 0.01s 104920e 901992kB
before dumpingPerModuleScm : 0.01u 0.01s 104920e 901992kB
after dumpingPerModuleScm : 0.01u 0.01s 104920e 901992kB

Processing alb_mss_fab_fifo_0001_0004
before constantPropagate: 0.01u 0.01s 104920e 901992kB
after constantPropagate: 0.01u 0.01s 104920e 901992kB
before removeUnusedSignals circuit: 0.01u 0.01s 104920e 901992kB
after removeUnusedSignals circuit: 0.01u 0.01s 104920e 901992kB
before optimize latch enable: 0.01u 0.01s 104920e 901992kB
after optimize latch enable: 0.01u 0.01s 104920e 901992kB
before removeReadAfterMissingWrite: 0.01u 0.01s 104920e 901992kB
after removeReadAfterMissingWrite: 0.01u 0.01s 104920e 901992kB
before undoDimensionalSplitOfMemories: 0.01u 0.01s 104920e 901992kB
after undoDimensionalSplitOfMemories: 0.01u 0.01s 104920e 901992kB
before extractMemories: 0.01u 0.01s 104920e 901992kB
after extractMemories: 0.01u 0.01s 104920e 901992kB
before extractHolds: 0.01u 0.01s 104920e 901992kB
after extractHolds: 0.01u 0.01s 104920e 901992kB
before simplifyAdders: 0.01u 0.01s 104920e 901992kB
after simplifyAdders: 0.01u 0.01s 104920e 901992kB
before optimizeLessThan: 0.01u 0.01s 104920e 901992kB
after optimizeLessThan: 0.01u 0.01s 104920e 901992kB
before reportUnresolvedType: 0.01u 0.01s 104920e 901992kB
after reportUnresolvedType: 0.01u 0.01s 104920e 901992kB
before dumpingPerModuleScm : 0.01u 0.01s 104920e 901992kB
after dumpingPerModuleScm : 0.01u 0.01s 104920e 901992kB

Processing alb_mss_fab_ibp_buffer_0000
before constantPropagate: 0.01u 0.01s 104920e 901992kB
after constantPropagate: 0.01u 0.01s 104920e 901992kB
before removeUnusedSignals circuit: 0.01u 0.01s 104920e 901992kB
after removeUnusedSignals circuit: 0.01u 0.01s 104920e 901992kB
before optimize latch enable: 0.01u 0.01s 104920e 901992kB
after optimize latch enable: 0.01u 0.01s 104920e 901992kB
before removeReadAfterMissingWrite: 0.01u 0.01s 104920e 901992kB
after removeReadAfterMissingWrite: 0.01u 0.01s 104920e 901992kB
before undoDimensionalSplitOfMemories: 0.01u 0.01s 104920e 901992kB
after undoDimensionalSplitOfMemories: 0.01u 0.01s 104920e 901992kB
before extractMemories: 0.01u 0.01s 104920e 901992kB
after extractMemories: 0.01u 0.01s 104920e 901992kB
before extractHolds: 0.01u 0.01s 104920e 901992kB
after extractHolds: 0.01u 0.01s 104920e 901992kB
before simplifyAdders: 0.01u 0.01s 104920e 901992kB
after simplifyAdders: 0.01u 0.01s 104920e 901992kB
before optimizeLessThan: 0.01u 0.01s 104920e 901992kB
after optimizeLessThan: 0.01u 0.01s 104920e 901992kB
before reportUnresolvedType: 0.01u 0.01s 104920e 901992kB
after reportUnresolvedType: 0.01u 0.01s 104920e 901992kB
before dumpingPerModuleScm : 0.01u 0.01s 104920e 901992kB
after dumpingPerModuleScm : 0.01u 0.01s 104920e 901992kB

Processing alb_mss_fab_fifo_0001_0006
before constantPropagate: 0.01u 0.01s 104920e 901992kB
after constantPropagate: 0.01u 0.01s 104920e 901992kB
before removeUnusedSignals circuit: 0.01u 0.01s 104920e 901992kB
after removeUnusedSignals circuit: 0.01u 0.01s 104920e 901992kB
before optimize latch enable: 0.01u 0.01s 104920e 901992kB
after optimize latch enable: 0.01u 0.01s 104920e 901992kB
before removeReadAfterMissingWrite: 0.01u 0.01s 104920e 901992kB
after removeReadAfterMissingWrite: 0.01u 0.01s 104920e 901992kB
before undoDimensionalSplitOfMemories: 0.01u 0.01s 104920e 901992kB
after undoDimensionalSplitOfMemories: 0.01u 0.01s 104920e 901992kB
before extractMemories: 0.01u 0.01s 104920e 901992kB
after extractMemories: 0.01u 0.01s 104920e 901992kB
before extractHolds: 0.01u 0.01s 104920e 901992kB
after extractHolds: 0.01u 0.01s 104920e 901992kB
before simplifyAdders: 0.01u 0.01s 104920e 901992kB
after simplifyAdders: 0.01u 0.01s 104920e 901992kB
before optimizeLessThan: 0.01u 0.01s 104920e 901992kB
after optimizeLessThan: 0.01u 0.01s 104920e 901992kB
before reportUnresolvedType: 0.01u 0.01s 104920e 901992kB
after reportUnresolvedType: 0.01u 0.01s 104920e 901992kB
before dumpingPerModuleScm : 0.01u 0.01s 104920e 901992kB
after dumpingPerModuleScm : 0.01u 0.01s 104920e 901992kB

Processing alb_mss_fab_pack2ibp_0000
before constantPropagate: 0.01u 0.02s 104920e 901992kB
after constantPropagate: 0.01u 0.02s 104920e 901992kB
before removeUnusedSignals circuit: 0.01u 0.02s 104920e 901992kB
after removeUnusedSignals circuit: 0.01u 0.02s 104920e 901992kB
before optimize latch enable: 0.01u 0.02s 104920e 901992kB
after optimize latch enable: 0.01u 0.02s 104920e 901992kB
before removeReadAfterMissingWrite: 0.01u 0.02s 104920e 901992kB
after removeReadAfterMissingWrite: 0.01u 0.02s 104920e 901992kB
before undoDimensionalSplitOfMemories: 0.01u 0.02s 104920e 901992kB
after undoDimensionalSplitOfMemories: 0.01u 0.02s 104920e 901992kB
before extractMemories: 0.01u 0.02s 104920e 901992kB
after extractMemories: 0.01u 0.02s 104920e 901992kB
before extractHolds: 0.01u 0.02s 104920e 901992kB
after extractHolds: 0.01u 0.02s 104920e 901992kB
before simplifyAdders: 0.01u 0.02s 104920e 901992kB
after simplifyAdders: 0.01u 0.02s 104920e 901992kB
before optimizeLessThan: 0.01u 0.02s 104920e 901992kB
after optimizeLessThan: 0.01u 0.02s 104920e 901992kB
before reportUnresolvedType: 0.01u 0.02s 104920e 901992kB
after reportUnresolvedType: 0.01u 0.02s 104920e 901992kB
before dumpingPerModuleScm : 0.01u 0.02s 104920e 901992kB
after dumpingPerModuleScm : 0.01u 0.02s 104920e 901992kB

Processing mss_bus_switch_fifo_0000_0001
before constantPropagate: 0.01u 0.02s 104920e 901992kB
after constantPropagate: 0.01u 0.02s 104920e 901992kB
before removeUnusedSignals circuit: 0.01u 0.02s 104920e 901992kB
after removeUnusedSignals circuit: 0.01u 0.02s 104920e 901992kB
before optimize latch enable: 0.01u 0.02s 104920e 901992kB
after optimize latch enable: 0.01u 0.02s 104920e 901992kB
before removeReadAfterMissingWrite: 0.01u 0.02s 104920e 901992kB
after removeReadAfterMissingWrite: 0.01u 0.02s 104920e 901992kB
before undoDimensionalSplitOfMemories: 0.01u 0.02s 104920e 901992kB
after undoDimensionalSplitOfMemories: 0.01u 0.02s 104920e 901992kB
before extractMemories: 0.01u 0.02s 104920e 901992kB
after extractMemories: 0.01u 0.02s 104920e 901992kB
before extractHolds: 0.01u 0.02s 104920e 901992kB
after extractHolds: 0.01u 0.02s 104920e 901992kB
before simplifyAdders: 0.01u 0.02s 104920e 901992kB
after simplifyAdders: 0.01u 0.02s 104920e 901992kB
before optimizeLessThan: 0.01u 0.02s 104920e 901992kB
after optimizeLessThan: 0.01u 0.02s 104920e 901992kB
before reportUnresolvedType: 0.01u 0.02s 104920e 901992kB
after reportUnresolvedType: 0.01u 0.02s 104920e 901992kB
before dumpingPerModuleScm : 0.01u 0.02s 104920e 901992kB
after dumpingPerModuleScm : 0.01u 0.02s 104920e 901992kB

Processing mss_bus_switch_ibp_cwbind_0000
before constantPropagate: 0.02u 0.02s 104920e 901992kB
after constantPropagate: 0.02u 0.02s 104920e 901992kB
before removeUnusedSignals circuit: 0.02u 0.02s 104920e 901992kB
after removeUnusedSignals circuit: 0.02u 0.02s 104920e 901992kB
before optimize latch enable: 0.02u 0.02s 104920e 901992kB
after optimize latch enable: 0.02u 0.02s 104920e 901992kB
before removeReadAfterMissingWrite: 0.02u 0.02s 104920e 901992kB
after removeReadAfterMissingWrite: 0.02u 0.02s 104920e 901992kB
before undoDimensionalSplitOfMemories: 0.02u 0.02s 104920e 901992kB
after undoDimensionalSplitOfMemories: 0.02u 0.02s 104920e 901992kB
before extractMemories: 0.02u 0.02s 104920e 901992kB
after extractMemories: 0.02u 0.02s 104920e 901992kB
before extractHolds: 0.02u 0.02s 104920e 901992kB
after extractHolds: 0.02u 0.02s 104920e 901992kB
before simplifyAdders: 0.02u 0.02s 104920e 901992kB
after simplifyAdders: 0.02u 0.02s 104920e 901992kB
before optimizeLessThan: 0.02u 0.02s 104920e 901992kB
after optimizeLessThan: 0.02u 0.02s 104920e 901992kB
before reportUnresolvedType: 0.02u 0.02s 104920e 901992kB
after reportUnresolvedType: 0.02u 0.02s 104920e 901992kB
before dumpingPerModuleScm : 0.02u 0.02s 104920e 901992kB
after dumpingPerModuleScm : 0.02u 0.02s 104920e 901992kB

Processing mss_bus_switch_ibp_cwbind_0000_0000
before constantPropagate: 0.02u 0.02s 104920e 901992kB
after constantPropagate: 0.02u 0.02s 104920e 901992kB
before removeUnusedSignals circuit: 0.02u 0.02s 104920e 901992kB
after removeUnusedSignals circuit: 0.02u 0.02s 104920e 901992kB
before optimize latch enable: 0.02u 0.02s 104920e 901992kB
after optimize latch enable: 0.02u 0.02s 104920e 901992kB
before removeReadAfterMissingWrite: 0.02u 0.02s 104920e 901992kB
after removeReadAfterMissingWrite: 0.02u 0.02s 104920e 901992kB
before undoDimensionalSplitOfMemories: 0.02u 0.02s 104920e 901992kB
after undoDimensionalSplitOfMemories: 0.02u 0.02s 104920e 901992kB
before extractMemories: 0.02u 0.02s 104920e 901992kB
after extractMemories: 0.02u 0.02s 104920e 901992kB
before extractHolds: 0.02u 0.02s 104920e 901992kB
after extractHolds: 0.02u 0.02s 104920e 901992kB
before simplifyAdders: 0.02u 0.02s 104920e 901992kB
after simplifyAdders: 0.02u 0.02s 104920e 901992kB
before optimizeLessThan: 0.02u 0.02s 104920e 901992kB
after optimizeLessThan: 0.02u 0.02s 104920e 901992kB
before reportUnresolvedType: 0.02u 0.02s 104920e 901992kB
after reportUnresolvedType: 0.02u 0.02s 104920e 901992kB
before dumpingPerModuleScm : 0.02u 0.02s 104920e 901992kB
after dumpingPerModuleScm : 0.02u 0.02s 104920e 901992kB

Processing mss_bus_switch_ibp2ibps
before constantPropagate: 0.02u 0.02s 104920e 901992kB
after constantPropagate: 0.02u 0.02s 104920e 901992kB
before removeUnusedSignals circuit: 0.02u 0.02s 104920e 901992kB
after removeUnusedSignals circuit: 0.02u 0.02s 104920e 901992kB
before optimize latch enable: 0.02u 0.02s 104920e 901992kB
after optimize latch enable: 0.02u 0.02s 104920e 901992kB
before removeReadAfterMissingWrite: 0.02u 0.02s 104920e 901992kB
after removeReadAfterMissingWrite: 0.02u 0.02s 104920e 901992kB
before undoDimensionalSplitOfMemories: 0.02u 0.02s 104920e 901992kB
after undoDimensionalSplitOfMemories: 0.02u 0.02s 104920e 901992kB
before extractMemories: 0.02u 0.02s 104920e 901992kB
after extractMemories: 0.02u 0.02s 104920e 901992kB
before extractHolds: 0.02u 0.02s 104920e 901992kB
after extractHolds: 0.02u 0.02s 104920e 901992kB
before simplifyAdders: 0.02u 0.02s 104920e 901992kB
after simplifyAdders: 0.02u 0.02s 104920e 901992kB
before optimizeLessThan: 0.02u 0.02s 104920e 901992kB
after optimizeLessThan: 0.02u 0.02s 104920e 901992kB
before reportUnresolvedType: 0.02u 0.02s 104920e 901992kB
after reportUnresolvedType: 0.02u 0.02s 104920e 901992kB
before dumpingPerModuleScm : 0.02u 0.02s 104920e 901992kB
after dumpingPerModuleScm : 0.02u 0.02s 104920e 901992kB

Processing mss_bus_switch_pack2ibp_0000
before constantPropagate: 0.02u 0.02s 104920e 901992kB
after constantPropagate: 0.02u 0.02s 104920e 901992kB
before removeUnusedSignals circuit: 0.02u 0.02s 104920e 901992kB
after removeUnusedSignals circuit: 0.02u 0.02s 104920e 901992kB
before optimize latch enable: 0.02u 0.02s 104920e 901992kB
after optimize latch enable: 0.02u 0.02s 104920e 901992kB
before removeReadAfterMissingWrite: 0.02u 0.02s 104920e 901992kB
after removeReadAfterMissingWrite: 0.02u 0.02s 104920e 901992kB
before undoDimensionalSplitOfMemories: 0.02u 0.02s 104920e 901992kB
after undoDimensionalSplitOfMemories: 0.02u 0.02s 104920e 901992kB
before extractMemories: 0.02u 0.02s 104920e 901992kB
after extractMemories: 0.02u 0.02s 104920e 901992kB
before extractHolds: 0.02u 0.02s 104920e 901992kB
after extractHolds: 0.02u 0.02s 104920e 901992kB
before simplifyAdders: 0.02u 0.02s 104920e 901992kB
after simplifyAdders: 0.02u 0.02s 104920e 901992kB
before optimizeLessThan: 0.02u 0.02s 104920e 901992kB
after optimizeLessThan: 0.02u 0.02s 104920e 901992kB
before reportUnresolvedType: 0.02u 0.02s 104920e 901992kB
after reportUnresolvedType: 0.02u 0.02s 104920e 901992kB
before dumpingPerModuleScm : 0.02u 0.02s 104920e 901992kB
after dumpingPerModuleScm : 0.02u 0.02s 104920e 901992kB

Processing mss_bus_switch_ibpx2ibpy_0002
before constantPropagate: 0.02u 0.02s 104920e 901992kB
after constantPropagate: 0.02u 0.02s 104920e 901992kB
before removeUnusedSignals circuit: 0.02u 0.02s 104920e 901992kB
after removeUnusedSignals circuit: 0.02u 0.02s 104920e 901992kB
before optimize latch enable: 0.02u 0.02s 104920e 901992kB
after optimize latch enable: 0.02u 0.02s 104920e 901992kB
before removeReadAfterMissingWrite: 0.02u 0.02s 104920e 901992kB
after removeReadAfterMissingWrite: 0.02u 0.02s 104920e 901992kB
before undoDimensionalSplitOfMemories: 0.02u 0.02s 104920e 901992kB
after undoDimensionalSplitOfMemories: 0.02u 0.02s 104920e 901992kB
before extractMemories: 0.02u 0.02s 104920e 901992kB
after extractMemories: 0.02u 0.02s 104920e 901992kB
before extractHolds: 0.02u 0.02s 104920e 901992kB
after extractHolds: 0.02u 0.02s 104920e 901992kB
before simplifyAdders: 0.02u 0.02s 104920e 901992kB
after simplifyAdders: 0.02u 0.02s 104920e 901992kB
before optimizeLessThan: 0.02u 0.02s 104920e 901992kB
after optimizeLessThan: 0.02u 0.02s 104920e 901992kB
before reportUnresolvedType: 0.02u 0.02s 104920e 901992kB
after reportUnresolvedType: 0.02u 0.02s 104920e 901992kB
before dumpingPerModuleScm : 0.02u 0.02s 104920e 901992kB
after dumpingPerModuleScm : 0.02u 0.02s 104920e 901992kB

Processing mss_bus_switch_default_slv_0000
before constantPropagate: 0.02u 0.02s 104920e 901992kB
after constantPropagate: 0.02u 0.02s 104920e 901992kB
before removeUnusedSignals circuit: 0.02u 0.02s 104920e 901992kB
after removeUnusedSignals circuit: 0.02u 0.02s 104920e 901992kB
before optimize latch enable: 0.02u 0.02s 104920e 901992kB
after optimize latch enable: 0.02u 0.02s 104920e 901992kB
before removeReadAfterMissingWrite: 0.02u 0.02s 104920e 901992kB
after removeReadAfterMissingWrite: 0.02u 0.02s 104920e 901992kB
before undoDimensionalSplitOfMemories: 0.02u 0.02s 104920e 901992kB
after undoDimensionalSplitOfMemories: 0.02u 0.02s 104920e 901992kB
before extractMemories: 0.02u 0.02s 104920e 901992kB
after extractMemories: 0.02u 0.02s 104920e 901992kB
before extractHolds: 0.02u 0.02s 104920e 901992kB
after extractHolds: 0.02u 0.02s 104920e 901992kB
before simplifyAdders: 0.02u 0.02s 104920e 901992kB
after simplifyAdders: 0.02u 0.02s 104920e 901992kB
before optimizeLessThan: 0.02u 0.02s 104920e 901992kB
after optimizeLessThan: 0.02u 0.02s 104920e 901992kB
before reportUnresolvedType: 0.02u 0.02s 104920e 901992kB
after reportUnresolvedType: 0.02u 0.02s 104920e 901992kB
before dumpingPerModuleScm : 0.02u 0.02s 104920e 901992kB
after dumpingPerModuleScm : 0.02u 0.03s 104920e 901992kB

Processing alb_mss_fab_fifo_0000_000D
before constantPropagate: 0.02u 0.03s 104920e 901992kB
after constantPropagate: 0.02u 0.03s 104920e 901992kB
before removeUnusedSignals circuit: 0.02u 0.03s 104920e 901992kB
after removeUnusedSignals circuit: 0.02u 0.03s 104920e 901992kB
before optimize latch enable: 0.02u 0.03s 104920e 901992kB
after optimize latch enable: 0.02u 0.03s 104920e 901992kB
before removeReadAfterMissingWrite: 0.02u 0.03s 104920e 901992kB
after removeReadAfterMissingWrite: 0.02u 0.03s 104920e 901992kB
before undoDimensionalSplitOfMemories: 0.02u 0.03s 104920e 901992kB
after undoDimensionalSplitOfMemories: 0.02u 0.03s 104920e 901992kB
before extractMemories: 0.02u 0.03s 104920e 901992kB
after extractMemories: 0.02u 0.03s 104920e 901992kB
before extractHolds: 0.02u 0.03s 104920e 901992kB
after extractHolds: 0.02u 0.03s 104922e 901992kB
before simplifyAdders: 0.02u 0.03s 104922e 901992kB
after simplifyAdders: 0.02u 0.03s 104922e 901992kB
before optimizeLessThan: 0.02u 0.03s 104922e 901992kB
after optimizeLessThan: 0.02u 0.03s 104922e 901992kB
before reportUnresolvedType: 0.02u 0.03s 104922e 901992kB
after reportUnresolvedType: 0.02u 0.03s 104922e 901992kB
before dumpingPerModuleScm : 0.02u 0.03s 104922e 901992kB
after dumpingPerModuleScm : 0.02u 0.03s 104922e 901992kB

Processing alb_mss_fab_ibp_buffer_0000_0006
before constantPropagate: 0.02u 0.03s 104922e 901992kB
after constantPropagate: 0.02u 0.03s 104922e 901992kB
before removeUnusedSignals circuit: 0.02u 0.03s 104922e 901992kB
after removeUnusedSignals circuit: 0.02u 0.03s 104922e 901992kB
before optimize latch enable: 0.02u 0.03s 104922e 901992kB
after optimize latch enable: 0.02u 0.03s 104922e 901992kB
before removeReadAfterMissingWrite: 0.02u 0.03s 104922e 901992kB
after removeReadAfterMissingWrite: 0.02u 0.03s 104922e 901992kB
before undoDimensionalSplitOfMemories: 0.02u 0.03s 104922e 901992kB
after undoDimensionalSplitOfMemories: 0.02u 0.03s 104922e 901992kB
before extractMemories: 0.02u 0.03s 104922e 901992kB
after extractMemories: 0.02u 0.03s 104922e 901992kB
before extractHolds: 0.02u 0.03s 104922e 901992kB
after extractHolds: 0.03u 0.03s 104922e 901992kB
before simplifyAdders: 0.03u 0.03s 104922e 901992kB
after simplifyAdders: 0.03u 0.03s 104922e 901992kB
before optimizeLessThan: 0.03u 0.03s 104922e 901992kB
after optimizeLessThan: 0.03u 0.03s 104922e 901992kB
before reportUnresolvedType: 0.03u 0.03s 104922e 901992kB
after reportUnresolvedType: 0.03u 0.03s 104922e 901992kB
before dumpingPerModuleScm : 0.03u 0.03s 104922e 901992kB
after dumpingPerModuleScm : 0.03u 0.03s 104922e 901992kB

Processing alb_mss_fab_ibp_buffer_0000_0008
before constantPropagate: 0.03u 0.03s 104922e 901992kB
after constantPropagate: 0.03u 0.03s 104922e 901992kB
before removeUnusedSignals circuit: 0.03u 0.03s 104922e 901992kB
after removeUnusedSignals circuit: 0.03u 0.03s 104922e 901992kB
before optimize latch enable: 0.03u 0.03s 104922e 901992kB
after optimize latch enable: 0.03u 0.03s 104922e 901992kB
before removeReadAfterMissingWrite: 0.03u 0.03s 104922e 901992kB
after removeReadAfterMissingWrite: 0.03u 0.03s 104922e 901992kB
before undoDimensionalSplitOfMemories: 0.03u 0.03s 104922e 901992kB
after undoDimensionalSplitOfMemories: 0.03u 0.03s 104922e 901992kB
before extractMemories: 0.03u 0.03s 104922e 901992kB
after extractMemories: 0.03u 0.03s 104922e 901992kB
before extractHolds: 0.03u 0.03s 104922e 901992kB
after extractHolds: 0.03u 0.03s 104922e 901992kB
before simplifyAdders: 0.03u 0.03s 104922e 901992kB
after simplifyAdders: 0.03u 0.03s 104922e 901992kB
before optimizeLessThan: 0.03u 0.03s 104922e 901992kB
after optimizeLessThan: 0.03u 0.03s 104922e 901992kB
before reportUnresolvedType: 0.03u 0.03s 104922e 901992kB
after reportUnresolvedType: 0.03u 0.03s 104922e 901992kB
before dumpingPerModuleScm : 0.03u 0.03s 104922e 901992kB
after dumpingPerModuleScm : 0.03u 0.03s 104922e 901992kB

Processing alb_mss_fab_fifo_0005
before constantPropagate: 0.03u 0.03s 104922e 901992kB
after constantPropagate: 0.03u 0.03s 104922e 901992kB
before removeUnusedSignals circuit: 0.03u 0.03s 104922e 901992kB
after removeUnusedSignals circuit: 0.03u 0.03s 104922e 901992kB
before optimize latch enable: 0.03u 0.03s 104922e 901992kB
after optimize latch enable: 0.03u 0.03s 104922e 901992kB
before removeReadAfterMissingWrite: 0.03u 0.03s 104922e 901992kB
after removeReadAfterMissingWrite: 0.03u 0.03s 104922e 901992kB
before undoDimensionalSplitOfMemories: 0.03u 0.03s 104922e 901992kB
after undoDimensionalSplitOfMemories: 0.03u 0.03s 104922e 901992kB
before extractMemories: 0.03u 0.03s 104922e 901992kB
after extractMemories: 0.03u 0.03s 104922e 901992kB
before extractHolds: 0.03u 0.03s 104922e 901992kB
after extractHolds: 0.03u 0.03s 104922e 901992kB
before simplifyAdders: 0.03u 0.03s 104922e 901992kB
after simplifyAdders: 0.03u 0.03s 104922e 901992kB
before optimizeLessThan: 0.03u 0.03s 104922e 901992kB
after optimizeLessThan: 0.03u 0.03s 104922e 901992kB
before reportUnresolvedType: 0.03u 0.03s 104922e 901992kB
after reportUnresolvedType: 0.03u 0.03s 104922e 901992kB
before dumpingPerModuleScm : 0.03u 0.03s 104922e 901992kB
after dumpingPerModuleScm : 0.03u 0.03s 104922e 901992kB

Processing alb_mss_fab_single2ahbl
before constantPropagate: 0.03u 0.03s 104922e 901992kB
after constantPropagate: 0.03u 0.03s 104922e 901992kB
before removeUnusedSignals circuit: 0.03u 0.03s 104922e 901992kB
after removeUnusedSignals circuit: 0.03u 0.03s 104922e 901992kB
before optimize latch enable: 0.03u 0.03s 104922e 901992kB
after optimize latch enable: 0.03u 0.03s 104922e 901992kB
before removeReadAfterMissingWrite: 0.03u 0.03s 104922e 901992kB
after removeReadAfterMissingWrite: 0.03u 0.03s 104922e 901992kB
before undoDimensionalSplitOfMemories: 0.03u 0.03s 104922e 901992kB
after undoDimensionalSplitOfMemories: 0.03u 0.03s 104922e 901992kB
before extractMemories: 0.03u 0.03s 104922e 901992kB
after extractMemories: 0.03u 0.03s 104922e 901992kB
before extractHolds: 0.03u 0.03s 104922e 901992kB
after extractHolds: 0.03u 0.03s 104926e 901992kB
before simplifyAdders: 0.03u 0.03s 104926e 901992kB
after simplifyAdders: 0.03u 0.03s 104926e 901992kB
before optimizeLessThan: 0.03u 0.03s 104926e 901992kB
after optimizeLessThan: 0.03u 0.03s 104926e 901992kB
before reportUnresolvedType: 0.03u 0.03s 104926e 901992kB
after reportUnresolvedType: 0.03u 0.03s 104926e 901992kB
before dumpingPerModuleScm : 0.03u 0.03s 104926e 901992kB
after dumpingPerModuleScm : 0.04u 0.03s 104926e 901992kB

Processing alb_mss_fab_fifo_0009
before constantPropagate: 0.04u 0.03s 104926e 901992kB
after constantPropagate: 0.04u 0.03s 104926e 901992kB
before removeUnusedSignals circuit: 0.04u 0.03s 104926e 901992kB
after removeUnusedSignals circuit: 0.04u 0.03s 104926e 901992kB
before optimize latch enable: 0.04u 0.03s 104926e 901992kB
after optimize latch enable: 0.04u 0.03s 104926e 901992kB
before removeReadAfterMissingWrite: 0.04u 0.03s 104926e 901992kB
after removeReadAfterMissingWrite: 0.04u 0.03s 104926e 901992kB
before undoDimensionalSplitOfMemories: 0.04u 0.03s 104926e 901992kB
after undoDimensionalSplitOfMemories: 0.04u 0.03s 104926e 901992kB
before extractMemories: 0.04u 0.03s 104926e 901992kB
after extractMemories: 0.04u 0.03s 104926e 901992kB
before extractHolds: 0.04u 0.03s 104926e 901992kB
after extractHolds: 0.04u 0.03s 104938e 901992kB
before simplifyAdders: 0.04u 0.03s 104938e 901992kB
after simplifyAdders: 0.04u 0.03s 104938e 901992kB
before optimizeLessThan: 0.04u 0.03s 104938e 901992kB
after optimizeLessThan: 0.04u 0.03s 104938e 901992kB
before reportUnresolvedType: 0.04u 0.03s 104938e 901992kB
after reportUnresolvedType: 0.04u 0.03s 104938e 901992kB
before dumpingPerModuleScm : 0.04u 0.03s 104938e 901992kB
after dumpingPerModuleScm : 0.04u 0.03s 104938e 901992kB

Processing alb_mss_clkctrl_clkgen
before constantPropagate: 0.04u 0.03s 104938e 901992kB
after constantPropagate: 0.04u 0.03s 104938e 901992kB
before removeUnusedSignals circuit: 0.04u 0.03s 104938e 901992kB
after removeUnusedSignals circuit: 0.04u 0.03s 104938e 901992kB
before optimize latch enable: 0.04u 0.03s 104938e 901992kB
after optimize latch enable: 0.04u 0.03s 104938e 901992kB
before removeReadAfterMissingWrite: 0.04u 0.03s 104938e 901992kB
after removeReadAfterMissingWrite: 0.04u 0.03s 104938e 901992kB
before undoDimensionalSplitOfMemories: 0.04u 0.03s 104938e 901992kB
after undoDimensionalSplitOfMemories: 0.04u 0.03s 104938e 901992kB
before extractMemories: 0.04u 0.03s 104938e 901992kB
after extractMemories: 0.04u 0.03s 104938e 901992kB
before extractHolds: 0.04u 0.03s 104938e 901992kB
after extractHolds: 0.04u 0.03s 104940e 901992kB
before simplifyAdders: 0.04u 0.03s 104940e 901992kB
after simplifyAdders: 0.04u 0.03s 104940e 901992kB
before optimizeLessThan: 0.04u 0.03s 104940e 901992kB
after optimizeLessThan: 0.04u 0.03s 104940e 901992kB
before reportUnresolvedType: 0.04u 0.03s 104940e 901992kB
after reportUnresolvedType: 0.04u 0.03s 104940e 901992kB
before dumpingPerModuleScm : 0.04u 0.03s 104940e 901992kB
after dumpingPerModuleScm : 0.04u 0.03s 104940e 901992kB

Processing alb_mss_mem_ibp_buf
before constantPropagate: 0.04u 0.03s 104940e 901992kB
after constantPropagate: 0.04u 0.03s 104940e 901992kB
before removeUnusedSignals circuit: 0.04u 0.03s 104940e 901992kB
after removeUnusedSignals circuit: 0.04u 0.03s 104940e 901992kB
before optimize latch enable: 0.04u 0.03s 104940e 901992kB
after optimize latch enable: 0.04u 0.03s 104940e 901992kB
before removeReadAfterMissingWrite: 0.04u 0.03s 104940e 901992kB
after removeReadAfterMissingWrite: 0.04u 0.03s 104940e 901992kB
before undoDimensionalSplitOfMemories: 0.04u 0.03s 104940e 901992kB
after undoDimensionalSplitOfMemories: 0.04u 0.03s 104940e 901992kB
before extractMemories: 0.04u 0.03s 104940e 901992kB
after extractMemories: 0.04u 0.03s 104940e 901992kB
before extractHolds: 0.04u 0.03s 104940e 901992kB
after extractHolds: 0.04u 0.03s 104940e 901992kB
before simplifyAdders: 0.04u 0.03s 104940e 901992kB
after simplifyAdders: 0.04u 0.03s 104940e 901992kB
before optimizeLessThan: 0.04u 0.03s 104940e 901992kB
after optimizeLessThan: 0.04u 0.03s 104940e 901992kB
before reportUnresolvedType: 0.04u 0.03s 104940e 901992kB
after reportUnresolvedType: 0.04u 0.03s 104940e 901992kB
before dumpingPerModuleScm : 0.04u 0.03s 104940e 901992kB
after dumpingPerModuleScm : 0.04u 0.03s 104940e 901992kB

Processing alb_mss_mem_fifo_0002
before constantPropagate: 0.04u 0.03s 104940e 901992kB
after constantPropagate: 0.04u 0.03s 104940e 901992kB
before removeUnusedSignals circuit: 0.04u 0.03s 104940e 901992kB
after removeUnusedSignals circuit: 0.04u 0.03s 104940e 901992kB
before optimize latch enable: 0.04u 0.03s 104940e 901992kB
after optimize latch enable: 0.04u 0.03s 104940e 901992kB
before removeReadAfterMissingWrite: 0.04u 0.03s 104940e 901992kB
after removeReadAfterMissingWrite: 0.04u 0.03s 104940e 901992kB
before undoDimensionalSplitOfMemories: 0.04u 0.03s 104940e 901992kB
after undoDimensionalSplitOfMemories: 0.04u 0.03s 104940e 901992kB
before extractMemories: 0.04u 0.03s 104940e 901992kB
after extractMemories: 0.04u 0.03s 104940e 901992kB
before extractHolds: 0.04u 0.03s 104940e 901992kB
after extractHolds: 0.04u 0.03s 104929e 901992kB
before simplifyAdders: 0.04u 0.03s 104929e 901992kB
after simplifyAdders: 0.04u 0.03s 104929e 901992kB
before optimizeLessThan: 0.04u 0.03s 104929e 901992kB
after optimizeLessThan: 0.04u 0.03s 104929e 901992kB
before reportUnresolvedType: 0.04u 0.03s 104929e 901992kB
after reportUnresolvedType: 0.04u 0.03s 104929e 901992kB
before dumpingPerModuleScm : 0.04u 0.03s 104929e 901992kB
after dumpingPerModuleScm : 0.04u 0.04s 104929e 901992kB

Processing alb_mss_mem_ibp_bypbuf_0000
before constantPropagate: 0.04u 0.04s 104929e 901992kB
after constantPropagate: 0.04u 0.04s 104929e 901992kB
before removeUnusedSignals circuit: 0.04u 0.04s 104929e 901992kB
after removeUnusedSignals circuit: 0.04u 0.04s 104929e 901992kB
before optimize latch enable: 0.04u 0.04s 104929e 901992kB
after optimize latch enable: 0.04u 0.04s 104929e 901992kB
before removeReadAfterMissingWrite: 0.04u 0.04s 104929e 901992kB
after removeReadAfterMissingWrite: 0.04u 0.04s 104929e 901992kB
before undoDimensionalSplitOfMemories: 0.04u 0.04s 104929e 901992kB
after undoDimensionalSplitOfMemories: 0.04u 0.04s 104929e 901992kB
before extractMemories: 0.04u 0.04s 104929e 901992kB
after extractMemories: 0.04u 0.04s 104929e 901992kB
before extractHolds: 0.04u 0.04s 104929e 901992kB
after extractHolds: 0.05u 0.04s 104929e 901992kB
before simplifyAdders: 0.05u 0.04s 104929e 901992kB
after simplifyAdders: 0.05u 0.04s 104929e 901992kB
before optimizeLessThan: 0.05u 0.04s 104929e 901992kB
after optimizeLessThan: 0.05u 0.04s 104929e 901992kB
before reportUnresolvedType: 0.05u 0.04s 104929e 901992kB
after reportUnresolvedType: 0.05u 0.04s 104929e 901992kB
before dumpingPerModuleScm : 0.05u 0.04s 104929e 901992kB
after dumpingPerModuleScm : 0.05u 0.04s 104929e 901992kB

Processing alb_mss_mem
before constantPropagate: 0.05u 0.04s 104929e 901992kB
after constantPropagate: 0.05u 0.04s 104929e 901992kB
before removeUnusedSignals circuit: 0.05u 0.04s 104929e 901992kB
after removeUnusedSignals circuit: 0.05u 0.04s 104929e 901992kB
before optimize latch enable: 0.05u 0.04s 104929e 901992kB
after optimize latch enable: 0.05u 0.04s 104929e 901992kB
before removeReadAfterMissingWrite: 0.05u 0.04s 104929e 901992kB
after removeReadAfterMissingWrite: 0.05u 0.04s 104929e 901992kB
before undoDimensionalSplitOfMemories: 0.05u 0.04s 104929e 901992kB
after undoDimensionalSplitOfMemories: 0.05u 0.04s 104929e 901992kB
before extractMemories: 0.05u 0.04s 104929e 901992kB
after extractMemories: 0.05u 0.04s 104929e 901992kB
before extractHolds: 0.05u 0.04s 104929e 901992kB
after extractHolds: 0.05u 0.04s 104929e 901992kB
before simplifyAdders: 0.05u 0.04s 104929e 901992kB
after simplifyAdders: 0.05u 0.04s 104929e 901992kB
before optimizeLessThan: 0.05u 0.04s 104929e 901992kB
after optimizeLessThan: 0.05u 0.04s 104929e 901992kB
before reportUnresolvedType: 0.05u 0.04s 104929e 901992kB
after reportUnresolvedType: 0.05u 0.04s 104929e 901992kB
before dumpingPerModuleScm : 0.05u 0.04s 104929e 901992kB
after dumpingPerModuleScm : 0.06u 0.04s 104929e 901992kB

Processing ZebuClockDetectFront_42
before constantPropagate: 0.06u 0.04s 104929e 901992kB
after constantPropagate: 0.06u 0.04s 104929e 901992kB
before removeUnusedSignals circuit: 0.06u 0.04s 104929e 901992kB
after removeUnusedSignals circuit: 0.06u 0.04s 104929e 901992kB
before optimize latch enable: 0.06u 0.04s 104929e 901992kB
after optimize latch enable: 0.06u 0.04s 104929e 901992kB
before removeReadAfterMissingWrite: 0.06u 0.04s 104929e 901992kB
after removeReadAfterMissingWrite: 0.06u 0.04s 104929e 901992kB
before undoDimensionalSplitOfMemories: 0.06u 0.04s 104929e 901992kB
after undoDimensionalSplitOfMemories: 0.06u 0.04s 104929e 901992kB
before extractMemories: 0.06u 0.04s 104929e 901992kB
after extractMemories: 0.06u 0.04s 104929e 901992kB
before extractHolds: 0.06u 0.04s 104929e 901992kB
after extractHolds: 0.06u 0.04s 104929e 901992kB
before simplifyAdders: 0.06u 0.04s 104929e 901992kB
after simplifyAdders: 0.06u 0.04s 104929e 901992kB
before optimizeLessThan: 0.06u 0.04s 104929e 901992kB
after optimizeLessThan: 0.06u 0.04s 104929e 901992kB
before reportUnresolvedType: 0.06u 0.04s 104929e 901992kB
after reportUnresolvedType: 0.06u 0.04s 104929e 901992kB
before dumpingPerModuleScm : 0.06u 0.04s 104929e 901992kB
after dumpingPerModuleScm : 0.06u 0.04s 104929e 901992kB

Processing ZebuClockDetectFront_41
before constantPropagate: 0.06u 0.04s 104929e 901992kB
after constantPropagate: 0.06u 0.04s 104929e 901992kB
before removeUnusedSignals circuit: 0.06u 0.04s 104929e 901992kB
after removeUnusedSignals circuit: 0.06u 0.04s 104929e 901992kB
before optimize latch enable: 0.06u 0.04s 104929e 901992kB
after optimize latch enable: 0.06u 0.04s 104929e 901992kB
before removeReadAfterMissingWrite: 0.06u 0.04s 104929e 901992kB
after removeReadAfterMissingWrite: 0.06u 0.04s 104929e 901992kB
before undoDimensionalSplitOfMemories: 0.06u 0.04s 104929e 901992kB
after undoDimensionalSplitOfMemories: 0.06u 0.04s 104929e 901992kB
before extractMemories: 0.06u 0.04s 104929e 901992kB
after extractMemories: 0.06u 0.04s 104929e 901992kB
before extractHolds: 0.06u 0.04s 104929e 901992kB
after extractHolds: 0.06u 0.04s 104929e 901992kB
before simplifyAdders: 0.06u 0.04s 104929e 901992kB
after simplifyAdders: 0.06u 0.04s 104929e 901992kB
before optimizeLessThan: 0.06u 0.04s 104929e 901992kB
after optimizeLessThan: 0.06u 0.04s 104929e 901992kB
before reportUnresolvedType: 0.06u 0.04s 104929e 901992kB
after reportUnresolvedType: 0.06u 0.04s 104929e 901992kB
before dumpingPerModuleScm : 0.06u 0.04s 104929e 901992kB
after dumpingPerModuleScm : 0.06u 0.04s 104929e 901992kB

Processing ZebuClockDetectFront_52
before constantPropagate: 0.06u 0.04s 104929e 901992kB
after constantPropagate: 0.06u 0.04s 104929e 901992kB
before removeUnusedSignals circuit: 0.06u 0.04s 104929e 901992kB
after removeUnusedSignals circuit: 0.06u 0.04s 104929e 901992kB
before optimize latch enable: 0.06u 0.04s 104929e 901992kB
after optimize latch enable: 0.06u 0.04s 104929e 901992kB
before removeReadAfterMissingWrite: 0.06u 0.04s 104929e 901992kB
after removeReadAfterMissingWrite: 0.06u 0.04s 104929e 901992kB
before undoDimensionalSplitOfMemories: 0.06u 0.04s 104929e 901992kB
after undoDimensionalSplitOfMemories: 0.06u 0.04s 104929e 901992kB
before extractMemories: 0.06u 0.04s 104929e 901992kB
after extractMemories: 0.06u 0.04s 104929e 901992kB
before extractHolds: 0.06u 0.04s 104929e 901992kB
after extractHolds: 0.06u 0.04s 104929e 901992kB
before simplifyAdders: 0.06u 0.04s 104929e 901992kB
after simplifyAdders: 0.06u 0.04s 104929e 901992kB
before optimizeLessThan: 0.06u 0.04s 104929e 901992kB
after optimizeLessThan: 0.06u 0.04s 104929e 901992kB
before reportUnresolvedType: 0.06u 0.04s 104929e 901992kB
after reportUnresolvedType: 0.06u 0.04s 104929e 901992kB
before dumpingPerModuleScm : 0.06u 0.04s 104929e 901992kB
after dumpingPerModuleScm : 0.06u 0.04s 104929e 901992kB

Processing zemi3OutPortArbiter_2_608_op
before constantPropagate: 0.06u 0.04s 104929e 901992kB
after constantPropagate: 0.06u 0.04s 104929e 901992kB
before removeUnusedSignals circuit: 0.06u 0.04s 104929e 901992kB
after removeUnusedSignals circuit: 0.06u 0.04s 104929e 901992kB
before optimize latch enable: 0.06u 0.04s 104929e 901992kB
after optimize latch enable: 0.06u 0.04s 104929e 901992kB
before removeReadAfterMissingWrite: 0.06u 0.04s 104929e 901992kB
after removeReadAfterMissingWrite: 0.06u 0.04s 104929e 901992kB
before undoDimensionalSplitOfMemories: 0.06u 0.04s 104929e 901992kB
after undoDimensionalSplitOfMemories: 0.06u 0.04s 104929e 901992kB
before extractMemories: 0.06u 0.04s 104929e 901992kB
after extractMemories: 0.06u 0.04s 104929e 901992kB
before extractHolds: 0.06u 0.04s 104929e 901992kB
after extractHolds: 0.06u 0.04s 104929e 901992kB
before simplifyAdders: 0.06u 0.04s 104929e 901992kB
after simplifyAdders: 0.06u 0.04s 104929e 901992kB
before optimizeLessThan: 0.06u 0.04s 104929e 901992kB
after optimizeLessThan: 0.06u 0.04s 104929e 901992kB
before reportUnresolvedType: 0.06u 0.04s 104929e 901992kB
after reportUnresolvedType: 0.06u 0.04s 104929e 901992kB
before dumpingPerModuleScm : 0.06u 0.04s 104929e 901992kB
after dumpingPerModuleScm : 0.06u 0.04s 104929e 901992kB

Processing ZebuClockDetectFront_15
before constantPropagate: 0.06u 0.04s 104929e 901992kB
after constantPropagate: 0.06u 0.04s 104929e 901992kB
before removeUnusedSignals circuit: 0.06u 0.04s 104929e 901992kB
after removeUnusedSignals circuit: 0.06u 0.04s 104929e 901992kB
before optimize latch enable: 0.06u 0.04s 104929e 901992kB
after optimize latch enable: 0.06u 0.05s 104929e 901992kB
before removeReadAfterMissingWrite: 0.06u 0.05s 104929e 901992kB
after removeReadAfterMissingWrite: 0.06u 0.05s 104929e 901992kB
before undoDimensionalSplitOfMemories: 0.06u 0.05s 104929e 901992kB
after undoDimensionalSplitOfMemories: 0.06u 0.05s 104929e 901992kB
before extractMemories: 0.06u 0.05s 104929e 901992kB
after extractMemories: 0.06u 0.05s 104929e 901992kB
before extractHolds: 0.06u 0.05s 104929e 901992kB
after extractHolds: 0.06u 0.05s 104929e 901992kB
before simplifyAdders: 0.06u 0.05s 104929e 901992kB
after simplifyAdders: 0.06u 0.05s 104929e 901992kB
before optimizeLessThan: 0.06u 0.05s 104929e 901992kB
after optimizeLessThan: 0.06u 0.05s 104929e 901992kB
before reportUnresolvedType: 0.06u 0.05s 104929e 901992kB
after reportUnresolvedType: 0.06u 0.05s 104929e 901992kB
before dumpingPerModuleScm : 0.06u 0.05s 104929e 901992kB
after dumpingPerModuleScm : 0.06u 0.05s 104929e 901992kB

Processing ZebuClockDetectFront_23
before constantPropagate: 0.06u 0.05s 104929e 901992kB
after constantPropagate: 0.06u 0.05s 104929e 901992kB
before removeUnusedSignals circuit: 0.06u 0.05s 104929e 901992kB
after removeUnusedSignals circuit: 0.06u 0.05s 104929e 901992kB
before optimize latch enable: 0.06u 0.05s 104929e 901992kB
after optimize latch enable: 0.06u 0.05s 104929e 901992kB
before removeReadAfterMissingWrite: 0.06u 0.05s 104929e 901992kB
after removeReadAfterMissingWrite: 0.06u 0.05s 104929e 901992kB
before undoDimensionalSplitOfMemories: 0.06u 0.05s 104929e 901992kB
after undoDimensionalSplitOfMemories: 0.06u 0.05s 104929e 901992kB
before extractMemories: 0.06u 0.05s 104929e 901992kB
after extractMemories: 0.06u 0.05s 104929e 901992kB
before extractHolds: 0.06u 0.05s 104929e 901992kB
after extractHolds: 0.06u 0.05s 104929e 901992kB
before simplifyAdders: 0.06u 0.05s 104929e 901992kB
after simplifyAdders: 0.06u 0.05s 104929e 901992kB
before optimizeLessThan: 0.06u 0.05s 104929e 901992kB
after optimizeLessThan: 0.06u 0.05s 104929e 901992kB
before reportUnresolvedType: 0.07u 0.05s 104929e 901992kB
after reportUnresolvedType: 0.07u 0.05s 104929e 901992kB
before dumpingPerModuleScm : 0.07u 0.05s 104929e 901992kB
after dumpingPerModuleScm : 0.07u 0.05s 104929e 901992kB

Processing ZebuClockDetectFront_31
before constantPropagate: 0.07u 0.05s 104929e 901992kB
after constantPropagate: 0.07u 0.05s 104929e 901992kB
before removeUnusedSignals circuit: 0.07u 0.05s 104929e 901992kB
after removeUnusedSignals circuit: 0.07u 0.05s 104929e 901992kB
before optimize latch enable: 0.07u 0.05s 104929e 901992kB
after optimize latch enable: 0.07u 0.05s 104929e 901992kB
before removeReadAfterMissingWrite: 0.07u 0.05s 104929e 901992kB
after removeReadAfterMissingWrite: 0.07u 0.05s 104929e 901992kB
before undoDimensionalSplitOfMemories: 0.07u 0.05s 104929e 901992kB
after undoDimensionalSplitOfMemories: 0.07u 0.05s 104929e 901992kB
before extractMemories: 0.07u 0.05s 104929e 901992kB
after extractMemories: 0.07u 0.05s 104929e 901992kB
before extractHolds: 0.07u 0.05s 104929e 901992kB
after extractHolds: 0.07u 0.05s 104929e 901992kB
before simplifyAdders: 0.07u 0.05s 104929e 901992kB
after simplifyAdders: 0.07u 0.05s 104929e 901992kB
before optimizeLessThan: 0.07u 0.05s 104929e 901992kB
after optimizeLessThan: 0.07u 0.05s 104929e 901992kB
before reportUnresolvedType: 0.07u 0.05s 104929e 901992kB
after reportUnresolvedType: 0.07u 0.05s 104929e 901992kB
before dumpingPerModuleScm : 0.07u 0.05s 104929e 901992kB
after dumpingPerModuleScm : 0.07u 0.05s 104929e 901992kB

Processing dm_clock_gate
before constantPropagate: 0.07u 0.05s 104929e 901992kB
after constantPropagate: 0.07u 0.05s 104929e 901992kB
before removeUnusedSignals circuit: 0.07u 0.05s 104929e 901992kB
after removeUnusedSignals circuit: 0.07u 0.05s 104929e 901992kB
before optimize latch enable: 0.07u 0.05s 104929e 901992kB
after optimize latch enable: 0.07u 0.05s 104929e 901992kB
before removeReadAfterMissingWrite: 0.07u 0.05s 104929e 901992kB
after removeReadAfterMissingWrite: 0.07u 0.05s 104929e 901992kB
before undoDimensionalSplitOfMemories: 0.07u 0.05s 104929e 901992kB
after undoDimensionalSplitOfMemories: 0.07u 0.05s 104929e 901992kB
before extractMemories: 0.07u 0.05s 104929e 901992kB
after extractMemories: 0.07u 0.05s 104929e 901992kB
before extractHolds: 0.07u 0.05s 104929e 901992kB
after extractHolds: 0.07u 0.05s 104929e 901992kB
before simplifyAdders: 0.07u 0.05s 104929e 901992kB
after simplifyAdders: 0.07u 0.05s 104929e 901992kB
before optimizeLessThan: 0.07u 0.05s 104929e 901992kB
after optimizeLessThan: 0.07u 0.05s 104929e 901992kB
before reportUnresolvedType: 0.07u 0.05s 104929e 901992kB
after reportUnresolvedType: 0.07u 0.05s 104929e 901992kB
before dumpingPerModuleScm : 0.07u 0.05s 104929e 901992kB
after dumpingPerModuleScm : 0.07u 0.05s 104929e 901992kB

Processing DWbb_bcm99
before constantPropagate: 0.07u 0.05s 104929e 901992kB
after constantPropagate: 0.07u 0.05s 104929e 901992kB
before removeUnusedSignals circuit: 0.07u 0.05s 104929e 901992kB
after removeUnusedSignals circuit: 0.07u 0.05s 104929e 901992kB
before optimize latch enable: 0.07u 0.05s 104929e 901992kB
after optimize latch enable: 0.07u 0.05s 104929e 901992kB
before removeReadAfterMissingWrite: 0.07u 0.05s 104929e 901992kB
after removeReadAfterMissingWrite: 0.07u 0.05s 104929e 901992kB
before undoDimensionalSplitOfMemories: 0.07u 0.05s 104929e 901992kB
after undoDimensionalSplitOfMemories: 0.07u 0.05s 104929e 901992kB
before extractMemories: 0.07u 0.05s 104929e 901992kB
after extractMemories: 0.07u 0.05s 104929e 901992kB
before extractHolds: 0.07u 0.05s 104929e 901992kB
after extractHolds: 0.07u 0.05s 104929e 901992kB
before simplifyAdders: 0.07u 0.05s 104929e 901992kB
after simplifyAdders: 0.07u 0.05s 104929e 901992kB
before optimizeLessThan: 0.07u 0.05s 104929e 901992kB
after optimizeLessThan: 0.07u 0.05s 104929e 901992kB
before reportUnresolvedType: 0.07u 0.05s 104929e 901992kB
after reportUnresolvedType: 0.07u 0.05s 104929e 901992kB
before dumpingPerModuleScm : 0.07u 0.05s 104929e 901992kB
after dumpingPerModuleScm : 0.07u 0.06s 104929e 901992kB

Processing dwt_reset_ctrl
before constantPropagate: 0.07u 0.06s 104929e 901992kB
after constantPropagate: 0.07u 0.06s 104929e 901992kB
before removeUnusedSignals circuit: 0.07u 0.06s 104929e 901992kB
after removeUnusedSignals circuit: 0.07u 0.06s 104929e 901992kB
before optimize latch enable: 0.07u 0.06s 104929e 901992kB
after optimize latch enable: 0.07u 0.06s 104929e 901992kB
before removeReadAfterMissingWrite: 0.07u 0.06s 104929e 901992kB
after removeReadAfterMissingWrite: 0.07u 0.06s 104929e 901992kB
before undoDimensionalSplitOfMemories: 0.07u 0.06s 104929e 901992kB
after undoDimensionalSplitOfMemories: 0.07u 0.06s 104929e 901992kB
before extractMemories: 0.07u 0.06s 104929e 901992kB
after extractMemories: 0.07u 0.06s 104929e 901992kB
before extractHolds: 0.07u 0.06s 104929e 901992kB
after extractHolds: 0.07u 0.06s 104929e 901992kB
before simplifyAdders: 0.07u 0.06s 104929e 901992kB
after simplifyAdders: 0.07u 0.06s 104929e 901992kB
before optimizeLessThan: 0.07u 0.06s 104929e 901992kB
after optimizeLessThan: 0.07u 0.06s 104929e 901992kB
before reportUnresolvedType: 0.07u 0.06s 104929e 901992kB
after reportUnresolvedType: 0.07u 0.06s 104929e 901992kB
before dumpingPerModuleScm : 0.07u 0.06s 104929e 901992kB
after dumpingPerModuleScm : 0.07u 0.06s 104929e 901992kB

Processing bvci_to_axi
before constantPropagate: 0.07u 0.06s 104929e 901992kB
after constantPropagate: 0.07u 0.06s 104929e 901992kB
before removeUnusedSignals circuit: 0.07u 0.06s 104929e 901992kB
after removeUnusedSignals circuit: 0.07u 0.06s 104929e 901992kB
before optimize latch enable: 0.07u 0.06s 104929e 901992kB
after optimize latch enable: 0.07u 0.06s 104929e 901992kB
before removeReadAfterMissingWrite: 0.07u 0.06s 104929e 901992kB
after removeReadAfterMissingWrite: 0.07u 0.06s 104929e 901992kB
before undoDimensionalSplitOfMemories: 0.07u 0.06s 104929e 901992kB
after undoDimensionalSplitOfMemories: 0.07u 0.06s 104929e 901992kB
before extractMemories: 0.07u 0.06s 104929e 901992kB
after extractMemories: 0.07u 0.06s 104929e 901992kB
before extractHolds: 0.07u 0.06s 104929e 901992kB
after extractHolds: 0.07u 0.06s 104929e 901992kB
before simplifyAdders: 0.07u 0.06s 104929e 901992kB
after simplifyAdders: 0.07u 0.06s 104929e 901992kB
before optimizeLessThan: 0.07u 0.06s 104929e 901992kB
after optimizeLessThan: 0.07u 0.06s 104929e 901992kB
before reportUnresolvedType: 0.07u 0.06s 104929e 901992kB
after reportUnresolvedType: 0.07u 0.06s 104929e 901992kB
before dumpingPerModuleScm : 0.07u 0.06s 104929e 901992kB
after dumpingPerModuleScm : 0.08u 0.06s 104929e 901992kB

Processing arcv_timer_synch
before constantPropagate: 0.08u 0.06s 104929e 901992kB
after constantPropagate: 0.08u 0.06s 104929e 901992kB
before removeUnusedSignals circuit: 0.08u 0.06s 104929e 901992kB
after removeUnusedSignals circuit: 0.08u 0.06s 104929e 901992kB
before optimize latch enable: 0.08u 0.06s 104929e 901992kB
after optimize latch enable: 0.08u 0.06s 104929e 901992kB
before removeReadAfterMissingWrite: 0.08u 0.06s 104929e 901992kB
after removeReadAfterMissingWrite: 0.08u 0.06s 104929e 901992kB
before undoDimensionalSplitOfMemories: 0.08u 0.06s 104929e 901992kB
after undoDimensionalSplitOfMemories: 0.08u 0.06s 104929e 901992kB
before extractMemories: 0.08u 0.06s 104929e 901992kB
after extractMemories: 0.08u 0.06s 104929e 901992kB
before extractHolds: 0.08u 0.06s 104929e 901992kB
after extractHolds: 0.08u 0.06s 104929e 901992kB
before simplifyAdders: 0.08u 0.06s 104929e 901992kB
after simplifyAdders: 0.08u 0.06s 104929e 901992kB
before optimizeLessThan: 0.08u 0.06s 104929e 901992kB
after optimizeLessThan: 0.08u 0.06s 104929e 901992kB
before reportUnresolvedType: 0.08u 0.06s 104929e 901992kB
after reportUnresolvedType: 0.08u 0.06s 104929e 901992kB
before dumpingPerModuleScm : 0.08u 0.06s 104929e 901992kB
after dumpingPerModuleScm : 0.08u 0.06s 104929e 901992kB

Processing ls_compare_unit_0003
before constantPropagate: 0.08u 0.06s 104929e 901992kB
after constantPropagate: 0.08u 0.06s 104929e 901992kB
before removeUnusedSignals circuit: 0.08u 0.06s 104929e 901992kB
after removeUnusedSignals circuit: 0.08u 0.06s 104929e 901992kB
before optimize latch enable: 0.08u 0.06s 104929e 901992kB
after optimize latch enable: 0.08u 0.06s 104929e 901992kB
before removeReadAfterMissingWrite: 0.08u 0.06s 104929e 901992kB
after removeReadAfterMissingWrite: 0.08u 0.06s 104929e 901992kB
before undoDimensionalSplitOfMemories: 0.08u 0.06s 104929e 901992kB
after undoDimensionalSplitOfMemories: 0.08u 0.06s 104929e 901992kB
before extractMemories: 0.08u 0.06s 104929e 901992kB
after extractMemories: 0.08u 0.06s 104929e 901992kB
before extractHolds: 0.08u 0.06s 104929e 901992kB
after extractHolds: 0.08u 0.06s 104929e 901992kB
before simplifyAdders: 0.08u 0.06s 104929e 901992kB
after simplifyAdders: 0.08u 0.06s 104929e 901992kB
before optimizeLessThan: 0.08u 0.06s 104929e 901992kB
after optimizeLessThan: 0.08u 0.06s 104929e 901992kB
before reportUnresolvedType: 0.08u 0.06s 104929e 901992kB
after reportUnresolvedType: 0.08u 0.06s 104929e 901992kB
before dumpingPerModuleScm : 0.08u 0.06s 104929e 901992kB
after dumpingPerModuleScm : 0.08u 0.06s 104929e 901992kB

Processing ls_multi_bit_comparator_0004
before constantPropagate: 0.08u 0.06s 104929e 901992kB
after constantPropagate: 0.08u 0.06s 104929e 901992kB
before removeUnusedSignals circuit: 0.08u 0.06s 104929e 901992kB
after removeUnusedSignals circuit: 0.08u 0.06s 104929e 901992kB
before optimize latch enable: 0.08u 0.06s 104929e 901992kB
after optimize latch enable: 0.08u 0.06s 104929e 901992kB
before removeReadAfterMissingWrite: 0.08u 0.06s 104929e 901992kB
after removeReadAfterMissingWrite: 0.08u 0.06s 104929e 901992kB
before undoDimensionalSplitOfMemories: 0.08u 0.06s 104929e 901992kB
after undoDimensionalSplitOfMemories: 0.08u 0.06s 104929e 901992kB
before extractMemories: 0.08u 0.06s 104929e 901992kB
after extractMemories: 0.08u 0.06s 104929e 901992kB
before extractHolds: 0.08u 0.06s 104929e 901992kB
after extractHolds: 0.08u 0.06s 104929e 901992kB
before simplifyAdders: 0.08u 0.06s 104929e 901992kB
after simplifyAdders: 0.08u 0.06s 104929e 901992kB
before optimizeLessThan: 0.08u 0.06s 104929e 901992kB
after optimizeLessThan: 0.08u 0.06s 104929e 901992kB
before reportUnresolvedType: 0.08u 0.06s 104929e 901992kB
after reportUnresolvedType: 0.08u 0.06s 104929e 901992kB
before dumpingPerModuleScm : 0.08u 0.06s 104929e 901992kB
after dumpingPerModuleScm : 0.08u 0.06s 104929e 901992kB

Processing simple_parity
before constantPropagate: 0.08u 0.06s 104929e 901992kB
after constantPropagate: 0.08u 0.06s 104929e 901992kB
before removeUnusedSignals circuit: 0.08u 0.06s 104929e 901992kB
after removeUnusedSignals circuit: 0.08u 0.06s 104929e 901992kB
before optimize latch enable: 0.09u 0.06s 104929e 901992kB
after optimize latch enable: 0.09u 0.06s 104929e 901992kB
before removeReadAfterMissingWrite: 0.09u 0.06s 104929e 901992kB
after removeReadAfterMissingWrite: 0.09u 0.06s 104929e 901992kB
before undoDimensionalSplitOfMemories: 0.09u 0.06s 104929e 901992kB
after undoDimensionalSplitOfMemories: 0.09u 0.06s 104929e 901992kB
before extractMemories: 0.09u 0.06s 104929e 901992kB
after extractMemories: 0.09u 0.06s 104929e 901992kB
before extractHolds: 0.09u 0.06s 104929e 901992kB
after extractHolds: 0.09u 0.06s 104929e 901992kB
before simplifyAdders: 0.09u 0.06s 104929e 901992kB
after simplifyAdders: 0.09u 0.06s 104929e 901992kB
before optimizeLessThan: 0.09u 0.06s 104929e 901992kB
after optimizeLessThan: 0.09u 0.06s 104929e 901992kB
before reportUnresolvedType: 0.09u 0.06s 104929e 901992kB
after reportUnresolvedType: 0.09u 0.06s 104929e 901992kB
before dumpingPerModuleScm : 0.09u 0.06s 104929e 901992kB
after dumpingPerModuleScm : 0.09u 0.06s 104929e 901992kB

Processing ZebuClockDetectFront_0
before constantPropagate: 0.09u 0.06s 104929e 901992kB
after constantPropagate: 0.09u 0.06s 104929e 901992kB
before removeUnusedSignals circuit: 0.09u 0.06s 104929e 901992kB
after removeUnusedSignals circuit: 0.09u 0.06s 104929e 901992kB
before optimize latch enable: 0.09u 0.06s 104929e 901992kB
after optimize latch enable: 0.09u 0.06s 104929e 901992kB
before removeReadAfterMissingWrite: 0.09u 0.06s 104929e 901992kB
after removeReadAfterMissingWrite: 0.09u 0.06s 104929e 901992kB
before undoDimensionalSplitOfMemories: 0.09u 0.06s 104929e 901992kB
after undoDimensionalSplitOfMemories: 0.09u 0.06s 104929e 901992kB
before extractMemories: 0.09u 0.06s 104929e 901992kB
after extractMemories: 0.09u 0.06s 104929e 901992kB
before extractHolds: 0.09u 0.06s 104929e 901992kB
after extractHolds: 0.09u 0.06s 104929e 901992kB
before simplifyAdders: 0.09u 0.06s 104929e 901992kB
after simplifyAdders: 0.09u 0.06s 104929e 901992kB
before optimizeLessThan: 0.09u 0.06s 104929e 901992kB
after optimizeLessThan: 0.09u 0.06s 104929e 901992kB
before reportUnresolvedType: 0.09u 0.06s 104929e 901992kB
after reportUnresolvedType: 0.09u 0.06s 104929e 901992kB
before dumpingPerModuleScm : 0.09u 0.06s 104929e 901992kB
after dumpingPerModuleScm : 0.09u 0.06s 104929e 901992kB

Processing ZebuClockDetectFront_7
before constantPropagate: 0.09u 0.06s 104929e 901992kB
after constantPropagate: 0.09u 0.06s 104929e 901992kB
before removeUnusedSignals circuit: 0.09u 0.06s 104929e 901992kB
after removeUnusedSignals circuit: 0.09u 0.06s 104929e 901992kB
before optimize latch enable: 0.09u 0.06s 104929e 901992kB
after optimize latch enable: 0.09u 0.06s 104929e 901992kB
before removeReadAfterMissingWrite: 0.09u 0.06s 104929e 901992kB
after removeReadAfterMissingWrite: 0.09u 0.06s 104929e 901992kB
before undoDimensionalSplitOfMemories: 0.09u 0.06s 104929e 901992kB
after undoDimensionalSplitOfMemories: 0.09u 0.06s 104929e 901992kB
before extractMemories: 0.09u 0.06s 104929e 901992kB
after extractMemories: 0.09u 0.06s 104929e 901992kB
before extractHolds: 0.09u 0.06s 104929e 901992kB
after extractHolds: 0.09u 0.06s 104929e 901992kB
before simplifyAdders: 0.09u 0.06s 104929e 901992kB
after simplifyAdders: 0.09u 0.06s 104929e 901992kB
before optimizeLessThan: 0.09u 0.06s 104929e 901992kB
after optimizeLessThan: 0.09u 0.06s 104929e 901992kB
before reportUnresolvedType: 0.09u 0.06s 104929e 901992kB
after reportUnresolvedType: 0.09u 0.06s 104929e 901992kB
before dumpingPerModuleScm : 0.09u 0.06s 104929e 901992kB
after dumpingPerModuleScm : 0.09u 0.06s 104929e 901992kB

Processing rl_ifu_iccm
before constantPropagate: 0.09u 0.06s 104929e 901992kB
after constantPropagate: 0.09u 0.06s 104929e 901992kB
before removeUnusedSignals circuit: 0.09u 0.06s 104929e 901992kB
after removeUnusedSignals circuit: 0.09u 0.06s 104929e 901992kB
before optimize latch enable: 0.09u 0.06s 104929e 901992kB
after optimize latch enable: 0.09u 0.06s 104929e 901992kB
before removeReadAfterMissingWrite: 0.09u 0.06s 104929e 901992kB
after removeReadAfterMissingWrite: 0.09u 0.06s 104929e 901992kB
before undoDimensionalSplitOfMemories: 0.09u 0.06s 104929e 901992kB
after undoDimensionalSplitOfMemories: 0.09u 0.06s 104929e 901992kB
before extractMemories: 0.09u 0.06s 104929e 901992kB
after extractMemories: 0.09u 0.06s 104929e 901992kB
before extractHolds: 0.09u 0.06s 104929e 901992kB
after extractHolds: 0.09u 0.06s 104935e 901992kB
before simplifyAdders: 0.09u 0.06s 104935e 901992kB
after simplifyAdders: 0.09u 0.06s 104935e 901992kB
before optimizeLessThan: 0.09u 0.06s 104935e 901992kB
after optimizeLessThan: 0.09u 0.06s 104935e 901992kB
before reportUnresolvedType: 0.09u 0.06s 104935e 901992kB
after reportUnresolvedType: 0.09u 0.06s 104935e 901992kB
before dumpingPerModuleScm : 0.09u 0.06s 104935e 901992kB
after dumpingPerModuleScm : 0.1u 0.06s 104935e 901992kB

Processing rl_ifu
before constantPropagate: 0.1u 0.06s 104935e 901992kB
after constantPropagate: 0.1u 0.06s 104935e 901992kB
before removeUnusedSignals circuit: 0.1u 0.06s 104935e 901992kB
after removeUnusedSignals circuit: 0.1u 0.06s 104935e 901992kB
before optimize latch enable: 0.1u 0.06s 104935e 901992kB
after optimize latch enable: 0.1u 0.06s 104935e 901992kB
before removeReadAfterMissingWrite: 0.1u 0.06s 104935e 901992kB
after removeReadAfterMissingWrite: 0.1u 0.06s 104935e 901992kB
before undoDimensionalSplitOfMemories: 0.1u 0.06s 104935e 901992kB
after undoDimensionalSplitOfMemories: 0.1u 0.06s 104935e 901992kB
before extractMemories: 0.1u 0.06s 104935e 901992kB
after extractMemories: 0.1u 0.06s 104935e 901992kB
before extractHolds: 0.1u 0.06s 104935e 901992kB
after extractHolds: 0.1u 0.06s 104935e 901992kB
before simplifyAdders: 0.1u 0.06s 104935e 901992kB
after simplifyAdders: 0.1u 0.06s 104935e 901992kB
before optimizeLessThan: 0.1u 0.06s 104935e 901992kB
after optimizeLessThan: 0.1u 0.06s 104935e 901992kB
before reportUnresolvedType: 0.1u 0.06s 104935e 901992kB
after reportUnresolvedType: 0.1u 0.06s 104935e 901992kB
before dumpingPerModuleScm : 0.1u 0.06s 104935e 901992kB
after dumpingPerModuleScm : 0.1u 0.06s 104935e 901992kB

Processing rl_maskgen
before constantPropagate: 0.1u 0.06s 104935e 901992kB
after constantPropagate: 0.1u 0.06s 104935e 901992kB
before removeUnusedSignals circuit: 0.1u 0.06s 104935e 901992kB
after removeUnusedSignals circuit: 0.1u 0.06s 104935e 901992kB
before optimize latch enable: 0.1u 0.06s 104935e 901992kB
after optimize latch enable: 0.1u 0.06s 104935e 901992kB
before removeReadAfterMissingWrite: 0.1u 0.06s 104935e 901992kB
after removeReadAfterMissingWrite: 0.1u 0.06s 104935e 901992kB
before undoDimensionalSplitOfMemories: 0.1u 0.06s 104935e 901992kB
after undoDimensionalSplitOfMemories: 0.1u 0.06s 104935e 901992kB
before extractMemories: 0.1u 0.06s 104935e 901992kB
after extractMemories: 0.1u 0.06s 104935e 901992kB
before extractHolds: 0.1u 0.06s 104935e 901992kB
after extractHolds: 0.1u 0.06s 104935e 901992kB
before simplifyAdders: 0.1u 0.06s 104935e 901992kB
after simplifyAdders: 0.1u 0.06s 104935e 901992kB
before optimizeLessThan: 0.1u 0.06s 104935e 901992kB
after optimizeLessThan: 0.1u 0.06s 104935e 901992kB
before reportUnresolvedType: 0.1u 0.06s 104935e 901992kB
after reportUnresolvedType: 0.1u 0.06s 104935e 901992kB
before dumpingPerModuleScm : 0.1u 0.06s 104935e 901992kB
after dumpingPerModuleScm : 0.1u 0.06s 104935e 901992kB

Processing rl_alu_data_path
before constantPropagate: 0.1u 0.06s 104935e 901992kB
after constantPropagate: 0.1u 0.06s 104935e 901992kB
before removeUnusedSignals circuit: 0.1u 0.06s 104935e 901992kB
after removeUnusedSignals circuit: 0.1u 0.06s 104935e 901992kB
before optimize latch enable: 0.1u 0.06s 104935e 901992kB
after optimize latch enable: 0.1u 0.06s 104935e 901992kB
before removeReadAfterMissingWrite: 0.1u 0.06s 104935e 901992kB
after removeReadAfterMissingWrite: 0.1u 0.06s 104935e 901992kB
before undoDimensionalSplitOfMemories: 0.1u 0.06s 104935e 901992kB
after undoDimensionalSplitOfMemories: 0.1u 0.06s 104935e 901992kB
before extractMemories: 0.1u 0.06s 104935e 901992kB
after extractMemories: 0.1u 0.06s 104935e 901992kB
before extractHolds: 0.1u 0.06s 104935e 901992kB
after extractHolds: 0.1u 0.06s 104935e 901992kB
before simplifyAdders: 0.11u 0.06s 104935e 901992kB
after simplifyAdders: 0.11u 0.06s 104935e 901992kB
before optimizeLessThan: 0.11u 0.06s 104935e 901992kB
after optimizeLessThan: 0.11u 0.06s 104935e 901992kB
before reportUnresolvedType: 0.11u 0.06s 104935e 901992kB
after reportUnresolvedType: 0.11u 0.06s 104935e 901992kB
before dumpingPerModuleScm : 0.11u 0.06s 104935e 901992kB
after dumpingPerModuleScm : 0.11u 0.06s 104935e 901992kB

Processing rl_wtree_comp222
before constantPropagate: 0.11u 0.06s 104935e 901992kB
after constantPropagate: 0.11u 0.06s 104935e 901992kB
before removeUnusedSignals circuit: 0.11u 0.06s 104935e 901992kB
after removeUnusedSignals circuit: 0.11u 0.06s 104935e 901992kB
before optimize latch enable: 0.11u 0.06s 104935e 901992kB
after optimize latch enable: 0.11u 0.06s 104935e 901992kB
before removeReadAfterMissingWrite: 0.11u 0.06s 104935e 901992kB
after removeReadAfterMissingWrite: 0.11u 0.06s 104935e 901992kB
before undoDimensionalSplitOfMemories: 0.11u 0.06s 104935e 901992kB
after undoDimensionalSplitOfMemories: 0.11u 0.06s 104935e 901992kB
before extractMemories: 0.11u 0.06s 104935e 901992kB
after extractMemories: 0.11u 0.06s 104935e 901992kB
before extractHolds: 0.11u 0.06s 104935e 901992kB
after extractHolds: 0.11u 0.06s 104935e 901992kB
before simplifyAdders: 0.11u 0.06s 104935e 901992kB
after simplifyAdders: 0.11u 0.06s 104935e 901992kB
before optimizeLessThan: 0.11u 0.06s 104935e 901992kB
after optimizeLessThan: 0.11u 0.06s 104935e 901992kB
before reportUnresolvedType: 0.11u 0.06s 104935e 901992kB
after reportUnresolvedType: 0.11u 0.06s 104935e 901992kB
before dumpingPerModuleScm : 0.11u 0.06s 104935e 901992kB
after dumpingPerModuleScm : 0.11u 0.06s 104935e 901992kB

Processing rl_wtree_32x4
before constantPropagate: 0.11u 0.06s 104935e 901992kB
after constantPropagate: 0.11u 0.06s 104935e 901992kB
before removeUnusedSignals circuit: 0.11u 0.06s 104935e 901992kB
after removeUnusedSignals circuit: 0.11u 0.06s 104935e 901992kB
before optimize latch enable: 0.11u 0.06s 104935e 901992kB
after optimize latch enable: 0.11u 0.06s 104935e 901992kB
before removeReadAfterMissingWrite: 0.11u 0.06s 104935e 901992kB
after removeReadAfterMissingWrite: 0.11u 0.06s 104935e 901992kB
before undoDimensionalSplitOfMemories: 0.11u 0.06s 104935e 901992kB
after undoDimensionalSplitOfMemories: 0.11u 0.06s 104935e 901992kB
before extractMemories: 0.11u 0.06s 104935e 901992kB
after extractMemories: 0.11u 0.06s 104935e 901992kB
before extractHolds: 0.11u 0.06s 104935e 901992kB
after extractHolds: 0.11u 0.06s 104935e 901992kB
before simplifyAdders: 0.11u 0.06s 104935e 901992kB
after simplifyAdders: 0.11u 0.06s 104935e 901992kB
before optimizeLessThan: 0.11u 0.06s 104935e 901992kB
after optimizeLessThan: 0.11u 0.06s 104935e 901992kB
before reportUnresolvedType: 0.11u 0.06s 104935e 901992kB
after reportUnresolvedType: 0.11u 0.06s 104935e 901992kB
before dumpingPerModuleScm : 0.11u 0.06s 104935e 901992kB
after dumpingPerModuleScm : 0.11u 0.06s 104935e 901992kB

Processing rl_complete
before constantPropagate: 0.11u 0.06s 104935e 901992kB
after constantPropagate: 0.11u 0.06s 104935e 901992kB
before removeUnusedSignals circuit: 0.11u 0.06s 104935e 901992kB
after removeUnusedSignals circuit: 0.11u 0.06s 104935e 901992kB
before optimize latch enable: 0.11u 0.06s 104935e 901992kB
after optimize latch enable: 0.11u 0.06s 104935e 901992kB
before removeReadAfterMissingWrite: 0.11u 0.06s 104935e 901992kB
after removeReadAfterMissingWrite: 0.11u 0.06s 104935e 901992kB
before undoDimensionalSplitOfMemories: 0.11u 0.06s 104935e 901992kB
after undoDimensionalSplitOfMemories: 0.12u 0.06s 104935e 901992kB
before extractMemories: 0.12u 0.06s 104935e 901992kB
after extractMemories: 0.12u 0.06s 104935e 901992kB
before extractHolds: 0.12u 0.06s 104935e 901992kB
after extractHolds: 0.12u 0.06s 104935e 901992kB
before simplifyAdders: 0.12u 0.07s 104935e 901992kB
after simplifyAdders: 0.12u 0.07s 104935e 901992kB
before optimizeLessThan: 0.12u 0.07s 104935e 901992kB
after optimizeLessThan: 0.12u 0.07s 104935e 901992kB
before reportUnresolvedType: 0.12u 0.07s 104935e 901992kB
after reportUnresolvedType: 0.12u 0.07s 104935e 901992kB
before dumpingPerModuleScm : 0.12u 0.07s 104935e 901992kB
after dumpingPerModuleScm : 0.12u 0.07s 104935e 901992kB

Processing rl_dmp_dccm_ibp_wrapper
before constantPropagate: 0.12u 0.07s 104935e 901992kB
after constantPropagate: 0.12u 0.07s 104935e 901992kB
before removeUnusedSignals circuit: 0.12u 0.07s 104935e 901992kB
after removeUnusedSignals circuit: 0.12u 0.07s 104935e 901992kB
before optimize latch enable: 0.12u 0.07s 104935e 901992kB
after optimize latch enable: 0.12u 0.07s 104935e 901992kB
before removeReadAfterMissingWrite: 0.12u 0.07s 104935e 901992kB
after removeReadAfterMissingWrite: 0.12u 0.07s 104935e 901992kB
before undoDimensionalSplitOfMemories: 0.12u 0.07s 104935e 901992kB
after undoDimensionalSplitOfMemories: 0.12u 0.07s 104935e 901992kB
before extractMemories: 0.12u 0.07s 104935e 901992kB
after extractMemories: 0.12u 0.07s 104935e 901992kB
before extractHolds: 0.12u 0.07s 104935e 901992kB
after extractHolds: 0.12u 0.07s 104943e 901992kB
before simplifyAdders: 0.12u 0.07s 104943e 901992kB
after simplifyAdders: 0.12u 0.07s 104943e 901992kB
before optimizeLessThan: 0.12u 0.07s 104943e 901992kB
after optimizeLessThan: 0.12u 0.07s 104943e 901992kB
before reportUnresolvedType: 0.12u 0.07s 104943e 901992kB
after reportUnresolvedType: 0.12u 0.07s 104943e 901992kB
before dumpingPerModuleScm : 0.12u 0.07s 104943e 901992kB
after dumpingPerModuleScm : 0.12u 0.07s 104943e 901992kB

Processing rl_triggers_iso
before constantPropagate: 0.12u 0.07s 104943e 901992kB
after constantPropagate: 0.12u 0.07s 104943e 901992kB
before removeUnusedSignals circuit: 0.12u 0.07s 104943e 901992kB
after removeUnusedSignals circuit: 0.12u 0.07s 104943e 901992kB
before optimize latch enable: 0.12u 0.07s 104943e 901992kB
after optimize latch enable: 0.12u 0.07s 104943e 901992kB
before removeReadAfterMissingWrite: 0.12u 0.07s 104943e 901992kB
after removeReadAfterMissingWrite: 0.12u 0.07s 104943e 901992kB
before undoDimensionalSplitOfMemories: 0.12u 0.07s 104943e 901992kB
after undoDimensionalSplitOfMemories: 0.12u 0.07s 104943e 901992kB
before extractMemories: 0.12u 0.07s 104943e 901992kB
after extractMemories: 0.12u 0.07s 104943e 901992kB
before extractHolds: 0.12u 0.07s 104943e 901992kB
after extractHolds: 0.12u 0.07s 104943e 901992kB
before simplifyAdders: 0.12u 0.07s 104943e 901992kB
after simplifyAdders: 0.12u 0.07s 104943e 901992kB
before optimizeLessThan: 0.12u 0.07s 104943e 901992kB
after optimizeLessThan: 0.12u 0.07s 104943e 901992kB
before reportUnresolvedType: 0.12u 0.07s 104943e 901992kB
after reportUnresolvedType: 0.12u 0.07s 104943e 901992kB
before dumpingPerModuleScm : 0.12u 0.07s 104943e 901992kB
after dumpingPerModuleScm : 0.12u 0.07s 104943e 901992kB

Processing odd_pty_enc_0000
before constantPropagate: 0.12u 0.07s 104943e 901992kB
after constantPropagate: 0.12u 0.07s 104943e 901992kB
before removeUnusedSignals circuit: 0.12u 0.07s 104943e 901992kB
after removeUnusedSignals circuit: 0.12u 0.07s 104943e 901992kB
before optimize latch enable: 0.12u 0.07s 104943e 901992kB
after optimize latch enable: 0.12u 0.07s 104943e 901992kB
before removeReadAfterMissingWrite: 0.12u 0.07s 104943e 901992kB
after removeReadAfterMissingWrite: 0.12u 0.07s 104943e 901992kB
before undoDimensionalSplitOfMemories: 0.12u 0.07s 104943e 901992kB
after undoDimensionalSplitOfMemories: 0.12u 0.07s 104943e 901992kB
before extractMemories: 0.12u 0.07s 104943e 901992kB
after extractMemories: 0.12u 0.07s 104943e 901992kB
before extractHolds: 0.12u 0.07s 104943e 901992kB
after extractHolds: 0.12u 0.07s 104943e 901992kB
before simplifyAdders: 0.12u 0.07s 104943e 901992kB
after simplifyAdders: 0.12u 0.07s 104943e 901992kB
before optimizeLessThan: 0.12u 0.07s 104943e 901992kB
after optimizeLessThan: 0.12u 0.07s 104943e 901992kB
before reportUnresolvedType: 0.12u 0.07s 104943e 901992kB
after reportUnresolvedType: 0.12u 0.07s 104943e 901992kB
before dumpingPerModuleScm : 0.12u 0.07s 104943e 901992kB
after dumpingPerModuleScm : 0.12u 0.07s 104943e 901992kB

Processing odd_pty_dec_wrap_0000
before constantPropagate: 0.12u 0.07s 104943e 901992kB
after constantPropagate: 0.12u 0.07s 104943e 901992kB
before removeUnusedSignals circuit: 0.12u 0.07s 104943e 901992kB
after removeUnusedSignals circuit: 0.12u 0.07s 104943e 901992kB
before optimize latch enable: 0.12u 0.07s 104943e 901992kB
after optimize latch enable: 0.12u 0.07s 104943e 901992kB
before removeReadAfterMissingWrite: 0.12u 0.07s 104943e 901992kB
after removeReadAfterMissingWrite: 0.12u 0.07s 104943e 901992kB
before undoDimensionalSplitOfMemories: 0.12u 0.07s 104943e 901992kB
after undoDimensionalSplitOfMemories: 0.12u 0.07s 104943e 901992kB
before extractMemories: 0.12u 0.07s 104943e 901992kB
after extractMemories: 0.12u 0.07s 104943e 901992kB
before extractHolds: 0.12u 0.07s 104943e 901992kB
after extractHolds: 0.12u 0.07s 104943e 901992kB
before simplifyAdders: 0.12u 0.07s 104943e 901992kB
after simplifyAdders: 0.12u 0.07s 104943e 901992kB
before optimizeLessThan: 0.12u 0.07s 104943e 901992kB
after optimizeLessThan: 0.12u 0.07s 104943e 901992kB
before reportUnresolvedType: 0.12u 0.07s 104943e 901992kB
after reportUnresolvedType: 0.12u 0.07s 104943e 901992kB
before dumpingPerModuleScm : 0.12u 0.07s 104943e 901992kB
after dumpingPerModuleScm : 0.12u 0.07s 104943e 901992kB

Processing odd_pty_qual_dec_wrap_0000_0001
before constantPropagate: 0.12u 0.07s 104943e 901992kB
after constantPropagate: 0.12u 0.07s 104943e 901992kB
before removeUnusedSignals circuit: 0.12u 0.07s 104943e 901992kB
after removeUnusedSignals circuit: 0.12u 0.07s 104943e 901992kB
before optimize latch enable: 0.12u 0.07s 104943e 901992kB
after optimize latch enable: 0.12u 0.07s 104943e 901992kB
before removeReadAfterMissingWrite: 0.12u 0.07s 104943e 901992kB
after removeReadAfterMissingWrite: 0.12u 0.07s 104943e 901992kB
before undoDimensionalSplitOfMemories: 0.12u 0.07s 104943e 901992kB
after undoDimensionalSplitOfMemories: 0.12u 0.07s 104943e 901992kB
before extractMemories: 0.12u 0.07s 104943e 901992kB
after extractMemories: 0.12u 0.07s 104943e 901992kB
before extractHolds: 0.12u 0.07s 104943e 901992kB
after extractHolds: 0.12u 0.07s 104943e 901992kB
before simplifyAdders: 0.12u 0.07s 104943e 901992kB
after simplifyAdders: 0.12u 0.07s 104943e 901992kB
before optimizeLessThan: 0.12u 0.07s 104943e 901992kB
after optimizeLessThan: 0.12u 0.07s 104943e 901992kB
before reportUnresolvedType: 0.12u 0.07s 104943e 901992kB
after reportUnresolvedType: 0.12u 0.07s 104943e 901992kB
before dumpingPerModuleScm : 0.12u 0.07s 104943e 901992kB
after dumpingPerModuleScm : 0.12u 0.07s 104943e 901992kB

Processing rl_parity_gen_0000_0000
before constantPropagate: 0.12u 0.07s 104943e 901992kB
after constantPropagate: 0.12u 0.07s 104943e 901992kB
before removeUnusedSignals circuit: 0.12u 0.07s 104943e 901992kB
after removeUnusedSignals circuit: 0.12u 0.07s 104943e 901992kB
before optimize latch enable: 0.12u 0.07s 104943e 901992kB
after optimize latch enable: 0.12u 0.07s 104943e 901992kB
before removeReadAfterMissingWrite: 0.12u 0.07s 104943e 901992kB
after removeReadAfterMissingWrite: 0.12u 0.07s 104943e 901992kB
before undoDimensionalSplitOfMemories: 0.12u 0.07s 104943e 901992kB
after undoDimensionalSplitOfMemories: 0.12u 0.07s 104943e 901992kB
before extractMemories: 0.12u 0.07s 104943e 901992kB
after extractMemories: 0.12u 0.07s 104943e 901992kB
before extractHolds: 0.12u 0.07s 104943e 901992kB
after extractHolds: 0.12u 0.07s 104943e 901992kB
before simplifyAdders: 0.12u 0.07s 104943e 901992kB
after simplifyAdders: 0.12u 0.07s 104943e 901992kB
before optimizeLessThan: 0.12u 0.07s 104943e 901992kB
after optimizeLessThan: 0.12u 0.07s 104943e 901992kB
before reportUnresolvedType: 0.12u 0.07s 104943e 901992kB
after reportUnresolvedType: 0.13u 0.07s 104943e 901992kB
before dumpingPerModuleScm : 0.13u 0.07s 104943e 901992kB
after dumpingPerModuleScm : 0.13u 0.07s 104943e 901992kB

Processing rl_per_ibp2ahb
before constantPropagate: 0.13u 0.07s 104943e 901992kB
after constantPropagate: 0.13u 0.07s 104943e 901992kB
before removeUnusedSignals circuit: 0.13u 0.07s 104943e 901992kB
after removeUnusedSignals circuit: 0.13u 0.07s 104943e 901992kB
before optimize latch enable: 0.13u 0.07s 104943e 901992kB
after optimize latch enable: 0.13u 0.07s 104943e 901992kB
before removeReadAfterMissingWrite: 0.13u 0.07s 104943e 901992kB
after removeReadAfterMissingWrite: 0.13u 0.07s 104943e 901992kB
before undoDimensionalSplitOfMemories: 0.13u 0.07s 104943e 901992kB
after undoDimensionalSplitOfMemories: 0.13u 0.07s 104943e 901992kB
before extractMemories: 0.13u 0.07s 104943e 901992kB
after extractMemories: 0.13u 0.07s 104943e 901992kB
before extractHolds: 0.13u 0.07s 104943e 901992kB
after extractHolds: 0.13u 0.07s 104943e 901992kB
before simplifyAdders: 0.13u 0.07s 104943e 901992kB
after simplifyAdders: 0.13u 0.07s 104943e 901992kB
before optimizeLessThan: 0.13u 0.07s 104943e 901992kB
after optimizeLessThan: 0.13u 0.07s 104943e 901992kB
before reportUnresolvedType: 0.13u 0.07s 104943e 901992kB
after reportUnresolvedType: 0.13u 0.07s 104943e 901992kB
before dumpingPerModuleScm : 0.13u 0.07s 104943e 901992kB
after dumpingPerModuleScm : 0.13u 0.07s 104943e 901992kB

Processing rl_mmio_ahb2ibp
before constantPropagate: 0.13u 0.07s 104943e 901992kB
after constantPropagate: 0.14u 0.07s 104943e 901992kB
before removeUnusedSignals circuit: 0.14u 0.07s 104943e 901992kB
after removeUnusedSignals circuit: 0.14u 0.07s 104943e 901992kB
before optimize latch enable: 0.14u 0.07s 104943e 901992kB
after optimize latch enable: 0.14u 0.07s 104943e 901992kB
before removeReadAfterMissingWrite: 0.14u 0.07s 104943e 901992kB
after removeReadAfterMissingWrite: 0.14u 0.07s 104943e 901992kB
before undoDimensionalSplitOfMemories: 0.14u 0.07s 104943e 901992kB
after undoDimensionalSplitOfMemories: 0.14u 0.07s 104943e 901992kB
before extractMemories: 0.14u 0.07s 104943e 901992kB
after extractMemories: 0.14u 0.07s 104943e 901992kB
before extractHolds: 0.14u 0.07s 104943e 901992kB
after extractHolds: 0.14u 0.07s 104943e 901992kB
before simplifyAdders: 0.14u 0.07s 104943e 901992kB
after simplifyAdders: 0.14u 0.07s 104943e 901992kB
before optimizeLessThan: 0.14u 0.07s 104943e 901992kB
after optimizeLessThan: 0.14u 0.07s 104943e 901992kB
before reportUnresolvedType: 0.14u 0.07s 104943e 901992kB
after reportUnresolvedType: 0.14u 0.07s 104943e 901992kB
before dumpingPerModuleScm : 0.14u 0.07s 104943e 901992kB
after dumpingPerModuleScm : 0.14u 0.07s 104943e 901992kB

Processing arcv_timer
before constantPropagate: 0.14u 0.07s 104943e 901992kB
after constantPropagate: 0.14u 0.07s 104943e 901992kB
before removeUnusedSignals circuit: 0.14u 0.07s 104943e 901992kB
after removeUnusedSignals circuit: 0.14u 0.07s 104943e 901992kB
before optimize latch enable: 0.14u 0.07s 104943e 901992kB
after optimize latch enable: 0.14u 0.07s 104943e 901992kB
before removeReadAfterMissingWrite: 0.14u 0.07s 104943e 901992kB
after removeReadAfterMissingWrite: 0.14u 0.07s 104943e 901992kB
before undoDimensionalSplitOfMemories: 0.14u 0.07s 104943e 901992kB
after undoDimensionalSplitOfMemories: 0.14u 0.07s 104943e 901992kB
before extractMemories: 0.14u 0.07s 104943e 901992kB
after extractMemories: 0.14u 0.07s 104943e 901992kB
before extractHolds: 0.14u 0.07s 104943e 901992kB
after extractHolds: 0.14u 0.07s 104946e 901992kB
before simplifyAdders: 0.14u 0.07s 104946e 901992kB
after simplifyAdders: 0.14u 0.07s 104946e 901992kB
before optimizeLessThan: 0.14u 0.07s 104946e 901992kB
after optimizeLessThan: 0.14u 0.07s 104946e 901992kB
before reportUnresolvedType: 0.14u 0.07s 104946e 901992kB
after reportUnresolvedType: 0.14u 0.07s 104946e 901992kB
before dumpingPerModuleScm : 0.14u 0.07s 104946e 901992kB
after dumpingPerModuleScm : 0.14u 0.07s 104946e 901992kB

Processing rl_cpu_top
before constantPropagate: 0.14u 0.07s 104946e 901992kB
after constantPropagate: 0.14u 0.07s 104946e 901992kB
before removeUnusedSignals circuit: 0.14u 0.07s 104946e 901992kB
after removeUnusedSignals circuit: 0.14u 0.07s 104946e 901992kB
before optimize latch enable: 0.14u 0.07s 104946e 901992kB
after optimize latch enable: 0.14u 0.07s 104946e 901992kB
before removeReadAfterMissingWrite: 0.14u 0.07s 104946e 901992kB
after removeReadAfterMissingWrite: 0.14u 0.07s 104946e 901992kB
before undoDimensionalSplitOfMemories: 0.15u 0.07s 104946e 901992kB
after undoDimensionalSplitOfMemories: 0.15u 0.07s 104946e 901992kB
before extractMemories: 0.15u 0.07s 104946e 901992kB
after extractMemories: 0.15u 0.07s 104946e 901992kB
before extractHolds: 0.15u 0.07s 104946e 901992kB
after extractHolds: 0.15u 0.07s 104946e 901992kB
before simplifyAdders: 0.15u 0.07s 104946e 901992kB
after simplifyAdders: 0.15u 0.07s 104946e 901992kB
before optimizeLessThan: 0.15u 0.07s 104946e 901992kB
after optimizeLessThan: 0.15u 0.07s 104946e 901992kB
before reportUnresolvedType: 0.15u 0.07s 104946e 901992kB
after reportUnresolvedType: 0.15u 0.07s 104946e 901992kB
before dumpingPerModuleScm : 0.15u 0.07s 104946e 901992kB
after dumpingPerModuleScm : 0.15u 0.07s 104946e 901992kB

Processing ls_sfty_mnt_diag_ctrl_0000
before constantPropagate: 0.15u 0.07s 104946e 901992kB
after constantPropagate: 0.15u 0.07s 104946e 901992kB
before removeUnusedSignals circuit: 0.15u 0.07s 104946e 901992kB
after removeUnusedSignals circuit: 0.15u 0.07s 104946e 901992kB
before optimize latch enable: 0.15u 0.07s 104946e 901992kB
after optimize latch enable: 0.15u 0.07s 104946e 901992kB
before removeReadAfterMissingWrite: 0.15u 0.07s 104946e 901992kB
after removeReadAfterMissingWrite: 0.15u 0.07s 104946e 901992kB
before undoDimensionalSplitOfMemories: 0.15u 0.07s 104946e 901992kB
after undoDimensionalSplitOfMemories: 0.15u 0.07s 104946e 901992kB
before extractMemories: 0.15u 0.07s 104946e 901992kB
after extractMemories: 0.15u 0.07s 104946e 901992kB
before extractHolds: 0.15u 0.07s 104946e 901992kB
after extractHolds: 0.15u 0.07s 104946e 901992kB
before simplifyAdders: 0.15u 0.07s 104946e 901992kB
after simplifyAdders: 0.15u 0.07s 104946e 901992kB
before optimizeLessThan: 0.15u 0.07s 104946e 901992kB
after optimizeLessThan: 0.15u 0.07s 104946e 901992kB
before reportUnresolvedType: 0.15u 0.07s 104946e 901992kB
after reportUnresolvedType: 0.16u 0.07s 104946e 901992kB
before dumpingPerModuleScm : 0.16u 0.07s 104946e 901992kB
after dumpingPerModuleScm : 0.16u 0.07s 104946e 901992kB

Processing fpga_sram_0002_0000
before constantPropagate: 0.16u 0.07s 104946e 901992kB
after constantPropagate: 0.16u 0.07s 104946e 901992kB
before removeUnusedSignals circuit: 0.16u 0.07s 104946e 901992kB
after removeUnusedSignals circuit: 0.16u 0.07s 104946e 901992kB
before optimize latch enable: 0.16u 0.07s 104946e 901992kB
after optimize latch enable: 0.16u 0.07s 104946e 901992kB
before removeReadAfterMissingWrite: 0.16u 0.07s 104946e 901992kB
after removeReadAfterMissingWrite: 0.16u 0.07s 104946e 901992kB
before undoDimensionalSplitOfMemories: 0.16u 0.07s 104946e 901992kB
after undoDimensionalSplitOfMemories: 0.16u 0.07s 104946e 901992kB
before extractMemories: 0.16u 0.07s 104946e 901992kB
after extractMemories: 0.18u 0.08s 105084e 901992kB
before extractHolds: 0.18u 0.08s 104923e 901992kB
after extractHolds: 0.18u 0.08s 104923e 901992kB
before simplifyAdders: 0.18u 0.08s 104923e 901992kB
after simplifyAdders: 0.18u 0.08s 104923e 901992kB
before optimizeLessThan: 0.18u 0.08s 104923e 901992kB
after optimizeLessThan: 0.18u 0.08s 104923e 901992kB
before reportUnresolvedType: 0.18u 0.08s 104923e 901992kB
after reportUnresolvedType: 0.18u 0.08s 104923e 901992kB
before dumpingPerModuleScm : 0.18u 0.08s 104923e 901992kB
after dumpingPerModuleScm : 0.18u 0.08s 104923e 901992kB

Processing ZebuClockDetectFront_61
before constantPropagate: 0.18u 0.08s 104923e 901992kB
after constantPropagate: 0.18u 0.08s 104923e 901992kB
before removeUnusedSignals circuit: 0.18u 0.08s 104923e 901992kB
after removeUnusedSignals circuit: 0.18u 0.08s 104923e 901992kB
before optimize latch enable: 0.18u 0.08s 104923e 901992kB
after optimize latch enable: 0.18u 0.08s 104923e 901992kB
before removeReadAfterMissingWrite: 0.18u 0.08s 104923e 901992kB
after removeReadAfterMissingWrite: 0.18u 0.08s 104923e 901992kB
before undoDimensionalSplitOfMemories: 0.18u 0.08s 104923e 901992kB
after undoDimensionalSplitOfMemories: 0.18u 0.08s 104923e 901992kB
before extractMemories: 0.18u 0.08s 104923e 901992kB
after extractMemories: 0.18u 0.08s 104923e 901992kB
before extractHolds: 0.18u 0.08s 104923e 901992kB
after extractHolds: 0.18u 0.08s 104923e 901992kB
before simplifyAdders: 0.18u 0.08s 104923e 901992kB
after simplifyAdders: 0.18u 0.08s 104923e 901992kB
before optimizeLessThan: 0.18u 0.08s 104923e 901992kB
after optimizeLessThan: 0.18u 0.08s 104923e 901992kB
before reportUnresolvedType: 0.18u 0.08s 104923e 901992kB
after reportUnresolvedType: 0.18u 0.08s 104923e 901992kB
before dumpingPerModuleScm : 0.18u 0.08s 104923e 901992kB
after dumpingPerModuleScm : 0.18u 0.08s 104923e 901992kB

Processing zebu_time_capture
before constantPropagate: 0.18u 0.08s 104923e 901992kB
after constantPropagate: 0.18u 0.08s 104923e 901992kB
before removeUnusedSignals circuit: 0.18u 0.08s 104923e 901992kB
after removeUnusedSignals circuit: 0.18u 0.08s 104923e 901992kB
before optimize latch enable: 0.18u 0.08s 104923e 901992kB
after optimize latch enable: 0.18u 0.08s 104923e 901992kB
before removeReadAfterMissingWrite: 0.18u 0.08s 104923e 901992kB
after removeReadAfterMissingWrite: 0.18u 0.08s 104923e 901992kB
before undoDimensionalSplitOfMemories: 0.18u 0.08s 104923e 901992kB
after undoDimensionalSplitOfMemories: 0.18u 0.08s 104923e 901992kB
before extractMemories: 0.18u 0.08s 104923e 901992kB
after extractMemories: 0.18u 0.08s 104923e 901992kB
before extractHolds: 0.18u 0.08s 104923e 901992kB
after extractHolds: 0.18u 0.08s 104953e 901992kB
before simplifyAdders: 0.18u 0.08s 104953e 901992kB
after simplifyAdders: 0.18u 0.08s 104953e 901992kB
before optimizeLessThan: 0.18u 0.08s 104953e 901992kB
after optimizeLessThan: 0.18u 0.08s 104953e 901992kB
before reportUnresolvedType: 0.18u 0.08s 104953e 901992kB
after reportUnresolvedType: 0.18u 0.08s 104953e 901992kB
before dumpingPerModuleScm : 0.18u 0.08s 104953e 901992kB
after dumpingPerModuleScm : 0.19u 0.08s 104953e 901992kB
