
Note-[SM_PME] Processing Module/Entity
  Processing: alb_mss_perfctrl Parameterized Name: alb_mss_perfctrl


Note-[SM_PME] Processing Module/Entity
  Processing: zemi3OutPortBuffer_169_4096_24 Parameterized Name: 
  zemi3OutPortBuffer_169_4096_24


Note-[SM_IIF] Instance Info
  Instance Count : module 'zemi3OutPortBuffer_169_4096_24' has 2 instances
  


Note-[SM_PME] Processing Module/Entity
  Processing: mss_bus_switch_ibpw2ibpn_0000 Parameterized Name: 
  mss_bus_switch_ibpw2ibpn_0000


Note-[SM_IIF] Instance Info
  Instance Count : module 'mss_bus_switch_ibpw2ibpn_0000' has 2 instances
  


Note-[SM_PME] Processing Module/Entity
  Processing: rl_pmp Parameterized Name: rl_pmp


Note-[SM_IIF] Instance Info
  Instance Count : module 'rl_pmp' has 32 instances
  


Note-[SM_PME] Processing Module/Entity
  Processing: mss_bus_switch_ibp_split_0000 Parameterized Name: 
  mss_bus_switch_ibp_split_0000


Note-[SM_IIF] Instance Info
  Instance Count : module 'mss_bus_switch_ibp_split_0000' has 3 instances
  


Note-[SM_PME] Processing Module/Entity
  Processing: alb_mss_mem_ibp_bypbuf_0000 Parameterized Name: 
  alb_mss_mem_ibp_bypbuf_0000


Note-[SM_IIF] Instance Info
  Instance Count : module 'alb_mss_mem_ibp_bypbuf_0000' has 4 instances
  


Note-[SM_PME] Processing Module/Entity
  Processing: mss_bus_switch_ibp_compr_0000 Parameterized Name: 
  mss_bus_switch_ibp_compr_0000


Note-[SM_IIF] Instance Info
  Instance Count : module 'mss_bus_switch_ibp_compr_0000' has 4 instances
  


Note-[SM_PME] Processing Module/Entity
  Processing: alb_mss_fab_fifo_0001_0003 Parameterized Name: 
  alb_mss_fab_fifo_0001_0003


Note-[SM_PME] Processing Module/Entity
  Processing: rl_ecc_cnt Parameterized Name: rl_ecc_cnt


Note-[SM_PME] Processing Module/Entity
  Processing: mss_bus_switch_ibpn2ibpw_0000 Parameterized Name: 
  mss_bus_switch_ibpn2ibpw_0000


Note-[SM_IIF] Instance Info
  Instance Count : module 'mss_bus_switch_ibpn2ibpw_0000' has 2 instances
  


Note-[SM_PME] Processing Module/Entity
  Processing: rl_pma Parameterized Name: rl_pma


Note-[SM_IIF] Instance Info
  Instance Count : module 'rl_pma' has 12 instances
  


Note-[SM_PME] Processing Module/Entity
  Processing: mss_bus_switch_fifo_0001_0002 Parameterized Name: 
  mss_bus_switch_fifo_0001_0002


Note-[SM_PME] Processing Module/Entity
  Processing: mss_bus_switch_ibpx2ibpy_0002 Parameterized Name: 
  mss_bus_switch_ibpx2ibpy_0002


Note-[SM_IIF] Instance Info
  Instance Count : module 'mss_bus_switch_ibpx2ibpy_0002' has 2 instances
  


Note-[SM_PME] Processing Module/Entity
  Processing: alb_mss_mem_ibp_cwbind_0000 Parameterized Name: 
  alb_mss_mem_ibp_cwbind_0000


Note-[SM_PME] Processing Module/Entity
  Processing: alb_mss_fab_ibp2single_0000 Parameterized Name: 
  alb_mss_fab_ibp2single_0000


Note-[SM_IIF] Instance Info
  Instance Count : module 'alb_mss_fab_ibp2single_0000' has 3 instances
  


Note-[SM_PME] Processing Module/Entity
  Processing: alb_mss_fpga_sram_0000 Parameterized Name: 
  alb_mss_fpga_sram_0000


Note-[SM_PME] Processing Module/Entity
  Processing: dwt_sys_clk_sync Parameterized Name: dwt_sys_clk_sync


Note-[SM_IIF] Instance Info
  Instance Count : module 'dwt_sys_clk_sync' has 2 instances
  


Note-[SM_PME] Processing Module/Entity
  Processing: alb_mss_fab_fifo_0000_000E Parameterized Name: 
  alb_mss_fab_fifo_0000_000E


Note-[SM_PME] Processing Module/Entity
  Processing: alb_mss_fab_fifo_0000_0010 Parameterized Name: 
  alb_mss_fab_fifo_0000_0010


Note-[SM_PME] Processing Module/Entity
  Processing: arcv_timer Parameterized Name: arcv_timer


Note-[SM_PME] Processing Module/Entity
  Processing: rl_dmp_cwb Parameterized Name: rl_dmp_cwb


Note-[SM_PME] Processing Module/Entity
  Processing: alb_mss_mem_fifo_0003_0000 Parameterized Name: 
  alb_mss_mem_fifo_0003_0000


Note-[SM_PME] Processing Module/Entity
  Processing: ls_compare_unit_000D Parameterized Name: ls_compare_unit_000D


Note-[SM_IIF] Instance Info
  Instance Count : module 'ls_compare_unit_000D' has 1 instances
  


Note-[SM_PME] Processing Module/Entity
  Processing: rl_soft_reset_aux Parameterized Name: rl_soft_reset_aux


Note-[SM_PME] Processing Module/Entity
  Processing: alb_mss_fab_ibp2pack Parameterized Name: alb_mss_fab_ibp2pack


Note-[SM_PME] Processing Module/Entity
  Processing: zebu_top Parameterized Name: zebu_top


Note-[SM_IIF] Instance Info
  Instance Count : module 'zebu_top' has 9 instances
  


Warning-[SM_BNDP] Blocking and Non Blocking Assignments in different Processes
  Found blocking and non-blocking assignments for signal 'ref_clk_cnt'. It has
  blocking assignments in file 
  '/remote/sdgedt/tools/reem/ZebuS5_oiginal/zebu_ifx_mini_rattle_6649a592_20250509/build/verilog/zebu_top.v'
  at line 88 and non-blocking assignments in file 
  '/remote/sdgedt/tools/reem/ZebuS5_oiginal/zebu_ifx_mini_rattle_6649a592_20250509/build/verilog/zebu_top.v'
  at line 89


Note-[SM_PME] Processing Module/Entity
  Processing: cpu_safety_monitor Parameterized Name: cpu_safety_monitor


Note-[SM_IIF] Instance Info
  Instance Count : module 'cpu_safety_monitor' has 3 instances
  


Note-[SM_PME] Processing Module/Entity
  Processing: alb_mss_fab_ibp2pack_0002 Parameterized Name: 
  alb_mss_fab_ibp2pack_0002


Note-[SM_PME] Processing Module/Entity
  Processing: rl_result_bus Parameterized Name: rl_result_bus


Warning-[SM_CLNM] Case Label Never Match
/remote/us01sgnfs00727/arc_fpga/moyanz/Ratter3/template/dw_dbp/zebu_ifx_mini_rattle_6649a592_20250509/build/verilog/RTL/rl_result_bus.v, 188
  Case label "4'b0101" would never match the condition


Warning-[SM_CLNM] Case Label Never Match
/remote/us01sgnfs00727/arc_fpga/moyanz/Ratter3/template/dw_dbp/zebu_ifx_mini_rattle_6649a592_20250509/build/verilog/RTL/rl_result_bus.v, 224
  Case label "4'b1001" would never match the condition


Note-[SM_PME] Processing Module/Entity
  Processing: arcv_watchdog Parameterized Name: arcv_watchdog


Note-[SM_IIF] Instance Info
  Instance Count : module 'arcv_watchdog' has 2 instances
  


Note-[SM_PME] Processing Module/Entity
  Processing: alb_mss_fab_pack2ibp_0002 Parameterized Name: 
  alb_mss_fab_pack2ibp_0002


Note-[SM_PME] Processing Module/Entity
  Processing: rl_ibp_target_wrapper Parameterized Name: rl_ibp_target_wrapper


Note-[SM_PME] Processing Module/Entity
  Processing: alb_mss_fab_fifo_0008 Parameterized Name: alb_mss_fab_fifo_0008


Note-[SM_PME] Processing Module/Entity
  Processing: clockDelayPort_0000 Parameterized Name: clockDelayPort_0000


Note-[SM_IIF] Instance Info
  Instance Count : module 'clockDelayPort_0000' has 4 instances
  


Warning-[SM_BNP] Blocking and Non Blocking Assignments in same Process
/remote/sdgregrsnapshot2/NB/linux64_VCS2021.09.2.ZEBU.B4.1/radify-src/unizfe/verilog/clockDelayPort.v, 60
  Found Blocking and Non Blocking Assignments for signals 
  <clock_neg_edge_counter_0, clock_pos_edge_counter_0> in the same process.


Note-[SM_PME] Processing Module/Entity
  Processing: alb_mss_fab_bypbuf_0000 Parameterized Name: 
  alb_mss_fab_bypbuf_0000


Note-[SM_IIF] Instance Info
  Instance Count : module 'alb_mss_fab_bypbuf_0000' has 1 instances
  


Note-[SM_PME] Processing Module/Entity
  Processing: alb_mss_fab_fifo_0003_0000 Parameterized Name: 
  alb_mss_fab_fifo_0003_0000


Note-[SM_PME] Processing Module/Entity
  Processing: mss_bus_switch_default_slv_0000 Parameterized Name: 
  mss_bus_switch_default_slv_0000


Note-[SM_PME] Processing Module/Entity
  Processing: alb_mss_fab_fifo_0000_000B Parameterized Name: 
  alb_mss_fab_fifo_0000_000B


Note-[SM_PME] Processing Module/Entity
  Processing: alb_mss_fab_fifo_0000_0001 Parameterized Name: 
  alb_mss_fab_fifo_0000_0001


Note-[SM_PME] Processing Module/Entity
  Processing: alb_mss_fab_fifo_0000_0008 Parameterized Name: 
  alb_mss_fab_fifo_0000_0008


Note-[SM_PME] Processing Module/Entity
  Processing: iccm0_ram Parameterized Name: iccm0_ram


Note-[SM_IIF] Instance Info
  Instance Count : module 'iccm0_ram' has 1 instances
  


Note-[SM_PME] Processing Module/Entity
  Processing: ls_compare_unit_0002 Parameterized Name: ls_compare_unit_0002


Note-[SM_IIF] Instance Info
  Instance Count : module 'ls_compare_unit_0002' has 1 instances
  


Note-[SM_PME] Processing Module/Entity
  Processing: alb_mss_fab_fifo_0004 Parameterized Name: alb_mss_fab_fifo_0004


Note-[SM_PME] Processing Module/Entity
  Processing: alb_mss_mem_fifo_0002 Parameterized Name: alb_mss_mem_fifo_0002


Note-[SM_PME] Processing Module/Entity
  Processing: rl_dmp_dccm_ecc_decoder Parameterized Name: 
  rl_dmp_dccm_ecc_decoder


Note-[SM_PME] Processing Module/Entity
  Processing: rl_dmp_load_aligner Parameterized Name: rl_dmp_load_aligner


Note-[SM_FCZO] Found casez with Overlaps
/remote/us01sgnfs00727/arc_fpga/moyanz/Ratter3/template/dw_dbp/zebu_ifx_mini_rattle_6649a592_20250509/build/verilog/RTL/rl_dmp_load_aligner.v, 66
  Can't convert casez statement with <41>% overlap levels to parallel form. 
  Still to make it parallel use Simon option <-casezOverlapPercentage=100>.


Note-[SM_PME] Processing Module/Entity
  Processing: ic_tag_ecc_decoder Parameterized Name: ic_tag_ecc_decoder


Note-[SM_PME] Processing Module/Entity
  Processing: rl_pma_hit Parameterized Name: rl_pma_hit


Note-[SM_PME] Processing Module/Entity
  Processing: zceiMessageOutPort_65 Parameterized Name: zceiMessageOutPort_65


Note-[SM_PME] Processing Module/Entity
  Processing: zebu_bb_sample_clk_uncond_66_1 Parameterized Name: 
  zebu_bb_sample_clk_uncond_66_1


Note-[SM_PME] Processing Module/Entity
  Processing: alb_mss_fab_fifo_0000_0005 Parameterized Name: 
  alb_mss_fab_fifo_0000_0005


Note-[SM_PME] Processing Module/Entity
  Processing: e2e_edc32_1stg_chk Parameterized Name: e2e_edc32_1stg_chk


Note-[SM_PME] Processing Module/Entity
  Processing: rl_parity_chk_0002_0000 Parameterized Name: 
  rl_parity_chk_0002_0000


Note-[SM_PME] Processing Module/Entity
  Processing: rl_parity_chk_0002_0001 Parameterized Name: 
  rl_parity_chk_0002_0001


Note-[SM_PME] Processing Module/Entity
  Processing: ls_multi_bit_comparator_0006 Parameterized Name: 
  ls_multi_bit_comparator_0006


Note-[SM_PME] Processing Module/Entity
  Processing: zebu_bb_sample_clk_uncond_sample_12_1 Parameterized Name: 
  zebu_bb_sample_clk_uncond_sample_12_1


Note-[SM_PME] Processing Module/Entity
  Processing: mss_bus_switch_rrobin Parameterized Name: mss_bus_switch_rrobin


Note-[SM_PME] Processing Module/Entity
  Processing: arcv_timer_synch Parameterized Name: arcv_timer_synch


Note-[SM_IIF] Instance Info
  Instance Count : module 'arcv_timer_synch' has 2 instances
  


Note-[SM_PME] Processing Module/Entity
  Processing: rl_simple_fifo Parameterized Name: rl_simple_fifo


Note-[SM_PME] Processing Module/Entity
  Processing: rl_wtree_comp222 Parameterized Name: rl_wtree_comp222


Note-[SM_PME] Processing Module/Entity
  Processing: DWbb_bcm21_0000 Parameterized Name: DWbb_bcm21_0000


Note-[SM_IIF] Instance Info
  Instance Count : module 'DWbb_bcm21_0000' has 1 instances
  


Note-[SM_PME] Processing Module/Entity
  Processing: multi_bit_comparator_0000 Parameterized Name: 
  multi_bit_comparator_0000


Note-[SM_PME] Processing Module/Entity
  Processing: ZebuClockDetectFront_64 Parameterized Name: 
  ZebuClockDetectFront_64


Note-[SM_IIF] Instance Info
  Instance Count : module 'ZebuClockDetectFront_64' has 1 instances
  


Note-[SM_PME] Processing Module/Entity
  Processing: ZebuClockDetectFront_13 Parameterized Name: 
  ZebuClockDetectFront_13


Note-[SM_IIF] Instance Info
  Instance Count : module 'ZebuClockDetectFront_13' has 1 instances
  


Note-[SM_PME] Processing Module/Entity
  Processing: ZebuClockDetectFront_17 Parameterized Name: 
  ZebuClockDetectFront_17


Note-[SM_IIF] Instance Info
  Instance Count : module 'ZebuClockDetectFront_17' has 1 instances
  


Note-[SM_PME] Processing Module/Entity
  Processing: ZebuClockDetectFront_20 Parameterized Name: 
  ZebuClockDetectFront_20


Note-[SM_IIF] Instance Info
  Instance Count : module 'ZebuClockDetectFront_20' has 1 instances
  


Note-[SM_PME] Processing Module/Entity
  Processing: ZebuClockDetectFront_25 Parameterized Name: 
  ZebuClockDetectFront_25


Note-[SM_IIF] Instance Info
  Instance Count : module 'ZebuClockDetectFront_25' has 1 instances
  


Note-[SM_PME] Processing Module/Entity
  Processing: ZebuClockDetectFront_30 Parameterized Name: 
  ZebuClockDetectFront_30


Note-[SM_IIF] Instance Info
  Instance Count : module 'ZebuClockDetectFront_30' has 1 instances
  


Note-[SM_PME] Processing Module/Entity
  Processing: ZebuClockDetectFront_36 Parameterized Name: 
  ZebuClockDetectFront_36


Note-[SM_IIF] Instance Info
  Instance Count : module 'ZebuClockDetectFront_36' has 1 instances
  


Note-[SM_PME] Processing Module/Entity
  Processing: ZebuClockDetectFront_41 Parameterized Name: 
  ZebuClockDetectFront_41


Note-[SM_IIF] Instance Info
  Instance Count : module 'ZebuClockDetectFront_41' has 1 instances
  


Note-[SM_PME] Processing Module/Entity
  Processing: ZebuClockDetectFront_53 Parameterized Name: 
  ZebuClockDetectFront_53


Note-[SM_IIF] Instance Info
  Instance Count : module 'ZebuClockDetectFront_53' has 1 instances
  


Note-[SM_PME] Processing Module/Entity
  Processing: ZebuClockDetectFront_45 Parameterized Name: 
  ZebuClockDetectFront_45


Note-[SM_IIF] Instance Info
  Instance Count : module 'ZebuClockDetectFront_45' has 1 instances
  


Note-[SM_PME] Processing Module/Entity
  Processing: ZebuClockDetectFront_4 Parameterized Name: 
  ZebuClockDetectFront_4


Note-[SM_IIF] Instance Info
  Instance Count : module 'ZebuClockDetectFront_4' has 1 instances
  


Note-[SM_PME] Processing Module/Entity
  Processing: zebu_bb_sample_clk_uncond_sample_4_1 Parameterized Name: 
  zebu_bb_sample_clk_uncond_sample_4_1


Note-[SM_PME] Processing Module/Entity
  Processing: odd_pty_qual_dec_wrap_0000_0001 Parameterized Name: 
  odd_pty_qual_dec_wrap_0000_0001


Note-[SM_IIF] Instance Info
  Instance Count : module 'odd_pty_qual_dec_wrap_0000_0001' has 1 instances
  


Note-[SM_PME] Processing Module/Entity
  Processing: odd_pty_dec_0000 Parameterized Name: odd_pty_dec_0000


Note-[SM_PME] Processing Module/Entity
  Processing: dm_clock_gate Parameterized Name: dm_clock_gate


Note-[SM_PME] Processing Module/Entity
  Processing: zebu_bb_sample_clk_uncond_sample_2_1 Parameterized Name: 
  zebu_bb_sample_clk_uncond_sample_2_1


Note-[SM_PME] Processing Module/Entity
  Processing: zceiMessageInPort_2 Parameterized Name: zceiMessageInPort_2


Note-[SM_PME] Processing Module/Entity
  Processing: zceiMessageOutPort_1 Parameterized Name: zceiMessageOutPort_1


Note-[SM_PME] Processing Module/Entity
  Processing: zebu_bb_mcp_fake_edge_detector Parameterized Name: 
  zebu_bb_mcp_fake_edge_detector


Note-[SM_CHLDRUN_DONE] Child process run completed
  Child process number '6' with process id '2250055'
  is done with synthesis of total '81' modules
  SIMON Child CPU Time        : 1.78 sec
  SIMON Child Wall-Clock Time : 1.80 sec
  SIMON Child Current Memory  : 862 MB
  SIMON Child Peak Memory     : 862 MB
  SIMON Distribution          : 0.74,0.11,0.10,0.00 sec
  End time                    : Tue May 13 18:28:49 2025
  .


Note-[SM_POME] Processing Module/Entity
  Performing post-processing optimizations on Module/Entity: 
  alb_mss_fab_fifo_0001_0000


Note-[SM_POME] Processing Module/Entity
  Performing post-processing optimizations on Module/Entity: 
  alb_mss_fab_fifo_0001_0004


Note-[SM_POME] Processing Module/Entity
  Performing post-processing optimizations on Module/Entity: 
  alb_mss_fab_ibp_buffer_0000


Note-[SM_POME] Processing Module/Entity
  Performing post-processing optimizations on Module/Entity: 
  alb_mss_fab_fifo_0001_0006


Note-[SM_POME] Processing Module/Entity
  Performing post-processing optimizations on Module/Entity: 
  alb_mss_fab_pack2ibp_0000


Note-[SM_POME] Processing Module/Entity
  Performing post-processing optimizations on Module/Entity: 
  mss_bus_switch_fifo_0000_0001


Note-[SM_POME] Processing Module/Entity
  Performing post-processing optimizations on Module/Entity: 
  mss_bus_switch_ibp_cwbind_0000


Note-[SM_POME] Processing Module/Entity
  Performing post-processing optimizations on Module/Entity: 
  mss_bus_switch_ibp_cwbind_0000_0000


Note-[SM_POME] Processing Module/Entity
  Performing post-processing optimizations on Module/Entity: 
  mss_bus_switch_ibp2ibps


Note-[SM_POME] Processing Module/Entity
  Performing post-processing optimizations on Module/Entity: 
  mss_bus_switch_pack2ibp_0000


Note-[SM_POME] Processing Module/Entity
  Performing post-processing optimizations on Module/Entity: 
  mss_bus_switch_ibpx2ibpy_0002


Note-[SM_POME] Processing Module/Entity
  Performing post-processing optimizations on Module/Entity: 
  mss_bus_switch_default_slv_0000


Note-[SM_POME] Processing Module/Entity
  Performing post-processing optimizations on Module/Entity: 
  alb_mss_fab_fifo_0000_000D


Note-[SM_POME] Processing Module/Entity
  Performing post-processing optimizations on Module/Entity: 
  alb_mss_fab_ibp_buffer_0000_0006


Note-[SM_POME] Processing Module/Entity
  Performing post-processing optimizations on Module/Entity: 
  alb_mss_fab_ibp_buffer_0000_0008


Note-[SM_POME] Processing Module/Entity
  Performing post-processing optimizations on Module/Entity: 
  alb_mss_fab_fifo_0005


Note-[SM_POME] Processing Module/Entity
  Performing post-processing optimizations on Module/Entity: 
  alb_mss_fab_single2ahbl


Note-[SM_POME] Processing Module/Entity
  Performing post-processing optimizations on Module/Entity: 
  alb_mss_fab_fifo_0009


Note-[SM_POME] Processing Module/Entity
  Performing post-processing optimizations on Module/Entity: 
  alb_mss_clkctrl_clkgen


Note-[SM_POME] Processing Module/Entity
  Performing post-processing optimizations on Module/Entity: 
  alb_mss_mem_ibp_buf


Note-[SM_POME] Processing Module/Entity
  Performing post-processing optimizations on Module/Entity: 
  alb_mss_mem_fifo_0002


Note-[SM_POME] Processing Module/Entity
  Performing post-processing optimizations on Module/Entity: 
  alb_mss_mem_ibp_bypbuf_0000


Note-[SM_POME] Processing Module/Entity
  Performing post-processing optimizations on Module/Entity: alb_mss_mem


Note-[SM_POME] Processing Module/Entity
  Performing post-processing optimizations on Module/Entity: 
  ZebuClockDetectFront_42


Note-[SM_POME] Processing Module/Entity
  Performing post-processing optimizations on Module/Entity: 
  ZebuClockDetectFront_41


Note-[SM_POME] Processing Module/Entity
  Performing post-processing optimizations on Module/Entity: 
  ZebuClockDetectFront_52


Note-[SM_POME] Processing Module/Entity
  <Message details suppressed due to encrypted design unit>


Note-[SM_POME] Processing Module/Entity
  Performing post-processing optimizations on Module/Entity: 
  ZebuClockDetectFront_15


Note-[SM_POME] Processing Module/Entity
  Performing post-processing optimizations on Module/Entity: 
  ZebuClockDetectFront_23


Note-[SM_POME] Processing Module/Entity
  Performing post-processing optimizations on Module/Entity: 
  ZebuClockDetectFront_31


Note-[SM_POME] Processing Module/Entity
  Performing post-processing optimizations on Module/Entity: dm_clock_gate


Note-[SM_POME] Processing Module/Entity
  Performing post-processing optimizations on Module/Entity: DWbb_bcm99


Note-[SM_POME] Processing Module/Entity
  Performing post-processing optimizations on Module/Entity: dwt_reset_ctrl


Note-[SM_POME] Processing Module/Entity
  Performing post-processing optimizations on Module/Entity: bvci_to_axi


Note-[SM_POME] Processing Module/Entity
  Performing post-processing optimizations on Module/Entity: arcv_timer_synch


Note-[SM_POME] Processing Module/Entity
  Performing post-processing optimizations on Module/Entity: 
  ls_compare_unit_0003


Note-[SM_POME] Processing Module/Entity
  Performing post-processing optimizations on Module/Entity: 
  ls_multi_bit_comparator_0004


Note-[SM_POME] Processing Module/Entity
  Performing post-processing optimizations on Module/Entity: simple_parity


Note-[SM_POME] Processing Module/Entity
  Performing post-processing optimizations on Module/Entity: 
  ZebuClockDetectFront_0


Note-[SM_POME] Processing Module/Entity
  Performing post-processing optimizations on Module/Entity: 
  ZebuClockDetectFront_7


Note-[SM_POME] Processing Module/Entity
  Performing post-processing optimizations on Module/Entity: rl_ifu_iccm


Note-[SM_POME] Processing Module/Entity
  Performing post-processing optimizations on Module/Entity: rl_ifu


Note-[SM_POME] Processing Module/Entity
  Performing post-processing optimizations on Module/Entity: rl_maskgen


Note-[SM_POME] Processing Module/Entity
  Performing post-processing optimizations on Module/Entity: rl_alu_data_path


Note-[SM_POME] Processing Module/Entity
  Performing post-processing optimizations on Module/Entity: rl_wtree_comp222


Note-[SM_POME] Processing Module/Entity
  Performing post-processing optimizations on Module/Entity: rl_wtree_32x4


Note-[SM_POME] Processing Module/Entity
  Performing post-processing optimizations on Module/Entity: rl_complete


Note-[SM_POME] Processing Module/Entity
  Performing post-processing optimizations on Module/Entity: 
  rl_dmp_dccm_ibp_wrapper


Note-[SM_POME] Processing Module/Entity
  Performing post-processing optimizations on Module/Entity: rl_triggers_iso


Note-[SM_POME] Processing Module/Entity
  Performing post-processing optimizations on Module/Entity: odd_pty_enc_0000


Note-[SM_POME] Processing Module/Entity
  Performing post-processing optimizations on Module/Entity: 
  odd_pty_dec_wrap_0000


Note-[SM_POME] Processing Module/Entity
  Performing post-processing optimizations on Module/Entity: 
  odd_pty_qual_dec_wrap_0000_0001


Note-[SM_POME] Processing Module/Entity
  Performing post-processing optimizations on Module/Entity: 
  rl_parity_gen_0000_0000


Note-[SM_POME] Processing Module/Entity
  Performing post-processing optimizations on Module/Entity: rl_per_ibp2ahb


Note-[SM_POME] Processing Module/Entity
  Performing post-processing optimizations on Module/Entity: rl_mmio_ahb2ibp


Note-[SM_POME] Processing Module/Entity
  Performing post-processing optimizations on Module/Entity: arcv_timer


Note-[SM_POME] Processing Module/Entity
  Performing post-processing optimizations on Module/Entity: rl_cpu_top


Note-[SM_POME] Processing Module/Entity
  Performing post-processing optimizations on Module/Entity: 
  ls_sfty_mnt_diag_ctrl_0000


Note-[SM_POME] Processing Module/Entity
  Performing post-processing optimizations on Module/Entity: 
  fpga_sram_0002_0000


Note-[SM_MEM_INFO] Module has inferred memories
/remote/us01sgnfs00727/arc_fpga/moyanz/Ratter3/template/dw_dbp/zebu_ifx_mini_rattle_6649a592_20250509/build/verilog/RTL/fpga_sram.v, 45
  Inferred memory statistics for module 'fpga_sram_0002_0000' (Instances: 2)
  ------------------------------------------------------------------------------
  |Name |Size |TotalPorts |ReadPorts |WritePorts |Reset |Initial |
  ------------------------------------------------------------------------------
  | mem_r | 5242880(131072x40) |TP:2 |RP:1(A:1,S:0) |WP:1(A:0,S:1) |R:None 
  |I:No |
  ------------------------------------------------------------------------------


Note-[SM_POME] Processing Module/Entity
  Performing post-processing optimizations on Module/Entity: 
  ZebuClockDetectFront_61


Note-[SM_POME] Processing Module/Entity
  Performing post-processing optimizations on Module/Entity: zebu_time_capture


Note-[SM_CHLDRUN_DONE] Child process run completed
  Child process number '6' with process id '2250084'
  is done with post-processing optimizations of total '61' modules
  SIMON Child CPU Time        : 0.27 sec
  SIMON Child Wall-Clock Time : 1.44 sec
  SIMON Child Current Memory  : 880 MB
  SIMON Child Peak Memory     : 880 MB
  SIMON Distribution          : 0.00,0.00,0.00,0.02 sec
  End time                    : Tue May 13 18:28:52 2025
  .

