################################################################################
# Fanout Report for memory: zz_Encrypt_8_ZMEM_0
################################################################################


#  GENERAL STATISTICS:  ########################################################
# Number of Wires driving pure clock fanout:                                   3
# Number of Wires driving pure data  fanout:                                 554
# Number of Wires driving both clock and data fanout:                          0
# Number of Wires without any load:                                           86

###########################################################  FANOUT HISTOGRAM:  
# Number of wires whose fanout is in [     1,       1] :                  512
# Number of wires whose fanout is in [     2,       3] :                   27
# Number of wires whose fanout is in [     4,       7] :                    5
# Number of wires whose fanout is in [     8,      15] :                    3
# Number of wires whose fanout is in [    16,      31] :                    2
# Number of wires whose fanout is in [    32,      63] :                    4
# Number of wires whose fanout is in [    64,     127] :                    3
# Number of wires whose fanout is in [   128,     255] :                    1
# Number of wires whose fanout is in [   256,     511] :                    0
# Number of wires whose fanout is in [   512,    1023] :                    0
# Number of wires whose fanout is in [  1024,    2047] :                    0
# Number of wires whose fanout is in [  2048,    4095] :                    0
# Number of wires whose fanout is in [  4096,    8191] :                    0
# Number of wires whose fanout is in [  8192,   16383] :                    0
# Number of wires whose fanout is in [ 16384,   32767] :                    0
# Number of wires whose fanout is in [ 32768,   65535] :                    0
# Number of wires whose fanout is in [ 65536,  131071] :                    0
# Number of wires whose fanout is in [131072,  262143] :                    0
# Number of wires whose fanout is in [262144,  524287] :                    0
# Number of wires whose fanout is in [524288, 1048575] :                    0

##########################################################  FANOUT TOP SCORES:  
# Displaying all the wires whose fanout is greater than 128.
#     140  #  zz_Encrypt_8_ZMEM_0.zz_Encrypt_8_ZMEM_0_add_gnd  #

